IQ-TREE version 3.0.1 for Linux x86 64-bit built May  5 2025
Developed by Bui Quang Minh, Thomas Wong, Nhan Ly-Trong, Huaiyan Ren
Contributed by Lam-Tung Nguyen, Dominik Schrempf, Chris Bielow,
Olga Chernomor, Michael Woodhams, Diep Thi Hoang, Heiko Schmidt

Host:    lnx820.umnh.utah.edu (AVX2, FMA3, 865 GB RAM)
Command: /home/bdentinger/iqtree-3.0.1-Linux/bin/iqtree3_intel -s data/packages/ITS/Villoboletus/aln.masked.fasta -m MFP -bb 1000 -nt AUTO -pre data/packages/ITS/Villoboletus/ref
Seed:    1228 (Using SPRNG - Scalable Parallel Random Number Generator)
Time:    Mon Aug 18 18:28:02 2025
Kernel:  AVX+FMA - auto-detect threads (72 CPU cores detected)

Reading alignment file data/packages/ITS/Villoboletus/aln.masked.fasta ... Fasta format detected
Reading fasta file: done in 0.000159981 secs using 81.88% CPU
Alignment most likely contains DNA/RNA sequences
Constructing alignment: done in 0.000907511 secs using 99.83% CPU
Alignment has 4 sequences with 729 columns, 4 distinct patterns
0 parsimony-informative, 0 singleton sites, 729 constant sites
                Gap/Ambiguity  Composition  p-value
Analyzing sequences: done in 1.34967e-05 secs using 88.91% CPU
   1  Villoboletus_1    0.00%    passed    100.00%
   2  Villoboletus_2    0.00%    passed    100.00%
   3  Villoboletus_3    0.00%    passed    100.00%
   4  Villoboletus_4    0.00%    passed    100.00%
****  TOTAL             0.00%  0 sequences failed composition chi2 test (p-value<5%; df=3)
NOTE: Villoboletus_2 is identical to Villoboletus_1 but kept for subsequent analysis
NOTE: Villoboletus_4 is identical to Villoboletus_1 but kept for subsequent analysis
Checking for duplicate sequences: done in 4.33791e-05 secs using 99.13% CPU
WARNING: Your alignment contains too many identical sequences!
Identifying sites to remove: done in 0.000186287 secs using 99.31% CPU
NOTE: 1 identical sequences (see below) will be ignored for subsequent analysis
NOTE: Villoboletus_3 (identical to Villoboletus_1) is ignored but added at the end
Alignment was printed to data/packages/ITS/Villoboletus/ref.uniqueseq.phy

For your convenience alignment with unique sequences printed to data/packages/ITS/Villoboletus/ref.uniqueseq.phy

NOTE: Restoring information from model checkpoint file data/packages/ITS/Villoboletus/ref.model.gz

CHECKPOINT: Initial tree restored
Measuring multi-threading efficiency up to 72 CPU cores
Increase to 10 rounds for branch lengths
2250152 trees examined
Threads: 1 / Time: 72.000 sec / Speedup: 1.000 / Efficiency: 100% / LogL: -1004
WARNING: 2 threads for alignment length 4 will slow down analysis
Threads: 2 / Time: 38.328 sec / Speedup: 1.879 / Efficiency: 94% / LogL: -1004
WARNING: 3 threads for alignment length 4 will slow down analysis
Threads: 3 / Time: 37.809 sec / Speedup: 1.904 / Efficiency: 63% / LogL: -1004
WARNING: 4 threads for alignment length 4 will slow down analysis
Threads: 4 / Time: 38.186 sec / Speedup: 1.886 / Efficiency: 47% / LogL: -1004
Determining AUTO threadcount: done in 186.323 secs using 91.04% CPU
BEST NUMBER OF THREADS: 2

WARNING: 2 threads for alignment length 4 will slow down analysis
Perform fast likelihood tree search using GTR model...
CHECKPOINT: Tree restored, LogL: -1004.371
NOTE: ModelFinder requires 0 MB RAM!
ModelFinder will test up to 44 DNA models (sample size: 729 epsilon: 0.100) ...
 No. Model         -LnL         df  AIC          AICc         BIC
WARNING: 2 threads for alignment length 4 will slow down analysis
  1  JC            1010.611     3   2027.222     2027.255     2040.997
WARNING: 2 threads for alignment length 4 will slow down analysis
  2  JC            1010.611     3   2027.222     2027.255     2040.997
WARNING: 2 threads for alignment length 4 will slow down analysis
  3  F81           1010.611     3   2027.222     2027.255     2040.997
WARNING: 2 threads for alignment length 4 will slow down analysis
  4  F81+F         1004.371     6   2020.741     2020.858     2048.291
WARNING: 2 threads for alignment length 4 will slow down analysis
  5  K2P           1010.611     4   2029.222     2029.277     2047.588
WARNING: 2 threads for alignment length 4 will slow down analysis
  6  K2P           1010.611     4   2029.222     2029.277     2047.588
WARNING: 2 threads for alignment length 4 will slow down analysis
  7  HKY           1010.611     4   2029.222     2029.277     2047.588
WARNING: 2 threads for alignment length 4 will slow down analysis
  8  HKY+F         1004.371     7   2022.741     2022.897     2054.883
WARNING: 2 threads for alignment length 4 will slow down analysis
  9  TNe           1010.611     5   2031.222     2031.305     2054.180
WARNING: 2 threads for alignment length 4 will slow down analysis
 10  TNe           1010.611     5   2031.222     2031.305     2054.180
WARNING: 2 threads for alignment length 4 will slow down analysis
 11  TN            1010.611     5   2031.222     2031.305     2054.180
WARNING: 2 threads for alignment length 4 will slow down analysis
 12  TN+F          1004.371     8   2024.741     2024.941     2061.475
WARNING: 2 threads for alignment length 4 will slow down analysis
 13  K3P           1010.611     5   2031.222     2031.305     2054.180
WARNING: 2 threads for alignment length 4 will slow down analysis
 14  K3P           1010.611     5   2031.222     2031.305     2054.180
WARNING: 2 threads for alignment length 4 will slow down analysis
 15  K3Pu          1010.611     5   2031.222     2031.305     2054.180
WARNING: 2 threads for alignment length 4 will slow down analysis
 16  K3Pu+F        1004.371     8   2024.741     2024.941     2061.475
WARNING: 2 threads for alignment length 4 will slow down analysis
 17  TPM2          1010.611     5   2031.222     2031.305     2054.180
WARNING: 2 threads for alignment length 4 will slow down analysis
 18  TPM2          1010.611     5   2031.222     2031.305     2054.180
WARNING: 2 threads for alignment length 4 will slow down analysis
 19  TPM2u         1010.611     5   2031.222     2031.305     2054.180
WARNING: 2 threads for alignment length 4 will slow down analysis
 20  TPM2u+F       1004.371     8   2024.741     2024.941     2061.475
WARNING: 2 threads for alignment length 4 will slow down analysis
 21  TPM3          1010.611     5   2031.222     2031.305     2054.180
WARNING: 2 threads for alignment length 4 will slow down analysis
 22  TPM3          1010.611     5   2031.222     2031.305     2054.180
WARNING: 2 threads for alignment length 4 will slow down analysis
 23  TPM3u         1010.611     5   2031.222     2031.305     2054.180
WARNING: 2 threads for alignment length 4 will slow down analysis
 24  TPM3u+F       1004.371     8   2024.741     2024.941     2061.475
WARNING: 2 threads for alignment length 4 will slow down analysis
 25  TIMe          1010.611     6   2033.222     2033.338     2060.772
WARNING: 2 threads for alignment length 4 will slow down analysis
 26  TIMe          1010.611     6   2033.222     2033.338     2060.772
WARNING: 2 threads for alignment length 4 will slow down analysis
 27  TIM           1010.611     6   2033.222     2033.338     2060.772
WARNING: 2 threads for alignment length 4 will slow down analysis
 28  TIM+F         1004.371     9   2026.741     2026.992     2068.066
WARNING: 2 threads for alignment length 4 will slow down analysis
 29  TIM2e         1010.611     6   2033.222     2033.338     2060.772
WARNING: 2 threads for alignment length 4 will slow down analysis
 30  TIM2e         1010.611     6   2033.222     2033.338     2060.772
WARNING: 2 threads for alignment length 4 will slow down analysis
 31  TIM2          1010.611     6   2033.222     2033.338     2060.772
WARNING: 2 threads for alignment length 4 will slow down analysis
 32  TIM2+F        1004.371     9   2026.741     2026.992     2068.066
WARNING: 2 threads for alignment length 4 will slow down analysis
 33  TIM3e         1010.611     6   2033.222     2033.338     2060.772
WARNING: 2 threads for alignment length 4 will slow down analysis
 34  TIM3e         1010.611     6   2033.222     2033.338     2060.772
WARNING: 2 threads for alignment length 4 will slow down analysis
 35  TIM3          1010.611     6   2033.222     2033.338     2060.772
WARNING: 2 threads for alignment length 4 will slow down analysis
 36  TIM3+F        1004.371     9   2026.741     2026.992     2068.066
WARNING: 2 threads for alignment length 4 will slow down analysis
 37  TVMe          1010.611     7   2035.222     2035.377     2067.363
WARNING: 2 threads for alignment length 4 will slow down analysis
 38  TVMe          1010.611     7   2035.222     2035.377     2067.363
WARNING: 2 threads for alignment length 4 will slow down analysis
 39  TVM           1010.611     7   2035.222     2035.377     2067.363
WARNING: 2 threads for alignment length 4 will slow down analysis
 40  TVM+F         1004.371     10  2028.741     2029.048     2074.658
WARNING: 2 threads for alignment length 4 will slow down analysis
 41  SYM           1010.611     8   2037.222     2037.422     2073.955
WARNING: 2 threads for alignment length 4 will slow down analysis
 42  SYM           1010.611     8   2037.222     2037.422     2073.955
WARNING: 2 threads for alignment length 4 will slow down analysis
 43  GTR           1010.611     8   2037.222     2037.422     2073.955
WARNING: 2 threads for alignment length 4 will slow down analysis
 44  GTR+F         1004.371     11  2030.741     2031.110     2081.250
Akaike Information Criterion:           F81+F
Corrected Akaike Information Criterion: F81+F
Bayesian Information Criterion:         JC
Best-fit model: JC chosen according to BIC

All model information printed to data/packages/ITS/Villoboletus/ref.model.gz
CPU time for ModelFinder: 169.696 seconds (0h:2m:49s)
Wall-clock time for ModelFinder: 186.402 seconds (0h:3m:6s)
Generating 1000 samples for ultrafast bootstrap (seed: 1228)...
WARNING: 2 threads for alignment length 4 will slow down analysis
ERROR: It makes no sense to perform bootstrap with less than 4 sequences.
