IQ-TREE version 3.0.1 for Linux x86 64-bit built May  5 2025
Developed by Bui Quang Minh, Thomas Wong, Nhan Ly-Trong, Huaiyan Ren
Contributed by Lam-Tung Nguyen, Dominik Schrempf, Chris Bielow,
Olga Chernomor, Michael Woodhams, Diep Thi Hoang, Heiko Schmidt

Host:    lnx820.umnh.utah.edu (AVX2, FMA3, 865 GB RAM)
Command: /home/bdentinger/iqtree-3.0.1-Linux/bin/iqtree3_intel -s data/packages/ITS/Pulveroboletus/aln.masked.fasta -m MFP -bb 1000 -nt AUTO -pre data/packages/ITS/Pulveroboletus/ref
Seed:    725275 (Using SPRNG - Scalable Parallel Random Number Generator)
Time:    Mon Aug 18 18:29:19 2025
Kernel:  AVX+FMA - auto-detect threads (72 CPU cores detected)

Reading alignment file data/packages/ITS/Pulveroboletus/aln.masked.fasta ... Fasta format detected
Reading fasta file: done in 0.0010126 secs using 61.33% CPU
Alignment most likely contains DNA/RNA sequences
Constructing alignment: done in 0.00101248 secs using 99.95% CPU
Alignment has 113 sequences with 513 columns, 393 distinct patterns
290 parsimony-informative, 70 singleton sites, 153 constant sites
                    Gap/Ambiguity  Composition  p-value
Analyzing sequences: done in 0.000148425 secs using 49.18% CPU
   1  Pulveroboletus_001    4.48%    passed     37.28%
   2  Pulveroboletus_002    1.95%    passed     91.42%
   3  Pulveroboletus_003    0.19%    passed     92.51%
   4  Pulveroboletus_004    2.73%    passed     25.49%
   5  Pulveroboletus_005    4.48%    passed     37.28%
   6  Pulveroboletus_006    7.99%    passed     88.27%
   7  Pulveroboletus_007    0.39%    passed     92.30%
   8  Pulveroboletus_008    8.19%    passed     90.52%
   9  Pulveroboletus_009    0.39%    passed     89.24%
  10  Pulveroboletus_010    0.39%    passed     92.30%
  11  Pulveroboletus_011    4.48%    passed     95.89%
  12  Pulveroboletus_012    5.07%    passed     97.16%
  13  Pulveroboletus_013    0.39%    passed     92.30%
  14  Pulveroboletus_014    3.90%    passed     67.20%
  15  Pulveroboletus_015    4.48%    passed     37.28%
  16  Pulveroboletus_016    4.68%    passed     41.35%
  17  Pulveroboletus_017    0.39%    passed     94.05%
  18  Pulveroboletus_018    0.19%    passed     86.93%
  19  Pulveroboletus_019    3.90%    passed     95.31%
  20  Pulveroboletus_020    1.36%    passed     89.10%
  21  Pulveroboletus_021    3.90%    passed     95.31%
  22  Pulveroboletus_022    0.78%    passed     89.64%
  23  Pulveroboletus_023    4.48%    passed     37.28%
  24  Pulveroboletus_024    5.65%    passed     96.25%
  25  Pulveroboletus_025    6.63%    passed     20.06%
  26  Pulveroboletus_026    6.04%    passed     20.62%
  27  Pulveroboletus_027    6.24%    passed     15.74%
  28  Pulveroboletus_028    5.85%    passed     11.27%
  29  Pulveroboletus_029    6.24%    passed     18.72%
  30  Pulveroboletus_030    6.43%    passed     35.55%
  31  Pulveroboletus_031    0.39%    passed     86.60%
  32  Pulveroboletus_032    4.48%    passed     37.28%
  33  Pulveroboletus_033    4.48%    passed     37.28%
  34  Pulveroboletus_034    7.21%    passed     31.62%
  35  Pulveroboletus_035    6.82%    passed     33.97%
  36  Pulveroboletus_036    0.19%    passed     87.28%
  37  Pulveroboletus_037    0.19%    passed     87.28%
  38  Pulveroboletus_038    0.19%    passed     86.93%
  39  Pulveroboletus_039    0.19%    passed     97.58%
  40  Pulveroboletus_040   31.97%    passed     97.40%
  41  Pulveroboletus_041    0.00%    passed     96.78%
  42  Pulveroboletus_042    2.14%    passed     91.64%
  43  Pulveroboletus_043   13.45%    passed     80.10%
  44  Pulveroboletus_044    4.48%    passed     57.28%
  45  Pulveroboletus_045   15.01%    passed     58.76%
  46  Pulveroboletus_046    4.48%    passed     24.81%
  47  Pulveroboletus_047    4.09%    passed     85.54%
  48  Pulveroboletus_048    0.19%    passed     97.01%
  49  Pulveroboletus_049    5.26%    passed     61.59%
  50  Pulveroboletus_050    1.56%    passed     98.42%
  51  Pulveroboletus_051    0.58%    passed     85.85%
  52  Pulveroboletus_052    3.31%    passed     76.73%
  53  Pulveroboletus_053    2.92%    passed     82.05%
  54  Pulveroboletus_054    2.92%    passed     82.05%
  55  Pulveroboletus_055    2.92%    passed     84.77%
  56  Pulveroboletus_056    9.55%    passed     22.60%
  57  Pulveroboletus_057    1.56%    passed     93.74%
  58  Pulveroboletus_058   32.55%    passed     93.16%
  59  Pulveroboletus_059    0.19%    passed     87.28%
  60  Pulveroboletus_060    1.56%    passed     94.68%
  61  Pulveroboletus_061    0.19%    passed     98.41%
  62  Pulveroboletus_062    0.19%    passed     87.28%
  63  Pulveroboletus_063    6.24%    passed     12.39%
  64  Pulveroboletus_064    1.56%    passed     94.68%
  65  Pulveroboletus_065    1.95%    passed     89.03%
  66  Pulveroboletus_066    0.00%    passed     89.45%
  67  Pulveroboletus_067    7.99%    passed     96.00%
  68  Pulveroboletus_068   61.60%    passed     26.60%
  69  Pulveroboletus_069    3.12%    passed     76.18%
  70  Pulveroboletus_070   69.01%    failed      3.83%
  71  Pulveroboletus_071    0.19%    passed     87.28%
  72  Pulveroboletus_072    7.99%    passed     88.27%
  73  Pulveroboletus_073    0.19%    passed     86.93%
  74  Pulveroboletus_074    1.56%    passed     94.68%
  75  Pulveroboletus_075    1.95%    passed     87.95%
  76  Pulveroboletus_076    1.95%    passed     94.87%
  77  Pulveroboletus_077    7.99%    passed     97.09%
  78  Pulveroboletus_078   30.41%    passed     33.28%
  79  Pulveroboletus_079   25.15%    passed     68.71%
  80  Pulveroboletus_080    1.95%    passed     90.61%
  81  Pulveroboletus_081    1.95%    passed     91.42%
  82  Pulveroboletus_082    0.19%    passed     98.72%
  83  Pulveroboletus_083    0.00%    passed     97.65%
  84  Pulveroboletus_084    0.00%    passed     97.65%
  85  Pulveroboletus_085    0.00%    passed     95.58%
  86  Pulveroboletus_086    7.60%    passed     92.48%
  87  Pulveroboletus_087    1.95%    passed     89.03%
  88  Pulveroboletus_088    1.95%    passed     89.03%
  89  Pulveroboletus_089    7.02%    passed     96.92%
  90  Pulveroboletus_090   10.92%    passed     99.41%
  91  Pulveroboletus_091    6.82%    passed     97.02%
  92  Pulveroboletus_092    6.82%    passed     97.02%
  93  Pulveroboletus_093    4.68%    passed     89.22%
  94  Pulveroboletus_094    9.75%    passed     95.82%
  95  Pulveroboletus_095    9.75%    passed     95.82%
  96  Pulveroboletus_096    9.75%    passed     97.90%
  97  Pulveroboletus_097    9.75%    passed     98.86%
  98  Pulveroboletus_098    9.75%    passed     88.96%
  99  Pulveroboletus_099    0.00%    passed     89.45%
 100  Pulveroboletus_100    0.00%    passed     89.45%
 101  Pulveroboletus_101    0.19%    passed     97.01%
 102  Pulveroboletus_102    8.97%    passed     96.57%
 103  Pulveroboletus_103    4.87%    passed     92.49%
 104  Pulveroboletus_104    5.26%    passed     95.81%
 105  Pulveroboletus_105    5.65%    passed     95.14%
 106  Pulveroboletus_106    0.19%    passed     96.99%
 107  Pulveroboletus_107   41.52%    passed     58.08%
 108  Pulveroboletus_108   21.64%    passed     28.81%
 109  Pulveroboletus_109    3.90%    passed     85.74%
 110  Pulveroboletus_110   38.40%    passed      6.37%
 111  Pulveroboletus_111   38.60%    passed     42.78%
 112  Pulveroboletus_112   42.11%    passed     27.26%
 113  Pulveroboletus_113   38.40%    passed     37.85%
WARNING: 2 sequences contain more than 50% gaps/ambiguity
****  TOTAL                 7.58%  1 sequences failed composition chi2 test (p-value<5%; df=3)
NOTE: Pulveroboletus_005 is identical to Pulveroboletus_001 but kept for subsequent analysis
NOTE: Pulveroboletus_081 is identical to Pulveroboletus_002 but kept for subsequent analysis
NOTE: Pulveroboletus_072 is identical to Pulveroboletus_006 but kept for subsequent analysis
NOTE: Pulveroboletus_010 is identical to Pulveroboletus_007 but kept for subsequent analysis
NOTE: Pulveroboletus_038 is identical to Pulveroboletus_018 but kept for subsequent analysis
NOTE: Pulveroboletus_021 is identical to Pulveroboletus_019 but kept for subsequent analysis
NOTE: Pulveroboletus_037 is identical to Pulveroboletus_036 but kept for subsequent analysis
NOTE: Pulveroboletus_101 is identical to Pulveroboletus_048 but kept for subsequent analysis
NOTE: Pulveroboletus_054 is identical to Pulveroboletus_053 but kept for subsequent analysis
NOTE: Pulveroboletus_074 is identical to Pulveroboletus_064 but kept for subsequent analysis
NOTE: Pulveroboletus_087 is identical to Pulveroboletus_065 but kept for subsequent analysis
NOTE: Pulveroboletus_099 is identical to Pulveroboletus_066 but kept for subsequent analysis
NOTE: Pulveroboletus_084 is identical to Pulveroboletus_083 but kept for subsequent analysis
NOTE: Pulveroboletus_092 is identical to Pulveroboletus_091 but kept for subsequent analysis
NOTE: Pulveroboletus_095 is identical to Pulveroboletus_094 but kept for subsequent analysis
Checking for duplicate sequences: done in 0.00058323 secs using 96.02% CPU
Identifying sites to remove: done in 0.000725273 secs using 99.82% CPU
NOTE: 11 identical sequences (see below) will be ignored for subsequent analysis
NOTE: Pulveroboletus_015 (identical to Pulveroboletus_001) is ignored but added at the end
NOTE: Pulveroboletus_023 (identical to Pulveroboletus_001) is ignored but added at the end
NOTE: Pulveroboletus_032 (identical to Pulveroboletus_001) is ignored but added at the end
NOTE: Pulveroboletus_033 (identical to Pulveroboletus_001) is ignored but added at the end
NOTE: Pulveroboletus_013 (identical to Pulveroboletus_007) is ignored but added at the end
NOTE: Pulveroboletus_073 (identical to Pulveroboletus_018) is ignored but added at the end
NOTE: Pulveroboletus_059 (identical to Pulveroboletus_036) is ignored but added at the end
NOTE: Pulveroboletus_062 (identical to Pulveroboletus_036) is ignored but added at the end
NOTE: Pulveroboletus_071 (identical to Pulveroboletus_036) is ignored but added at the end
NOTE: Pulveroboletus_088 (identical to Pulveroboletus_065) is ignored but added at the end
NOTE: Pulveroboletus_100 (identical to Pulveroboletus_066) is ignored but added at the end
Alignment was printed to data/packages/ITS/Pulveroboletus/ref.uniqueseq.phy

For your convenience alignment with unique sequences printed to data/packages/ITS/Pulveroboletus/ref.uniqueseq.phy


Create initial parsimony tree by phylogenetic likelihood library (PLL)... 0.010 seconds
Measuring multi-threading efficiency up to 72 CPU cores
Increase to 10 rounds for branch lengths
642 trees examined
Threads: 1 / Time: 72.060 sec / Speedup: 1.000 / Efficiency: 100% / LogL: -14860
Threads: 2 / Time: 80.831 sec / Speedup: 0.891 / Efficiency: 45% / LogL: -14860
Determining AUTO threadcount: done in 152.893 secs using 149.8% CPU
BEST NUMBER OF THREADS: 1

Perform fast likelihood tree search using GTR+I+G model...
Estimate model parameters (epsilon = 5.000)
Perform nearest neighbor interchange...
Optimizing NNI: done in 0.252524 secs using 99.88% CPU
Estimate model parameters (epsilon = 1.000)
1. Initial log-likelihood: -6541.605
Optimal log-likelihood: -6541.441
Rate parameters:  A-C: 1.42046  A-G: 2.66127  A-T: 1.44595  C-G: 0.62251  C-T: 5.18424  G-T: 1.00000
Base frequencies:  A: 0.227  C: 0.222  G: 0.238  T: 0.313
Proportion of invariable sites: 0.132
Gamma shape alpha: 0.773
Parameters optimization took 1 rounds (0.093 sec)
Time for fast ML tree search: 0.636 seconds

NOTE: ModelFinder requires 14 MB RAM!
ModelFinder will test up to 968 DNA models (sample size: 513 epsilon: 0.100) ...
 No. Model         -LnL         df  AIC          AICc         BIC
  1  JC            7196.302     201 14794.604    15055.710    15646.899
  2  JC+I          6919.448     202 14242.897    14507.452    15099.433
  3  JC+G4         6781.268     202 13966.537    14231.092    14823.073
  4  JC+I+G4       6779.999     203 13965.997    14234.036    14826.773
  5  JC+R2         6792.430     203 13990.860    14258.899    14851.636
  6  JC+R3         6776.596     205 13963.192    14238.306    14832.449
  7  JC+R4         6776.550     207 13967.099    14249.434    14844.837
 14  JC+I+R2       6784.695     204 13977.389    14248.948    14842.405
 15  JC+I+R3       6778.163     206 13968.326    14247.032    14841.823
 16  JC+I+R4       6777.575     208 13971.151    14257.151    14853.128
 25  JC+G4         6781.268     202 13966.537    14231.092    14823.073
 26  JC+I+G4       6779.999     203 13965.997    14234.036    14826.773
 28  JC+R3         6776.596     205 13963.192    14238.306    14832.449
 47  F81+G4        6781.272     202 13966.544    14231.099    14823.080
 48  F81+I+G4      6780.007     203 13966.015    14234.054    14826.791
 50  F81+R3        6776.421     205 13962.842    14237.956    14832.098
 69  F81+F+G4      6755.419     205 13920.838    14195.952    14790.094
 70  F81+F+I+G4    6753.897     206 13919.793    14198.499    14793.290
 72  F81+F+R3      6750.845     208 13917.691    14203.691    14799.668
 91  K2P+G4        6602.400     203 13610.800    13878.839    14471.576
 92  K2P+I+G4      6601.211     204 13610.422    13881.981    14475.438
 94  K2P+R3        6598.117     206 13608.235    13886.941    14481.732
113  K2P+G4        6602.400     203 13610.800    13878.839    14471.576
114  K2P+I+G4      6601.211     204 13610.422    13881.981    14475.438
116  K2P+R3        6598.117     206 13608.235    13886.941    14481.732
135  HKY+G4        6602.402     203 13610.805    13878.844    14471.581
136  HKY+I+G4      6601.221     204 13610.443    13882.001    14475.459
138  HKY+R3        6598.063     206 13608.125    13886.831    14481.622
157  HKY+F+G4      6573.852     206 13559.705    13838.410    14433.201
158  HKY+F+I+G4    6572.455     207 13558.911    13841.245    14436.648
160  HKY+F+R3      6570.799     209 13559.598    13849.301    14445.815
179  TNe+G4        6574.098     204 13556.196    13827.755    14421.212
180  TNe+I+G4      6573.524     205 13557.047    13832.161    14426.304
182  TNe+R3        6572.538     207 13559.077    13841.411    14436.814
201  TNe+G4        6574.098     204 13556.196    13827.755    14421.212
202  TNe+I+G4      6573.524     205 13557.047    13832.161    14426.304
204  TNe+R3        6572.538     207 13559.077    13841.411    14436.814
223  TN+G4         6574.020     204 13556.039    13827.598    14421.055
224  TN+I+G4       6573.445     205 13556.889    13832.003    14426.146
226  TN+R3         6572.366     207 13558.732    13841.067    14436.469
245  TN+F+G4       6555.319     207 13524.638    13806.972    14402.375
246  TN+F+I+G4     6554.306     208 13524.613    13810.613    14406.590
248  TN+F+R3       6554.202     210 13528.403    13821.847    14418.861
267  K3P+G4        6602.323     204 13612.645    13884.204    14477.662
268  K3P+I+G4      6601.131     205 13612.261    13887.375    14481.518
270  K3P+R3        6597.906     207 13609.811    13892.146    14487.548
289  K3P+G4        6602.323     204 13612.645    13884.204    14477.662
290  K3P+I+G4      6601.131     205 13612.261    13887.375    14481.518
292  K3P+R3        6597.906     207 13609.811    13892.146    14487.548
311  K3Pu+G4       6602.321     204 13612.642    13884.200    14477.658
312  K3Pu+I+G4     6601.139     205 13612.278    13887.392    14481.535
314  K3Pu+R3       6597.877     207 13609.754    13892.088    14487.491
333  K3Pu+F+G4     6573.750     207 13561.499    13843.834    14439.236
334  K3Pu+F+I+G4   6572.370     208 13560.740    13846.740    14442.718
336  K3Pu+F+R3     6570.535     210 13561.070    13854.514    14451.528
355  TPM2+G4       6593.960     204 13595.920    13867.479    14460.937
356  TPM2+I+G4     6592.683     205 13595.366    13870.480    14464.623
358  TPM2+R3       6590.399     207 13594.798    13877.132    14472.535
377  TPM2+G4       6593.960     204 13595.920    13867.479    14460.937
378  TPM2+I+G4     6592.683     205 13595.366    13870.480    14464.623
380  TPM2+R3       6590.399     207 13594.798    13877.132    14472.535
399  TPM2u+G4      6593.961     204 13595.923    13867.481    14460.939
400  TPM2u+I+G4    6592.693     205 13595.386    13870.500    14464.642
402  TPM2u+R3      6590.323     207 13594.646    13876.981    14472.384
421  TPM2u+F+G4    6563.879     207 13541.759    13824.093    14419.496
422  TPM2u+F+I+G4  6562.358     208 13540.715    13826.715    14422.692
424  TPM2u+F+R3    6561.625     210 13543.249    13836.693    14433.707
443  TPM3+G4       6593.802     204 13595.603    13867.162    14460.620
444  TPM3+I+G4     6592.676     205 13595.352    13870.466    14464.609
446  TPM3+R3       6588.720     207 13591.440    13873.774    14469.177
465  TPM3+G4       6593.802     204 13595.603    13867.162    14460.620
466  TPM3+I+G4     6592.676     205 13595.352    13870.466    14464.609
468  TPM3+R3       6588.720     207 13591.440    13873.774    14469.177
487  TPM3u+G4      6593.804     204 13595.607    13867.166    14460.623
488  TPM3u+I+G4    6592.682     205 13595.364    13870.478    14464.621
490  TPM3u+R3      6588.680     207 13591.359    13873.694    14469.096
509  TPM3u+F+G4    6572.510     207 13559.021    13841.355    14436.758
510  TPM3u+F+I+G4  6571.183     208 13558.366    13844.366    14440.344
512  TPM3u+F+R3    6568.967     210 13557.935    13851.378    14448.393
531  TIMe+G4       6574.027     205 13558.054    13833.168    14427.311
532  TIMe+I+G4     6573.435     206 13558.870    13837.576    14432.367
534  TIMe+R3       6572.362     208 13560.724    13846.724    14442.701
553  TIMe+G4       6574.027     205 13558.054    13833.168    14427.311
554  TIMe+I+G4     6573.435     206 13558.870    13837.576    14432.367
556  TIMe+R3       6572.362     208 13560.724    13846.724    14442.701
575  TIM+G4        6573.949     205 13557.898    13833.012    14427.155
576  TIM+I+G4      6573.358     206 13558.716    13837.422    14432.213
578  TIM+R3        6572.199     208 13560.399    13846.399    14442.376
597  TIM+F+G4      6555.242     208 13526.484    13812.484    14408.461
598  TIM+F+I+G4    6554.231     209 13526.462    13816.165    14412.680
600  TIM+F+R3      6554.034     211 13530.068    13827.291    14424.766
619  TIM2e+G4      6565.037     205 13540.074    13815.188    14409.331
620  TIM2e+I+G4    6564.260     206 13540.520    13819.226    14414.017
622  TIM2e+R3      6563.659     208 13543.318    13829.318    14425.295
641  TIM2e+G4      6565.037     205 13540.074    13815.188    14409.331
642  TIM2e+I+G4    6564.260     206 13540.520    13819.226    14414.017
644  TIM2e+R3      6563.659     208 13543.318    13829.318    14425.295
663  TIM2+G4       6565.040     205 13540.081    13815.195    14409.337
664  TIM2+I+G4     6564.261     206 13540.523    13819.229    14414.020
666  TIM2+R3       6563.532     208 13543.063    13829.063    14425.041
685  TIM2+F+G4     6544.957     208 13505.914    13791.914    14387.891
686  TIM2+F+I+G4   6543.732     209 13505.464    13795.167    14391.682
688  TIM2+F+R3     6544.228     211 13510.456    13807.678    14405.154
707  TIM3e+G4      6564.677     205 13539.355    13814.469    14408.611
708  TIM3e+I+G4    6564.255     206 13540.510    13819.216    14414.007
710  TIM3e+R3      6562.591     208 13541.182    13827.182    14423.159
729  TIM3e+G4      6564.677     205 13539.355    13814.469    14408.611
730  TIM3e+I+G4    6564.255     206 13540.510    13819.216    14414.007
732  TIM3e+R3      6562.591     208 13541.182    13827.182    14423.159
751  TIM3+G4       6564.559     205 13539.118    13814.232    14408.374
752  TIM3+I+G4     6564.176     206 13540.351    13819.057    14413.848
754  TIM3+R3       6562.531     208 13541.062    13827.062    14423.040
773  TIM3+F+G4     6554.167     208 13524.335    13810.335    14406.312
774  TIM3+F+I+G4   6553.209     209 13524.418    13814.121    14410.635
776  TIM3+F+R3     6552.751     211 13527.502    13824.725    14422.200
795  TVMe+G4       6584.285     206 13580.569    13859.275    14454.066
796  TVMe+I+G4     6583.045     207 13580.090    13862.424    14457.827
798  TVMe+R3       6580.015     209 13578.031    13867.734    14464.248
817  TVMe+G4       6584.285     206 13580.569    13859.275    14454.066
818  TVMe+I+G4     6583.045     207 13580.090    13862.424    14457.827
820  TVMe+R3       6580.015     209 13578.031    13867.734    14464.248
839  TVM+G4        6584.285     206 13580.570    13859.276    14454.067
840  TVM+I+G4      6583.046     207 13580.092    13862.427    14457.830
842  TVM+R3        6579.916     209 13577.832    13867.535    14464.049
861  TVM+F+G4      6561.353     209 13540.706    13830.409    14426.924
862  TVM+F+I+G4    6559.857     210 13539.715    13833.159    14430.173
864  TVM+F+R3      6558.674     212 13541.349    13842.389    14440.287
883  SYM+G4        6554.653     207 13523.307    13805.641    14401.044
884  SYM+I+G4      6554.000     208 13524.000    13810.000    14405.978
886  SYM+R3        6552.618     210 13525.237    13818.680    14415.694
905  SYM+G4        6554.653     207 13523.307    13805.641    14401.044
906  SYM+I+G4      6554.000     208 13524.000    13810.000    14405.978
908  SYM+R3        6552.618     210 13525.237    13818.680    14415.694
927  GTR+G4        6554.657     207 13523.314    13805.649    14401.051
928  GTR+I+G4      6554.004     208 13524.008    13810.008    14405.985
930  GTR+R3        6552.573     210 13525.145    13818.589    14415.603
949  GTR+F+G4      6542.749     210 13505.499    13798.942    14395.957
950  GTR+F+I+G4    6541.539     211 13505.078    13802.300    14399.776
952  GTR+F+R3      6541.619     213 13509.237    13814.134    14412.416
Akaike Information Criterion:           GTR+F+I+G4
Corrected Akaike Information Criterion: TIM2+F+G4
Bayesian Information Criterion:         TIM2+F+G4
Best-fit model: TIM2+F+G4 chosen according to BIC

All model information printed to data/packages/ITS/Pulveroboletus/ref.model.gz
CPU time for ModelFinder: 247.417 seconds (0h:4m:7s)
Wall-clock time for ModelFinder: 171.397 seconds (0h:2m:51s)
Generating 1000 samples for ultrafast bootstrap (seed: 725275)...

NOTE: 6 MB RAM (0 GB) is required!
Estimate model parameters (epsilon = 0.100)
1. Initial log-likelihood: -6545.453
2. Current log-likelihood: -6545.013
Optimal log-likelihood: -6544.972
Rate parameters:  A-C: 1.69260  A-G: 3.15185  A-T: 1.69260  C-G: 1.00000  C-T: 6.19641  G-T: 1.00000
Base frequencies:  A: 0.227  C: 0.222  G: 0.238  T: 0.313
Gamma shape alpha: 0.529
Parameters optimization took 2 rounds (0.088 sec)
Wrote distance file to... 
Computing ML distances based on estimated model parameters...
Calculating distance matrix: done in 0.0441175 secs using 99.89% CPU
Computing ML distances took 0.044427 sec (of wall-clock time) 0.044385 sec (of CPU time)
Setting up auxiliary I and S matrices: done in 0.000822773 secs using 100.3% CPU
Constructing RapidNJ tree: done in 0.00257512 secs using 215.6% CPU
Computing RapidNJ tree took 0.003541 sec (of wall-clock time) 0.006522 sec (of CPU time)
Log-likelihood of RapidNJ tree: -6829.645
--------------------------------------------------------------------
|             INITIALIZING CANDIDATE TREE SET                      |
--------------------------------------------------------------------
Generating 98 parsimony trees... 1.132 second
Computing log-likelihood of 98 initial trees ... 1.304 seconds
Current best score: -6544.972

Do NNI search on 20 best initial trees
Optimizing NNI: done in 0.184918 secs using 99.29% CPU
Estimate model parameters (epsilon = 0.100)
BETTER TREE FOUND at iteration 1: -6544.179
Optimizing NNI: done in 0.505181 secs using 98.88% CPU
Optimizing NNI: done in 0.50317 secs using 98.48% CPU
Optimizing NNI: done in 0.597853 secs using 97.87% CPU
Optimizing NNI: done in 0.522578 secs using 98.53% CPU
Optimizing NNI: done in 0.603736 secs using 99.21% CPU
Optimizing NNI: done in 0.712373 secs using 98.88% CPU
Optimizing NNI: done in 0.493511 secs using 98.66% CPU
Optimizing NNI: done in 0.478671 secs using 97.99% CPU
Optimizing NNI: done in 0.493065 secs using 98.06% CPU
Iteration 10 / LogL: -6548.650 / Time: 0h:2m:59s
Optimizing NNI: done in 0.497896 secs using 98.67% CPU
Optimizing NNI: done in 0.633175 secs using 98.14% CPU
Optimizing NNI: done in 0.491761 secs using 99.48% CPU
Optimizing NNI: done in 0.490584 secs using 99.27% CPU
Optimizing NNI: done in 0.643205 secs using 99.07% CPU
Optimizing NNI: done in 0.475642 secs using 99.04% CPU
Optimizing NNI: done in 0.575073 secs using 98.31% CPU
Optimizing NNI: done in 0.57917 secs using 98.83% CPU
Optimizing NNI: done in 0.457917 secs using 98.8% CPU
Optimizing NNI: done in 0.491697 secs using 99.07% CPU
Iteration 20 / LogL: -6549.882 / Time: 0h:3m:4s
Finish initializing candidate tree set (20)
Current best tree score: -6544.179 / CPU time: 12.997
Number of iterations: 20
--------------------------------------------------------------------
|               OPTIMIZING CANDIDATE TREE SET                      |
--------------------------------------------------------------------
Optimizing NNI: done in 0.342033 secs using 98.13% CPU
Optimizing NNI: done in 0.432379 secs using 98.48% CPU
Estimate model parameters (epsilon = 0.100)
BETTER TREE FOUND at iteration 22: -6542.676
Optimizing NNI: done in 0.71948 secs using 97.38% CPU
Optimizing NNI: done in 0.699271 secs using 98.59% CPU
Optimizing NNI: done in 0.544145 secs using 98.59% CPU
Optimizing NNI: done in 0.570821 secs using 98.48% CPU
Optimizing NNI: done in 0.447337 secs using 97.87% CPU
Optimizing NNI: done in 0.62889 secs using 98.94% CPU
Optimizing NNI: done in 0.553571 secs using 98.43% CPU
Optimizing NNI: done in 0.578032 secs using 97.98% CPU
Iteration 30 / LogL: -6543.385 / Time: 0h:3m:10s (0h:0m:59s left)
Optimizing NNI: done in 0.413659 secs using 98.68% CPU
Optimizing NNI: done in 0.569038 secs using 97.77% CPU
Optimizing NNI: done in 0.61806 secs using 98.59% CPU
Optimizing NNI: done in 0.598012 secs using 98.38% CPU
Optimizing NNI: done in 0.61887 secs using 98.59% CPU
Optimizing NNI: done in 0.539647 secs using 98.03% CPU
Optimizing NNI: done in 0.507875 secs using 97.53% CPU
Optimizing NNI: done in 0.485507 secs using 97.62% CPU
Optimizing NNI: done in 0.657162 secs using 98.06% CPU
Optimizing NNI: done in 0.592102 secs using 97.52% CPU
Iteration 40 / LogL: -6542.700 / Time: 0h:3m:15s (0h:0m:51s left)
Optimizing NNI: done in 0.438291 secs using 97.15% CPU
Optimizing NNI: done in 0.474431 secs using 97.78% CPU
Optimizing NNI: done in 0.533757 secs using 98.2% CPU
Optimizing NNI: done in 0.520135 secs using 97.96% CPU
Optimizing NNI: done in 0.525485 secs using 98.56% CPU
Optimizing NNI: done in 0.665854 secs using 98.24% CPU
Optimizing NNI: done in 0.369225 secs using 96.37% CPU
Optimizing NNI: done in 0.581186 secs using 97.81% CPU
Optimizing NNI: done in 0.609451 secs using 97.08% CPU
Optimizing NNI: done in 0.448354 secs using 98.11% CPU
BETTER TREE FOUND at iteration 50: -6542.676
Iteration 50 / LogL: -6542.676 / Time: 0h:3m:21s (0h:1m:0s left)
Log-likelihood cutoff on original alignment: -6570.573
Optimizing NNI: done in 0.392024 secs using 98.09% CPU
Optimizing NNI: done in 0.684574 secs using 98.42% CPU
Optimizing NNI: done in 0.390428 secs using 97.84% CPU
Optimizing NNI: done in 0.441349 secs using 96.94% CPU
Optimizing NNI: done in 0.508528 secs using 97.72% CPU
Optimizing NNI: done in 0.609072 secs using 98.9% CPU
Optimizing NNI: done in 0.539841 secs using 97.66% CPU
Optimizing NNI: done in 0.575289 secs using 97.62% CPU
Optimizing NNI: done in 0.64284 secs using 97.08% CPU
Optimizing NNI: done in 0.420669 secs using 97.74% CPU
Iteration 60 / LogL: -6542.702 / Time: 0h:3m:26s (0h:0m:54s left)
Optimizing NNI: done in 0.478307 secs using 98.62% CPU
Optimizing NNI: done in 0.657521 secs using 98.21% CPU
Optimizing NNI: done in 0.510396 secs using 98.11% CPU
Optimizing NNI: done in 0.646414 secs using 97.72% CPU
Optimizing NNI: done in 0.59884 secs using 98.55% CPU
Optimizing NNI: done in 0.302357 secs using 97.24% CPU
Optimizing NNI: done in 0.420597 secs using 98.22% CPU
Optimizing NNI: done in 0.625515 secs using 97.96% CPU
Optimizing NNI: done in 0.53704 secs using 98.58% CPU
Optimizing NNI: done in 0.514473 secs using 98.33% CPU
Iteration 70 / LogL: -6543.160 / Time: 0h:3m:32s (0h:0m:47s left)
Optimizing NNI: done in 0.511844 secs using 98.9% CPU
Optimizing NNI: done in 0.426228 secs using 97.3% CPU
Optimizing NNI: done in 0.489274 secs using 99.47% CPU
Optimizing NNI: done in 0.57072 secs using 98.48% CPU
Optimizing NNI: done in 0.530261 secs using 98% CPU
Optimizing NNI: done in 0.394925 secs using 99.12% CPU
Optimizing NNI: done in 0.492243 secs using 99.27% CPU
Optimizing NNI: done in 0.489405 secs using 99.07% CPU
Optimizing NNI: done in 0.6447 secs using 98.03% CPU
Optimizing NNI: done in 0.563073 secs using 98.45% CPU
Iteration 80 / LogL: -6542.747 / Time: 0h:3m:37s (0h:0m:40s left)
Optimizing NNI: done in 0.499448 secs using 97.88% CPU
Optimizing NNI: done in 0.513666 secs using 98.9% CPU
Optimizing NNI: done in 0.637791 secs using 98.31% CPU
Optimizing NNI: done in 0.61297 secs using 97.76% CPU
Optimizing NNI: done in 0.546079 secs using 98.23% CPU
Optimizing NNI: done in 0.632671 secs using 97.67% CPU
Optimizing NNI: done in 0.543427 secs using 98.22% CPU
BETTER TREE FOUND at iteration 87: -6542.675
Optimizing NNI: done in 0.573938 secs using 98.66% CPU
Optimizing NNI: done in 0.578933 secs using 98.48% CPU
Optimizing NNI: done in 0.462347 secs using 98.58% CPU
Iteration 90 / LogL: -6542.676 / Time: 0h:3m:43s (0h:0m:56s left)
Optimizing NNI: done in 0.543558 secs using 97.49% CPU
Optimizing NNI: done in 0.441427 secs using 98.75% CPU
Optimizing NNI: done in 0.663853 secs using 98.38% CPU
Optimizing NNI: done in 0.528747 secs using 98.55% CPU
Optimizing NNI: done in 0.482003 secs using 98.22% CPU
Optimizing NNI: done in 0.446828 secs using 97.41% CPU
Optimizing NNI: done in 0.423759 secs using 97.29% CPU
Optimizing NNI: done in 0.592958 secs using 98.53% CPU
Optimizing NNI: done in 0.469393 secs using 98.6% CPU
Optimizing NNI: done in 0.388427 secs using 96.79% CPU
Iteration 100 / LogL: -6542.676 / Time: 0h:3m:48s (0h:0m:50s left)
Log-likelihood cutoff on original alignment: -6570.573
NOTE: Bootstrap correlation coefficient of split occurrence frequencies: 0.996
Optimizing NNI: done in 0.591982 secs using 98.36% CPU
Optimizing NNI: done in 0.460826 secs using 99.01% CPU
Optimizing NNI: done in 0.570053 secs using 98.83% CPU
Optimizing NNI: done in 0.399151 secs using 98.13% CPU
Optimizing NNI: done in 0.46429 secs using 97.94% CPU
Optimizing NNI: done in 0.374091 secs using 98.55% CPU
Optimizing NNI: done in 0.625543 secs using 98.77% CPU
Optimizing NNI: done in 0.509056 secs using 98.9% CPU
Optimizing NNI: done in 0.593141 secs using 98.35% CPU
Optimizing NNI: done in 0.645601 secs using 98.29% CPU
Iteration 110 / LogL: -6543.182 / Time: 0h:3m:54s (0h:0m:51s left)
Optimizing NNI: done in 0.573357 secs using 98.14% CPU
Optimizing NNI: done in 0.561343 secs using 98.46% CPU
BETTER TREE FOUND at iteration 112: -6542.675
Optimizing NNI: done in 0.562772 secs using 99% CPU
Optimizing NNI: done in 0.58879 secs using 98.52% CPU
Optimizing NNI: done in 0.569765 secs using 97.95% CPU
Optimizing NNI: done in 0.497312 secs using 97.67% CPU
Optimizing NNI: done in 0.682659 secs using 98.12% CPU
Optimizing NNI: done in 0.690753 secs using 98.86% CPU
Optimizing NNI: done in 0.596331 secs using 97.36% CPU
Optimizing NNI: done in 0.437626 secs using 97.6% CPU
Iteration 120 / LogL: -6542.946 / Time: 0h:3m:59s (0h:0m:52s left)
Optimizing NNI: done in 0.441398 secs using 98.75% CPU
Optimizing NNI: done in 0.571994 secs using 97.96% CPU
Optimizing NNI: done in 0.497962 secs using 97.87% CPU
Optimizing NNI: done in 0.481632 secs using 96.97% CPU
Optimizing NNI: done in 0.430186 secs using 98.72% CPU
Optimizing NNI: done in 0.444332 secs using 98.54% CPU
Optimizing NNI: done in 0.579239 secs using 98.49% CPU
Optimizing NNI: done in 0.49502 secs using 98.06% CPU
Optimizing NNI: done in 0.432608 secs using 97.8% CPU
Optimizing NNI: done in 0.487739 secs using 97.42% CPU
BETTER TREE FOUND at iteration 130: -6542.675
Iteration 130 / LogL: -6542.675 / Time: 0h:4m:4s (0h:0m:56s left)
Optimizing NNI: done in 0.662544 secs using 98.67% CPU
Optimizing NNI: done in 0.587981 secs using 99.03% CPU
Optimizing NNI: done in 0.497052 secs using 97.67% CPU
Optimizing NNI: done in 0.517836 secs using 97.95% CPU
Optimizing NNI: done in 0.515251 secs using 98.52% CPU
Optimizing NNI: done in 0.539006 secs using 98.03% CPU
Optimizing NNI: done in 0.480103 secs using 98.22% CPU
Optimizing NNI: done in 0.53381 secs using 98.95% CPU
Optimizing NNI: done in 0.629128 secs using 97.98% CPU
Optimizing NNI: done in 0.676994 secs using 97.97% CPU
Iteration 140 / LogL: -6543.288 / Time: 0h:4m:10s (0h:0m:51s left)
Optimizing NNI: done in 0.582651 secs using 96.11% CPU
Optimizing NNI: done in 0.490023 secs using 98.87% CPU
Optimizing NNI: done in 0.494804 secs using 98.47% CPU
Optimizing NNI: done in 0.571594 secs using 98.66% CPU
Optimizing NNI: done in 0.58841 secs using 98.01% CPU
Optimizing NNI: done in 0.502166 secs using 97.69% CPU
Optimizing NNI: done in 0.773214 secs using 98.34% CPU
Optimizing NNI: done in 0.733401 secs using 98.39% CPU
Optimizing NNI: done in 0.636558 secs using 97.84% CPU
Optimizing NNI: done in 0.514219 secs using 97.55% CPU
Iteration 150 / LogL: -6542.721 / Time: 0h:4m:16s (0h:0m:45s left)
Log-likelihood cutoff on original alignment: -6568.692
Optimizing NNI: done in 0.55002 secs using 97.7% CPU
Optimizing NNI: done in 0.499512 secs using 98.29% CPU
Optimizing NNI: done in 0.540324 secs using 97.08% CPU
BETTER TREE FOUND at iteration 153: -6542.674
Optimizing NNI: done in 0.314255 secs using 98.28% CPU
Optimizing NNI: done in 0.541566 secs using 97.84% CPU
Optimizing NNI: done in 0.561577 secs using 98.62% CPU
Optimizing NNI: done in 0.625567 secs using 98.12% CPU
Optimizing NNI: done in 0.714845 secs using 97.63% CPU
Optimizing NNI: done in 0.454129 secs using 98.77% CPU
Optimizing NNI: done in 0.565423 secs using 98.1% CPU
Iteration 160 / LogL: -6542.675 / Time: 0h:4m:22s (0h:0m:53s left)
Optimizing NNI: done in 0.594905 secs using 98.37% CPU
Optimizing NNI: done in 0.474679 secs using 97.56% CPU
Optimizing NNI: done in 0.579474 secs using 98.33% CPU
Optimizing NNI: done in 0.489838 secs using 98.04% CPU
Optimizing NNI: done in 0.508445 secs using 98.11% CPU
Optimizing NNI: done in 0.61633 secs using 99.05% CPU
Optimizing NNI: done in 0.529804 secs using 97.35% CPU
Optimizing NNI: done in 0.476643 secs using 97.99% CPU
Optimizing NNI: done in 0.384056 secs using 97.27% CPU
Optimizing NNI: done in 0.650491 secs using 97.87% CPU
Iteration 170 / LogL: -6543.717 / Time: 0h:4m:28s (0h:0m:47s left)
Optimizing NNI: done in 0.628037 secs using 98.6% CPU
Optimizing NNI: done in 0.42749 secs using 97.77% CPU
Optimizing NNI: done in 0.534745 secs using 98.01% CPU
Optimizing NNI: done in 0.571015 secs using 98.83% CPU
Optimizing NNI: done in 0.626536 secs using 98.76% CPU
Optimizing NNI: done in 0.456498 secs using 98.56% CPU
Optimizing NNI: done in 0.704479 secs using 98.17% CPU
Optimizing NNI: done in 0.681206 secs using 98.85% CPU
Optimizing NNI: done in 0.582686 secs using 98.5% CPU
Optimizing NNI: done in 0.616112 secs using 98.9% CPU
Iteration 180 / LogL: -6542.700 / Time: 0h:4m:33s (0h:0m:41s left)
Optimizing NNI: done in 0.464646 secs using 98.37% CPU
Optimizing NNI: done in 0.530968 secs using 98.37% CPU
Optimizing NNI: done in 0.569684 secs using 97.41% CPU
Optimizing NNI: done in 0.579094 secs using 97.46% CPU
Optimizing NNI: done in 0.407386 secs using 98.4% CPU
Optimizing NNI: done in 0.579799 secs using 97.8% CPU
Optimizing NNI: done in 0.515341 secs using 97.93% CPU
Optimizing NNI: done in 0.626498 secs using 97.15% CPU
Optimizing NNI: done in 0.769271 secs using 98.05% CPU
Optimizing NNI: done in 0.645202 secs using 98.63% CPU
Iteration 190 / LogL: -6542.675 / Time: 0h:4m:39s (0h:0m:36s left)
Optimizing NNI: done in 0.637959 secs using 98.62% CPU
Optimizing NNI: done in 0.320225 secs using 97.39% CPU
Optimizing NNI: done in 0.600188 secs using 97.37% CPU
Optimizing NNI: done in 0.559933 secs using 97.2% CPU
Optimizing NNI: done in 0.584368 secs using 99% CPU
Optimizing NNI: done in 0.549677 secs using 98.96% CPU
Optimizing NNI: done in 0.500155 secs using 98.67% CPU
Optimizing NNI: done in 0.611125 secs using 97.91% CPU
Optimizing NNI: done in 0.564126 secs using 97.92% CPU
Optimizing NNI: done in 0.573392 secs using 97.08% CPU
Iteration 200 / LogL: -6542.698 / Time: 0h:4m:45s (0h:0m:30s left)
Log-likelihood cutoff on original alignment: -6569.592
NOTE: Bootstrap correlation coefficient of split occurrence frequencies: 0.997
Optimizing NNI: done in 0.540994 secs using 97.28% CPU
Optimizing NNI: done in 0.48277 secs using 97.6% CPU
Optimizing NNI: done in 0.479521 secs using 98.83% CPU
BETTER TREE FOUND at iteration 203: -6542.674
Optimizing NNI: done in 0.513822 secs using 97.92% CPU
Optimizing NNI: done in 0.598607 secs using 98.7% CPU
Optimizing NNI: done in 0.535111 secs using 98.01% CPU
Optimizing NNI: done in 0.507483 secs using 97.9% CPU
Optimizing NNI: done in 0.594383 secs using 98.69% CPU
Optimizing NNI: done in 0.713054 secs using 98.74% CPU
Optimizing NNI: done in 0.538195 secs using 97.83% CPU
Iteration 210 / LogL: -6543.649 / Time: 0h:4m:51s (0h:0m:53s left)
Optimizing NNI: done in 0.67363 secs using 98.24% CPU
Optimizing NNI: done in 0.497133 secs using 98.66% CPU
Optimizing NNI: done in 0.544469 secs using 96.94% CPU
Optimizing NNI: done in 0.600834 secs using 97.71% CPU
Optimizing NNI: done in 0.557484 secs using 98.79% CPU
Optimizing NNI: done in 0.498228 secs using 99.07% CPU
Optimizing NNI: done in 0.545767 secs using 98.22% CPU
BETTER TREE FOUND at iteration 217: -6542.674
Optimizing NNI: done in 0.500634 secs using 97.87% CPU
Optimizing NNI: done in 0.566717 secs using 97.93% CPU
Optimizing NNI: done in 0.601076 secs using 98.2% CPU
Iteration 220 / LogL: -6542.699 / Time: 0h:4m:57s (0h:0m:55s left)
Optimizing NNI: done in 0.534917 secs using 97.44% CPU
Optimizing NNI: done in 0.549547 secs using 97.32% CPU
Optimizing NNI: done in 0.717921 secs using 98.35% CPU
Optimizing NNI: done in 0.609118 secs using 99.39% CPU
Optimizing NNI: done in 0.536216 secs using 98.2% CPU
Optimizing NNI: done in 0.482719 secs using 98.64% CPU
Optimizing NNI: done in 0.58939 secs using 98.52% CPU
Optimizing NNI: done in 0.588317 secs using 98.52% CPU
Optimizing NNI: done in 0.495419 secs using 99.27% CPU
Optimizing NNI: done in 0.457184 secs using 97.48% CPU
Iteration 230 / LogL: -6542.940 / Time: 0h:5m:3s (0h:0m:50s left)
Optimizing NNI: done in 0.488104 secs using 98.65% CPU
Optimizing NNI: done in 0.546798 secs using 98.97% CPU
Optimizing NNI: done in 0.507242 secs using 98.11% CPU
Optimizing NNI: done in 0.529844 secs using 98.19% CPU
Optimizing NNI: done in 0.610655 secs using 98.24% CPU
BETTER TREE FOUND at iteration 235: -6542.674
Optimizing NNI: done in 0.83864 secs using 98.33% CPU
Optimizing NNI: done in 0.73716 secs using 98.25% CPU
Optimizing NNI: done in 0.535906 secs using 97.27% CPU
Optimizing NNI: done in 0.470201 secs using 97.54% CPU
Optimizing NNI: done in 0.796688 secs using 98.24% CPU
Iteration 240 / LogL: -6545.300 / Time: 0h:5m:9s (0h:0m:54s left)
Optimizing NNI: done in 0.593175 secs using 97.69% CPU
Optimizing NNI: done in 0.476168 secs using 97.58% CPU
Optimizing NNI: done in 0.596517 secs using 98.7% CPU
Optimizing NNI: done in 0.412117 secs using 96.98% CPU
Optimizing NNI: done in 0.572678 secs using 98.84% CPU
Optimizing NNI: done in 0.479922 secs using 97.8% CPU
Optimizing NNI: done in 0.415458 secs using 98.44% CPU
Optimizing NNI: done in 0.514204 secs using 98.52% CPU
Optimizing NNI: done in 0.679925 secs using 97.38% CPU
Optimizing NNI: done in 0.71273 secs using 98.48% CPU
Iteration 250 / LogL: -6542.674 / Time: 0h:5m:14s (0h:0m:48s left)
Log-likelihood cutoff on original alignment: -6569.592
Optimizing NNI: done in 0.512726 secs using 98.33% CPU
Optimizing NNI: done in 0.531644 secs using 98.56% CPU
Optimizing NNI: done in 0.626983 secs using 98.13% CPU
Optimizing NNI: done in 0.450319 secs using 97.89% CPU
Optimizing NNI: done in 0.621428 secs using 97.31% CPU
Optimizing NNI: done in 0.441538 secs using 97.63% CPU
Optimizing NNI: done in 0.530763 secs using 98.75% CPU
Optimizing NNI: done in 0.450875 secs using 97.45% CPU
Optimizing NNI: done in 0.45513 secs using 97.03% CPU
Optimizing NNI: done in 0.701074 secs using 98.17% CPU
Iteration 260 / LogL: -6543.181 / Time: 0h:5m:20s (0h:0m:43s left)
Optimizing NNI: done in 0.420218 secs using 97.28% CPU
Optimizing NNI: done in 0.528762 secs using 97.61% CPU
Optimizing NNI: done in 0.391912 secs using 98.1% CPU
Optimizing NNI: done in 0.545539 secs using 98.42% CPU
Optimizing NNI: done in 0.536879 secs using 98.2% CPU
BETTER TREE FOUND at iteration 265: -6542.673
Optimizing NNI: done in 0.402244 secs using 97.9% CPU
Optimizing NNI: done in 0.504901 secs using 96.92% CPU
Optimizing NNI: done in 0.560197 secs using 98.81% CPU
Optimizing NNI: done in 0.568638 secs using 98.47% CPU
Optimizing NNI: done in 0.597707 secs using 97.87% CPU
Iteration 270 / LogL: -6542.674 / Time: 0h:5m:26s (0h:0m:54s left)
Optimizing NNI: done in 0.64151 secs using 98.49% CPU
Optimizing NNI: done in 0.559872 secs using 98.28% CPU
Optimizing NNI: done in 0.132862 secs using 99.14% CPU
Optimizing NNI: done in 0.453219 secs using 97.89% CPU
Optimizing NNI: done in 0.529195 secs using 97.81% CPU
Optimizing NNI: done in 0.500419 secs using 98.28% CPU
Optimizing NNI: done in 0.507746 secs using 98.11% CPU
Optimizing NNI: done in 0.61086 secs using 98.4% CPU
Optimizing NNI: done in 0.539239 secs using 99.32% CPU
Optimizing NNI: done in 0.557353 secs using 97.5% CPU
Iteration 280 / LogL: -6542.699 / Time: 0h:5m:31s (0h:0m:48s left)
Optimizing NNI: done in 0.624482 secs using 98.44% CPU
Optimizing NNI: done in 0.536822 secs using 98.39% CPU
Optimizing NNI: done in 0.526741 secs using 97.98% CPU
Optimizing NNI: done in 0.680441 secs using 98.27% CPU
Optimizing NNI: done in 0.476774 secs using 98% CPU
Optimizing NNI: done in 0.561869 secs using 98.1% CPU
Optimizing NNI: done in 0.644834 secs using 97.86% CPU
Optimizing NNI: done in 0.551038 secs using 98.25% CPU
Optimizing NNI: done in 0.565569 secs using 98.82% CPU
Optimizing NNI: done in 0.517303 secs using 98.92% CPU
Iteration 290 / LogL: -6542.694 / Time: 0h:5m:37s (0h:0m:43s left)
Optimizing NNI: done in 0.528025 secs using 97.8% CPU
Optimizing NNI: done in 0.462659 secs using 97.94% CPU
Optimizing NNI: done in 0.468825 secs using 98.38% CPU
Optimizing NNI: done in 0.546032 secs using 98.06% CPU
Optimizing NNI: done in 0.272793 secs using 96.59% CPU
Optimizing NNI: done in 0.594301 secs using 98.88% CPU
Optimizing NNI: done in 0.392078 secs using 98.35% CPU
Optimizing NNI: done in 0.504789 secs using 98.3% CPU
Optimizing NNI: done in 0.698267 secs using 98.45% CPU
Optimizing NNI: done in 0.507368 secs using 99.47% CPU
Iteration 300 / LogL: -6545.482 / Time: 0h:5m:42s (0h:0m:37s left)
Log-likelihood cutoff on original alignment: -6569.592
NOTE: Bootstrap correlation coefficient of split occurrence frequencies: 0.997
Optimizing NNI: done in 0.469736 secs using 98.39% CPU
Optimizing NNI: done in 0.568915 secs using 98.12% CPU
Optimizing NNI: done in 0.302788 secs using 97.89% CPU
Optimizing NNI: done in 0.404488 secs using 98.15% CPU
Optimizing NNI: done in 0.600554 secs using 98.71% CPU
Optimizing NNI: done in 0.545489 secs using 98.42% CPU
Optimizing NNI: done in 0.661185 secs using 97.62% CPU
Optimizing NNI: done in 0.351243 secs using 97.6% CPU
Optimizing NNI: done in 0.506764 secs using 98.7% CPU
Optimizing NNI: done in 0.506654 secs using 98.11% CPU
Iteration 310 / LogL: -6542.697 / Time: 0h:5m:47s (0h:0m:51s left)
Optimizing NNI: done in 0.474284 secs using 98.62% CPU
Optimizing NNI: done in 0.468108 secs using 98.18% CPU
Optimizing NNI: done in 0.553759 secs using 97.54% CPU
Optimizing NNI: done in 0.490819 secs using 99.07% CPU
Optimizing NNI: done in 0.525537 secs using 98.74% CPU
Optimizing NNI: done in 0.608786 secs using 99.06% CPU
Optimizing NNI: done in 0.656856 secs using 98.67% CPU
Optimizing NNI: done in 0.406831 secs using 97.92% CPU
BETTER TREE FOUND at iteration 318: -6542.672
Optimizing NNI: done in 0.514346 secs using 97.55% CPU
Optimizing NNI: done in 0.49959 secs using 98.69% CPU
Iteration 320 / LogL: -6542.674 / Time: 0h:5m:53s (0h:0m:55s left)
Optimizing NNI: done in 0.556743 secs using 98.27% CPU
Optimizing NNI: done in 0.517886 secs using 98.91% CPU
Optimizing NNI: done in 0.530626 secs using 99.13% CPU
Optimizing NNI: done in 0.831257 secs using 98.19% CPU
Optimizing NNI: done in 0.57423 secs using 98.14% CPU
Optimizing NNI: done in 0.493141 secs using 99.28% CPU
Optimizing NNI: done in 0.686893 secs using 98.14% CPU
Optimizing NNI: done in 0.54138 secs using 98.23% CPU
Optimizing NNI: done in 0.521555 secs using 98.92% CPU
Optimizing NNI: done in 0.575403 secs using 99.19% CPU
Iteration 330 / LogL: -6542.698 / Time: 0h:5m:59s (0h:0m:50s left)
Optimizing NNI: done in 0.366624 secs using 98.25% CPU
Optimizing NNI: done in 0.533466 secs using 97.27% CPU
Optimizing NNI: done in 0.409672 secs using 98.17% CPU
Optimizing NNI: done in 0.455376 secs using 97.25% CPU
Optimizing NNI: done in 0.356791 secs using 99.04% CPU
Optimizing NNI: done in 0.496463 secs using 98.27% CPU
Optimizing NNI: done in 0.554213 secs using 98.8% CPU
Optimizing NNI: done in 0.36027 secs using 98.77% CPU
Optimizing NNI: done in 0.550715 secs using 98.97% CPU
Optimizing NNI: done in 0.568275 secs using 98.47% CPU
Iteration 340 / LogL: -6543.909 / Time: 0h:6m:4s (0h:0m:44s left)
Optimizing NNI: done in 0.54232 secs using 98.04% CPU
Optimizing NNI: done in 0.627802 secs using 98.45% CPU
Optimizing NNI: done in 0.415029 secs using 97.47% CPU
Optimizing NNI: done in 0.605019 secs using 98.39% CPU
Optimizing NNI: done in 0.607308 secs using 98.56% CPU
Optimizing NNI: done in 0.478643 secs using 98.62% CPU
Optimizing NNI: done in 0.390099 secs using 97.58% CPU
Optimizing NNI: done in 0.543921 secs using 98.41% CPU
Optimizing NNI: done in 0.452499 secs using 98.56% CPU
Optimizing NNI: done in 0.529683 secs using 98% CPU
Iteration 350 / LogL: -6551.433 / Time: 0h:6m:9s (0h:0m:38s left)
Log-likelihood cutoff on original alignment: -6569.806
Optimizing NNI: done in 0.775627 secs using 98.08% CPU
Optimizing NNI: done in 0.468221 secs using 98.38% CPU
Optimizing NNI: done in 0.724125 secs using 98.22% CPU
Optimizing NNI: done in 0.594075 secs using 98.54% CPU
Optimizing NNI: done in 0.526107 secs using 96.84% CPU
Optimizing NNI: done in 0.471304 secs using 97.76% CPU
Optimizing NNI: done in 0.481519 secs using 98.02% CPU
Optimizing NNI: done in 0.465758 secs using 98.17% CPU
Optimizing NNI: done in 0.512229 secs using 97.35% CPU
Optimizing NNI: done in 0.618165 secs using 98.42% CPU
Iteration 360 / LogL: -6542.846 / Time: 0h:6m:15s (0h:0m:33s left)
Optimizing NNI: done in 0.584931 secs using 97.66% CPU
Optimizing NNI: done in 0.498256 secs using 98.08% CPU
Optimizing NNI: done in 0.484967 secs using 98.65% CPU
Optimizing NNI: done in 0.615381 secs using 99.05% CPU
Optimizing NNI: done in 0.391369 secs using 99.63% CPU
Optimizing NNI: done in 0.445638 secs using 97.63% CPU
Optimizing NNI: done in 0.324846 secs using 98.95% CPU
Optimizing NNI: done in 0.522012 secs using 98.15% CPU
Optimizing NNI: done in 0.42345 secs using 97.05% CPU
Optimizing NNI: done in 0.498184 secs using 98.68% CPU
Iteration 370 / LogL: -6542.675 / Time: 0h:6m:20s (0h:0m:27s left)
Optimizing NNI: done in 0.412916 secs using 99.63% CPU
Optimizing NNI: done in 0.592606 secs using 98.02% CPU
Optimizing NNI: done in 0.567845 secs using 97.78% CPU
Optimizing NNI: done in 0.527334 secs using 98.55% CPU
Optimizing NNI: done in 0.534352 secs using 97.45% CPU
Optimizing NNI: done in 0.350305 secs using 97.89% CPU
Optimizing NNI: done in 0.47068 secs using 98.61% CPU
Optimizing NNI: done in 0.484611 secs using 97.41% CPU
Optimizing NNI: done in 0.596816 secs using 97.71% CPU
Optimizing NNI: done in 0.423113 secs using 97.52% CPU
Iteration 380 / LogL: -6601.826 / Time: 0h:6m:26s (0h:0m:21s left)
Optimizing NNI: done in 0.50575 secs using 97.51% CPU
Optimizing NNI: done in 0.59848 secs using 98.21% CPU
Optimizing NNI: done in 0.63341 secs using 98.93% CPU
Optimizing NNI: done in 0.571173 secs using 97.6% CPU
Optimizing NNI: done in 0.407978 secs using 98.17% CPU
Optimizing NNI: done in 0.442492 secs using 98.08% CPU
Optimizing NNI: done in 0.492115 secs using 98.66% CPU
Optimizing NNI: done in 0.586399 secs using 98.52% CPU
Optimizing NNI: done in 0.54281 secs using 97.86% CPU
Optimizing NNI: done in 0.650055 secs using 99.11% CPU
Iteration 390 / LogL: -6543.477 / Time: 0h:6m:31s (0h:0m:15s left)
Optimizing NNI: done in 0.474155 secs using 98.39% CPU
Optimizing NNI: done in 0.481511 secs using 97.38% CPU
Optimizing NNI: done in 0.55496 secs using 98.09% CPU
Optimizing NNI: done in 0.586385 secs using 99.03% CPU
Optimizing NNI: done in 0.609748 secs using 97.92% CPU
Optimizing NNI: done in 0.457026 secs using 97.05% CPU
Optimizing NNI: done in 0.525194 secs using 98.18% CPU
Optimizing NNI: done in 0.606025 secs using 97.25% CPU
Optimizing NNI: done in 0.632719 secs using 97.83% CPU
Optimizing NNI: done in 0.563976 secs using 98.64% CPU
Iteration 400 / LogL: -6542.674 / Time: 0h:6m:37s (0h:0m:10s left)
Log-likelihood cutoff on original alignment: -6569.806
NOTE: Bootstrap correlation coefficient of split occurrence frequencies: 0.997
Optimizing NNI: done in 0.452925 secs using 99.22% CPU
Optimizing NNI: done in 0.37836 secs using 97.77% CPU
Optimizing NNI: done in 0.508507 secs using 99.28% CPU
Optimizing NNI: done in 0.594053 secs using 98.2% CPU
Optimizing NNI: done in 0.446387 secs using 97.64% CPU
Optimizing NNI: done in 0.449979 secs using 97.44% CPU
Optimizing NNI: done in 0.657051 secs using 98.66% CPU
Optimizing NNI: done in 0.423591 secs using 97.99% CPU
Optimizing NNI: done in 0.408662 secs using 99.14% CPU
Optimizing NNI: done in 0.61278 secs using 98.25% CPU
Iteration 410 / LogL: -6543.006 / Time: 0h:6m:43s (0h:0m:50s left)
Optimizing NNI: done in 0.429508 secs using 98.25% CPU
Optimizing NNI: done in 0.468293 secs using 98.38% CPU
Optimizing NNI: done in 0.470351 secs using 97.54% CPU
Optimizing NNI: done in 0.605798 secs using 98.55% CPU
Optimizing NNI: done in 0.515205 secs using 97.36% CPU
Optimizing NNI: done in 0.533882 secs using 98.39% CPU
Optimizing NNI: done in 0.541699 secs using 98.96% CPU
Optimizing NNI: done in 0.605951 secs using 98.56% CPU
Optimizing NNI: done in 0.612284 secs using 98.26% CPU
TREE SEARCH COMPLETED AFTER 419 ITERATIONS / Time: 0h:6m:48s

--------------------------------------------------------------------
|                    FINALIZING TREE SEARCH                        |
--------------------------------------------------------------------
Performs final model parameters optimization
Estimate model parameters (epsilon = 0.010)
1. Initial log-likelihood: -6542.672
Optimal log-likelihood: -6542.672
Rate parameters:  A-C: 1.72843  A-G: 3.26406  A-T: 1.72843  C-G: 1.00000  C-T: 6.24267  G-T: 1.00000
Base frequencies:  A: 0.227  C: 0.222  G: 0.238  T: 0.313
Gamma shape alpha: 0.523
Parameters optimization took 1 rounds (0.038 sec)
BEST SCORE FOUND : -6542.672
Creating bootstrap support values...
Split supports printed to NEXUS file data/packages/ITS/Pulveroboletus/ref.splits.nex
Total tree length: 4.697

Total number of iterations: 419
CPU time used for tree search: 232.338 sec (0h:3m:52s)
Wall-clock time used for tree search: 236.459 sec (0h:3m:56s)
Total CPU time used: 480.349 sec (0h:8m:0s)
Total wall-clock time used: 408.456 sec (0h:6m:48s)

Computing bootstrap consensus tree...
Reading input file data/packages/ITS/Pulveroboletus/ref.splits.nex...
102 taxa and 1008 splits.
Consensus tree written to data/packages/ITS/Pulveroboletus/ref.contree
Reading input trees file data/packages/ITS/Pulveroboletus/ref.contree
Log-likelihood of consensus tree: -6542.732

Analysis results written to: 
  IQ-TREE report:                data/packages/ITS/Pulveroboletus/ref.iqtree
  Maximum-likelihood tree:       data/packages/ITS/Pulveroboletus/ref.treefile
  Likelihood distances:          data/packages/ITS/Pulveroboletus/ref.mldist

Ultrafast bootstrap approximation results written to:
  Split support values:          data/packages/ITS/Pulveroboletus/ref.splits.nex
  Consensus tree:                data/packages/ITS/Pulveroboletus/ref.contree
  Screen log file:               data/packages/ITS/Pulveroboletus/ref.log

Date and Time: Mon Aug 18 18:36:08 2025
