IQ-TREE version 3.0.1 for Linux x86 64-bit built May  5 2025
Developed by Bui Quang Minh, Thomas Wong, Nhan Ly-Trong, Huaiyan Ren
Contributed by Lam-Tung Nguyen, Dominik Schrempf, Chris Bielow,
Olga Chernomor, Michael Woodhams, Diep Thi Hoang, Heiko Schmidt

Host:    lnx820.umnh.utah.edu (AVX2, FMA3, 865 GB RAM)
Command: /home/bdentinger/iqtree-3.0.1-Linux/bin/iqtree3_intel -s data/packages/ITS/Heliogaster/aln.masked.fasta -m MFP -bb 1000 -nt AUTO -pre data/packages/ITS/Heliogaster/ref
Seed:    331542 (Using SPRNG - Scalable Parallel Random Number Generator)
Time:    Mon Aug 18 17:48:49 2025
Kernel:  AVX+FMA - auto-detect threads (72 CPU cores detected)

Reading alignment file data/packages/ITS/Heliogaster/aln.masked.fasta ... Fasta format detected
Reading fasta file: done in 0.000120085 secs using 12.49% CPU
Alignment most likely contains DNA/RNA sequences
Constructing alignment: done in 0.000734439 secs using 1.77% CPU
Alignment has 8 sequences with 747 columns, 17 distinct patterns
3 parsimony-informative, 13 singleton sites, 731 constant sites
                            Gap/Ambiguity  Composition  p-value
Analyzing sequences: done in 9.27038e-06 secs
   1  tns_f_11697|ITS|EF183542.1    0.00%    passed    100.00%
   2  tns_f_11696|ITS|EF183540.1    0.13%    passed     99.76%
   3  tns_f_11696|ITS|EF183538.1    0.00%    passed     96.66%
   4  tns_f_11697|ITS|EF183536.1    0.00%    passed     99.97%
   5  tns_f_11694|ITS|EF183534.1    0.00%    passed    100.00%
   6  tns_f_11695|ITS|EF183532.1    0.00%    passed    100.00%
   7  tns_f_11694|ITS|EF173307.1    0.00%    passed     99.81%
   8  tns_f_11695|ITS|EF173305.1    0.00%    passed     98.84%
****  TOTAL                         0.02%  0 sequences failed composition chi2 test (p-value<5%; df=3)
Checking for duplicate sequences: done in 2.20351e-05 secs using 9.076% CPU


Create initial parsimony tree by phylogenetic likelihood library (PLL)... 0.000 seconds
Measuring multi-threading efficiency up to 72 CPU cores
Increase to 10 rounds for branch lengths
162588 trees examined
Threads: 1 / Time: 72.000 sec / Speedup: 1.000 / Efficiency: 100% / LogL: -1174
Threads: 2 / Time: 85.660 sec / Speedup: 0.841 / Efficiency: 42% / LogL: -1174
Determining AUTO threadcount: done in 157.661 secs using 137.5% CPU
BEST NUMBER OF THREADS: 1

Perform fast likelihood tree search using GTR+I+G model...
Estimate model parameters (epsilon = 5.000)

WARNING: Estimated model parameters are at boundary that can cause numerical instability!

Perform nearest neighbor interchange...
Optimizing NNI: done in 0.000847515 secs using 99.59% CPU
Estimate model parameters (epsilon = 1.000)
1. Initial log-likelihood: -1147.396
Optimal log-likelihood: -1147.243
Rate parameters:  A-C: 8.87176  A-G: 16.31287  A-T: 8.47185  C-G: 0.00010  C-T: 100.00000  G-T: 1.00000
Warning! Some parameters hit the boundaries
Base frequencies:  A: 0.221  C: 0.249  G: 0.270  T: 0.260
Proportion of invariable sites: 0.489
Gamma shape alpha: 0.394
Parameters optimization took 1 rounds (0.006 sec)

WARNING: Estimated model parameters are at boundary that can cause numerical instability!

Time for fast ML tree search: 0.026 seconds

NOTE: ModelFinder requires 0 MB RAM!
ModelFinder will test up to 968 DNA models (sample size: 747 epsilon: 0.100) ...
 No. Model         -LnL         df  AIC          AICc         BIC
  1  JC            1166.791     13  2359.581     2360.078     2419.590
  2  JC+I          1165.710     14  2359.421     2359.995     2424.046
  3  JC+G4         1165.826     14  2359.652     2360.226     2424.277
  4  JC+I+G4       1165.713     15  2361.425     2362.082     2430.666
  5  JC+R2         1166.234     15  2362.468     2363.124     2431.709
+R3 reinitialized from +R2 with factor 0.500
  6  JC+R3         1166.280     17  2366.560     2367.400     2445.033
 14  JC+I+R2       1165.834     16  2363.667     2364.412     2437.524
 15  JC+I+R3       1165.907     18  2367.815     2368.754     2450.904
 23  JC            1166.791     13  2359.581     2360.078     2419.590
 24  JC+I          1165.710     14  2359.421     2359.995     2424.046
 25  JC+G4         1165.826     14  2359.652     2360.226     2424.277
 45  F81           1166.791     13  2359.581     2360.078     2419.590
 46  F81+I         1165.710     14  2359.421     2359.995     2424.046
 47  F81+G4        1165.826     14  2359.652     2360.226     2424.277
 67  F81+F         1164.779     16  2361.558     2362.303     2435.415
 68  F81+F+I       1163.693     17  2361.386     2362.225     2439.859
 69  F81+F+G4      1163.811     17  2361.622     2362.462     2440.095
 89  K2P           1155.658     14  2339.315     2339.889     2403.940
 90  K2P+I         1154.574     15  2339.148     2339.805     2408.389
 91  K2P+G4        1154.691     15  2339.382     2340.039     2408.623
111  K2P           1155.658     14  2339.315     2339.889     2403.940
112  K2P+I         1154.574     15  2339.148     2339.805     2408.389
113  K2P+G4        1154.691     15  2339.382     2340.039     2408.623
133  HKY           1155.658     14  2339.315     2339.889     2403.940
134  HKY+I         1154.574     15  2339.148     2339.805     2408.389
135  HKY+G4        1154.691     15  2339.382     2340.039     2408.623
155  HKY+F         1153.605     17  2341.209     2342.049     2419.682
156  HKY+F+I       1152.537     18  2341.073     2342.013     2424.162
157  HKY+F+G4      1152.646     18  2341.293     2342.232     2424.382
177  TNe           1151.325     15  2332.650     2333.307     2401.891
178  TNe+I         1150.507     16  2333.014     2333.759     2406.871
179  TNe+G4        1150.524     16  2333.048     2333.793     2406.905
199  TNe           1151.325     15  2332.650     2333.307     2401.891
200  TNe+I         1150.507     16  2333.014     2333.759     2406.871
201  TNe+G4        1150.524     16  2333.048     2333.793     2406.905
221  TN            1151.325     15  2332.650     2333.307     2401.891
222  TN+I          1150.507     16  2333.013     2333.759     2406.870
223  TN+G4         1150.524     16  2333.047     2333.793     2406.905
243  TN+F          1149.510     18  2335.019     2335.959     2418.109
244  TN+F+I        1148.691     19  2335.381     2336.427     2423.086
245  TN+F+G4       1148.708     19  2335.415     2336.461     2423.121
265  K3P           1155.658     15  2341.315     2341.972     2410.556
266  K3P+I         1154.574     16  2341.147     2341.893     2415.004
267  K3P+G4        1154.691     16  2341.382     2342.127     2415.239
287  K3P           1155.658     15  2341.315     2341.972     2410.556
288  K3P+I         1154.574     16  2341.147     2341.893     2415.004
289  K3P+G4        1154.691     16  2341.382     2342.127     2415.239
309  K3Pu          1155.657     15  2341.315     2341.972     2410.556
310  K3Pu+I        1154.574     16  2341.148     2341.893     2415.005
311  K3Pu+G4       1154.691     16  2341.382     2342.127     2415.239
331  K3Pu+F        1153.604     18  2343.209     2344.148     2426.298
332  K3Pu+F+I      1152.536     19  2343.073     2344.118     2430.778
333  K3Pu+F+G4     1152.646     19  2343.292     2344.338     2430.998
353  TPM2          1154.332     15  2338.663     2339.320     2407.904
354  TPM2+I        1153.268     16  2338.537     2339.282     2412.394
355  TPM2+G4       1153.376     16  2338.752     2339.497     2412.609
375  TPM2          1154.332     15  2338.663     2339.320     2407.904
376  TPM2+I        1153.268     16  2338.537     2339.282     2412.394
377  TPM2+G4       1153.376     16  2338.752     2339.497     2412.609
397  TPM2u         1154.332     15  2338.663     2339.320     2407.904
398  TPM2u+I       1153.268     16  2338.537     2339.282     2412.394
399  TPM2u+G4      1153.376     16  2338.752     2339.497     2412.609
419  TPM2u+F       1152.181     18  2340.362     2341.302     2423.451
420  TPM2u+F+I     1151.116     19  2340.232     2341.278     2427.937
421  TPM2u+F+G4    1151.224     19  2340.448     2341.493     2428.153
441  TPM3          1155.658     15  2341.315     2341.972     2410.556
442  TPM3+I        1154.574     16  2341.148     2341.893     2415.005
443  TPM3+G4       1154.691     16  2341.382     2342.127     2415.239
463  TPM3          1155.658     15  2341.315     2341.972     2410.556
464  TPM3+I        1154.574     16  2341.148     2341.893     2415.005
465  TPM3+G4       1154.691     16  2341.382     2342.127     2415.239
485  TPM3u         1155.658     15  2341.315     2341.972     2410.556
486  TPM3u+I       1154.574     16  2341.148     2341.894     2415.006
487  TPM3u+G4      1154.691     16  2341.382     2342.127     2415.239
507  TPM3u+F       1153.604     18  2343.209     2344.148     2426.298
508  TPM3u+F+I     1152.537     19  2343.074     2344.119     2430.779
509  TPM3u+F+G4    1152.646     19  2343.293     2344.338     2430.998
529  TIMe          1151.325     16  2334.650     2335.395     2408.507
530  TIMe+I        1150.506     17  2335.012     2335.852     2413.485
531  TIMe+G4       1150.523     17  2335.047     2335.886     2413.520
551  TIMe          1151.325     16  2334.650     2335.395     2408.507
552  TIMe+I        1150.506     17  2335.012     2335.852     2413.485
553  TIMe+G4       1150.523     17  2335.047     2335.886     2413.520
573  TIM           1151.325     16  2334.650     2335.395     2408.507
574  TIM+I         1150.506     17  2335.012     2335.852     2413.485
575  TIM+G4        1150.523     17  2335.046     2335.886     2413.520
595  TIM+F         1149.509     19  2337.019     2338.064     2424.724
596  TIM+F+I       1148.690     20  2337.381     2338.538     2429.702
597  TIM+F+G4      1148.708     20  2337.415     2338.572     2429.736
617  TIM2e         1150.106     16  2332.213     2332.958     2406.070
618  TIM2e+I       1149.291     17  2332.581     2333.421     2411.054
619  TIM2e+G4      1149.307     17  2332.614     2333.454     2411.088
639  TIM2e         1150.106     16  2332.213     2332.958     2406.070
640  TIM2e+I       1149.291     17  2332.581     2333.421     2411.054
641  TIM2e+G4      1149.307     17  2332.614     2333.454     2411.088
661  TIM2          1150.106     16  2332.213     2332.958     2406.070
662  TIM2+I        1149.291     17  2332.581     2333.421     2411.054
663  TIM2+G4       1149.307     17  2332.614     2333.454     2411.088
683  TIM2+F        1148.189     19  2334.377     2335.422     2422.082
684  TIM2+F+I      1147.373     20  2334.745     2335.902     2427.066
685  TIM2+F+G4     1147.389     20  2334.779     2335.936     2427.100
705  TIM3e         1151.347     16  2334.694     2335.439     2408.551
706  TIM3e+I       1150.512     17  2335.023     2335.863     2413.496
707  TIM3e+G4      1150.524     17  2335.049     2335.888     2413.522
727  TIM3e         1151.347     16  2334.694     2335.439     2408.551
728  TIM3e+I       1150.512     17  2335.023     2335.863     2413.496
729  TIM3e+G4      1150.524     17  2335.049     2335.888     2413.522
749  TIM3          1151.325     16  2334.650     2335.395     2408.507
750  TIM3+I        1150.506     17  2335.013     2335.852     2413.486
751  TIM3+G4       1150.524     17  2335.047     2335.887     2413.520
771  TIM3+F        1149.509     19  2337.018     2338.064     2424.724
772  TIM3+F+I      1148.691     20  2337.381     2338.538     2429.702
773  TIM3+F+G4     1148.708     20  2337.415     2338.572     2429.737
793  TVMe          1154.254     17  2342.509     2343.348     2420.982
794  TVMe+I        1153.189     18  2342.378     2343.318     2425.468
795  TVMe+G4       1153.297     18  2342.595     2343.534     2425.684
815  TVMe          1154.254     17  2342.509     2343.348     2420.982
816  TVMe+I        1153.189     18  2342.378     2343.318     2425.468
817  TVMe+G4       1153.297     18  2342.595     2343.534     2425.684
837  TVM           1154.254     17  2342.509     2343.348     2420.982
838  TVM+I         1153.189     18  2342.378     2343.318     2425.468
839  TVM+G4        1153.297     18  2342.595     2343.534     2425.684
859  TVM+F         1152.174     20  2344.349     2345.506     2436.670
860  TVM+F+I       1151.109     21  2344.218     2345.493     2441.156
861  TVM+F+G4      1151.217     21  2344.434     2345.709     2441.371
881  SYM           1150.089     18  2336.178     2337.118     2419.268
882  SYM+I         1149.272     19  2336.544     2337.590     2424.250
883  SYM+G4        1149.289     19  2336.578     2337.624     2424.283
903  SYM           1150.089     18  2336.178     2337.118     2419.268
904  SYM+I         1149.272     19  2336.544     2337.590     2424.250
905  SYM+G4        1149.289     19  2336.578     2337.624     2424.283
925  GTR           1150.072     18  2336.144     2337.084     2419.233
926  GTR+I         1149.254     19  2336.508     2337.553     2424.213
927  GTR+G4        1149.271     19  2336.542     2337.587     2424.247
947  GTR+F         1148.171     21  2338.342     2339.616     2435.279
948  GTR+F+I       1147.354     22  2338.707     2340.105     2440.261
949  GTR+F+G4      1147.371     22  2338.741     2340.139     2440.295
Akaike Information Criterion:           TIM2e
Corrected Akaike Information Criterion: TIM2e
Bayesian Information Criterion:         TN
Best-fit model: TN chosen according to BIC

All model information printed to data/packages/ITS/Heliogaster/ref.model.gz
CPU time for ModelFinder: 216.952 seconds (0h:3m:36s)
Wall-clock time for ModelFinder: 157.920 seconds (0h:2m:37s)
Generating 1000 samples for ultrafast bootstrap (seed: 331542)...

NOTE: 0 MB RAM (0 GB) is required!
Estimate model parameters (epsilon = 0.100)
1. Initial log-likelihood: -1149.554
Optimal log-likelihood: -1149.509
Rate parameters:  A-C: 1.00000  A-G: 4.32711  A-T: 1.00000  C-G: 1.00000  C-T: 25.54954  G-T: 1.00000
Base frequencies:  A: 0.221  C: 0.249  G: 0.270  T: 0.260
Parameters optimization took 1 rounds (0.001 sec)
Wrote distance file to... 
Computing ML distances based on estimated model parameters...
Calculating distance matrix: done in 0.000349265 secs using 98.21% CPU
Computing ML distances took 0.000456 sec (of wall-clock time) 0.000442 sec (of CPU time)
Setting up auxiliary I and S matrices: done in 4.63687e-05 secs using 97.05% CPU
Constructing RapidNJ tree: done in 6.02491e-05 secs using 97.93% CPU
Computing RapidNJ tree took 0.000193 sec (of wall-clock time) 0.000192 sec (of CPU time)
Log-likelihood of RapidNJ tree: -1151.393
--------------------------------------------------------------------
|             INITIALIZING CANDIDATE TREE SET                      |
--------------------------------------------------------------------
Generating 98 parsimony trees... 0.031 second
Computing log-likelihood of 85 initial trees ... 0.020 seconds
Current best score: -1149.507

Do NNI search on 20 best initial trees
Optimizing NNI: done in 0.00123467 secs using 98.16% CPU
Estimate model parameters (epsilon = 0.100)
BETTER TREE FOUND at iteration 1: -1149.507
Optimizing NNI: done in 0.0011542 secs using 99.81% CPU
BETTER TREE FOUND at iteration 2: -1149.507
Optimizing NNI: done in 0.00109095 secs using 99.73% CPU
BETTER TREE FOUND at iteration 3: -1149.507
Optimizing NNI: done in 0.0010882 secs using 99.15% CPU
Optimizing NNI: done in 0.00110576 secs using 99.75% CPU
Optimizing NNI: done in 0.00113119 secs using 99.19% CPU
Optimizing NNI: done in 0.00118946 secs using 99.79% CPU
Optimizing NNI: done in 0.0012261 secs using 21.69% CPU
UPDATE BEST LOG-LIKELIHOOD: -1149.507
Optimizing NNI: done in 0.00110403 secs using 99.27% CPU
Optimizing NNI: done in 0.00113346 secs using 98.64% CPU
Iteration 10 / LogL: -1149.507 / Time: 0h:2m:38s
Optimizing NNI: done in 0.00109532 secs using 99.24% CPU
Optimizing NNI: done in 0.00108105 secs using 99.81% CPU
Optimizing NNI: done in 0.00108505 secs using 99.81% CPU
Optimizing NNI: done in 0.0011242 secs using 14.77% CPU
Optimizing NNI: done in 0.00113726 secs using 98.57% CPU
Optimizing NNI: done in 0.0012189 secs using 98.78% CPU
Optimizing NNI: done in 0.00117978 secs using 99% CPU
Optimizing NNI: done in 0.00108719 secs using 99.71% CPU
Optimizing NNI: done in 0.00108863 secs using 99.85% CPU
Optimizing NNI: done in 0.00110049 secs using 99.23% CPU
Iteration 20 / LogL: -1149.507 / Time: 0h:2m:38s
Finish initializing candidate tree set (6)
Current best tree score: -1149.507 / CPU time: 0.088
Number of iterations: 20
--------------------------------------------------------------------
|               OPTIMIZING CANDIDATE TREE SET                      |
--------------------------------------------------------------------
Optimizing NNI: done in 0.00113406 secs using 99.11% CPU
Optimizing NNI: done in 0.00288984 secs using 66.47% CPU
Optimizing NNI: done in 0.00184371 secs using 99.53% CPU
Optimizing NNI: done in 0.00209326 secs using 99.56% CPU
Optimizing NNI: done in 0.00106454 secs using 99.39% CPU
Optimizing NNI: done in 0.00113401 secs using 99.12% CPU
Optimizing NNI: done in 0.0010327 secs using 2.905% CPU
Optimizing NNI: done in 0.0010256 secs using 2.73% CPU
Optimizing NNI: done in 0.00214457 secs using 99.18% CPU
Optimizing NNI: done in 0.00162851 secs using 99.48% CPU
Iteration 30 / LogL: -1149.507 / Time: 0h:2m:38s (0h:0m:0s left)
Optimizing NNI: done in 0.00185385 secs using 99.79% CPU
Optimizing NNI: done in 0.00112663 secs using 99.68% CPU
Optimizing NNI: done in 0.00598257 secs using 33.06% CPU
Optimizing NNI: done in 0.00186566 secs using 99.54% CPU
Optimizing NNI: done in 0.00178773 secs using 96.94% CPU
Optimizing NNI: done in 0.00101653 secs using 99.26% CPU
UPDATE BEST LOG-LIKELIHOOD: -1149.507
Optimizing NNI: done in 0.00180759 secs using 99.53% CPU
Optimizing NNI: done in 0.00104444 secs using 99.29% CPU
Optimizing NNI: done in 0.00106455 secs using 99.76% CPU
Optimizing NNI: done in 0.00106018 secs using 99.23% CPU
Iteration 40 / LogL: -1149.507 / Time: 0h:2m:38s (0h:0m:0s left)
Optimizing NNI: done in 0.0018383 secs using 99.55% CPU
Optimizing NNI: done in 0.00109028 secs using 99.79% CPU
Optimizing NNI: done in 0.00101921 secs using 99.78% CPU
Optimizing NNI: done in 0.00106498 secs using 99.81% CPU
Optimizing NNI: done in 0.0025903 secs using 99.68% CPU
Optimizing NNI: done in 0.00102897 secs using 99.81% CPU
Optimizing NNI: done in 0.00101614 secs using 99.2% CPU
Optimizing NNI: done in 0.00107441 secs using 99.68% CPU
Optimizing NNI: done in 0.00203168 secs using 99.57% CPU
Optimizing NNI: done in 0.00171581 secs using 99.49% CPU
Iteration 50 / LogL: -1149.507 / Time: 0h:2m:38s (0h:0m:0s left)
Log-likelihood cutoff on original alignment: -1156.134
Optimizing NNI: done in 0.00141734 secs using 97.15% CPU
Optimizing NNI: done in 0.0017034 secs using 99.57% CPU
Optimizing NNI: done in 0.00100388 secs using 99.71% CPU
Optimizing NNI: done in 0.00164828 secs using 99.8% CPU
Optimizing NNI: done in 0.00165485 secs using 42.66% CPU
Optimizing NNI: done in 0.00171392 secs using 99.48% CPU
Optimizing NNI: done in 0.00185056 secs using 45.01% CPU
Optimizing NNI: done in 0.00164638 secs using 99.49% CPU
Optimizing NNI: done in 0.000949465 secs using 99.74% CPU
Optimizing NNI: done in 0.00180053 secs using 99.53% CPU
Iteration 60 / LogL: -1149.507 / Time: 0h:2m:38s (0h:0m:0s left)
Optimizing NNI: done in 0.00171235 secs using 42.28% CPU
Optimizing NNI: done in 0.00175058 secs using 99.62% CPU
Optimizing NNI: done in 0.00136611 secs using 97.58% CPU
Optimizing NNI: done in 0.00095778 secs
Optimizing NNI: done in 0.000920681 secs using 99.82% CPU
Optimizing NNI: done in 0.00166655 secs using 40.98% CPU
Optimizing NNI: done in 0.000947678 secs using 99.82% CPU
Optimizing NNI: done in 0.00172329 secs using 97.6% CPU
Optimizing NNI: done in 0.00166134 secs using 41.11% CPU
Optimizing NNI: done in 0.00101404 secs using 99.7% CPU
Iteration 70 / LogL: -1149.507 / Time: 0h:2m:38s (0h:0m:0s left)
Optimizing NNI: done in 0.00153591 secs using 36.2% CPU
Optimizing NNI: done in 0.00134872 secs using 98.46% CPU
Optimizing NNI: done in 0.000963947 secs using 91.29% CPU
Optimizing NNI: done in 0.00174969 secs using 98.7% CPU
Optimizing NNI: done in 0.000961781 secs using 99.19% CPU
Optimizing NNI: done in 0.00150841 secs using 99.44% CPU
Optimizing NNI: done in 0.00155184 secs using 99.5% CPU
Optimizing NNI: done in 0.00255245 secs using 99.71% CPU
Optimizing NNI: done in 0.00151709 secs using 99.47% CPU
Optimizing NNI: done in 0.000939246 secs using 99.76% CPU
UPDATE BEST LOG-LIKELIHOOD: -1149.507
Iteration 80 / LogL: -1149.507 / Time: 0h:2m:38s (0h:0m:0s left)
Optimizing NNI: done in 0.00169685 secs using 99.42% CPU
Optimizing NNI: done in 0.0015835 secs using 99.46% CPU
Optimizing NNI: done in 0.00182477 secs using 99.57% CPU
Optimizing NNI: done in 0.00162991 secs using 99.88% CPU
UPDATE BEST LOG-LIKELIHOOD: -1149.507
Optimizing NNI: done in 0.00161293 secs using 99.88% CPU
Optimizing NNI: done in 0.00298838 secs using 99.75% CPU
Optimizing NNI: done in 0.00168923 secs using 99.51% CPU
Optimizing NNI: done in 0.00194203 secs
Optimizing NNI: done in 0.00168879 secs using 99.54% CPU
Optimizing NNI: done in 0.000957014 secs using 99.79% CPU
Iteration 90 / LogL: -1149.507 / Time: 0h:2m:38s (0h:0m:0s left)
Optimizing NNI: done in 0.00165599 secs using 99.52% CPU
Optimizing NNI: done in 0.00169799 secs using 99.47% CPU
Optimizing NNI: done in 0.001839 secs
Optimizing NNI: done in 0.00266127 secs using 98.26% CPU
Optimizing NNI: done in 0.000978045 secs using 99.08% CPU
Optimizing NNI: done in 0.00096575 secs using 99.72% CPU
Optimizing NNI: done in 0.000992201 secs using 99.78% CPU
Optimizing NNI: done in 0.000921536 secs using 99.83% CPU
Optimizing NNI: done in 0.00169523 secs using 97.92% CPU
Optimizing NNI: done in 0.00164851 secs using 99.85% CPU
Iteration 100 / LogL: -1149.508 / Time: 0h:2m:38s (0h:0m:0s left)
Log-likelihood cutoff on original alignment: -1156.527
NOTE: Bootstrap correlation coefficient of split occurrence frequencies: 0.913
NOTE: UFBoot does not converge, continue at least 100 more iterations
Optimizing NNI: done in 0.00172168 secs using 99.5% CPU
Optimizing NNI: done in 0.00160694 secs using 99.51% CPU
Optimizing NNI: done in 0.000968182 secs using 99.15% CPU
Optimizing NNI: done in 0.00158986 secs using 99.44% CPU
Optimizing NNI: done in 0.00339387 secs using 99.71% CPU
Optimizing NNI: done in 0.00159155 secs using 99.53% CPU
Optimizing NNI: done in 0.00181961 secs using 48.03% CPU
Optimizing NNI: done in 0.00169799 secs using 99.53% CPU
Optimizing NNI: done in 0.000940481 secs using 98.99% CPU
Optimizing NNI: done in 0.000948232 secs using 99.24% CPU
Iteration 110 / LogL: -1149.507 / Time: 0h:2m:38s (0h:0m:0s left)
Optimizing NNI: done in 0.00188236 secs using 99.61% CPU
Optimizing NNI: done in 0.000954432 secs using 99.75% CPU
Optimizing NNI: done in 0.00101202 secs using 99.01% CPU
Optimizing NNI: done in 0.00204124 secs using 99.6% CPU
Optimizing NNI: done in 0.000931721 secs using 99.17% CPU
Optimizing NNI: done in 0.001644 secs using 99.51% CPU
Optimizing NNI: done in 0.00155913 secs using 99.48% CPU
Optimizing NNI: done in 0.00171886 secs using 99.54% CPU
Optimizing NNI: done in 0.00274836 secs using 75.72% CPU
Optimizing NNI: done in 0.00165668 secs using 97.3% CPU
Iteration 120 / LogL: -1149.508 / Time: 0h:2m:38s (0h:0m:0s left)
Optimizing NNI: done in 0.00101672 secs using 99.14% CPU
Optimizing NNI: done in 0.00163371 secs using 97.32% CPU
Optimizing NNI: done in 0.00161196 secs using 99.82% CPU
Optimizing NNI: done in 0.00208583 secs using 99.67% CPU
Optimizing NNI: done in 0.000999728 secs using 99.23% CPU
Optimizing NNI: done in 0.00101371 secs using 99.24% CPU
Optimizing NNI: done in 0.00169956 secs using 99.55% CPU
Optimizing NNI: done in 0.00163654 secs
Optimizing NNI: done in 0.00173813 secs using 99.53% CPU
Optimizing NNI: done in 0.00100888 secs using 99.71% CPU
Iteration 130 / LogL: -1149.507 / Time: 0h:2m:38s (0h:0m:0s left)
Optimizing NNI: done in 0.0016941 secs using 99.52% CPU
Optimizing NNI: done in 0.00175517 secs using 97.14% CPU
Optimizing NNI: done in 0.00101794 secs using 98.43% CPU
Optimizing NNI: done in 0.000978291 secs using 99.05% CPU
Optimizing NNI: done in 0.000928378 secs using 99.74% CPU
Optimizing NNI: done in 0.00102129 secs using 99.19% CPU
Optimizing NNI: done in 0.00177189 secs using 99.55% CPU
Optimizing NNI: done in 0.00270026 secs using 99.69% CPU
Optimizing NNI: done in 0.00103323 secs using 99.69% CPU
Optimizing NNI: done in 0.00290933 secs using 99.71% CPU
Iteration 140 / LogL: -1149.509 / Time: 0h:2m:39s (0h:0m:0s left)
Optimizing NNI: done in 0.001726 secs using 99.54% CPU
Optimizing NNI: done in 0.00138066 secs using 99.81% CPU
Optimizing NNI: done in 0.00168746 secs using 99.56% CPU
Optimizing NNI: done in 0.00171843 secs using 99.51% CPU
Optimizing NNI: done in 0.00258538 secs using 99.33% CPU
Optimizing NNI: done in 0.000935759 secs using 99.71% CPU
Optimizing NNI: done in 0.000981595 secs using 99.02% CPU
Optimizing NNI: done in 0.000935514 secs using 99.73% CPU
Optimizing NNI: done in 0.00164372 secs using 97.28% CPU
Optimizing NNI: done in 0.00211682 secs using 98.07% CPU
Iteration 150 / LogL: -1149.507 / Time: 0h:2m:39s (0h:0m:0s left)
Log-likelihood cutoff on original alignment: -1157.865
Optimizing NNI: done in 0.000978302 secs using 99.76% CPU
Optimizing NNI: done in 0.00163465 secs using 99.47% CPU
Optimizing NNI: done in 0.000963811 secs using 94.62% CPU
Optimizing NNI: done in 0.00172111 secs using 99.53% CPU
Optimizing NNI: done in 0.00193981 secs using 99.6% CPU
Optimizing NNI: done in 0.00172672 secs using 99.9% CPU
Optimizing NNI: done in 0.000905402 secs using 99.73% CPU
Optimizing NNI: done in 0.0017586 secs using 99.45% CPU
Optimizing NNI: done in 0.000977527 secs using 99.74% CPU
Optimizing NNI: done in 0.00165848 secs using 99.85% CPU
Iteration 160 / LogL: -1149.507 / Time: 0h:2m:39s (0h:0m:0s left)
Optimizing NNI: done in 0.00177618 secs using 99.54% CPU
Optimizing NNI: done in 0.00169839 secs using 99.51% CPU
Optimizing NNI: done in 0.00165188 secs using 99.83% CPU
Optimizing NNI: done in 0.000936963 secs using 99.68% CPU
Optimizing NNI: done in 0.00268632 secs using 99.69% CPU
Optimizing NNI: done in 0.000928083 secs using 99.67% CPU
Optimizing NNI: done in 0.00164 secs using 99.02% CPU
Optimizing NNI: done in 0.00100629 secs using 99.77% CPU
Optimizing NNI: done in 0.000945868 secs using 99.17% CPU
Optimizing NNI: done in 0.00094253 secs using 99.09% CPU
Iteration 170 / LogL: -1149.507 / Time: 0h:2m:39s (0h:0m:0s left)
Optimizing NNI: done in 0.00268419 secs using 99.7% CPU
Optimizing NNI: done in 0.00168937 secs using 99.5% CPU
Optimizing NNI: done in 0.00183301 secs using 99.56% CPU
Optimizing NNI: done in 0.000908401 secs using 99.74% CPU
Optimizing NNI: done in 0.000990227 secs using 99.78% CPU
Optimizing NNI: done in 0.00160867 secs using 99.71% CPU
Optimizing NNI: done in 0.000938637 secs using 99.72% CPU
Optimizing NNI: done in 0.00094882 secs using 99.81% CPU
Optimizing NNI: done in 0.000986494 secs using 99.75% CPU
Optimizing NNI: done in 0.00166447 secs using 99.91% CPU
Iteration 180 / LogL: -1154.226 / Time: 0h:2m:39s (0h:0m:0s left)
Optimizing NNI: done in 0.0019422 secs using 99.63% CPU
Optimizing NNI: done in 0.00175462 secs using 96.83% CPU
Optimizing NNI: done in 0.00189061 secs using 99.92% CPU
Optimizing NNI: done in 0.00158994 secs using 99.5% CPU
Optimizing NNI: done in 0.00094611 secs using 99.78% CPU
Optimizing NNI: done in 0.000983516 secs using 99.74% CPU
Optimizing NNI: done in 0.00209662 secs using 88.52% CPU
Optimizing NNI: done in 0.00165203 secs using 99.39% CPU
Optimizing NNI: done in 0.000988068 secs using 99.69% CPU
Optimizing NNI: done in 0.00459987 secs using 99.66% CPU
Iteration 190 / LogL: -1149.509 / Time: 0h:2m:39s (0h:0m:0s left)
Optimizing NNI: done in 0.00163891 secs using 97.63% CPU
Optimizing NNI: done in 0.00091357 secs using 99.83% CPU
Optimizing NNI: done in 0.00210658 secs using 99.21% CPU
Optimizing NNI: done in 0.00180828 secs using 98.99% CPU
Optimizing NNI: done in 0.00162139 secs using 99.48% CPU
Optimizing NNI: done in 0.000988817 secs using 99.31% CPU
Optimizing NNI: done in 0.00167038 secs using 99.38% CPU
Optimizing NNI: done in 0.0017754 secs using 98.74% CPU
Optimizing NNI: done in 0.00197312 secs using 99.64% CPU
Optimizing NNI: done in 0.00183029 secs using 99.55% CPU
Iteration 200 / LogL: -1149.507 / Time: 0h:2m:39s (0h:0m:0s left)
Log-likelihood cutoff on original alignment: -1161.503
NOTE: Bootstrap correlation coefficient of split occurrence frequencies: 0.947
NOTE: UFBoot does not converge, continue at least 100 more iterations
Optimizing NNI: done in 0.000983195 secs using 99.06% CPU
Optimizing NNI: done in 0.000964578 secs using 0.311% CPU
Optimizing NNI: done in 0.000924585 secs using 99.07% CPU
Optimizing NNI: done in 0.00181895 secs using 99.56% CPU
Optimizing NNI: done in 0.00182479 secs using 99.52% CPU
Optimizing NNI: done in 0.000957545 secs using 99.21% CPU
Optimizing NNI: done in 0.00298803 secs using 99.7% CPU
Optimizing NNI: done in 0.00091522 secs using 99.76% CPU
Optimizing NNI: done in 0.00172979 secs using 99.49% CPU
Optimizing NNI: done in 0.00201029 secs using 99.84% CPU
Iteration 210 / LogL: -1151.389 / Time: 0h:2m:39s (0h:0m:0s left)
Optimizing NNI: done in 0.000962416 secs using 99.13% CPU
Optimizing NNI: done in 0.000967845 secs using 99.19% CPU
Optimizing NNI: done in 0.0017781 secs using 99.6% CPU
Optimizing NNI: done in 0.000948559 secs using 99.73% CPU
Optimizing NNI: done in 0.00195917 secs using 99.89% CPU
Optimizing NNI: done in 0.000973826 secs
Optimizing NNI: done in 0.00180115 secs using 99.6% CPU
Optimizing NNI: done in 0.0019245 secs using 99.87% CPU
Optimizing NNI: done in 0.00191031 secs using 99.51% CPU
Optimizing NNI: done in 0.00252267 secs using 99.42% CPU
Iteration 220 / LogL: -1149.507 / Time: 0h:2m:39s (0h:0m:0s left)
Optimizing NNI: done in 0.000937227 secs using 99.76% CPU
Optimizing NNI: done in 0.00172706 secs using 99.53% CPU
Optimizing NNI: done in 0.000979336 secs using 99.05% CPU
Optimizing NNI: done in 0.00199416 secs using 99.59% CPU
Optimizing NNI: done in 0.00181478 secs using 99.41% CPU
Optimizing NNI: done in 0.00190072 secs using 99.59% CPU
Optimizing NNI: done in 0.00185294 secs using 99.57% CPU
Optimizing NNI: done in 0.00190406 secs using 96.79% CPU
Optimizing NNI: done in 0.00194614 secs using 49.74% CPU
Optimizing NNI: done in 0.000940602 secs using 99.72% CPU
Iteration 230 / LogL: -1149.507 / Time: 0h:2m:39s (0h:0m:0s left)
Optimizing NNI: done in 0.00189522 secs using 99.57% CPU
Optimizing NNI: done in 0.00168254 secs using 99.85% CPU
Optimizing NNI: done in 0.00184077 secs using 99.58% CPU
Optimizing NNI: done in 0.000989063 secs using 99.69% CPU
Optimizing NNI: done in 0.00251088 secs using 99.69% CPU
Optimizing NNI: done in 0.00185548 secs using 99.6% CPU
Optimizing NNI: done in 0.00209399 secs using 99.86% CPU
Optimizing NNI: done in 0.00194575 secs using 99.55% CPU
Optimizing NNI: done in 0.000950726 secs using 99.71% CPU
Optimizing NNI: done in 0.00183874 secs using 99.52% CPU
Iteration 240 / LogL: -1153.982 / Time: 0h:2m:39s (0h:0m:0s left)
Optimizing NNI: done in 0.000981154 secs using 99.27% CPU
Optimizing NNI: done in 0.00182953 secs using 99.53% CPU
Optimizing NNI: done in 0.00186853 secs using 99.54% CPU
Optimizing NNI: done in 0.0019417 secs using 99.86% CPU
Optimizing NNI: done in 0.0018532 secs using 99.18% CPU
Optimizing NNI: done in 0.00186368 secs using 99.91% CPU
Optimizing NNI: done in 0.00202416 secs using 99.55% CPU
Optimizing NNI: done in 0.00187388 secs using 99.53% CPU
Optimizing NNI: done in 0.000995835 secs using 99.21% CPU
Optimizing NNI: done in 0.00196115 secs using 99.58% CPU
Iteration 250 / LogL: -1153.982 / Time: 0h:2m:40s (0h:0m:0s left)
Log-likelihood cutoff on original alignment: -1164.121
Optimizing NNI: done in 0.000958355 secs using 99.75% CPU
Optimizing NNI: done in 0.00198436 secs using 99.58% CPU
Optimizing NNI: done in 0.00195299 secs using 99.59% CPU
Optimizing NNI: done in 0.00189665 secs using 99.6% CPU
Optimizing NNI: done in 0.00183072 secs using 99.85% CPU
Optimizing NNI: done in 0.00274191 secs using 99.68% CPU
Optimizing NNI: done in 0.00211651 secs using 99.88% CPU
Optimizing NNI: done in 0.000993071 secs using 99.79% CPU
Optimizing NNI: done in 0.0009457 secs using 99.82% CPU
Optimizing NNI: done in 0.000999501 secs using 99.05% CPU
Iteration 260 / LogL: -1149.507 / Time: 0h:2m:40s (0h:0m:0s left)
Optimizing NNI: done in 0.00183808 secs using 99.89% CPU
Optimizing NNI: done in 0.00193201 secs using 99.59% CPU
Optimizing NNI: done in 0.00187668 secs using 99.64% CPU
Optimizing NNI: done in 0.00103541 secs using 99.77% CPU
Optimizing NNI: done in 0.00179536 secs using 99.53% CPU
Optimizing NNI: done in 0.000929628 secs using 99.07% CPU
Optimizing NNI: done in 0.000978226 secs using 99.87% CPU
Optimizing NNI: done in 0.0019591 secs using 99.64% CPU
Optimizing NNI: done in 0.00200385 secs using 99.91% CPU
Optimizing NNI: done in 0.00186027 secs using 99.56% CPU
Iteration 270 / LogL: -1153.983 / Time: 0h:2m:40s (0h:0m:0s left)
Optimizing NNI: done in 0.00213441 secs using 55.05% CPU
Optimizing NNI: done in 0.00094522 secs using 99.77% CPU
Optimizing NNI: done in 0.00177196 secs using 99.89% CPU
Optimizing NNI: done in 0.00186981 secs using 99.58% CPU
Optimizing NNI: done in 0.00292922 secs using 99.72% CPU
Optimizing NNI: done in 0.000938723 secs using 99.18% CPU
Optimizing NNI: done in 0.000989638 secs using 99.73% CPU
Optimizing NNI: done in 0.00321486 secs using 99.76% CPU
Optimizing NNI: done in 0.0018641 secs using 99.57% CPU
Optimizing NNI: done in 0.00196494 secs using 99.6% CPU
Iteration 280 / LogL: -1149.508 / Time: 0h:2m:40s (0h:0m:0s left)
Optimizing NNI: done in 0.000928519 secs using 99.73% CPU
Optimizing NNI: done in 0.0020356 secs
Optimizing NNI: done in 0.000960525 secs using 99.74% CPU
Optimizing NNI: done in 0.000980776 secs using 99.72% CPU
Optimizing NNI: done in 0.000957668 secs using 99.09% CPU
Optimizing NNI: done in 0.000936123 secs using 99.77% CPU
Optimizing NNI: done in 0.000927808 secs using 99.16% CPU
Optimizing NNI: done in 0.00096905 secs using 99.17% CPU
Optimizing NNI: done in 0.00182047 secs using 99.53% CPU
Optimizing NNI: done in 0.00172906 secs using 99.59% CPU
Iteration 290 / LogL: -1149.507 / Time: 0h:2m:40s (0h:0m:0s left)
Optimizing NNI: done in 0.0018501 secs using 48.38% CPU
Optimizing NNI: done in 0.00185343 secs using 98.03% CPU
Optimizing NNI: done in 0.00199227 secs using 98.68% CPU
Optimizing NNI: done in 0.0016904 secs using 99.56% CPU
Optimizing NNI: done in 0.000973349 secs using 98.42% CPU
Optimizing NNI: done in 0.00176836 secs using 99.87% CPU
Optimizing NNI: done in 0.000967935 secs using 99.18% CPU
Optimizing NNI: done in 0.000992402 secs using 99.66% CPU
Optimizing NNI: done in 0.00188766 secs using 99.59% CPU
Optimizing NNI: done in 0.00382293 secs using 73.97% CPU
Iteration 300 / LogL: -1149.510 / Time: 0h:2m:40s (0h:0m:0s left)
Log-likelihood cutoff on original alignment: -1164.122
NOTE: Bootstrap correlation coefficient of split occurrence frequencies: 0.960
NOTE: UFBoot does not converge, continue at least 100 more iterations
Optimizing NNI: done in 0.00181418 secs
Optimizing NNI: done in 0.000996606 secs using 99.74% CPU
Optimizing NNI: done in 0.000878034 secs using 99.08% CPU
Optimizing NNI: done in 0.000975111 secs using 99.17% CPU
Optimizing NNI: done in 0.00201105 secs using 99.9% CPU
Optimizing NNI: done in 0.00187264 secs using 99.59% CPU
Optimizing NNI: done in 0.00294076 secs using 99.74% CPU
Optimizing NNI: done in 0.00177008 secs using 99.54% CPU
Optimizing NNI: done in 0.000908209 secs using 99.65% CPU
Optimizing NNI: done in 0.000967411 secs using 99.75% CPU
Iteration 310 / LogL: -1149.507 / Time: 0h:2m:40s (0h:0m:0s left)
Optimizing NNI: done in 0.00190341 secs using 99.61% CPU
Optimizing NNI: done in 0.000938175 secs using 99.66% CPU
Optimizing NNI: done in 0.000979841 secs using 99.71% CPU
Optimizing NNI: done in 0.00177441 secs using 99.81% CPU
Optimizing NNI: done in 0.00206365 secs using 99.92% CPU
Optimizing NNI: done in 0.000954164 secs using 99.25% CPU
Optimizing NNI: done in 0.00187669 secs using 99.54% CPU
Optimizing NNI: done in 0.00183662 secs using 99.58% CPU
Optimizing NNI: done in 0.000919644 secs using 99.06% CPU
Optimizing NNI: done in 0.00210422 secs using 99.85% CPU
Iteration 320 / LogL: -1149.507 / Time: 0h:2m:40s (0h:0m:0s left)
Optimizing NNI: done in 0.00100599 secs using 99.6% CPU
Optimizing NNI: done in 0.00187306 secs using 99.57% CPU
Optimizing NNI: done in 0.00285458 secs using 99.73% CPU
Optimizing NNI: done in 0.000975076 secs using 99.17% CPU
Optimizing NNI: done in 0.000953985 secs using 99.16% CPU
Optimizing NNI: done in 0.00299945 secs using 99.75% CPU
Optimizing NNI: done in 0.0019347 secs using 99.5% CPU
Optimizing NNI: done in 0.00216838 secs using 99.61% CPU
Optimizing NNI: done in 0.0018888 secs using 96.99% CPU
Optimizing NNI: done in 0.000963571 secs using 99.11% CPU
Iteration 330 / LogL: -1149.507 / Time: 0h:2m:40s (0h:0m:0s left)
Optimizing NNI: done in 0.00100271 secs using 99.63% CPU
Optimizing NNI: done in 0.00192673 secs using 99.6% CPU
Optimizing NNI: done in 0.00211658 secs using 99.36% CPU
Optimizing NNI: done in 0.00187653 secs
Optimizing NNI: done in 0.00193273 secs using 99.6% CPU
Optimizing NNI: done in 0.00287548 secs using 99.91% CPU
Optimizing NNI: done in 0.00196394 secs using 99.65% CPU
Optimizing NNI: done in 0.00189936 secs using 99.56% CPU
Optimizing NNI: done in 0.00179261 secs using 44.96% CPU
Optimizing NNI: done in 0.00186005 secs using 99.57% CPU
Iteration 340 / LogL: -1149.508 / Time: 0h:2m:40s (0h:0m:0s left)
Optimizing NNI: done in 0.00101043 secs using 99.17% CPU
Optimizing NNI: done in 0.000974594 secs
Optimizing NNI: done in 0.0031895 secs using 98.86% CPU
Optimizing NNI: done in 0.00188631 secs using 47.77% CPU
Optimizing NNI: done in 0.00179643 secs using 99.53% CPU
Optimizing NNI: done in 0.00195572 secs using 99.61% CPU
Optimizing NNI: done in 0.00200405 secs using 99.65% CPU
Optimizing NNI: done in 0.00181289 secs using 99.51% CPU
Optimizing NNI: done in 0.00164363 secs using 99.54% CPU
Optimizing NNI: done in 0.00196366 secs using 50.47% CPU
Iteration 350 / LogL: -1149.508 / Time: 0h:2m:40s (0h:0m:0s left)
Log-likelihood cutoff on original alignment: -1164.293
Optimizing NNI: done in 0.0018562 secs using 99.56% CPU
Optimizing NNI: done in 0.00174948 secs using 99.57% CPU
Optimizing NNI: done in 0.0010174 secs
Optimizing NNI: done in 0.00189313 secs using 99.15% CPU
Optimizing NNI: done in 0.000948783 secs using 99.71% CPU
Optimizing NNI: done in 0.00330962 secs using 70.01% CPU
Optimizing NNI: done in 0.00167089 secs using 99.59% CPU
Optimizing NNI: done in 0.00184393 secs using 99.57% CPU
Optimizing NNI: done in 0.000970516 secs using 99.74% CPU
Optimizing NNI: done in 0.00176419 secs using 99.14% CPU
Iteration 360 / LogL: -1149.507 / Time: 0h:2m:41s (0h:0m:0s left)
Optimizing NNI: done in 0.000969954 secs using 99.8% CPU
Optimizing NNI: done in 0.000968732 secs using 99.72% CPU
Optimizing NNI: done in 0.000948202 secs using 99.14% CPU
Optimizing NNI: done in 0.000975769 secs using 99.72% CPU
Optimizing NNI: done in 0.000962628 secs using 99.73% CPU
Optimizing NNI: done in 0.0021338 secs using 99.63% CPU
Optimizing NNI: done in 0.00202734 secs using 99.64% CPU
Optimizing NNI: done in 0.00181358 secs using 99.53% CPU
Optimizing NNI: done in 0.00205806 secs using 99.61% CPU
Optimizing NNI: done in 0.00187282 secs using 99.58% CPU
Iteration 370 / LogL: -1149.507 / Time: 0h:2m:41s (0h:0m:0s left)
Optimizing NNI: done in 0.00190505 secs using 47.93% CPU
Optimizing NNI: done in 0.000998382 secs using 99.76% CPU
Optimizing NNI: done in 0.000941405 secs using 99.74% CPU
Optimizing NNI: done in 0.00191865 secs using 99.45% CPU
Optimizing NNI: done in 0.00382292 secs using 99.77% CPU
Optimizing NNI: done in 0.000980772 secs using 99.72% CPU
Optimizing NNI: done in 0.00179889 secs using 99.56% CPU
Optimizing NNI: done in 0.00187925 secs using 99.56% CPU
Optimizing NNI: done in 0.00185356 secs using 99.54% CPU
Optimizing NNI: done in 0.000955587 secs using 99.1% CPU
Iteration 380 / LogL: -1149.507 / Time: 0h:2m:41s (0h:0m:0s left)
Optimizing NNI: done in 0.000911646 secs using 99.16% CPU
Optimizing NNI: done in 0.000972362 secs using 99.14% CPU
Optimizing NNI: done in 0.00176246 secs using 99.52% CPU
Optimizing NNI: done in 0.00197278 secs using 96.51% CPU
Optimizing NNI: done in 0.00196016 secs using 99.58% CPU
Optimizing NNI: done in 0.000998056 secs using 98.99% CPU
Optimizing NNI: done in 0.000934916 secs using 99.15% CPU
Optimizing NNI: done in 0.0028782 secs using 99.75% CPU
Optimizing NNI: done in 0.000987088 secs using 99.28% CPU
Optimizing NNI: done in 0.000992153 secs
Iteration 390 / LogL: -1149.507 / Time: 0h:2m:41s (0h:0m:0s left)
Optimizing NNI: done in 0.00193121 secs using 99.58% CPU
Optimizing NNI: done in 0.000995493 secs using 99.25% CPU
Optimizing NNI: done in 0.000898557 secs
Optimizing NNI: done in 0.000939639 secs using 99.19% CPU
Optimizing NNI: done in 0.00169769 secs using 99.55% CPU
Optimizing NNI: done in 0.000978149 secs using 99.78% CPU
Optimizing NNI: done in 0.00187715 secs using 99.62% CPU
Optimizing NNI: done in 0.0019185 secs using 99.61% CPU
Optimizing NNI: done in 0.000893602 secs using 99.71% CPU
Optimizing NNI: done in 0.00270992 secs using 99.71% CPU
Iteration 400 / LogL: -1149.507 / Time: 0h:2m:41s (0h:0m:0s left)
Log-likelihood cutoff on original alignment: -1164.293
NOTE: Bootstrap correlation coefficient of split occurrence frequencies: 0.978
NOTE: UFBoot does not converge, continue at least 100 more iterations
Optimizing NNI: done in 0.000960721 secs using 94.3% CPU
Optimizing NNI: done in 0.00190949 secs using 99.61% CPU
Optimizing NNI: done in 0.00181142 secs using 99.42% CPU
Optimizing NNI: done in 0.00112625 secs using 98.74% CPU
Optimizing NNI: done in 0.000988115 secs
Optimizing NNI: done in 0.000919113 secs using 99.12% CPU
Optimizing NNI: done in 0.00101419 secs using 99.09% CPU
Optimizing NNI: done in 0.000984328 secs using 99.76% CPU
Optimizing NNI: done in 0.000957686 secs using 99.72% CPU
Optimizing NNI: done in 0.00177741 secs using 98.91% CPU
Iteration 410 / LogL: -1149.507 / Time: 0h:2m:41s (0h:0m:0s left)
Optimizing NNI: done in 0.00189371 secs using 99.12% CPU
Optimizing NNI: done in 0.00097899 secs using 99.8% CPU
Optimizing NNI: done in 0.0019846 secs using 99.57% CPU
Optimizing NNI: done in 0.00195574 secs using 99.55% CPU
Optimizing NNI: done in 0.000999879 secs using 99.11% CPU
Optimizing NNI: done in 0.000949629 secs using 99.72% CPU
Optimizing NNI: done in 0.00187652 secs using 99.49% CPU
Optimizing NNI: done in 0.00100227 secs using 99.17% CPU
Optimizing NNI: done in 0.00184262 secs using 99.59% CPU
Optimizing NNI: done in 0.000970626 secs using 99.83% CPU
Iteration 420 / LogL: -1149.507 / Time: 0h:2m:41s (0h:0m:0s left)
Optimizing NNI: done in 0.00468803 secs using 78.95% CPU
Optimizing NNI: done in 0.00214815 secs using 99.67% CPU
Optimizing NNI: done in 0.00372637 secs using 73.32% CPU
Optimizing NNI: done in 0.000956845 secs using 99.18% CPU
Optimizing NNI: done in 0.000984583 secs using 99.13% CPU
Optimizing NNI: done in 0.0010103 secs using 0.8908% CPU
Optimizing NNI: done in 0.00200582 secs using 99.31% CPU
Optimizing NNI: done in 0.00177236 secs using 99.13% CPU
Optimizing NNI: done in 0.00187267 secs using 99.59% CPU
Optimizing NNI: done in 0.000950761 secs using 99.18% CPU
Iteration 430 / LogL: -1149.507 / Time: 0h:2m:41s (0h:0m:0s left)
Optimizing NNI: done in 0.000949383 secs using 99.75% CPU
Optimizing NNI: done in 0.000935428 secs using 99.74% CPU
Optimizing NNI: done in 0.00176083 secs using 99.61% CPU
Optimizing NNI: done in 0.00197417 secs using 99.64% CPU
Optimizing NNI: done in 0.00166539 secs using 99.56% CPU
Optimizing NNI: done in 0.00195356 secs using 99.56% CPU
Optimizing NNI: done in 0.00191297 secs using 98.64% CPU
Optimizing NNI: done in 0.00291522 secs using 99.72% CPU
Optimizing NNI: done in 0.000986243 secs using 99.77% CPU
Optimizing NNI: done in 0.000906795 secs using 99.8% CPU
Iteration 440 / LogL: -1149.507 / Time: 0h:2m:41s (0h:0m:0s left)
Optimizing NNI: done in 0.00183192 secs using 99.51% CPU
Optimizing NNI: done in 0.00189741 secs using 99.61% CPU
Optimizing NNI: done in 0.000926675 secs
Optimizing NNI: done in 0.000947412 secs using 99.01% CPU
Optimizing NNI: done in 0.00291146 secs using 99.71% CPU
Optimizing NNI: done in 0.00171408 secs using 99.88% CPU
Optimizing NNI: done in 0.000917763 secs using 99.7% CPU
Optimizing NNI: done in 0.00179348 secs using 99.53% CPU
Optimizing NNI: done in 0.000990199 secs using 99.78% CPU
Optimizing NNI: done in 0.00176531 secs using 99.53% CPU
Iteration 450 / LogL: -1149.508 / Time: 0h:2m:41s (0h:0m:0s left)
Log-likelihood cutoff on original alignment: -1164.293
Optimizing NNI: done in 0.00240821 secs using 58.72% CPU
Optimizing NNI: done in 0.000959871 secs using 99.81% CPU
Optimizing NNI: done in 0.00175003 secs using 99.88% CPU
Optimizing NNI: done in 0.00214905 secs using 99.63% CPU
Optimizing NNI: done in 0.00201734 secs using 99.54% CPU
Optimizing NNI: done in 0.000960205 secs using 99.25% CPU
Optimizing NNI: done in 0.000993993 secs using 99.2% CPU
Optimizing NNI: done in 0.00188842 secs using 99.61% CPU
Optimizing NNI: done in 0.00211522 secs using 99.23% CPU
Optimizing NNI: done in 0.00258511 secs using 99.61% CPU
Iteration 460 / LogL: -1149.507 / Time: 0h:2m:41s (0h:0m:0s left)
Optimizing NNI: done in 0.00200344 secs
Optimizing NNI: done in 0.00192546 secs using 99.51% CPU
Optimizing NNI: done in 0.000944167 secs using 99.77% CPU
Optimizing NNI: done in 0.000957798 secs using 99.71% CPU
Optimizing NNI: done in 0.0035568 secs using 99.78% CPU
Optimizing NNI: done in 0.00330702 secs using 70% CPU
Optimizing NNI: done in 0.000949327 secs
Optimizing NNI: done in 0.00199298 secs using 99.5% CPU
Optimizing NNI: done in 0.000971712 secs using 99.82% CPU
Optimizing NNI: done in 0.00186471 secs using 48.43% CPU
Iteration 470 / LogL: -1149.507 / Time: 0h:2m:42s (0h:0m:0s left)
Optimizing NNI: done in 0.00190922 secs using 99.88% CPU
Optimizing NNI: done in 0.000967642 secs using 97.25% CPU
Optimizing NNI: done in 0.00204875 secs using 50.62% CPU
Optimizing NNI: done in 0.00186232 secs using 99.61% CPU
Optimizing NNI: done in 0.00298683 secs using 99.7% CPU
Optimizing NNI: done in 0.00193797 secs using 49.85% CPU
Optimizing NNI: done in 0.00292561 secs using 99.47% CPU
Optimizing NNI: done in 0.000956826 secs using 99.7% CPU
Optimizing NNI: done in 0.000979636 secs using 1.429% CPU
Optimizing NNI: done in 0.00203033 secs using 99.49% CPU
Iteration 480 / LogL: -1149.508 / Time: 0h:2m:42s (0h:0m:0s left)
Optimizing NNI: done in 0.000974704 secs using 99.11% CPU
Optimizing NNI: done in 0.000984168 secs using 99.07% CPU
Optimizing NNI: done in 0.0016776 secs using 99.55% CPU
Optimizing NNI: done in 0.00309209 secs using 99.71% CPU
Optimizing NNI: done in 0.000992697 secs using 99.22% CPU
Optimizing NNI: done in 0.00190242 secs using 49.67% CPU
Optimizing NNI: done in 0.000965267 secs using 99.77% CPU
Optimizing NNI: done in 0.000947459 secs using 99.74% CPU
Optimizing NNI: done in 0.000949644 secs using 99.72% CPU
Optimizing NNI: done in 0.00185315 secs using 99.56% CPU
Iteration 490 / LogL: -1153.983 / Time: 0h:2m:42s (0h:0m:0s left)
Optimizing NNI: done in 0.0019448 secs using 48.44% CPU
Optimizing NNI: done in 0.0027876 secs using 99.73% CPU
Optimizing NNI: done in 0.000992304 secs using 99.77% CPU
Optimizing NNI: done in 0.00342197 secs using 99.33% CPU
Optimizing NNI: done in 0.00172441 secs using 42.57% CPU
Optimizing NNI: done in 0.000883646 secs using 99.02% CPU
Optimizing NNI: done in 0.000949461 secs using 99.74% CPU
Optimizing NNI: done in 0.000999006 secs using 99.1% CPU
Optimizing NNI: done in 0.00251861 secs using 99.62% CPU
Optimizing NNI: done in 0.0018822 secs using 99.62% CPU
Iteration 500 / LogL: -1149.508 / Time: 0h:2m:42s (0h:0m:0s left)
Log-likelihood cutoff on original alignment: -1164.283
NOTE: Bootstrap correlation coefficient of split occurrence frequencies: 0.967
NOTE: UFBoot does not converge, continue at least 100 more iterations
Optimizing NNI: done in 0.00251243 secs using 99.62% CPU
Optimizing NNI: done in 0.00248056 secs using 99.94% CPU
Optimizing NNI: done in 0.00180101 secs using 99.89% CPU
Optimizing NNI: done in 0.000996435 secs using 99.05% CPU
Optimizing NNI: done in 0.000964221 secs
Optimizing NNI: done in 0.000972418 secs using 99.75% CPU
Optimizing NNI: done in 0.00174625 secs
Optimizing NNI: done in 0.000955688 secs using 94.38% CPU
Optimizing NNI: done in 0.00165115 secs using 99.51% CPU
Optimizing NNI: done in 0.000966312 secs using 99.76% CPU
Iteration 510 / LogL: -1149.507 / Time: 0h:2m:42s (0h:0m:0s left)
Optimizing NNI: done in 0.00246552 secs using 99.7% CPU
Optimizing NNI: done in 0.00299329 secs using 99.59% CPU
Optimizing NNI: done in 0.00251687 secs using 99.69% CPU
Optimizing NNI: done in 0.00287135 secs using 99.71% CPU
Optimizing NNI: done in 0.00103926 secs using 99.21% CPU
Optimizing NNI: done in 0.00096257 secs using 99.63% CPU
Optimizing NNI: done in 0.00340414 secs using 99.76% CPU
Optimizing NNI: done in 0.0037155 secs using 99.77% CPU
Optimizing NNI: done in 0.00189588 secs using 99.58% CPU
Optimizing NNI: done in 0.000962649 secs using 2.181% CPU
Iteration 520 / LogL: -1149.507 / Time: 0h:2m:42s (0h:0m:0s left)
Optimizing NNI: done in 0.00100268 secs using 99.13% CPU
Optimizing NNI: done in 0.00199358 secs using 99.57% CPU
Optimizing NNI: done in 0.00175839 secs using 99.52% CPU
Optimizing NNI: done in 0.00253858 secs using 99.5% CPU
Optimizing NNI: done in 0.00187356 secs using 46.7% CPU
Optimizing NNI: done in 0.00307254 secs using 99.43% CPU
Optimizing NNI: done in 0.0018176 secs using 99.58% CPU
Optimizing NNI: done in 0.000934061 secs using 99.14% CPU
Optimizing NNI: done in 0.00195205 secs using 99.59% CPU
Optimizing NNI: done in 0.000988327 secs using 99.66% CPU
Iteration 530 / LogL: -1149.507 / Time: 0h:2m:42s (0h:0m:0s left)
Optimizing NNI: done in 0.00269374 secs using 99.71% CPU
Optimizing NNI: done in 0.00192697 secs using 99.59% CPU
Optimizing NNI: done in 0.00191293 secs using 99.59% CPU
Optimizing NNI: done in 0.0029013 secs using 99.61% CPU
Optimizing NNI: done in 0.000971083 secs using 99.17% CPU
Optimizing NNI: done in 0.00207255 secs using 99.59% CPU
Optimizing NNI: done in 0.00195157 secs using 99.56% CPU
Optimizing NNI: done in 0.000949679 secs using 99.72% CPU
Optimizing NNI: done in 0.00463602 secs using 99.7% CPU
Optimizing NNI: done in 0.00173112 secs using 99.53% CPU
Iteration 540 / LogL: -1149.507 / Time: 0h:2m:42s (0h:0m:0s left)
Optimizing NNI: done in 0.00215647 secs using 99.61% CPU
Optimizing NNI: done in 0.00198824 secs using 99.64% CPU
Optimizing NNI: done in 0.000990521 secs using 99.14% CPU
Optimizing NNI: done in 0.00189722 secs using 99.57% CPU
Optimizing NNI: done in 0.000941208 secs using 99.66% CPU
Optimizing NNI: done in 0.00098823 secs using 99.88% CPU
Optimizing NNI: done in 0.00183355 secs using 99.59% CPU
Optimizing NNI: done in 0.00181299 secs using 99.56% CPU
Optimizing NNI: done in 0.00203341 secs using 99.64% CPU
Optimizing NNI: done in 0.000991801 secs using 99.11% CPU
Iteration 550 / LogL: -1149.507 / Time: 0h:2m:42s (0h:0m:0s left)
Log-likelihood cutoff on original alignment: -1164.293
Optimizing NNI: done in 0.0018718 secs using 99.58% CPU
Optimizing NNI: done in 0.001895 secs using 99.63% CPU
Optimizing NNI: done in 0.00277011 secs using 64.76% CPU
Optimizing NNI: done in 0.00208757 secs using 99.4% CPU
Optimizing NNI: done in 0.0027021 secs using 98% CPU
Optimizing NNI: done in 0.000922453 secs using 99.19% CPU
Optimizing NNI: done in 0.00186621 secs using 99.56% CPU
Optimizing NNI: done in 0.000930652 secs
Optimizing NNI: done in 0.00169363 secs using 99.49% CPU
Optimizing NNI: done in 0.000932919 secs
Iteration 560 / LogL: -1149.507 / Time: 0h:2m:43s (0h:0m:0s left)
Optimizing NNI: done in 0.00182048 secs using 99.53% CPU
Optimizing NNI: done in 0.00369765 secs using 73.94% CPU
Optimizing NNI: done in 0.0017236 secs using 99.56% CPU
Optimizing NNI: done in 0.000957977 secs using 99.06% CPU
Optimizing NNI: done in 0.00177724 secs using 99.54% CPU
Optimizing NNI: done in 0.00189529 secs using 99.62% CPU
Optimizing NNI: done in 0.00184326 secs using 99.55% CPU
Optimizing NNI: done in 0.00278299 secs using 99.71% CPU
Optimizing NNI: done in 0.00100608 secs using 99.3% CPU
Optimizing NNI: done in 0.0028843 secs using 99.71% CPU
Iteration 570 / LogL: -1149.511 / Time: 0h:2m:43s (0h:0m:0s left)
Optimizing NNI: done in 0.00180831 secs using 99.87% CPU
Optimizing NNI: done in 0.00190062 secs using 99.55% CPU
Optimizing NNI: done in 0.000993062 secs using 99.19% CPU
Optimizing NNI: done in 0.00190202 secs
Optimizing NNI: done in 0.00173924 secs using 99.58% CPU
Optimizing NNI: done in 0.000969734 secs using 99.72% CPU
Optimizing NNI: done in 0.0030602 secs using 99.73% CPU
Optimizing NNI: done in 0.000968521 secs using 99.84% CPU
Optimizing NNI: done in 0.00188438 secs using 99.87% CPU
Optimizing NNI: done in 0.00204219 secs using 99.89% CPU
Iteration 580 / LogL: -1149.509 / Time: 0h:2m:43s (0h:0m:0s left)
Optimizing NNI: done in 0.00100512 secs using 98.99% CPU
Optimizing NNI: done in 0.00213121 secs using 99.9% CPU
Optimizing NNI: done in 0.000955828 secs using 99.18% CPU
Optimizing NNI: done in 0.00196713 secs using 99.64% CPU
Optimizing NNI: done in 0.00194488 secs using 99.49% CPU
Optimizing NNI: done in 0.00188917 secs using 99.62% CPU
Optimizing NNI: done in 0.000969229 secs using 99.15% CPU
Optimizing NNI: done in 0.00241517 secs using 99.7% CPU
Optimizing NNI: done in 0.0027227 secs using 63.65% CPU
Optimizing NNI: done in 0.000912923 secs using 99.68% CPU
Iteration 590 / LogL: -1149.507 / Time: 0h:2m:43s (0h:0m:0s left)
Optimizing NNI: done in 0.00214161 secs using 99.64% CPU
Optimizing NNI: done in 0.00212255 secs using 99.93% CPU
Optimizing NNI: done in 0.00293822 secs using 69.77% CPU
Optimizing NNI: done in 0.00175435 secs using 99.18% CPU
Optimizing NNI: done in 0.000949102 secs using 99.67% CPU
Optimizing NNI: done in 0.00096737 secs using 99.24% CPU
Optimizing NNI: done in 0.00190046 secs using 99.55% CPU
Optimizing NNI: done in 0.0010049 secs using 99.11% CPU
Optimizing NNI: done in 0.00173411 secs using 99.53% CPU
Optimizing NNI: done in 0.00199717 secs using 99.59% CPU
Iteration 600 / LogL: -1149.510 / Time: 0h:2m:43s (0h:0m:0s left)
Log-likelihood cutoff on original alignment: -1164.293
NOTE: Bootstrap correlation coefficient of split occurrence frequencies: 0.992
TREE SEARCH COMPLETED AFTER 600 ITERATIONS / Time: 0h:2m:43s

--------------------------------------------------------------------
|                    FINALIZING TREE SEARCH                        |
--------------------------------------------------------------------
Performs final model parameters optimization
Estimate model parameters (epsilon = 0.010)
1. Initial log-likelihood: -1149.507
Optimal log-likelihood: -1149.506
Rate parameters:  A-C: 1.00000  A-G: 4.30862  A-T: 1.00000  C-G: 1.00000  C-T: 25.55082  G-T: 1.00000
Base frequencies:  A: 0.221  C: 0.249  G: 0.270  T: 0.260
Parameters optimization took 1 rounds (0.000 sec)
BEST SCORE FOUND : -1149.506
Creating bootstrap support values...
Split supports printed to NEXUS file data/packages/ITS/Heliogaster/ref.splits.nex
Total tree length: 0.023

Total number of iterations: 600
CPU time used for tree search: 5.314 sec (0h:0m:5s)
Wall-clock time used for tree search: 5.503 sec (0h:0m:5s)
Total CPU time used: 222.315 sec (0h:3m:42s)
Total wall-clock time used: 163.473 sec (0h:2m:43s)

Computing bootstrap consensus tree...
Reading input file data/packages/ITS/Heliogaster/ref.splits.nex...
8 taxa and 65 splits.
Consensus tree written to data/packages/ITS/Heliogaster/ref.contree
Reading input trees file data/packages/ITS/Heliogaster/ref.contree
Log-likelihood of consensus tree: -1149.511

Analysis results written to: 
  IQ-TREE report:                data/packages/ITS/Heliogaster/ref.iqtree
  Maximum-likelihood tree:       data/packages/ITS/Heliogaster/ref.treefile
  Likelihood distances:          data/packages/ITS/Heliogaster/ref.mldist

Ultrafast bootstrap approximation results written to:
  Split support values:          data/packages/ITS/Heliogaster/ref.splits.nex
  Consensus tree:                data/packages/ITS/Heliogaster/ref.contree
  Screen log file:               data/packages/ITS/Heliogaster/ref.log

Date and Time: Mon Aug 18 17:51:32 2025
