IQ-TREE version 3.0.1 for Linux x86 64-bit built May  5 2025
Developed by Bui Quang Minh, Thomas Wong, Nhan Ly-Trong, Huaiyan Ren
Contributed by Lam-Tung Nguyen, Dominik Schrempf, Chris Bielow,
Olga Chernomor, Michael Woodhams, Diep Thi Hoang, Heiko Schmidt

Host:    lnx820.umnh.utah.edu (AVX2, FMA3, 865 GB RAM)
Command: /home/bdentinger/iqtree-3.0.1-Linux/bin/iqtree3_intel -s data/packages/ITS/Rossbeevera/aln.masked.fasta -m MFP -bb 1000 -nt AUTO -pre data/packages/ITS/Rossbeevera/ref
Seed:    368190 (Using SPRNG - Scalable Parallel Random Number Generator)
Time:    Mon Aug 18 18:28:45 2025
Kernel:  AVX+FMA - auto-detect threads (72 CPU cores detected)

Reading alignment file data/packages/ITS/Rossbeevera/aln.masked.fasta ... Fasta format detected
Reading fasta file: done in 0.000934308 secs using 82.95% CPU
Alignment most likely contains DNA/RNA sequences
Constructing alignment: done in 0.00109646 secs using 79.44% CPU
Alignment has 77 sequences with 726 columns, 298 distinct patterns
184 parsimony-informative, 41 singleton sites, 501 constant sites
                Gap/Ambiguity  Composition  p-value
Analyzing sequences: done in 6.17635e-05 secs using 98.76% CPU
   1  Rossbeevera_01    0.14%    passed     94.82%
   2  Rossbeevera_02    0.00%    passed     95.26%
   3  Rossbeevera_03    0.14%    passed     96.17%
   4  Rossbeevera_04    0.00%    passed     96.26%
   5  Rossbeevera_05    0.00%    passed     95.26%
   6  Rossbeevera_06    0.00%    passed     96.26%
   7  Rossbeevera_07    0.55%    passed     93.03%
   8  Rossbeevera_08    0.00%    passed     96.26%
   9  Rossbeevera_09    2.34%    passed     81.99%
  10  Rossbeevera_10    0.28%    passed     94.77%
  11  Rossbeevera_11    1.10%    passed     73.05%
  12  Rossbeevera_12    0.69%    passed     91.32%
  13  Rossbeevera_13    5.37%    passed     99.99%
  14  Rossbeevera_14   19.01%    passed     84.59%
  15  Rossbeevera_15    1.10%    passed     88.64%
  16  Rossbeevera_16    2.34%    passed     98.18%
  17  Rossbeevera_17    4.55%    passed     98.09%
  18  Rossbeevera_18    6.20%    passed     98.56%
  19  Rossbeevera_19    8.95%    passed     89.21%
  20  Rossbeevera_20    0.69%    passed     95.96%
  21  Rossbeevera_21    0.69%    passed     95.72%
  22  Rossbeevera_22    5.51%    passed     89.54%
  23  Rossbeevera_23    0.69%    passed     91.32%
  24  Rossbeevera_24    3.58%    passed     94.50%
  25  Rossbeevera_25   29.48%    passed     11.59%
  26  Rossbeevera_26    0.28%    passed     92.65%
  27  Rossbeevera_27    0.14%    passed     97.03%
  28  Rossbeevera_28    0.14%    passed     92.78%
  29  Rossbeevera_29    5.79%    passed     92.38%
  30  Rossbeevera_30    0.00%    passed     96.26%
  31  Rossbeevera_31    0.14%    passed     97.54%
  32  Rossbeevera_32    0.00%    passed     95.54%
  33  Rossbeevera_33    0.14%    passed     96.17%
  34  Rossbeevera_34    0.14%    passed     96.17%
  35  Rossbeevera_35   22.73%    passed     26.82%
  36  Rossbeevera_36    4.96%    passed     96.05%
  37  Rossbeevera_37    4.82%    passed     94.81%
  38  Rossbeevera_38    1.93%    passed     95.77%
  39  Rossbeevera_39    2.07%    passed     97.04%
  40  Rossbeevera_40    0.14%    passed     96.17%
  41  Rossbeevera_41    0.14%    passed     96.17%
  42  Rossbeevera_42    0.41%    passed     94.39%
  43  Rossbeevera_43    2.34%    passed     98.18%
  44  Rossbeevera_44    0.00%    passed     96.26%
  45  Rossbeevera_45    0.00%    passed     96.26%
  46  Rossbeevera_46   19.01%    passed     84.59%
  47  Rossbeevera_47    1.24%    passed     94.26%
  48  Rossbeevera_48    1.65%    passed     94.51%
  49  Rossbeevera_49    1.10%    passed     73.05%
  50  Rossbeevera_50    1.10%    passed     96.28%
  51  Rossbeevera_51    0.69%    passed     89.82%
  52  Rossbeevera_52   28.51%    passed     30.39%
  53  Rossbeevera_53    0.14%    passed     96.17%
  54  Rossbeevera_54   30.17%    passed     55.63%
  55  Rossbeevera_55   50.96%    passed     11.29%
  56  Rossbeevera_56   50.69%    passed     14.22%
  57  Rossbeevera_57   29.20%    passed     39.69%
  58  Rossbeevera_58   30.85%    passed     37.09%
  59  Rossbeevera_59   27.55%    passed     38.85%
  60  Rossbeevera_60   27.55%    passed     35.44%
  61  Rossbeevera_61   28.79%    passed     38.78%
  62  Rossbeevera_62   27.41%    passed     37.23%
  63  Rossbeevera_63   27.41%    passed     33.06%
  64  Rossbeevera_64   27.41%    passed     37.23%
  65  Rossbeevera_65   27.41%    passed     37.23%
  66  Rossbeevera_66   27.41%    passed     45.30%
  67  Rossbeevera_67   29.89%    passed     38.30%
  68  Rossbeevera_68   27.41%    passed     38.58%
  69  Rossbeevera_69   27.41%    passed     39.22%
  70  Rossbeevera_70   27.41%    passed     34.11%
  71  Rossbeevera_71   27.41%    passed     37.23%
  72  Rossbeevera_72   30.99%    passed     35.62%
  73  Rossbeevera_73    1.93%    passed     95.77%
  74  Rossbeevera_74    2.07%    passed     96.08%
  75  Rossbeevera_75    1.93%    passed     95.77%
  76  Rossbeevera_76    0.69%    passed     91.32%
  77  Rossbeevera_77    8.82%    passed     79.96%
WARNING: 2 sequences contain more than 50% gaps/ambiguity
****  TOTAL            10.28%  0 sequences failed composition chi2 test (p-value<5%; df=3)
NOTE: Rossbeevera_33 is identical to Rossbeevera_03 but kept for subsequent analysis
NOTE: Rossbeevera_06 is identical to Rossbeevera_04 but kept for subsequent analysis
NOTE: Rossbeevera_49 is identical to Rossbeevera_11 but kept for subsequent analysis
NOTE: Rossbeevera_23 is identical to Rossbeevera_12 but kept for subsequent analysis
NOTE: Rossbeevera_46 is identical to Rossbeevera_14 but kept for subsequent analysis
NOTE: Rossbeevera_43 is identical to Rossbeevera_16 but kept for subsequent analysis
NOTE: Rossbeevera_75 is identical to Rossbeevera_38 but kept for subsequent analysis
NOTE: Rossbeevera_64 is identical to Rossbeevera_62 but kept for subsequent analysis
Checking for duplicate sequences: done in 0.00034301 secs using 55.98% CPU
Identifying sites to remove: done in 0.00067329 secs using 99.81% CPU
NOTE: 9 identical sequences (see below) will be ignored for subsequent analysis
NOTE: Rossbeevera_34 (identical to Rossbeevera_03) is ignored but added at the end
NOTE: Rossbeevera_40 (identical to Rossbeevera_03) is ignored but added at the end
NOTE: Rossbeevera_41 (identical to Rossbeevera_03) is ignored but added at the end
NOTE: Rossbeevera_08 (identical to Rossbeevera_04) is ignored but added at the end
NOTE: Rossbeevera_30 (identical to Rossbeevera_04) is ignored but added at the end
NOTE: Rossbeevera_44 (identical to Rossbeevera_04) is ignored but added at the end
NOTE: Rossbeevera_76 (identical to Rossbeevera_12) is ignored but added at the end
NOTE: Rossbeevera_65 (identical to Rossbeevera_62) is ignored but added at the end
NOTE: Rossbeevera_71 (identical to Rossbeevera_62) is ignored but added at the end
Alignment was printed to data/packages/ITS/Rossbeevera/ref.uniqueseq.phy

For your convenience alignment with unique sequences printed to data/packages/ITS/Rossbeevera/ref.uniqueseq.phy


Create initial parsimony tree by phylogenetic likelihood library (PLL)... 0.004 seconds
Measuring multi-threading efficiency up to 72 CPU cores
Increase to 10 rounds for branch lengths
1354 trees examined
Threads: 1 / Time: 72.046 sec / Speedup: 1.000 / Efficiency: 100% / LogL: -6322
Threads: 2 / Time: 65.062 sec / Speedup: 1.107 / Efficiency: 55% / LogL: -6322
Threads: 3 / Time: 54.835 sec / Speedup: 1.314 / Efficiency: 44% / LogL: -6322
Determining AUTO threadcount: done in 191.944 secs using 186.9% CPU
BEST NUMBER OF THREADS: 2

Perform fast likelihood tree search using GTR+I+G model...
Estimate model parameters (epsilon = 5.000)
Perform nearest neighbor interchange...
Optimizing NNI: done in 0.0609257 secs using 196.6% CPU
Estimate model parameters (epsilon = 1.000)
1. Initial log-likelihood: -2952.981
Optimal log-likelihood: -2952.911
Rate parameters:  A-C: 1.06774  A-G: 3.69589  A-T: 1.44787  C-G: 1.01737  C-T: 4.11774  G-T: 1.00000
Base frequencies:  A: 0.296  C: 0.164  G: 0.221  T: 0.319
Proportion of invariable sites: 0.339
Gamma shape alpha: 0.947
Parameters optimization took 1 rounds (0.025 sec)
Time for fast ML tree search: 0.161 seconds

NOTE: ModelFinder requires 7 MB RAM!
ModelFinder will test up to 968 DNA models (sample size: 726 epsilon: 0.100) ...
 No. Model         -LnL         df  AIC          AICc         BIC
  1  JC            3101.056     133 6468.112     6528.322     7078.256
  2  JC+I          3045.977     134 6359.953     6421.172     6974.685
  3  JC+G4         3042.595     134 6353.191     6414.409     6967.923
  4  JC+I+G4       3042.685     135 6355.371     6417.608     6974.690
  5  JC+R2         3042.631     135 6355.261     6417.499     6974.581
  6  JC+R3         3042.139     137 6358.278     6422.584     6986.773
 14  JC+I+R2       3043.818     136 6359.636     6422.903     6983.543
 15  JC+I+R3       3042.621     138 6361.242     6426.598     6994.324
 24  JC+I          3045.977     134 6359.953     6421.172     6974.685
 25  JC+G4         3042.595     134 6353.191     6414.409     6967.923
 26  JC+I+G4       3042.685     135 6355.371     6417.608     6974.690
 27  JC+R2         3042.631     135 6355.261     6417.499     6974.581
 46  F81+I         3045.979     134 6359.957     6421.176     6974.689
 47  F81+G4        3042.598     134 6353.195     6414.414     6967.927
 48  F81+I+G4      3042.686     135 6355.371     6417.609     6974.691
 49  F81+R2        3042.549     135 6355.098     6417.335     6974.417
 68  F81+F+I       3011.834     137 6297.669     6361.975     6926.163
 69  F81+F+G4      3008.323     137 6290.647     6354.953     6919.141
 70  F81+F+I+G4    3008.516     138 6293.031     6358.387     6926.113
 71  F81+F+R2      3008.104     138 6292.207     6357.563     6925.289
 90  K2P+I         2998.006     135 6266.012     6328.250     6885.332
 91  K2P+G4        2994.552     135 6259.104     6321.341     6878.423
 92  K2P+I+G4      2994.640     136 6261.281     6324.548     6885.188
 93  K2P+R2        2994.148     136 6260.296     6323.562     6884.203
112  K2P+I         2998.006     135 6266.012     6328.250     6885.332
113  K2P+G4        2994.552     135 6259.104     6321.341     6878.423
114  K2P+I+G4      2994.640     136 6261.281     6324.548     6885.188
115  K2P+R2        2994.148     136 6260.296     6323.562     6884.203
134  HKY+I         2998.007     135 6266.013     6328.250     6885.332
135  HKY+G4        2994.552     135 6259.103     6321.341     6878.423
136  HKY+I+G4      2994.638     136 6261.275     6324.542     6885.182
137  HKY+R2        2994.100     136 6260.199     6323.466     6884.106
156  HKY+F+I       2958.304     138 6192.609     6257.965     6825.691
157  HKY+F+G4      2954.350     138 6184.701     6250.057     6817.782
158  HKY+F+I+G4    2954.622     139 6187.245     6253.661     6824.914
159  HKY+F+R2      2953.646     139 6185.293     6251.709     6822.962
178  TNe+I         2997.959     136 6267.917     6331.184     6891.824
179  TNe+G4        2994.427     136 6260.855     6324.121     6884.762
180  TNe+I+G4      2994.502     137 6263.004     6327.311     6891.499
181  TNe+R2        2993.877     137 6261.753     6326.059     6890.248
200  TNe+I         2997.959     136 6267.917     6331.184     6891.824
201  TNe+G4        2994.427     136 6260.855     6324.121     6884.762
202  TNe+I+G4      2994.502     137 6263.004     6327.311     6891.499
203  TNe+R2        2993.877     137 6261.753     6326.059     6890.248
222  TN+I          2997.959     136 6267.917     6331.184     6891.824
223  TN+G4         2994.427     136 6260.854     6324.121     6884.761
224  TN+I+G4       2994.501     137 6263.002     6327.308     6891.497
225  TN+R2         2993.839     137 6261.678     6325.984     6890.172
244  TN+F+I        2957.874     139 6193.749     6260.165     6831.418
245  TN+F+G4       2954.129     139 6186.257     6252.674     6823.927
246  TN+F+I+G4     2954.411     140 6188.822     6256.309     6831.079
247  TN+F+R2       2953.404     140 6186.808     6254.295     6829.065
266  K3P+I         2996.436     136 6264.872     6328.139     6888.779
267  K3P+G4        2992.948     136 6257.895     6321.162     6881.802
268  K3P+I+G4      2993.030     137 6260.060     6324.366     6888.554
269  K3P+R2        2992.411     137 6258.821     6323.127     6887.316
288  K3P+I         2996.436     136 6264.872     6328.139     6888.779
289  K3P+G4        2992.948     136 6257.895     6321.162     6881.802
290  K3P+I+G4      2993.030     137 6260.060     6324.366     6888.554
291  K3P+R2        2992.411     137 6258.821     6323.127     6887.316
310  K3Pu+I        2996.439     136 6264.879     6328.145     6888.786
311  K3Pu+G4       2992.949     136 6257.897     6321.164     6881.804
312  K3Pu+I+G4     2993.029     137 6260.058     6324.364     6888.552
313  K3Pu+R2       2992.381     137 6258.762     6323.068     6887.256
332  K3Pu+F+I      2957.502     139 6193.003     6259.420     6830.673
333  K3Pu+F+G4     2953.619     139 6185.239     6251.655     6822.908
334  K3Pu+F+I+G4   2953.878     140 6187.756     6255.244     6830.013
335  K3Pu+F+R2     2952.817     140 6185.634     6253.121     6827.891
354  TPM2+I        2994.751     136 6261.501     6324.768     6885.408
355  TPM2+G4       2991.538     136 6255.075     6318.342     6878.982
356  TPM2+I+G4     2991.598     137 6257.197     6321.503     6885.691
357  TPM2+R2       2991.117     137 6256.234     6320.540     6884.728
376  TPM2+I        2994.751     136 6261.501     6324.768     6885.408
377  TPM2+G4       2991.538     136 6255.075     6318.342     6878.982
378  TPM2+I+G4     2991.598     137 6257.197     6321.503     6885.691
379  TPM2+R2       2991.117     137 6256.234     6320.540     6884.728
398  TPM2u+I       2994.752     136 6261.504     6324.771     6885.411
399  TPM2u+G4      2991.539     136 6255.077     6318.344     6878.984
400  TPM2u+I+G4    2991.598     137 6257.196     6321.502     6885.690
401  TPM2u+R2      2991.100     137 6256.200     6320.506     6884.694
420  TPM2u+F+I     2957.118     139 6192.237     6258.653     6829.906
421  TPM2u+F+G4    2953.446     139 6184.893     6251.309     6822.562
422  TPM2u+F+I+G4  2953.699     140 6187.398     6254.885     6829.655
423  TPM2u+F+R2    2952.733     140 6185.466     6252.954     6827.723
442  TPM3+I        2992.764     136 6257.527     6320.794     6881.434
443  TPM3+G4       2988.958     136 6249.917     6313.183     6873.824
444  TPM3+I+G4     2988.889     137 6251.779     6316.085     6880.273
445  TPM3+R2       2988.415     137 6250.831     6315.137     6879.325
464  TPM3+I        2992.764     136 6257.527     6320.794     6881.434
465  TPM3+G4       2988.958     136 6249.917     6313.183     6873.824
466  TPM3+I+G4     2988.889     137 6251.779     6316.085     6880.273
467  TPM3+R2       2988.415     137 6250.831     6315.137     6879.325
486  TPM3u+I       2992.762     136 6257.524     6320.791     6881.431
487  TPM3u+G4      2988.959     136 6249.918     6313.185     6873.825
488  TPM3u+I+G4    2988.888     137 6251.776     6316.082     6880.271
489  TPM3u+R2      2988.376     137 6250.752     6315.058     6879.247
508  TPM3u+F+I     2957.977     139 6193.953     6260.370     6831.623
509  TPM3u+F+G4    2954.016     139 6186.031     6252.448     6823.701
510  TPM3u+F+I+G4  2954.254     140 6188.507     6255.994     6830.764
511  TPM3u+F+R2    2953.161     140 6186.321     6253.808     6828.578
530  TIMe+I        2996.391     137 6266.781     6331.087     6895.275
531  TIMe+G4       2992.829     137 6259.657     6323.964     6888.152
532  TIMe+I+G4     2992.903     138 6261.806     6327.162     6894.887
533  TIMe+R2       2992.147     138 6260.294     6325.650     6893.376
552  TIMe+I        2996.391     137 6266.781     6331.087     6895.275
553  TIMe+G4       2992.829     137 6259.657     6323.964     6888.152
554  TIMe+I+G4     2992.903     138 6261.806     6327.162     6894.887
555  TIMe+R2       2992.147     138 6260.294     6325.650     6893.376
574  TIM+I         2996.390     137 6266.780     6331.086     6895.274
575  TIM+G4        2992.829     137 6259.657     6323.963     6888.151
576  TIM+I+G4      2992.901     138 6261.802     6327.158     6894.884
577  TIM+R2        2992.129     138 6260.259     6325.615     6893.341
596  TIM+F+I       2957.071     140 6194.142     6261.629     6836.399
597  TIM+F+G4      2953.388     140 6186.776     6254.263     6829.033
598  TIM+F+I+G4    2953.662     141 6189.324     6257.893     6836.169
599  TIM+F+R2      2952.622     141 6187.244     6255.812     6834.089
618  TIM2e+I       2994.695     137 6263.390     6327.696     6891.884
619  TIM2e+G4      2991.408     137 6256.815     6321.121     6885.310
620  TIM2e+I+G4    2991.454     138 6258.908     6324.264     6891.990
621  TIM2e+R2      2990.870     138 6257.740     6323.096     6890.822
640  TIM2e+I       2994.695     137 6263.390     6327.696     6891.884
641  TIM2e+G4      2991.408     137 6256.815     6321.121     6885.310
642  TIM2e+I+G4    2991.454     138 6258.908     6324.264     6891.990
643  TIM2e+R2      2990.870     138 6257.740     6323.096     6890.822
662  TIM2+I        2994.696     137 6263.391     6327.697     6891.885
663  TIM2+G4       2991.407     137 6256.815     6321.121     6885.309
664  TIM2+I+G4     2991.453     138 6258.906     6324.262     6891.988
665  TIM2+R2       2990.863     138 6257.725     6323.081     6890.807
684  TIM2+F+I      2956.682     140 6193.364     6260.852     6835.621
685  TIM2+F+G4     2953.201     140 6186.403     6253.890     6828.660
686  TIM2+F+I+G4   2953.471     141 6188.941     6257.510     6835.786
687  TIM2+F+R2     2952.526     141 6187.053     6255.621     6833.897
706  TIM3e+I       2992.728     137 6259.455     6323.761     6887.949
707  TIM3e+G4      2988.874     137 6251.748     6316.054     6880.242
708  TIM3e+I+G4    2988.795     138 6253.589     6318.946     6886.671
709  TIM3e+R2      2988.207     138 6252.415     6317.771     6885.497
728  TIM3e+I       2992.728     137 6259.455     6323.761     6887.949
729  TIM3e+G4      2988.874     137 6251.748     6316.054     6880.242
730  TIM3e+I+G4    2988.795     138 6253.589     6318.946     6886.671
731  TIM3e+R2      2988.207     138 6252.415     6317.771     6885.497
750  TIM3+I        2992.727     137 6259.454     6323.760     6887.948
751  TIM3+G4       2988.875     137 6251.750     6316.056     6880.244
752  TIM3+I+G4     2988.794     138 6253.587     6318.943     6886.669
753  TIM3+R2       2988.176     138 6252.353     6317.709     6885.435
772  TIM3+F+I      2957.566     140 6195.133     6262.620     6837.390
773  TIM3+F+G4     2953.810     140 6187.620     6255.107     6829.877
774  TIM3+F+I+G4   2954.061     141 6190.122     6258.691     6836.967
775  TIM3+F+R2     2952.990     141 6187.981     6256.549     6834.826
794  TVMe+I        2989.170     138 6254.340     6319.696     6887.422
795  TVMe+G4       2985.572     138 6247.143     6312.499     6880.225
796  TVMe+I+G4     2985.477     139 6248.954     6315.370     6886.623
797  TVMe+R2       2985.022     139 6248.043     6314.460     6885.713
816  TVMe+I        2989.170     138 6254.340     6319.696     6887.422
817  TVMe+G4       2985.572     138 6247.143     6312.499     6880.225
818  TVMe+I+G4     2985.477     139 6248.954     6315.370     6886.623
819  TVMe+R2       2985.022     139 6248.043     6314.460     6885.713
838  TVM+I         2989.168     138 6254.336     6319.692     6887.418
839  TVM+G4        2985.571     138 6247.142     6312.498     6880.224
840  TVM+I+G4      2985.476     139 6248.951     6315.367     6886.621
841  TVM+R2        2985.010     139 6248.020     6314.437     6885.690
860  TVM+F+I       2956.572     141 6195.143     6263.712     6841.988
861  TVM+F+G4      2952.879     141 6187.757     6256.326     6834.602
862  TVM+F+I+G4    2953.099     142 6190.197     6259.858     6841.629
863  TVM+F+R2      2952.118     142 6188.236     6257.897     6839.668
882  SYM+I         2989.124     139 6256.248     6322.665     6893.918
883  SYM+G4        2985.481     139 6248.963     6315.379     6886.632
884  SYM+I+G4      2985.382     140 6250.765     6318.252     6893.022
885  SYM+R2        2984.866     140 6249.733     6317.220     6891.990
904  SYM+I         2989.124     139 6256.248     6322.665     6893.918
905  SYM+G4        2985.481     139 6248.963     6315.379     6886.632
906  SYM+I+G4      2985.382     140 6250.765     6318.252     6893.022
907  SYM+R2        2984.866     140 6249.733     6317.220     6891.990
926  GTR+I         2989.124     139 6256.248     6322.665     6893.918
927  GTR+G4        2985.482     139 6248.964     6315.380     6886.634
928  GTR+I+G4      2985.381     140 6250.761     6318.249     6893.018
929  GTR+R2        2984.860     140 6249.719     6317.206     6891.976
948  GTR+F+I       2956.154     142 6196.307     6265.968     6847.739
949  GTR+F+G4      2952.653     142 6189.307     6258.967     6840.739
950  GTR+F+I+G4    2952.888     143 6191.775     6262.538     6847.795
951  GTR+F+R2      2951.939     143 6189.878     6260.641     6845.898
Akaike Information Criterion:           HKY+F+G4
Corrected Akaike Information Criterion: HKY+F+G4
Bayesian Information Criterion:         HKY+F+G4
Best-fit model: HKY+F+G4 chosen according to BIC

All model information printed to data/packages/ITS/Rossbeevera/ref.model.gz
CPU time for ModelFinder: 366.408 seconds (0h:6m:6s)
Wall-clock time for ModelFinder: 195.808 seconds (0h:3m:15s)
Generating 1000 samples for ultrafast bootstrap (seed: 368190)...

NOTE: 3 MB RAM (0 GB) is required!
Estimate model parameters (epsilon = 0.100)
1. Initial log-likelihood: -2954.434
Optimal log-likelihood: -2954.350
Rate parameters:  A-C: 1.00000  A-G: 3.29336  A-T: 1.00000  C-G: 1.00000  C-T: 3.29336  G-T: 1.00000
Base frequencies:  A: 0.296  C: 0.164  G: 0.221  T: 0.319
Gamma shape alpha: 0.364
Parameters optimization took 1 rounds (0.015 sec)
Wrote distance file to... 
Computing ML distances based on estimated model parameters...
Calculating distance matrix: done in 0.0139075 secs using 199.7% CPU
Computing ML distances took 0.014037 sec (of wall-clock time) 0.027958 sec (of CPU time)
Setting up auxiliary I and S matrices: done in 0.000186628 secs using 97.52% CPU
Constructing RapidNJ tree: done in 0.000602024 secs using 99.33% CPU
Computing RapidNJ tree took 0.000856 sec (of wall-clock time) 0.000847 sec (of CPU time)
Log-likelihood of RapidNJ tree: -2965.011
--------------------------------------------------------------------
|             INITIALIZING CANDIDATE TREE SET                      |
--------------------------------------------------------------------
Generating 98 parsimony trees... 0.440 second
Computing log-likelihood of 98 initial trees ... 0.474 seconds
Current best score: -2946.098

Do NNI search on 20 best initial trees
Optimizing NNI: done in 0.134502 secs using 197.9% CPU
Estimate model parameters (epsilon = 0.100)
BETTER TREE FOUND at iteration 1: -2943.743
Optimizing NNI: done in 0.213121 secs using 197.4% CPU
Optimizing NNI: done in 0.150486 secs using 196.8% CPU
Optimizing NNI: done in 0.155448 secs using 198.2% CPU
Optimizing NNI: done in 0.160318 secs using 197.7% CPU
Optimizing NNI: done in 0.170652 secs using 198.2% CPU
Optimizing NNI: done in 0.147207 secs using 197.6% CPU
Optimizing NNI: done in 0.178636 secs using 200% CPU
Optimizing NNI: done in 0.173167 secs using 197.4% CPU
Optimizing NNI: done in 0.152469 secs using 195.5% CPU
Estimate model parameters (epsilon = 0.100)
BETTER TREE FOUND at iteration 10: -2942.804
Iteration 10 / LogL: -2942.804 / Time: 0h:3m:18s
Optimizing NNI: done in 0.163335 secs using 193.5% CPU
Optimizing NNI: done in 0.128419 secs using 195.6% CPU
Optimizing NNI: done in 0.133165 secs using 198.9% CPU
Optimizing NNI: done in 0.139027 secs using 196.9% CPU
Optimizing NNI: done in 0.132702 secs using 197% CPU
BETTER TREE FOUND at iteration 15: -2942.804
Optimizing NNI: done in 0.125334 secs using 199.5% CPU
Optimizing NNI: done in 0.131527 secs using 197.9% CPU
Optimizing NNI: done in 0.144259 secs using 196.1% CPU
Optimizing NNI: done in 0.114544 secs using 196.7% CPU
Optimizing NNI: done in 0.152462 secs using 196.9% CPU
Iteration 20 / LogL: -2943.746 / Time: 0h:3m:19s
Finish initializing candidate tree set (20)
Current best tree score: -2942.804 / CPU time: 3.979
Number of iterations: 20
--------------------------------------------------------------------
|               OPTIMIZING CANDIDATE TREE SET                      |
--------------------------------------------------------------------
Optimizing NNI: done in 0.214264 secs using 194.1% CPU
Optimizing NNI: done in 0.18292 secs using 196% CPU
Optimizing NNI: done in 0.172506 secs using 192.5% CPU
Optimizing NNI: done in 0.179196 secs using 195.7% CPU
Optimizing NNI: done in 0.189514 secs using 196.8% CPU
Optimizing NNI: done in 0.161779 secs using 194.4% CPU
Optimizing NNI: done in 0.193529 secs using 195.9% CPU
Optimizing NNI: done in 0.157994 secs using 197.9% CPU
Optimizing NNI: done in 0.120669 secs using 195% CPU
Optimizing NNI: done in 0.140243 secs using 195.3% CPU
Iteration 30 / LogL: -2947.501 / Time: 0h:3m:21s (0h:0m:17s left)
Optimizing NNI: done in 0.155587 secs using 196.8% CPU
Optimizing NNI: done in 0.194475 secs using 196.9% CPU
Optimizing NNI: done in 0.159855 secs using 194.9% CPU
Optimizing NNI: done in 0.175628 secs using 196.6% CPU
Optimizing NNI: done in 0.14981 secs using 197.2% CPU
Optimizing NNI: done in 0.155597 secs using 196.8% CPU
Optimizing NNI: done in 0.0725703 secs using 196.1% CPU
Optimizing NNI: done in 0.203734 secs using 198.4% CPU
Optimizing NNI: done in 0.122773 secs using 195.9% CPU
Optimizing NNI: done in 0.190788 secs using 198.3% CPU
Iteration 40 / LogL: -2942.806 / Time: 0h:3m:23s (0h:0m:14s left)
Optimizing NNI: done in 0.199351 secs using 197.9% CPU
Optimizing NNI: done in 0.233032 secs using 195.9% CPU
Optimizing NNI: done in 0.16324 secs using 196.6% CPU
Optimizing NNI: done in 0.145251 secs using 195.5% CPU
Optimizing NNI: done in 0.242115 secs using 194.4% CPU
BETTER TREE FOUND at iteration 45: -2942.804
Optimizing NNI: done in 0.169254 secs using 195.9% CPU
Optimizing NNI: done in 0.184121 secs using 195.4% CPU
Optimizing NNI: done in 0.193366 secs using 194.4% CPU
Optimizing NNI: done in 0.174046 secs using 195.2% CPU
Optimizing NNI: done in 0.266966 secs using 193.4% CPU
Iteration 50 / LogL: -2944.707 / Time: 0h:3m:25s (0h:0m:18s left)
Log-likelihood cutoff on original alignment: -2973.725
Optimizing NNI: done in 0.209486 secs using 196.2% CPU
Optimizing NNI: done in 0.135903 secs using 196.2% CPU
Optimizing NNI: done in 0.211162 secs using 196.4% CPU
Optimizing NNI: done in 0.182649 secs using 196.7% CPU
Optimizing NNI: done in 0.157117 secs using 196.4% CPU
Optimizing NNI: done in 0.202583 secs using 198% CPU
Optimizing NNI: done in 0.187989 secs using 199.3% CPU
Optimizing NNI: done in 0.172469 secs using 196% CPU
Optimizing NNI: done in 0.207512 secs using 195.2% CPU
Optimizing NNI: done in 0.175507 secs using 198.2% CPU
Iteration 60 / LogL: -2942.806 / Time: 0h:3m:27s (0h:0m:16s left)
Optimizing NNI: done in 0.12782 secs using 196.8% CPU
BETTER TREE FOUND at iteration 61: -2942.803
Optimizing NNI: done in 0.151598 secs using 197.4% CPU
Optimizing NNI: done in 0.223296 secs using 198.3% CPU
Optimizing NNI: done in 0.13401 secs using 191.6% CPU
Optimizing NNI: done in 0.188295 secs using 194.3% CPU
Optimizing NNI: done in 0.152573 secs using 196.8% CPU
Optimizing NNI: done in 0.180778 secs using 194.4% CPU
Estimate model parameters (epsilon = 0.100)
BETTER TREE FOUND at iteration 67: -2942.339
Optimizing NNI: done in 0.138344 secs using 197.4% CPU
Optimizing NNI: done in 0.166523 secs using 196.5% CPU
Optimizing NNI: done in 0.176831 secs using 199.3% CPU
Iteration 70 / LogL: -2944.234 / Time: 0h:3m:29s (0h:0m:18s left)
Optimizing NNI: done in 0.178195 secs using 196.3% CPU
Optimizing NNI: done in 0.158986 secs using 196% CPU
Optimizing NNI: done in 0.172744 secs using 196.9% CPU
Optimizing NNI: done in 0.186875 secs using 196.7% CPU
Optimizing NNI: done in 0.228908 secs using 194.6% CPU
Optimizing NNI: done in 0.17934 secs using 195.6% CPU
Optimizing NNI: done in 0.15796 secs using 194.7% CPU
Optimizing NNI: done in 0.180036 secs using 197% CPU
Optimizing NNI: done in 0.172262 secs using 196.1% CPU
Optimizing NNI: done in 0.172086 secs using 197.4% CPU
Iteration 80 / LogL: -2942.839 / Time: 0h:3m:31s (0h:0m:16s left)
Optimizing NNI: done in 0.138166 secs using 197.5% CPU
Optimizing NNI: done in 0.219394 secs using 196.4% CPU
Optimizing NNI: done in 0.226501 secs using 195.6% CPU
Optimizing NNI: done in 0.217101 secs using 197.8% CPU
Optimizing NNI: done in 0.180076 secs using 196.4% CPU
Optimizing NNI: done in 0.158438 secs using 195.6% CPU
Optimizing NNI: done in 0.204214 secs using 197.2% CPU
Optimizing NNI: done in 0.179656 secs using 196.6% CPU
Optimizing NNI: done in 0.19132 secs using 196% CPU
Optimizing NNI: done in 0.135387 secs using 196.5% CPU
Iteration 90 / LogL: -2949.203 / Time: 0h:3m:33s (0h:0m:14s left)
Optimizing NNI: done in 0.168761 secs using 198.1% CPU
Optimizing NNI: done in 0.215987 secs using 195.2% CPU
Optimizing NNI: done in 0.177579 secs using 193.7% CPU
Optimizing NNI: done in 0.169972 secs using 193.9% CPU
Optimizing NNI: done in 0.147427 secs using 198.8% CPU
Optimizing NNI: done in 0.173271 secs using 196.2% CPU
Optimizing NNI: done in 0.101638 secs using 196.2% CPU
Optimizing NNI: done in 0.174323 secs using 197.2% CPU
Optimizing NNI: done in 0.13108 secs using 197.4% CPU
Optimizing NNI: done in 0.181525 secs using 194.5% CPU
Iteration 100 / LogL: -2942.837 / Time: 0h:3m:34s (0h:0m:12s left)
Log-likelihood cutoff on original alignment: -2973.568
NOTE: Bootstrap correlation coefficient of split occurrence frequencies: 0.955
NOTE: UFBoot does not converge, continue at least 100 more iterations
Optimizing NNI: done in 0.213058 secs using 195.9% CPU
Optimizing NNI: done in 0.237391 secs using 196.7% CPU
Optimizing NNI: done in 0.194725 secs using 195.8% CPU
Optimizing NNI: done in 0.187763 secs using 196.2% CPU
Optimizing NNI: done in 0.136992 secs using 192.5% CPU
Optimizing NNI: done in 0.179915 secs using 197.1% CPU
Optimizing NNI: done in 0.149997 secs using 195.7% CPU
Optimizing NNI: done in 0.147631 secs using 195.8% CPU
Optimizing NNI: done in 0.207087 secs using 197.2% CPU
Optimizing NNI: done in 0.252564 secs using 198.8% CPU
Iteration 110 / LogL: -2942.343 / Time: 0h:3m:37s (0h:0m:17s left)
Optimizing NNI: done in 0.248208 secs using 197.7% CPU
Optimizing NNI: done in 0.108518 secs using 192.9% CPU
Optimizing NNI: done in 0.176512 secs using 197.1% CPU
Optimizing NNI: done in 0.180992 secs using 198% CPU
Optimizing NNI: done in 0.243242 secs using 196.8% CPU
Optimizing NNI: done in 0.225478 secs using 197.4% CPU
Optimizing NNI: done in 0.190839 secs using 196.2% CPU
Optimizing NNI: done in 0.208863 secs using 197.9% CPU
Optimizing NNI: done in 0.171601 secs using 197.7% CPU
Optimizing NNI: done in 0.164241 secs using 196.5% CPU
Iteration 120 / LogL: -2942.344 / Time: 0h:3m:39s (0h:0m:15s left)
Optimizing NNI: done in 0.17643 secs using 195.6% CPU
Optimizing NNI: done in 0.172417 secs using 195.5% CPU
Optimizing NNI: done in 0.216723 secs using 195.8% CPU
Optimizing NNI: done in 0.130278 secs using 193.4% CPU
Optimizing NNI: done in 0.238076 secs using 196% CPU
Optimizing NNI: done in 0.170216 secs using 195% CPU
Optimizing NNI: done in 0.181572 secs using 197.3% CPU
Optimizing NNI: done in 0.218711 secs using 197.6% CPU
Optimizing NNI: done in 0.172192 secs using 193.1% CPU
Optimizing NNI: done in 0.144518 secs using 196% CPU
Iteration 130 / LogL: -2961.154 / Time: 0h:3m:41s (0h:0m:13s left)
Optimizing NNI: done in 0.210345 secs using 195.3% CPU
Optimizing NNI: done in 0.181711 secs using 196.6% CPU
Optimizing NNI: done in 0.22549 secs using 196.8% CPU
Optimizing NNI: done in 0.138885 secs using 196.3% CPU
Optimizing NNI: done in 0.18523 secs using 194.3% CPU
Optimizing NNI: done in 0.183961 secs using 198.2% CPU
Optimizing NNI: done in 0.117629 secs using 195.9% CPU
Optimizing NNI: done in 0.134851 secs using 196.2% CPU
Optimizing NNI: done in 0.115976 secs using 198.9% CPU
Optimizing NNI: done in 0.194851 secs using 196.8% CPU
Iteration 140 / LogL: -2944.230 / Time: 0h:3m:42s (0h:0m:11s left)
Optimizing NNI: done in 0.131535 secs using 198.6% CPU
Optimizing NNI: done in 0.20329 secs using 197.2% CPU
Optimizing NNI: done in 0.177049 secs using 193.5% CPU
Optimizing NNI: done in 0.160853 secs using 194.9% CPU
Optimizing NNI: done in 0.225996 secs using 194.5% CPU
Optimizing NNI: done in 0.198094 secs using 196.2% CPU
Optimizing NNI: done in 0.270875 secs using 196.1% CPU
Optimizing NNI: done in 0.152174 secs using 194.4% CPU
Optimizing NNI: done in 0.149699 secs using 196.6% CPU
Optimizing NNI: done in 0.173603 secs using 197.7% CPU
Iteration 150 / LogL: -2958.289 / Time: 0h:3m:44s (0h:0m:9s left)
Log-likelihood cutoff on original alignment: -2974.054
Optimizing NNI: done in 0.222548 secs using 197.3% CPU
Optimizing NNI: done in 0.168775 secs using 194.6% CPU
Optimizing NNI: done in 0.148598 secs using 193.9% CPU
Optimizing NNI: done in 0.152033 secs using 195.2% CPU
Optimizing NNI: done in 0.143746 secs using 197.8% CPU
Optimizing NNI: done in 0.195867 secs using 197.3% CPU
Optimizing NNI: done in 0.127763 secs using 192.9% CPU
Optimizing NNI: done in 0.136078 secs using 194.6% CPU
Optimizing NNI: done in 0.20829 secs using 197.2% CPU
Optimizing NNI: done in 0.172871 secs using 195.8% CPU
Iteration 160 / LogL: -2942.345 / Time: 0h:3m:46s (0h:0m:7s left)
Optimizing NNI: done in 0.190024 secs using 196.6% CPU
Optimizing NNI: done in 0.143155 secs using 194.8% CPU
Optimizing NNI: done in 0.106577 secs using 197.4% CPU
Optimizing NNI: done in 0.173927 secs using 197% CPU
Optimizing NNI: done in 0.181457 secs using 196.2% CPU
Optimizing NNI: done in 0.156959 secs using 196.6% CPU
Optimizing NNI: done in 0.192408 secs using 195.4% CPU
Optimizing NNI: done in 0.146895 secs using 195.1% CPU
Optimizing NNI: done in 0.199783 secs using 195.4% CPU
Optimizing NNI: done in 0.175959 secs using 196.4% CPU
Iteration 170 / LogL: -2942.340 / Time: 0h:3m:48s (0h:0m:5s left)
Optimizing NNI: done in 0.152646 secs using 196.1% CPU
Optimizing NNI: done in 0.183338 secs using 196.9% CPU
Optimizing NNI: done in 0.213545 secs using 198.1% CPU
Optimizing NNI: done in 0.189169 secs using 196.5% CPU
Optimizing NNI: done in 0.231597 secs using 196.5% CPU
Optimizing NNI: done in 0.182338 secs using 195.7% CPU
Optimizing NNI: done in 0.158425 secs using 193.2% CPU
Optimizing NNI: done in 0.196717 secs using 196.4% CPU
Optimizing NNI: done in 0.201853 secs using 195.3% CPU
Optimizing NNI: done in 0.211827 secs using 196.6% CPU
Iteration 180 / LogL: -2942.348 / Time: 0h:3m:50s (0h:0m:3s left)
Optimizing NNI: done in 0.163784 secs using 197.3% CPU
Optimizing NNI: done in 0.133165 secs using 195.1% CPU
Optimizing NNI: done in 0.258447 secs using 196.9% CPU
Optimizing NNI: done in 0.1657 secs using 194.4% CPU
Optimizing NNI: done in 0.162191 secs using 196% CPU
Optimizing NNI: done in 0.152656 secs using 196.1% CPU
Optimizing NNI: done in 0.229249 secs using 195.3% CPU
Optimizing NNI: done in 0.203185 secs using 194.7% CPU
Optimizing NNI: done in 0.166987 secs using 196.8% CPU
Optimizing NNI: done in 0.183184 secs using 196.4% CPU
Iteration 190 / LogL: -2945.172 / Time: 0h:3m:52s (0h:0m:1s left)
Optimizing NNI: done in 0.185084 secs using 196.5% CPU
Optimizing NNI: done in 0.169655 secs using 195.3% CPU
Optimizing NNI: done in 0.167511 secs using 195.3% CPU
Optimizing NNI: done in 0.165146 secs using 197.3% CPU
Optimizing NNI: done in 0.168435 secs using 195.4% CPU
Optimizing NNI: done in 0.188406 secs using 196.4% CPU
Optimizing NNI: done in 0.160625 secs using 195% CPU
Optimizing NNI: done in 0.167085 secs using 196.7% CPU
Optimizing NNI: done in 0.231024 secs using 196.3% CPU
Optimizing NNI: done in 0.238183 secs using 195.9% CPU
Iteration 200 / LogL: -2942.836 / Time: 0h:3m:54s (0h:0m:0s left)
Log-likelihood cutoff on original alignment: -2974.054
NOTE: Bootstrap correlation coefficient of split occurrence frequencies: 0.987
NOTE: UFBoot does not converge, continue at least 100 more iterations
Optimizing NNI: done in 0.231374 secs using 197% CPU
Optimizing NNI: done in 0.167422 secs using 199.5% CPU
Optimizing NNI: done in 0.188515 secs using 196.8% CPU
Optimizing NNI: done in 0.207227 secs using 196.8% CPU
Optimizing NNI: done in 0.234683 secs using 196.1% CPU
Optimizing NNI: done in 0.152009 secs using 196.5% CPU
Optimizing NNI: done in 0.223644 secs using 195.5% CPU
Optimizing NNI: done in 0.180586 secs using 198.9% CPU
Optimizing NNI: done in 0.256212 secs using 197% CPU
Optimizing NNI: done in 0.173862 secs using 195.7% CPU
Iteration 210 / LogL: -2962.973 / Time: 0h:3m:57s (0h:0m:17s left)
Optimizing NNI: done in 0.227975 secs using 197.5% CPU
Optimizing NNI: done in 0.213121 secs using 197.8% CPU
Optimizing NNI: done in 0.213988 secs using 197.4% CPU
Optimizing NNI: done in 0.180943 secs using 197% CPU
Optimizing NNI: done in 0.215388 secs using 196.3% CPU
Optimizing NNI: done in 0.183379 secs using 195.8% CPU
Optimizing NNI: done in 0.18929 secs using 195.3% CPU
Optimizing NNI: done in 0.181569 secs using 198.4% CPU
Optimizing NNI: done in 0.17819 secs using 198.5% CPU
Optimizing NNI: done in 0.221476 secs using 195.5% CPU
Iteration 220 / LogL: -2942.345 / Time: 0h:3m:59s (0h:0m:16s left)
Optimizing NNI: done in 0.129509 secs using 198.6% CPU
Optimizing NNI: done in 0.162098 secs using 195.4% CPU
Optimizing NNI: done in 0.132094 secs using 195.2% CPU
Optimizing NNI: done in 0.158086 secs using 195.9% CPU
Optimizing NNI: done in 0.14711 secs using 195% CPU
Optimizing NNI: done in 0.203778 secs using 196.5% CPU
Optimizing NNI: done in 0.157427 secs using 199.3% CPU
Optimizing NNI: done in 0.227885 secs using 195% CPU
Optimizing NNI: done in 0.209569 secs using 196.7% CPU
Optimizing NNI: done in 0.178932 secs using 195.9% CPU
Iteration 230 / LogL: -2942.837 / Time: 0h:4m:1s (0h:0m:14s left)
Optimizing NNI: done in 0.1739 secs using 196.4% CPU
Optimizing NNI: done in 0.201601 secs using 198% CPU
Optimizing NNI: done in 0.156705 secs using 194.9% CPU
Optimizing NNI: done in 0.167634 secs using 195.2% CPU
Optimizing NNI: done in 0.14967 secs using 198% CPU
Optimizing NNI: done in 0.148259 secs using 198.9% CPU
Optimizing NNI: done in 0.219711 secs using 195.4% CPU
Optimizing NNI: done in 0.226814 secs using 195.9% CPU
Optimizing NNI: done in 0.183028 secs using 198.7% CPU
Optimizing NNI: done in 0.223263 secs using 197.9% CPU
Iteration 240 / LogL: -2943.782 / Time: 0h:4m:3s (0h:0m:12s left)
Optimizing NNI: done in 0.180561 secs using 196.7% CPU
Optimizing NNI: done in 0.190139 secs using 196.6% CPU
Optimizing NNI: done in 0.212059 secs using 197.4% CPU
Optimizing NNI: done in 0.200147 secs using 196.7% CPU
Optimizing NNI: done in 0.170562 secs using 195.3% CPU
Optimizing NNI: done in 0.132153 secs using 198.1% CPU
Optimizing NNI: done in 0.11356 secs using 197.5% CPU
Optimizing NNI: done in 0.220371 secs using 195.5% CPU
Optimizing NNI: done in 0.18696 secs using 196.6% CPU
Optimizing NNI: done in 0.209542 secs using 196.7% CPU
Iteration 250 / LogL: -2954.451 / Time: 0h:4m:5s (0h:0m:10s left)
Log-likelihood cutoff on original alignment: -2974.054
Optimizing NNI: done in 0.176986 secs using 196.9% CPU
Optimizing NNI: done in 0.154527 secs using 192.3% CPU
Optimizing NNI: done in 0.222173 secs using 197.3% CPU
Optimizing NNI: done in 0.196913 secs using 194.7% CPU
Optimizing NNI: done in 0.157064 secs using 194.6% CPU
Optimizing NNI: done in 0.167057 secs using 196.8% CPU
Optimizing NNI: done in 0.185203 secs using 195.4% CPU
Optimizing NNI: done in 0.190801 secs using 195.7% CPU
Optimizing NNI: done in 0.196297 secs using 197.6% CPU
Optimizing NNI: done in 0.196511 secs using 193.7% CPU
BETTER TREE FOUND at iteration 260: -2942.339
Iteration 260 / LogL: -2942.339 / Time: 0h:4m:8s (0h:0m:20s left)
Optimizing NNI: done in 0.18969 secs using 194.7% CPU
Optimizing NNI: done in 0.20241 secs using 196.6% CPU
Optimizing NNI: done in 0.211949 secs using 195.6% CPU
Optimizing NNI: done in 0.152622 secs using 196.8% CPU
Optimizing NNI: done in 0.171734 secs using 195.2% CPU
Optimizing NNI: done in 0.194228 secs using 195.4% CPU
Optimizing NNI: done in 0.169275 secs using 196.1% CPU
Optimizing NNI: done in 0.21288 secs using 195.6% CPU
Optimizing NNI: done in 0.307647 secs using 197.2% CPU
Optimizing NNI: done in 0.14789 secs using 195.1% CPU
Iteration 270 / LogL: -2942.340 / Time: 0h:4m:10s (0h:0m:18s left)
Optimizing NNI: done in 0.222437 secs using 197.3% CPU
Optimizing NNI: done in 0.215799 secs using 197.1% CPU
Optimizing NNI: done in 0.174637 secs using 194.3% CPU
Optimizing NNI: done in 0.181819 secs using 194.4% CPU
Optimizing NNI: done in 0.155758 secs using 192.1% CPU
Optimizing NNI: done in 0.208173 secs using 196.7% CPU
Optimizing NNI: done in 0.231982 secs using 196.8% CPU
Optimizing NNI: done in 0.197264 secs using 196.1% CPU
Optimizing NNI: done in 0.160625 secs using 196.9% CPU
Optimizing NNI: done in 0.178475 secs using 195.6% CPU
Iteration 280 / LogL: -2944.231 / Time: 0h:4m:12s (0h:0m:16s left)
Optimizing NNI: done in 0.183121 secs using 198.6% CPU
Optimizing NNI: done in 0.137539 secs using 197.2% CPU
Optimizing NNI: done in 0.207456 secs using 195.2% CPU
Optimizing NNI: done in 0.216198 secs using 198.3% CPU
Optimizing NNI: done in 0.215232 secs using 198.3% CPU
Optimizing NNI: done in 0.152483 secs using 198.8% CPU
BETTER TREE FOUND at iteration 286: -2942.338
Optimizing NNI: done in 0.21528 secs using 195.5% CPU
Optimizing NNI: done in 0.115292 secs using 195.2% CPU
Optimizing NNI: done in 0.102967 secs using 195.9% CPU
Optimizing NNI: done in 0.153282 secs using 193.1% CPU
Iteration 290 / LogL: -2944.230 / Time: 0h:4m:14s (0h:0m:19s left)
Optimizing NNI: done in 0.202179 secs using 194.2% CPU
Optimizing NNI: done in 0.18928 secs using 195.9% CPU
Optimizing NNI: done in 0.255714 secs using 194.4% CPU
Optimizing NNI: done in 0.260322 secs using 196.6% CPU
Optimizing NNI: done in 0.170752 secs using 199.3% CPU
Optimizing NNI: done in 0.186418 secs using 196.3% CPU
Optimizing NNI: done in 0.142649 secs using 195.8% CPU
Optimizing NNI: done in 0.210764 secs using 195.6% CPU
Optimizing NNI: done in 0.190886 secs using 197.7% CPU
Optimizing NNI: done in 0.149808 secs using 195.9% CPU
Iteration 300 / LogL: -2966.932 / Time: 0h:4m:16s (0h:0m:17s left)
Log-likelihood cutoff on original alignment: -2974.693
NOTE: Bootstrap correlation coefficient of split occurrence frequencies: 0.991
Optimizing NNI: done in 0.265915 secs using 197.2% CPU
Optimizing NNI: done in 0.199379 secs using 197.5% CPU
Optimizing NNI: done in 0.25371 secs using 195.2% CPU
Optimizing NNI: done in 0.177987 secs using 198.6% CPU
Optimizing NNI: done in 0.182336 secs using 199% CPU
Optimizing NNI: done in 0.181297 secs using 196.3% CPU
Optimizing NNI: done in 0.16003 secs using 194.8% CPU
Optimizing NNI: done in 0.209452 secs using 195.8% CPU
Optimizing NNI: done in 0.15193 secs using 197.8% CPU
Optimizing NNI: done in 0.233165 secs using 196.3% CPU
Iteration 310 / LogL: -2945.088 / Time: 0h:4m:19s (0h:0m:18s left)
Optimizing NNI: done in 0.138676 secs using 197.1% CPU
Optimizing NNI: done in 0.190523 secs using 197.4% CPU
Optimizing NNI: done in 0.181823 secs using 196% CPU
Optimizing NNI: done in 0.181678 secs using 196.6% CPU
Optimizing NNI: done in 0.203492 secs using 195.6% CPU
Optimizing NNI: done in 0.202263 secs using 194.2% CPU
Optimizing NNI: done in 0.189897 secs using 198.1% CPU
Optimizing NNI: done in 0.153505 secs using 194.8% CPU
Optimizing NNI: done in 0.17198 secs using 196.3% CPU
Optimizing NNI: done in 0.218964 secs using 196.6% CPU
Iteration 320 / LogL: -2944.230 / Time: 0h:4m:21s (0h:0m:16s left)
Optimizing NNI: done in 0.148896 secs using 197.1% CPU
Optimizing NNI: done in 0.215949 secs using 195.2% CPU
Optimizing NNI: done in 0.151411 secs using 196.2% CPU
Optimizing NNI: done in 0.11399 secs using 196.2% CPU
Optimizing NNI: done in 0.148186 secs using 192.8% CPU
Optimizing NNI: done in 0.174349 secs using 197.3% CPU
Optimizing NNI: done in 0.239482 secs using 194.1% CPU
Optimizing NNI: done in 0.185965 secs using 196.6% CPU
Optimizing NNI: done in 0.172568 secs using 195.4% CPU
Optimizing NNI: done in 0.186279 secs using 196.4% CPU
Iteration 330 / LogL: -2942.342 / Time: 0h:4m:23s (0h:0m:14s left)
Optimizing NNI: done in 0.137078 secs using 196.1% CPU
Optimizing NNI: done in 0.225945 secs using 197.5% CPU
Optimizing NNI: done in 0.257754 secs using 196% CPU
Optimizing NNI: done in 0.216999 secs using 197.9% CPU
Optimizing NNI: done in 0.126156 secs using 195.7% CPU
Optimizing NNI: done in 0.178228 secs using 195.1% CPU
Optimizing NNI: done in 0.206932 secs using 195.4% CPU
Optimizing NNI: done in 0.178688 secs using 194.4% CPU
Optimizing NNI: done in 0.200552 secs using 195% CPU
Optimizing NNI: done in 0.147564 secs using 196% CPU
Iteration 340 / LogL: -2955.444 / Time: 0h:4m:26s (0h:0m:12s left)
Optimizing NNI: done in 0.112759 secs using 192.9% CPU
Optimizing NNI: done in 0.192604 secs using 195.8% CPU
Optimizing NNI: done in 0.15271 secs using 195.2% CPU
Optimizing NNI: done in 0.2044 secs using 196.2% CPU
Optimizing NNI: done in 0.151762 secs using 195.9% CPU
Optimizing NNI: done in 0.169268 secs using 197.2% CPU
Optimizing NNI: done in 0.176587 secs using 197.2% CPU
Optimizing NNI: done in 0.184643 secs using 197.2% CPU
Optimizing NNI: done in 0.213178 secs using 196.4% CPU
Optimizing NNI: done in 0.206775 secs using 196.5% CPU
Iteration 350 / LogL: -2942.344 / Time: 0h:4m:28s (0h:0m:10s left)
Log-likelihood cutoff on original alignment: -2974.693
Optimizing NNI: done in 0.137781 secs using 196.3% CPU
Optimizing NNI: done in 0.187049 secs using 193.3% CPU
Optimizing NNI: done in 0.159737 secs using 195.5% CPU
Optimizing NNI: done in 0.12788 secs using 196% CPU
Optimizing NNI: done in 0.170547 secs using 197.1% CPU
Optimizing NNI: done in 0.149851 secs using 195.9% CPU
Optimizing NNI: done in 0.166429 secs using 196.5% CPU
Optimizing NNI: done in 0.202569 secs using 195% CPU
Optimizing NNI: done in 0.203144 secs using 195.8% CPU
Optimizing NNI: done in 0.167072 secs using 195.5% CPU
Iteration 360 / LogL: -2944.226 / Time: 0h:4m:30s (0h:0m:8s left)
Optimizing NNI: done in 0.239068 secs using 193% CPU
Optimizing NNI: done in 0.183092 secs using 199.1% CPU
Optimizing NNI: done in 0.187706 secs using 196.7% CPU
Optimizing NNI: done in 0.153823 secs using 196% CPU
Optimizing NNI: done in 0.184353 secs using 196.2% CPU
BETTER TREE FOUND at iteration 365: -2942.338
Optimizing NNI: done in 0.154608 secs using 198.7% CPU
Optimizing NNI: done in 0.19709 secs using 196.1% CPU
Optimizing NNI: done in 0.193291 secs using 196.5% CPU
Optimizing NNI: done in 0.1712 secs using 196.7% CPU
Optimizing NNI: done in 0.140264 secs using 195.3% CPU
Iteration 370 / LogL: -2942.344 / Time: 0h:4m:32s (0h:0m:19s left)
Optimizing NNI: done in 0.157959 secs using 195.4% CPU
Optimizing NNI: done in 0.144719 secs using 197.9% CPU
Optimizing NNI: done in 0.202248 secs using 196.7% CPU
Optimizing NNI: done in 0.198693 secs using 194.9% CPU
Optimizing NNI: done in 0.206225 secs using 198.2% CPU
Optimizing NNI: done in 0.200089 secs using 198.7% CPU
Optimizing NNI: done in 0.206123 secs using 195.3% CPU
Optimizing NNI: done in 0.22539 secs using 196.1% CPU
Optimizing NNI: done in 0.204952 secs using 195.4% CPU
Optimizing NNI: done in 0.24578 secs using 196.6% CPU
Iteration 380 / LogL: -2942.838 / Time: 0h:4m:35s (0h:0m:17s left)
Optimizing NNI: done in 0.127814 secs using 199% CPU
Optimizing NNI: done in 0.171367 secs using 194.3% CPU
Optimizing NNI: done in 0.265512 secs using 194.7% CPU
Optimizing NNI: done in 0.243078 secs using 196.5% CPU
Optimizing NNI: done in 0.1695 secs using 194.2% CPU
Optimizing NNI: done in 0.157342 secs using 194.5% CPU
Optimizing NNI: done in 0.115627 secs using 194.1% CPU
Optimizing NNI: done in 0.167301 secs using 197.8% CPU
Optimizing NNI: done in 0.180503 secs using 194% CPU
Optimizing NNI: done in 0.173149 secs using 194.5% CPU
Iteration 390 / LogL: -2942.342 / Time: 0h:4m:37s (0h:0m:15s left)
Optimizing NNI: done in 0.175772 secs using 199.9% CPU
Optimizing NNI: done in 0.213888 secs using 199.3% CPU
Optimizing NNI: done in 0.226036 secs using 196.2% CPU
Optimizing NNI: done in 0.225682 secs using 196.4% CPU
Optimizing NNI: done in 0.267558 secs using 196.2% CPU
Optimizing NNI: done in 0.188617 secs using 197.3% CPU
Optimizing NNI: done in 0.153565 secs using 193.5% CPU
Optimizing NNI: done in 0.128822 secs using 196% CPU
Optimizing NNI: done in 0.158083 secs using 195.9% CPU
Optimizing NNI: done in 0.19096 secs using 195.1% CPU
Iteration 400 / LogL: -2942.341 / Time: 0h:4m:39s (0h:0m:13s left)
Log-likelihood cutoff on original alignment: -2974.693
NOTE: Bootstrap correlation coefficient of split occurrence frequencies: 0.990
Optimizing NNI: done in 0.162225 secs using 197.8% CPU
Optimizing NNI: done in 0.174486 secs using 195.5% CPU
Optimizing NNI: done in 0.168663 secs using 197% CPU
Optimizing NNI: done in 0.20004 secs using 197.8% CPU
Optimizing NNI: done in 0.176011 secs using 197.4% CPU
Optimizing NNI: done in 0.157095 secs using 195.3% CPU
Optimizing NNI: done in 0.193075 secs using 197.2% CPU
Optimizing NNI: done in 0.189316 secs using 195.9% CPU
Optimizing NNI: done in 0.173491 secs using 196% CPU
Optimizing NNI: done in 0.172159 secs using 196.8% CPU
Iteration 410 / LogL: -2945.173 / Time: 0h:4m:42s (0h:0m:19s left)
Optimizing NNI: done in 0.23116 secs using 194.9% CPU
Optimizing NNI: done in 0.145439 secs using 196% CPU
Optimizing NNI: done in 0.172019 secs using 196.3% CPU
Optimizing NNI: done in 0.190553 secs using 196.3% CPU
Optimizing NNI: done in 0.173367 secs using 196.7% CPU
Optimizing NNI: done in 0.201829 secs using 196.4% CPU
Optimizing NNI: done in 0.219537 secs using 197.3% CPU
Optimizing NNI: done in 0.175363 secs using 193.3% CPU
Optimizing NNI: done in 0.200292 secs using 198% CPU
Optimizing NNI: done in 0.238087 secs using 197.2% CPU
Iteration 420 / LogL: -2944.229 / Time: 0h:4m:44s (0h:0m:16s left)
Optimizing NNI: done in 0.21305 secs using 196.5% CPU
Optimizing NNI: done in 0.163755 secs using 192.6% CPU
Optimizing NNI: done in 0.215036 secs using 196.9% CPU
Optimizing NNI: done in 0.201485 secs using 196% CPU
Optimizing NNI: done in 0.252726 secs using 197.1% CPU
Optimizing NNI: done in 0.153707 secs using 193.5% CPU
Optimizing NNI: done in 0.204378 secs using 196.6% CPU
Optimizing NNI: done in 0.23493 secs using 198.1% CPU
Optimizing NNI: done in 0.193617 secs using 198.3% CPU
Optimizing NNI: done in 0.197737 secs using 195.3% CPU
Iteration 430 / LogL: -2945.174 / Time: 0h:4m:47s (0h:0m:14s left)
Optimizing NNI: done in 0.192656 secs using 197.3% CPU
Optimizing NNI: done in 0.198455 secs using 196.5% CPU
Optimizing NNI: done in 0.156301 secs using 197.7% CPU
Optimizing NNI: done in 0.185941 secs using 192.8% CPU
Optimizing NNI: done in 0.187136 secs using 199.1% CPU
Optimizing NNI: done in 0.15687 secs using 197.9% CPU
Optimizing NNI: done in 0.145043 secs using 195.6% CPU
Optimizing NNI: done in 0.179565 secs using 197.8% CPU
Optimizing NNI: done in 0.157356 secs using 195.7% CPU
Optimizing NNI: done in 0.204477 secs using 198.6% CPU
Iteration 440 / LogL: -2944.229 / Time: 0h:4m:49s (0h:0m:12s left)
Optimizing NNI: done in 0.193393 secs using 197.5% CPU
Optimizing NNI: done in 0.155859 secs using 199.2% CPU
Optimizing NNI: done in 0.153409 secs using 194.3% CPU
Optimizing NNI: done in 0.180054 secs using 195.8% CPU
Optimizing NNI: done in 0.217648 secs using 196.6% CPU
Optimizing NNI: done in 0.184282 secs using 195.8% CPU
Optimizing NNI: done in 0.157548 secs using 196.9% CPU
Optimizing NNI: done in 0.264208 secs using 197.4% CPU
Optimizing NNI: done in 0.171504 secs using 196% CPU
Optimizing NNI: done in 0.221909 secs using 198.4% CPU
Iteration 450 / LogL: -2942.840 / Time: 0h:4m:52s (0h:0m:10s left)
Log-likelihood cutoff on original alignment: -2974.693
Optimizing NNI: done in 0.180556 secs using 196.1% CPU
Optimizing NNI: done in 0.150971 secs using 194.4% CPU
Optimizing NNI: done in 0.177685 secs using 197.7% CPU
Optimizing NNI: done in 0.187156 secs using 194.9% CPU
Optimizing NNI: done in 0.170417 secs using 193.5% CPU
Optimizing NNI: done in 0.195317 secs using 196% CPU
Optimizing NNI: done in 0.191827 secs using 195.1% CPU
Optimizing NNI: done in 0.176296 secs using 197.3% CPU
Optimizing NNI: done in 0.170856 secs using 199.3% CPU
Optimizing NNI: done in 0.233191 secs using 194.5% CPU
Iteration 460 / LogL: -2942.340 / Time: 0h:4m:54s (0h:0m:8s left)
Optimizing NNI: done in 0.2455 secs using 196.7% CPU
Optimizing NNI: done in 0.209309 secs using 196.2% CPU
Optimizing NNI: done in 0.164406 secs using 194% CPU
Optimizing NNI: done in 0.226429 secs using 197.4% CPU
Optimizing NNI: done in 0.244191 secs using 194.4% CPU
Optimizing NNI: done in 0.203974 secs using 194.9% CPU
TREE SEARCH COMPLETED AFTER 466 ITERATIONS / Time: 0h:4m:56s

--------------------------------------------------------------------
|                    FINALIZING TREE SEARCH                        |
--------------------------------------------------------------------
Performs final model parameters optimization
Estimate model parameters (epsilon = 0.010)
1. Initial log-likelihood: -2942.338
Optimal log-likelihood: -2942.337
Rate parameters:  A-C: 1.00000  A-G: 3.36223  A-T: 1.00000  C-G: 1.00000  C-T: 3.36223  G-T: 1.00000
Base frequencies:  A: 0.296  C: 0.164  G: 0.221  T: 0.319
Gamma shape alpha: 0.375
Parameters optimization took 1 rounds (0.012 sec)
BEST SCORE FOUND : -2942.337
Creating bootstrap support values...
Split supports printed to NEXUS file data/packages/ITS/Rossbeevera/ref.splits.nex
Total tree length: 0.635

Total number of iterations: 466
CPU time used for tree search: 183.690 sec (0h:3m:3s)
Wall-clock time used for tree search: 100.469 sec (0h:1m:40s)
Total CPU time used: 550.474 sec (0h:9m:10s)
Total wall-clock time used: 296.597 sec (0h:4m:56s)

Computing bootstrap consensus tree...
Reading input file data/packages/ITS/Rossbeevera/ref.splits.nex...
68 taxa and 2291 splits.
Consensus tree written to data/packages/ITS/Rossbeevera/ref.contree
Reading input trees file data/packages/ITS/Rossbeevera/ref.contree
Log-likelihood of consensus tree: -2944.270

Analysis results written to: 
  IQ-TREE report:                data/packages/ITS/Rossbeevera/ref.iqtree
  Maximum-likelihood tree:       data/packages/ITS/Rossbeevera/ref.treefile
  Likelihood distances:          data/packages/ITS/Rossbeevera/ref.mldist

Ultrafast bootstrap approximation results written to:
  Split support values:          data/packages/ITS/Rossbeevera/ref.splits.nex
  Consensus tree:                data/packages/ITS/Rossbeevera/ref.contree
  Screen log file:               data/packages/ITS/Rossbeevera/ref.log

Date and Time: Mon Aug 18 18:33:42 2025
