IQ-TREE version 3.0.1 for Linux x86 64-bit built May  5 2025
Developed by Bui Quang Minh, Thomas Wong, Nhan Ly-Trong, Huaiyan Ren
Contributed by Lam-Tung Nguyen, Dominik Schrempf, Chris Bielow,
Olga Chernomor, Michael Woodhams, Diep Thi Hoang, Heiko Schmidt

Host:    lnx820.umnh.utah.edu (AVX2, FMA3, 865 GB RAM)
Command: /home/bdentinger/iqtree-3.0.1-Linux/bin/iqtree3_intel -s data/packages/ITS/Exsudoporus/aln.masked.fasta -m MFP -bb 1000 -nt AUTO -pre data/packages/ITS/Exsudoporus/ref
Seed:    862338 (Using SPRNG - Scalable Parallel Random Number Generator)
Time:    Mon Aug 18 17:49:08 2025
Kernel:  AVX+FMA - auto-detect threads (72 CPU cores detected)

Reading alignment file data/packages/ITS/Exsudoporus/aln.masked.fasta ... Fasta format detected
Reading fasta file: done in 0.000806494 secs using 98.33% CPU
Alignment most likely contains DNA/RNA sequences
Constructing alignment: done in 0.00107745 secs using 99.68% CPU
Alignment has 42 sequences with 671 columns, 248 distinct patterns
125 parsimony-informative, 63 singleton sites, 483 constant sites
                                                              Gap/Ambiguity  Composition  p-value
Analyzing sequences: done in 5.24241e-05 secs using 95.38% CPU
   1  inaturalist_184408184|ITS|PX064148.1                            0.00%    passed     99.67%
   2  omdl_inat_173093835|ITS|PV995574.1                              0.00%    passed     98.01%
   3  flas_f_61189|ITS|MH211799.1                                    15.80%    passed     97.11%
   4  flas_f_61008|ITS|MH016943.1                                    19.52%    passed     98.42%
   5  flas_f_60742|ITS|MH016833.1                                     0.30%    passed     97.22%
   6  omdl_inat_224205437|ITS|PV708614.1                              0.00%    passed     99.90%
   7  omdl_inat_174588949|ITS|OR824533.1                              0.00%    passed     98.01%
   8  jlf10967_az|ITS|PV197726.1                                      3.28%    passed     97.48%
   9  mo509148|ITS|OR614822.1                                         0.89%    passed     99.24%
  10  mo509147|ITS|OR336179.1                                        17.29%    passed     88.49%
  11  s.d._russell_inaturalist_15093221|ITS|OP541787.1                0.00%    passed     96.14%
  12  s.d._russell_nama2018_ms_inaturalist_13895309|ITS|OP541648.1    0.00%    passed     96.14%
  13  mes_881_flas_f_59142|ITS|ON383432.1                             5.66%    passed     63.98%
  14  flas                                                            0.00%    passed    100.00%
  15  111|ITS|OM972382.1                                              0.00%    passed     96.14%
  16  bts031j|ITS|OL960532.1                                          2.09%    passed     90.70%
  17  tns_f_37407|ITS|OL960531.1                                      0.30%    passed     92.65%
  18  mg829|ITS|OL960530.1                                            0.45%    passed     74.74%
  19  mg637|ITS|OL960529.1                                           61.40%    passed     72.88%
  20  mg558|ITS|OL960528.1                                           61.10%    passed     80.23%
  21  gs1275|ITS|OL960527.1                                           0.00%    passed     75.20%
  22  gs1001|ITS|OL960526.1                                           0.30%    passed     77.47%
  23  ab_b15_271|ITS|OL960525.1                                       0.15%    passed     76.27%
  24  ab_b15_254|ITS|OL960524.1                                       0.00%    passed     77.85%
  25  ab_b11_03|ITS|OL960523.1                                        0.00%    passed     77.85%
  26  ib_19800750|ITS|OL960522.1                                     52.91%    passed     29.28%
  27  inat30897161|ITS|OL960521.1                                     0.00%    passed     96.14%
  28  inat30897161|ITS|OL960520.1                                     0.00%    passed     96.14%
  29  inat35326745|ITS|OL960519.1                                     0.00%    passed     96.14%
  30  to_avbb11|ITS|OL960518.1                                        0.30%    passed     98.69%
  31  to_avbb10|ITS|OL960517.1                                        0.00%    passed     98.01%
  32  flas_f_61008|ITS|OL960516.1                                    14.75%    passed     98.66%
  33  flas_f_59142|ITS|OL960515.1                                     0.00%    passed    100.00%
  34  flas_f_59069|ITS|OL960514.1                                     0.00%    passed    100.00%
  35  cfmr                                                           12.07%    passed     99.67%
  36  ml61992ep|ITS|MH011858.1                                        0.00%    passed     77.85%
  37  jlf2548|ITS|KC812303.1                                         19.97%    passed     76.43%
  38  somf_29919|ITS|MH329398.1                                       0.00%    passed     77.85%
  39  tenn_067311|ITS|KT002601.1                                     19.67%    passed     68.65%
  40  fr2011120|ITS|KR782301.1                                        0.00%    passed     74.84%
  41  bd368|ITS|JN020981.1                                            1.94%    passed     99.08%
  42  mhm069|ITS|EU569285.1                                          19.08%    passed     97.03%
WARNING: 3 sequences contain more than 50% gaps/ambiguity
****  TOTAL                                                           7.84%  0 sequences failed composition chi2 test (p-value<5%; df=3)
NOTE: omdl_inat_174588949|ITS|OR824533.1 is identical to omdl_inat_173093835|ITS|PV995574.1 but kept for subsequent analysis
NOTE: s.d._russell_nama2018_ms_inaturalist_13895309|ITS|OP541648.1 is identical to s.d._russell_inaturalist_15093221|ITS|OP541787.1 but kept for subsequent analysis
NOTE: flas_f_59142|ITS|OL960515.1 is identical to flas but kept for subsequent analysis
NOTE: ab_b11_03|ITS|OL960523.1 is identical to ab_b15_254|ITS|OL960524.1 but kept for subsequent analysis
Checking for duplicate sequences: done in 0.000235455 secs using 55.21% CPU
Identifying sites to remove: done in 0.000532469 secs using 72.3% CPU
NOTE: 8 identical sequences (see below) will be ignored for subsequent analysis
NOTE: to_avbb10|ITS|OL960517.1 (identical to omdl_inat_173093835|ITS|PV995574.1) is ignored but added at the end
NOTE: 111|ITS|OM972382.1 (identical to s.d._russell_inaturalist_15093221|ITS|OP541787.1) is ignored but added at the end
NOTE: inat30897161|ITS|OL960521.1 (identical to s.d._russell_inaturalist_15093221|ITS|OP541787.1) is ignored but added at the end
NOTE: inat30897161|ITS|OL960520.1 (identical to s.d._russell_inaturalist_15093221|ITS|OP541787.1) is ignored but added at the end
NOTE: inat35326745|ITS|OL960519.1 (identical to s.d._russell_inaturalist_15093221|ITS|OP541787.1) is ignored but added at the end
NOTE: flas_f_59069|ITS|OL960514.1 (identical to flas) is ignored but added at the end
NOTE: ml61992ep|ITS|MH011858.1 (identical to ab_b15_254|ITS|OL960524.1) is ignored but added at the end
NOTE: somf_29919|ITS|MH329398.1 (identical to ab_b15_254|ITS|OL960524.1) is ignored but added at the end
Alignment was printed to data/packages/ITS/Exsudoporus/ref.uniqueseq.phy

For your convenience alignment with unique sequences printed to data/packages/ITS/Exsudoporus/ref.uniqueseq.phy


Create initial parsimony tree by phylogenetic likelihood library (PLL)... 0.003 seconds
Measuring multi-threading efficiency up to 72 CPU cores
Increase to 10 rounds for branch lengths
3028 trees examined
Threads: 1 / Time: 72.027 sec / Speedup: 1.000 / Efficiency: 100% / LogL: -4562
Threads: 2 / Time: 69.853 sec / Speedup: 1.031 / Efficiency: 52% / LogL: -4562
Threads: 3 / Time: 56.240 sec / Speedup: 1.281 / Efficiency: 43% / LogL: -4562
Determining AUTO threadcount: done in 198.12 secs using 184.6% CPU
BEST NUMBER OF THREADS: 1

Perform fast likelihood tree search using GTR+I+G model...
Estimate model parameters (epsilon = 5.000)
Perform nearest neighbor interchange...
Optimizing NNI: done in 0.0481462 secs using 97.8% CPU
Estimate model parameters (epsilon = 1.000)
1. Initial log-likelihood: -2225.425
Optimal log-likelihood: -2225.304
Rate parameters:  A-C: 1.03037  A-G: 8.20180  A-T: 1.67253  C-G: 1.64490  C-T: 9.82538  G-T: 1.00000
Base frequencies:  A: 0.237  C: 0.221  G: 0.241  T: 0.302
Proportion of invariable sites: 0.354
Gamma shape alpha: 0.906
Parameters optimization took 1 rounds (0.021 sec)
Time for fast ML tree search: 0.133 seconds

NOTE: ModelFinder requires 3 MB RAM!
ModelFinder will test up to 968 DNA models (sample size: 671 epsilon: 0.100) ...
 No. Model         -LnL         df  AIC          AICc         BIC
  1  JC            2361.453     65  4852.907     4867.089     5145.977
  2  JC+I          2327.727     66  4787.455     4802.097     5085.033
  3  JC+G4         2327.288     66  4786.575     4801.218     5084.154
  4  JC+I+G4       2327.284     67  4788.569     4803.680     5090.656
  5  JC+R2         2327.470     67  4788.941     4804.052     5091.028
  6  JC+R3         2327.353     69  4792.705     4808.778     5103.810
 14  JC+I+R2       2327.439     68  4790.877     4806.465     5097.473
 15  JC+I+R3       2327.291     70  4794.582     4811.148     5110.195
 24  JC+I          2327.727     66  4787.455     4802.097     5085.033
 25  JC+G4         2327.288     66  4786.575     4801.218     5084.154
 26  JC+I+G4       2327.284     67  4788.569     4803.680     5090.656
 27  JC+R2         2327.470     67  4788.941     4804.052     5091.028
 46  F81+I         2327.723     66  4787.445     4802.088     5085.024
 47  F81+G4        2327.289     66  4786.577     4801.220     5084.156
 48  F81+I+G4      2327.285     67  4788.570     4803.682     5090.658
 49  F81+R2        2327.441     67  4788.883     4803.994     5090.970
 68  F81+F+I       2321.845     69  4781.691     4797.764     5092.796
 69  F81+F+G4      2321.390     69  4780.781     4796.854     5091.886
 70  F81+F+I+G4    2321.373     70  4782.747     4799.314     5098.361
 71  F81+F+R2      2321.541     70  4783.083     4799.649     5098.697
 90  K2P+I         2233.926     67  4601.853     4616.964     4903.940
 91  K2P+G4        2232.815     67  4599.631     4614.742     4901.718
 92  K2P+I+G4      2232.747     68  4601.494     4617.082     4908.091
 93  K2P+R2        2232.747     68  4601.494     4617.082     4908.090
112  K2P+I         2233.926     67  4601.853     4616.964     4903.940
113  K2P+G4        2232.815     67  4599.631     4614.742     4901.718
114  K2P+I+G4      2232.747     68  4601.494     4617.082     4908.091
115  K2P+R2        2232.747     68  4601.494     4617.082     4908.090
134  HKY+I         2233.927     67  4601.854     4616.965     4903.942
135  HKY+G4        2232.816     67  4599.632     4614.743     4901.720
136  HKY+I+G4      2232.747     68  4601.495     4617.083     4908.091
137  HKY+R2        2232.747     68  4601.493     4617.081     4908.089
156  HKY+F+I       2227.943     70  4595.886     4612.452     4911.500
157  HKY+F+G4      2226.804     70  4593.608     4610.175     4909.222
158  HKY+F+I+G4    2226.723     71  4595.446     4612.514     4915.568
159  HKY+F+R2      2226.774     71  4595.547     4612.616     4915.670
178  TNe+I         2233.116     68  4602.232     4617.820     4908.829
179  TNe+G4        2231.937     68  4599.874     4615.462     4906.470
180  TNe+I+G4      2231.819     69  4601.638     4617.711     4912.743
181  TNe+R2        2231.902     69  4601.805     4617.878     4912.910
200  TNe+I         2233.116     68  4602.232     4617.820     4908.829
201  TNe+G4        2231.937     68  4599.874     4615.462     4906.470
202  TNe+I+G4      2231.819     69  4601.638     4617.711     4912.743
203  TNe+R2        2231.902     69  4601.805     4617.878     4912.910
222  TN+I          2233.113     68  4602.225     4617.813     4908.822
223  TN+G4         2231.937     68  4599.873     4615.461     4906.470
224  TN+I+G4       2231.818     69  4601.636     4617.710     4912.741
225  TN+R2         2231.901     69  4601.801     4617.874     4912.906
244  TN+F+I        2227.610     71  4597.220     4614.288     4917.342
245  TN+F+G4       2226.413     71  4594.826     4611.895     4914.949
246  TN+F+I+G4     2226.301     72  4596.602     4614.180     4921.233
247  TN+F+R2       2226.398     72  4596.796     4614.375     4921.428
266  K3P+I         2233.042     68  4602.084     4617.672     4908.680
267  K3P+G4        2231.931     68  4599.862     4615.450     4906.458
268  K3P+I+G4      2231.857     69  4601.713     4617.786     4912.818
269  K3P+R2        2231.868     69  4601.735     4617.808     4912.840
288  K3P+I         2233.042     68  4602.084     4617.672     4908.680
289  K3P+G4        2231.931     68  4599.862     4615.450     4906.458
290  K3P+I+G4      2231.857     69  4601.713     4617.786     4912.818
291  K3P+R2        2231.868     69  4601.735     4617.808     4912.840
310  K3Pu+I        2233.040     68  4602.081     4617.669     4908.677
311  K3Pu+G4       2231.933     68  4599.867     4615.455     4906.463
312  K3Pu+I+G4     2231.857     69  4601.713     4617.786     4912.818
313  K3Pu+R2       2231.867     69  4601.733     4617.806     4912.838
332  K3Pu+F+I      2226.947     71  4595.895     4612.963     4916.017
333  K3Pu+F+G4     2225.818     71  4593.636     4610.704     4913.758
334  K3Pu+F+I+G4   2225.731     72  4595.462     4613.040     4920.093
335  K3Pu+F+R2     2225.787     72  4595.574     4613.153     4920.205
354  TPM2+I        2233.876     68  4603.752     4619.340     4910.348
355  TPM2+G4       2232.787     68  4601.574     4617.162     4908.170
356  TPM2+I+G4     2232.724     69  4603.447     4619.520     4914.552
357  TPM2+R2       2232.724     69  4603.449     4619.522     4914.554
376  TPM2+I        2233.876     68  4603.752     4619.340     4910.348
377  TPM2+G4       2232.787     68  4601.574     4617.162     4908.170
378  TPM2+I+G4     2232.724     69  4603.447     4619.520     4914.552
379  TPM2+R2       2232.724     69  4603.449     4619.522     4914.554
398  TPM2u+I       2233.878     68  4603.756     4619.344     4910.353
399  TPM2u+G4      2232.788     68  4601.576     4617.164     4908.172
400  TPM2u+I+G4    2232.724     69  4603.447     4619.521     4914.553
401  TPM2u+R2      2232.724     69  4603.448     4619.522     4914.553
420  TPM2u+F+I     2227.877     71  4597.754     4614.822     4917.876
421  TPM2u+F+G4    2226.763     71  4595.525     4612.594     4915.648
422  TPM2u+F+I+G4  2226.687     72  4597.373     4614.952     4922.004
423  TPM2u+F+R2    2226.730     72  4597.460     4615.038     4922.091
442  TPM3+I        2233.731     68  4603.462     4619.050     4910.058
443  TPM3+G4       2232.540     68  4601.080     4616.668     4907.677
444  TPM3+I+G4     2232.465     69  4602.929     4619.003     4914.034
445  TPM3+R2       2232.425     69  4602.850     4618.923     4913.955
464  TPM3+I        2233.731     68  4603.462     4619.050     4910.058
465  TPM3+G4       2232.540     68  4601.080     4616.668     4907.677
466  TPM3+I+G4     2232.465     69  4602.929     4619.003     4914.034
467  TPM3+R2       2232.425     69  4602.850     4618.923     4913.955
486  TPM3u+I       2233.731     68  4603.462     4619.050     4910.059
487  TPM3u+G4      2232.541     68  4601.082     4616.670     4907.679
488  TPM3u+I+G4    2232.465     69  4602.930     4619.004     4914.035
489  TPM3u+R2      2232.425     69  4602.850     4618.923     4913.955
508  TPM3u+F+I     2227.942     71  4597.885     4614.953     4918.008
509  TPM3u+F+G4    2226.804     71  4595.609     4612.677     4915.731
510  TPM3u+F+I+G4  2226.723     72  4597.445     4615.024     4922.077
511  TPM3u+F+R2    2226.763     72  4597.526     4615.105     4922.158
530  TIMe+I        2232.239     69  4602.477     4618.551     4913.582
531  TIMe+G4       2231.053     69  4600.106     4616.180     4911.212
532  TIMe+I+G4     2230.930     70  4601.860     4618.427     4917.474
533  TIMe+R2       2231.017     70  4602.035     4618.602     4917.649
552  TIMe+I        2232.239     69  4602.477     4618.551     4913.582
553  TIMe+G4       2231.053     69  4600.106     4616.180     4911.212
554  TIMe+I+G4     2230.930     70  4601.860     4618.427     4917.474
555  TIMe+R2       2231.017     70  4602.035     4618.602     4917.649
574  TIM+I         2232.230     69  4602.461     4618.534     4913.566
575  TIM+G4        2231.053     69  4600.106     4616.179     4911.211
576  TIM+I+G4      2230.929     70  4601.858     4618.424     4917.471
577  TIM+R2        2231.016     70  4602.032     4618.599     4917.646
596  TIM+F+I       2226.620     72  4597.241     4614.819     4921.872
597  TIM+F+G4      2225.426     72  4594.852     4612.431     4919.484
598  TIM+F+I+G4    2225.308     73  4596.615     4614.712     4925.755
599  TIM+F+R2      2225.409     73  4596.819     4614.916     4925.959
618  TIM2e+I       2233.066     69  4604.132     4620.205     4915.237
619  TIM2e+G4      2231.908     69  4601.816     4617.889     4912.921
620  TIM2e+I+G4    2231.792     70  4603.585     4620.151     4919.199
621  TIM2e+R2      2231.870     70  4603.741     4620.307     4919.354
640  TIM2e+I       2233.066     69  4604.132     4620.205     4915.237
641  TIM2e+G4      2231.908     69  4601.816     4617.889     4912.921
642  TIM2e+I+G4    2231.792     70  4603.585     4620.151     4919.199
643  TIM2e+R2      2231.870     70  4603.741     4620.307     4919.354
662  TIM2+I        2233.066     69  4604.132     4620.205     4915.237
663  TIM2+G4       2231.907     69  4601.814     4617.887     4912.919
664  TIM2+I+G4     2231.792     70  4603.584     4620.151     4919.198
665  TIM2+R2       2231.869     70  4603.738     4620.305     4919.352
684  TIM2+F+I      2227.541     72  4599.083     4616.661     4923.714
685  TIM2+F+G4     2226.367     72  4596.734     4614.312     4921.365
686  TIM2+F+I+G4   2226.260     73  4598.519     4616.616     4927.659
687  TIM2+F+R2     2226.358     73  4598.717     4616.814     4927.857
706  TIM3e+I       2232.906     69  4603.812     4619.885     4914.917
707  TIM3e+G4      2231.647     69  4601.293     4617.366     4912.398
708  TIM3e+I+G4    2231.524     70  4603.047     4619.614     4918.661
709  TIM3e+R2      2231.563     70  4603.125     4619.692     4918.739
728  TIM3e+I       2232.906     69  4603.812     4619.885     4914.917
729  TIM3e+G4      2231.647     69  4601.293     4617.366     4912.398
730  TIM3e+I+G4    2231.524     70  4603.047     4619.614     4918.661
731  TIM3e+R2      2231.563     70  4603.125     4619.692     4918.739
750  TIM3+I        2232.906     69  4603.812     4619.885     4914.917
751  TIM3+G4       2231.646     69  4601.292     4617.365     4912.397
752  TIM3+I+G4     2231.523     70  4603.046     4619.613     4918.660
753  TIM3+R2       2231.561     70  4603.123     4619.689     4918.737
772  TIM3+F+I      2227.605     72  4599.210     4616.789     4923.842
773  TIM3+F+G4     2226.413     72  4596.826     4614.404     4921.457
774  TIM3+F+I+G4   2226.300     73  4598.600     4616.697     4927.740
775  TIM3+F+R2     2226.395     73  4598.791     4616.888     4927.931
794  TVMe+I        2232.814     70  4605.629     4622.196     4921.243
795  TVMe+G4       2231.640     70  4603.279     4619.846     4918.893
796  TVMe+I+G4     2231.560     71  4605.120     4622.189     4925.243
797  TVMe+R2       2231.545     71  4605.090     4622.159     4925.213
816  TVMe+I        2232.814     70  4605.629     4622.196     4921.243
817  TVMe+G4       2231.640     70  4603.279     4619.846     4918.893
818  TVMe+I+G4     2231.560     71  4605.120     4622.189     4925.243
819  TVMe+R2       2231.545     71  4605.090     4622.159     4925.213
838  TVM+I         2232.814     70  4605.629     4622.195     4921.243
839  TVM+G4        2231.638     70  4603.277     4619.844     4918.891
840  TVM+I+G4      2231.559     71  4605.118     4622.186     4925.240
841  TVM+R2        2231.540     71  4605.081     4622.149     4925.203
860  TVM+F+I       2226.927     73  4599.854     4617.951     4928.994
861  TVM+F+G4      2225.815     73  4597.630     4615.728     4926.771
862  TVM+F+I+G4    2225.729     74  4599.459     4618.083     4933.108
863  TVM+F+R2      2225.782     74  4599.564     4618.189     4933.213
882  SYM+I         2231.995     71  4605.991     4623.059     4926.114
883  SYM+G4        2230.744     71  4603.488     4620.556     4923.611
884  SYM+I+G4      2230.616     72  4605.231     4622.810     4929.863
885  SYM+R2        2230.662     72  4605.324     4622.902     4929.955
904  SYM+I         2231.995     71  4605.991     4623.059     4926.114
905  SYM+G4        2230.744     71  4603.488     4620.556     4923.611
906  SYM+I+G4      2230.616     72  4605.231     4622.810     4929.863
907  SYM+R2        2230.662     72  4605.324     4622.902     4929.955
926  GTR+I         2231.995     71  4605.990     4623.059     4926.113
927  GTR+G4        2230.744     71  4603.487     4620.556     4923.610
928  GTR+I+G4      2230.615     72  4605.230     4622.809     4929.862
929  GTR+R2        2230.662     72  4605.323     4622.902     4929.955
948  GTR+F+I       2226.598     74  4601.197     4619.821     4934.846
949  GTR+F+G4      2225.422     74  4598.845     4617.469     4932.494
950  GTR+F+I+G4    2225.305     75  4600.610     4619.770     4938.768
951  GTR+F+R2      2225.406     75  4600.811     4619.971     4938.969
Akaike Information Criterion:           HKY+F+G4
Corrected Akaike Information Criterion: HKY+F+G4
Bayesian Information Criterion:         K2P+G4
Best-fit model: K2P+G4 chosen according to BIC

All model information printed to data/packages/ITS/Exsudoporus/ref.model.gz
CPU time for ModelFinder: 369.753 seconds (0h:6m:9s)
Wall-clock time for ModelFinder: 202.135 seconds (0h:3m:22s)
Generating 1000 samples for ultrafast bootstrap (seed: 862338)...

NOTE: 2 MB RAM (0 GB) is required!
Estimate model parameters (epsilon = 0.100)
1. Initial log-likelihood: -2232.892
Optimal log-likelihood: -2232.816
Rate parameters:  A-C: 1.00000  A-G: 6.79095  A-T: 1.00000  C-G: 1.00000  C-T: 6.79095  G-T: 1.00000
Base frequencies:  A: 0.250  C: 0.250  G: 0.250  T: 0.250
Gamma shape alpha: 0.319
Parameters optimization took 1 rounds (0.012 sec)
Wrote distance file to... 
Computing ML distances based on estimated model parameters...
Calculating distance matrix: done in 0.00586714 secs using 99.67% CPU
Computing ML distances took 0.005956 sec (of wall-clock time) 0.005942 sec (of CPU time)
Setting up auxiliary I and S matrices: done in 9.6811e-05 secs using 96.06% CPU
Constructing RapidNJ tree: done in 0.000425717 secs using 97.25% CPU
Computing RapidNJ tree took 0.000633 sec (of wall-clock time) 0.000618 sec (of CPU time)
Log-likelihood of RapidNJ tree: -2275.597
--------------------------------------------------------------------
|             INITIALIZING CANDIDATE TREE SET                      |
--------------------------------------------------------------------
Generating 98 parsimony trees... 0.150 second
Computing log-likelihood of 98 initial trees ... 0.235 seconds
Current best score: -2232.816

Do NNI search on 20 best initial trees
Optimizing NNI: done in 0.0163657 secs using 99.76% CPU
Estimate model parameters (epsilon = 0.100)
BETTER TREE FOUND at iteration 1: -2232.815
Optimizing NNI: done in 0.0579883 secs using 96.39% CPU
BETTER TREE FOUND at iteration 2: -2232.814
Optimizing NNI: done in 0.055929 secs using 99.86% CPU
BETTER TREE FOUND at iteration 3: -2232.813
Optimizing NNI: done in 0.0567874 secs using 97.79% CPU
BETTER TREE FOUND at iteration 4: -2232.812
Optimizing NNI: done in 0.0588638 secs using 96.5% CPU
Optimizing NNI: done in 0.0574107 secs using 98.13% CPU
Optimizing NNI: done in 0.060616 secs using 98.23% CPU
Optimizing NNI: done in 0.0570501 secs using 99.86% CPU
Optimizing NNI: done in 0.0656205 secs using 98.36% CPU
Optimizing NNI: done in 0.0711099 secs using 97.08% CPU
Iteration 10 / LogL: -2232.813 / Time: 0h:3m:23s
Optimizing NNI: done in 0.0632825 secs using 93.56% CPU
BETTER TREE FOUND at iteration 11: -2232.812
Optimizing NNI: done in 0.0736455 secs using 98.46% CPU
Optimizing NNI: done in 0.0486467 secs using 97.81% CPU
Optimizing NNI: done in 0.0472086 secs using 99.88% CPU
Optimizing NNI: done in 0.0572838 secs using 94.67% CPU
BETTER TREE FOUND at iteration 15: -2232.812
Optimizing NNI: done in 0.0488578 secs using 97.76% CPU
Optimizing NNI: done in 0.0464493 secs using 99.83% CPU
Optimizing NNI: done in 0.0402527 secs using 92.36% CPU
Optimizing NNI: done in 0.0389605 secs using 99.87% CPU
Optimizing NNI: done in 0.074628 secs using 95.86% CPU
Iteration 20 / LogL: -2232.812 / Time: 0h:3m:23s
Finish initializing candidate tree set (19)
Current best tree score: -2232.812 / CPU time: 1.510
Number of iterations: 20
--------------------------------------------------------------------
|               OPTIMIZING CANDIDATE TREE SET                      |
--------------------------------------------------------------------
Optimizing NNI: done in 0.0629201 secs using 95.08% CPU
Optimizing NNI: done in 0.0725117 secs using 95.75% CPU
Optimizing NNI: done in 0.085106 secs using 97.49% CPU
Optimizing NNI: done in 0.0647994 secs using 99.87% CPU
Optimizing NNI: done in 0.0718908 secs using 98.47% CPU
Optimizing NNI: done in 0.0738834 secs using 95.77% CPU
Optimizing NNI: done in 0.0864136 secs using 97.56% CPU
Optimizing NNI: done in 0.0560717 secs using 96.36% CPU
Optimizing NNI: done in 0.0692533 secs using 99.88% CPU
Optimizing NNI: done in 0.0752097 secs using 99.86% CPU
Iteration 30 / LogL: -2238.955 / Time: 0h:3m:24s (0h:0m:6s left)
Optimizing NNI: done in 0.0785594 secs using 93.51% CPU
Optimizing NNI: done in 0.0724022 secs using 94.33% CPU
Optimizing NNI: done in 0.0662987 secs using 96.85% CPU
Optimizing NNI: done in 0.0578227 secs using 98.1% CPU
Optimizing NNI: done in 0.0602308 secs using 96.57% CPU
Optimizing NNI: done in 0.106849 secs using 99.88% CPU
Optimizing NNI: done in 0.0744446 secs using 99.81% CPU
Optimizing NNI: done in 0.0596879 secs using 96.54% CPU
Optimizing NNI: done in 0.121992 secs using 99.05% CPU
Optimizing NNI: done in 0.0523177 secs using 94.16% CPU
Iteration 40 / LogL: -2232.812 / Time: 0h:3m:25s (0h:0m:5s left)
Optimizing NNI: done in 0.0602337 secs using 91.59% CPU
Optimizing NNI: done in 0.0678746 secs using 99.84% CPU
Optimizing NNI: done in 0.0599695 secs using 94.89% CPU
Optimizing NNI: done in 0.0627225 secs using 96.68% CPU
Optimizing NNI: done in 0.0441431 secs using 97.54% CPU
Optimizing NNI: done in 0.0768473 secs using 97.24% CPU
Optimizing NNI: done in 0.0794872 secs using 94.84% CPU
Optimizing NNI: done in 0.0869073 secs using 95.28% CPU
Optimizing NNI: done in 0.072281 secs using 94.36% CPU
Optimizing NNI: done in 0.0855575 secs using 98.63% CPU
Iteration 50 / LogL: -2232.818 / Time: 0h:3m:26s (0h:0m:5s left)
Log-likelihood cutoff on original alignment: -2253.181
Optimizing NNI: done in 0.0880289 secs using 97.56% CPU
Optimizing NNI: done in 0.0864576 secs using 97.54% CPU
Optimizing NNI: done in 0.0466651 secs using 97.68% CPU
Optimizing NNI: done in 0.0670135 secs using 99.84% CPU
Optimizing NNI: done in 0.0710874 secs using 97.04% CPU
Optimizing NNI: done in 0.0756067 secs using 98.49% CPU
Optimizing NNI: done in 0.0661198 secs using 90.82% CPU
Optimizing NNI: done in 0.0769733 secs using 97.24% CPU
Optimizing NNI: done in 0.0868888 secs using 95.25% CPU
Optimizing NNI: done in 0.0806449 secs using 99.83% CPU
Iteration 60 / LogL: -2232.813 / Time: 0h:3m:26s (0h:0m:4s left)
Optimizing NNI: done in 0.0780322 secs using 98.6% CPU
Optimizing NNI: done in 0.0693031 secs using 99.86% CPU
Optimizing NNI: done in 0.0692628 secs using 96.98% CPU
Optimizing NNI: done in 0.0775043 secs using 97.24% CPU
Optimizing NNI: done in 0.0790506 secs using 96.09% CPU
Optimizing NNI: done in 0.0810021 secs using 97.34% CPU
Optimizing NNI: done in 0.0813972 secs using 94.95% CPU
Optimizing NNI: done in 0.0527431 secs using 99.86% CPU
Optimizing NNI: done in 0.0672053 secs using 99.88% CPU
Optimizing NNI: done in 0.0910071 secs using 97.68% CPU
Iteration 70 / LogL: -2232.815 / Time: 0h:3m:27s (0h:0m:3s left)
Optimizing NNI: done in 0.0723027 secs using 98.5% CPU
Optimizing NNI: done in 0.0778138 secs using 99.8% CPU
Optimizing NNI: done in 0.0945715 secs using 97.72% CPU
Optimizing NNI: done in 0.0525319 secs using 99.82% CPU
Optimizing NNI: done in 0.0898162 secs using 98.78% CPU
Optimizing NNI: done in 0.0691297 secs using 96.93% CPU
Optimizing NNI: done in 0.0870242 secs using 97.56% CPU
Optimizing NNI: done in 0.104578 secs using 97.93% CPU
Optimizing NNI: done in 0.0707485 secs using 97.01% CPU
Optimizing NNI: done in 0.110087 secs using 99.84% CPU
Iteration 80 / LogL: -2232.816 / Time: 0h:3m:28s (0h:0m:2s left)
Optimizing NNI: done in 0.0604587 secs using 96.53% CPU
Optimizing NNI: done in 0.0923729 secs using 96.62% CPU
Optimizing NNI: done in 0.0682968 secs using 94% CPU
Optimizing NNI: done in 0.1017 secs using 98.85% CPU
Optimizing NNI: done in 0.0606113 secs using 96.58% CPU
Optimizing NNI: done in 0.0729994 secs using 95.74% CPU
Optimizing NNI: done in 0.0645041 secs using 96.79% CPU
Optimizing NNI: done in 0.0905592 secs using 99.83% CPU
Optimizing NNI: done in 0.0989315 secs using 95.83% CPU
Optimizing NNI: done in 0.0874869 secs using 98.73% CPU
Iteration 90 / LogL: -2242.138 / Time: 0h:3m:29s (0h:0m:2s left)
Optimizing NNI: done in 0.089992 secs using 97.65% CPU
Optimizing NNI: done in 0.0824426 secs using 99.87% CPU
Optimizing NNI: done in 0.0613997 secs using 95% CPU
Optimizing NNI: done in 0.0674099 secs using 98.4% CPU
Optimizing NNI: done in 0.086281 secs using 98.7% CPU
Optimizing NNI: done in 0.0750295 secs using 97.18% CPU
Optimizing NNI: done in 0.0778253 secs using 97.31% CPU
Optimizing NNI: done in 0.0725239 secs using 97.08% CPU
Optimizing NNI: done in 0.0770244 secs using 94.62% CPU
Optimizing NNI: done in 0.0783526 secs using 97.32% CPU
Iteration 100 / LogL: -2232.816 / Time: 0h:3m:30s (0h:0m:1s left)
Log-likelihood cutoff on original alignment: -2254.853
NOTE: Bootstrap correlation coefficient of split occurrence frequencies: 0.975
NOTE: UFBoot does not converge, continue at least 100 more iterations
Optimizing NNI: done in 0.0689862 secs using 89.69% CPU
Optimizing NNI: done in 0.0759377 secs using 99.8% CPU
Optimizing NNI: done in 0.0537279 secs using 97.95% CPU
Optimizing NNI: done in 0.0715621 secs using 97.07% CPU
Optimizing NNI: done in 0.0543266 secs using 99.86% CPU
Optimizing NNI: done in 0.0767346 secs using 95.88% CPU
Optimizing NNI: done in 0.0713298 secs using 95.67% CPU
Optimizing NNI: done in 0.0758742 secs using 98.49% CPU
Optimizing NNI: done in 0.0997847 secs using 97.83% CPU
Optimizing NNI: done in 0.0581602 secs using 98.16% CPU
Iteration 110 / LogL: -2232.816 / Time: 0h:3m:31s (0h:0m:7s left)
Optimizing NNI: done in 0.120662 secs using 99.03% CPU
Optimizing NNI: done in 0.103595 secs using 97.94% CPU
Optimizing NNI: done in 0.0784325 secs using 98.61% CPU
Optimizing NNI: done in 0.0606117 secs using 98.18% CPU
Optimizing NNI: done in 0.0612095 secs using 99.88% CPU
Optimizing NNI: done in 0.0618882 secs using 99.87% CPU
Optimizing NNI: done in 0.0669082 secs using 95.41% CPU
Optimizing NNI: done in 0.0570261 secs using 98.08% CPU
Optimizing NNI: done in 0.080556 secs using 97.35% CPU
Optimizing NNI: done in 0.0913268 secs using 96.56% CPU
Iteration 120 / LogL: -2232.815 / Time: 0h:3m:31s (0h:0m:6s left)
Optimizing NNI: done in 0.0733374 secs using 98.49% CPU
Optimizing NNI: done in 0.102702 secs using 97.89% CPU
Optimizing NNI: done in 0.0663914 secs using 99.88% CPU
Optimizing NNI: done in 0.0908711 secs using 92.17% CPU
Optimizing NNI: done in 0.0744021 secs using 93.16% CPU
Optimizing NNI: done in 0.0994549 secs using 93.83% CPU
Optimizing NNI: done in 0.0606008 secs using 98.19% CPU
Optimizing NNI: done in 0.0880356 secs using 95.33% CPU
Optimizing NNI: done in 0.0959003 secs using 97.77% CPU
Optimizing NNI: done in 0.0449885 secs using 97.65% CPU
Iteration 130 / LogL: -2232.818 / Time: 0h:3m:32s (0h:0m:5s left)
Optimizing NNI: done in 0.0832876 secs using 95.06% CPU
Optimizing NNI: done in 0.0715148 secs using 98.47% CPU
Optimizing NNI: done in 0.0900648 secs using 98.74% CPU
Optimizing NNI: done in 0.0718474 secs using 97.06% CPU
Optimizing NNI: done in 0.0784557 secs using 93.51% CPU
Optimizing NNI: done in 0.0880704 secs using 96.43% CPU
Optimizing NNI: done in 0.0768252 secs using 97.25% CPU
Optimizing NNI: done in 0.0634403 secs using 96.74% CPU
Optimizing NNI: done in 0.0848829 secs using 98.69% CPU
Optimizing NNI: done in 0.073761 secs using 97.15% CPU
Iteration 140 / LogL: -2232.814 / Time: 0h:3m:33s (0h:0m:4s left)
Optimizing NNI: done in 0.0798408 secs using 97.37% CPU
Optimizing NNI: done in 0.0641021 secs using 93.6% CPU
Optimizing NNI: done in 0.0575127 secs using 96.35% CPU
Optimizing NNI: done in 0.0604905 secs using 98.15% CPU
Optimizing NNI: done in 0.0875055 secs using 96.44% CPU
Optimizing NNI: done in 0.08268 secs using 97.44% CPU
Optimizing NNI: done in 0.0588042 secs using 94.76% CPU
Optimizing NNI: done in 0.0729514 secs using 97.08% CPU
Optimizing NNI: done in 0.0751866 secs using 97.19% CPU
Optimizing NNI: done in 0.067766 secs using 98.41% CPU
Iteration 150 / LogL: -2232.816 / Time: 0h:3m:34s (0h:0m:4s left)
Log-likelihood cutoff on original alignment: -2255.509
Optimizing NNI: done in 0.078334 secs using 97.3% CPU
Optimizing NNI: done in 0.0721709 secs using 98.44% CPU
Optimizing NNI: done in 0.0615484 secs using 99.86% CPU
Optimizing NNI: done in 0.0750592 secs using 95.87% CPU
Optimizing NNI: done in 0.0668448 secs using 98.32% CPU
Optimizing NNI: done in 0.0747121 secs using 99.88% CPU
Optimizing NNI: done in 0.06663 secs using 98.38% CPU
Optimizing NNI: done in 0.0675359 secs using 98.4% CPU
Optimizing NNI: done in 0.075618 secs using 95.93% CPU
Optimizing NNI: done in 0.0653443 secs using 98.3% CPU
Iteration 160 / LogL: -2232.813 / Time: 0h:3m:35s (0h:0m:3s left)
Optimizing NNI: done in 0.0721677 secs using 97.06% CPU
Optimizing NNI: done in 0.0901599 secs using 93.18% CPU
Optimizing NNI: done in 0.0687079 secs using 99.88% CPU
Optimizing NNI: done in 0.103351 secs using 98.88% CPU
Optimizing NNI: done in 0.0826171 secs using 93.84% CPU
Optimizing NNI: done in 0.0639367 secs using 99.86% CPU
Optimizing NNI: done in 0.0651875 secs using 95.27% CPU
Optimizing NNI: done in 0.0660594 secs using 93.81% CPU
Optimizing NNI: done in 0.0674949 secs using 95.39% CPU
Optimizing NNI: done in 0.102797 secs using 96.95% CPU
Iteration 170 / LogL: -2232.817 / Time: 0h:3m:36s (0h:0m:2s left)
Optimizing NNI: done in 0.0762359 secs using 95.9% CPU
Optimizing NNI: done in 0.0749531 secs using 98.49% CPU
Optimizing NNI: done in 0.0891129 secs using 98.72% CPU
Optimizing NNI: done in 0.0549671 secs using 96.28% CPU
Optimizing NNI: done in 0.0788603 secs using 98.57% CPU
Optimizing NNI: done in 0.0657344 secs using 98.34% CPU
Optimizing NNI: done in 0.0586177 secs using 96.41% CPU
Optimizing NNI: done in 0.0714861 secs using 98.47% CPU
Optimizing NNI: done in 0.100406 secs using 98.88% CPU
Optimizing NNI: done in 0.0648525 secs using 99.82% CPU
Iteration 180 / LogL: -2232.815 / Time: 0h:3m:36s (0h:0m:1s left)
Optimizing NNI: done in 0.0739746 secs using 97.17% CPU
Optimizing NNI: done in 0.0577919 secs using 98.12% CPU
Optimizing NNI: done in 0.0926557 secs using 95.51% CPU
Optimizing NNI: done in 0.0812984 secs using 96.19% CPU
Optimizing NNI: done in 0.0915412 secs using 95.49% CPU
Optimizing NNI: done in 0.0734335 secs using 98.51% CPU
Optimizing NNI: done in 0.053374 secs using 98.01% CPU
Optimizing NNI: done in 0.053557 secs using 98.01% CPU
Optimizing NNI: done in 0.0680541 secs using 96.9% CPU
Optimizing NNI: done in 0.0677234 secs using 94% CPU
Iteration 190 / LogL: -2232.815 / Time: 0h:3m:37s (0h:0m:0s left)
Optimizing NNI: done in 0.0855795 secs using 94% CPU
Optimizing NNI: done in 0.0503514 secs using 99.78% CPU
Optimizing NNI: done in 0.107962 secs using 97.98% CPU
Optimizing NNI: done in 0.0868979 secs using 97.56% CPU
Optimizing NNI: done in 0.0802437 secs using 99.82% CPU
Optimizing NNI: done in 0.0590636 secs using 99.89% CPU
Optimizing NNI: done in 0.0999164 secs using 97.88% CPU
Optimizing NNI: done in 0.034941 secs using 96.98% CPU
Optimizing NNI: done in 0.0767749 secs using 95.97% CPU
Optimizing NNI: done in 0.109313 secs using 97.14% CPU
Iteration 200 / LogL: -2232.818 / Time: 0h:3m:38s (0h:0m:0s left)
Log-likelihood cutoff on original alignment: -2254.750
NOTE: Bootstrap correlation coefficient of split occurrence frequencies: 0.988
NOTE: UFBoot does not converge, continue at least 100 more iterations
Optimizing NNI: done in 0.0556592 secs using 98.1% CPU
Optimizing NNI: done in 0.0813887 secs using 94.97% CPU
Optimizing NNI: done in 0.0686751 secs using 96.93% CPU
Optimizing NNI: done in 0.0500999 secs using 95.84% CPU
Optimizing NNI: done in 0.0575159 secs using 98.13% CPU
Optimizing NNI: done in 0.0719281 secs using 98.49% CPU
Optimizing NNI: done in 0.0621362 secs using 98.23% CPU
Optimizing NNI: done in 0.060754 secs using 94.94% CPU
Optimizing NNI: done in 0.0785048 secs using 97.34% CPU
Optimizing NNI: done in 0.0731499 secs using 97.14% CPU
Iteration 210 / LogL: -2232.816 / Time: 0h:3m:39s (0h:0m:7s left)
Optimizing NNI: done in 0.0883751 secs using 96.49% CPU
Optimizing NNI: done in 0.05612 secs using 96.35% CPU
Optimizing NNI: done in 0.083098 secs using 99.87% CPU
Optimizing NNI: done in 0.0624811 secs using 98.3% CPU
Optimizing NNI: done in 0.0707079 secs using 98.42% CPU
Optimizing NNI: done in 0.064502 secs using 96.79% CPU
Optimizing NNI: done in 0.0672888 secs using 96.83% CPU
Optimizing NNI: done in 0.0722806 secs using 95.73% CPU
Optimizing NNI: done in 0.0836432 secs using 97.49% CPU
Optimizing NNI: done in 0.0694949 secs using 95.48% CPU
Iteration 220 / LogL: -2232.816 / Time: 0h:3m:40s (0h:0m:6s left)
Optimizing NNI: done in 0.108969 secs using 97.12% CPU
Optimizing NNI: done in 0.0838178 secs using 98.57% CPU
Optimizing NNI: done in 0.0633682 secs using 99.82% CPU
Optimizing NNI: done in 0.0770323 secs using 98.57% CPU
Optimizing NNI: done in 0.0799313 secs using 96.12% CPU
Optimizing NNI: done in 0.0794839 secs using 99.81% CPU
Optimizing NNI: done in 0.0958122 secs using 98.82% CPU
Optimizing NNI: done in 0.0897954 secs using 96.51% CPU
Optimizing NNI: done in 0.0728396 secs using 95.73% CPU
Optimizing NNI: done in 0.0577274 secs using 96.43% CPU
Iteration 230 / LogL: -2232.815 / Time: 0h:3m:41s (0h:0m:5s left)
Optimizing NNI: done in 0.0799827 secs using 98.6% CPU
Optimizing NNI: done in 0.0746281 secs using 95.87% CPU
Optimizing NNI: done in 0.0968422 secs using 97.81% CPU
Optimizing NNI: done in 0.0635004 secs using 98.32% CPU
Optimizing NNI: done in 0.0613421 secs using 95.02% CPU
Optimizing NNI: done in 0.081107 secs using 94.96% CPU
Optimizing NNI: done in 0.082202 secs using 97.41% CPU
Optimizing NNI: done in 0.0612291 secs using 99.84% CPU
Optimizing NNI: done in 0.0324808 secs using 96.81% CPU
Optimizing NNI: done in 0.0813924 secs using 99.88% CPU
Iteration 240 / LogL: -2232.817 / Time: 0h:3m:41s (0h:0m:4s left)
Optimizing NNI: done in 0.07195 secs using 95.74% CPU
Optimizing NNI: done in 0.0297439 secs using 96.52% CPU
Optimizing NNI: done in 0.0704819 secs using 98.46% CPU
Optimizing NNI: done in 0.0899454 secs using 98.78% CPU
Optimizing NNI: done in 0.0835132 secs using 93.89% CPU
Optimizing NNI: done in 0.0772523 secs using 98.57% CPU
Optimizing NNI: done in 0.077302 secs using 96.01% CPU
Optimizing NNI: done in 0.100636 secs using 98.86% CPU
Optimizing NNI: done in 0.0608054 secs using 96.62% CPU
Optimizing NNI: done in 0.0642348 secs using 95.22% CPU
Iteration 250 / LogL: -2232.817 / Time: 0h:3m:42s (0h:0m:4s left)
Log-likelihood cutoff on original alignment: -2255.760
Optimizing NNI: done in 0.0619868 secs using 96.65% CPU
Optimizing NNI: done in 0.0491234 secs using 99.88% CPU
Optimizing NNI: done in 0.0542838 secs using 94.3% CPU
Optimizing NNI: done in 0.090913 secs using 99.88% CPU
Optimizing NNI: done in 0.0618563 secs using 98.27% CPU
Optimizing NNI: done in 0.0655245 secs using 98.36% CPU
Optimizing NNI: done in 0.0936821 secs using 95.6% CPU
Optimizing NNI: done in 0.0873899 secs using 98.73% CPU
Optimizing NNI: done in 0.0694579 secs using 97.02% CPU
Optimizing NNI: done in 0.0817328 secs using 93.78% CPU
Iteration 260 / LogL: -2232.815 / Time: 0h:3m:43s (0h:0m:3s left)
Optimizing NNI: done in 0.18552 secs using 98.24% CPU
Optimizing NNI: done in 0.0608078 secs using 94.96% CPU
Optimizing NNI: done in 0.0832062 secs using 98.7% CPU
Optimizing NNI: done in 0.0765048 secs using 94.66% CPU
Optimizing NNI: done in 0.0930446 secs using 97.73% CPU
Optimizing NNI: done in 0.066853 secs using 95.41% CPU
Optimizing NNI: done in 0.0591424 secs using 94.78% CPU
Optimizing NNI: done in 0.0384574 secs using 99.87% CPU
Optimizing NNI: done in 0.0685637 secs using 96.97% CPU
Optimizing NNI: done in 0.161121 secs using 96.78% CPU
Iteration 270 / LogL: -2234.724 / Time: 0h:3m:44s (0h:0m:2s left)
Optimizing NNI: done in 0.0632706 secs using 98.3% CPU
Optimizing NNI: done in 0.0624192 secs using 96.62% CPU
Optimizing NNI: done in 0.0602004 secs using 94.87% CPU
Optimizing NNI: done in 0.0734582 secs using 93.04% CPU
Optimizing NNI: done in 0.0582792 secs using 96.4% CPU
Optimizing NNI: done in 0.0764928 secs using 97.26% CPU
Optimizing NNI: done in 0.0821806 secs using 98.67% CPU
Optimizing NNI: done in 0.0821627 secs using 96.24% CPU
Optimizing NNI: done in 0.0798358 secs using 96.09% CPU
Optimizing NNI: done in 0.10249 secs using 98.91% CPU
Iteration 280 / LogL: -2234.749 / Time: 0h:3m:45s (0h:0m:1s left)
Optimizing NNI: done in 0.0698169 secs using 99.85% CPU
Optimizing NNI: done in 0.0526477 secs using 99.88% CPU
Optimizing NNI: done in 0.0946326 secs using 94.61% CPU
Optimizing NNI: done in 0.0799071 secs using 98.6% CPU
Optimizing NNI: done in 0.0735549 secs using 99.83% CPU
Optimizing NNI: done in 0.0649886 secs using 98.34% CPU
Optimizing NNI: done in 0.089504 secs using 97.66% CPU
Optimizing NNI: done in 0.0799991 secs using 94.87% CPU
Optimizing NNI: done in 0.0777261 secs using 97.32% CPU
Optimizing NNI: done in 0.0243475 secs using 95.77% CPU
Iteration 290 / LogL: -2241.169 / Time: 0h:3m:46s (0h:0m:0s left)
Optimizing NNI: done in 0.116538 secs using 99.02% CPU
Optimizing NNI: done in 0.0746732 secs using 97.19% CPU
Optimizing NNI: done in 0.10196 secs using 96.94% CPU
Optimizing NNI: done in 0.0732846 secs using 94.44% CPU
Optimizing NNI: done in 0.0714377 secs using 97.08% CPU
Optimizing NNI: done in 0.0587364 secs using 94.75% CPU
Optimizing NNI: done in 0.0755079 secs using 97.2% CPU
Optimizing NNI: done in 0.0705852 secs using 98.45% CPU
Optimizing NNI: done in 0.0755959 secs using 91.97% CPU
Optimizing NNI: done in 0.0610233 secs using 96.61% CPU
Iteration 300 / LogL: -2241.756 / Time: 0h:3m:47s (0h:0m:0s left)
Log-likelihood cutoff on original alignment: -2255.760
NOTE: Bootstrap correlation coefficient of split occurrence frequencies: 0.983
NOTE: UFBoot does not converge, continue at least 100 more iterations
Optimizing NNI: done in 0.0773648 secs using 96% CPU
Optimizing NNI: done in 0.0511416 secs using 97.92% CPU
Optimizing NNI: done in 0.0808165 secs using 97.37% CPU
Optimizing NNI: done in 0.0638066 secs using 98.31% CPU
Optimizing NNI: done in 0.0600048 secs using 99.87% CPU
Optimizing NNI: done in 0.103941 secs using 98.93% CPU
Optimizing NNI: done in 0.0561497 secs using 99.8% CPU
Optimizing NNI: done in 0.0937418 secs using 98.82% CPU
Optimizing NNI: done in 0.0898198 secs using 98.77% CPU
Optimizing NNI: done in 0.0912613 secs using 95.5% CPU
Iteration 310 / LogL: -2232.816 / Time: 0h:3m:48s (0h:0m:7s left)
Optimizing NNI: done in 0.0720297 secs using 92.96% CPU
Optimizing NNI: done in 0.0754975 secs using 95.93% CPU
Optimizing NNI: done in 0.0821641 secs using 94.99% CPU
Optimizing NNI: done in 0.0728232 secs using 93.02% CPU
Optimizing NNI: done in 0.10488 secs using 98.91% CPU
Optimizing NNI: done in 0.0489421 secs using 95.78% CPU
Optimizing NNI: done in 0.061271 secs using 99.83% CPU
Optimizing NNI: done in 0.0827709 secs using 97.47% CPU
Optimizing NNI: done in 0.0496452 secs using 95.86% CPU
Optimizing NNI: done in 0.0683493 secs using 96.98% CPU
Iteration 320 / LogL: -2243.747 / Time: 0h:3m:48s (0h:0m:6s left)
Optimizing NNI: done in 0.0873302 secs using 96.42% CPU
Optimizing NNI: done in 0.0583894 secs using 96.46% CPU
Optimizing NNI: done in 0.0564249 secs using 96.34% CPU
Optimizing NNI: done in 0.0720014 secs using 97.11% CPU
Optimizing NNI: done in 0.0772978 secs using 97.29% CPU
Optimizing NNI: done in 0.0871527 secs using 93.01% CPU
Optimizing NNI: done in 0.111073 secs using 97.18% CPU
Optimizing NNI: done in 0.0647998 secs using 99.88% CPU
Optimizing NNI: done in 0.0738279 secs using 99.83% CPU
Optimizing NNI: done in 0.0699646 secs using 99.86% CPU
Iteration 330 / LogL: -2232.814 / Time: 0h:3m:49s (0h:0m:5s left)
Optimizing NNI: done in 0.0762827 secs using 95.92% CPU
Optimizing NNI: done in 0.0729642 secs using 98.53% CPU
Optimizing NNI: done in 0.0762508 secs using 99.88% CPU
Optimizing NNI: done in 0.0933252 secs using 93.45% CPU
Optimizing NNI: done in 0.0686214 secs using 95.51% CPU
Optimizing NNI: done in 0.0779085 secs using 99.87% CPU
Optimizing NNI: done in 0.057648 secs using 98.09% CPU
Optimizing NNI: done in 0.0920753 secs using 98.8% CPU
Optimizing NNI: done in 0.0667495 secs using 99.87% CPU
Optimizing NNI: done in 0.0739289 secs using 95.83% CPU
Iteration 340 / LogL: -2232.814 / Time: 0h:3m:50s (0h:0m:5s left)
Optimizing NNI: done in 0.0607596 secs using 99.84% CPU
Optimizing NNI: done in 0.0834136 secs using 95.1% CPU
Optimizing NNI: done in 0.0613613 secs using 98.27% CPU
Optimizing NNI: done in 0.0819409 secs using 98.66% CPU
Optimizing NNI: done in 0.0769627 secs using 93.38% CPU
Optimizing NNI: done in 0.187102 secs using 96.13% CPU
Optimizing NNI: done in 0.0748514 secs using 97.21% CPU
Optimizing NNI: done in 0.0953651 secs using 97.78% CPU
Optimizing NNI: done in 0.073681 secs using 93.07% CPU
Optimizing NNI: done in 0.0881538 secs using 96.47% CPU
Iteration 350 / LogL: -2232.816 / Time: 0h:3m:51s (0h:0m:4s left)
Log-likelihood cutoff on original alignment: -2255.760
Optimizing NNI: done in 0.10617 secs using 97.97% CPU
Optimizing NNI: done in 0.103657 secs using 98.89% CPU
Optimizing NNI: done in 0.0694047 secs using 97% CPU
Optimizing NNI: done in 0.0725478 secs using 99.87% CPU
Optimizing NNI: done in 0.0759927 secs using 99.87% CPU
Optimizing NNI: done in 0.091809 secs using 98.77% CPU
Optimizing NNI: done in 0.0701815 secs using 97.03% CPU
Optimizing NNI: done in 0.0786362 secs using 96.07% CPU
Optimizing NNI: done in 0.0892638 secs using 99.87% CPU
Optimizing NNI: done in 0.0820368 secs using 97.44% CPU
Iteration 360 / LogL: -2232.818 / Time: 0h:3m:52s (0h:0m:3s left)
Optimizing NNI: done in 0.0952491 secs using 96.73% CPU
Optimizing NNI: done in 0.0834434 secs using 96.3% CPU
Optimizing NNI: done in 0.0529798 secs using 94.19% CPU
Optimizing NNI: done in 0.0649102 secs using 95.26% CPU
Optimizing NNI: done in 0.0395265 secs using 99.87% CPU
Optimizing NNI: done in 0.048948 secs using 97.83% CPU
Optimizing NNI: done in 0.159779 secs using 94.87% CPU
Optimizing NNI: done in 0.0788462 secs using 97.33% CPU
Optimizing NNI: done in 0.0558426 secs using 99.85% CPU
Optimizing NNI: done in 0.0764523 secs using 97.27% CPU
Iteration 370 / LogL: -2232.816 / Time: 0h:3m:53s (0h:0m:2s left)
Optimizing NNI: done in 0.0815089 secs using 98.64% CPU
Optimizing NNI: done in 0.0479366 secs using 95.68% CPU
Optimizing NNI: done in 0.0801425 secs using 96.14% CPU
Optimizing NNI: done in 0.0522436 secs using 94.12% CPU
Optimizing NNI: done in 0.077938 secs using 97.32% CPU
Optimizing NNI: done in 0.0785453 secs using 98.6% CPU
Optimizing NNI: done in 0.0785496 secs using 97.31% CPU
Optimizing NNI: done in 0.0724319 secs using 98.49% CPU
Optimizing NNI: done in 0.0899847 secs using 98.78% CPU
Optimizing NNI: done in 0.0889904 secs using 98.74% CPU
Iteration 380 / LogL: -2232.820 / Time: 0h:3m:54s (0h:0m:1s left)
Optimizing NNI: done in 0.0887934 secs using 95.37% CPU
Optimizing NNI: done in 0.0674593 secs using 95.45% CPU
Optimizing NNI: done in 0.087884 secs using 99.83% CPU
Optimizing NNI: done in 0.061354 secs using 99.84% CPU
Optimizing NNI: done in 0.073051 secs using 98.48% CPU
Optimizing NNI: done in 0.0809474 secs using 94.92% CPU
Optimizing NNI: done in 0.0932035 secs using 99.87% CPU
Optimizing NNI: done in 0.0947551 secs using 96.71% CPU
Optimizing NNI: done in 0.080376 secs using 99.87% CPU
Optimizing NNI: done in 0.0616774 secs using 98.23% CPU
Iteration 390 / LogL: -2232.814 / Time: 0h:3m:55s (0h:0m:0s left)
Optimizing NNI: done in 0.0851672 secs using 98.71% CPU
Optimizing NNI: done in 0.0844524 secs using 97.51% CPU
Optimizing NNI: done in 0.0848301 secs using 96.26% CPU
Optimizing NNI: done in 0.0695515 secs using 96.98% CPU
Optimizing NNI: done in 0.0674165 secs using 99.87% CPU
Optimizing NNI: done in 0.0590757 secs using 98.18% CPU
Optimizing NNI: done in 0.0645849 secs using 98.34% CPU
Optimizing NNI: done in 0.100424 secs using 97.9% CPU
Optimizing NNI: done in 0.0646155 secs using 99.88% CPU
Optimizing NNI: done in 0.0638735 secs using 93.66% CPU
Iteration 400 / LogL: -2232.815 / Time: 0h:3m:55s (0h:0m:0s left)
Log-likelihood cutoff on original alignment: -2256.335
NOTE: Bootstrap correlation coefficient of split occurrence frequencies: 0.982
NOTE: UFBoot does not converge, continue at least 100 more iterations
Optimizing NNI: done in 0.0647873 secs using 99.87% CPU
Optimizing NNI: done in 0.0946861 secs using 96.74% CPU
Optimizing NNI: done in 0.0694021 secs using 94.07% CPU
Optimizing NNI: done in 0.140157 secs using 95.61% CPU
Optimizing NNI: done in 0.0643199 secs using 96.79% CPU
Optimizing NNI: done in 0.109007 secs using 98.05% CPU
Optimizing NNI: done in 0.118166 secs using 98.17% CPU
Optimizing NNI: done in 0.0764198 secs using 97.26% CPU
Optimizing NNI: done in 0.0696669 secs using 96.99% CPU
Optimizing NNI: done in 0.0668879 secs using 98.39% CPU
Iteration 410 / LogL: -2232.817 / Time: 0h:3m:57s (0h:0m:7s left)
Optimizing NNI: done in 0.0810508 secs using 96.18% CPU
Optimizing NNI: done in 0.0729267 secs using 97.15% CPU
Optimizing NNI: done in 0.0740911 secs using 98.5% CPU
Optimizing NNI: done in 0.0574199 secs using 98.14% CPU
Optimizing NNI: done in 0.0847345 secs using 98.67% CPU
Optimizing NNI: done in 0.0776964 secs using 98.55% CPU
Optimizing NNI: done in 0.0766413 secs using 95.97% CPU
Optimizing NNI: done in 0.0765239 secs using 95.95% CPU
Optimizing NNI: done in 0.077714 secs using 98.58% CPU
Optimizing NNI: done in 0.100276 secs using 98.86% CPU
Iteration 420 / LogL: -2232.820 / Time: 0h:3m:57s (0h:0m:6s left)
Optimizing NNI: done in 0.0673651 secs using 98.36% CPU
Optimizing NNI: done in 0.0913955 secs using 97.67% CPU
Optimizing NNI: done in 0.0853625 secs using 96.39% CPU
Optimizing NNI: done in 0.0785452 secs using 94.79% CPU
Optimizing NNI: done in 0.058877 secs using 94.82% CPU
Optimizing NNI: done in 0.0679807 secs using 92.49% CPU
Optimizing NNI: done in 0.0687837 secs using 99.88% CPU
Optimizing NNI: done in 0.0821119 secs using 98.67% CPU
Optimizing NNI: done in 0.06893 secs using 98.39% CPU
Optimizing NNI: done in 0.0610434 secs using 98.24% CPU
Iteration 430 / LogL: -2232.814 / Time: 0h:3m:58s (0h:0m:5s left)
Optimizing NNI: done in 0.0579749 secs using 99.87% CPU
Optimizing NNI: done in 0.0152433 secs using 99.79% CPU
Optimizing NNI: done in 0.0714065 secs using 99.87% CPU
Optimizing NNI: done in 0.0701755 secs using 98.43% CPU
Optimizing NNI: done in 0.072005 secs using 97.1% CPU
Optimizing NNI: done in 0.0889845 secs using 95.4% CPU
Optimizing NNI: done in 0.0739902 secs using 99.85% CPU
Optimizing NNI: done in 0.0554905 secs using 99.81% CPU
Optimizing NNI: done in 0.06912 secs using 94.09% CPU
Optimizing NNI: done in 0.0975568 secs using 97.79% CPU
Iteration 440 / LogL: -2232.813 / Time: 0h:3m:59s (0h:0m:5s left)
Optimizing NNI: done in 0.0594079 secs using 98.2% CPU
Optimizing NNI: done in 0.0779958 secs using 94.77% CPU
Optimizing NNI: done in 0.0483276 secs using 99.86% CPU
Optimizing NNI: done in 0.0488744 secs using 97.88% CPU
Optimizing NNI: done in 0.162388 secs using 97.99% CPU
Optimizing NNI: done in 0.0855833 secs using 98.73% CPU
Optimizing NNI: done in 0.0609915 secs using 98.24% CPU
Optimizing NNI: done in 0.0785024 secs using 98.6% CPU
Optimizing NNI: done in 0.0704262 secs using 98.47% CPU
Optimizing NNI: done in 0.0879353 secs using 95.34% CPU
Iteration 450 / LogL: -2232.815 / Time: 0h:4m:0s (0h:0m:4s left)
Log-likelihood cutoff on original alignment: -2256.335
Optimizing NNI: done in 0.06959 secs using 95.53% CPU
Optimizing NNI: done in 0.0818376 secs using 98.66% CPU
Optimizing NNI: done in 0.0887682 secs using 96.47% CPU
Optimizing NNI: done in 0.0749175 secs using 98.55% CPU
Optimizing NNI: done in 0.0540535 secs using 98.04% CPU
Optimizing NNI: done in 0.0581498 secs using 98.16% CPU
Optimizing NNI: done in 0.0461336 secs using 97.67% CPU
Optimizing NNI: done in 0.0565564 secs using 98.09% CPU
Optimizing NNI: done in 0.0179973 secs using 99.87% CPU
Optimizing NNI: done in 0.057359 secs using 96.41% CPU
Iteration 460 / LogL: -2232.817 / Time: 0h:4m:1s (0h:0m:3s left)
Optimizing NNI: done in 0.0839018 secs using 97.51% CPU
Optimizing NNI: done in 0.0990779 secs using 98.87% CPU
Optimizing NNI: done in 0.0843113 secs using 96.34% CPU
Optimizing NNI: done in 0.112082 secs using 97.22% CPU
Optimizing NNI: done in 0.0727203 secs using 97.13% CPU
Optimizing NNI: done in 0.0705345 secs using 97.07% CPU
Optimizing NNI: done in 0.0790654 secs using 96.08% CPU
Optimizing NNI: done in 0.0731556 secs using 95.77% CPU
Optimizing NNI: done in 0.076348 secs using 98.57% CPU
Optimizing NNI: done in 0.0700932 secs using 97.01% CPU
Iteration 470 / LogL: -2232.821 / Time: 0h:4m:2s (0h:0m:2s left)
Optimizing NNI: done in 0.0897622 secs using 99.83% CPU
Optimizing NNI: done in 0.0629737 secs using 95.13% CPU
Optimizing NNI: done in 0.065064 secs using 98.36% CPU
Optimizing NNI: done in 0.0990581 secs using 99.85% CPU
Optimizing NNI: done in 0.0746205 secs using 98.55% CPU
Optimizing NNI: done in 0.0690252 secs using 96.99% CPU
Optimizing NNI: done in 0.0707462 secs using 97.06% CPU
Optimizing NNI: done in 0.063132 secs using 98.31% CPU
Optimizing NNI: done in 0.0828974 secs using 97.47% CPU
Optimizing NNI: done in 0.0695736 secs using 97.04% CPU
Iteration 480 / LogL: -2252.603 / Time: 0h:4m:3s (0h:0m:1s left)
Optimizing NNI: done in 0.0854026 secs using 96.39% CPU
Optimizing NNI: done in 0.0772139 secs using 93.44% CPU
Optimizing NNI: done in 0.0677595 secs using 98.4% CPU
Optimizing NNI: done in 0.0665928 secs using 95.4% CPU
Optimizing NNI: done in 0.0732258 secs using 94.44% CPU
Optimizing NNI: done in 0.0478479 secs using 99.87% CPU
Optimizing NNI: done in 0.0959073 secs using 98.84% CPU
Optimizing NNI: done in 0.112852 secs using 98.11% CPU
Optimizing NNI: done in 0.0798579 secs using 96.09% CPU
Optimizing NNI: done in 0.0737023 secs using 98.52% CPU
Iteration 490 / LogL: -2232.850 / Time: 0h:4m:3s (0h:0m:0s left)
Optimizing NNI: done in 0.0718914 secs using 98.48% CPU
Optimizing NNI: done in 0.0822783 secs using 99.89% CPU
Optimizing NNI: done in 0.0550231 secs using 94.44% CPU
Optimizing NNI: done in 0.0740701 secs using 99.83% CPU
Optimizing NNI: done in 0.0739204 secs using 94.47% CPU
Optimizing NNI: done in 0.0891359 secs using 98.76% CPU
Optimizing NNI: done in 0.0562367 secs using 99.86% CPU
Optimizing NNI: done in 0.0723204 secs using 95.74% CPU
Optimizing NNI: done in 0.0779811 secs using 99.87% CPU
Optimizing NNI: done in 0.0937105 secs using 98.83% CPU
Iteration 500 / LogL: -2232.812 / Time: 0h:4m:4s (0h:0m:0s left)
Log-likelihood cutoff on original alignment: -2255.784
NOTE: Bootstrap correlation coefficient of split occurrence frequencies: 0.993
TREE SEARCH COMPLETED AFTER 500 ITERATIONS / Time: 0h:4m:4s

--------------------------------------------------------------------
|                    FINALIZING TREE SEARCH                        |
--------------------------------------------------------------------
Performs final model parameters optimization
Estimate model parameters (epsilon = 0.010)
1. Initial log-likelihood: -2232.812
Optimal log-likelihood: -2232.812
Rate parameters:  A-C: 1.00000  A-G: 6.84575  A-T: 1.00000  C-G: 1.00000  C-T: 6.84575  G-T: 1.00000
Base frequencies:  A: 0.250  C: 0.250  G: 0.250  T: 0.250
Gamma shape alpha: 0.317
Parameters optimization took 1 rounds (0.006 sec)
BEST SCORE FOUND : -2232.812
Creating bootstrap support values...
Split supports printed to NEXUS file data/packages/ITS/Exsudoporus/ref.splits.nex
Total tree length: 0.546

Total number of iterations: 500
CPU time used for tree search: 41.639 sec (0h:0m:41s)
Wall-clock time used for tree search: 42.714 sec (0h:0m:42s)
Total CPU time used: 411.532 sec (0h:6m:51s)
Total wall-clock time used: 244.990 sec (0h:4m:4s)

Computing bootstrap consensus tree...
Reading input file data/packages/ITS/Exsudoporus/ref.splits.nex...
34 taxa and 347 splits.
Consensus tree written to data/packages/ITS/Exsudoporus/ref.contree
Reading input trees file data/packages/ITS/Exsudoporus/ref.contree
Log-likelihood of consensus tree: -2232.839

Analysis results written to: 
  IQ-TREE report:                data/packages/ITS/Exsudoporus/ref.iqtree
  Maximum-likelihood tree:       data/packages/ITS/Exsudoporus/ref.treefile
  Likelihood distances:          data/packages/ITS/Exsudoporus/ref.mldist

Ultrafast bootstrap approximation results written to:
  Split support values:          data/packages/ITS/Exsudoporus/ref.splits.nex
  Consensus tree:                data/packages/ITS/Exsudoporus/ref.contree
  Screen log file:               data/packages/ITS/Exsudoporus/ref.log

Date and Time: Mon Aug 18 17:53:13 2025
