IQ-TREE version 3.0.1 for Linux x86 64-bit built May  5 2025
Developed by Bui Quang Minh, Thomas Wong, Nhan Ly-Trong, Huaiyan Ren
Contributed by Lam-Tung Nguyen, Dominik Schrempf, Chris Bielow,
Olga Chernomor, Michael Woodhams, Diep Thi Hoang, Heiko Schmidt

Host:    lnx820.umnh.utah.edu (AVX2, FMA3, 865 GB RAM)
Command: /home/bdentinger/iqtree-3.0.1-Linux/bin/iqtree3_intel -s data/packages/ITS/Parvixerocomus/aln.masked.fasta -m MFP -bb 1000 -nt AUTO -pre data/packages/ITS/Parvixerocomus/ref
Seed:    327832 (Using SPRNG - Scalable Parallel Random Number Generator)
Time:    Mon Aug 18 17:48:49 2025
Kernel:  AVX+FMA - auto-detect threads (72 CPU cores detected)

Reading alignment file data/packages/ITS/Parvixerocomus/aln.masked.fasta ... Fasta format detected
Reading fasta file: done in 0.000193359 secs using 12.41% CPU
Alignment most likely contains DNA/RNA sequences
Constructing alignment: done in 0.00101072 secs using 91.72% CPU
Alignment has 7 sequences with 701 columns, 86 distinct patterns
16 parsimony-informative, 196 singleton sites, 489 constant sites
                              Gap/Ambiguity  Composition  p-value
Analyzing sequences: done in 1.63671e-05 secs
   1  hkas_80480|ITS|KP658466.1       4.56%    passed     98.74%
   2  hkas_77032|ITS|KP658465.1       4.56%    passed     98.48%
   3  le_f_344057|ITS|PP317937.1      1.43%    passed     99.89%
   4  n.k.zeng3065|ITS|MT822939.1    11.27%    passed     43.48%
   5  pb_85|ITS|MH521253.1           29.67%    passed     91.96%
   6  cmu58_st_0504|ITS|KX017303.1    0.00%    passed     98.71%
   7  cmu51_sl_34|ITS|KX017302.1      0.00%    passed     97.88%
****  TOTAL                           7.36%  0 sequences failed composition chi2 test (p-value<5%; df=3)
Checking for duplicate sequences: done in 3.05418e-05 secs


Create initial parsimony tree by phylogenetic likelihood library (PLL)... 0.000 seconds
Measuring multi-threading efficiency up to 72 CPU cores
Increase to 10 rounds for branch lengths
49511 trees examined
Threads: 1 / Time: 72.000 sec / Speedup: 1.000 / Efficiency: 100% / LogL: -1860
Threads: 2 / Time: 67.573 sec / Speedup: 1.066 / Efficiency: 53% / LogL: -1860
Threads: 3 / Time: 77.607 sec / Speedup: 0.928 / Efficiency: 31% / LogL: -1860
Determining AUTO threadcount: done in 217.181 secs using 190.8% CPU
BEST NUMBER OF THREADS: 2

Perform fast likelihood tree search using GTR+I+G model...
Estimate model parameters (epsilon = 5.000)
Perform nearest neighbor interchange...
Optimizing NNI: done in 0.00361452 secs using 182.7% CPU
Estimate model parameters (epsilon = 1.000)
1. Initial log-likelihood: -1798.288
Optimal log-likelihood: -1797.849
Rate parameters:  A-C: 0.00010  A-G: 7.27477  A-T: 2.48729  C-G: 0.97282  C-T: 9.44519  G-T: 1.00000
Warning! Some parameters hit the boundaries
Base frequencies:  A: 0.242  C: 0.223  G: 0.258  T: 0.278
Proportion of invariable sites: 0.342
Gamma shape alpha: 0.769
Parameters optimization took 1 rounds (0.002 sec)
Time for fast ML tree search: 0.020 seconds

NOTE: ModelFinder requires 0 MB RAM!
ModelFinder will test up to 968 DNA models (sample size: 701 epsilon: 0.100) ...
 No. Model         -LnL         df  AIC          AICc         BIC
WARNING: Number of threads seems too high for short alignments. Use -T AUTO to determine best number of threads.
  1  JC            1861.748     11  3745.497     3745.880     3795.574
WARNING: Number of threads seems too high for short alignments. Use -T AUTO to determine best number of threads.
  2  JC+I          1849.865     12  3723.730     3724.183     3778.360
WARNING: Number of threads seems too high for short alignments. Use -T AUTO to determine best number of threads.
  3  JC+G4         1850.096     12  3724.192     3724.646     3778.822
WARNING: Number of threads seems too high for short alignments. Use -T AUTO to determine best number of threads.
  4  JC+I+G4       1850.116     13  3726.233     3726.763     3785.415
WARNING: Number of threads seems too high for short alignments. Use -T AUTO to determine best number of threads.
  5  JC+R2         1850.263     13  3726.527     3727.056     3785.709
WARNING: Number of threads seems too high for short alignments. Use -T AUTO to determine best number of threads.
  6  JC+R3         1850.097     15  3730.195     3730.895     3798.482
WARNING: Number of threads seems too high for short alignments. Use -T AUTO to determine best number of threads.
 14  JC+I+R2       1850.018     14  3728.036     3728.648     3791.771
WARNING: Number of threads seems too high for short alignments. Use -T AUTO to determine best number of threads.
 15  JC+I+R3       1850.012     16  3732.024     3732.819     3804.864
 24  JC+I          1849.865     12  3723.730     3724.183     3778.360
 25  JC+G4         1850.096     12  3724.192     3724.646     3778.822
 26  JC+I+G4       1850.116     13  3726.233     3726.763     3785.415
 27  JC+R2         1850.263     13  3726.527     3727.056     3785.709
WARNING: Number of threads seems too high for short alignments. Use -T AUTO to determine best number of threads.
 46  F81+I         1849.885     12  3723.770     3724.224     3778.400
WARNING: Number of threads seems too high for short alignments. Use -T AUTO to determine best number of threads.
 47  F81+G4        1850.073     12  3724.146     3724.599     3778.776
WARNING: Number of threads seems too high for short alignments. Use -T AUTO to determine best number of threads.
 48  F81+I+G4      1850.071     13  3726.141     3726.671     3785.324
WARNING: Number of threads seems too high for short alignments. Use -T AUTO to determine best number of threads.
 49  F81+R2        1850.140     13  3726.279     3726.809     3785.462
WARNING: Number of threads seems too high for short alignments. Use -T AUTO to determine best number of threads.
 68  F81+F+I       1846.003     15  3722.005     3722.706     3790.293
WARNING: Number of threads seems too high for short alignments. Use -T AUTO to determine best number of threads.
 69  F81+F+G4      1846.211     15  3722.422     3723.123     3790.710
WARNING: Number of threads seems too high for short alignments. Use -T AUTO to determine best number of threads.
 70  F81+F+I+G4    1846.203     16  3724.406     3725.201     3797.246
WARNING: Number of threads seems too high for short alignments. Use -T AUTO to determine best number of threads.
 71  F81+F+R2      1846.199     16  3724.397     3725.193     3797.237
WARNING: Number of threads seems too high for short alignments. Use -T AUTO to determine best number of threads.
 90  K2P+I         1802.230     13  3630.459     3630.989     3689.642
WARNING: Number of threads seems too high for short alignments. Use -T AUTO to determine best number of threads.
 91  K2P+G4        1804.010     13  3634.021     3634.550     3693.203
WARNING: Number of threads seems too high for short alignments. Use -T AUTO to determine best number of threads.
 92  K2P+I+G4      1804.155     14  3636.310     3636.922     3700.045
WARNING: Number of threads seems too high for short alignments. Use -T AUTO to determine best number of threads.
 93  K2P+R2        1804.491     14  3636.982     3637.594     3700.717
112  K2P+I         1802.230     13  3630.459     3630.989     3689.642
113  K2P+G4        1804.010     13  3634.021     3634.550     3693.203
114  K2P+I+G4      1804.155     14  3636.310     3636.922     3700.045
115  K2P+R2        1804.491     14  3636.982     3637.594     3700.717
WARNING: Number of threads seems too high for short alignments. Use -T AUTO to determine best number of threads.
134  HKY+I         1802.224     13  3630.448     3630.977     3689.630
WARNING: Number of threads seems too high for short alignments. Use -T AUTO to determine best number of threads.
135  HKY+G4        1803.975     13  3633.950     3634.479     3693.132
WARNING: Number of threads seems too high for short alignments. Use -T AUTO to determine best number of threads.
136  HKY+I+G4      1804.134     14  3636.267     3636.879     3700.002
WARNING: Number of threads seems too high for short alignments. Use -T AUTO to determine best number of threads.
137  HKY+R2        1804.129     14  3636.257     3636.869     3699.992
WARNING: Number of threads seems too high for short alignments. Use -T AUTO to determine best number of threads.
156  HKY+F+I       1797.956     16  3627.911     3628.707     3700.752
WARNING: Number of threads seems too high for short alignments. Use -T AUTO to determine best number of threads.
157  HKY+F+G4      1799.602     16  3631.204     3631.999     3704.044
WARNING: Number of threads seems too high for short alignments. Use -T AUTO to determine best number of threads.
158  HKY+F+I+G4    1799.722     17  3633.445     3634.341     3710.837
WARNING: Number of threads seems too high for short alignments. Use -T AUTO to determine best number of threads.
159  HKY+F+R2      1800.152     17  3634.303     3635.199     3711.696
WARNING: Number of threads seems too high for short alignments. Use -T AUTO to determine best number of threads.
178  TNe+I         1801.764     14  3631.528     3632.140     3695.263
WARNING: Number of threads seems too high for short alignments. Use -T AUTO to determine best number of threads.
179  TNe+G4        1803.453     14  3634.906     3635.518     3698.641
WARNING: Number of threads seems too high for short alignments. Use -T AUTO to determine best number of threads.
180  TNe+I+G4      1803.649     15  3637.298     3637.998     3705.585
WARNING: Number of threads seems too high for short alignments. Use -T AUTO to determine best number of threads.
181  TNe+R2        1803.551     15  3637.102     3637.803     3705.390
200  TNe+I         1801.764     14  3631.528     3632.140     3695.263
201  TNe+G4        1803.453     14  3634.906     3635.518     3698.641
202  TNe+I+G4      1803.649     15  3637.298     3637.998     3705.585
203  TNe+R2        1803.551     15  3637.102     3637.803     3705.390
WARNING: Number of threads seems too high for short alignments. Use -T AUTO to determine best number of threads.
222  TN+I          1801.663     14  3631.325     3631.937     3695.060
WARNING: Number of threads seems too high for short alignments. Use -T AUTO to determine best number of threads.
223  TN+G4         1803.450     14  3634.899     3635.511     3698.634
WARNING: Number of threads seems too high for short alignments. Use -T AUTO to determine best number of threads.
224  TN+I+G4       1803.643     15  3637.287     3637.988     3705.575
WARNING: Number of threads seems too high for short alignments. Use -T AUTO to determine best number of threads.
225  TN+R2         1803.344     15  3636.688     3637.389     3704.976
WARNING: Number of threads seems too high for short alignments. Use -T AUTO to determine best number of threads.
244  TN+F+I        1797.253     17  3628.506     3629.402     3705.898
WARNING: Number of threads seems too high for short alignments. Use -T AUTO to determine best number of threads.
245  TN+F+G4       1799.021     17  3632.041     3632.937     3709.434
WARNING: Number of threads seems too high for short alignments. Use -T AUTO to determine best number of threads.
246  TN+F+I+G4     1799.154     18  3634.309     3635.312     3716.254
WARNING: Number of threads seems too high for short alignments. Use -T AUTO to determine best number of threads.
247  TN+F+R2       1799.222     18  3634.444     3635.447     3716.389
WARNING: Number of threads seems too high for short alignments. Use -T AUTO to determine best number of threads.
266  K3P+I         1801.311     14  3630.622     3631.234     3694.357
WARNING: Number of threads seems too high for short alignments. Use -T AUTO to determine best number of threads.
267  K3P+G4        1802.764     14  3633.529     3634.141     3697.264
WARNING: Number of threads seems too high for short alignments. Use -T AUTO to determine best number of threads.
268  K3P+I+G4      1803.024     15  3636.048     3636.748     3704.335
WARNING: Number of threads seems too high for short alignments. Use -T AUTO to determine best number of threads.
269  K3P+R2        1802.596     15  3635.191     3635.892     3703.479
288  K3P+I         1801.311     14  3630.622     3631.234     3694.357
289  K3P+G4        1802.764     14  3633.529     3634.141     3697.264
290  K3P+I+G4      1803.024     15  3636.048     3636.748     3704.335
291  K3P+R2        1802.596     15  3635.191     3635.892     3703.479
WARNING: Number of threads seems too high for short alignments. Use -T AUTO to determine best number of threads.
310  K3Pu+I        1801.469     14  3630.938     3631.550     3694.673
WARNING: Number of threads seems too high for short alignments. Use -T AUTO to determine best number of threads.
311  K3Pu+G4       1802.765     14  3633.531     3634.143     3697.266
WARNING: Number of threads seems too high for short alignments. Use -T AUTO to determine best number of threads.
312  K3Pu+I+G4     1803.025     15  3636.050     3636.750     3704.337
WARNING: Number of threads seems too high for short alignments. Use -T AUTO to determine best number of threads.
313  K3Pu+R2       1802.372     15  3634.744     3635.445     3703.031
WARNING: Number of threads seems too high for short alignments. Use -T AUTO to determine best number of threads.
332  K3Pu+F+I      1797.240     17  3628.479     3629.375     3705.872
WARNING: Number of threads seems too high for short alignments. Use -T AUTO to determine best number of threads.
333  K3Pu+F+G4     1798.332     17  3630.664     3631.561     3708.057
WARNING: Number of threads seems too high for short alignments. Use -T AUTO to determine best number of threads.
334  K3Pu+F+I+G4   1798.559     18  3633.117     3634.120     3715.063
WARNING: Number of threads seems too high for short alignments. Use -T AUTO to determine best number of threads.
335  K3Pu+F+R2     1797.769     18  3631.539     3632.542     3713.484
WARNING: Number of threads seems too high for short alignments. Use -T AUTO to determine best number of threads.
354  TPM2+I        1802.209     14  3632.417     3633.029     3696.152
WARNING: Number of threads seems too high for short alignments. Use -T AUTO to determine best number of threads.
355  TPM2+G4       1803.922     14  3635.844     3636.456     3699.579
WARNING: Number of threads seems too high for short alignments. Use -T AUTO to determine best number of threads.
356  TPM2+I+G4     1804.089     15  3638.178     3638.879     3706.466
WARNING: Number of threads seems too high for short alignments. Use -T AUTO to determine best number of threads.
357  TPM2+R2       1803.837     15  3637.674     3638.375     3705.962
376  TPM2+I        1802.209     14  3632.417     3633.029     3696.152
377  TPM2+G4       1803.922     14  3635.844     3636.456     3699.579
378  TPM2+I+G4     1804.089     15  3638.178     3638.879     3706.466
379  TPM2+R2       1803.837     15  3637.674     3638.375     3705.962
WARNING: Number of threads seems too high for short alignments. Use -T AUTO to determine best number of threads.
398  TPM2u+I       1802.401     14  3632.802     3633.414     3696.537
WARNING: Number of threads seems too high for short alignments. Use -T AUTO to determine best number of threads.
399  TPM2u+G4      1803.907     14  3635.813     3636.426     3699.549
WARNING: Number of threads seems too high for short alignments. Use -T AUTO to determine best number of threads.
400  TPM2u+I+G4    1804.090     15  3638.180     3638.881     3706.468
WARNING: Number of threads seems too high for short alignments. Use -T AUTO to determine best number of threads.
401  TPM2u+R2      1803.581     15  3637.161     3637.862     3705.449
WARNING: Number of threads seems too high for short alignments. Use -T AUTO to determine best number of threads.
420  TPM2u+F+I     1798.183     17  3630.366     3631.262     3707.759
WARNING: Number of threads seems too high for short alignments. Use -T AUTO to determine best number of threads.
421  TPM2u+F+G4    1799.465     17  3632.930     3633.827     3710.323
WARNING: Number of threads seems too high for short alignments. Use -T AUTO to determine best number of threads.
422  TPM2u+F+I+G4  1799.624     18  3635.248     3636.251     3717.194
WARNING: Number of threads seems too high for short alignments. Use -T AUTO to determine best number of threads.
423  TPM2u+F+R2    1798.979     18  3633.958     3634.961     3715.903
WARNING: Number of threads seems too high for short alignments. Use -T AUTO to determine best number of threads.
442  TPM3+I        1801.792     14  3631.584     3632.196     3695.319
WARNING: Number of threads seems too high for short alignments. Use -T AUTO to determine best number of threads.
443  TPM3+G4       1802.576     14  3633.152     3633.764     3696.887
WARNING: Number of threads seems too high for short alignments. Use -T AUTO to determine best number of threads.
444  TPM3+I+G4     1802.871     15  3635.742     3636.442     3704.029
WARNING: Number of threads seems too high for short alignments. Use -T AUTO to determine best number of threads.
445  TPM3+R2       1802.389     15  3634.778     3635.479     3703.065
464  TPM3+I        1801.792     14  3631.584     3632.196     3695.319
465  TPM3+G4       1802.576     14  3633.152     3633.764     3696.887
466  TPM3+I+G4     1802.871     15  3635.742     3636.442     3704.029
467  TPM3+R2       1802.389     15  3634.778     3635.479     3703.065
WARNING: Number of threads seems too high for short alignments. Use -T AUTO to determine best number of threads.
486  TPM3u+I       1802.017     14  3632.034     3632.646     3695.769
WARNING: Number of threads seems too high for short alignments. Use -T AUTO to determine best number of threads.
487  TPM3u+G4      1802.584     14  3633.169     3633.781     3696.904
WARNING: Number of threads seems too high for short alignments. Use -T AUTO to determine best number of threads.
488  TPM3u+I+G4    1802.847     15  3635.693     3636.394     3703.981
WARNING: Number of threads seems too high for short alignments. Use -T AUTO to determine best number of threads.
489  TPM3u+R2      1802.203     15  3634.407     3635.108     3702.695
WARNING: Number of threads seems too high for short alignments. Use -T AUTO to determine best number of threads.
508  TPM3u+F+I     1797.937     17  3629.874     3630.770     3707.266
WARNING: Number of threads seems too high for short alignments. Use -T AUTO to determine best number of threads.
509  TPM3u+F+G4    1798.646     17  3631.292     3632.188     3708.684
WARNING: Number of threads seems too high for short alignments. Use -T AUTO to determine best number of threads.
510  TPM3u+F+I+G4  1798.859     18  3633.719     3634.722     3715.664
WARNING: Number of threads seems too high for short alignments. Use -T AUTO to determine best number of threads.
511  TPM3u+F+R2    1798.150     18  3632.299     3633.302     3714.244
WARNING: Number of threads seems too high for short alignments. Use -T AUTO to determine best number of threads.
530  TIMe+I        1800.892     15  3631.783     3632.484     3700.071
WARNING: Number of threads seems too high for short alignments. Use -T AUTO to determine best number of threads.
531  TIMe+G4       1802.285     15  3634.571     3635.272     3702.858
WARNING: Number of threads seems too high for short alignments. Use -T AUTO to determine best number of threads.
532  TIMe+I+G4     1802.536     16  3637.071     3637.866     3709.911
WARNING: Number of threads seems too high for short alignments. Use -T AUTO to determine best number of threads.
533  TIMe+R2       1801.549     16  3635.099     3635.894     3707.939
552  TIMe+I        1800.892     15  3631.783     3632.484     3700.071
553  TIMe+G4       1802.285     15  3634.571     3635.272     3702.858
554  TIMe+I+G4     1802.536     16  3637.071     3637.866     3709.911
555  TIMe+R2       1801.549     16  3635.099     3635.894     3707.939
WARNING: Number of threads seems too high for short alignments. Use -T AUTO to determine best number of threads.
574  TIM+I         1800.799     15  3631.599     3632.299     3699.886
WARNING: Number of threads seems too high for short alignments. Use -T AUTO to determine best number of threads.
575  TIM+G4        1802.281     15  3634.563     3635.264     3702.851
WARNING: Number of threads seems too high for short alignments. Use -T AUTO to determine best number of threads.
576  TIM+I+G4      1802.531     16  3637.063     3637.858     3709.903
WARNING: Number of threads seems too high for short alignments. Use -T AUTO to determine best number of threads.
577  TIM+R2        1801.426     16  3634.853     3635.648     3707.693
WARNING: Number of threads seems too high for short alignments. Use -T AUTO to determine best number of threads.
596  TIM+F+I       1796.444     18  3628.888     3629.891     3710.833
WARNING: Number of threads seems too high for short alignments. Use -T AUTO to determine best number of threads.
597  TIM+F+G4      1797.763     18  3631.527     3632.530     3713.472
WARNING: Number of threads seems too high for short alignments. Use -T AUTO to determine best number of threads.
598  TIM+F+I+G4    1797.992     19  3633.983     3635.099     3720.481
WARNING: Number of threads seems too high for short alignments. Use -T AUTO to determine best number of threads.
599  TIM+F+R2      1797.085     19  3632.170     3633.286     3718.668
WARNING: Number of threads seems too high for short alignments. Use -T AUTO to determine best number of threads.
618  TIM2e+I       1801.712     15  3633.424     3634.125     3701.712
WARNING: Number of threads seems too high for short alignments. Use -T AUTO to determine best number of threads.
619  TIM2e+G4      1803.419     15  3636.838     3637.539     3705.126
WARNING: Number of threads seems too high for short alignments. Use -T AUTO to determine best number of threads.
620  TIM2e+I+G4    1803.574     16  3639.148     3639.943     3711.988
WARNING: Number of threads seems too high for short alignments. Use -T AUTO to determine best number of threads.
621  TIM2e+R2      1802.622     16  3637.245     3638.040     3710.085
640  TIM2e+I       1801.712     15  3633.424     3634.125     3701.712
641  TIM2e+G4      1803.419     15  3636.838     3637.539     3705.126
642  TIM2e+I+G4    1803.574     16  3639.148     3639.943     3711.988
643  TIM2e+R2      1802.622     16  3637.245     3638.040     3710.085
WARNING: Number of threads seems too high for short alignments. Use -T AUTO to determine best number of threads.
662  TIM2+I        1801.597     15  3633.193     3633.894     3701.481
WARNING: Number of threads seems too high for short alignments. Use -T AUTO to determine best number of threads.
663  TIM2+G4       1803.417     15  3636.834     3637.535     3705.122
WARNING: Number of threads seems too high for short alignments. Use -T AUTO to determine best number of threads.
664  TIM2+I+G4     1803.571     16  3639.143     3639.938     3711.983
WARNING: Number of threads seems too high for short alignments. Use -T AUTO to determine best number of threads.
665  TIM2+R2       1802.506     16  3637.012     3637.807     3709.852
WARNING: Number of threads seems too high for short alignments. Use -T AUTO to determine best number of threads.
684  TIM2+F+I      1797.247     18  3630.494     3631.497     3712.439
WARNING: Number of threads seems too high for short alignments. Use -T AUTO to determine best number of threads.
685  TIM2+F+G4     1798.920     18  3633.841     3634.844     3715.786
WARNING: Number of threads seems too high for short alignments. Use -T AUTO to determine best number of threads.
686  TIM2+F+I+G4   1799.065     19  3636.130     3637.246     3722.628
WARNING: Number of threads seems too high for short alignments. Use -T AUTO to determine best number of threads.
687  TIM2+F+R2     1798.293     19  3634.585     3635.701     3721.083
WARNING: Number of threads seems too high for short alignments. Use -T AUTO to determine best number of threads.
706  TIM3e+I       1801.372     15  3632.745     3633.445     3701.032
WARNING: Number of threads seems too high for short alignments. Use -T AUTO to determine best number of threads.
707  TIM3e+G4      1802.204     15  3634.409     3635.109     3702.696
WARNING: Number of threads seems too high for short alignments. Use -T AUTO to determine best number of threads.
708  TIM3e+I+G4    1802.463     16  3636.926     3637.722     3709.767
WARNING: Number of threads seems too high for short alignments. Use -T AUTO to determine best number of threads.
709  TIM3e+R2      1801.479     16  3634.958     3635.753     3707.798
728  TIM3e+I       1801.372     15  3632.745     3633.445     3701.032
729  TIM3e+G4      1802.204     15  3634.409     3635.109     3702.696
730  TIM3e+I+G4    1802.463     16  3636.926     3637.722     3709.767
731  TIM3e+R2      1801.479     16  3634.958     3635.753     3707.798
WARNING: Number of threads seems too high for short alignments. Use -T AUTO to determine best number of threads.
750  TIM3+I        1801.279     15  3632.557     3633.258     3700.845
WARNING: Number of threads seems too high for short alignments. Use -T AUTO to determine best number of threads.
751  TIM3+G4       1802.200     15  3634.399     3635.100     3702.687
WARNING: Number of threads seems too high for short alignments. Use -T AUTO to determine best number of threads.
752  TIM3+I+G4     1802.460     16  3636.920     3637.715     3709.760
WARNING: Number of threads seems too high for short alignments. Use -T AUTO to determine best number of threads.
753  TIM3+R2       1801.413     16  3634.826     3635.622     3707.666
WARNING: Number of threads seems too high for short alignments. Use -T AUTO to determine best number of threads.
772  TIM3+F+I      1797.036     18  3630.072     3631.075     3712.017
WARNING: Number of threads seems too high for short alignments. Use -T AUTO to determine best number of threads.
773  TIM3+F+G4     1798.177     18  3632.354     3633.357     3714.299
WARNING: Number of threads seems too high for short alignments. Use -T AUTO to determine best number of threads.
774  TIM3+F+I+G4   1798.402     19  3634.805     3635.921     3721.302
WARNING: Number of threads seems too high for short alignments. Use -T AUTO to determine best number of threads.
775  TIM3+F+R2     1797.551     19  3633.103     3634.219     3719.600
WARNING: Number of threads seems too high for short alignments. Use -T AUTO to determine best number of threads.
794  TVMe+I        1801.218     16  3634.436     3635.232     3707.276
WARNING: Number of threads seems too high for short alignments. Use -T AUTO to determine best number of threads.
795  TVMe+G4       1801.350     16  3634.700     3635.495     3707.540
WARNING: Number of threads seems too high for short alignments. Use -T AUTO to determine best number of threads.
796  TVMe+I+G4     1801.617     17  3637.235     3638.131     3714.627
WARNING: Number of threads seems too high for short alignments. Use -T AUTO to determine best number of threads.
797  TVMe+R2       1800.614     17  3635.229     3636.125     3712.621
816  TVMe+I        1801.218     16  3634.436     3635.232     3707.276
817  TVMe+G4       1801.350     16  3634.700     3635.495     3707.540
818  TVMe+I+G4     1801.617     17  3637.235     3638.131     3714.627
819  TVMe+R2       1800.614     17  3635.229     3636.125     3712.621
WARNING: Number of threads seems too high for short alignments. Use -T AUTO to determine best number of threads.
838  TVM+I         1801.197     16  3634.394     3635.190     3707.234
WARNING: Number of threads seems too high for short alignments. Use -T AUTO to determine best number of threads.
839  TVM+G4        1801.272     16  3634.544     3635.339     3707.384
WARNING: Number of threads seems too high for short alignments. Use -T AUTO to determine best number of threads.
840  TVM+I+G4      1801.586     17  3637.172     3638.068     3714.564
WARNING: Number of threads seems too high for short alignments. Use -T AUTO to determine best number of threads.
841  TVM+R2        1800.572     17  3635.143     3636.040     3712.536
WARNING: Number of threads seems too high for short alignments. Use -T AUTO to determine best number of threads.
860  TVM+F+I       1796.577     19  3631.154     3632.270     3717.652
WARNING: Number of threads seems too high for short alignments. Use -T AUTO to determine best number of threads.
861  TVM+F+G4      1797.162     19  3632.323     3633.439     3718.821
WARNING: Number of threads seems too high for short alignments. Use -T AUTO to determine best number of threads.
862  TVM+F+I+G4    1797.433     20  3634.866     3636.101     3725.916
WARNING: Number of threads seems too high for short alignments. Use -T AUTO to determine best number of threads.
863  TVM+F+R2      1796.571     20  3633.142     3634.377     3724.192
WARNING: Number of threads seems too high for short alignments. Use -T AUTO to determine best number of threads.
882  SYM+I         1799.984     17  3633.968     3634.864     3711.361
WARNING: Number of threads seems too high for short alignments. Use -T AUTO to determine best number of threads.
883  SYM+G4        1800.826     17  3635.653     3636.549     3713.045
WARNING: Number of threads seems too high for short alignments. Use -T AUTO to determine best number of threads.
884  SYM+I+G4      1801.146     18  3638.291     3639.294     3720.236
WARNING: Number of threads seems too high for short alignments. Use -T AUTO to determine best number of threads.
885  SYM+R2        1800.106     18  3636.212     3637.215     3718.157
904  SYM+I         1799.984     17  3633.968     3634.864     3711.361
905  SYM+G4        1800.826     17  3635.653     3636.549     3713.045
906  SYM+I+G4      1801.146     18  3638.291     3639.294     3720.236
907  SYM+R2        1800.106     18  3636.212     3637.215     3718.157
WARNING: Number of threads seems too high for short alignments. Use -T AUTO to determine best number of threads.
926  GTR+I         1799.940     17  3633.881     3634.777     3711.274
WARNING: Number of threads seems too high for short alignments. Use -T AUTO to determine best number of threads.
927  GTR+G4        1800.797     17  3635.595     3636.491     3712.987
WARNING: Number of threads seems too high for short alignments. Use -T AUTO to determine best number of threads.
928  GTR+I+G4      1801.121     18  3638.243     3639.246     3720.188
WARNING: Number of threads seems too high for short alignments. Use -T AUTO to determine best number of threads.
929  GTR+R2        1800.097     18  3636.193     3637.196     3718.138
WARNING: Number of threads seems too high for short alignments. Use -T AUTO to determine best number of threads.
948  GTR+F+I       1795.834     20  3631.668     3632.904     3722.719
WARNING: Number of threads seems too high for short alignments. Use -T AUTO to determine best number of threads.
949  GTR+F+G4      1796.674     20  3633.348     3634.583     3724.398
WARNING: Number of threads seems too high for short alignments. Use -T AUTO to determine best number of threads.
950  GTR+F+I+G4    1796.951     21  3635.902     3637.262     3731.504
WARNING: Number of threads seems too high for short alignments. Use -T AUTO to determine best number of threads.
951  GTR+F+R2      1795.986     21  3633.972     3635.333     3729.575
Akaike Information Criterion:           HKY+F+I
Corrected Akaike Information Criterion: HKY+F+I
Bayesian Information Criterion:         HKY+I
Best-fit model: HKY+I chosen according to BIC

All model information printed to data/packages/ITS/Parvixerocomus/ref.model.gz
CPU time for ModelFinder: 415.252 seconds (0h:6m:55s)
Wall-clock time for ModelFinder: 217.650 seconds (0h:3m:37s)
Generating 1000 samples for ultrafast bootstrap (seed: 327832)...

NOTE: 0 MB RAM (0 GB) is required!
WARNING: Number of threads seems too high for short alignments. Use -T AUTO to determine best number of threads.
Estimate model parameters (epsilon = 0.100)
1. Initial log-likelihood: -1798.929
2. Current log-likelihood: -1798.613
3. Current log-likelihood: -1798.423
4. Current log-likelihood: -1798.297
Optimal log-likelihood: -1798.172
Rate parameters:  A-C: 1.00000  A-G: 15.18832  A-T: 1.00000  C-G: 1.00000  C-T: 15.18832  G-T: 1.00000
Base frequencies:  A: 0.242  C: 0.223  G: 0.258  T: 0.278
Proportion of invariable sites: 0.533
Parameters optimization took 4 rounds (0.002 sec)
Wrote distance file to... 
Computing ML distances based on estimated model parameters...
Calculating distance matrix: done in 9.58461e-05 secs using 787.7% CPU
Computing ML distances took 0.000143 sec (of wall-clock time) 0.000807 sec (of CPU time)
Setting up auxiliary I and S matrices: done in 3.15309e-05 secs
Constructing RapidNJ tree: done in 3.88529e-05 secs
Computing RapidNJ tree took 0.000149 sec (of wall-clock time) 0.000011 sec (of CPU time)
Log-likelihood of RapidNJ tree: -1811.313
--------------------------------------------------------------------
|             INITIALIZING CANDIDATE TREE SET                      |
--------------------------------------------------------------------
Generating 98 parsimony trees... 0.023 second
Computing log-likelihood of 48 initial trees ... 0.014 seconds
Current best score: -1798.172

Do NNI search on 20 best initial trees
Optimizing NNI: done in 0.000961522 secs using 204.3% CPU
Estimate model parameters (epsilon = 0.100)
BETTER TREE FOUND at iteration 1: -1798.114
Optimizing NNI: done in 0.00237904 secs using 184.4% CPU
BETTER TREE FOUND at iteration 2: -1798.113
Optimizing NNI: done in 0.00161748 secs using 223.6% CPU
UPDATE BEST LOG-LIKELIHOOD: -1798.112
Optimizing NNI: done in 0.0017134 secs using 156.8% CPU
Optimizing NNI: done in 0.000867248 secs using 99.86% CPU
Optimizing NNI: done in 0.00174745 secs using 157.4% CPU
Optimizing NNI: done in 0.00245919 secs using 221.4% CPU
Optimizing NNI: done in 0.00275507 secs using 173.2% CPU
UPDATE BEST LOG-LIKELIHOOD: -1798.111
Optimizing NNI: done in 0.00255202 secs using 217.2% CPU
Optimizing NNI: done in 0.00240547 secs using 182.1% CPU
BETTER TREE FOUND at iteration 10: -1798.111
Iteration 10 / LogL: -1798.111 / Time: 0h:3m:37s
Optimizing NNI: done in 0.00234072 secs using 227.5% CPU
Optimizing NNI: done in 0.00322353 secs using 192.9% CPU
UPDATE BEST LOG-LIKELIHOOD: -1798.111
Optimizing NNI: done in 0.00418398 secs using 195.1% CPU
Optimizing NNI: done in 0.00339202 secs using 217.6% CPU
Optimizing NNI: done in 0.00362803 secs using 182.4% CPU
Optimizing NNI: done in 0.00250478 secs using 178.8% CPU
Optimizing NNI: done in 0.00325764 secs using 160.7% CPU
UPDATE BEST LOG-LIKELIHOOD: -1798.111
Optimizing NNI: done in 0.00274309 secs using 171.5% CPU
Optimizing NNI: done in 0.00399933 secs using 199.8% CPU
Optimizing NNI: done in 0.00355857 secs using 184.1% CPU
Iteration 20 / LogL: -1798.120 / Time: 0h:3m:37s
Finish initializing candidate tree set (5)
Current best tree score: -1798.111 / CPU time: 0.097
Number of iterations: 20
--------------------------------------------------------------------
|               OPTIMIZING CANDIDATE TREE SET                      |
--------------------------------------------------------------------
Optimizing NNI: done in 0.0037269 secs using 184.5% CPU
Optimizing NNI: done in 0.00424402 secs using 186.9% CPU
Optimizing NNI: done in 0.00177216 secs using 211.9% CPU
Optimizing NNI: done in 0.00250827 secs using 191.3% CPU
Optimizing NNI: done in 0.0037943 secs using 181.2% CPU
Optimizing NNI: done in 0.00184628 secs using 136.7% CPU
Optimizing NNI: done in 0.00257568 secs using 142.5% CPU
Optimizing NNI: done in 0.00261754 secs using 166.5% CPU
Optimizing NNI: done in 0.00183705 secs using 177.1% CPU
Optimizing NNI: done in 0.00271566 secs using 132.8% CPU
Iteration 30 / LogL: -1798.111 / Time: 0h:3m:37s (0h:0m:0s left)
Optimizing NNI: done in 0.00194339 secs using 171.6% CPU
Optimizing NNI: done in 0.00340107 secs using 178.9% CPU
Optimizing NNI: done in 0.0016642 secs using 77.39% CPU
Optimizing NNI: done in 0.00363441 secs using 188.8% CPU
Optimizing NNI: done in 0.00378642 secs using 175.4% CPU
Optimizing NNI: done in 0.000707125 secs using 15.56% CPU
UPDATE BEST LOG-LIKELIHOOD: -1798.111
Optimizing NNI: done in 0.00314719 secs using 157.8% CPU
Optimizing NNI: done in 0.00255946 secs using 175.1% CPU
Optimizing NNI: done in 0.0018218 secs using 138.1% CPU
Optimizing NNI: done in 0.00427627 secs using 196.4% CPU
Iteration 40 / LogL: -1798.112 / Time: 0h:3m:37s (0h:0m:0s left)
Optimizing NNI: done in 0.00277431 secs using 177.3% CPU
Optimizing NNI: done in 0.00195151 secs using 136.2% CPU
Optimizing NNI: done in 0.00295126 secs using 201.8% CPU
Optimizing NNI: done in 0.00242647 secs using 198.1% CPU
Optimizing NNI: done in 0.000880251 secs using 125.8% CPU
Optimizing NNI: done in 0.00487398 secs using 195.3% CPU
Optimizing NNI: done in 0.00275637 secs using 172.3% CPU
Optimizing NNI: done in 0.00175617 secs using 133.5% CPU
UPDATE BEST LOG-LIKELIHOOD: -1798.111
Optimizing NNI: done in 0.00286628 secs using 167.7% CPU
Optimizing NNI: done in 0.0016207 secs using 126.4% CPU
UPDATE BEST LOG-LIKELIHOOD: -1798.111
Iteration 50 / LogL: -1798.111 / Time: 0h:3m:37s (0h:0m:0s left)
Log-likelihood cutoff on original alignment: -1814.911
Optimizing NNI: done in 0.000731643 secs using 98.27% CPU
Optimizing NNI: done in 0.00388807 secs using 189.6% CPU
Optimizing NNI: done in 0.00335049 secs using 182.4% CPU
Optimizing NNI: done in 0.0034548 secs using 175.7% CPU
Optimizing NNI: done in 0.00208823 secs using 164.7% CPU
Optimizing NNI: done in 0.00376557 secs using 205.8% CPU
Optimizing NNI: done in 0.000862507 secs using 97.74% CPU
Optimizing NNI: done in 0.00535664 secs using 198.9% CPU
Optimizing NNI: done in 0.00179386 secs using 165.9% CPU
Optimizing NNI: done in 0.00254236 secs using 163.2% CPU
Iteration 60 / LogL: -1798.121 / Time: 0h:3m:38s (0h:0m:0s left)
Optimizing NNI: done in 0.000922799 secs using 125.1% CPU
Optimizing NNI: done in 0.00180885 secs using 129.7% CPU
Optimizing NNI: done in 0.00327744 secs using 158.2% CPU
Optimizing NNI: done in 0.00484337 secs using 200% CPU
Optimizing NNI: done in 0.00268689 secs using 146.6% CPU
Optimizing NNI: done in 0.000827307 secs using 187.6% CPU
UPDATE BEST LOG-LIKELIHOOD: -1798.111
Optimizing NNI: done in 0.00258323 secs using 173.7% CPU
Optimizing NNI: done in 0.000775484 secs using 174.9% CPU
Optimizing NNI: done in 0.00163411 secs using 161.1% CPU
UPDATE BEST LOG-LIKELIHOOD: -1798.111
Optimizing NNI: done in 0.00193372 secs using 176.7% CPU
Iteration 70 / LogL: -1798.111 / Time: 0h:3m:38s (0h:0m:0s left)
Optimizing NNI: done in 0.000868963 secs using 186.5% CPU
Optimizing NNI: done in 0.00286989 secs using 140.2% CPU
Optimizing NNI: done in 0.00254715 secs using 193.8% CPU
Optimizing NNI: done in 0.00344411 secs using 189.4% CPU
Optimizing NNI: done in 0.00312308 secs using 191.5% CPU
Optimizing NNI: done in 0.00156507 secs using 162.5% CPU
Optimizing NNI: done in 0.00378037 secs using 194.5% CPU
Optimizing NNI: done in 0.000780843 secs using 99.76% CPU
Optimizing NNI: done in 0.00170298 secs using 185.3% CPU
Optimizing NNI: done in 0.00296271 secs using 198.7% CPU
Iteration 80 / LogL: -1798.112 / Time: 0h:3m:38s (0h:0m:0s left)
Optimizing NNI: done in 0.00233284 secs using 108.5% CPU
Optimizing NNI: done in 0.00331325 secs using 164.4% CPU
Optimizing NNI: done in 0.00301997 secs using 196.7% CPU
Optimizing NNI: done in 0.00238197 secs using 190.2% CPU
Optimizing NNI: done in 0.00524646 secs using 175.7% CPU
Optimizing NNI: done in 0.000790972 secs using 96.21% CPU
Optimizing NNI: done in 0.000779172 secs using 153.8% CPU
Optimizing NNI: done in 0.0031697 secs using 190.1% CPU
Optimizing NNI: done in 0.00160987 secs using 158.1% CPU
Optimizing NNI: done in 0.00195258 secs using 177.8% CPU
Iteration 90 / LogL: -1798.112 / Time: 0h:3m:38s (0h:0m:0s left)
Optimizing NNI: done in 0.00230947 secs using 176.7% CPU
UPDATE BEST LOG-LIKELIHOOD: -1798.111
Optimizing NNI: done in 0.00230587 secs using 121.9% CPU
Optimizing NNI: done in 0.00248876 secs using 197.1% CPU
Optimizing NNI: done in 0.00400934 secs using 178.7% CPU
Optimizing NNI: done in 0.00074983 secs using 144.8% CPU
UPDATE BEST LOG-LIKELIHOOD: -1798.111
Optimizing NNI: done in 0.000739411 secs using 185% CPU
Optimizing NNI: done in 0.00078094 secs using 115.2% CPU
Optimizing NNI: done in 0.00292419 secs using 186.9% CPU
Optimizing NNI: done in 0.00255151 secs using 169.7% CPU
Optimizing NNI: done in 0.00303246 secs using 179.8% CPU
Iteration 100 / LogL: -1798.113 / Time: 0h:3m:38s (0h:0m:0s left)
Log-likelihood cutoff on original alignment: -1814.940
NOTE: Bootstrap correlation coefficient of split occurrence frequencies: 0.994
Optimizing NNI: done in 0.000712223 secs using 99.83% CPU
Optimizing NNI: done in 0.00199661 secs using 123% CPU
Optimizing NNI: done in 0.00171338 secs using 189.8% CPU
Optimizing NNI: done in 0.000779878 secs using 95.91% CPU
Optimizing NNI: done in 0.000990447 secs using 126.9% CPU
Optimizing NNI: done in 0.00248843 secs using 196.9% CPU
Optimizing NNI: done in 0.00168676 secs using 162.1% CPU
Optimizing NNI: done in 0.00312836 secs using 179.6% CPU
Optimizing NNI: done in 0.000781672 secs using 163.9% CPU
Optimizing NNI: done in 0.00271044 secs using 167.8% CPU
Iteration 110 / LogL: -1798.112 / Time: 0h:3m:38s (0h:0m:0s left)
Optimizing NNI: done in 0.00255133 secs using 187.4% CPU
TREE SEARCH COMPLETED AFTER 111 ITERATIONS / Time: 0h:3m:38s

--------------------------------------------------------------------
|                    FINALIZING TREE SEARCH                        |
--------------------------------------------------------------------
Performs final model parameters optimization
Estimate model parameters (epsilon = 0.010)
1. Initial log-likelihood: -1798.111
2. Current log-likelihood: -1798.087
3. Current log-likelihood: -1798.050
4. Current log-likelihood: -1798.023
5. Current log-likelihood: -1798.003
6. Current log-likelihood: -1797.987
7. Current log-likelihood: -1797.976
Optimal log-likelihood: -1797.963
Rate parameters:  A-C: 1.00000  A-G: 18.64393  A-T: 1.00000  C-G: 1.00000  C-T: 18.64393  G-T: 1.00000
Base frequencies:  A: 0.242  C: 0.223  G: 0.258  T: 0.278
Proportion of invariable sites: 0.533
Parameters optimization took 7 rounds (0.003 sec)
BEST SCORE FOUND : -1797.963
Creating bootstrap support values...
Split supports printed to NEXUS file data/packages/ITS/Parvixerocomus/ref.splits.nex
Total tree length: 2.730

Total number of iterations: 111
CPU time used for tree search: 1.125 sec (0h:0m:1s)
Wall-clock time used for tree search: 0.685 sec (0h:0m:0s)
Total CPU time used: 416.431 sec (0h:6m:56s)
Total wall-clock time used: 218.374 sec (0h:3m:38s)

Computing bootstrap consensus tree...
Reading input file data/packages/ITS/Parvixerocomus/ref.splits.nex...
7 taxa and 42 splits.
Consensus tree written to data/packages/ITS/Parvixerocomus/ref.contree
Reading input trees file data/packages/ITS/Parvixerocomus/ref.contree
Log-likelihood of consensus tree: -1797.966

Analysis results written to: 
  IQ-TREE report:                data/packages/ITS/Parvixerocomus/ref.iqtree
  Maximum-likelihood tree:       data/packages/ITS/Parvixerocomus/ref.treefile
  Likelihood distances:          data/packages/ITS/Parvixerocomus/ref.mldist

Ultrafast bootstrap approximation results written to:
  Split support values:          data/packages/ITS/Parvixerocomus/ref.splits.nex
  Consensus tree:                data/packages/ITS/Parvixerocomus/ref.contree
  Screen log file:               data/packages/ITS/Parvixerocomus/ref.log

Date and Time: Mon Aug 18 17:52:27 2025
