IQ-TREE version 3.0.1 for Linux x86 64-bit built May  5 2025
Developed by Bui Quang Minh, Thomas Wong, Nhan Ly-Trong, Huaiyan Ren
Contributed by Lam-Tung Nguyen, Dominik Schrempf, Chris Bielow,
Olga Chernomor, Michael Woodhams, Diep Thi Hoang, Heiko Schmidt

Host:    lnx820.umnh.utah.edu (AVX2, FMA3, 865 GB RAM)
Command: /home/bdentinger/iqtree-3.0.1-Linux/bin/iqtree3_intel -s data/packages/ITS/Retiboletus/aln.masked.fasta -m MFP -bb 1000 -nt AUTO -pre data/packages/ITS/Retiboletus/ref
Seed:    882757 (Using SPRNG - Scalable Parallel Random Number Generator)
Time:    Mon Aug 18 18:28:50 2025
Kernel:  AVX+FMA - auto-detect threads (72 CPU cores detected)

Reading alignment file data/packages/ITS/Retiboletus/aln.masked.fasta ... Fasta format detected
Reading fasta file: done in 0.00116219 secs using 75.2% CPU
Alignment most likely contains DNA/RNA sequences
Constructing alignment: done in 0.00113189 secs using 87.73% CPU
Alignment has 125 sequences with 441 columns, 302 distinct patterns
196 parsimony-informative, 31 singleton sites, 214 constant sites
                 Gap/Ambiguity  Composition  p-value
Analyzing sequences: done in 0.0001073 secs using 98.79% CPU
   1  Retiboletus_001    0.91%    passed     92.51%
   2  Retiboletus_002    2.95%    passed     98.34%
   3  Retiboletus_003    1.59%    passed     79.95%
   4  Retiboletus_004    1.13%    passed     99.46%
   5  Retiboletus_005    5.22%    passed     43.55%
   6  Retiboletus_006    1.13%    passed     99.46%
   7  Retiboletus_007    1.13%    passed     99.46%
   8  Retiboletus_008    5.44%    passed     45.40%
   9  Retiboletus_009    5.44%    passed     45.40%
  10  Retiboletus_010    0.91%    passed     87.66%
  11  Retiboletus_011    2.95%    passed     85.38%
  12  Retiboletus_012    3.40%    passed     87.63%
  13  Retiboletus_013   20.18%    passed     99.34%
  14  Retiboletus_014    3.17%    passed     86.11%
  15  Retiboletus_015   30.16%    passed     35.25%
  16  Retiboletus_016    0.91%    passed     92.51%
  17  Retiboletus_017    0.91%    passed     92.51%
  18  Retiboletus_018    3.85%    passed     99.72%
  19  Retiboletus_019   57.14%    passed     74.28%
  20  Retiboletus_020   14.29%    passed     93.95%
  21  Retiboletus_021   14.29%    passed     93.95%
  22  Retiboletus_022    4.76%    passed     86.35%
  23  Retiboletus_023    3.17%    passed     86.75%
  24  Retiboletus_024   16.33%    passed     88.11%
  25  Retiboletus_025    1.36%    passed     94.21%
  26  Retiboletus_026    5.22%    passed     43.55%
  27  Retiboletus_027    5.22%    passed     43.55%
  28  Retiboletus_028    3.63%    passed     98.92%
  29  Retiboletus_029   26.08%    passed     65.41%
  30  Retiboletus_030    5.67%    passed     96.84%
  31  Retiboletus_031    1.81%    passed     99.37%
  32  Retiboletus_032    2.95%    passed     99.70%
  33  Retiboletus_033    2.04%    passed     99.32%
  34  Retiboletus_034    1.13%    passed     78.22%
  35  Retiboletus_035    1.13%    passed     73.69%
  36  Retiboletus_036    3.85%    passed     98.55%
  37  Retiboletus_037    3.85%    passed     99.72%
  38  Retiboletus_038   10.66%    passed     77.77%
  39  Retiboletus_039    4.54%    passed     95.94%
  40  Retiboletus_040    9.30%    passed     95.77%
  41  Retiboletus_041   13.38%    passed     97.77%
  42  Retiboletus_042   13.38%    passed     97.77%
  43  Retiboletus_043    6.58%    passed     97.63%
  44  Retiboletus_044    6.58%    passed     97.63%
  45  Retiboletus_045   10.43%    passed     91.09%
  46  Retiboletus_046    1.59%    passed     96.42%
  47  Retiboletus_047    2.04%    passed     91.62%
  48  Retiboletus_048    1.81%    passed     96.52%
  49  Retiboletus_049    4.99%    passed     99.58%
  50  Retiboletus_050    1.13%    passed     99.46%
  51  Retiboletus_051   33.33%    passed     31.79%
  52  Retiboletus_052   14.74%    passed     87.88%
  53  Retiboletus_053    8.62%    passed     85.29%
  54  Retiboletus_054   23.13%    passed     36.95%
  55  Retiboletus_055   11.11%    passed     96.03%
  56  Retiboletus_056    3.63%    passed     99.87%
  57  Retiboletus_057    0.91%    passed     92.51%
  58  Retiboletus_058    8.84%    passed     99.65%
  59  Retiboletus_059    5.22%    passed     39.03%
  60  Retiboletus_060    0.00%    passed     64.13%
  61  Retiboletus_061    1.81%    passed     99.37%
  62  Retiboletus_062    3.85%    passed     99.72%
  63  Retiboletus_063    3.85%    passed     99.72%
  64  Retiboletus_064    5.22%    passed     43.55%
  65  Retiboletus_065    5.22%    passed     43.55%
  66  Retiboletus_066    1.59%    passed     96.16%
  67  Retiboletus_067    0.68%    passed     67.21%
  68  Retiboletus_068    5.44%    passed     45.40%
  69  Retiboletus_069    0.23%    passed     69.15%
  70  Retiboletus_070    0.23%    passed     69.15%
  71  Retiboletus_071    0.23%    passed     69.15%
  72  Retiboletus_072    0.00%    passed     70.89%
  73  Retiboletus_073    0.23%    passed     69.15%
  74  Retiboletus_074    8.62%    passed     85.29%
  75  Retiboletus_075    3.63%    passed     98.92%
  76  Retiboletus_076    5.44%    passed     99.14%
  77  Retiboletus_077    1.13%    passed     99.46%
  78  Retiboletus_078    1.13%    passed     99.46%
  79  Retiboletus_079    2.72%    passed     91.84%
  80  Retiboletus_080   29.02%    passed     90.51%
  81  Retiboletus_081    5.22%    passed     97.41%
  82  Retiboletus_082   43.31%    passed     89.88%
  83  Retiboletus_083   25.17%    passed     15.29%
  84  Retiboletus_084    7.26%    passed     99.93%
  85  Retiboletus_085   25.85%    passed     94.08%
  86  Retiboletus_086   31.29%    passed     58.18%
  87  Retiboletus_087    1.81%    passed     96.82%
  88  Retiboletus_088    5.44%    passed     45.40%
  89  Retiboletus_089    5.44%    passed     45.40%
  90  Retiboletus_090    1.59%    passed     98.20%
  91  Retiboletus_091   13.83%    passed     83.99%
  92  Retiboletus_092    8.39%    passed     86.66%
  93  Retiboletus_093    1.13%    passed     90.80%
  94  Retiboletus_094    0.91%    passed     87.66%
  95  Retiboletus_095    0.00%    passed     64.13%
  96  Retiboletus_096   20.63%    passed     85.05%
  97  Retiboletus_097   20.41%    passed     80.68%
  98  Retiboletus_098    4.99%    passed     99.31%
  99  Retiboletus_099   18.82%    passed     94.86%
 100  Retiboletus_100    8.39%    passed     98.42%
 101  Retiboletus_101   12.02%    passed     99.87%
 102  Retiboletus_102    4.31%    passed     95.68%
 103  Retiboletus_103   16.78%    passed     56.64%
 104  Retiboletus_104    1.81%    passed     99.37%
 105  Retiboletus_105    3.40%    passed     83.77%
 106  Retiboletus_106   16.78%    passed     56.64%
 107  Retiboletus_107   14.06%    passed     73.64%
 108  Retiboletus_108   14.06%    passed     73.64%
 109  Retiboletus_109    2.04%    passed     99.32%
 110  Retiboletus_110    2.04%    passed     99.32%
 111  Retiboletus_111    2.95%    passed     99.70%
 112  Retiboletus_112    1.81%    passed     99.37%
 113  Retiboletus_113    2.04%    passed     99.32%
 114  Retiboletus_114    1.81%    passed     99.68%
 115  Retiboletus_115    4.31%    passed     99.88%
 116  Retiboletus_116    1.81%    passed     99.37%
 117  Retiboletus_117    3.40%    passed     83.77%
 118  Retiboletus_118    1.81%    passed     96.52%
 119  Retiboletus_119    1.59%    passed     96.09%
 120  Retiboletus_120    6.35%    passed     97.73%
 121  Retiboletus_121    4.99%    passed     99.33%
 122  Retiboletus_122    5.22%    passed     98.89%
 123  Retiboletus_123    9.30%    passed     89.73%
 124  Retiboletus_124   41.27%    passed     37.21%
 125  Retiboletus_125   41.27%    passed     37.21%
WARNING: 1 sequences contain more than 50% gaps/ambiguity
****  TOTAL              8.07%  0 sequences failed composition chi2 test (p-value<5%; df=3)
NOTE: Retiboletus_016 is identical to Retiboletus_001 but kept for subsequent analysis
NOTE: Retiboletus_006 is identical to Retiboletus_004 but kept for subsequent analysis
NOTE: Retiboletus_026 is identical to Retiboletus_005 but kept for subsequent analysis
NOTE: Retiboletus_009 is identical to Retiboletus_008 but kept for subsequent analysis
NOTE: Retiboletus_094 is identical to Retiboletus_010 but kept for subsequent analysis
NOTE: Retiboletus_037 is identical to Retiboletus_018 but kept for subsequent analysis
NOTE: Retiboletus_021 is identical to Retiboletus_020 but kept for subsequent analysis
NOTE: Retiboletus_075 is identical to Retiboletus_028 but kept for subsequent analysis
NOTE: Retiboletus_061 is identical to Retiboletus_031 but kept for subsequent analysis
NOTE: Retiboletus_111 is identical to Retiboletus_032 but kept for subsequent analysis
NOTE: Retiboletus_109 is identical to Retiboletus_033 but kept for subsequent analysis
NOTE: Retiboletus_042 is identical to Retiboletus_041 but kept for subsequent analysis
NOTE: Retiboletus_044 is identical to Retiboletus_043 but kept for subsequent analysis
NOTE: Retiboletus_118 is identical to Retiboletus_048 but kept for subsequent analysis
NOTE: Retiboletus_074 is identical to Retiboletus_053 but kept for subsequent analysis
NOTE: Retiboletus_095 is identical to Retiboletus_060 but kept for subsequent analysis
NOTE: Retiboletus_070 is identical to Retiboletus_069 but kept for subsequent analysis
NOTE: Retiboletus_106 is identical to Retiboletus_103 but kept for subsequent analysis
NOTE: Retiboletus_117 is identical to Retiboletus_105 but kept for subsequent analysis
NOTE: Retiboletus_108 is identical to Retiboletus_107 but kept for subsequent analysis
NOTE: Retiboletus_125 is identical to Retiboletus_124 but kept for subsequent analysis
Checking for duplicate sequences: done in 0.000723844 secs using 24.18% CPU
Identifying sites to remove: done in 0.000765108 secs
NOTE: 21 identical sequences (see below) will be ignored for subsequent analysis
NOTE: Retiboletus_017 (identical to Retiboletus_001) is ignored but added at the end
NOTE: Retiboletus_057 (identical to Retiboletus_001) is ignored but added at the end
NOTE: Retiboletus_007 (identical to Retiboletus_004) is ignored but added at the end
NOTE: Retiboletus_050 (identical to Retiboletus_004) is ignored but added at the end
NOTE: Retiboletus_077 (identical to Retiboletus_004) is ignored but added at the end
NOTE: Retiboletus_078 (identical to Retiboletus_004) is ignored but added at the end
NOTE: Retiboletus_027 (identical to Retiboletus_005) is ignored but added at the end
NOTE: Retiboletus_064 (identical to Retiboletus_005) is ignored but added at the end
NOTE: Retiboletus_065 (identical to Retiboletus_005) is ignored but added at the end
NOTE: Retiboletus_068 (identical to Retiboletus_008) is ignored but added at the end
NOTE: Retiboletus_088 (identical to Retiboletus_008) is ignored but added at the end
NOTE: Retiboletus_089 (identical to Retiboletus_008) is ignored but added at the end
NOTE: Retiboletus_062 (identical to Retiboletus_018) is ignored but added at the end
NOTE: Retiboletus_063 (identical to Retiboletus_018) is ignored but added at the end
NOTE: Retiboletus_104 (identical to Retiboletus_031) is ignored but added at the end
NOTE: Retiboletus_112 (identical to Retiboletus_031) is ignored but added at the end
NOTE: Retiboletus_116 (identical to Retiboletus_031) is ignored but added at the end
NOTE: Retiboletus_110 (identical to Retiboletus_033) is ignored but added at the end
NOTE: Retiboletus_113 (identical to Retiboletus_033) is ignored but added at the end
NOTE: Retiboletus_071 (identical to Retiboletus_069) is ignored but added at the end
NOTE: Retiboletus_073 (identical to Retiboletus_069) is ignored but added at the end
Alignment was printed to data/packages/ITS/Retiboletus/ref.uniqueseq.phy

For your convenience alignment with unique sequences printed to data/packages/ITS/Retiboletus/ref.uniqueseq.phy


Create initial parsimony tree by phylogenetic likelihood library (PLL)... 0.012 seconds
Measuring multi-threading efficiency up to 72 CPU cores
Increase to 10 rounds for branch lengths
795 trees examined
Threads: 1 / Time: 72.047 sec / Speedup: 1.000 / Efficiency: 100% / LogL: -13373
Threads: 2 / Time: 75.384 sec / Speedup: 0.956 / Efficiency: 48% / LogL: -13373
Determining AUTO threadcount: done in 147.433 secs using 147.6% CPU
BEST NUMBER OF THREADS: 1

Perform fast likelihood tree search using GTR+I+G model...
Estimate model parameters (epsilon = 5.000)
Perform nearest neighbor interchange...
Optimizing NNI: done in 0.177671 secs using 97.62% CPU
Estimate model parameters (epsilon = 1.000)
1. Initial log-likelihood: -3918.503
Optimal log-likelihood: -3918.493
Rate parameters:  A-C: 1.15877  A-G: 2.83723  A-T: 1.68630  C-G: 1.30642  C-T: 3.85681  G-T: 1.00000
Base frequencies:  A: 0.251  C: 0.216  G: 0.233  T: 0.300
Proportion of invariable sites: 0.242
Gamma shape alpha: 0.570
Parameters optimization took 1 rounds (0.044 sec)
Time for fast ML tree search: 0.430 seconds

NOTE: ModelFinder requires 11 MB RAM!
ModelFinder will test up to 968 DNA models (sample size: 441 epsilon: 0.100) ...
 No. Model         -LnL         df  AIC          AICc         BIC
  1  JC            4332.432     205 9074.865     9434.269     9913.119
  2  JC+I          4073.354     206 8558.707     8923.169     9401.050
  3  JC+G4         3994.548     206 8401.096     8765.557     9243.439
  4  JC+I+G4       3993.590     207 8401.179     8770.759     9247.612
  5  JC+R2         4002.816     207 8419.633     8789.212     9266.065
  6  JC+R3         3993.463     209 8404.926     8784.926     9259.537
  7  JC+R4         3993.092     211 8408.185     8798.857     9270.973
 14  JC+I+R2       3994.810     208 8405.620     8780.379     9256.141
 15  JC+I+R3       3992.044     210 8404.088     8789.392     9262.787
 25  JC+G4         3994.548     206 8401.096     8765.557     9243.439
 26  JC+I+G4       3993.590     207 8401.179     8770.759     9247.612
 47  F81+G4        3994.554     206 8401.109     8765.570     9243.452
 48  F81+I+G4      3993.596     207 8401.192     8770.772     9247.625
 69  F81+F+G4      3984.659     209 8387.319     8767.319     9241.929
 70  F81+F+I+G4    3983.464     210 8386.928     8772.232     9245.627
 91  K2P+G4        3938.902     207 8291.805     8661.384     9138.237
 92  K2P+I+G4      3937.068     208 8290.136     8664.895     9140.658
113  K2P+G4        3938.902     207 8291.805     8661.384     9138.237
114  K2P+I+G4      3937.068     208 8290.136     8664.895     9140.658
135  HKY+G4        3938.901     207 8291.803     8661.382     9138.235
136  HKY+I+G4      3937.067     208 8290.135     8664.893     9140.656
157  HKY+F+G4      3926.403     210 8272.806     8658.110     9131.506
158  HKY+F+I+G4    3924.327     211 8270.654     8661.327     9133.443
179  TNe+G4        3935.914     208 8287.829     8662.587     9138.350
180  TNe+I+G4      3933.979     209 8285.957     8665.957     9140.568
201  TNe+G4        3935.914     208 8287.829     8662.587     9138.350
202  TNe+I+G4      3933.979     209 8285.957     8665.957     9140.568
223  TN+G4         3935.913     208 8287.826     8662.584     9138.347
224  TN+I+G4       3933.978     209 8285.956     8665.956     9140.567
245  TN+F+G4       3924.513     211 8271.026     8661.699     9133.815
246  TN+F+I+G4     3922.311     212 8268.623     8664.728     9135.500
267  K3P+G4        3935.416     208 8286.833     8661.591     9137.354
268  K3P+I+G4      3933.642     209 8285.283     8665.283     9139.894
289  K3P+G4        3935.416     208 8286.833     8661.591     9137.354
290  K3P+I+G4      3933.642     209 8285.283     8665.283     9139.894
311  K3Pu+G4       3935.415     208 8286.831     8661.589     9137.352
312  K3Pu+I+G4     3933.641     209 8285.282     8665.282     9139.893
333  K3Pu+F+G4     3923.702     211 8269.403     8660.076     9132.192
334  K3Pu+F+I+G4   3921.692     212 8267.383     8663.488     9134.261
355  TPM2+G4       3936.084     208 8288.169     8662.927     9138.690
356  TPM2+I+G4     3934.408     209 8286.816     8666.816     9141.426
377  TPM2+G4       3936.084     208 8288.169     8662.927     9138.690
378  TPM2+I+G4     3934.408     209 8286.816     8666.816     9141.426
399  TPM2u+G4      3936.083     208 8288.166     8662.925     9138.688
400  TPM2u+I+G4    3934.407     209 8286.813     8666.813     9141.424
421  TPM2u+F+G4    3924.834     211 8271.668     8662.340     9134.456
422  TPM2u+F+I+G4  3922.869     212 8269.739     8665.844     9136.616
443  TPM3+G4       3935.146     208 8286.292     8661.050     9136.813
444  TPM3+I+G4     3933.286     209 8284.572     8664.572     9139.183
465  TPM3+G4       3935.146     208 8286.292     8661.050     9136.813
466  TPM3+I+G4     3933.286     209 8284.572     8664.572     9139.183
487  TPM3u+G4      3935.145     208 8286.289     8661.048     9136.810
488  TPM3u+I+G4    3933.284     209 8284.567     8664.567     9139.178
509  TPM3u+F+G4    3926.030     211 8274.060     8664.733     9136.849
510  TPM3u+F+I+G4  3924.025     212 8272.050     8668.155     9138.927
531  TIMe+G4       3932.282     209 8282.563     8662.563     9137.174
532  TIMe+I+G4     3930.419     210 8280.839     8666.143     9139.538
553  TIMe+G4       3932.282     209 8282.563     8662.563     9137.174
554  TIMe+I+G4     3930.419     210 8280.839     8666.143     9139.538
575  TIM+G4        3932.282     209 8282.563     8662.563     9137.173
576  TIM+I+G4      3930.419     210 8280.838     8666.143     9139.538
597  TIM+F+G4      3921.678     212 8267.356     8663.461     9134.233
598  TIM+F+I+G4    3919.564     213 8265.128     8666.731     9136.094
619  TIM2e+G4      3932.926     209 8283.853     8663.853     9138.463
620  TIM2e+I+G4    3931.248     210 8282.495     8667.799     9141.195
641  TIM2e+G4      3932.926     209 8283.853     8663.853     9138.463
642  TIM2e+I+G4    3931.248     210 8282.495     8667.799     9141.195
663  TIM2+G4       3932.924     209 8283.847     8663.847     9138.458
664  TIM2+I+G4     3931.246     210 8282.493     8667.797     9141.192
685  TIM2+F+G4     3922.789     212 8269.579     8665.684     9136.456
686  TIM2+F+I+G4   3920.766     213 8267.532     8669.136     9138.499
707  TIM3e+G4      3931.858     209 8281.717     8661.717     9136.327
708  TIM3e+I+G4    3929.960     210 8279.919     8665.224     9138.619
729  TIM3e+G4      3931.858     209 8281.717     8661.717     9136.327
730  TIM3e+I+G4    3929.960     210 8279.919     8665.224     9138.619
751  TIM3+G4       3931.858     209 8281.715     8661.715     9136.325
752  TIM3+I+G4     3929.957     210 8279.915     8665.219     9138.614
773  TIM3+F+G4     3924.165     212 8272.330     8668.435     9139.207
774  TIM3+F+I+G4   3922.047     213 8270.095     8671.698     9141.061
795  TVMe+G4       3930.178     210 8280.356     8665.660     9139.055
796  TVMe+I+G4     3928.512     211 8279.024     8669.696     9141.812
817  TVMe+G4       3930.178     210 8280.356     8665.660     9139.055
818  TVMe+I+G4     3928.512     211 8279.024     8669.696     9141.812
839  TVM+G4        3930.177     210 8280.355     8665.659     9139.054
840  TVM+I+G4      3928.511     211 8279.023     8669.695     9141.811
861  TVM+F+G4      3922.512     213 8271.023     8672.627     9141.990
862  TVM+F+I+G4    3920.637     214 8269.273     8676.441     9144.329
883  SYM+G4        3926.658     211 8275.316     8665.988     9138.104
884  SYM+I+G4      3925.029     212 8274.058     8670.163     9140.936
905  SYM+G4        3926.658     211 8275.316     8665.988     9138.104
906  SYM+I+G4      3925.029     212 8274.058     8670.163     9140.936
927  GTR+G4        3926.657     211 8275.315     8665.987     9138.103
928  GTR+I+G4      3925.027     212 8274.054     8670.159     9140.931
949  GTR+F+G4      3920.407     214 8268.813     8675.981     9143.869
950  GTR+F+I+G4    3918.490     215 8266.979     8679.779     9146.124
Akaike Information Criterion:           TIM+F+I+G4
Corrected Akaike Information Criterion: HKY+F+G4
Bayesian Information Criterion:         HKY+F+G4
Best-fit model: HKY+F+G4 chosen according to BIC

All model information printed to data/packages/ITS/Retiboletus/ref.model.gz
CPU time for ModelFinder: 225.342 seconds (0h:3m:45s)
Wall-clock time for ModelFinder: 155.279 seconds (0h:2m:35s)
Generating 1000 samples for ultrafast bootstrap (seed: 882757)...

NOTE: 5 MB RAM (0 GB) is required!
Estimate model parameters (epsilon = 0.100)
1. Initial log-likelihood: -3926.733
2. Current log-likelihood: -3926.402
Optimal log-likelihood: -3926.399
Rate parameters:  A-C: 1.00000  A-G: 2.56116  A-T: 1.00000  C-G: 1.00000  C-T: 2.56116  G-T: 1.00000
Base frequencies:  A: 0.251  C: 0.216  G: 0.233  T: 0.300
Gamma shape alpha: 0.334
Parameters optimization took 2 rounds (0.052 sec)
Wrote distance file to... 
Computing ML distances based on estimated model parameters...
Calculating distance matrix: done in 0.043616 secs using 99.89% CPU
Computing ML distances took 0.043847 sec (of wall-clock time) 0.043798 sec (of CPU time)
Setting up auxiliary I and S matrices: done in 0.00084886 secs using 99.19% CPU
Constructing RapidNJ tree: done in 0.00276153 secs using 135.8% CPU
Computing RapidNJ tree took 0.003802 sec (of wall-clock time) 0.004785 sec (of CPU time)
Log-likelihood of RapidNJ tree: -3961.067
--------------------------------------------------------------------
|             INITIALIZING CANDIDATE TREE SET                      |
--------------------------------------------------------------------
Generating 98 parsimony trees... 1.071 second
Computing log-likelihood of 98 initial trees ... 0.965 seconds
Current best score: -3926.399

Do NNI search on 20 best initial trees
Optimizing NNI: done in 0.158791 secs using 97.98% CPU
Estimate model parameters (epsilon = 0.100)
BETTER TREE FOUND at iteration 1: -3926.131
Optimizing NNI: done in 0.37684 secs using 98.28% CPU
Estimate model parameters (epsilon = 0.100)
BETTER TREE FOUND at iteration 2: -3925.920
Optimizing NNI: done in 0.3806 secs using 98.31% CPU
Estimate model parameters (epsilon = 0.100)
BETTER TREE FOUND at iteration 3: -3925.445
Optimizing NNI: done in 0.416148 secs using 99.4% CPU
Optimizing NNI: done in 0.385095 secs using 98.57% CPU
Optimizing NNI: done in 0.411315 secs using 98.66% CPU
Optimizing NNI: done in 0.423054 secs using 98.45% CPU
Optimizing NNI: done in 0.374477 secs using 98.28% CPU
Optimizing NNI: done in 0.378465 secs using 99.08% CPU
Optimizing NNI: done in 0.338695 secs using 98.69% CPU
Iteration 10 / LogL: -3927.846 / Time: 0h:2m:41s
Optimizing NNI: done in 0.392337 secs using 99.11% CPU
Optimizing NNI: done in 0.381915 secs using 98.31% CPU
Optimizing NNI: done in 0.335914 secs using 98.69% CPU
Optimizing NNI: done in 0.3286 secs using 98.95% CPU
Optimizing NNI: done in 0.427883 secs using 96.76% CPU
Optimizing NNI: done in 0.532807 secs using 98.7% CPU
Optimizing NNI: done in 0.329095 secs using 98.36% CPU
Optimizing NNI: done in 0.39828 secs using 97.85% CPU
Optimizing NNI: done in 0.331145 secs using 99.28% CPU
Optimizing NNI: done in 0.36131 secs using 98.49% CPU
Iteration 20 / LogL: -3926.131 / Time: 0h:2m:45s
Finish initializing candidate tree set (20)
Current best tree score: -3925.445 / CPU time: 9.642
Number of iterations: 20
--------------------------------------------------------------------
|               OPTIMIZING CANDIDATE TREE SET                      |
--------------------------------------------------------------------
Optimizing NNI: done in 0.46217 secs using 96.85% CPU
Optimizing NNI: done in 0.45803 secs using 97.91% CPU
Estimate model parameters (epsilon = 0.100)
BETTER TREE FOUND at iteration 22: -3921.477
Optimizing NNI: done in 0.53175 secs using 98.37% CPU
Optimizing NNI: done in 0.550132 secs using 98.43% CPU
Optimizing NNI: done in 0.417775 secs using 99.39% CPU
Optimizing NNI: done in 0.599273 secs using 97.54% CPU
Optimizing NNI: done in 0.394492 secs using 97.59% CPU
Optimizing NNI: done in 0.506331 secs using 97.9% CPU
Optimizing NNI: done in 0.4884 secs using 97.83% CPU
Optimizing NNI: done in 0.457623 secs using 97.03% CPU
Iteration 30 / LogL: -3930.060 / Time: 0h:2m:50s (0h:0m:46s left)
Optimizing NNI: done in 0.500339 secs using 98.87% CPU
Optimizing NNI: done in 0.421396 secs using 97.25% CPU
Optimizing NNI: done in 0.568265 secs using 98.46% CPU
Optimizing NNI: done in 0.493787 secs using 99.26% CPU
Optimizing NNI: done in 0.451001 secs using 98.1% CPU
Optimizing NNI: done in 0.346827 secs using 98.43% CPU
Optimizing NNI: done in 0.321025 secs using 97.38% CPU
Optimizing NNI: done in 0.461521 secs using 98.35% CPU
Optimizing NNI: done in 0.390117 secs using 98.58% CPU
Optimizing NNI: done in 0.377011 secs using 97.48% CPU
Iteration 40 / LogL: -3923.745 / Time: 0h:2m:54s (0h:0m:40s left)
Optimizing NNI: done in 0.390287 secs using 97.56% CPU
Optimizing NNI: done in 0.499129 secs using 98.06% CPU
Optimizing NNI: done in 0.534274 secs using 98% CPU
Optimizing NNI: done in 0.49371 secs using 97.24% CPU
Optimizing NNI: done in 0.55885 secs using 97.9% CPU
Optimizing NNI: done in 0.388992 secs using 97.56% CPU
Optimizing NNI: done in 0.492027 secs using 97.23% CPU
Optimizing NNI: done in 0.505725 secs using 98.68% CPU
Optimizing NNI: done in 0.399139 secs using 98.36% CPU
Optimizing NNI: done in 0.286157 secs using 97.78% CPU
Iteration 50 / LogL: -3935.656 / Time: 0h:2m:59s (0h:0m:35s left)
Log-likelihood cutoff on original alignment: -3953.245
Optimizing NNI: done in 0.430402 secs using 97.54% CPU
Optimizing NNI: done in 0.450818 secs using 96.77% CPU
Optimizing NNI: done in 0.501622 secs using 98.48% CPU
Optimizing NNI: done in 0.479772 secs using 97.59% CPU
Optimizing NNI: done in 0.509218 secs using 97.91% CPU
Optimizing NNI: done in 0.467427 secs using 97.95% CPU
Optimizing NNI: done in 0.421125 secs using 98.45% CPU
Estimate model parameters (epsilon = 0.100)
BETTER TREE FOUND at iteration 57: -3921.278
Optimizing NNI: done in 0.57892 secs using 97.11% CPU
Optimizing NNI: done in 0.613984 secs using 98.09% CPU
Optimizing NNI: done in 0.579588 secs using 98.33% CPU
Iteration 60 / LogL: -3925.460 / Time: 0h:3m:4s (0h:0m:48s left)
Optimizing NNI: done in 0.450152 secs using 98.76% CPU
Optimizing NNI: done in 0.46134 secs using 98.58% CPU
Optimizing NNI: done in 0.421453 secs using 99.17% CPU
Optimizing NNI: done in 0.468957 secs using 97.54% CPU
Optimizing NNI: done in 0.580933 secs using 98.16% CPU
Optimizing NNI: done in 0.483824 secs using 98.22% CPU
BETTER TREE FOUND at iteration 66: -3921.277
Optimizing NNI: done in 0.740553 secs using 98.12% CPU
Optimizing NNI: done in 0.398455 secs using 98.12% CPU
Optimizing NNI: done in 0.670471 secs using 98.09% CPU
Optimizing NNI: done in 0.434249 secs using 97.57% CPU
Iteration 70 / LogL: -3982.326 / Time: 0h:3m:9s (0h:0m:48s left)
Optimizing NNI: done in 0.36003 secs using 97.38% CPU
Optimizing NNI: done in 0.339226 secs using 99% CPU
Optimizing NNI: done in 0.360523 secs using 98.48% CPU
Optimizing NNI: done in 0.396451 secs using 98.86% CPU
Optimizing NNI: done in 0.538471 secs using 98.76% CPU
Optimizing NNI: done in 0.448524 secs using 98.31% CPU
Optimizing NNI: done in 0.370162 secs using 97.98% CPU
Optimizing NNI: done in 0.607816 secs using 97.4% CPU
Optimizing NNI: done in 0.382183 secs using 98.03% CPU
Optimizing NNI: done in 0.369058 secs using 99.05% CPU
Iteration 80 / LogL: -3921.490 / Time: 0h:3m:14s (0h:0m:42s left)
Optimizing NNI: done in 0.445589 secs using 98.52% CPU
Optimizing NNI: done in 0.465433 secs using 98.15% CPU
Optimizing NNI: done in 0.539498 secs using 96.91% CPU
Optimizing NNI: done in 0.438539 secs using 97.8% CPU
Optimizing NNI: done in 0.519471 secs using 97.56% CPU
Optimizing NNI: done in 0.372606 secs using 99.08% CPU
Optimizing NNI: done in 0.45204 secs using 97.66% CPU
Optimizing NNI: done in 0.569838 secs using 98.3% CPU
Optimizing NNI: done in 0.297321 secs using 98.54% CPU
Optimizing NNI: done in 0.444026 secs using 96.95% CPU
Iteration 90 / LogL: -3942.621 / Time: 0h:3m:18s (0h:0m:37s left)
Optimizing NNI: done in 0.549721 secs using 97.15% CPU
Optimizing NNI: done in 0.551895 secs using 98.06% CPU
Optimizing NNI: done in 0.475056 secs using 97.98% CPU
Optimizing NNI: done in 0.461563 secs using 98.57% CPU
Optimizing NNI: done in 0.54938 secs using 98.06% CPU
Optimizing NNI: done in 0.547477 secs using 97.32% CPU
Optimizing NNI: done in 0.320818 secs using 98% CPU
Optimizing NNI: done in 0.49121 secs using 97.84% CPU
Optimizing NNI: done in 0.51051 secs using 98.3% CPU
BETTER TREE FOUND at iteration 99: -3921.274
Optimizing NNI: done in 0.417368 secs using 97.25% CPU
Iteration 100 / LogL: -3921.487 / Time: 0h:3m:23s (0h:0m:48s left)
Log-likelihood cutoff on original alignment: -3953.245
NOTE: Bootstrap correlation coefficient of split occurrence frequencies: 0.993
Optimizing NNI: done in 0.426961 secs using 98.46% CPU
Optimizing NNI: done in 0.399411 secs using 97.62% CPU
Optimizing NNI: done in 0.55717 secs using 98.44% CPU
Optimizing NNI: done in 0.454602 secs using 97.9% CPU
Optimizing NNI: done in 0.464615 secs using 97.08% CPU
Optimizing NNI: done in 0.546651 secs using 97.5% CPU
Optimizing NNI: done in 0.375221 secs using 98.81% CPU
Optimizing NNI: done in 0.43786 secs using 98.51% CPU
Optimizing NNI: done in 0.470795 secs using 98.18% CPU
Optimizing NNI: done in 0.461837 secs using 97.27% CPU
Iteration 110 / LogL: -3921.278 / Time: 0h:3m:28s (0h:0m:44s left)
Optimizing NNI: done in 0.404109 secs using 97.65% CPU
Optimizing NNI: done in 0.330925 secs using 99.57% CPU
Optimizing NNI: done in 0.525468 secs using 97.02% CPU
Optimizing NNI: done in 0.425261 secs using 97.99% CPU
Optimizing NNI: done in 0.440274 secs using 98.51% CPU
Optimizing NNI: done in 0.344652 secs using 97.56% CPU
Optimizing NNI: done in 0.438445 secs using 98.28% CPU
Optimizing NNI: done in 0.638037 secs using 96.58% CPU
Optimizing NNI: done in 0.561426 secs using 97.92% CPU
Optimizing NNI: done in 0.4687 secs using 97.53% CPU
Iteration 120 / LogL: -3921.278 / Time: 0h:3m:33s (0h:0m:39s left)
Optimizing NNI: done in 0.401671 secs using 98.88% CPU
Optimizing NNI: done in 0.532258 secs using 97.62% CPU
Optimizing NNI: done in 0.303791 secs using 97.25% CPU
Optimizing NNI: done in 0.523322 secs using 98.92% CPU
Optimizing NNI: done in 0.534809 secs using 97.63% CPU
Optimizing NNI: done in 0.220153 secs using 95.34% CPU
Optimizing NNI: done in 0.432008 secs using 97.33% CPU
Optimizing NNI: done in 0.52438 secs using 97.4% CPU
Optimizing NNI: done in 0.535358 secs using 98.2% CPU
Optimizing NNI: done in 0.619894 secs using 97.14% CPU
Iteration 130 / LogL: -3926.235 / Time: 0h:3m:38s (0h:0m:34s left)
Optimizing NNI: done in 0.53478 secs using 97.64% CPU
Optimizing NNI: done in 0.354782 secs using 97.63% CPU
Optimizing NNI: done in 0.465765 secs using 97.95% CPU
Optimizing NNI: done in 0.426218 secs using 98% CPU
Optimizing NNI: done in 0.597987 secs using 98.88% CPU
Optimizing NNI: done in 0.36164 secs using 96.84% CPU
Optimizing NNI: done in 0.399716 secs using 98.39% CPU
Optimizing NNI: done in 0.332215 secs using 96.26% CPU
Optimizing NNI: done in 0.457392 secs using 98.13% CPU
Optimizing NNI: done in 0.4619 secs using 98.58% CPU
Iteration 140 / LogL: -3921.277 / Time: 0h:3m:42s (0h:0m:29s left)
Optimizing NNI: done in 0.418109 secs using 98.68% CPU
Optimizing NNI: done in 0.459432 secs using 99% CPU
Optimizing NNI: done in 0.485076 secs using 97.41% CPU
Optimizing NNI: done in 0.309389 secs using 97.63% CPU
Optimizing NNI: done in 0.462902 secs using 99.67% CPU
Optimizing NNI: done in 0.506673 secs using 98.7% CPU
Optimizing NNI: done in 0.260192 secs using 96.8% CPU
Optimizing NNI: done in 0.538117 secs using 97.84% CPU
Optimizing NNI: done in 0.531932 secs using 98.38% CPU
Optimizing NNI: done in 0.426282 secs using 97.31% CPU
Iteration 150 / LogL: -3944.538 / Time: 0h:3m:47s (0h:0m:24s left)
Log-likelihood cutoff on original alignment: -3953.245
Optimizing NNI: done in 0.421507 secs using 96.56% CPU
Optimizing NNI: done in 0.480397 secs using 98.43% CPU
Optimizing NNI: done in 0.534171 secs using 97.26% CPU
Optimizing NNI: done in 0.425097 secs using 97.29% CPU
Optimizing NNI: done in 0.415691 secs using 98.2% CPU
Optimizing NNI: done in 0.400064 secs using 98.38% CPU
Optimizing NNI: done in 0.48331 secs using 96.98% CPU
Optimizing NNI: done in 0.621393 secs using 97.63% CPU
Optimizing NNI: done in 0.431347 secs using 97.8% CPU
Optimizing NNI: done in 0.464293 secs using 97.95% CPU
Iteration 160 / LogL: -3936.165 / Time: 0h:3m:52s (0h:0m:19s left)
Optimizing NNI: done in 0.41724 secs using 97.96% CPU
Optimizing NNI: done in 0.548674 secs using 98.06% CPU
Optimizing NNI: done in 0.55561 secs using 98.8% CPU
Optimizing NNI: done in 0.507178 secs using 98.1% CPU
Optimizing NNI: done in 0.295367 secs using 97.85% CPU
Optimizing NNI: done in 0.563096 secs using 98.99% CPU
Optimizing NNI: done in 0.356403 secs using 98.2% CPU
Optimizing NNI: done in 0.451123 secs using 98.11% CPU
Optimizing NNI: done in 0.430914 secs using 98.02% CPU
Optimizing NNI: done in 0.498889 secs using 98.68% CPU
Iteration 170 / LogL: -3937.804 / Time: 0h:3m:57s (0h:0m:14s left)
Optimizing NNI: done in 0.473483 secs using 97.98% CPU
Optimizing NNI: done in 0.405513 secs using 98.65% CPU
Optimizing NNI: done in 0.434759 secs using 98.27% CPU
Optimizing NNI: done in 0.465393 secs using 98.59% CPU
Optimizing NNI: done in 0.519262 secs using 98.9% CPU
Optimizing NNI: done in 0.458602 secs using 97.26% CPU
Optimizing NNI: done in 0.557903 secs using 97.91% CPU
Optimizing NNI: done in 0.532605 secs using 97.45% CPU
Optimizing NNI: done in 0.51546 secs using 97.36% CPU
Optimizing NNI: done in 0.3584 secs using 98.48% CPU
Iteration 180 / LogL: -3966.562 / Time: 0h:4m:2s (0h:0m:9s left)
Optimizing NNI: done in 0.58426 secs using 98.34% CPU
Optimizing NNI: done in 0.47081 secs using 97.76% CPU
Optimizing NNI: done in 0.4564 secs using 97.48% CPU
Optimizing NNI: done in 0.435325 secs using 98.05% CPU
Optimizing NNI: done in 0.400773 secs using 99.12% CPU
Optimizing NNI: done in 0.560189 secs using 97.21% CPU
Optimizing NNI: done in 0.390325 secs using 97.83% CPU
Optimizing NNI: done in 0.647117 secs using 97.87% CPU
Optimizing NNI: done in 0.51542 secs using 97.95% CPU
Optimizing NNI: done in 0.511899 secs using 97.34% CPU
Iteration 190 / LogL: -3924.113 / Time: 0h:4m:7s (0h:0m:4s left)
Optimizing NNI: done in 0.605162 secs using 98.72% CPU
Optimizing NNI: done in 0.437035 secs using 97.83% CPU
Optimizing NNI: done in 0.459255 secs using 96.62% CPU
Optimizing NNI: done in 0.368388 secs using 97.98% CPU
Optimizing NNI: done in 0.417714 secs using 98.68% CPU
Optimizing NNI: done in 0.518877 secs using 98.33% CPU
Optimizing NNI: done in 0.531103 secs using 97.81% CPU
Optimizing NNI: done in 0.349897 secs using 97.88% CPU
Optimizing NNI: done in 0.4543 secs using 97.46% CPU
Optimizing NNI: done in 0.443688 secs using 97.63% CPU
Iteration 200 / LogL: -3921.277 / Time: 0h:4m:12s (0h:0m:0s left)
Log-likelihood cutoff on original alignment: -3953.245
NOTE: Bootstrap correlation coefficient of split occurrence frequencies: 0.997
TREE SEARCH COMPLETED AFTER 200 ITERATIONS / Time: 0h:4m:12s

--------------------------------------------------------------------
|                    FINALIZING TREE SEARCH                        |
--------------------------------------------------------------------
Performs final model parameters optimization
Estimate model parameters (epsilon = 0.010)
1. Initial log-likelihood: -3921.274
Optimal log-likelihood: -3921.273
Rate parameters:  A-C: 1.00000  A-G: 2.58078  A-T: 1.00000  C-G: 1.00000  C-T: 2.58078  G-T: 1.00000
Base frequencies:  A: 0.251  C: 0.216  G: 0.233  T: 0.300
Gamma shape alpha: 0.329
Parameters optimization took 1 rounds (0.026 sec)
BEST SCORE FOUND : -3921.273
Creating bootstrap support values...
Split supports printed to NEXUS file data/packages/ITS/Retiboletus/ref.splits.nex
Total tree length: 2.782

Total number of iterations: 200
CPU time used for tree search: 95.313 sec (0h:1m:35s)
Wall-clock time used for tree search: 97.199 sec (0h:1m:37s)
Total CPU time used: 321.132 sec (0h:5m:21s)
Total wall-clock time used: 252.964 sec (0h:4m:12s)

Computing bootstrap consensus tree...
Reading input file data/packages/ITS/Retiboletus/ref.splits.nex...
104 taxa and 1366 splits.
Consensus tree written to data/packages/ITS/Retiboletus/ref.contree
Reading input trees file data/packages/ITS/Retiboletus/ref.contree
Log-likelihood of consensus tree: -3923.000

Analysis results written to: 
  IQ-TREE report:                data/packages/ITS/Retiboletus/ref.iqtree
  Maximum-likelihood tree:       data/packages/ITS/Retiboletus/ref.treefile
  Likelihood distances:          data/packages/ITS/Retiboletus/ref.mldist

Ultrafast bootstrap approximation results written to:
  Split support values:          data/packages/ITS/Retiboletus/ref.splits.nex
  Consensus tree:                data/packages/ITS/Retiboletus/ref.contree
  Screen log file:               data/packages/ITS/Retiboletus/ref.log

Date and Time: Mon Aug 18 18:33:04 2025
