IQ-TREE version 3.0.1 for Linux x86 64-bit built May  5 2025
Developed by Bui Quang Minh, Thomas Wong, Nhan Ly-Trong, Huaiyan Ren
Contributed by Lam-Tung Nguyen, Dominik Schrempf, Chris Bielow,
Olga Chernomor, Michael Woodhams, Diep Thi Hoang, Heiko Schmidt

Host:    lnx820.umnh.utah.edu (AVX2, FMA3, 865 GB RAM)
Command: /home/bdentinger/iqtree-3.0.1-Linux/bin/iqtree3_intel -s data/packages/ITS/Chalciporus/aln.masked.fasta -m MFP -bb 1000 -nt AUTO -pre data/packages/ITS/Chalciporus/ref
Seed:    482567 (Using SPRNG - Scalable Parallel Random Number Generator)
Time:    Mon Aug 18 17:51:33 2025
Kernel:  AVX+FMA - auto-detect threads (72 CPU cores detected)

Reading alignment file data/packages/ITS/Chalciporus/aln.masked.fasta ... Fasta format detected
Reading fasta file: done in 0.00273461 secs using 91.31% CPU
Alignment most likely contains DNA/RNA sequences
Constructing alignment: done in 0.00243845 secs using 85.09% CPU
Alignment has 144 sequences with 649 columns, 478 distinct patterns
288 parsimony-informative, 116 singleton sites, 245 constant sites
ERROR: Duplicated sequence name gdgm
ERROR: Duplicated sequence name gdgm
ERROR: Duplicated sequence name ota
ERROR: Duplicated sequence name pdd
ERROR: Duplicated sequence name pdd
ERROR: Duplicated sequence name pdd
ERROR: Duplicated sequence name pdd
ERROR: Duplicated sequence name pdd
ERROR: Duplicated sequence name pdd
ERROR: Duplicated sequence name pdd
ERROR: Duplicated sequence name pdd
ERROR: Duplicated sequence name pdd
ERROR: Duplicated sequence name pdd
ERROR: Duplicated sequence name pdd
ERROR: Duplicated sequence name pdd
ERROR: Duplicated sequence name pdd
ERROR: Please rename sequences listed above!
