IQ-TREE version 3.0.1 for Linux x86 64-bit built May  5 2025
Developed by Bui Quang Minh, Thomas Wong, Nhan Ly-Trong, Huaiyan Ren
Contributed by Lam-Tung Nguyen, Dominik Schrempf, Chris Bielow,
Olga Chernomor, Michael Woodhams, Diep Thi Hoang, Heiko Schmidt

Host:    lnx820.umnh.utah.edu (AVX2, FMA3, 865 GB RAM)
Command: /home/bdentinger/iqtree-3.0.1-Linux/bin/iqtree3_intel -s data/align/TEF1.masked.fasta -m MFP -T 64 -fast -pre data/trees/loci/TEF1.firstpass
Seed:    246909 (Using SPRNG - Scalable Parallel Random Number Generator)
Time:    Thu Aug 14 17:42:27 2025
Kernel:  AVX+FMA - 64 threads (72 CPU cores detected)

Reading alignment file data/align/TEF1.masked.fasta ... Fasta format detected
Reading fasta file: done in 0.0265744 secs using 79% CPU
Alignment most likely contains DNA/RNA sequences
Constructing alignment: done in 0.0261063 secs using 1124% CPU
Alignment has 2239 sequences with 542 columns, 534 distinct patterns
376 parsimony-informative, 116 singleton sites, 50 constant sites
Analyzing sequences: done in 0.000237767 secs using 1701% CPU
WARNING: 8 sequences contain more than 50% gaps/ambiguity
Checking for duplicate sequences: done in 0.0180135 secs using 1588% CPU
Identifying sites to remove: done in 0.0116397 secs using 82.9% CPU
NOTE: 112 identical sequences (see below) will be ignored for subsequent analysis
Alignment was printed to data/trees/loci/TEF1.firstpass.uniqueseq.phy

For your convenience alignment with unique sequences printed to data/trees/loci/TEF1.firstpass.uniqueseq.phy


Create initial parsimony tree by phylogenetic likelihood library (PLL)... 1.11 seconds
WARNING: Number of threads seems too high for short alignments. Use -T AUTO to determine best number of threads.
Perform fast likelihood tree search using GTR+I+G model...
Estimate model parameters (epsilon = 5.00)
Perform nearest neighbor interchange...
Optimizing NNI: done in 54.5696 secs using 6369% CPU
Estimate model parameters (epsilon = 1.00)
1. Initial log-likelihood: -73848.07
Optimal log-likelihood: -73847.71
Rate parameters:  A-C: 1.22720  A-G: 8.43143  A-T: 1.27784  C-G: 1.23335  C-T: 8.51812  G-T: 1.00000
Base frequencies:  A: 0.236  C: 0.264  G: 0.255  T: 0.245
Proportion of invariable sites: 0.073
Gamma shape alpha: 0.586
Parameters optimization took 1 rounds (1.767 sec)
Time for fast ML tree search: 68.694 seconds

NOTE: ModelFinder requires 372 MB RAM!
ModelFinder will test up to 968 DNA models (sample size: 542 epsilon: 0.100) ...
 No. Model         -LnL         df  AIC          AICc         BIC
WARNING: Number of threads seems too high for short alignments. Use -T AUTO to determine best number of threads.
  1  JC            90298.426    4251 189098.852   36339602.852 207358.028
WARNING: Number of threads seems too high for short alignments. Use -T AUTO to determine best number of threads.
  2  JC+I          88898.289    4252 186300.578   36353812.578 204564.049
WARNING: Number of threads seems too high for short alignments. Use -T AUTO to determine best number of threads.
  3  JC+G4         80002.646    4252 168509.292   36336021.292 186772.763
WARNING: Number of threads seems too high for short alignments. Use -T AUTO to determine best number of threads.
  4  JC+I+G4       79978.835    4253 168463.669   36352987.669 186731.435
WARNING: Number of threads seems too high for short alignments. Use -T AUTO to determine best number of threads.
  5  JC+R2         80569.247    4253 169644.494   36354168.494 187912.260
WARNING: Number of threads seems too high for short alignments. Use -T AUTO to determine best number of threads.
  6  JC+R3         79885.770    4255 168281.540   36386841.540 186557.897
WARNING: Number of threads seems too high for short alignments. Use -T AUTO to determine best number of threads.
  7  JC+R4         79732.537    4257 167979.075   36420591.075 186264.022
WARNING: Number of threads seems too high for short alignments. Use -T AUTO to determine best number of threads.
  8  JC+R5         79624.018    4259 167766.036   36454446.036 186059.574
WARNING: Number of threads seems too high for short alignments. Use -T AUTO to determine best number of threads.
  9  JC+R6         79592.594    4261 167707.188   36488471.188 186009.317
WARNING: Number of threads seems too high for short alignments. Use -T AUTO to determine best number of threads.
 10  JC+R7         79584.083    4263 167694.165   36522558.165 186004.884
WARNING: Number of threads seems too high for short alignments. Use -T AUTO to determine best number of threads.
 11  JC+R8         79575.136    4265 167680.272   36556660.272 185999.581
WARNING: Number of threads seems too high for short alignments. Use -T AUTO to determine best number of threads.
+R9 reinitialized from +R8 with factor 0.500
 12  JC+R9         79574.868    4267 167683.736   36590795.736 186011.636
WARNING: Number of threads seems too high for short alignments. Use -T AUTO to determine best number of threads.
 14  JC+I+R2       80544.456    4254 169596.912   36371136.912 187868.974
WARNING: Number of threads seems too high for short alignments. Use -T AUTO to determine best number of threads.
 15  JC+I+R3       79881.975    4256 168275.950   36403859.950 186556.602
WARNING: Number of threads seems too high for short alignments. Use -T AUTO to determine best number of threads.
+I+R4 reinitialized from +I+R3 with factor 0.500
+I+R4 reinitialized from +I+R3 with factor 0.250
+I+R4 reinitialized from +I+R3 with factor 0.125
 16  JC+I+R4       79881.133    4258 168278.265   36437922.265 186567.508
 31  JC+R6         79592.594    4261 167707.188   36488471.188 186009.317
 32  JC+R7         79584.083    4263 167694.165   36522558.165 186004.884
 33  JC+R8         79575.136    4265 167680.272   36556660.272 185999.581
WARNING: Number of threads seems too high for short alignments. Use -T AUTO to determine best number of threads.
 53  F81+R6        79592.906    4261 167707.813   36488471.813 186009.941
WARNING: Number of threads seems too high for short alignments. Use -T AUTO to determine best number of threads.
 54  F81+R7        79584.075    4263 167694.150   36522558.150 186004.869
WARNING: Number of threads seems too high for short alignments. Use -T AUTO to determine best number of threads.
 55  F81+R8        79574.938    4265 167679.875   36556659.875 185999.185
WARNING: Number of threads seems too high for short alignments. Use -T AUTO to determine best number of threads.
 75  F81+F+R6      79556.924    4264 167641.848   36539561.848 185956.862
WARNING: Number of threads seems too high for short alignments. Use -T AUTO to determine best number of threads.
 76  F81+F+R7      79548.746    4266 167629.493   36573673.493 185953.097
WARNING: Number of threads seems too high for short alignments. Use -T AUTO to determine best number of threads.
 77  F81+F+R8      79539.435    4268 167614.871   36607798.871 185947.066
WARNING: Number of threads seems too high for short alignments. Use -T AUTO to determine best number of threads.
 97  K2P+R6        73444.507    4262 155413.014   36493225.014 173719.437
WARNING: Number of threads seems too high for short alignments. Use -T AUTO to determine best number of threads.
 98  K2P+R7        73434.173    4264 155396.346   36527316.346 173711.361
WARNING: Number of threads seems too high for short alignments. Use -T AUTO to determine best number of threads.
 99  K2P+R8        73425.528    4266 155383.056   36561427.056 173706.661
119  K2P+R6        73444.507    4262 155413.014   36493225.014 173719.437
120  K2P+R7        73434.173    4264 155396.346   36527316.346 173711.361
121  K2P+R8        73425.528    4266 155383.056   36561427.056 173706.661
WARNING: Number of threads seems too high for short alignments. Use -T AUTO to determine best number of threads.
141  HKY+R6        73444.283    4262 155412.565   36493224.565 173718.989
WARNING: Number of threads seems too high for short alignments. Use -T AUTO to determine best number of threads.
142  HKY+R7        73433.889    4264 155395.778   36527315.778 173710.793
WARNING: Number of threads seems too high for short alignments. Use -T AUTO to determine best number of threads.
143  HKY+R8        73425.221    4266 155382.442   36561426.442 173706.047
WARNING: Number of threads seems too high for short alignments. Use -T AUTO to determine best number of threads.
163  HKY+F+R6      73449.707    4265 155429.414   36544409.414 173748.723
WARNING: Number of threads seems too high for short alignments. Use -T AUTO to determine best number of threads.
164  HKY+F+R7      73440.405    4267 155414.810   36578526.810 173742.710
WARNING: Number of threads seems too high for short alignments. Use -T AUTO to determine best number of threads.
165  HKY+F+R8      73431.849    4269 155401.698   36612661.698 173738.189
WARNING: Number of threads seems too high for short alignments. Use -T AUTO to determine best number of threads.
185  TNe+R6        73410.633    4263 155347.266   36510211.266 173657.985
WARNING: Number of threads seems too high for short alignments. Use -T AUTO to determine best number of threads.
186  TNe+R7        73397.186    4265 155324.372   36544304.372 173643.681
WARNING: Number of threads seems too high for short alignments. Use -T AUTO to determine best number of threads.
187  TNe+R8        73389.597    4267 155313.194   36578425.194 173641.094
207  TNe+R6        73410.633    4263 155347.266   36510211.266 173657.985
208  TNe+R7        73397.186    4265 155324.372   36544304.372 173643.681
209  TNe+R8        73389.597    4267 155313.194   36578425.194 173641.094
WARNING: Number of threads seems too high for short alignments. Use -T AUTO to determine best number of threads.
229  TN+R6         73410.501    4263 155347.002   36510211.002 173657.721
WARNING: Number of threads seems too high for short alignments. Use -T AUTO to determine best number of threads.
230  TN+R7         73397.045    4265 155324.090   36544304.090 173643.399
WARNING: Number of threads seems too high for short alignments. Use -T AUTO to determine best number of threads.
231  TN+R8         73389.547    4267 155313.094   36578425.094 173640.994
WARNING: Number of threads seems too high for short alignments. Use -T AUTO to determine best number of threads.
251  TN+F+R6       73430.115    4266 155392.231   36561436.231 173715.835
WARNING: Number of threads seems too high for short alignments. Use -T AUTO to determine best number of threads.
252  TN+F+R7       73417.298    4268 155370.597   36595554.597 173702.792
WARNING: Number of threads seems too high for short alignments. Use -T AUTO to determine best number of threads.
253  TN+F+R8       73409.806    4270 155359.611   36629699.611 173700.397
WARNING: Number of threads seems too high for short alignments. Use -T AUTO to determine best number of threads.
273  K3P+R6        73438.832    4263 155403.663   36510267.663 173714.382
WARNING: Number of threads seems too high for short alignments. Use -T AUTO to determine best number of threads.
274  K3P+R7        73428.330    4265 155386.660   36544366.660 173705.969
WARNING: Number of threads seems too high for short alignments. Use -T AUTO to determine best number of threads.
275  K3P+R8        73419.766    4267 155373.533   36578485.533 173701.433
295  K3P+R6        73438.832    4263 155403.663   36510267.663 173714.382
296  K3P+R7        73428.330    4265 155386.660   36544366.660 173705.969
297  K3P+R8        73419.766    4267 155373.533   36578485.533 173701.433
WARNING: Number of threads seems too high for short alignments. Use -T AUTO to determine best number of threads.
317  K3Pu+R6       73438.727    4263 155403.455   36510267.455 173714.174
WARNING: Number of threads seems too high for short alignments. Use -T AUTO to determine best number of threads.
318  K3Pu+R7       73428.262    4265 155386.524   36544366.524 173705.833
WARNING: Number of threads seems too high for short alignments. Use -T AUTO to determine best number of threads.
319  K3Pu+R8       73419.694    4267 155373.388   36578485.388 173701.288
WARNING: Number of threads seems too high for short alignments. Use -T AUTO to determine best number of threads.
339  K3Pu+F+R6     73444.777    4266 155421.555   36561465.555 173745.160
WARNING: Number of threads seems too high for short alignments. Use -T AUTO to determine best number of threads.
340  K3Pu+F+R7     73435.768    4268 155407.537   36595591.537 173739.732
WARNING: Number of threads seems too high for short alignments. Use -T AUTO to determine best number of threads.
341  K3Pu+F+R8     73427.405    4270 155394.809   36629734.809 173735.595
WARNING: Number of threads seems too high for short alignments. Use -T AUTO to determine best number of threads.
361  TPM2+R6       73441.848    4263 155409.696   36510273.696 173720.415
WARNING: Number of threads seems too high for short alignments. Use -T AUTO to determine best number of threads.
362  TPM2+R7       73431.675    4265 155393.350   36544373.350 173712.660
WARNING: Number of threads seems too high for short alignments. Use -T AUTO to determine best number of threads.
363  TPM2+R8       73423.015    4267 155380.029   36578492.029 173707.929
383  TPM2+R6       73441.848    4263 155409.696   36510273.696 173720.415
384  TPM2+R7       73431.675    4265 155393.350   36544373.350 173712.660
385  TPM2+R8       73423.015    4267 155380.029   36578492.029 173707.929
WARNING: Number of threads seems too high for short alignments. Use -T AUTO to determine best number of threads.
405  TPM2u+R6      73441.740    4263 155409.481   36510273.481 173720.200
WARNING: Number of threads seems too high for short alignments. Use -T AUTO to determine best number of threads.
406  TPM2u+R7      73431.662    4265 155393.324   36544373.324 173712.634
WARNING: Number of threads seems too high for short alignments. Use -T AUTO to determine best number of threads.
407  TPM2u+R8      73423.007    4267 155380.014   36578492.014 173707.914
WARNING: Number of threads seems too high for short alignments. Use -T AUTO to determine best number of threads.
427  TPM2u+F+R6    73441.257    4266 155414.513   36561458.513 173738.118
WARNING: Number of threads seems too high for short alignments. Use -T AUTO to determine best number of threads.
428  TPM2u+F+R7    73432.835    4268 155401.670   36595585.670 173733.865
WARNING: Number of threads seems too high for short alignments. Use -T AUTO to determine best number of threads.
429  TPM2u+F+R8    73424.293    4270 155388.586   36629728.586 173729.372
WARNING: Number of threads seems too high for short alignments. Use -T AUTO to determine best number of threads.
449  TPM3+R6       73442.157    4263 155410.314   36510274.314 173721.033
WARNING: Number of threads seems too high for short alignments. Use -T AUTO to determine best number of threads.
450  TPM3+R7       73431.498    4265 155392.997   36544372.997 173712.306
WARNING: Number of threads seems too high for short alignments. Use -T AUTO to determine best number of threads.
451  TPM3+R8       73422.879    4267 155379.758   36578491.758 173707.658
471  TPM3+R6       73442.157    4263 155410.314   36510274.314 173721.033
472  TPM3+R7       73431.498    4265 155392.997   36544372.997 173712.306
473  TPM3+R8       73422.879    4267 155379.758   36578491.758 173707.658
WARNING: Number of threads seems too high for short alignments. Use -T AUTO to determine best number of threads.
493  TPM3u+R6      73442.040    4263 155410.080   36510274.080 173720.799
WARNING: Number of threads seems too high for short alignments. Use -T AUTO to determine best number of threads.
494  TPM3u+R7      73431.479    4265 155392.958   36544372.958 173712.267
WARNING: Number of threads seems too high for short alignments. Use -T AUTO to determine best number of threads.
495  TPM3u+R8      73422.873    4267 155379.747   36578491.747 173707.647
WARNING: Number of threads seems too high for short alignments. Use -T AUTO to determine best number of threads.
515  TPM3u+F+R6    73448.695    4266 155429.389   36561473.389 173752.994
WARNING: Number of threads seems too high for short alignments. Use -T AUTO to determine best number of threads.
516  TPM3u+F+R7    73439.644    4268 155415.288   36595599.288 173747.483
WARNING: Number of threads seems too high for short alignments. Use -T AUTO to determine best number of threads.
517  TPM3u+F+R8    73431.211    4270 155402.423   36629742.423 173743.209
WARNING: Number of threads seems too high for short alignments. Use -T AUTO to determine best number of threads.
537  TIMe+R6       73403.829    4264 155335.658   36527255.658 173650.673
WARNING: Number of threads seems too high for short alignments. Use -T AUTO to determine best number of threads.
538  TIMe+R7       73391.579    4266 155315.158   36561359.158 173638.763
WARNING: Number of threads seems too high for short alignments. Use -T AUTO to determine best number of threads.
539  TIMe+R8       73384.425    4268 155304.851   36595488.851 173637.046
559  TIMe+R6       73403.829    4264 155335.658   36527255.658 173650.673
560  TIMe+R7       73391.579    4266 155315.158   36561359.158 173638.763
561  TIMe+R8       73384.425    4268 155304.851   36595488.851 173637.046
WARNING: Number of threads seems too high for short alignments. Use -T AUTO to determine best number of threads.
581  TIM+R6        73403.824    4264 155335.648   36527255.648 173650.662
WARNING: Number of threads seems too high for short alignments. Use -T AUTO to determine best number of threads.
582  TIM+R7        73391.530    4266 155315.060   36561359.060 173638.665
WARNING: Number of threads seems too high for short alignments. Use -T AUTO to determine best number of threads.
583  TIM+R8        73384.393    4268 155304.787   36595488.787 173636.982
WARNING: Number of threads seems too high for short alignments. Use -T AUTO to determine best number of threads.
603  TIM+F+R6      73425.603    4267 155385.207   36578497.207 173713.107
WARNING: Number of threads seems too high for short alignments. Use -T AUTO to determine best number of threads.
604  TIM+F+R7      73412.892    4269 155363.784   36612623.784 173700.274
WARNING: Number of threads seems too high for short alignments. Use -T AUTO to determine best number of threads.
605  TIM+F+R8      73405.680    4271 155353.360   36646777.360 173698.441
WARNING: Number of threads seems too high for short alignments. Use -T AUTO to determine best number of threads.
625  TIM2e+R6      73408.834    4264 155345.668   36527265.668 173660.682
WARNING: Number of threads seems too high for short alignments. Use -T AUTO to determine best number of threads.
626  TIM2e+R7      73393.940    4266 155319.879   36561363.879 173643.484
WARNING: Number of threads seems too high for short alignments. Use -T AUTO to determine best number of threads.
627  TIM2e+R8      73386.627    4268 155309.253   36595493.253 173641.448
647  TIM2e+R6      73408.834    4264 155345.668   36527265.668 173660.682
648  TIM2e+R7      73393.940    4266 155319.879   36561363.879 173643.484
649  TIM2e+R8      73386.627    4268 155309.253   36595493.253 173641.448
WARNING: Number of threads seems too high for short alignments. Use -T AUTO to determine best number of threads.
669  TIM2+R6       73408.758    4264 155345.516   36527265.516 173660.530
WARNING: Number of threads seems too high for short alignments. Use -T AUTO to determine best number of threads.
670  TIM2+R7       73393.891    4266 155319.783   36561363.783 173643.388
WARNING: Number of threads seems too high for short alignments. Use -T AUTO to determine best number of threads.
671  TIM2+R8       73386.406    4268 155308.811   36595492.811 173641.006
WARNING: Number of threads seems too high for short alignments. Use -T AUTO to determine best number of threads.
691  TIM2+F+R6     73421.226    4267 155376.453   36578488.453 173704.353
WARNING: Number of threads seems too high for short alignments. Use -T AUTO to determine best number of threads.
692  TIM2+F+R7     73408.214    4269 155354.429   36612614.429 173690.919
WARNING: Number of threads seems too high for short alignments. Use -T AUTO to determine best number of threads.
693  TIM2+F+R8     73400.385    4271 155342.771   36646766.771 173687.852
WARNING: Number of threads seems too high for short alignments. Use -T AUTO to determine best number of threads.
713  TIM3e+R6      73409.275    4264 155346.550   36527266.550 173661.564
WARNING: Number of threads seems too high for short alignments. Use -T AUTO to determine best number of threads.
714  TIM3e+R7      73394.040    4266 155320.080   36561364.080 173643.685
WARNING: Number of threads seems too high for short alignments. Use -T AUTO to determine best number of threads.
715  TIM3e+R8      73386.502    4268 155309.003   36595493.003 173641.198
735  TIM3e+R6      73409.275    4264 155346.550   36527266.550 173661.564
736  TIM3e+R7      73394.040    4266 155320.080   36561364.080 173643.685
737  TIM3e+R8      73386.502    4268 155309.003   36595493.003 173641.198
WARNING: Number of threads seems too high for short alignments. Use -T AUTO to determine best number of threads.
757  TIM3+R6       73409.172    4264 155346.344   36527266.344 173661.358
WARNING: Number of threads seems too high for short alignments. Use -T AUTO to determine best number of threads.
758  TIM3+R7       73394.037    4266 155320.074   36561364.074 173643.679
WARNING: Number of threads seems too high for short alignments. Use -T AUTO to determine best number of threads.
759  TIM3+R8       73386.501    4268 155309.003   36595493.003 173641.198
WARNING: Number of threads seems too high for short alignments. Use -T AUTO to determine best number of threads.
779  TIM3+F+R6     73429.455    4267 155392.909   36578504.909 173720.809
WARNING: Number of threads seems too high for short alignments. Use -T AUTO to determine best number of threads.
780  TIM3+F+R7     73416.571    4269 155371.143   36612631.143 173707.633
WARNING: Number of threads seems too high for short alignments. Use -T AUTO to determine best number of threads.
781  TIM3+F+R8     73408.156    4271 155358.312   36646782.312 173703.393
WARNING: Number of threads seems too high for short alignments. Use -T AUTO to determine best number of threads.
801  TVMe+R6       73434.353    4265 155398.706   36544378.706 173718.015
WARNING: Number of threads seems too high for short alignments. Use -T AUTO to determine best number of threads.
802  TVMe+R7       73424.200    4267 155382.401   36578494.401 173710.301
WARNING: Number of threads seems too high for short alignments. Use -T AUTO to determine best number of threads.
803  TVMe+R8       73415.548    4269 155369.097   36612629.097 173705.587
823  TVMe+R6       73434.353    4265 155398.706   36544378.706 173718.015
824  TVMe+R7       73424.200    4267 155382.401   36578494.401 173710.301
825  TVMe+R8       73415.548    4269 155369.097   36612629.097 173705.587
WARNING: Number of threads seems too high for short alignments. Use -T AUTO to determine best number of threads.
845  TVM+R6        73434.350    4265 155398.699   36544378.699 173718.009
WARNING: Number of threads seems too high for short alignments. Use -T AUTO to determine best number of threads.
846  TVM+R7        73424.196    4267 155382.392   36578494.392 173710.292
WARNING: Number of threads seems too high for short alignments. Use -T AUTO to determine best number of threads.
847  TVM+R8        73415.548    4269 155369.096   36612629.096 173705.587
WARNING: Number of threads seems too high for short alignments. Use -T AUTO to determine best number of threads.
867  TVM+F+R6      73435.499    4268 155406.997   36595590.997 173739.192
WARNING: Number of threads seems too high for short alignments. Use -T AUTO to determine best number of threads.
868  TVM+F+R7      73427.241    4270 155394.482   36629734.482 173735.268
WARNING: Number of threads seems too high for short alignments. Use -T AUTO to determine best number of threads.
869  TVM+F+R8      73418.709    4272 155381.419   36663893.419 173730.795
WARNING: Number of threads seems too high for short alignments. Use -T AUTO to determine best number of threads.
889  SYM+R6        73398.194    4266 155328.387   36561372.387 173651.992
WARNING: Number of threads seems too high for short alignments. Use -T AUTO to determine best number of threads.
890  SYM+R7        73385.070    4268 155306.140   36595490.140 173638.335
WARNING: Number of threads seems too high for short alignments. Use -T AUTO to determine best number of threads.
891  SYM+R8        73377.373    4270 155294.746   36629634.746 173635.532
911  SYM+R6        73398.194    4266 155328.387   36561372.387 173651.992
912  SYM+R7        73385.070    4268 155306.140   36595490.140 173638.335
913  SYM+R8        73377.373    4270 155294.746   36629634.746 173635.532
WARNING: Number of threads seems too high for short alignments. Use -T AUTO to determine best number of threads.
933  GTR+R6        73398.142    4266 155328.284   36561372.284 173651.889
WARNING: Number of threads seems too high for short alignments. Use -T AUTO to determine best number of threads.
934  GTR+R7        73385.036    4268 155306.072   36595490.072 173638.267
WARNING: Number of threads seems too high for short alignments. Use -T AUTO to determine best number of threads.
935  GTR+R8        73377.327    4270 155294.654   36629634.654 173635.440
WARNING: Number of threads seems too high for short alignments. Use -T AUTO to determine best number of threads.
955  GTR+F+R6      73415.196    4269 155368.392   36612628.392 173704.882
WARNING: Number of threads seems too high for short alignments. Use -T AUTO to determine best number of threads.
956  GTR+F+R7      73401.930    4271 155345.860   36646769.860 173690.941
WARNING: Number of threads seems too high for short alignments. Use -T AUTO to determine best number of threads.
957  GTR+F+R8      73393.309    4273 155332.618   36680936.618 173686.290
Akaike Information Criterion:           GTR+R8
Corrected Akaike Information Criterion: JC+G4
Bayesian Information Criterion:         GTR+R8
Best-fit model: GTR+R8 chosen according to BIC

All model information printed to data/trees/loci/TEF1.firstpass.model.gz
CPU time for ModelFinder: 78173.551 seconds (21h:42m:53s)
Wall-clock time for ModelFinder: 1252.680 seconds (0h:20m:52s)

NOTE: 297 MB RAM (0 GB) is required!
WARNING: Number of threads seems too high for short alignments. Use -T AUTO to determine best number of threads.
Estimate model parameters (epsilon = 0.500)
1. Initial log-likelihood: -73393.309
Optimal log-likelihood: -73393.297
Rate parameters:  A-C: 1.23695  A-G: 7.50363  A-T: 1.36496  C-G: 1.18700  C-T: 9.26669  G-T: 1.00000
Base frequencies:  A: 0.236  C: 0.264  G: 0.255  T: 0.245
Site proportion and rates:  (0.499,0.031) (0.054,0.156) (0.040,0.432) (0.079,1.142) (0.093,1.775) (0.157,2.545) (0.073,3.766) (0.004,7.226)
Parameters optimization took 1 rounds (2.758 sec)
Wrote distance file to... 
Computing ML distances based on estimated model parameters...
Calculating distance matrix: done in 1.47803 secs using 6128% CPU
Computing ML distances took 1.486688 sec (of wall-clock time) 90.630731 sec (of CPU time)
WARNING: Some pairwise ML distances are too long (saturated)
Setting up auxiliary I and S matrices: done in 0.126292 secs using 179% CPU
Constructing RapidNJ tree: done in 0.507032 secs using 195.6% CPU
Computing RapidNJ tree took 0.633484 sec (of wall-clock time) 1.218023 sec (of CPU time)
Log-likelihood of RapidNJ tree: -75805.088
--------------------------------------------------------------------
|             INITIALIZING CANDIDATE TREE SET                      |
--------------------------------------------------------------------

Do NNI search on 2 best initial trees
Optimizing NNI: done in 14.5366 secs using 6334% CPU
Estimate model parameters (epsilon = 0.500)
BETTER TREE FOUND at iteration 1: -73387.031
Optimizing NNI: done in 71.2631 secs using 6338% CPU
Finish initializing candidate tree set (4)
Current best tree score: -73387.031 / CPU time: 90.989
Number of iterations: 2
TREE SEARCH COMPLETED AFTER 2 ITERATIONS / Time: 0h:23m:10s

--------------------------------------------------------------------
|                    FINALIZING TREE SEARCH                        |
--------------------------------------------------------------------
Performs final model parameters optimization
Estimate model parameters (epsilon = 0.050)
1. Initial log-likelihood: -73387.031
Optimal log-likelihood: -73387.029
Rate parameters:  A-C: 1.23712  A-G: 7.50275  A-T: 1.36659  C-G: 1.18500  C-T: 9.26817  G-T: 1.00000
Base frequencies:  A: 0.236  C: 0.264  G: 0.255  T: 0.245
Site proportion and rates:  (0.499,0.031) (0.054,0.155) (0.040,0.434) (0.079,1.148) (0.093,1.774) (0.157,2.541) (0.073,3.774) (0.004,7.310)
Parameters optimization took 1 rounds (3.061 sec)
BEST SCORE FOUND : -73387.029
Total tree length: 56.261

Total number of iterations: 2
CPU time used for tree search: 5746.541 sec (1h:35m:46s)
Wall-clock time used for tree search: 90.995 sec (0h:1m:30s)
Total CPU time used: 86916.690 sec (24h:8m:36s)
Total wall-clock time used: 1393.914 sec (0h:23m:13s)

Analysis results written to: 
  IQ-TREE report:                data/trees/loci/TEF1.firstpass.iqtree
  Maximum-likelihood tree:       data/trees/loci/TEF1.firstpass.treefile
  Likelihood distances:          data/trees/loci/TEF1.firstpass.mldist
  Screen log file:               data/trees/loci/TEF1.firstpass.log

Date and Time: Thu Aug 14 18:05:41 2025
