IQ-TREE version 3.0.1 for Linux x86 64-bit built May  5 2025
Developed by Bui Quang Minh, Thomas Wong, Nhan Ly-Trong, Huaiyan Ren
Contributed by Lam-Tung Nguyen, Dominik Schrempf, Chris Bielow,
Olga Chernomor, Michael Woodhams, Diep Thi Hoang, Heiko Schmidt

Host:    lnx820.umnh.utah.edu (AVX2, FMA3, 865 GB RAM)
Command: /home/bdentinger/iqtree-3.0.1-Linux/bin/iqtree3_intel -s data/packages/ITS/Hourangia/aln.masked.fasta -m MFP -bb 1000 -nt AUTO -pre data/packages/ITS/Hourangia/ref
Seed:    745802 (Using SPRNG - Scalable Parallel Random Number Generator)
Time:    Mon Aug 18 17:49:06 2025
Kernel:  AVX+FMA - auto-detect threads (72 CPU cores detected)

Reading alignment file data/packages/ITS/Hourangia/aln.masked.fasta ... Fasta format detected
Reading fasta file: done in 0.000584409 secs using 78.71% CPU
Alignment most likely contains DNA/RNA sequences
Constructing alignment: done in 0.000961484 secs using 99.22% CPU
Alignment has 42 sequences with 766 columns, 397 distinct patterns
251 parsimony-informative, 118 singleton sites, 397 constant sites
                                             Gap/Ambiguity  Composition  p-value
Analyzing sequences: done in 6.97374e-05 secs using 97.51% CPU
   1  hkas115204|ITS|MZ427218.1                      0.00%    passed     86.70%
   2  hkas115183|ITS|MZ427199.1                      0.00%    passed     88.97%
   3  hkas115175|ITS|MZ427191.1                      0.13%    passed     89.58%
   4  fructification|ITS|OQ743520.1                 12.14%    passed     78.49%
   5  fructification|ITS|OQ555174.1                  0.00%    passed     88.97%
   6  fructification|ITS|OQ555173.1                  9.79%    passed     95.97%
   7  hkas111700|ITS|ON794224.1                      0.91%    passed     99.57%
   8  le315626|ITS|MZ451348.1                       18.15%    passed     92.15%
   9  ny                                             6.79%    passed     28.57%
  10  fhmu846|ITS|MT650111.1                        31.98%    passed      9.71%
  11  fhmu3109|ITS|MT650110.1                       21.54%    passed     74.53%
  12  fhmu3084|ITS|MT650109.1                       24.41%    passed     70.71%
  13  fhmu2981|ITS|MT650108.1                       19.06%    passed     83.51%
  14  fhmu2230|ITS|MT650107.1                        5.87%    passed     98.56%
  15  fhmu2209|ITS|MT650106.1                        0.13%    passed     99.76%
  16  fhmu2197|ITS|MT650105.1                        6.27%    passed     97.88%
  17  fhmu2104|ITS|MT650104.1                        1.83%    passed     98.02%
  18  fhmu1684|ITS|MT650103.1                        4.70%    passed     99.37%
  19  fhmu1428|ITS|MT650102.1                       14.88%    passed     92.63%
  20  520625mf484_11_hgasmf01_9079|ITS|MZ092715.1    0.13%    passed     89.40%
  21  sfc20140823_14|ITS|MN794903.1                  6.40%    passed     70.63%
  22  hkas105274|ITS|MT520084.1                     28.59%    passed     11.39%
  23  mhhnu_30884|ITS|MK253774.1                     0.00%    passed     99.93%
  24  mhhnu_8832|ITS|MK430044.1                     17.62%    passed     79.09%
  25  mg484|ITS|KX911873.1                           4.31%    passed     94.57%
  26  hkas_68284|ITS|KP137002.1                      0.13%    passed     85.64%
  27  hkas_68306|ITS|KP137001.1                      0.13%    passed     84.30%
  28  hkas_53340|ITS|KP137000.1                      0.00%    passed     88.97%
  29  hkas_68318|ITS|KP136999.1                      0.00%    passed     91.56%
  30  hkas_54803|ITS|KP136998.1                      0.13%    passed     86.61%
  31  hkas_54450|ITS|KP136997.1                      0.13%    passed     86.61%
  32  hkas_68342|ITS|KP136996.1                      0.00%    passed     88.97%
  33  hkas_57735|ITS|KP136995.1                      0.00%    passed     89.37%
  34  hkas_61644|ITS|KP136994.1                      0.00%    passed     83.51%
  35  hkas_53383|ITS|KP136993.1                      0.00%    passed     99.89%
  36  hkas_57427|ITS|KP136992.1                      0.00%    passed     99.76%
  37  hkas_53355|ITS|KP136991.1                      0.00%    passed     99.97%
  38  hkas_53413|ITS|KP136990.1                      4.18%    passed     96.35%
  39  hkas_55357|ITS|KP136989.1                      2.09%    passed     97.64%
  40  hkas_53431|ITS|KP136988.1                      0.00%    passed    100.00%
  41  reh8062|ITS|JQ003627.1                         6.79%    passed     28.57%
  42  reh8063|ITS|JQ003626.1                         6.79%    passed     28.57%
****  TOTAL                                          6.10%  0 sequences failed composition chi2 test (p-value<5%; df=3)
NOTE: fructification|ITS|OQ555174.1 is identical to hkas115183|ITS|MZ427199.1 but kept for subsequent analysis
NOTE: reh8062|ITS|JQ003627.1 is identical to ny but kept for subsequent analysis
NOTE: hkas_54450|ITS|KP136997.1 is identical to hkas_54803|ITS|KP136998.1 but kept for subsequent analysis
Checking for duplicate sequences: done in 0.000173924 secs using 98.89% CPU
Identifying sites to remove: done in 0.00052624 secs using 99.76% CPU
NOTE: 2 identical sequences (see below) will be ignored for subsequent analysis
NOTE: hkas_53340|ITS|KP137000.1 (identical to hkas115183|ITS|MZ427199.1) is ignored but added at the end
NOTE: reh8063|ITS|JQ003626.1 (identical to ny) is ignored but added at the end
Alignment was printed to data/packages/ITS/Hourangia/ref.uniqueseq.phy

For your convenience alignment with unique sequences printed to data/packages/ITS/Hourangia/ref.uniqueseq.phy


Create initial parsimony tree by phylogenetic likelihood library (PLL)... 0.002 seconds
Measuring multi-threading efficiency up to 72 CPU cores
Increase to 10 rounds for branch lengths
1949 trees examined
Threads: 1 / Time: 72.021 sec / Speedup: 1.000 / Efficiency: 100% / LogL: -5946
Threads: 2 / Time: 70.931 sec / Speedup: 1.015 / Efficiency: 51% / LogL: -5946
Threads: 3 / Time: 56.400 sec / Speedup: 1.277 / Efficiency: 43% / LogL: -5946
Determining AUTO threadcount: done in 199.353 secs using 186.9% CPU
BEST NUMBER OF THREADS: 1

Perform fast likelihood tree search using GTR+I+G model...
Estimate model parameters (epsilon = 5.000)
Perform nearest neighbor interchange...
Optimizing NNI: done in 0.0665549 secs using 98.36% CPU
Estimate model parameters (epsilon = 1.000)
1. Initial log-likelihood: -3481.706
Optimal log-likelihood: -3481.685
Rate parameters:  A-C: 1.31843  A-G: 5.06276  A-T: 1.89108  C-G: 1.52733  C-T: 5.75808  G-T: 1.00000
Base frequencies:  A: 0.267  C: 0.205  G: 0.241  T: 0.287
Proportion of invariable sites: 0.262
Gamma shape alpha: 1.085
Parameters optimization took 1 rounds (0.017 sec)
Time for fast ML tree search: 0.189 seconds

NOTE: ModelFinder requires 6 MB RAM!
ModelFinder will test up to 968 DNA models (sample size: 766 epsilon: 0.100) ...
 No. Model         -LnL         df  AIC          AICc         BIC
  1  JC            3634.371     77  7422.742     7440.202     7780.113
  2  JC+I          3563.230     78  7282.459     7300.398     7644.471
  3  JC+G4         3566.205     78  7288.410     7306.349     7650.422
  4  JC+I+G4       3564.448     79  7286.895     7305.321     7653.549
  5  JC+R2         3563.879     79  7285.759     7304.184     7652.412
  6  JC+R3         3563.823     81  7289.646     7309.067     7665.582
 14  JC+I+R2       3563.526     80  7287.052     7305.972     7658.347
 15  JC+I+R3       3563.237     82  7290.474     7310.404     7671.051
 24  JC+I          3563.230     78  7282.459     7300.398     7644.471
 25  JC+G4         3566.205     78  7288.410     7306.349     7650.422
 26  JC+I+G4       3564.448     79  7286.895     7305.321     7653.549
 27  JC+R2         3563.879     79  7285.759     7304.184     7652.412
 46  F81+I         3563.237     78  7282.474     7300.413     7644.486
 47  F81+G4        3566.211     78  7288.421     7306.360     7650.434
 48  F81+I+G4      3564.409     79  7286.819     7305.244     7653.472
 49  F81+R2        3563.813     79  7285.626     7304.052     7652.280
 68  F81+F+I       3557.232     81  7276.463     7295.884     7652.399
 69  F81+F+G4      3560.100     81  7282.201     7301.622     7658.137
 70  F81+F+I+G4    3558.228     82  7280.456     7300.385     7661.033
 71  F81+F+R2      3557.714     82  7279.427     7299.357     7660.004
 90  K2P+I         3493.604     79  7145.209     7163.634     7511.862
 91  K2P+G4        3494.639     79  7147.278     7165.703     7513.931
 92  K2P+I+G4      3493.223     80  7146.447     7165.367     7517.741
 93  K2P+R2        3492.711     80  7145.421     7164.341     7516.716
112  K2P+I         3493.604     79  7145.209     7163.634     7511.862
113  K2P+G4        3494.639     79  7147.278     7165.703     7513.931
114  K2P+I+G4      3493.223     80  7146.447     7165.367     7517.741
115  K2P+R2        3492.711     80  7145.421     7164.341     7516.716
134  HKY+I         3493.598     79  7145.196     7163.622     7511.850
135  HKY+G4        3494.634     79  7147.268     7165.693     7513.921
136  HKY+I+G4      3493.193     80  7146.387     7165.307     7517.682
137  HKY+R2        3492.591     80  7145.182     7164.102     7516.477
156  HKY+F+I       3484.863     82  7133.726     7153.655     7514.303
157  HKY+F+G4      3485.679     82  7135.358     7155.288     7515.935
158  HKY+F+I+G4    3484.164     83  7134.329     7154.774     7519.547
159  HKY+F+R2      3483.429     83  7132.857     7153.303     7518.075
178  TNe+I         3493.603     80  7147.206     7166.126     7518.500
179  TNe+G4        3494.595     80  7149.190     7168.110     7520.484
180  TNe+I+G4      3493.109     81  7148.217     7167.638     7524.153
181  TNe+R2        3492.225     81  7146.451     7165.872     7522.386
200  TNe+I         3493.603     80  7147.206     7166.126     7518.500
201  TNe+G4        3494.595     80  7149.190     7168.110     7520.484
202  TNe+I+G4      3493.109     81  7148.217     7167.638     7524.153
203  TNe+R2        3492.225     81  7146.451     7165.872     7522.386
222  TN+I          3493.601     80  7147.201     7166.121     7518.496
223  TN+G4         3494.594     80  7149.188     7168.108     7520.482
224  TN+I+G4       3493.077     81  7148.153     7167.574     7524.089
225  TN+R2         3492.196     81  7146.391     7165.812     7522.327
244  TN+F+I        3484.744     83  7135.489     7155.934     7520.707
245  TN+F+G4       3485.350     83  7136.699     7157.145     7521.918
246  TN+F+I+G4     3483.848     84  7135.696     7156.665     7525.555
247  TN+F+R2       3483.028     84  7134.055     7155.025     7523.915
266  K3P+I         3491.669     80  7143.338     7162.257     7514.632
267  K3P+G4        3492.495     80  7144.989     7163.909     7516.284
268  K3P+I+G4      3491.060     81  7144.121     7163.542     7520.056
269  K3P+R2        3490.476     81  7142.952     7162.373     7518.888
288  K3P+I         3491.669     80  7143.338     7162.257     7514.632
289  K3P+G4        3492.495     80  7144.989     7163.909     7516.284
290  K3P+I+G4      3491.060     81  7144.121     7163.542     7520.056
291  K3P+R2        3490.476     81  7142.952     7162.373     7518.888
310  K3Pu+I        3491.671     80  7143.341     7162.261     7514.636
311  K3Pu+G4       3492.497     80  7144.994     7163.914     7516.288
312  K3Pu+I+G4     3491.036     81  7144.072     7163.493     7520.008
313  K3Pu+R2       3490.417     81  7142.835     7162.256     7518.771
332  K3Pu+F+I      3483.307     83  7132.613     7153.059     7517.831
333  K3Pu+F+G4     3483.911     83  7133.822     7154.267     7519.040
334  K3Pu+F+I+G4   3482.390     84  7132.780     7153.749     7522.639
335  K3Pu+F+R2     3481.826     84  7131.651     7152.621     7521.511
354  TPM2+I        3491.835     80  7143.671     7162.591     7514.966
355  TPM2+G4       3492.512     80  7145.024     7163.944     7516.318
356  TPM2+I+G4     3491.087     81  7144.175     7163.596     7520.111
357  TPM2+R2       3490.568     81  7143.136     7162.557     7519.072
376  TPM2+I        3491.835     80  7143.671     7162.591     7514.966
377  TPM2+G4       3492.512     80  7145.024     7163.944     7516.318
378  TPM2+I+G4     3491.087     81  7144.175     7163.596     7520.111
379  TPM2+R2       3490.568     81  7143.136     7162.557     7519.072
398  TPM2u+I       3491.839     80  7143.678     7162.598     7514.972
399  TPM2u+G4      3492.514     80  7145.027     7163.947     7516.322
400  TPM2u+I+G4    3491.065     81  7144.129     7163.550     7520.065
401  TPM2u+R2      3490.507     81  7143.014     7162.435     7518.949
420  TPM2u+F+I     3483.821     83  7133.641     7154.087     7518.860
421  TPM2u+F+G4    3484.494     83  7134.989     7155.434     7520.207
422  TPM2u+F+I+G4  3482.950     84  7133.901     7154.870     7523.760
423  TPM2u+F+R2    3482.391     84  7132.783     7153.752     7522.642
442  TPM3+I        3492.259     80  7144.518     7163.438     7515.813
443  TPM3+G4       3493.190     80  7146.381     7165.300     7517.675
444  TPM3+I+G4     3491.712     81  7145.424     7164.845     7521.360
445  TPM3+R2       3491.106     81  7144.212     7163.633     7520.147
464  TPM3+I        3492.259     80  7144.518     7163.438     7515.813
465  TPM3+G4       3493.190     80  7146.381     7165.300     7517.675
466  TPM3+I+G4     3491.712     81  7145.424     7164.845     7521.360
467  TPM3+R2       3491.106     81  7144.212     7163.633     7520.147
486  TPM3u+I       3492.262     80  7144.523     7163.443     7515.818
487  TPM3u+G4      3493.193     80  7146.386     7165.305     7517.680
488  TPM3u+I+G4    3491.686     81  7145.373     7164.794     7521.309
489  TPM3u+R2      3491.040     81  7144.079     7163.501     7520.015
508  TPM3u+F+I     3484.794     83  7135.587     7156.033     7520.806
509  TPM3u+F+G4    3485.680     83  7137.359     7157.805     7522.577
510  TPM3u+F+I+G4  3484.081     84  7136.162     7157.132     7526.022
511  TPM3u+F+R2    3483.458     84  7134.916     7155.885     7524.775
530  TIMe+I        3491.685     81  7145.369     7164.790     7521.305
531  TIMe+G4       3492.455     81  7146.910     7166.331     7522.845
532  TIMe+I+G4     3490.960     82  7145.919     7165.849     7526.496
533  TIMe+R2       3490.281     82  7144.563     7164.492     7525.140
552  TIMe+I        3491.685     81  7145.369     7164.790     7521.305
553  TIMe+G4       3492.455     81  7146.910     7166.331     7522.845
554  TIMe+I+G4     3490.960     82  7145.919     7165.849     7526.496
555  TIMe+R2       3490.281     82  7144.563     7164.492     7525.140
574  TIM+I         3491.674     81  7145.348     7164.769     7521.284
575  TIM+G4        3492.455     81  7146.910     7166.331     7522.845
576  TIM+I+G4      3490.928     82  7145.856     7165.786     7526.433
577  TIM+R2        3490.248     82  7144.497     7164.426     7525.073
596  TIM+F+I       3483.189     84  7134.378     7155.347     7524.237
597  TIM+F+G4      3483.567     84  7135.134     7156.103     7524.993
598  TIM+F+I+G4    3482.071     85  7134.143     7155.643     7528.643
599  TIM+F+R2      3481.457     85  7132.913     7154.413     7527.414
618  TIM2e+I       3491.844     81  7145.688     7165.109     7521.624
619  TIM2e+G4      3492.489     81  7146.978     7166.399     7522.914
620  TIM2e+I+G4    3490.950     82  7145.899     7165.829     7526.476
621  TIM2e+R2      3490.355     82  7144.710     7164.640     7525.287
640  TIM2e+I       3491.844     81  7145.688     7165.109     7521.624
641  TIM2e+G4      3492.489     81  7146.978     7166.399     7522.914
642  TIM2e+I+G4    3490.950     82  7145.899     7165.829     7526.476
643  TIM2e+R2      3490.355     82  7144.710     7164.640     7525.287
662  TIM2+I        3491.841     81  7145.682     7165.103     7521.618
663  TIM2+G4       3492.488     81  7146.977     7166.398     7522.912
664  TIM2+I+G4     3490.922     82  7145.844     7165.774     7526.421
665  TIM2+R2       3490.322     82  7144.644     7164.574     7525.221
684  TIM2+F+I      3483.710     84  7135.419     7156.388     7525.278
685  TIM2+F+G4     3484.182     84  7136.364     7157.333     7526.224
686  TIM2+F+I+G4   3482.647     85  7135.294     7156.794     7529.794
687  TIM2+F+R2     3482.048     85  7134.097     7155.597     7528.597
706  TIM3e+I       3492.265     81  7146.529     7165.950     7522.465
707  TIM3e+G4      3493.156     81  7148.313     7167.734     7524.249
708  TIM3e+I+G4    3491.567     82  7147.134     7167.064     7527.711
709  TIM3e+R2      3490.860     82  7145.720     7165.650     7526.297
728  TIM3e+I       3492.265     81  7146.529     7165.950     7522.465
729  TIM3e+G4      3493.156     81  7148.313     7167.734     7524.249
730  TIM3e+I+G4    3491.567     82  7147.134     7167.064     7527.711
731  TIM3e+R2      3490.860     82  7145.720     7165.650     7526.297
750  TIM3+I        3492.265     81  7146.530     7165.951     7522.466
751  TIM3+G4       3493.156     81  7148.313     7167.734     7524.249
752  TIM3+I+G4     3491.534     82  7147.068     7166.998     7527.645
753  TIM3+R2       3490.826     82  7145.653     7165.583     7526.230
772  TIM3+F+I      3484.684     84  7137.368     7158.337     7527.227
773  TIM3+F+G4     3485.356     84  7138.712     7159.681     7528.572
774  TIM3+F+I+G4   3483.823     85  7137.646     7159.146     7532.147
775  TIM3+F+R2     3482.988     85  7135.976     7157.476     7530.477
794  TVMe+I        3489.341     82  7142.682     7162.612     7523.259
795  TVMe+G4       3489.650     82  7143.300     7163.230     7523.877
796  TVMe+I+G4     3488.240     83  7142.480     7162.926     7527.698
797  TVMe+R2       3487.647     83  7141.295     7161.741     7526.513
816  TVMe+I        3489.341     82  7142.682     7162.612     7523.259
817  TVMe+G4       3489.650     82  7143.300     7163.230     7523.877
818  TVMe+I+G4     3488.240     83  7142.480     7162.926     7527.698
819  TVMe+R2       3487.647     83  7141.295     7161.741     7526.513
838  TVM+I         3489.336     82  7142.672     7162.602     7523.249
839  TVM+G4        3489.649     82  7143.298     7163.227     7523.875
840  TVM+I+G4      3488.215     83  7142.429     7162.875     7527.647
841  TVM+R2        3487.635     83  7141.269     7161.715     7526.487
860  TVM+F+I       3482.697     85  7135.394     7156.894     7529.894
861  TVM+F+G4      3483.137     85  7136.273     7157.773     7530.774
862  TVM+F+I+G4    3481.614     86  7135.228     7157.266     7534.370
863  TVM+F+R2      3481.115     86  7134.230     7156.268     7533.371
882  SYM+I         3489.336     83  7144.673     7165.118     7529.891
883  SYM+G4        3489.618     83  7145.237     7165.683     7530.455
884  SYM+I+G4      3488.178     84  7144.357     7165.326     7534.216
885  SYM+R2        3487.601     84  7143.201     7164.171     7533.061
904  SYM+I         3489.336     83  7144.673     7165.118     7529.891
905  SYM+G4        3489.618     83  7145.237     7165.683     7530.455
906  SYM+I+G4      3488.178     84  7144.357     7165.326     7534.216
907  SYM+R2        3487.601     84  7143.201     7164.171     7533.061
926  GTR+I         3489.336     83  7144.673     7165.118     7529.891
927  GTR+G4        3489.619     83  7145.237     7165.683     7530.456
928  GTR+I+G4      3488.155     84  7144.311     7165.280     7534.170
929  GTR+R2        3487.592     84  7143.185     7164.154     7533.044
948  GTR+F+I       3482.578     86  7137.157     7159.195     7536.298
949  GTR+F+G4      3482.812     86  7137.625     7159.663     7536.766
950  GTR+F+I+G4    3481.311     87  7136.622     7159.206     7540.405
951  GTR+F+R2      3480.772     87  7135.545     7158.129     7539.327
Akaike Information Criterion:           K3Pu+F+R2
Corrected Akaike Information Criterion: K3Pu+F+R2
Bayesian Information Criterion:         HKY+I
Best-fit model: HKY+I chosen according to BIC

All model information printed to data/packages/ITS/Hourangia/ref.model.gz
CPU time for ModelFinder: 377.405 seconds (0h:6m:17s)
Wall-clock time for ModelFinder: 204.289 seconds (0h:3m:24s)
Generating 1000 samples for ultrafast bootstrap (seed: 745802)...

NOTE: 2 MB RAM (0 GB) is required!
Estimate model parameters (epsilon = 0.100)
1. Initial log-likelihood: -3485.651
2. Current log-likelihood: -3484.905
Optimal log-likelihood: -3484.874
Rate parameters:  A-C: 1.00000  A-G: 3.56874  A-T: 1.00000  C-G: 1.00000  C-T: 3.56874  G-T: 1.00000
Base frequencies:  A: 0.267  C: 0.205  G: 0.241  T: 0.287
Proportion of invariable sites: 0.434
Parameters optimization took 2 rounds (0.012 sec)
Wrote distance file to... 
Computing ML distances based on estimated model parameters...
Calculating distance matrix: done in 0.00302422 secs using 99.46% CPU
Computing ML distances took 0.003143 sec (of wall-clock time) 0.003130 sec (of CPU time)
Setting up auxiliary I and S matrices: done in 0.000179848 secs using 506% CPU
Constructing RapidNJ tree: done in 0.000678184 secs using 98.06% CPU
Computing RapidNJ tree took 0.000993 sec (of wall-clock time) 0.001705 sec (of CPU time)
Log-likelihood of RapidNJ tree: -3512.216
--------------------------------------------------------------------
|             INITIALIZING CANDIDATE TREE SET                      |
--------------------------------------------------------------------
Generating 98 parsimony trees... 0.189 second
Computing log-likelihood of 98 initial trees ... 0.207 seconds
Current best score: -3484.874

Do NNI search on 20 best initial trees
Optimizing NNI: done in 0.0401031 secs using 94.8% CPU
Estimate model parameters (epsilon = 0.100)
BETTER TREE FOUND at iteration 1: -3484.590
Optimizing NNI: done in 0.0543058 secs using 98.04% CPU
Estimate model parameters (epsilon = 0.100)
BETTER TREE FOUND at iteration 2: -3484.301
Optimizing NNI: done in 0.0681299 secs using 96.91% CPU
BETTER TREE FOUND at iteration 3: -3484.300
Optimizing NNI: done in 0.0723553 secs using 99.84% CPU
Optimizing NNI: done in 0.0789475 secs using 98.6% CPU
BETTER TREE FOUND at iteration 5: -3484.300
Optimizing NNI: done in 0.0636338 secs using 95.13% CPU
Optimizing NNI: done in 0.0746137 secs using 98.36% CPU
Optimizing NNI: done in 0.0647254 secs using 98.33% CPU
Optimizing NNI: done in 0.0633745 secs using 96.7% CPU
Optimizing NNI: done in 0.0740024 secs using 98.5% CPU
Iteration 10 / LogL: -3484.397 / Time: 0h:3m:25s
Optimizing NNI: done in 0.0386144 secs using 92.01% CPU
Optimizing NNI: done in 0.0675986 secs using 99.83% CPU
Optimizing NNI: done in 0.0789443 secs using 97.33% CPU
Optimizing NNI: done in 0.0747087 secs using 93.17% CPU
Optimizing NNI: done in 0.0660174 secs using 99.87% CPU
Optimizing NNI: done in 0.0718909 secs using 92.92% CPU
Optimizing NNI: done in 0.0729867 secs using 98.27% CPU
Optimizing NNI: done in 0.0668589 secs using 96.88% CPU
Optimizing NNI: done in 0.0751326 secs using 98.53% CPU
Optimizing NNI: done in 0.0670147 secs using 96.89% CPU
Iteration 20 / LogL: -3484.398 / Time: 0h:3m:26s
Finish initializing candidate tree set (20)
Current best tree score: -3484.300 / CPU time: 1.763
Number of iterations: 20
--------------------------------------------------------------------
|               OPTIMIZING CANDIDATE TREE SET                      |
--------------------------------------------------------------------
Optimizing NNI: done in 0.11487 secs using 99% CPU
Optimizing NNI: done in 0.0794592 secs using 96.1% CPU
Optimizing NNI: done in 0.0765158 secs using 99.86% CPU
Optimizing NNI: done in 0.0576371 secs using 99.82% CPU
Optimizing NNI: done in 0.0688612 secs using 95.52% CPU
Optimizing NNI: done in 0.0249083 secs using 91.81% CPU
Optimizing NNI: done in 0.0679214 secs using 91.03% CPU
Optimizing NNI: done in 0.0470204 secs using 99.85% CPU
Optimizing NNI: done in 0.0658079 secs using 96.83% CPU
Optimizing NNI: done in 0.0748384 secs using 94.52% CPU
Iteration 30 / LogL: -3484.301 / Time: 0h:3m:26s (0h:0m:6s left)
Optimizing NNI: done in 0.049587 secs using 97.84% CPU
Optimizing NNI: done in 0.0895697 secs using 96.48% CPU
Optimizing NNI: done in 0.0714485 secs using 99.87% CPU
Optimizing NNI: done in 0.0978826 secs using 96.8% CPU
Optimizing NNI: done in 0.0653738 secs using 99.86% CPU
Optimizing NNI: done in 0.0744358 secs using 97.17% CPU
BETTER TREE FOUND at iteration 36: -3484.299
Optimizing NNI: done in 0.0751495 secs using 94.54% CPU
BETTER TREE FOUND at iteration 37: -3484.297
Optimizing NNI: done in 0.0664961 secs using 99.84% CPU
Optimizing NNI: done in 0.082063 secs using 95% CPU
Estimate model parameters (epsilon = 0.100)
BETTER TREE FOUND at iteration 39: -3484.236
Optimizing NNI: done in 0.0690149 secs using 99.86% CPU
Iteration 40 / LogL: -3484.337 / Time: 0h:3m:27s (0h:0m:8s left)
Optimizing NNI: done in 0.0825336 secs using 97.43% CPU
Optimizing NNI: done in 0.0590183 secs using 98.13% CPU
BETTER TREE FOUND at iteration 42: -3484.233
Optimizing NNI: done in 0.0696173 secs using 95.54% CPU
Optimizing NNI: done in 0.0756033 secs using 95.9% CPU
Optimizing NNI: done in 0.0820958 secs using 98.64% CPU
Optimizing NNI: done in 0.0836205 secs using 96.28% CPU
Optimizing NNI: done in 0.0712744 secs using 97.07% CPU
Optimizing NNI: done in 0.0677252 secs using 95.44% CPU
Optimizing NNI: done in 0.0780743 secs using 93.46% CPU
BETTER TREE FOUND at iteration 49: -3484.233
Optimizing NNI: done in 0.049103 secs using 97.84% CPU
Iteration 50 / LogL: -3484.571 / Time: 0h:3m:28s (0h:0m:8s left)
Log-likelihood cutoff on original alignment: -3506.056
Optimizing NNI: done in 0.0727972 secs using 97.11% CPU
Optimizing NNI: done in 0.0705898 secs using 99.85% CPU
Optimizing NNI: done in 0.0728164 secs using 97.13% CPU
Optimizing NNI: done in 0.0620852 secs using 95.03% CPU
Optimizing NNI: done in 0.0715281 secs using 95.63% CPU
Optimizing NNI: done in 0.0661606 secs using 98.32% CPU
Optimizing NNI: done in 0.0786942 secs using 98.6% CPU
Optimizing NNI: done in 0.103097 secs using 97.93% CPU
Optimizing NNI: done in 0.0716422 secs using 94.28% CPU
Optimizing NNI: done in 0.0339732 secs using 99.86% CPU
Iteration 60 / LogL: -3486.004 / Time: 0h:3m:29s (0h:0m:7s left)
Optimizing NNI: done in 0.0608504 secs using 88.34% CPU
Optimizing NNI: done in 0.0731934 secs using 99.86% CPU
Optimizing NNI: done in 0.0714412 secs using 98.44% CPU
Optimizing NNI: done in 0.104267 secs using 97.96% CPU
Optimizing NNI: done in 0.0705156 secs using 94.18% CPU
Optimizing NNI: done in 0.0589085 secs using 98.18% CPU
Optimizing NNI: done in 0.0591869 secs using 94.82% CPU
Optimizing NNI: done in 0.0702446 secs using 97.02% CPU
Optimizing NNI: done in 0.0679715 secs using 91.02% CPU
Optimizing NNI: done in 0.0948672 secs using 96.69% CPU
BETTER TREE FOUND at iteration 70: -3484.229
Iteration 70 / LogL: -3484.229 / Time: 0h:3m:30s (0h:0m:8s left)
Optimizing NNI: done in 0.0667385 secs using 96.86% CPU
Optimizing NNI: done in 0.0678899 secs using 93.99% CPU
Optimizing NNI: done in 0.0728128 secs using 95.73% CPU
Optimizing NNI: done in 0.0882407 secs using 97.6% CPU
Optimizing NNI: done in 0.0995558 secs using 93.84% CPU
Optimizing NNI: done in 0.0659915 secs using 95.33% CPU
Optimizing NNI: done in 0.060486 secs using 94.88% CPU
Optimizing NNI: done in 0.0819688 secs using 97.44% CPU
Optimizing NNI: done in 0.0758356 secs using 94.59% CPU
Optimizing NNI: done in 0.0968507 secs using 93.68% CPU
Iteration 80 / LogL: -3484.407 / Time: 0h:3m:30s (0h:0m:7s left)
Optimizing NNI: done in 0.080871 secs using 96.15% CPU
Optimizing NNI: done in 0.0566076 secs using 94.58% CPU
Optimizing NNI: done in 0.0562062 secs using 98.09% CPU
Optimizing NNI: done in 0.0752648 secs using 94.56% CPU
Optimizing NNI: done in 0.0623953 secs using 98.23% CPU
Optimizing NNI: done in 0.0706088 secs using 98.41% CPU
Optimizing NNI: done in 0.0739645 secs using 94.47% CPU
Optimizing NNI: done in 0.0418426 secs using 95.09% CPU
Optimizing NNI: done in 0.0695613 secs using 99.86% CPU
Optimizing NNI: done in 0.0854027 secs using 96.36% CPU
Iteration 90 / LogL: -3486.009 / Time: 0h:3m:31s (0h:0m:6s left)
Optimizing NNI: done in 0.0751446 secs using 95.87% CPU
Optimizing NNI: done in 0.07816 secs using 97.28% CPU
Optimizing NNI: done in 0.0807325 secs using 96.16% CPU
Optimizing NNI: done in 0.0767618 secs using 95.96% CPU
Optimizing NNI: done in 0.0855269 secs using 97.52% CPU
Optimizing NNI: done in 0.0894689 secs using 97.59% CPU
Optimizing NNI: done in 0.0700178 secs using 97% CPU
Optimizing NNI: done in 0.0858243 secs using 98.69% CPU
Optimizing NNI: done in 0.0711568 secs using 99.86% CPU
Optimizing NNI: done in 0.0787607 secs using 96.04% CPU
Iteration 100 / LogL: -3485.875 / Time: 0h:3m:32s (0h:0m:5s left)
Log-likelihood cutoff on original alignment: -3506.950
NOTE: Bootstrap correlation coefficient of split occurrence frequencies: 0.989
NOTE: UFBoot does not converge, continue at least 100 more iterations
Optimizing NNI: done in 0.0756376 secs using 97.22% CPU
Optimizing NNI: done in 0.0444066 secs using 95.36% CPU
Optimizing NNI: done in 0.0448857 secs using 88.73% CPU
Optimizing NNI: done in 0.074022 secs using 93.1% CPU
Optimizing NNI: done in 0.0484585 secs using 97.8% CPU
Optimizing NNI: done in 0.0711889 secs using 95.64% CPU
Optimizing NNI: done in 0.0833127 secs using 96.22% CPU
Optimizing NNI: done in 0.0739794 secs using 95.79% CPU
Optimizing NNI: done in 0.0617644 secs using 98.24% CPU
Optimizing NNI: done in 0.0726105 secs using 94.37% CPU
Iteration 110 / LogL: -3484.233 / Time: 0h:3m:33s (0h:0m:7s left)
Optimizing NNI: done in 0.057788 secs using 96.4% CPU
Optimizing NNI: done in 0.0615261 secs using 91.74% CPU
Optimizing NNI: done in 0.0684401 secs using 95.48% CPU
BETTER TREE FOUND at iteration 113: -3484.229
Optimizing NNI: done in 0.0675111 secs using 96.9% CPU
Optimizing NNI: done in 0.0510313 secs using 97.91% CPU
Optimizing NNI: done in 0.0916796 secs using 98.74% CPU
Optimizing NNI: done in 0.0836078 secs using 97.46% CPU
Optimizing NNI: done in 0.0486087 secs using 93.72% CPU
Optimizing NNI: done in 0.0706558 secs using 98.42% CPU
Optimizing NNI: done in 0.0842108 secs using 95.13% CPU
Iteration 120 / LogL: -3484.237 / Time: 0h:3m:34s (0h:0m:7s left)
Optimizing NNI: done in 0.0363635 secs using 97.12% CPU
Optimizing NNI: done in 0.0558507 secs using 94.45% CPU
Optimizing NNI: done in 0.0746268 secs using 98.53% CPU
Optimizing NNI: done in 0.071071 secs using 94.22% CPU
Optimizing NNI: done in 0.0765321 secs using 98.57% CPU
Optimizing NNI: done in 0.0603443 secs using 98.19% CPU
Optimizing NNI: done in 0.0815782 secs using 96.18% CPU
Optimizing NNI: done in 0.0439072 secs using 95.29% CPU
Optimizing NNI: done in 0.0632383 secs using 96.7% CPU
Optimizing NNI: done in 0.0770154 secs using 94.68% CPU
Iteration 130 / LogL: -3484.333 / Time: 0h:3m:34s (0h:0m:6s left)
Optimizing NNI: done in 0.0862267 secs using 98.69% CPU
Optimizing NNI: done in 0.0693294 secs using 96.96% CPU
Optimizing NNI: done in 0.0517391 secs using 97.95% CPU
Optimizing NNI: done in 0.0821637 secs using 96.21% CPU
Optimizing NNI: done in 0.0513401 secs using 97.86% CPU
Optimizing NNI: done in 0.0881388 secs using 98.69% CPU
Optimizing NNI: done in 0.118481 secs using 96.49% CPU
Optimizing NNI: done in 0.0573377 secs using 98.12% CPU
Optimizing NNI: done in 0.082737 secs using 93.83% CPU
Optimizing NNI: done in 0.0686458 secs using 96.96% CPU
Iteration 140 / LogL: -3484.408 / Time: 0h:3m:35s (0h:0m:5s left)
Optimizing NNI: done in 0.0587929 secs using 94.77% CPU
Optimizing NNI: done in 0.0806002 secs using 96.12% CPU
Optimizing NNI: done in 0.106858 secs using 98.93% CPU
Optimizing NNI: done in 0.0784175 secs using 96.02% CPU
Optimizing NNI: done in 0.110314 secs using 96.25% CPU
Optimizing NNI: done in 0.0502974 secs using 97.87% CPU
Optimizing NNI: done in 0.061811 secs using 98.24% CPU
Optimizing NNI: done in 0.0914648 secs using 94.39% CPU
Optimizing NNI: done in 0.0831054 secs using 98.66% CPU
Optimizing NNI: done in 0.0544628 secs using 98% CPU
Iteration 150 / LogL: -3484.307 / Time: 0h:3m:36s (0h:0m:5s left)
Log-likelihood cutoff on original alignment: -3506.950
Optimizing NNI: done in 0.0301163 secs using 93.22% CPU
Optimizing NNI: done in 0.072711 secs using 97.11% CPU
Optimizing NNI: done in 0.09143 secs using 95.5% CPU
Optimizing NNI: done in 0.0597905 secs using 94.84% CPU
Optimizing NNI: done in 0.0404266 secs using 99.83% CPU
Optimizing NNI: done in 0.0619122 secs using 99.86% CPU
Optimizing NNI: done in 0.0589157 secs using 99.86% CPU
Optimizing NNI: done in 0.0775517 secs using 93.42% CPU
Optimizing NNI: done in 0.0707478 secs using 97.05% CPU
Optimizing NNI: done in 0.0628089 secs using 98.28% CPU
Iteration 160 / LogL: -3484.234 / Time: 0h:3m:37s (0h:0m:4s left)
Optimizing NNI: done in 0.0577562 secs using 96.36% CPU
Optimizing NNI: done in 0.0567116 secs using 92.82% CPU
Optimizing NNI: done in 0.0700614 secs using 96.96% CPU
Optimizing NNI: done in 0.0526754 secs using 97.95% CPU
Optimizing NNI: done in 0.0666156 secs using 95.36% CPU
Optimizing NNI: done in 0.0679383 secs using 98.4% CPU
Optimizing NNI: done in 0.0794087 secs using 94.84% CPU
Optimizing NNI: done in 0.0671954 secs using 96.87% CPU
Optimizing NNI: done in 0.0776702 secs using 98.57% CPU
Optimizing NNI: done in 0.0678191 secs using 95.41% CPU
Iteration 170 / LogL: -3484.233 / Time: 0h:3m:38s (0h:0m:3s left)
Optimizing NNI: done in 0.0552619 secs using 99.85% CPU
Optimizing NNI: done in 0.0534126 secs using 94.21% CPU
Optimizing NNI: done in 0.0774376 secs using 94.69% CPU
Optimizing NNI: done in 0.0868036 secs using 98.69% CPU
Optimizing NNI: done in 0.0587603 secs using 98.17% CPU
Optimizing NNI: done in 0.05008 secs using 99.86% CPU
Optimizing NNI: done in 0.0776213 secs using 99.87% CPU
Optimizing NNI: done in 0.0596025 secs using 94.81% CPU
Optimizing NNI: done in 0.0572385 secs using 94.64% CPU
Optimizing NNI: done in 0.0692707 secs using 95.54% CPU
Iteration 180 / LogL: -3484.235 / Time: 0h:3m:38s (0h:0m:2s left)
Optimizing NNI: done in 0.054798 secs using 92.55% CPU
Optimizing NNI: done in 0.0868764 secs using 95.28% CPU
Optimizing NNI: done in 0.0738513 secs using 97.16% CPU
Optimizing NNI: done in 0.0654561 secs using 95.29% CPU
Optimizing NNI: done in 0.0625584 secs using 98.25% CPU
Optimizing NNI: done in 0.0733901 secs using 95.79% CPU
Optimizing NNI: done in 0.0944661 secs using 95.65% CPU
Optimizing NNI: done in 0.0698429 secs using 94.13% CPU
Optimizing NNI: done in 0.0720127 secs using 90.17% CPU
Optimizing NNI: done in 0.0784783 secs using 98.6% CPU
Iteration 190 / LogL: -3485.966 / Time: 0h:3m:39s (0h:0m:1s left)
Optimizing NNI: done in 0.0781892 secs using 96.03% CPU
Optimizing NNI: done in 0.0746886 secs using 98.5% CPU
Optimizing NNI: done in 0.0352606 secs using 99.86% CPU
Optimizing NNI: done in 0.0335671 secs using 93.92% CPU
Optimizing NNI: done in 0.0540299 secs using 92.47% CPU
Optimizing NNI: done in 0.0990123 secs using 97.83% CPU
Optimizing NNI: done in 0.0733068 secs using 98.46% CPU
Optimizing NNI: done in 0.0753154 secs using 95.88% CPU
Optimizing NNI: done in 0.0781131 secs using 99.88% CPU
Optimizing NNI: done in 0.0704557 secs using 98.45% CPU
Iteration 200 / LogL: -3484.328 / Time: 0h:3m:40s (0h:0m:1s left)
Log-likelihood cutoff on original alignment: -3506.957
NOTE: Bootstrap correlation coefficient of split occurrence frequencies: 0.990
NOTE: UFBoot does not converge, continue at least 100 more iterations
Optimizing NNI: done in 0.0765701 secs using 93.28% CPU
Optimizing NNI: done in 0.0724279 secs using 98.49% CPU
Optimizing NNI: done in 0.0943787 secs using 97.76% CPU
Optimizing NNI: done in 0.0835361 secs using 97.46% CPU
Optimizing NNI: done in 0.0825414 secs using 93.79% CPU
Optimizing NNI: done in 0.0723273 secs using 95.75% CPU
Optimizing NNI: done in 0.0585158 secs using 96.44% CPU
Optimizing NNI: done in 0.0652737 secs using 92.21% CPU
Optimizing NNI: done in 0.0713146 secs using 97.05% CPU
Optimizing NNI: done in 0.0677569 secs using 96.91% CPU
Iteration 210 / LogL: -3498.674 / Time: 0h:3m:41s (0h:0m:7s left)
Optimizing NNI: done in 0.0517642 secs using 99.82% CPU
Optimizing NNI: done in 0.0617267 secs using 95.02% CPU
Optimizing NNI: done in 0.0819752 secs using 96.2% CPU
Optimizing NNI: done in 0.0616785 secs using 95.01% CPU
Optimizing NNI: done in 0.0716707 secs using 95.68% CPU
Optimizing NNI: done in 0.0631285 secs using 96.7% CPU
Optimizing NNI: done in 0.0656335 secs using 96.82% CPU
Optimizing NNI: done in 0.0881974 secs using 97.59% CPU
Optimizing NNI: done in 0.08034 secs using 96.09% CPU
Optimizing NNI: done in 0.0722762 secs using 95.72% CPU
Iteration 220 / LogL: -3484.333 / Time: 0h:3m:42s (0h:0m:6s left)
Optimizing NNI: done in 0.0419001 secs using 99.86% CPU
Optimizing NNI: done in 0.0802842 secs using 98.62% CPU
Optimizing NNI: done in 0.0801407 secs using 96.12% CPU
Optimizing NNI: done in 0.0728984 secs using 99.84% CPU
Optimizing NNI: done in 0.0659669 secs using 95.31% CPU
Optimizing NNI: done in 0.0749706 secs using 97.19% CPU
Optimizing NNI: done in 0.0844262 secs using 97.51% CPU
Optimizing NNI: done in 0.0914746 secs using 98.77% CPU
Optimizing NNI: done in 0.0696817 secs using 94.12% CPU
Optimizing NNI: done in 0.0951757 secs using 96.71% CPU
Iteration 230 / LogL: -3484.329 / Time: 0h:3m:42s (0h:0m:5s left)
Optimizing NNI: done in 0.0895016 secs using 96.48% CPU
Optimizing NNI: done in 0.0681331 secs using 99.86% CPU
Optimizing NNI: done in 0.0694263 secs using 98.44% CPU
Optimizing NNI: done in 0.0539458 secs using 94.34% CPU
Optimizing NNI: done in 0.0336427 secs using 87.97% CPU
Optimizing NNI: done in 0.0612506 secs using 96.6% CPU
Optimizing NNI: done in 0.0609832 secs using 98.22% CPU
BETTER TREE FOUND at iteration 237: -3484.229
Optimizing NNI: done in 0.0825977 secs using 97.4% CPU
Optimizing NNI: done in 0.0324936 secs using 99.85% CPU
Optimizing NNI: done in 0.0716997 secs using 97.09% CPU
Iteration 240 / LogL: -3486.012 / Time: 0h:3m:43s (0h:0m:7s left)
Optimizing NNI: done in 0.0727344 secs using 95.72% CPU
Optimizing NNI: done in 0.056814 secs using 94.55% CPU
Optimizing NNI: done in 0.0541738 secs using 96.12% CPU
Optimizing NNI: done in 0.0446619 secs using 95.39% CPU
Optimizing NNI: done in 0.0643488 secs using 93.66% CPU
Optimizing NNI: done in 0.072914 secs using 95.7% CPU
Optimizing NNI: done in 0.0750241 secs using 97.18% CPU
Optimizing NNI: done in 0.0784225 secs using 94.79% CPU
Optimizing NNI: done in 0.0667619 secs using 98.38% CPU
Optimizing NNI: done in 0.0659571 secs using 96.81% CPU
Iteration 250 / LogL: -3490.752 / Time: 0h:3m:44s (0h:0m:7s left)
Log-likelihood cutoff on original alignment: -3506.957
Optimizing NNI: done in 0.0657775 secs using 93.8% CPU
Optimizing NNI: done in 0.076113 secs using 94.63% CPU
Optimizing NNI: done in 0.0474819 secs using 99.84% CPU
Optimizing NNI: done in 0.0614599 secs using 96.61% CPU
Optimizing NNI: done in 0.0480979 secs using 93.57% CPU
Optimizing NNI: done in 0.0890691 secs using 98.73% CPU
Optimizing NNI: done in 0.0358843 secs using 97.11% CPU
Optimizing NNI: done in 0.0529995 secs using 97.96% CPU
Optimizing NNI: done in 0.0793319 secs using 97.34% CPU
Optimizing NNI: done in 0.0759325 secs using 95.91% CPU
Iteration 260 / LogL: -3484.230 / Time: 0h:3m:45s (0h:0m:6s left)
Optimizing NNI: done in 0.0678272 secs using 99.86% CPU
Optimizing NNI: done in 0.090456 secs using 96.56% CPU
Optimizing NNI: done in 0.079503 secs using 97.34% CPU
Optimizing NNI: done in 0.0817209 secs using 97.43% CPU
Optimizing NNI: done in 0.049973 secs using 87.88% CPU
Optimizing NNI: done in 0.0547966 secs using 96.21% CPU
Optimizing NNI: done in 0.0745027 secs using 97.16% CPU
Optimizing NNI: done in 0.0805511 secs using 99.87% CPU
Optimizing NNI: done in 0.0637012 secs using 98.3% CPU
Optimizing NNI: done in 0.0376058 secs using 97.14% CPU
Iteration 270 / LogL: -3484.230 / Time: 0h:3m:46s (0h:0m:5s left)
Optimizing NNI: done in 0.0664462 secs using 95.36% CPU
Optimizing NNI: done in 0.0603867 secs using 93.24% CPU
Optimizing NNI: done in 0.0764164 secs using 98.57% CPU
Optimizing NNI: done in 0.081654 secs using 98.62% CPU
Optimizing NNI: done in 0.103247 secs using 97.94% CPU
Optimizing NNI: done in 0.0893182 secs using 99.86% CPU
Optimizing NNI: done in 0.0804527 secs using 97.39% CPU
Optimizing NNI: done in 0.0144203 secs using 99.84% CPU
Optimizing NNI: done in 0.0763241 secs using 95.94% CPU
Optimizing NNI: done in 0.0775027 secs using 97.25% CPU
Iteration 280 / LogL: -3484.237 / Time: 0h:3m:46s (0h:0m:4s left)
Optimizing NNI: done in 0.0779509 secs using 98.55% CPU
Optimizing NNI: done in 0.0345189 secs using 96.93% CPU
Optimizing NNI: done in 0.0475694 secs using 95.68% CPU
Optimizing NNI: done in 0.0689193 secs using 96.97% CPU
Optimizing NNI: done in 0.083769 secs using 98.68% CPU
Optimizing NNI: done in 0.0882538 secs using 97.6% CPU
Optimizing NNI: done in 0.0525487 secs using 96.08% CPU
Optimizing NNI: done in 0.0769895 secs using 97.27% CPU
Optimizing NNI: done in 0.052899 secs using 94.22% CPU
Optimizing NNI: done in 0.080223 secs using 96.12% CPU
Iteration 290 / LogL: -3484.232 / Time: 0h:3m:47s (0h:0m:3s left)
Optimizing NNI: done in 0.0822245 secs using 95.01% CPU
Optimizing NNI: done in 0.0726424 secs using 97.1% CPU
Optimizing NNI: done in 0.064811 secs using 98.29% CPU
Optimizing NNI: done in 0.0984412 secs using 97.82% CPU
Optimizing NNI: done in 0.0700605 secs using 98.44% CPU
Optimizing NNI: done in 0.0867308 secs using 97.56% CPU
Optimizing NNI: done in 0.0859402 secs using 99.86% CPU
Optimizing NNI: done in 0.0444649 secs using 90.89% CPU
Optimizing NNI: done in 0.055307 secs using 96.25% CPU
Optimizing NNI: done in 0.0606364 secs using 99.85% CPU
Iteration 300 / LogL: -3484.232 / Time: 0h:3m:48s (0h:0m:3s left)
Log-likelihood cutoff on original alignment: -3507.219
NOTE: Bootstrap correlation coefficient of split occurrence frequencies: 0.995
Optimizing NNI: done in 0.0665369 secs using 99.84% CPU
Optimizing NNI: done in 0.0839082 secs using 96.28% CPU
Optimizing NNI: done in 0.0971995 secs using 97.76% CPU
Optimizing NNI: done in 0.0727709 secs using 97.09% CPU
Optimizing NNI: done in 0.0682059 secs using 98.38% CPU
Optimizing NNI: done in 0.107251 secs using 98.91% CPU
Optimizing NNI: done in 0.0781746 secs using 97.3% CPU
Optimizing NNI: done in 0.0540294 secs using 97.97% CPU
Optimizing NNI: done in 0.095568 secs using 98.8% CPU
Optimizing NNI: done in 0.067747 secs using 99.82% CPU
Iteration 310 / LogL: -3484.400 / Time: 0h:3m:49s (0h:0m:7s left)
Optimizing NNI: done in 0.0578557 secs using 96.41% CPU
Optimizing NNI: done in 0.0813878 secs using 94.96% CPU
Optimizing NNI: done in 0.0403911 secs using 94.91% CPU
Optimizing NNI: done in 0.0859377 secs using 97.53% CPU
Optimizing NNI: done in 0.0783244 secs using 98.59% CPU
Optimizing NNI: done in 0.0917646 secs using 98.77% CPU
Optimizing NNI: done in 0.0594592 secs using 96.51% CPU
Optimizing NNI: done in 0.0688495 secs using 95.5% CPU
Optimizing NNI: done in 0.0680708 secs using 98.38% CPU
Optimizing NNI: done in 0.0482879 secs using 95.71% CPU
Iteration 320 / LogL: -3484.328 / Time: 0h:3m:50s (0h:0m:6s left)
Optimizing NNI: done in 0.0747948 secs using 98.53% CPU
Optimizing NNI: done in 0.0681735 secs using 99.83% CPU
Optimizing NNI: done in 0.0645292 secs using 95.22% CPU
Optimizing NNI: done in 0.0590308 secs using 98.16% CPU
Optimizing NNI: done in 0.0621696 secs using 93.44% CPU
Optimizing NNI: done in 0.0614181 secs using 94.93% CPU
Optimizing NNI: done in 0.0774951 secs using 97.29% CPU
Optimizing NNI: done in 0.0744223 secs using 94.51% CPU
Optimizing NNI: done in 0.0923416 secs using 92.28% CPU
Optimizing NNI: done in 0.0680841 secs using 98.36% CPU
Iteration 330 / LogL: -3484.302 / Time: 0h:3m:51s (0h:0m:5s left)
Optimizing NNI: done in 0.0511452 secs using 95.94% CPU
Optimizing NNI: done in 0.0752017 secs using 97.18% CPU
Optimizing NNI: done in 0.0891068 secs using 95.37% CPU
Optimizing NNI: done in 0.039123 secs using 99.85% CPU
Optimizing NNI: done in 0.0776495 secs using 99.87% CPU
Optimizing NNI: done in 0.0798517 secs using 96.11% CPU
BETTER TREE FOUND at iteration 336: -3484.228
Optimizing NNI: done in 0.0664212 secs using 96.86% CPU
Optimizing NNI: done in 0.0763227 secs using 95.94% CPU
Optimizing NNI: done in 0.0822888 secs using 97.42% CPU
Optimizing NNI: done in 0.0694043 secs using 99.84% CPU
Iteration 340 / LogL: -3490.202 / Time: 0h:3m:52s (0h:0m:7s left)
Optimizing NNI: done in 0.0836257 secs using 95.09% CPU
Optimizing NNI: done in 0.0827925 secs using 93.8% CPU
Optimizing NNI: done in 0.0739381 secs using 97.17% CPU
Optimizing NNI: done in 0.0745945 secs using 98.51% CPU
Optimizing NNI: done in 0.0609251 secs using 99.87% CPU
Optimizing NNI: done in 0.0674824 secs using 99.85% CPU
Optimizing NNI: done in 0.0610514 secs using 99.82% CPU
Optimizing NNI: done in 0.0763094 secs using 95.95% CPU
Optimizing NNI: done in 0.0474883 secs using 95.68% CPU
Optimizing NNI: done in 0.0739673 secs using 95.78% CPU
Iteration 350 / LogL: -3484.230 / Time: 0h:3m:53s (0h:0m:7s left)
Log-likelihood cutoff on original alignment: -3507.219
Optimizing NNI: done in 0.0928421 secs using 99.86% CPU
Optimizing NNI: done in 0.0795085 secs using 94.85% CPU
Optimizing NNI: done in 0.070097 secs using 95.59% CPU
Optimizing NNI: done in 0.081799 secs using 96.16% CPU
Optimizing NNI: done in 0.056117 secs using 98.07% CPU
Optimizing NNI: done in 0.0532413 secs using 97.95% CPU
Optimizing NNI: done in 0.0640901 secs using 98.26% CPU
Optimizing NNI: done in 0.107083 secs using 97.99% CPU
Optimizing NNI: done in 0.0594031 secs using 94.82% CPU
Optimizing NNI: done in 0.0729805 secs using 97.1% CPU
Iteration 360 / LogL: -3484.233 / Time: 0h:3m:54s (0h:0m:6s left)
Optimizing NNI: done in 0.0349148 secs using 91.17% CPU
Optimizing NNI: done in 0.0625502 secs using 95.07% CPU
Optimizing NNI: done in 0.0647157 secs using 96.76% CPU
Optimizing NNI: done in 0.0559936 secs using 98.09% CPU
Optimizing NNI: done in 0.0738184 secs using 93.07% CPU
Optimizing NNI: done in 0.0886622 secs using 97.59% CPU
Optimizing NNI: done in 0.0566298 secs using 99.81% CPU
Optimizing NNI: done in 0.08669 secs using 95.25% CPU
Optimizing NNI: done in 0.0739938 secs using 94.46% CPU
Optimizing NNI: done in 0.115271 secs using 97.26% CPU
Iteration 370 / LogL: -3484.233 / Time: 0h:3m:54s (0h:0m:5s left)
Optimizing NNI: done in 0.097361 secs using 95.75% CPU
Optimizing NNI: done in 0.0713109 secs using 98.46% CPU
Optimizing NNI: done in 0.130567 secs using 96.79% CPU
Optimizing NNI: done in 0.0650823 secs using 98.32% CPU
Optimizing NNI: done in 0.0778896 secs using 96.02% CPU
Optimizing NNI: done in 0.0496083 secs using 95.79% CPU
Optimizing NNI: done in 0.0924935 secs using 97.69% CPU
Optimizing NNI: done in 0.0995595 secs using 94.8% CPU
Optimizing NNI: done in 0.0765183 secs using 97.25% CPU
Optimizing NNI: done in 0.0741247 secs using 97.16% CPU
Iteration 380 / LogL: -3484.235 / Time: 0h:3m:55s (0h:0m:4s left)
Optimizing NNI: done in 0.0715167 secs using 98.44% CPU
Optimizing NNI: done in 0.0629681 secs using 99.83% CPU
Optimizing NNI: done in 0.04639 secs using 95.52% CPU
Optimizing NNI: done in 0.0695698 secs using 98.42% CPU
Optimizing NNI: done in 0.0745579 secs using 95.84% CPU
Optimizing NNI: done in 0.0621586 secs using 98.25% CPU
Optimizing NNI: done in 0.0776908 secs using 98.56% CPU
Optimizing NNI: done in 0.112096 secs using 96.27% CPU
Optimizing NNI: done in 0.0923714 secs using 96.61% CPU
Optimizing NNI: done in 0.0876081 secs using 95.29% CPU
Iteration 390 / LogL: -3484.234 / Time: 0h:3m:56s (0h:0m:3s left)
Optimizing NNI: done in 0.092156 secs using 98.75% CPU
Optimizing NNI: done in 0.0719372 secs using 97.07% CPU
Optimizing NNI: done in 0.0920332 secs using 98.75% CPU
Optimizing NNI: done in 0.0768012 secs using 93.37% CPU
Optimizing NNI: done in 0.0855202 secs using 96.35% CPU
Optimizing NNI: done in 0.0674109 secs using 96.86% CPU
Optimizing NNI: done in 0.0825504 secs using 97.4% CPU
Optimizing NNI: done in 0.0648338 secs using 99.85% CPU
Optimizing NNI: done in 0.0589325 secs using 94.78% CPU
Optimizing NNI: done in 0.075063 secs using 99.84% CPU
Iteration 400 / LogL: -3484.400 / Time: 0h:3m:57s (0h:0m:3s left)
Log-likelihood cutoff on original alignment: -3507.239
NOTE: Bootstrap correlation coefficient of split occurrence frequencies: 0.996
Optimizing NNI: done in 0.0882073 secs using 97.58% CPU
Optimizing NNI: done in 0.124645 secs using 96.66% CPU
Optimizing NNI: done in 0.0775721 secs using 97.28% CPU
Optimizing NNI: done in 0.0868277 secs using 98.68% CPU
Optimizing NNI: done in 0.0938246 secs using 94.54% CPU
Optimizing NNI: done in 0.0472786 secs using 99.84% CPU
Optimizing NNI: done in 0.0602428 secs using 98.19% CPU
Optimizing NNI: done in 0.0694234 secs using 94.07% CPU
Optimizing NNI: done in 0.103138 secs using 96% CPU
Optimizing NNI: done in 0.0932695 secs using 96.64% CPU
Iteration 410 / LogL: -3486.007 / Time: 0h:3m:58s (0h:0m:7s left)
Optimizing NNI: done in 0.104003 secs using 96.95% CPU
Optimizing NNI: done in 0.0614567 secs using 96.59% CPU
Optimizing NNI: done in 0.0525803 secs using 99.85% CPU
Optimizing NNI: done in 0.0599671 secs using 91.54% CPU
Optimizing NNI: done in 0.0752746 secs using 99.87% CPU
Optimizing NNI: done in 0.0862544 secs using 98.7% CPU
Optimizing NNI: done in 0.078117 secs using 99.83% CPU
Optimizing NNI: done in 0.0685388 secs using 94.04% CPU
Optimizing NNI: done in 0.072414 secs using 98.47% CPU
Optimizing NNI: done in 0.0649119 secs using 95.2% CPU
Iteration 420 / LogL: -3484.618 / Time: 0h:3m:59s (0h:0m:6s left)
Optimizing NNI: done in 0.0544275 secs using 96.18% CPU
Optimizing NNI: done in 0.0807351 secs using 97.4% CPU
Optimizing NNI: done in 0.0843303 secs using 97.49% CPU
Optimizing NNI: done in 0.0559194 secs using 96.26% CPU
Optimizing NNI: done in 0.094968 secs using 97.74% CPU
Optimizing NNI: done in 0.085583 secs using 97.53% CPU
Optimizing NNI: done in 0.0680525 secs using 95.4% CPU
Optimizing NNI: done in 0.0561513 secs using 98.08% CPU
Optimizing NNI: done in 0.0393391 secs using 89.69% CPU
Optimizing NNI: done in 0.105534 secs using 97.95% CPU
Iteration 430 / LogL: -3484.234 / Time: 0h:4m:0s (0h:0m:5s left)
Optimizing NNI: done in 0.100939 secs using 95.91% CPU
Optimizing NNI: done in 0.0838356 secs using 96.24% CPU
Optimizing NNI: done in 0.0797565 secs using 93.58% CPU
Optimizing NNI: done in 0.0628839 secs using 98.27% CPU
Optimizing NNI: done in 0.0618678 secs using 96.63% CPU
Optimizing NNI: done in 0.0451887 secs using 99.85% CPU
Optimizing NNI: done in 0.0602239 secs using 98.16% CPU
TREE SEARCH COMPLETED AFTER 437 ITERATIONS / Time: 0h:4m:1s

--------------------------------------------------------------------
|                    FINALIZING TREE SEARCH                        |
--------------------------------------------------------------------
Performs final model parameters optimization
Estimate model parameters (epsilon = 0.010)
1. Initial log-likelihood: -3484.228
Optimal log-likelihood: -3484.228
Rate parameters:  A-C: 1.00000  A-G: 3.53152  A-T: 1.00000  C-G: 1.00000  C-T: 3.53152  G-T: 1.00000
Base frequencies:  A: 0.267  C: 0.205  G: 0.241  T: 0.287
Proportion of invariable sites: 0.435
Parameters optimization took 1 rounds (0.005 sec)
BEST SCORE FOUND : -3484.228
Creating bootstrap support values...
Split supports printed to NEXUS file data/packages/ITS/Hourangia/ref.splits.nex
Total tree length: 1.483

Total number of iterations: 437
CPU time used for tree search: 35.847 sec (0h:0m:35s)
Wall-clock time used for tree search: 36.946 sec (0h:0m:36s)
Total CPU time used: 413.421 sec (0h:6m:53s)
Total wall-clock time used: 241.410 sec (0h:4m:1s)

Computing bootstrap consensus tree...
Reading input file data/packages/ITS/Hourangia/ref.splits.nex...
40 taxa and 687 splits.
Consensus tree written to data/packages/ITS/Hourangia/ref.contree
Reading input trees file data/packages/ITS/Hourangia/ref.contree
Log-likelihood of consensus tree: -3484.697

Analysis results written to: 
  IQ-TREE report:                data/packages/ITS/Hourangia/ref.iqtree
  Maximum-likelihood tree:       data/packages/ITS/Hourangia/ref.treefile
  Likelihood distances:          data/packages/ITS/Hourangia/ref.mldist

Ultrafast bootstrap approximation results written to:
  Split support values:          data/packages/ITS/Hourangia/ref.splits.nex
  Consensus tree:                data/packages/ITS/Hourangia/ref.contree
  Screen log file:               data/packages/ITS/Hourangia/ref.log

Date and Time: Mon Aug 18 17:53:08 2025
