IQ-TREE version 3.0.1 for Linux x86 64-bit built May  5 2025
Developed by Bui Quang Minh, Thomas Wong, Nhan Ly-Trong, Huaiyan Ren
Contributed by Lam-Tung Nguyen, Dominik Schrempf, Chris Bielow,
Olga Chernomor, Michael Woodhams, Diep Thi Hoang, Heiko Schmidt

Host:    lnx820.umnh.utah.edu (AVX2, FMA3, 865 GB RAM)
Command: /home/bdentinger/iqtree-3.0.1-Linux/bin/iqtree3_intel -s data/packages/ITS/Indoporus/aln.masked.fasta -m MFP -bb 1000 -nt AUTO -pre data/packages/ITS/Indoporus/ref
Seed:    19789 (Using SPRNG - Scalable Parallel Random Number Generator)
Time:    Mon Aug 18 17:48:49 2025
Kernel:  AVX+FMA - auto-detect threads (72 CPU cores detected)

Reading alignment file data/packages/ITS/Indoporus/aln.masked.fasta ... Fasta format detected
Reading fasta file: done in 9.97428e-05 secs using 36.09% CPU
Alignment most likely contains DNA/RNA sequences
Constructing alignment: done in 0.000742516 secs using 16.57% CPU
Alignment has 4 sequences with 579 columns, 18 distinct patterns
0 parsimony-informative, 6 singleton sites, 573 constant sites
                        Gap/Ambiguity  Composition  p-value
Analyzing sequences: done in 1.11628e-05 secs
   1  shind_4|ITS|PP990409.1    4.15%    passed     98.90%
   2  cal                       0.00%    passed     99.90%
   3  ap_6697|ITS|MK123977.1    1.21%    passed    100.00%
   4  ap_6693|ITS|MK123972.1    0.00%    passed     99.90%
****  TOTAL                     1.34%  0 sequences failed composition chi2 test (p-value<5%; df=3)
NOTE: ap_6693|ITS|MK123972.1 is identical to cal but kept for subsequent analysis
Checking for duplicate sequences: done in 5.11482e-05 secs


Create initial parsimony tree by phylogenetic likelihood library (PLL)... 0.000 seconds
Measuring multi-threading efficiency up to 72 CPU cores
Increase to 10 rounds for branch lengths
518979 trees examined
Threads: 1 / Time: 72.000 sec / Speedup: 1.000 / Efficiency: 100% / LogL: -840
Threads: 2 / Time: 69.414 sec / Speedup: 1.037 / Efficiency: 52% / LogL: -840
WARNING: 3 threads for alignment length 18 will slow down analysis
Threads: 3 / Time: 65.127 sec / Speedup: 1.106 / Efficiency: 37% / LogL: -840
Determining AUTO threadcount: done in 206.542 secs using 153.4% CPU
BEST NUMBER OF THREADS: 1

Perform fast likelihood tree search using GTR+I+G model...
Estimate model parameters (epsilon = 5.000)

WARNING: Estimated model parameters are at boundary that can cause numerical instability!

Perform nearest neighbor interchange...
Optimizing NNI: done in 0.000108069 secs using 93.46% CPU
Estimate model parameters (epsilon = 1.000)
1. Initial log-likelihood: -836.613
Optimal log-likelihood: -836.466
Rate parameters:  A-C: 31.53424  A-G: 100.00000  A-T: 0.00010  C-G: 29.97624  C-T: 27.48174  G-T: 1.00000
Warning! Some parameters hit the boundaries
Base frequencies:  A: 0.231  C: 0.235  G: 0.243  T: 0.291
Proportion of invariable sites: 0.495
Gamma shape alpha: 998.447
Parameters optimization took 1 rounds (0.001 sec)

WARNING: Estimated model parameters are at boundary that can cause numerical instability!

Time for fast ML tree search: 0.020 seconds

NOTE: ModelFinder requires 0 MB RAM!
ModelFinder will test up to 968 DNA models (sample size: 579 epsilon: 0.100) ...
 No. Model         -LnL         df  AIC          AICc         BIC
  1  JC            842.396      5   1694.793     1694.897     1716.599
  2  JC+I          842.396      6   1696.793     1696.940     1722.961
  3  JC+G4         842.396      6   1696.793     1696.940     1722.961
  4  JC+I+G4       842.396      7   1698.793     1698.989     1729.322
  5  JC+R2         842.396      7   1698.793     1698.989     1729.322
  6  JC+R3         842.396      9   1702.793     1703.109     1742.044
 14  JC+I+R2       842.396      8   1700.793     1701.045     1735.683
 15  JC+I+R3       842.396      10  1704.793     1705.180     1748.406
 23  JC            842.396      5   1694.793     1694.897     1716.599
 24  JC+I          842.396      6   1696.793     1696.940     1722.961
 25  JC+G4         842.396      6   1696.793     1696.940     1722.961
 45  F81           842.396      5   1694.793     1694.897     1716.599
 46  F81+I         842.396      6   1696.793     1696.940     1722.961
 47  F81+G4        842.396      6   1696.793     1696.940     1722.961
 67  F81+F         840.196      8   1696.391     1696.644     1731.282
 68  F81+F+I       840.196      9   1698.391     1698.708     1737.643
 69  F81+F+G4      840.196      9   1698.391     1698.708     1737.643
 89  K2P           841.012      6   1694.025     1694.171     1720.192
 90  K2P+I         841.012      7   1696.024     1696.220     1726.553
 91  K2P+G4        841.012      7   1696.024     1696.220     1726.553
111  K2P           841.012      6   1694.025     1694.171     1720.192
112  K2P+I         841.012      7   1696.024     1696.220     1726.553
113  K2P+G4        841.012      7   1696.024     1696.220     1726.553
133  HKY           841.012      6   1694.024     1694.171     1720.192
134  HKY+I         841.012      7   1696.024     1696.220     1726.553
135  HKY+G4        841.012      7   1696.024     1696.220     1726.553
155  HKY+F         838.811      9   1695.622     1695.938     1734.874
156  HKY+F+I       838.810      10  1697.621     1698.008     1741.234
157  HKY+F+G4      838.810      10  1697.621     1698.008     1741.234
177  TNe           840.348      7   1694.697     1694.893     1725.226
178  TNe+I         840.345      8   1696.691     1696.943     1731.581
179  TNe+G4        840.345      8   1696.691     1696.943     1731.581
199  TNe           840.348      7   1694.697     1694.893     1725.226
200  TNe+I         840.345      8   1696.691     1696.943     1731.581
201  TNe+G4        840.345      8   1696.691     1696.943     1731.581
221  TN            840.348      7   1694.696     1694.892     1725.225
222  TN+I          840.345      8   1696.691     1696.943     1731.581
223  TN+G4         840.345      8   1696.691     1696.943     1731.581
243  TN+F          838.035      10  1696.071     1696.458     1739.684
244  TN+F+I        838.035      11  1698.071     1698.536     1746.045
245  TN+F+G4       838.035      11  1698.071     1698.536     1746.045
265  K3P           841.012      7   1696.024     1696.220     1726.553
266  K3P+I         841.012      8   1698.024     1698.277     1732.914
267  K3P+G4        841.012      8   1698.024     1698.277     1732.914
287  K3P           841.012      7   1696.024     1696.220     1726.553
288  K3P+I         841.012      8   1698.024     1698.277     1732.914
289  K3P+G4        841.012      8   1698.024     1698.277     1732.914
309  K3Pu          841.012      7   1696.024     1696.220     1726.553
310  K3Pu+I        841.012      8   1698.024     1698.277     1732.914
311  K3Pu+G4       841.012      8   1698.024     1698.277     1732.914
331  K3Pu+F        838.811      10  1697.621     1698.009     1741.234
332  K3Pu+F+I      838.810      11  1699.621     1700.086     1747.595
333  K3Pu+F+G4     838.810      11  1699.621     1700.086     1747.595
353  TPM2          841.012      7   1696.024     1696.220     1726.553
354  TPM2+I        841.012      8   1698.024     1698.277     1732.915
355  TPM2+G4       841.012      8   1698.024     1698.277     1732.915
375  TPM2          841.012      7   1696.024     1696.220     1726.553
376  TPM2+I        841.012      8   1698.024     1698.277     1732.915
377  TPM2+G4       841.012      8   1698.024     1698.277     1732.915
397  TPM2u         841.012      7   1696.024     1696.220     1726.553
398  TPM2u+I       841.012      8   1698.024     1698.277     1732.914
399  TPM2u+G4      841.012      8   1698.024     1698.277     1732.914
419  TPM2u+F       838.810      10  1697.621     1698.008     1741.234
420  TPM2u+F+I     838.810      11  1699.620     1700.086     1747.595
421  TPM2u+F+G4    838.810      11  1699.620     1700.086     1747.595
441  TPM3          839.548      7   1693.096     1693.292     1723.625
442  TPM3+I        839.548      8   1695.096     1695.349     1729.986
443  TPM3+G4       839.548      8   1695.096     1695.348     1729.986
463  TPM3          839.548      7   1693.096     1693.292     1723.625
464  TPM3+I        839.548      8   1695.096     1695.349     1729.986
465  TPM3+G4       839.548      8   1695.096     1695.348     1729.986
485  TPM3u         839.548      7   1693.096     1693.292     1723.625
486  TPM3u+I       839.548      8   1695.096     1695.348     1729.986
487  TPM3u+G4      839.548      8   1695.096     1695.348     1729.986
507  TPM3u+F       837.242      10  1694.483     1694.871     1738.096
508  TPM3u+F+I     837.242      11  1696.483     1696.949     1744.458
509  TPM3u+F+G4    837.242      11  1696.483     1696.949     1744.458
529  TIMe          840.353      8   1696.705     1696.958     1731.596
530  TIMe+I        840.352      9   1698.704     1699.021     1737.956
531  TIMe+G4       840.347      9   1698.694     1699.010     1737.945
551  TIMe          840.353      8   1696.705     1696.958     1731.596
552  TIMe+I        840.352      9   1698.704     1699.021     1737.956
553  TIMe+G4       840.347      9   1698.694     1699.010     1737.945
573  TIM           840.347      8   1696.694     1696.947     1731.584
574  TIM+I         840.345      9   1698.691     1699.007     1737.942
575  TIM+G4        840.345      9   1698.691     1699.007     1737.942
595  TIM+F         838.035      11  1698.071     1698.536     1746.045
596  TIM+F+I       838.035      12  1700.071     1700.622     1752.406
597  TIM+F+G4      838.035      12  1700.071     1700.622     1752.406
617  TIM2e         840.348      8   1696.696     1696.948     1731.586
618  TIM2e+I       840.346      9   1698.692     1699.009     1737.944
619  TIM2e+G4      840.346      9   1698.692     1699.008     1737.943
639  TIM2e         840.348      8   1696.696     1696.948     1731.586
640  TIM2e+I       840.346      9   1698.692     1699.009     1737.944
641  TIM2e+G4      840.346      9   1698.692     1699.008     1737.943
661  TIM2          840.347      8   1696.694     1696.946     1731.584
662  TIM2+I        840.345      9   1698.690     1699.007     1737.942
663  TIM2+G4       840.345      9   1698.690     1699.007     1737.942
683  TIM2+F        838.035      11  1698.070     1698.536     1746.045
684  TIM2+F+I      838.035      12  1700.070     1700.621     1752.406
685  TIM2+F+G4     838.035      12  1700.070     1700.621     1752.406
705  TIM3e         838.904      8   1693.808     1694.061     1728.699
706  TIM3e+I       838.904      9   1695.808     1696.124     1735.060
707  TIM3e+G4      838.904      9   1695.808     1696.124     1735.060
727  TIM3e         838.904      8   1693.808     1694.061     1728.699
728  TIM3e+I       838.904      9   1695.808     1696.124     1735.060
729  TIM3e+G4      838.904      9   1695.808     1696.124     1735.060
749  TIM3          838.904      8   1693.808     1694.061     1728.699
750  TIM3+I        838.904      9   1695.808     1696.124     1735.060
751  TIM3+G4       838.904      9   1695.808     1696.124     1735.060
771  TIM3+F        836.494      11  1694.988     1695.454     1742.962
772  TIM3+F+I      836.493      12  1696.986     1697.537     1749.321
773  TIM3+F+G4     836.495      12  1696.990     1697.542     1749.326
793  TVMe          839.571      9   1697.143     1697.459     1736.395
794  TVMe+I        839.570      10  1699.141     1699.528     1742.754
795  TVMe+G4       839.569      10  1699.139     1699.526     1742.752
815  TVMe          839.571      9   1697.143     1697.459     1736.395
816  TVMe+I        839.570      10  1699.141     1699.528     1742.754
817  TVMe+G4       839.569      10  1699.139     1699.526     1742.752
837  TVM           839.547      9   1697.095     1697.411     1736.347
838  TVM+I         839.547      10  1699.095     1699.482     1742.708
839  TVM+G4        839.547      10  1699.095     1699.482     1742.708
859  TVM+F         837.241      12  1698.482     1699.034     1750.818
860  TVM+F+I       837.241      13  1700.482     1701.127     1757.179
861  TVM+F+G4      837.241      13  1700.482     1701.127     1757.179
881  SYM           838.903      10  1697.806     1698.193     1741.419
882  SYM+I         838.903      11  1699.806     1700.271     1747.780
883  SYM+G4        838.903      11  1699.806     1700.271     1747.780
903  SYM           838.903      10  1697.806     1698.193     1741.419
904  SYM+I         838.903      11  1699.806     1700.271     1747.780
905  SYM+G4        838.903      11  1699.806     1700.271     1747.780
925  GTR           838.902      10  1697.804     1698.191     1741.417
926  GTR+I         838.902      11  1699.804     1700.269     1747.778
927  GTR+G4        838.902      11  1699.804     1700.269     1747.778
947  GTR+F         836.493      13  1698.985     1699.629     1755.682
948  GTR+F+I       836.492      14  1700.983     1701.728     1762.041
949  GTR+F+G4      836.494      14  1700.988     1701.733     1762.046
Akaike Information Criterion:           TPM3u
Corrected Akaike Information Criterion: TPM3u
Bayesian Information Criterion:         F81
Best-fit model: F81 chosen according to BIC

All model information printed to data/packages/ITS/Indoporus/ref.model.gz
CPU time for ModelFinder: 316.867 seconds (0h:5m:16s)
Wall-clock time for ModelFinder: 206.662 seconds (0h:3m:26s)
Generating 1000 samples for ultrafast bootstrap (seed: 19789)...

NOTE: 0 MB RAM (0 GB) is required!
Estimate model parameters (epsilon = 0.100)
1. Initial log-likelihood: -840.196
Optimal log-likelihood: -840.196
Rate parameters:  A-C: 1.00000  A-G: 1.00000  A-T: 1.00000  C-G: 1.00000  C-T: 1.00000  G-T: 1.00000
Base frequencies:  A: 0.231  C: 0.235  G: 0.243  T: 0.291
Parameters optimization took 1 rounds (0.000 sec)
Wrote distance file to... 
Computing ML distances based on estimated model parameters...
Calculating distance matrix: done in 4.37722e-05 secs using 98.24% CPU
Computing ML distances took 0.000086 sec (of wall-clock time) 0.000090 sec (of CPU time)
Setting up auxiliary I and S matrices: done in 3.48631e-05 secs using 88.92% CPU
Constructing RapidNJ tree: done in 3.27397e-05 secs using 88.58% CPU
Computing RapidNJ tree took 0.000152 sec (of wall-clock time) 0.000144 sec (of CPU time)
Log-likelihood of RapidNJ tree: -840.199
--------------------------------------------------------------------
|             INITIALIZING CANDIDATE TREE SET                      |
--------------------------------------------------------------------
Generating 98 parsimony trees... 0.007 second
Computing log-likelihood of 1 initial trees ... 0.000 seconds
Current best score: -840.196

Do NNI search on 3 best initial trees
Optimizing NNI: done in 0.000166694 secs using 94.18% CPU
UPDATE BEST LOG-LIKELIHOOD: -840.196
Optimizing NNI: done in 0.000136824 secs using 94.28% CPU
Optimizing NNI: done in 0.00016268 secs using 94.66% CPU
Finish initializing candidate tree set (3)
Current best tree score: -840.196 / CPU time: 0.011
Number of iterations: 3
--------------------------------------------------------------------
|               OPTIMIZING CANDIDATE TREE SET                      |
--------------------------------------------------------------------
Optimizing NNI: done in 0.000168452 secs using 96.17% CPU
Optimizing NNI: done in 0.000166252 secs using 99.25% CPU
Optimizing NNI: done in 0.000161152 secs using 99.28% CPU
Optimizing NNI: done in 0.000160079 secs using 99.33% CPU
Optimizing NNI: done in 0.000158142 secs using 98.65% CPU
Optimizing NNI: done in 0.000132006 secs using 98.48% CPU
Optimizing NNI: done in 0.000156779 secs using 98.87% CPU
Iteration 10 / LogL: -840.199 / Time: 0h:3m:26s
Optimizing NNI: done in 0.000131564 secs using 98.05% CPU
Optimizing NNI: done in 0.000131276 secs using 99.03% CPU
Optimizing NNI: done in 0.000128523 secs using 98.82% CPU
Optimizing NNI: done in 0.000175588 secs using 99.1% CPU
Optimizing NNI: done in 0.000156209 secs using 99.23% CPU
Optimizing NNI: done in 0.000155248 secs using 99.2% CPU
Optimizing NNI: done in 0.000154544 secs using 99% CPU
Optimizing NNI: done in 0.000128871 secs using 99.32% CPU
Optimizing NNI: done in 0.000153931 secs using 98.75% CPU
Optimizing NNI: done in 0.000154061 secs using 98.66% CPU
Iteration 20 / LogL: -840.199 / Time: 0h:3m:26s
Optimizing NNI: done in 0.000160303 secs using 99.19% CPU
Optimizing NNI: done in 0.000153288 secs using 99.16% CPU
Optimizing NNI: done in 0.000130037 secs using 99.2% CPU
Optimizing NNI: done in 0.000153249 secs using 99.18% CPU
Optimizing NNI: done in 0.0001524 secs using 99.08% CPU
Optimizing NNI: done in 0.000153491 secs using 99.03% CPU
Optimizing NNI: done in 0.000125784 secs using 99.38% CPU
Optimizing NNI: done in 0.000152448 secs using 98.39% CPU
Optimizing NNI: done in 0.000127718 secs using 98.65% CPU
Optimizing NNI: done in 0.000153864 secs using 98.79% CPU
Iteration 30 / LogL: -840.199 / Time: 0h:3m:26s (0h:0m:0s left)
Optimizing NNI: done in 0.00016848 secs using 96.75% CPU
Optimizing NNI: done in 0.000156872 secs using 99.44% CPU
Optimizing NNI: done in 0.000153121 secs using 99.27% CPU
Optimizing NNI: done in 0.000151973 secs using 98.7% CPU
Optimizing NNI: done in 0.000151463 secs using 99.03% CPU
Optimizing NNI: done in 0.000150861 secs using 98.77% CPU
Optimizing NNI: done in 0.000151316 secs using 99.13% CPU
Optimizing NNI: done in 0.000150742 secs using 97.52% CPU
Optimizing NNI: done in 0.000127429 secs using 94.17% CPU
Optimizing NNI: done in 0.00015123 secs using 98.53% CPU
Iteration 40 / LogL: -840.196 / Time: 0h:3m:26s (0h:0m:0s left)
Optimizing NNI: done in 0.000150668 secs using 89.6% CPU
Optimizing NNI: done in 0.000126354 secs using 98.93% CPU
Optimizing NNI: done in 0.000150844 secs using 99.44% CPU
Optimizing NNI: done in 0.000141552 secs using 96.08% CPU
Optimizing NNI: done in 0.000151211 secs using 99.2% CPU
Optimizing NNI: done in 0.000150066 secs using 99.29% CPU
Optimizing NNI: done in 0.000125533 secs using 98.78% CPU
Optimizing NNI: done in 0.000129711 secs using 98.68% CPU
Optimizing NNI: done in 0.000152478 secs using 99.03% CPU
Optimizing NNI: done in 0.000151068 secs using 98.63% CPU
Iteration 50 / LogL: -840.196 / Time: 0h:3m:26s (0h:0m:0s left)
Log-likelihood cutoff on original alignment: -840.199
Optimizing NNI: done in 0.000160445 secs using 94.11% CPU
Optimizing NNI: done in 0.000149621 secs using 98.92% CPU
Optimizing NNI: done in 0.000167476 secs using 96.13% CPU
Optimizing NNI: done in 0.000154477 secs using 99.04% CPU
Optimizing NNI: done in 0.000126654 secs using 98.69% CPU
Optimizing NNI: done in 0.000162037 secs using 99.36% CPU
Optimizing NNI: done in 0.000157585 secs using 98.36% CPU
Optimizing NNI: done in 0.000152197 secs using 99.21% CPU
Optimizing NNI: done in 0.000126114 secs using 99.12% CPU
Optimizing NNI: done in 0.000167945 secs using 96.46% CPU
Iteration 60 / LogL: -840.196 / Time: 0h:3m:26s (0h:0m:0s left)
Optimizing NNI: done in 0.000125842 secs using 98.54% CPU
Optimizing NNI: done in 0.000152694 secs using 98.89% CPU
Optimizing NNI: done in 0.000159236 secs using 99.22% CPU
Optimizing NNI: done in 0.000152251 secs using 97.86% CPU
Optimizing NNI: done in 0.000124773 secs using 99.38% CPU
Optimizing NNI: done in 0.000125227 secs using 99.02% CPU
Optimizing NNI: done in 0.000124704 secs using 98.63% CPU
Optimizing NNI: done in 0.000124643 secs using 98.68% CPU
Optimizing NNI: done in 0.000124587 secs using 98.73% CPU
Optimizing NNI: done in 0.000159891 secs using 98.82% CPU
Iteration 70 / LogL: -840.199 / Time: 0h:3m:26s (0h:0m:0s left)
Optimizing NNI: done in 0.00015332 secs using 99.14% CPU
Optimizing NNI: done in 0.00012658 secs using 98.75% CPU
Optimizing NNI: done in 0.000125481 secs using 98.82% CPU
Optimizing NNI: done in 0.000152666 secs using 99.56% CPU
Optimizing NNI: done in 0.000151291 secs using 99.15% CPU
Optimizing NNI: done in 0.000151541 secs using 98.98% CPU
Optimizing NNI: done in 0.000150543 secs using 98.98% CPU
Optimizing NNI: done in 0.000151539 secs using 94.37% CPU
Optimizing NNI: done in 0.000126069 secs using 98.36% CPU
Optimizing NNI: done in 0.000158753 secs using 98.9% CPU
Iteration 80 / LogL: -840.196 / Time: 0h:3m:26s (0h:0m:0s left)
Optimizing NNI: done in 0.000151943 secs using 99.38% CPU
Optimizing NNI: done in 0.000124056 secs using 99.15% CPU
Optimizing NNI: done in 0.00016614 secs using 96.91% CPU
Optimizing NNI: done in 0.000156382 secs using 99.12% CPU
Optimizing NNI: done in 0.000150694 secs using 98.88% CPU
Optimizing NNI: done in 0.000125568 secs using 98.75% CPU
Optimizing NNI: done in 0.000159059 secs using 99.33% CPU
Optimizing NNI: done in 0.000150213 secs using 99.19% CPU
Optimizing NNI: done in 0.000151614 secs using 98.94% CPU
Optimizing NNI: done in 0.000153193 secs using 98.57% CPU
Iteration 90 / LogL: -840.196 / Time: 0h:3m:27s (0h:0m:0s left)
Optimizing NNI: done in 0.000123724 secs using 98.61% CPU
Optimizing NNI: done in 0.000125531 secs using 98.78% CPU
Optimizing NNI: done in 0.000150543 secs using 98.98% CPU
Optimizing NNI: done in 0.000124501 secs using 98.79% CPU
Optimizing NNI: done in 0.000152236 secs using 98.53% CPU
Optimizing NNI: done in 0.000149522 secs using 98.98% CPU
Optimizing NNI: done in 0.000145573 secs using 96.17% CPU
Optimizing NNI: done in 0.000149915 secs using 99.39% CPU
Optimizing NNI: done in 0.000124533 secs using 98.77% CPU
Optimizing NNI: done in 0.000140592 secs using 96.02% CPU
Iteration 100 / LogL: -840.196 / Time: 0h:3m:27s (0h:0m:0s left)
Log-likelihood cutoff on original alignment: -840.199
NOTE: Bootstrap correlation coefficient of split occurrence frequencies: 0.064
NOTE: UFBoot does not converge, continue at least 100 more iterations
Optimizing NNI: done in 0.000156011 secs using 98.71% CPU
Optimizing NNI: done in 0.000125214 secs using 98.23% CPU
Optimizing NNI: done in 0.00012452 secs using 98.78% CPU
Optimizing NNI: done in 0.000149721 secs using 98.85% CPU
Optimizing NNI: done in 0.000159992 secs using 98.75% CPU
Optimizing NNI: done in 0.000148103 secs using 98.58% CPU
Optimizing NNI: done in 0.000155585 secs using 98.98% CPU
Optimizing NNI: done in 0.000149939 secs using 98.71% CPU
Optimizing NNI: done in 0.000150643 secs using 98.91% CPU
Optimizing NNI: done in 0.000148805 secs using 98.79% CPU
Iteration 110 / LogL: -840.196 / Time: 0h:3m:27s (0h:0m:0s left)
Optimizing NNI: done in 0.000122843 secs using 99.31% CPU
Optimizing NNI: done in 0.000149457 secs using 99.03% CPU
Optimizing NNI: done in 0.00012232 secs using 98.92% CPU
Optimizing NNI: done in 0.000130743 secs using 98.67% CPU
Optimizing NNI: done in 0.000149604 secs using 98.93% CPU
Optimizing NNI: done in 0.000123413 secs using 98.85% CPU
Optimizing NNI: done in 0.000164514 secs using 96.65% CPU
Optimizing NNI: done in 0.000123896 secs using 99.28% CPU
Optimizing NNI: done in 0.000149241 secs using 99.17% CPU
Optimizing NNI: done in 0.000149801 secs using 99.47% CPU
Iteration 120 / LogL: -840.196 / Time: 0h:3m:27s (0h:0m:0s left)
Optimizing NNI: done in 0.000148363 secs using 98.41% CPU
Optimizing NNI: done in 0.000148103 secs using 99.26% CPU
Optimizing NNI: done in 0.000150481 secs using 99.02% CPU
Optimizing NNI: done in 0.000169668 secs using 96.66% CPU
Optimizing NNI: done in 0.000122547 secs using 98.74% CPU
Optimizing NNI: done in 0.000149889 secs using 99.41% CPU
Optimizing NNI: done in 0.000122305 secs using 98.93% CPU
Optimizing NNI: done in 0.000149069 secs using 98.61% CPU
Optimizing NNI: done in 0.000122359 secs using 98.89% CPU
Optimizing NNI: done in 0.000122922 secs using 99.25% CPU
Iteration 130 / LogL: -840.199 / Time: 0h:3m:27s (0h:0m:0s left)
Optimizing NNI: done in 0.000150301 secs using 99.13% CPU
Optimizing NNI: done in 0.000147663 secs using 98.87% CPU
Optimizing NNI: done in 0.000123175 secs using 99.05% CPU
Optimizing NNI: done in 0.000129612 secs using 98.76% CPU
Optimizing NNI: done in 0.000150055 secs using 98.63% CPU
Optimizing NNI: done in 0.000149144 secs using 98.56% CPU
Optimizing NNI: done in 0.000148714 secs using 99.52% CPU
Optimizing NNI: done in 0.000123963 secs using 98.42% CPU
Optimizing NNI: done in 0.00014803 secs using 98.63% CPU
Optimizing NNI: done in 0.000147732 secs using 98.83% CPU
Iteration 140 / LogL: -840.196 / Time: 0h:3m:27s (0h:0m:0s left)
Optimizing NNI: done in 0.000169924 secs using 96.51% CPU
Optimizing NNI: done in 0.000150198 secs using 98.54% CPU
Optimizing NNI: done in 0.000123003 secs using 99.18% CPU
Optimizing NNI: done in 0.000122169 secs using 99.04% CPU
Optimizing NNI: done in 0.000122488 secs using 98.79% CPU
Optimizing NNI: done in 0.000124315 secs using 98.94% CPU
Optimizing NNI: done in 0.000122532 secs using 98.75% CPU
Optimizing NNI: done in 0.000154344 secs using 98.48% CPU
Optimizing NNI: done in 0.00014904 secs using 98.63% CPU
Optimizing NNI: done in 0.000125468 secs using 98.03% CPU
Iteration 150 / LogL: -840.199 / Time: 0h:3m:27s (0h:0m:0s left)
Log-likelihood cutoff on original alignment: -840.199
Optimizing NNI: done in 0.000225931 secs using 73.92% CPU
Optimizing NNI: done in 0.000124892 secs using 99.29% CPU
Optimizing NNI: done in 0.000164455 secs using 96.68% CPU
Optimizing NNI: done in 0.000148237 secs using 99.17% CPU
Optimizing NNI: done in 0.000147067 secs using 99.27% CPU
Optimizing NNI: done in 0.000154458 secs using 99.06% CPU
Optimizing NNI: done in 0.000146987 secs using 99.33% CPU
Optimizing NNI: done in 0.000123002 secs using 99.19% CPU
Optimizing NNI: done in 0.000123514 secs using 98.77% CPU
Optimizing NNI: done in 0.000159999 secs using 99.38% CPU
Iteration 160 / LogL: -840.196 / Time: 0h:3m:27s (0h:0m:0s left)
Optimizing NNI: done in 0.000148952 secs using 99.36% CPU
Optimizing NNI: done in 0.000147039 secs using 99.29% CPU
Optimizing NNI: done in 0.000122938 secs using 99.24% CPU
Optimizing NNI: done in 0.000122355 secs using 98.89% CPU
Optimizing NNI: done in 0.000121104 secs using 98.26% CPU
Optimizing NNI: done in 0.000148289 secs using 99.13% CPU
Optimizing NNI: done in 0.000146873 secs using 98.72% CPU
Optimizing NNI: done in 0.000147257 secs using 99.15% CPU
Optimizing NNI: done in 0.000147194 secs using 99.19% CPU
Optimizing NNI: done in 0.000122255 secs using 98.97% CPU
Iteration 170 / LogL: -840.196 / Time: 0h:3m:27s (0h:0m:0s left)
Optimizing NNI: done in 0.000146851 secs using 98.74% CPU
Optimizing NNI: done in 0.000122076 secs using 98.3% CPU
Optimizing NNI: done in 0.000146167 secs using 99.2% CPU
Optimizing NNI: done in 0.000145329 secs
Optimizing NNI: done in 0.000122685 secs using 93.74% CPU
Optimizing NNI: done in 0.000148557 secs using 98.95% CPU
Optimizing NNI: done in 0.000153439 secs using 99.06% CPU
Optimizing NNI: done in 0.000147818 secs using 94.03% CPU
Optimizing NNI: done in 0.000147631 secs using 98.89% CPU
Optimizing NNI: done in 0.000147745 secs using 98.82% CPU
Iteration 180 / LogL: -840.196 / Time: 0h:3m:27s (0h:0m:0s left)
Optimizing NNI: done in 0.000154182 secs using 99.23% CPU
Optimizing NNI: done in 0.000120988 secs using 99.18% CPU
Optimizing NNI: done in 0.000147615 secs using 98.91% CPU
Optimizing NNI: done in 0.000121856 secs using 98.48% CPU
Optimizing NNI: done in 0.000122068 secs using 99.12% CPU
Optimizing NNI: done in 0.000120712 secs using 98.58% CPU
Optimizing NNI: done in 0.000147497 secs using 98.98% CPU
Optimizing NNI: done in 0.000145867 secs using 98.03% CPU
Optimizing NNI: done in 0.000148024 secs using 99.31% CPU
Optimizing NNI: done in 0.000148315 secs using 99.11% CPU
Iteration 190 / LogL: -840.196 / Time: 0h:3m:27s (0h:0m:0s left)
Optimizing NNI: done in 0.000148084 secs using 99.27% CPU
Optimizing NNI: done in 0.000147872 secs using 99.41% CPU
Optimizing NNI: done in 0.000146734 secs using 98.82% CPU
Optimizing NNI: done in 0.000146097 secs using 98.56% CPU
Optimizing NNI: done in 0.000163758 secs
Optimizing NNI: done in 0.000122519 secs using 93.86% CPU
Optimizing NNI: done in 0.00014827 secs using 99.14% CPU
Optimizing NNI: done in 0.000146529 secs using 98.96% CPU
Optimizing NNI: done in 0.000121279 secs using 95.65% CPU
Optimizing NNI: done in 0.000147715 secs using 98.84% CPU
Iteration 200 / LogL: -840.196 / Time: 0h:3m:27s (0h:0m:0s left)
Log-likelihood cutoff on original alignment: -840.199
NOTE: Bootstrap correlation coefficient of split occurrence frequencies: 0.002
NOTE: UFBoot does not converge, continue at least 100 more iterations
Optimizing NNI: done in 0.000170408 secs
Optimizing NNI: done in 0.000147302 secs using 94.36% CPU
Optimizing NNI: done in 0.000120971 secs using 99.2% CPU
Optimizing NNI: done in 0.000147233 secs using 98.48% CPU
Optimizing NNI: done in 0.000160657 secs using 95.86% CPU
Optimizing NNI: done in 0.000148319 secs using 99.11% CPU
Optimizing NNI: done in 0.000147365 secs using 99.07% CPU
Optimizing NNI: done in 0.000147382 secs using 99.06% CPU
Optimizing NNI: done in 0.000121526 secs using 95.45% CPU
Optimizing NNI: done in 0.000146961 secs using 98.67% CPU
Iteration 210 / LogL: -840.196 / Time: 0h:3m:27s (0h:0m:0s left)
Optimizing NNI: done in 0.000121403 secs using 98.84% CPU
Optimizing NNI: done in 0.000163695 secs using 96.52% CPU
Optimizing NNI: done in 0.000147447 secs using 99.02% CPU
Optimizing NNI: done in 0.00012259 secs using 98.7% CPU
Optimizing NNI: done in 0.000146247 secs using 99.15% CPU
Optimizing NNI: done in 0.00017003 secs using 92.34% CPU
Optimizing NNI: done in 0.00014719 secs using 99.19% CPU
Optimizing NNI: done in 0.00014814 secs using 99.23% CPU
Optimizing NNI: done in 0.000121729 secs using 99.4% CPU
Optimizing NNI: done in 0.000146324 secs using 98.41% CPU
Iteration 220 / LogL: -840.196 / Time: 0h:3m:27s (0h:0m:0s left)
Optimizing NNI: done in 0.000121363 secs using 98.88% CPU
Optimizing NNI: done in 0.000147235 secs using 99.16% CPU
Optimizing NNI: done in 0.000161804 secs using 98.88% CPU
Optimizing NNI: done in 0.000122195 secs using 99.02% CPU
Optimizing NNI: done in 0.000147613 secs using 98.91% CPU
Optimizing NNI: done in 0.000147507 secs using 98.98% CPU
Optimizing NNI: done in 0.000151297 secs
Optimizing NNI: done in 0.000121955 secs using 94.3% CPU
Optimizing NNI: done in 0.000121972 secs using 99.2% CPU
Optimizing NNI: done in 0.000152763 secs
Iteration 230 / LogL: -840.196 / Time: 0h:3m:27s (0h:0m:0s left)
Optimizing NNI: done in 0.000147056 secs using 94.52% CPU
Optimizing NNI: done in 0.000121541 secs using 98.73% CPU
Optimizing NNI: done in 0.000122286 secs using 98.95% CPU
Optimizing NNI: done in 0.000146167 secs using 95.1% CPU
Optimizing NNI: done in 0.000146862 secs using 93.97% CPU
Optimizing NNI: done in 0.000122197 secs using 99.02% CPU
Optimizing NNI: done in 0.000135945 secs using 96.36% CPU
Optimizing NNI: done in 0.00012205 secs using 98.32% CPU
Optimizing NNI: done in 0.000122018 secs using 99.17% CPU
Optimizing NNI: done in 0.000121901 secs using 99.26% CPU
Iteration 240 / LogL: -840.199 / Time: 0h:3m:27s (0h:0m:0s left)
Optimizing NNI: done in 0.000148283 secs using 99.13% CPU
Optimizing NNI: done in 0.000145834 secs using 99.43% CPU
Optimizing NNI: done in 0.000145864 secs using 99.41% CPU
Optimizing NNI: done in 0.000126598 secs using 98.74% CPU
Optimizing NNI: done in 0.000146568 secs using 98.93% CPU
Optimizing NNI: done in 0.00014645 secs using 99.01% CPU
Optimizing NNI: done in 0.000121498 secs using 98.77% CPU
Optimizing NNI: done in 0.000153571 secs using 98.98% CPU
Optimizing NNI: done in 0.00012169 secs using 99.43% CPU
Optimizing NNI: done in 0.000147017 secs using 98.63% CPU
Iteration 250 / LogL: -840.199 / Time: 0h:3m:27s (0h:0m:0s left)
Log-likelihood cutoff on original alignment: -840.199
Optimizing NNI: done in 0.000151828 secs using 98.8% CPU
Optimizing NNI: done in 0.000149973 secs using 99.35% CPU
Optimizing NNI: done in 0.000149278 secs using 98.47% CPU
Optimizing NNI: done in 0.000150317 secs using 99.12% CPU
Optimizing NNI: done in 0.000123868 secs using 98.49% CPU
Optimizing NNI: done in 0.000148823 secs using 98.77% CPU
Optimizing NNI: done in 0.000149803 secs using 98.8% CPU
Optimizing NNI: done in 0.000163682 secs using 96.53% CPU
Optimizing NNI: done in 0.000146959 secs using 98.67% CPU
Optimizing NNI: done in 0.000150653 secs using 98.9% CPU
Iteration 260 / LogL: -840.196 / Time: 0h:3m:27s (0h:0m:0s left)
Optimizing NNI: done in 0.000149712 secs using 98.86% CPU
Optimizing NNI: done in 0.00014884 secs using 98.76% CPU
Optimizing NNI: done in 0.000149196 secs using 99.2% CPU
Optimizing NNI: done in 0.000123266 secs using 98.97% CPU
Optimizing NNI: done in 0.000149302 secs using 99.13% CPU
Optimizing NNI: done in 0.000148663 secs using 98.88% CPU
Optimizing NNI: done in 0.000122542 secs using 98.74% CPU
Optimizing NNI: done in 0.000122204 secs using 99.01% CPU
Optimizing NNI: done in 0.000153674 secs using 99.56% CPU
Optimizing NNI: done in 0.000123324 secs using 98.93% CPU
Iteration 270 / LogL: -840.196 / Time: 0h:3m:27s (0h:0m:0s left)
Optimizing NNI: done in 0.000122599 secs using 99.51% CPU
Optimizing NNI: done in 0.000149198 secs using 99.2% CPU
Optimizing NNI: done in 0.000148183 secs using 98.53% CPU
Optimizing NNI: done in 0.000149282 secs using 93.78% CPU
Optimizing NNI: done in 0.000148052 secs using 98.61% CPU
Optimizing NNI: done in 0.000148911 secs using 99.39% CPU
Optimizing NNI: done in 0.000121966 secs using 94.29% CPU
Optimizing NNI: done in 0.000148915 secs using 98.71% CPU
Optimizing NNI: done in 0.000148909 secs using 98.72% CPU
Optimizing NNI: done in 0.000136854 secs using 95.72% CPU
Iteration 280 / LogL: -840.196 / Time: 0h:3m:27s (0h:0m:0s left)
Optimizing NNI: done in 0.000121491 secs using 98.77% CPU
Optimizing NNI: done in 0.000120906 secs using 98.42% CPU
Optimizing NNI: done in 0.000121381 secs using 98.86% CPU
Optimizing NNI: done in 0.000148641 secs using 98.9% CPU
Optimizing NNI: done in 0.000122011 secs using 99.17% CPU
Optimizing NNI: done in 0.000149196 secs using 99.2% CPU
Optimizing NNI: done in 0.000137717 secs using 95.85% CPU
Optimizing NNI: done in 0.000123357 secs using 98.9% CPU
Optimizing NNI: done in 0.000148648 secs using 98.89% CPU
Optimizing NNI: done in 0.00012226 secs using 98.97% CPU
Iteration 290 / LogL: -840.196 / Time: 0h:3m:27s (0h:0m:0s left)
Optimizing NNI: done in 0.000121873 secs using 98.46% CPU
Optimizing NNI: done in 0.00014925 secs using 99.16% CPU
Optimizing NNI: done in 0.000149388 secs using 98.4% CPU
Optimizing NNI: done in 0.000154408 secs using 99.09% CPU
Optimizing NNI: done in 0.000147078 secs using 99.27% CPU
Optimizing NNI: done in 0.000146685 secs using 98.85% CPU
Optimizing NNI: done in 0.000147631 secs using 98.89% CPU
Optimizing NNI: done in 0.000152236 secs using 99.19% CPU
Optimizing NNI: done in 0.000122415 secs using 98.84% CPU
Optimizing NNI: done in 0.000148533 secs using 98.97% CPU
Iteration 300 / LogL: -840.196 / Time: 0h:3m:27s (0h:0m:0s left)
Log-likelihood cutoff on original alignment: -840.199
NOTE: Bootstrap correlation coefficient of split occurrence frequencies: -0.898
NOTE: UFBoot does not converge, continue at least 100 more iterations
Optimizing NNI: done in 0.00015947 secs using 99.08% CPU
Optimizing NNI: done in 0.000150364 secs using 99.09% CPU
Optimizing NNI: done in 0.000149386 secs using 98.4% CPU
Optimizing NNI: done in 0.000149615 secs using 98.92% CPU
Optimizing NNI: done in 0.000163417 secs using 96.07% CPU
Optimizing NNI: done in 0.000123518 secs using 99.58% CPU
Optimizing NNI: done in 0.00014996 secs using 99.36% CPU
Optimizing NNI: done in 0.000149349 secs using 98.43% CPU
Optimizing NNI: done in 0.000150012 secs using 99.33% CPU
Optimizing NNI: done in 0.000149621 secs using 98.92% CPU
Iteration 310 / LogL: -840.196 / Time: 0h:3m:27s (0h:0m:0s left)
Optimizing NNI: done in 0.000149867 secs using 99.42% CPU
Optimizing NNI: done in 0.000123626 secs using 98.69% CPU
Optimizing NNI: done in 0.000150291 secs using 98.48% CPU
Optimizing NNI: done in 0.00015096 secs using 98.7% CPU
Optimizing NNI: done in 0.000122637 secs using 98.67% CPU
Optimizing NNI: done in 0.000161881 secs using 96.37% CPU
Optimizing NNI: done in 0.000121631 secs using 98.66% CPU
Optimizing NNI: done in 0.000150301 secs using 99.13% CPU
Optimizing NNI: done in 0.000149561 secs using 98.96% CPU
Optimizing NNI: done in 0.000164242 secs using 96.2% CPU
Iteration 320 / LogL: -840.196 / Time: 0h:3m:27s (0h:0m:0s left)
Optimizing NNI: done in 0.000148764 secs using 98.81% CPU
Optimizing NNI: done in 0.000122303 secs using 98.93% CPU
Optimizing NNI: done in 0.000123478 secs using 98.8% CPU
Optimizing NNI: done in 0.000149643 secs using 98.23% CPU
Optimizing NNI: done in 0.000149729 secs using 94.17% CPU
Optimizing NNI: done in 0.00012234 secs using 98.9% CPU
Optimizing NNI: done in 0.000149431 secs using 99.04% CPU
Optimizing NNI: done in 0.000148332 secs using 94.38% CPU
Optimizing NNI: done in 0.000122733 secs using 98.59% CPU
Optimizing NNI: done in 0.000148812 secs using 98.78% CPU
Iteration 330 / LogL: -840.199 / Time: 0h:3m:27s (0h:0m:0s left)
Optimizing NNI: done in 0.000149615 secs using 98.92% CPU
Optimizing NNI: done in 0.000123218 secs using 98.2% CPU
Optimizing NNI: done in 0.000123108 secs using 99.1% CPU
Optimizing NNI: done in 0.000123411 secs using 98.86% CPU
Optimizing NNI: done in 0.000165034 secs using 96.34% CPU
Optimizing NNI: done in 0.000122214 secs using 98.19% CPU
Optimizing NNI: done in 0.000149162 secs using 98.55% CPU
Optimizing NNI: done in 0.000150807 secs using 98.8% CPU
Optimizing NNI: done in 0.000156499 secs using 98.4% CPU
Optimizing NNI: done in 0.000149844 secs using 98.77% CPU
Iteration 340 / LogL: -840.196 / Time: 0h:3m:27s (0h:0m:0s left)
Optimizing NNI: done in 0.000149557 secs using 98.96% CPU
Optimizing NNI: done in 0.000147797 secs using 99.46% CPU
Optimizing NNI: done in 0.000167582 secs using 96.07% CPU
Optimizing NNI: done in 0.000148619 secs using 99.58% CPU
Optimizing NNI: done in 0.000149729 secs using 98.85% CPU
Optimizing NNI: done in 0.000149423 secs using 99.05% CPU
Optimizing NNI: done in 0.000123976 secs using 97.6% CPU
Optimizing NNI: done in 0.000123413 secs using 94.8% CPU
Optimizing NNI: done in 0.000129223 secs using 99.05% CPU
Optimizing NNI: done in 0.000152044 secs using 99.31% CPU
Iteration 350 / LogL: -840.196 / Time: 0h:3m:28s (0h:0m:0s left)
Log-likelihood cutoff on original alignment: -840.199
Optimizing NNI: done in 0.000151291 secs using 98.49% CPU
Optimizing NNI: done in 0.000149591 secs using 98.94% CPU
Optimizing NNI: done in 0.000149891 secs using 98.74% CPU
Optimizing NNI: done in 0.000122033 secs using 93.42% CPU
Optimizing NNI: done in 0.000122322 secs using 98.92% CPU
Optimizing NNI: done in 0.000145474 secs using 98.99% CPU
Optimizing NNI: done in 0.000121029 secs using 99.15% CPU
Optimizing NNI: done in 0.000148669 secs using 98.88% CPU
Optimizing NNI: done in 0.000122584 secs using 98.71% CPU
Optimizing NNI: done in 0.000145979 secs using 98.64% CPU
Iteration 360 / LogL: -840.196 / Time: 0h:3m:28s (0h:0m:0s left)
Optimizing NNI: done in 0.000160035 secs using 96.85% CPU
Optimizing NNI: done in 0.000147304 secs using 98.44% CPU
Optimizing NNI: done in 0.000121359 secs using 98.06% CPU
Optimizing NNI: done in 0.000147205 secs using 99.18% CPU
Optimizing NNI: done in 0.000146285 secs using 93.65% CPU
Optimizing NNI: done in 0.000121925 secs using 93.5% CPU
Optimizing NNI: done in 0.000146512 secs using 98.97% CPU
Optimizing NNI: done in 0.000144942 secs using 98.66% CPU
Optimizing NNI: done in 0.000162268 secs using 96.75% CPU
Optimizing NNI: done in 0.000147235 secs using 99.16% CPU
Iteration 370 / LogL: -840.196 / Time: 0h:3m:28s (0h:0m:0s left)
Optimizing NNI: done in 0.000146793 secs using 98.78% CPU
Optimizing NNI: done in 0.000146562 secs using 98.93% CPU
Optimizing NNI: done in 0.000153083 secs using 98.64% CPU
Optimizing NNI: done in 0.000146149 secs using 98.53% CPU
Optimizing NNI: done in 0.000145638 secs using 99.56% CPU
Optimizing NNI: done in 0.000144709 secs using 98.82% CPU
Optimizing NNI: done in 0.000135629 secs using 95.85% CPU
Optimizing NNI: done in 0.000145651 secs using 98.87% CPU
Optimizing NNI: done in 0.000145793 secs using 98.77% CPU
Optimizing NNI: done in 0.000121158 secs using 99.04% CPU
Iteration 380 / LogL: -840.199 / Time: 0h:3m:28s (0h:0m:0s left)
Optimizing NNI: done in 0.000161907 secs
Optimizing NNI: done in 0.00014523 secs using 93.64% CPU
Optimizing NNI: done in 0.000147546 secs using 98.95% CPU
Optimizing NNI: done in 0.000119256 secs using 98.11% CPU
Optimizing NNI: done in 0.000136344 secs using 96.08% CPU
Optimizing NNI: done in 0.000146851 secs using 99.42% CPU
Optimizing NNI: done in 0.000147358 secs using 99.08% CPU
Optimizing NNI: done in 0.000120845 secs using 98.47% CPU
Optimizing NNI: done in 0.000137663 secs using 96.61% CPU
Optimizing NNI: done in 0.000147482 secs using 98.99% CPU
Iteration 390 / LogL: -840.196 / Time: 0h:3m:28s (0h:0m:0s left)
Optimizing NNI: done in 0.000145759 secs using 98.79% CPU
Optimizing NNI: done in 0.000147007 secs using 98.63% CPU
Optimizing NNI: done in 0.000135986 secs using 95.6% CPU
Optimizing NNI: done in 0.000147197 secs using 98.51% CPU
Optimizing NNI: done in 0.000121407 secs using 98.84% CPU
Optimizing NNI: done in 0.000121683 secs using 98.62% CPU
Optimizing NNI: done in 0.000134507 secs using 95.91% CPU
Optimizing NNI: done in 0.000147203 secs using 98.5% CPU
Optimizing NNI: done in 0.000145877 secs using 98.71% CPU
Optimizing NNI: done in 0.000120593 secs using 98.68% CPU
Iteration 400 / LogL: -840.196 / Time: 0h:3m:28s (0h:0m:0s left)
Log-likelihood cutoff on original alignment: -840.199
NOTE: Bootstrap correlation coefficient of split occurrence frequencies: 0.565
NOTE: UFBoot does not converge, continue at least 100 more iterations
Optimizing NNI: done in 0.000124758 secs using 98.59% CPU
Optimizing NNI: done in 0.000149895 secs using 99.4% CPU
Optimizing NNI: done in 0.000123108 secs using 98.29% CPU
Optimizing NNI: done in 0.000148501 secs using 98.32% CPU
Optimizing NNI: done in 0.000148157 secs using 93.82% CPU
Optimizing NNI: done in 0.000150643 secs using 98.91% CPU
Optimizing NNI: done in 0.00014735 secs using 99.08% CPU
Optimizing NNI: done in 0.000157358 secs
Optimizing NNI: done in 0.000148119 secs using 94.52% CPU
Optimizing NNI: done in 0.000147372 secs using 99.07% CPU
Iteration 410 / LogL: -840.196 / Time: 0h:3m:28s (0h:0m:0s left)
Optimizing NNI: done in 0.000122365 secs using 98.88% CPU
Optimizing NNI: done in 0.000163652 secs using 96.55% CPU
Optimizing NNI: done in 0.000122473 secs using 98.8% CPU
Optimizing NNI: done in 0.000149073 secs using 99.28% CPU
Optimizing NNI: done in 0.000148304 secs using 99.12% CPU
Optimizing NNI: done in 0.00016655 secs using 96.67% CPU
Optimizing NNI: done in 0.000149239 secs using 99.17% CPU
Optimizing NNI: done in 0.000148349 secs using 99.09% CPU
Optimizing NNI: done in 0.000159232 secs using 98.6% CPU
Optimizing NNI: done in 0.000148363 secs using 99.08% CPU
Iteration 420 / LogL: -840.199 / Time: 0h:3m:28s (0h:0m:0s left)
Optimizing NNI: done in 0.00012338 secs using 98.88% CPU
Optimizing NNI: done in 0.000148365 secs using 94.36% CPU
Optimizing NNI: done in 0.000148334 secs using 99.1% CPU
Optimizing NNI: done in 0.000122117 secs using 99.09% CPU
Optimizing NNI: done in 0.000153914 secs using 98.76% CPU
Optimizing NNI: done in 0.000149012 secs using 98.65% CPU
Optimizing NNI: done in 0.000149366 secs using 99.09% CPU
Optimizing NNI: done in 0.00014762 secs using 98.9% CPU
Optimizing NNI: done in 0.000136826 secs using 96.47% CPU
Optimizing NNI: done in 0.0001489 secs using 99.4% CPU
Iteration 430 / LogL: -840.196 / Time: 0h:3m:28s (0h:0m:0s left)
Optimizing NNI: done in 0.000148663 secs using 98.88% CPU
Optimizing NNI: done in 0.000122095 secs using 99.1% CPU
Optimizing NNI: done in 0.000164261 secs
Optimizing NNI: done in 0.000149081 secs using 94.58% CPU
Optimizing NNI: done in 0.000159135 secs using 99.29% CPU
Optimizing NNI: done in 0.000122007 secs using 98.36% CPU
Optimizing NNI: done in 0.000163468 secs using 96.66% CPU
Optimizing NNI: done in 0.000122381 secs using 98.87% CPU
Optimizing NNI: done in 0.00014928 secs using 98.47% CPU
Optimizing NNI: done in 0.000122063 secs using 99.13% CPU
Iteration 440 / LogL: -840.196 / Time: 0h:3m:28s (0h:0m:0s left)
Optimizing NNI: done in 0.000122517 secs using 98.76% CPU
Optimizing NNI: done in 0.000149207 secs using 98.52% CPU
Optimizing NNI: done in 0.000121189 secs using 99.02% CPU
Optimizing NNI: done in 0.000149881 secs using 98.74% CPU
Optimizing NNI: done in 0.000166539 secs using 96.67% CPU
Optimizing NNI: done in 0.000121094 secs using 99.1% CPU
Optimizing NNI: done in 0.000122258 secs using 98.97% CPU
Optimizing NNI: done in 0.000131959 secs using 98.52% CPU
Optimizing NNI: done in 0.000137875 secs using 95.74% CPU
Optimizing NNI: done in 0.000149416 secs using 99.05% CPU
Iteration 450 / LogL: -840.196 / Time: 0h:3m:28s (0h:0m:0s left)
Log-likelihood cutoff on original alignment: -840.199
Optimizing NNI: done in 0.000148688 secs using 98.87% CPU
Optimizing NNI: done in 0.000132749 secs using 99.44% CPU
Optimizing NNI: done in 0.000120688 secs using 99.43% CPU
Optimizing NNI: done in 0.000121316 secs using 98.92% CPU
Optimizing NNI: done in 0.000145858 secs using 98.73% CPU
Optimizing NNI: done in 0.00014584 secs using 99.42% CPU
Optimizing NNI: done in 0.000120765 secs using 98.54% CPU
Optimizing NNI: done in 0.000146687 secs using 98.85% CPU
Optimizing NNI: done in 0.000145709 secs using 98.83% CPU
Optimizing NNI: done in 0.000121234 secs using 98.98% CPU
Iteration 460 / LogL: -840.199 / Time: 0h:3m:28s (0h:0m:0s left)
Optimizing NNI: done in 0.000120455 secs using 98.79% CPU
Optimizing NNI: done in 0.000121016 secs using 94.2% CPU
Optimizing NNI: done in 0.000147507 secs using 98.98% CPU
Optimizing NNI: done in 0.000146793 secs using 98.78% CPU
Optimizing NNI: done in 0.000121182 secs using 94.07% CPU
Optimizing NNI: done in 0.00012115 secs using 99.05% CPU
Optimizing NNI: done in 0.000120407 secs using 98.83% CPU
Optimizing NNI: done in 0.000147972 secs using 98.67% CPU
Optimizing NNI: done in 0.000146737 secs using 98.82% CPU
Optimizing NNI: done in 0.000120938 secs using 98.4% CPU
Iteration 470 / LogL: -840.199 / Time: 0h:3m:28s (0h:0m:0s left)
Optimizing NNI: done in 0.000146993 secs using 99.32% CPU
Optimizing NNI: done in 0.000120481 secs using 98.77% CPU
Optimizing NNI: done in 0.000119412 secs using 98.82% CPU
Optimizing NNI: done in 0.00014542 secs using 99.02% CPU
Optimizing NNI: done in 0.00014583 secs using 98.74% CPU
Optimizing NNI: done in 0.000146359 secs using 99.07% CPU
Optimizing NNI: done in 0.00012021 secs using 98.16% CPU
Optimizing NNI: done in 0.000146685 secs using 94.76% CPU
Optimizing NNI: done in 0.000122011 secs using 99.17% CPU
Optimizing NNI: done in 0.000147112 secs using 99.24% CPU
Iteration 480 / LogL: -840.196 / Time: 0h:3m:28s (0h:0m:0s left)
Optimizing NNI: done in 0.000126898 secs using 98.5% CPU
Optimizing NNI: done in 0.000147035 secs using 99.3% CPU
Optimizing NNI: done in 0.000120632 secs using 98.65% CPU
Optimizing NNI: done in 0.000119878 secs using 98.43% CPU
Optimizing NNI: done in 0.000161156 secs using 96.18% CPU
Optimizing NNI: done in 0.000146568 secs using 98.93% CPU
Optimizing NNI: done in 0.000150837 secs using 98.78% CPU
Optimizing NNI: done in 0.000145845 secs using 99.42% CPU
Optimizing NNI: done in 0.000160709 secs using 96.45% CPU
Optimizing NNI: done in 0.000121215 secs using 99% CPU
Iteration 490 / LogL: -840.196 / Time: 0h:3m:28s (0h:0m:0s left)
Optimizing NNI: done in 0.000146778 secs using 99.47% CPU
Optimizing NNI: done in 0.000120385 secs using 98.85% CPU
Optimizing NNI: done in 0.000129711 secs using 98.68% CPU
Optimizing NNI: done in 0.000146721 secs using 99.51% CPU
Optimizing NNI: done in 0.000146274 secs using 99.13% CPU
Optimizing NNI: done in 0.000120087 secs using 99.1% CPU
Optimizing NNI: done in 0.000128213 secs using 99.05% CPU
Optimizing NNI: done in 0.000147533 secs using 98.96% CPU
Optimizing NNI: done in 0.000145795 secs using 98.77% CPU
Optimizing NNI: done in 0.000147231 secs using 99.16% CPU
Iteration 500 / LogL: -840.196 / Time: 0h:3m:28s (0h:0m:0s left)
Log-likelihood cutoff on original alignment: -840.199
NOTE: Bootstrap correlation coefficient of split occurrence frequencies: 0.773
NOTE: UFBoot does not converge, continue at least 100 more iterations
Optimizing NNI: done in 0.000150263 secs using 97.83% CPU
Optimizing NNI: done in 0.000150172 secs using 98.55% CPU
Optimizing NNI: done in 0.000148663 secs using 98.88% CPU
Optimizing NNI: done in 0.000147264 secs using 98.46% CPU
Optimizing NNI: done in 0.0001643 secs using 96.17% CPU
Optimizing NNI: done in 0.000146482 secs using 98.99% CPU
Optimizing NNI: done in 0.000148149 secs using 98.55% CPU
Optimizing NNI: done in 0.000147488 secs using 98.99% CPU
Optimizing NNI: done in 0.00012094 secs using 98.4% CPU
Optimizing NNI: done in 0.000120839 secs using 98.48% CPU
Iteration 510 / LogL: -840.196 / Time: 0h:3m:28s (0h:0m:0s left)
Optimizing NNI: done in 0.00014725 secs using 99.15% CPU
Optimizing NNI: done in 0.000121467 secs using 98.79% CPU
Optimizing NNI: done in 0.00014803 secs using 98.63% CPU
Optimizing NNI: done in 0.000137605 secs using 95.93% CPU
Optimizing NNI: done in 0.000154583 secs using 98.98% CPU
Optimizing NNI: done in 0.000147492 secs using 98.99% CPU
Optimizing NNI: done in 0.000147622 secs using 98.9% CPU
Optimizing NNI: done in 0.00014782 secs using 98.77% CPU
Optimizing NNI: done in 0.000120912 secs using 98.42% CPU
Optimizing NNI: done in 0.00014779 secs using 98.79% CPU
Iteration 520 / LogL: -840.196 / Time: 0h:3m:28s (0h:0m:0s left)
Optimizing NNI: done in 0.000149123 secs using 99.25% CPU
Optimizing NNI: done in 0.00012248 secs using 98.79% CPU
Optimizing NNI: done in 0.000136843 secs using 95.73% CPU
Optimizing NNI: done in 0.000147477 secs using 99% CPU
Optimizing NNI: done in 0.000146866 secs using 98.73% CPU
Optimizing NNI: done in 0.000121376 secs using 98.87% CPU
Optimizing NNI: done in 0.000166738 secs using 95.96% CPU
Optimizing NNI: done in 0.000121158 secs using 99.04% CPU
Optimizing NNI: done in 0.000147533 secs using 98.96% CPU
Optimizing NNI: done in 0.000146175 secs using 99.2% CPU
Iteration 530 / LogL: -840.199 / Time: 0h:3m:28s (0h:0m:0s left)
Optimizing NNI: done in 0.000148179 secs using 98.53% CPU
Optimizing NNI: done in 0.000121646 secs using 98.65% CPU
Optimizing NNI: done in 0.000146765 secs using 98.8% CPU
Optimizing NNI: done in 0.000147974 secs using 98.67% CPU
Optimizing NNI: done in 0.000131886 secs using 98.57% CPU
Optimizing NNI: done in 0.000160785 secs
Optimizing NNI: done in 0.000147972 secs using 93.94% CPU
Optimizing NNI: done in 0.000147495 secs using 98.99% CPU
Optimizing NNI: done in 0.000122406 secs using 98.85% CPU
Optimizing NNI: done in 0.000121742 secs using 98.57% CPU
Iteration 540 / LogL: -840.199 / Time: 0h:3m:28s (0h:0m:0s left)
Optimizing NNI: done in 0.000163 secs using 96.32% CPU
Optimizing NNI: done in 0.000146823 secs using 98.76% CPU
Optimizing NNI: done in 0.000147497 secs using 98.98% CPU
Optimizing NNI: done in 0.000147065 secs using 99.28% CPU
Optimizing NNI: done in 0.00016447 secs using 96.07% CPU
Optimizing NNI: done in 0.000147328 secs using 99.1% CPU
Optimizing NNI: done in 0.000147427 secs using 99.03% CPU
Optimizing NNI: done in 0.000121765 secs using 98.55% CPU
Optimizing NNI: done in 0.000147549 secs using 99.63% CPU
Optimizing NNI: done in 0.000146616 secs using 98.9% CPU
Iteration 550 / LogL: -840.196 / Time: 0h:3m:28s (0h:0m:0s left)
Log-likelihood cutoff on original alignment: -840.199
Optimizing NNI: done in 0.000149135 secs using 93.87% CPU
Optimizing NNI: done in 0.000121953 secs using 99.22% CPU
Optimizing NNI: done in 0.000152066 secs using 99.3% CPU
Optimizing NNI: done in 0.000145361 secs using 99.06% CPU
Optimizing NNI: done in 0.000146337 secs using 99.09% CPU
Optimizing NNI: done in 0.000147259 secs using 99.15% CPU
Optimizing NNI: done in 0.000146776 secs using 98.79% CPU
Optimizing NNI: done in 0.00014567 secs using 96.79% CPU
Optimizing NNI: done in 0.000146268 secs using 93.66% CPU
Optimizing NNI: done in 0.000120493 secs using 98.76% CPU
Iteration 560 / LogL: -840.199 / Time: 0h:3m:28s (0h:0m:0s left)
Optimizing NNI: done in 0.000145527 secs using 98.95% CPU
Optimizing NNI: done in 0.000161977 secs
Optimizing NNI: done in 0.000120943 secs using 93.43% CPU
Optimizing NNI: done in 0.00012069 secs using 98.6% CPU
Optimizing NNI: done in 0.00011988 secs using 99.27% CPU
Optimizing NNI: done in 0.000145307 secs using 99.1% CPU
Optimizing NNI: done in 0.000146175 secs using 97.14% CPU
Optimizing NNI: done in 0.000121322 secs using 98.91% CPU
Optimizing NNI: done in 0.000144398 secs using 99.03% CPU
Optimizing NNI: done in 0.000145808 secs using 98.76% CPU
Iteration 570 / LogL: -840.196 / Time: 0h:3m:28s (0h:0m:0s left)
Optimizing NNI: done in 0.000160391 secs using 96.02% CPU
Optimizing NNI: done in 0.000146555 secs using 98.94% CPU
Optimizing NNI: done in 0.000146167 secs using 99.2% CPU
Optimizing NNI: done in 0.000145476 secs using 98.3% CPU
Optimizing NNI: done in 0.000159293 secs using 96.68% CPU
Optimizing NNI: done in 0.000145374 secs using 99.05% CPU
Optimizing NNI: done in 0.00014619 secs using 99.19% CPU
Optimizing NNI: done in 0.000146411 secs using 99.04% CPU
Optimizing NNI: done in 0.000145303 secs using 99.1% CPU
Optimizing NNI: done in 0.000159724 secs using 96.42% CPU
Iteration 580 / LogL: -840.196 / Time: 0h:3m:28s (0h:0m:0s left)
Optimizing NNI: done in 0.000146307 secs using 99.11% CPU
Optimizing NNI: done in 0.000120794 secs using 98.51% CPU
Optimizing NNI: done in 0.000120699 secs using 98.59% CPU
Optimizing NNI: done in 0.000146035 secs using 99.29% CPU
Optimizing NNI: done in 0.00014553 secs using 98.95% CPU
Optimizing NNI: done in 0.000146477 secs using 98.99% CPU
Optimizing NNI: done in 0.000121398 secs using 98.85% CPU
Optimizing NNI: done in 0.000145726 secs using 99.5% CPU
Optimizing NNI: done in 0.000152551 secs using 98.98% CPU
Optimizing NNI: done in 0.000145378 secs using 99.05% CPU
Iteration 590 / LogL: -840.199 / Time: 0h:3m:28s (0h:0m:0s left)
Optimizing NNI: done in 0.000120414 secs using 98.83% CPU
Optimizing NNI: done in 0.00014681 secs using 99.45% CPU
Optimizing NNI: done in 0.000122195 secs using 99.02% CPU
Optimizing NNI: done in 0.000146275 secs using 98.44% CPU
Optimizing NNI: done in 0.000121754 secs using 99.38% CPU
Optimizing NNI: done in 0.000145573 secs using 98.92% CPU
Optimizing NNI: done in 0.000145374 secs using 99.05% CPU
Optimizing NNI: done in 0.000146296 secs using 99.11% CPU
Optimizing NNI: done in 0.000146134 secs using 99.22% CPU
Optimizing NNI: done in 0.000144931 secs using 98.67% CPU
Iteration 600 / LogL: -840.196 / Time: 0h:3m:28s (0h:0m:0s left)
Log-likelihood cutoff on original alignment: -840.199
NOTE: Bootstrap correlation coefficient of split occurrence frequencies: -0.015
NOTE: UFBoot does not converge, continue at least 100 more iterations
Optimizing NNI: done in 0.000166031 secs using 96.37% CPU
Optimizing NNI: done in 0.000121538 secs using 98.73% CPU
Optimizing NNI: done in 0.000146179 secs using 99.19% CPU
Optimizing NNI: done in 0.000145877 secs using 98.71% CPU
Optimizing NNI: done in 0.000120869 secs using 99.28% CPU
Optimizing NNI: done in 0.000145845 secs using 99.42% CPU
Optimizing NNI: done in 0.000120917 secs using 94.28% CPU
Optimizing NNI: done in 0.000145897 secs using 98.7% CPU
Optimizing NNI: done in 0.00014678 secs using 98.79% CPU
Optimizing NNI: done in 0.000160433 secs using 95.99% CPU
Iteration 610 / LogL: -840.196 / Time: 0h:3m:29s (0h:0m:0s left)
Optimizing NNI: done in 0.000122068 secs using 98.31% CPU
Optimizing NNI: done in 0.000146771 secs using 99.47% CPU
Optimizing NNI: done in 0.00012153 secs using 98.74% CPU
Optimizing NNI: done in 0.0001215 secs using 98.77% CPU
Optimizing NNI: done in 0.000136953 secs using 95.65% CPU
Optimizing NNI: done in 0.000120996 secs using 99.18% CPU
Optimizing NNI: done in 0.000121469 secs using 98.79% CPU
Optimizing NNI: done in 0.000120103 secs using 99.08% CPU
Optimizing NNI: done in 0.000147983 secs using 98.66% CPU
Optimizing NNI: done in 0.000120318 secs using 98.9% CPU
Iteration 620 / LogL: -840.199 / Time: 0h:3m:29s (0h:0m:0s left)
Optimizing NNI: done in 0.000146665 secs using 98.86% CPU
Optimizing NNI: done in 0.000146698 secs using 98.84% CPU
Optimizing NNI: done in 0.000146199 secs using 99.18% CPU
Optimizing NNI: done in 0.00016666 secs using 92.4% CPU
Optimizing NNI: done in 0.000146555 secs using 98.94% CPU
Optimizing NNI: done in 0.000120675 secs using 99.44% CPU
Optimizing NNI: done in 0.000147521 secs using 98.97% CPU
Optimizing NNI: done in 0.000145843 secs using 98.74% CPU
Optimizing NNI: done in 0.000151379 secs
Optimizing NNI: done in 0.000121791 secs using 94.42% CPU
Iteration 630 / LogL: -840.199 / Time: 0h:3m:29s (0h:0m:0s left)
Optimizing NNI: done in 0.000146966 secs using 98.66% CPU
Optimizing NNI: done in 0.000147149 secs using 99.22% CPU
Optimizing NNI: done in 0.000147104 secs using 98.57% CPU
Optimizing NNI: done in 0.000157561 secs using 99.01% CPU
Optimizing NNI: done in 0.000146201 secs using 99.18% CPU
Optimizing NNI: done in 0.000146635 secs using 98.89% CPU
Optimizing NNI: done in 0.000121003 secs using 98.34% CPU
Optimizing NNI: done in 0.000145391 secs using 99.04% CPU
Optimizing NNI: done in 0.000121295 secs using 97.28% CPU
Optimizing NNI: done in 0.000146572 secs using 98.93% CPU
Iteration 640 / LogL: -840.196 / Time: 0h:3m:29s (0h:0m:0s left)
Optimizing NNI: done in 0.000121163 secs using 99.04% CPU
Optimizing NNI: done in 0.000146175 secs using 98.51% CPU
Optimizing NNI: done in 0.000164861 secs using 95.84% CPU
Optimizing NNI: done in 0.000145519 secs using 98.96% CPU
Optimizing NNI: done in 0.000146002 secs using 99.31% CPU
Optimizing NNI: done in 0.000119446 secs using 98.79% CPU
Optimizing NNI: done in 0.000144804 secs using 98.75% CPU
Optimizing NNI: done in 0.000137528 secs using 95.25% CPU
Optimizing NNI: done in 0.000146765 secs using 98.8% CPU
Optimizing NNI: done in 0.000147399 secs using 99.05% CPU
Iteration 650 / LogL: -840.196 / Time: 0h:3m:29s (0h:0m:0s left)
Log-likelihood cutoff on original alignment: -840.199
Optimizing NNI: done in 0.000150139 secs using 99.24% CPU
Optimizing NNI: done in 0.000153666 secs using 98.92% CPU
Optimizing NNI: done in 0.000121808 secs using 99.34% CPU
Optimizing NNI: done in 0.0001473 secs using 99.12% CPU
Optimizing NNI: done in 0.000145171 secs using 98.5% CPU
Optimizing NNI: done in 0.0001477 secs using 98.85% CPU
Optimizing NNI: done in 0.000144616 secs using 98.88% CPU
Optimizing NNI: done in 0.000146594 secs using 98.91% CPU
Optimizing NNI: done in 0.00014659 secs using 98.92% CPU
Optimizing NNI: done in 0.000121096 secs using 99.09% CPU
Iteration 660 / LogL: -840.196 / Time: 0h:3m:29s (0h:0m:0s left)
Optimizing NNI: done in 0.000138536 secs using 96% CPU
Optimizing NNI: done in 0.000146056 secs using 99.28% CPU
Optimizing NNI: done in 0.000145081 secs using 99.25% CPU
Optimizing NNI: done in 0.000145679 secs using 98.85% CPU
Optimizing NNI: done in 0.000120431 secs using 98.81% CPU
Optimizing NNI: done in 0.000151021 secs using 98.66% CPU
Optimizing NNI: done in 0.000144877 secs using 98.7% CPU
Optimizing NNI: done in 0.000146661 secs using 98.87% CPU
Optimizing NNI: done in 0.000146059 secs using 99.27% CPU
Optimizing NNI: done in 0.000146013 secs using 98.62% CPU
Iteration 670 / LogL: -840.196 / Time: 0h:3m:29s (0h:0m:0s left)
Optimizing NNI: done in 0.000126081 secs
Optimizing NNI: done in 0.000119461 secs using 93.75% CPU
Optimizing NNI: done in 0.000145206 secs using 98.48% CPU
Optimizing NNI: done in 0.00011991 secs using 98.41% CPU
Optimizing NNI: done in 0.000150703 secs using 98.87% CPU
Optimizing NNI: done in 0.000147022 secs using 98.62% CPU
Optimizing NNI: done in 0.000144735 secs using 98.8% CPU
Optimizing NNI: done in 0.000121366 secs using 98.05% CPU
Optimizing NNI: done in 0.000120729 secs using 99.4% CPU
Optimizing NNI: done in 0.000161508 secs using 96.59% CPU
Iteration 680 / LogL: -840.199 / Time: 0h:3m:29s (0h:0m:0s left)
Optimizing NNI: done in 0.00014607 secs using 99.27% CPU
Optimizing NNI: done in 0.000120513 secs using 98.74% CPU
Optimizing NNI: done in 0.000121109 secs using 98.26% CPU
Optimizing NNI: done in 0.00012074 secs using 98.56% CPU
Optimizing NNI: done in 0.000147084 secs using 98.58% CPU
Optimizing NNI: done in 0.000146529 secs using 94.18% CPU
Optimizing NNI: done in 0.00012036 secs using 98.87% CPU
Optimizing NNI: done in 0.000146469 secs using 99% CPU
Optimizing NNI: done in 0.000120495 secs using 98.76% CPU
Optimizing NNI: done in 0.000145463 secs using 94.87% CPU
Iteration 690 / LogL: -840.196 / Time: 0h:3m:29s (0h:0m:0s left)
Optimizing NNI: done in 0.000145676 secs using 98.85% CPU
Optimizing NNI: done in 0.000144584 secs using 98.9% CPU
Optimizing NNI: done in 0.000120085 secs using 99.1% CPU
Optimizing NNI: done in 0.000147117 secs using 99.24% CPU
Optimizing NNI: done in 0.000119548 secs using 98.7% CPU
Optimizing NNI: done in 0.0001205 secs using 98.76% CPU
Optimizing NNI: done in 0.000146255 secs using 99.14% CPU
Optimizing NNI: done in 0.000120007 secs using 99.16% CPU
Optimizing NNI: done in 0.000119913 secs using 95.9% CPU
Optimizing NNI: done in 0.000146125 secs using 94.44% CPU
Iteration 700 / LogL: -840.196 / Time: 0h:3m:29s (0h:0m:0s left)
Log-likelihood cutoff on original alignment: -840.199
NOTE: Bootstrap correlation coefficient of split occurrence frequencies: -0.021
NOTE: UFBoot does not converge, continue at least 100 more iterations
Optimizing NNI: done in 0.000148932 secs using 99.37% CPU
Optimizing NNI: done in 0.000146823 secs using 98.76% CPU
Optimizing NNI: done in 0.000154072 secs using 99.3% CPU
Optimizing NNI: done in 0.000146776 secs using 98.79% CPU
Optimizing NNI: done in 0.000146177 secs using 98.51% CPU
Optimizing NNI: done in 0.000146411 secs using 99.04% CPU
Optimizing NNI: done in 0.000146603 secs using 99.59% CPU
Optimizing NNI: done in 0.000160746 secs using 96.43% CPU
Optimizing NNI: done in 0.00014703 secs using 99.3% CPU
Optimizing NNI: done in 0.00012162 secs using 98.67% CPU
Iteration 710 / LogL: -840.196 / Time: 0h:3m:29s (0h:0m:0s left)
Optimizing NNI: done in 0.000146791 secs using 98.78% CPU
Optimizing NNI: done in 0.000158178 secs using 99.26% CPU
Optimizing NNI: done in 0.000166705 secs using 92.38% CPU
Optimizing NNI: done in 0.000144765 secs using 98.78% CPU
Optimizing NNI: done in 0.000155846 secs using 98.82% CPU
Optimizing NNI: done in 0.000121504 secs using 98.76% CPU
Optimizing NNI: done in 0.000145916 secs using 98.69% CPU
Optimizing NNI: done in 0.000156462 secs using 99.07% CPU
Optimizing NNI: done in 0.00015391 secs using 98.76% CPU
Optimizing NNI: done in 0.000131797 secs using 98.64% CPU
Iteration 720 / LogL: -840.196 / Time: 0h:3m:29s (0h:0m:0s left)
Optimizing NNI: done in 0.000120481 secs using 98.77% CPU
Optimizing NNI: done in 0.000147132 secs using 99.23% CPU
Optimizing NNI: done in 0.000145936 secs using 98.67% CPU
Optimizing NNI: done in 0.000152426 secs using 99.06% CPU
Optimizing NNI: done in 0.000144446 secs using 99% CPU
Optimizing NNI: done in 0.000145854 secs using 98.73% CPU
Optimizing NNI: done in 0.000130404 secs using 98.92% CPU
Optimizing NNI: done in 0.00014483 secs using 99.43% CPU
Optimizing NNI: done in 0.000137024 secs using 95.6% CPU
Optimizing NNI: done in 0.000144813 secs using 99.44% CPU
Iteration 730 / LogL: -840.196 / Time: 0h:3m:29s (0h:0m:0s left)
Optimizing NNI: done in 0.000120739 secs using 98.56% CPU
Optimizing NNI: done in 0.000120314 secs using 98.08% CPU
Optimizing NNI: done in 0.000146408 secs using 99.04% CPU
Optimizing NNI: done in 0.00016297 secs using 96.34% CPU
Optimizing NNI: done in 0.000121441 secs using 98.81% CPU
Optimizing NNI: done in 0.000120124 secs using 98.23% CPU
Optimizing NNI: done in 0.000145907 secs using 99.38% CPU
Optimizing NNI: done in 0.000121208 secs using 98.18% CPU
Optimizing NNI: done in 0.000134237 secs
Optimizing NNI: done in 0.000120347 secs using 93.89% CPU
Iteration 740 / LogL: -840.199 / Time: 0h:3m:29s (0h:0m:0s left)
Optimizing NNI: done in 0.000146087 secs using 99.26% CPU
Optimizing NNI: done in 0.000119919 secs using 99.23% CPU
Optimizing NNI: done in 0.000145474 secs using 98.99% CPU
Optimizing NNI: done in 0.000137813 secs using 95.06% CPU
Optimizing NNI: done in 0.000146296 secs using 99.11% CPU
Optimizing NNI: done in 0.000145048 secs using 98.59% CPU
Optimizing NNI: done in 0.000119409 secs using 98.82% CPU
Optimizing NNI: done in 0.000152783 secs using 99.49% CPU
Optimizing NNI: done in 0.000146523 secs using 98.96% CPU
Optimizing NNI: done in 0.00012039 secs using 98.85% CPU
Iteration 750 / LogL: -840.196 / Time: 0h:3m:29s (0h:0m:0s left)
Log-likelihood cutoff on original alignment: -840.199
Optimizing NNI: done in 0.000148322 secs using 94.39% CPU
Optimizing NNI: done in 0.000145731 secs using 98.81% CPU
Optimizing NNI: done in 0.000145979 secs using 99.33% CPU
Optimizing NNI: done in 0.000127843 secs using 98.56% CPU
Optimizing NNI: done in 0.000146698 secs using 98.84% CPU
Optimizing NNI: done in 0.000155523 secs using 99.02% CPU
Optimizing NNI: done in 0.000145815 secs using 98.76% CPU
Optimizing NNI: done in 0.000144236 secs using 99.14% CPU
Optimizing NNI: done in 0.000121428 secs using 98.82% CPU
Optimizing NNI: done in 0.000145953 secs using 98.66% CPU
Iteration 760 / LogL: -840.196 / Time: 0h:3m:29s (0h:0m:0s left)
Optimizing NNI: done in 0.000146057 secs using 94.48% CPU
Optimizing NNI: done in 0.000120685 secs using 98.6% CPU
Optimizing NNI: done in 0.000145976 secs using 99.33% CPU
Optimizing NNI: done in 0.000150483 secs using 99.01% CPU
Optimizing NNI: done in 0.000160037 secs using 96.85% CPU
Optimizing NNI: done in 0.000144452 secs using 98.99% CPU
Optimizing NNI: done in 0.000146303 secs using 99.11% CPU
Optimizing NNI: done in 0.000151625 secs using 98.93% CPU
Optimizing NNI: done in 0.000156311 secs using 99.16% CPU
Optimizing NNI: done in 0.000120392 secs using 98.84% CPU
Iteration 770 / LogL: -840.196 / Time: 0h:3m:29s (0h:0m:0s left)
Optimizing NNI: done in 0.000166414 secs using 99.15% CPU
Optimizing NNI: done in 0.000120055 secs using 98.29% CPU
Optimizing NNI: done in 0.000146165 secs using 99.2% CPU
Optimizing NNI: done in 0.000144565 secs using 99.61% CPU
Optimizing NNI: done in 0.000119383 secs using 98.84% CPU
Optimizing NNI: done in 0.000128267 secs using 99.01% CPU
Optimizing NNI: done in 0.000127073 secs using 99.16% CPU
Optimizing NNI: done in 0.000119891 secs using 99.26% CPU
Optimizing NNI: done in 0.000120755 secs using 98.55% CPU
Optimizing NNI: done in 0.000146074 secs using 98.58% CPU
Iteration 780 / LogL: -840.196 / Time: 0h:3m:29s (0h:0m:0s left)
Optimizing NNI: done in 0.000146462 secs using 99% CPU
Optimizing NNI: done in 0.000151908 secs using 99.4% CPU
Optimizing NNI: done in 0.000145242 secs using 99.15% CPU
Optimizing NNI: done in 0.000144524 secs using 98.95% CPU
Optimizing NNI: done in 0.000144865 secs using 99.4% CPU
Optimizing NNI: done in 0.000120662 secs using 98.62% CPU
Optimizing NNI: done in 0.000160476 secs using 96.59% CPU
Optimizing NNI: done in 0.000145789 secs using 98.77% CPU
Optimizing NNI: done in 0.000119679 secs using 98.6% CPU
Optimizing NNI: done in 0.000151841 secs using 98.79% CPU
Iteration 790 / LogL: -840.196 / Time: 0h:3m:29s (0h:0m:0s left)
Optimizing NNI: done in 0.000149231 secs using 99.17% CPU
Optimizing NNI: done in 0.000144903 secs using 98.69% CPU
Optimizing NNI: done in 0.00016096 secs using 96.3% CPU
Optimizing NNI: done in 0.000120347 secs using 98.88% CPU
Optimizing NNI: done in 0.000118809 secs using 98.48% CPU
Optimizing NNI: done in 0.000147205 secs using 99.18% CPU
Optimizing NNI: done in 0.000119941 secs using 98.38% CPU
Optimizing NNI: done in 0.000162087 secs using 96.24% CPU
Optimizing NNI: done in 0.000121487 secs using 98.78% CPU
Optimizing NNI: done in 0.000120129 secs using 99.06% CPU
Iteration 800 / LogL: -840.199 / Time: 0h:3m:29s (0h:0m:0s left)
Log-likelihood cutoff on original alignment: -840.199
NOTE: Bootstrap correlation coefficient of split occurrence frequencies: -0.146
NOTE: UFBoot does not converge, continue at least 100 more iterations
Optimizing NNI: done in 0.000147799 secs using 98.78% CPU
Optimizing NNI: done in 0.000127332 secs using 98.17% CPU
Optimizing NNI: done in 0.000119668 secs using 99.44% CPU
Optimizing NNI: done in 0.000146596 secs using 98.91% CPU
Optimizing NNI: done in 0.000147713 secs using 98.84% CPU
Optimizing NNI: done in 0.000146389 secs using 99.05% CPU
Optimizing NNI: done in 0.000146268 secs using 98.45% CPU
Optimizing NNI: done in 0.000161367 secs using 96.05% CPU
Optimizing NNI: done in 0.000144685 secs using 99.53% CPU
Optimizing NNI: done in 0.000145666 secs using 98.86% CPU
Iteration 810 / LogL: -840.196 / Time: 0h:3m:29s (0h:0m:0s left)
Optimizing NNI: done in 0.000146808 secs using 98.77% CPU
Optimizing NNI: done in 0.000151699 secs using 98.88% CPU
Optimizing NNI: done in 0.000144731 secs using 98.8% CPU
Optimizing NNI: done in 0.000151893 secs using 98.75% CPU
Optimizing NNI: done in 0.000144459 secs using 98.99% CPU
Optimizing NNI: done in 0.000149671 secs using 91.53% CPU
Optimizing NNI: done in 0.000132224 secs using 99.07% CPU
Optimizing NNI: done in 0.000119053 secs using 98.28% CPU
Optimizing NNI: done in 0.000125121 secs using 99.1% CPU
Optimizing NNI: done in 0.000146406 secs using 99.04% CPU
Iteration 820 / LogL: -840.196 / Time: 0h:3m:29s (0h:0m:0s left)
Optimizing NNI: done in 0.000119517 secs using 98.73% CPU
Optimizing NNI: done in 0.000120161 secs using 99.03% CPU
Optimizing NNI: done in 0.000145799 secs using 98.77% CPU
Optimizing NNI: done in 0.000148265 secs using 99.15% CPU
Optimizing NNI: done in 0.000153083 secs using 98.64% CPU
Optimizing NNI: done in 0.000120623 secs using 98.65% CPU
Optimizing NNI: done in 0.000119656 secs using 98.62% CPU
Optimizing NNI: done in 0.000124935 secs using 98.45% CPU
Optimizing NNI: done in 0.000149876 secs using 99.42% CPU
Optimizing NNI: done in 0.000160715 secs using 96.44% CPU
Iteration 830 / LogL: -840.196 / Time: 0h:3m:29s (0h:0m:0s left)
Optimizing NNI: done in 0.000120232 secs using 98.14% CPU
Optimizing NNI: done in 0.000145972 secs using 99.33% CPU
Optimizing NNI: done in 0.000145312 secs using 98.41% CPU
Optimizing NNI: done in 0.00014546 secs using 99% CPU
Optimizing NNI: done in 0.000146242 secs using 99.15% CPU
Optimizing NNI: done in 0.00015126 secs using 99.17% CPU
Optimizing NNI: done in 0.000119885 secs using 99.26% CPU
Optimizing NNI: done in 0.000145625 secs using 98.88% CPU
Optimizing NNI: done in 0.000155499 secs using 99.04% CPU
Optimizing NNI: done in 0.000146111 secs using 99.24% CPU
Iteration 840 / LogL: -840.196 / Time: 0h:3m:29s (0h:0m:0s left)
Optimizing NNI: done in 0.00012487 secs using 98.5% CPU
Optimizing NNI: done in 0.000160869 secs using 96.35% CPU
Optimizing NNI: done in 0.000120606 secs using 98.67% CPU
Optimizing NNI: done in 0.000145579 secs using 98.92% CPU
Optimizing NNI: done in 0.000145778 secs using 98.78% CPU
Optimizing NNI: done in 0.000120763 secs using 98.54% CPU
Optimizing NNI: done in 0.000122361 secs using 98.07% CPU
Optimizing NNI: done in 0.000120344 secs using 98.88% CPU
Optimizing NNI: done in 0.000120355 secs using 98.87% CPU
Optimizing NNI: done in 0.000146253 secs using 99.14% CPU
Iteration 850 / LogL: -840.196 / Time: 0h:3m:29s (0h:0m:0s left)
Log-likelihood cutoff on original alignment: -840.199
Optimizing NNI: done in 0.00016477 secs using 95.89% CPU
Optimizing NNI: done in 0.000121288 secs using 98.94% CPU
Optimizing NNI: done in 0.000147916 secs using 99.38% CPU
Optimizing NNI: done in 0.000145573 secs using 98.92% CPU
Optimizing NNI: done in 0.000146307 secs using 99.11% CPU
Optimizing NNI: done in 0.00012004 secs using 99.13% CPU
Optimizing NNI: done in 0.000159722 secs using 96.42% CPU
Optimizing NNI: done in 0.000145297 secs using 98.42% CPU
Optimizing NNI: done in 0.000146285 secs using 99.12% CPU
Optimizing NNI: done in 0.000144741 secs using 98.8% CPU
Iteration 860 / LogL: -840.196 / Time: 0h:3m:29s (0h:0m:0s left)
Optimizing NNI: done in 0.000145294 secs using 99.11% CPU
Optimizing NNI: done in 0.000145486 secs using 98.98% CPU
Optimizing NNI: done in 0.000162296 secs using 95.5% CPU
Optimizing NNI: done in 0.000146499 secs using 99.66% CPU
Optimizing NNI: done in 0.000121256 secs using 98.96% CPU
Optimizing NNI: done in 0.000119751 secs using 98.54% CPU
Optimizing NNI: done in 0.000119723 secs using 98.56% CPU
Optimizing NNI: done in 0.000159346 secs using 99.16% CPU
Optimizing NNI: done in 0.000145514 secs using 98.96% CPU
Optimizing NNI: done in 0.000145979 secs using 94.53% CPU
Iteration 870 / LogL: -840.196 / Time: 0h:3m:30s (0h:0m:0s left)
Optimizing NNI: done in 0.000145005 secs using 98.62% CPU
Optimizing NNI: done in 0.000121117 secs using 99.08% CPU
Optimizing NNI: done in 0.000121137 secs using 99.06% CPU
Optimizing NNI: done in 0.000135742 secs using 95.77% CPU
Optimizing NNI: done in 0.000119882 secs using 99.26% CPU
Optimizing NNI: done in 0.000120191 secs using 99.01% CPU
Optimizing NNI: done in 0.000145877 secs using 98.71% CPU
Optimizing NNI: done in 0.000145713 secs using 98.82% CPU
Optimizing NNI: done in 0.000135668 secs using 95.82% CPU
Optimizing NNI: done in 0.000146102 secs using 99.25% CPU
Iteration 880 / LogL: -840.196 / Time: 0h:3m:30s (0h:0m:0s left)
Optimizing NNI: done in 0.00011982 secs using 98.48% CPU
Optimizing NNI: done in 0.000147114 secs using 99.24% CPU
Optimizing NNI: done in 0.000145329 secs using 99.09% CPU
Optimizing NNI: done in 0.000146413 secs using 99.03% CPU
Optimizing NNI: done in 0.000152294 secs
Optimizing NNI: done in 0.000150567 secs using 94.31% CPU
Optimizing NNI: done in 0.000125259 secs using 98.99% CPU
Optimizing NNI: done in 0.000120157 secs using 99.04% CPU
Optimizing NNI: done in 0.000120031 secs using 99.14% CPU
Optimizing NNI: done in 0.000164572 secs using 95.4% CPU
Iteration 890 / LogL: -840.196 / Time: 0h:3m:30s (0h:0m:0s left)
Optimizing NNI: done in 0.000121094 secs using 99.1% CPU
Optimizing NNI: done in 0.000120459 secs using 98.79% CPU
Optimizing NNI: done in 0.00012012 secs using 98.23% CPU
Optimizing NNI: done in 0.00014724 secs using 99.16% CPU
Optimizing NNI: done in 0.0001457 secs using 98.83% CPU
Optimizing NNI: done in 0.000133377 secs using 95.97% CPU
Optimizing NNI: done in 0.000119455 secs using 98.78% CPU
Optimizing NNI: done in 0.000146007 secs using 99.31% CPU
Optimizing NNI: done in 0.000144558 secs using 98.92% CPU
Optimizing NNI: done in 0.00011993 secs using 98.39% CPU
Iteration 900 / LogL: -840.199 / Time: 0h:3m:30s (0h:0m:0s left)
Log-likelihood cutoff on original alignment: -840.199
NOTE: Bootstrap correlation coefficient of split occurrence frequencies: 1.000
TREE SEARCH COMPLETED AFTER 900 ITERATIONS / Time: 0h:3m:30s

--------------------------------------------------------------------
|                    FINALIZING TREE SEARCH                        |
--------------------------------------------------------------------
Performs final model parameters optimization
Estimate model parameters (epsilon = 0.010)
1. Initial log-likelihood: -840.196
Optimal log-likelihood: -840.196
Rate parameters:  A-C: 1.00000  A-G: 1.00000  A-T: 1.00000  C-G: 1.00000  C-T: 1.00000  G-T: 1.00000
Base frequencies:  A: 0.231  C: 0.235  G: 0.243  T: 0.291
Parameters optimization took 1 rounds (0.000 sec)
BEST SCORE FOUND : -840.196
Creating bootstrap support values...
Split supports printed to NEXUS file data/packages/ITS/Indoporus/ref.splits.nex
Total tree length: 0.011

Total number of iterations: 900
CPU time used for tree search: 3.450 sec (0h:0m:3s)
Wall-clock time used for tree search: 3.489 sec (0h:0m:3s)
Total CPU time used: 320.336 sec (0h:5m:20s)
Total wall-clock time used: 210.171 sec (0h:3m:30s)

Computing bootstrap consensus tree...
Reading input file data/packages/ITS/Indoporus/ref.splits.nex...
4 taxa and 7 splits.
Consensus tree written to data/packages/ITS/Indoporus/ref.contree
Reading input trees file data/packages/ITS/Indoporus/ref.contree
Log-likelihood of consensus tree: -840.200

Analysis results written to: 
  IQ-TREE report:                data/packages/ITS/Indoporus/ref.iqtree
  Maximum-likelihood tree:       data/packages/ITS/Indoporus/ref.treefile
  Likelihood distances:          data/packages/ITS/Indoporus/ref.mldist

Ultrafast bootstrap approximation results written to:
  Split support values:          data/packages/ITS/Indoporus/ref.splits.nex
  Consensus tree:                data/packages/ITS/Indoporus/ref.contree
  Screen log file:               data/packages/ITS/Indoporus/ref.log

Date and Time: Mon Aug 18 17:52:19 2025
