IQ-TREE version 3.0.1 for Linux x86 64-bit built May  5 2025
Developed by Bui Quang Minh, Thomas Wong, Nhan Ly-Trong, Huaiyan Ren
Contributed by Lam-Tung Nguyen, Dominik Schrempf, Chris Bielow,
Olga Chernomor, Michael Woodhams, Diep Thi Hoang, Heiko Schmidt

Host:    lnx820.umnh.utah.edu (AVX2, FMA3, 865 GB RAM)
Command: /home/bdentinger/iqtree-3.0.1-Linux/bin/iqtree3_intel -s data/packages/ITS/Hemileccinum/aln.masked.fasta -m MFP -bb 1000 -nt AUTO -pre data/packages/ITS/Hemileccinum/ref
Seed:    116500 (Using SPRNG - Scalable Parallel Random Number Generator)
Time:    Mon Aug 18 18:29:27 2025
Kernel:  AVX+FMA - auto-detect threads (72 CPU cores detected)

Reading alignment file data/packages/ITS/Hemileccinum/aln.masked.fasta ... Fasta format detected
Reading fasta file: done in 0.00123923 secs using 87.39% CPU
Alignment most likely contains DNA/RNA sequences
Constructing alignment: done in 0.00124091 secs using 99.85% CPU
Alignment has 115 sequences with 523 columns, 334 distinct patterns
234 parsimony-informative, 44 singleton sites, 245 constant sites
                  Gap/Ambiguity  Composition  p-value
Analyzing sequences: done in 0.00015614 secs using 99.27% CPU
   1  Hemileccinum_001    0.96%    passed     99.83%
   2  Hemileccinum_002   14.53%    passed     99.50%
   3  Hemileccinum_003    0.96%    passed     99.99%
   4  Hemileccinum_004    1.15%    passed     99.74%
   5  Hemileccinum_005    0.96%    passed     99.83%
   6  Hemileccinum_006    0.00%    passed     94.67%
   7  Hemileccinum_007    0.96%    passed     99.82%
   8  Hemileccinum_008    6.31%    passed     39.73%
   9  Hemileccinum_009   14.34%    passed     99.52%
  10  Hemileccinum_010    0.00%    passed     73.58%
  11  Hemileccinum_011    1.91%    passed     96.11%
  12  Hemileccinum_012    0.00%    passed     95.32%
  13  Hemileccinum_013    0.00%    passed     95.17%
  14  Hemileccinum_014    0.00%    passed     95.17%
  15  Hemileccinum_015    0.00%    passed     77.61%
  16  Hemileccinum_016   16.06%    passed     94.62%
  17  Hemileccinum_017   14.91%    passed     89.49%
  18  Hemileccinum_018    9.18%    passed     89.20%
  19  Hemileccinum_019   14.91%    passed     89.49%
  20  Hemileccinum_020   18.93%    passed     80.28%
  21  Hemileccinum_021    0.19%    passed     97.21%
  22  Hemileccinum_022   11.09%    passed     46.93%
  23  Hemileccinum_023   11.47%    passed     46.30%
  24  Hemileccinum_024   53.73%    passed     70.04%
  25  Hemileccinum_025   12.05%    passed     69.39%
  26  Hemileccinum_026    0.00%    passed     99.63%
  27  Hemileccinum_027    0.00%    passed     98.41%
  28  Hemileccinum_028    0.00%    passed     98.41%
  29  Hemileccinum_029    0.00%    passed     96.28%
  30  Hemileccinum_030    0.00%    passed     95.17%
  31  Hemileccinum_031    9.56%    passed     92.07%
  32  Hemileccinum_032    0.19%    passed     97.21%
  33  Hemileccinum_033    0.38%    passed     93.46%
  34  Hemileccinum_034   21.99%    failed      0.01%
  35  Hemileccinum_035    0.96%    passed     99.83%
  36  Hemileccinum_036    1.34%    passed     99.31%
  37  Hemileccinum_037    0.00%    passed     99.85%
  38  Hemileccinum_038    0.00%    passed     99.27%
  39  Hemileccinum_039    6.31%    passed     39.73%
  40  Hemileccinum_040    6.50%    passed     42.09%
  41  Hemileccinum_041    0.00%    passed     99.46%
  42  Hemileccinum_042   14.34%    passed     85.64%
  43  Hemileccinum_043    0.00%    passed     77.61%
  44  Hemileccinum_044    0.00%    passed     99.46%
  45  Hemileccinum_045    0.19%    passed     97.21%
  46  Hemileccinum_046    0.00%    passed     99.46%
  47  Hemileccinum_047    0.00%    passed     99.46%
  48  Hemileccinum_048    9.75%    passed     99.72%
  49  Hemileccinum_049    0.96%    passed     99.83%
  50  Hemileccinum_050   14.34%    passed     85.64%
  51  Hemileccinum_051    0.00%    passed     99.85%
  52  Hemileccinum_052    0.00%    passed     77.61%
  53  Hemileccinum_053    0.00%    passed     99.46%
  54  Hemileccinum_054    6.31%    passed     39.73%
  55  Hemileccinum_055    6.50%    passed     42.09%
  56  Hemileccinum_056    0.00%    passed     17.68%
  57  Hemileccinum_057    1.15%    passed     19.64%
  58  Hemileccinum_058    0.00%    passed     17.68%
  59  Hemileccinum_059    0.00%    passed     99.63%
  60  Hemileccinum_060    0.00%    passed     98.91%
  61  Hemileccinum_061    0.38%    passed     96.97%
  62  Hemileccinum_062    0.38%    passed     96.97%
  63  Hemileccinum_063    0.19%    passed     96.31%
  64  Hemileccinum_064    0.19%    passed     96.31%
  65  Hemileccinum_065    0.38%    passed     99.93%
  66  Hemileccinum_066    0.38%    passed     99.93%
  67  Hemileccinum_067    0.38%    passed     99.93%
  68  Hemileccinum_068   10.13%    passed     96.29%
  69  Hemileccinum_069    0.76%    passed     99.11%
  70  Hemileccinum_070    0.38%    passed     99.93%
  71  Hemileccinum_071    0.38%    passed     99.93%
  72  Hemileccinum_072    0.76%    passed     99.74%
  73  Hemileccinum_073    0.38%    passed     99.93%
  74  Hemileccinum_074    0.38%    passed     99.93%
  75  Hemileccinum_075    0.19%    passed     97.21%
  76  Hemileccinum_076   12.24%    passed     60.49%
  77  Hemileccinum_077    0.00%    passed     73.58%
  78  Hemileccinum_078    0.00%    passed     73.58%
  79  Hemileccinum_079    0.19%    passed     97.21%
  80  Hemileccinum_080    7.27%    passed     99.00%
  81  Hemileccinum_081   16.44%    passed     99.95%
  82  Hemileccinum_082    0.57%    passed     91.87%
  83  Hemileccinum_083    0.38%    passed     92.08%
  84  Hemileccinum_084    0.57%    passed     90.29%
  85  Hemileccinum_085    0.19%    passed     88.06%
  86  Hemileccinum_086    0.19%    passed     88.06%
  87  Hemileccinum_087    0.76%    passed     91.14%
  88  Hemileccinum_088    0.00%    passed     84.00%
  89  Hemileccinum_089    4.59%    passed     99.58%
  90  Hemileccinum_090    0.96%    passed     99.83%
  91  Hemileccinum_091    0.96%    passed     99.83%
  92  Hemileccinum_092    0.19%    passed     97.21%
  93  Hemileccinum_093    0.00%    passed     79.93%
  94  Hemileccinum_094    0.00%    passed     87.70%
  95  Hemileccinum_095    8.99%    passed     72.31%
  96  Hemileccinum_096    8.99%    passed     73.78%
  97  Hemileccinum_097   10.13%    passed     75.47%
  98  Hemileccinum_098    0.96%    passed     99.99%
  99  Hemileccinum_099    1.34%    passed     99.98%
 100  Hemileccinum_100    1.15%    passed     99.74%
 101  Hemileccinum_101   33.65%    passed     90.45%
 102  Hemileccinum_102   31.55%    passed     91.67%
 103  Hemileccinum_103   32.31%    passed     90.10%
 104  Hemileccinum_104   31.55%    passed     94.14%
 105  Hemileccinum_105   31.74%    passed     89.48%
 106  Hemileccinum_106   31.55%    passed     91.67%
 107  Hemileccinum_107   32.31%    passed     90.10%
 108  Hemileccinum_108   32.31%    passed     90.10%
 109  Hemileccinum_109    0.96%    passed     99.83%
 110  Hemileccinum_110    0.96%    passed     99.99%
 111  Hemileccinum_111   56.21%    passed     34.51%
 112  Hemileccinum_112    1.72%    passed     98.78%
 113  Hemileccinum_113    1.15%    passed     99.95%
 114  Hemileccinum_114    1.34%    passed     90.54%
 115  Hemileccinum_115    3.25%    passed     82.99%
WARNING: 2 sequences contain more than 50% gaps/ambiguity
****  TOTAL               6.27%  1 sequences failed composition chi2 test (p-value<5%; df=3)
NOTE: Hemileccinum_005 is identical to Hemileccinum_001 but kept for subsequent analysis
NOTE: Hemileccinum_100 is identical to Hemileccinum_004 but kept for subsequent analysis
NOTE: Hemileccinum_039 is identical to Hemileccinum_008 but kept for subsequent analysis
NOTE: Hemileccinum_077 is identical to Hemileccinum_010 but kept for subsequent analysis
NOTE: Hemileccinum_014 is identical to Hemileccinum_013 but kept for subsequent analysis
NOTE: Hemileccinum_043 is identical to Hemileccinum_015 but kept for subsequent analysis
NOTE: Hemileccinum_019 is identical to Hemileccinum_017 but kept for subsequent analysis
NOTE: Hemileccinum_032 is identical to Hemileccinum_021 but kept for subsequent analysis
NOTE: Hemileccinum_059 is identical to Hemileccinum_026 but kept for subsequent analysis
NOTE: Hemileccinum_028 is identical to Hemileccinum_027 but kept for subsequent analysis
NOTE: Hemileccinum_051 is identical to Hemileccinum_037 but kept for subsequent analysis
NOTE: Hemileccinum_044 is identical to Hemileccinum_041 but kept for subsequent analysis
NOTE: Hemileccinum_050 is identical to Hemileccinum_042 but kept for subsequent analysis
NOTE: Hemileccinum_058 is identical to Hemileccinum_056 but kept for subsequent analysis
NOTE: Hemileccinum_062 is identical to Hemileccinum_061 but kept for subsequent analysis
NOTE: Hemileccinum_064 is identical to Hemileccinum_063 but kept for subsequent analysis
NOTE: Hemileccinum_066 is identical to Hemileccinum_065 but kept for subsequent analysis
NOTE: Hemileccinum_086 is identical to Hemileccinum_085 but kept for subsequent analysis
NOTE: Hemileccinum_106 is identical to Hemileccinum_102 but kept for subsequent analysis
NOTE: Hemileccinum_107 is identical to Hemileccinum_103 but kept for subsequent analysis
Checking for duplicate sequences: done in 0.000690656 secs using 49.81% CPU
Identifying sites to remove: done in 0.000773516 secs
NOTE: 22 identical sequences (see below) will be ignored for subsequent analysis
NOTE: Hemileccinum_035 (identical to Hemileccinum_001) is ignored but added at the end
NOTE: Hemileccinum_049 (identical to Hemileccinum_001) is ignored but added at the end
NOTE: Hemileccinum_090 (identical to Hemileccinum_001) is ignored but added at the end
NOTE: Hemileccinum_091 (identical to Hemileccinum_001) is ignored but added at the end
NOTE: Hemileccinum_109 (identical to Hemileccinum_001) is ignored but added at the end
NOTE: Hemileccinum_054 (identical to Hemileccinum_008) is ignored but added at the end
NOTE: Hemileccinum_078 (identical to Hemileccinum_010) is ignored but added at the end
NOTE: Hemileccinum_030 (identical to Hemileccinum_013) is ignored but added at the end
NOTE: Hemileccinum_052 (identical to Hemileccinum_015) is ignored but added at the end
NOTE: Hemileccinum_045 (identical to Hemileccinum_021) is ignored but added at the end
NOTE: Hemileccinum_075 (identical to Hemileccinum_021) is ignored but added at the end
NOTE: Hemileccinum_079 (identical to Hemileccinum_021) is ignored but added at the end
NOTE: Hemileccinum_092 (identical to Hemileccinum_021) is ignored but added at the end
NOTE: Hemileccinum_046 (identical to Hemileccinum_041) is ignored but added at the end
NOTE: Hemileccinum_047 (identical to Hemileccinum_041) is ignored but added at the end
NOTE: Hemileccinum_053 (identical to Hemileccinum_041) is ignored but added at the end
NOTE: Hemileccinum_067 (identical to Hemileccinum_065) is ignored but added at the end
NOTE: Hemileccinum_070 (identical to Hemileccinum_065) is ignored but added at the end
NOTE: Hemileccinum_071 (identical to Hemileccinum_065) is ignored but added at the end
NOTE: Hemileccinum_073 (identical to Hemileccinum_065) is ignored but added at the end
NOTE: Hemileccinum_074 (identical to Hemileccinum_065) is ignored but added at the end
NOTE: Hemileccinum_108 (identical to Hemileccinum_103) is ignored but added at the end
Alignment was printed to data/packages/ITS/Hemileccinum/ref.uniqueseq.phy

For your convenience alignment with unique sequences printed to data/packages/ITS/Hemileccinum/ref.uniqueseq.phy


Create initial parsimony tree by phylogenetic likelihood library (PLL)... 0.008 seconds
Measuring multi-threading efficiency up to 72 CPU cores
Increase to 10 rounds for branch lengths
791 trees examined
Threads: 1 / Time: 72.036 sec / Speedup: 1.000 / Efficiency: 100% / LogL: -12076
Threads: 2 / Time: 63.069 sec / Speedup: 1.142 / Efficiency: 57% / LogL: -12076
Threads: 3 / Time: 44.994 sec / Speedup: 1.601 / Efficiency: 53% / LogL: -12076
Threads: 4 / Time: 45.566 sec / Speedup: 1.581 / Efficiency: 40% / LogL: -12076
Determining AUTO threadcount: done in 225.666 secs using 223.9% CPU
BEST NUMBER OF THREADS: 3

Perform fast likelihood tree search using GTR+I+G model...
Estimate model parameters (epsilon = 5.000)
Perform nearest neighbor interchange...
Optimizing NNI: done in 0.12379 secs using 295.1% CPU
Estimate model parameters (epsilon = 1.000)
1. Initial log-likelihood: -4116.396
Optimal log-likelihood: -4116.307
Rate parameters:  A-C: 2.15574  A-G: 3.91837  A-T: 1.94590  C-G: 1.78541  C-T: 5.09124  G-T: 1.00000
Base frequencies:  A: 0.235  C: 0.230  G: 0.238  T: 0.297
Proportion of invariable sites: 0.217
Gamma shape alpha: 0.732
Parameters optimization took 1 rounds (0.028 sec)
Time for fast ML tree search: 0.255 seconds

NOTE: ModelFinder requires 11 MB RAM!
ModelFinder will test up to 968 DNA models (sample size: 523 epsilon: 0.100) ...
 No. Model         -LnL         df  AIC          AICc         BIC
  1  JC            4430.302     183 9226.605     9425.259     10006.108
  2  JC+I          4259.673     184 8887.346     9088.766     9671.109
  3  JC+G4         4202.103     184 8772.206     8973.626     9555.969
  4  JC+I+G4       4201.415     185 8772.829     8977.043     9560.852
  5  JC+R2         4207.278     185 8784.556     8988.770     9572.579
  6  JC+R3         4198.788     187 8771.576     8981.463     9568.118
  7  JC+R4         4198.435     189 8774.870     8990.545     9579.930
 14  JC+I+R2       4199.767     186 8771.534     8978.570     9563.816
 15  JC+I+R3       4198.548     188 8773.096     8985.863     9573.898
 25  JC+G4         4202.103     184 8772.206     8973.626     9555.969
 26  JC+I+G4       4201.415     185 8772.829     8977.043     9560.852
 36  JC+I+R2       4199.767     186 8771.534     8978.570     9563.816
 47  F81+G4        4202.105     184 8772.210     8973.630     9555.973
 48  F81+I+G4      4201.403     185 8772.806     8977.019     9560.828
 58  F81+I+R2      4199.658     186 8771.317     8978.352     9563.599
 69  F81+F+G4      4198.440     187 8770.880     8980.767     9567.422
 70  F81+F+I+G4    4197.791     188 8771.583     8984.349     9572.384
 80  F81+F+I+R2    4196.106     189 8770.212     8985.888     9575.273
 91  K2P+G4        4130.112     185 8630.224     8834.437     9418.246
 92  K2P+I+G4      4129.248     186 8630.496     8837.532     9422.778
102  K2P+I+R2      4127.496     187 8628.992     8838.879     9425.534
113  K2P+G4        4130.112     185 8630.224     8834.437     9418.246
114  K2P+I+G4      4129.248     186 8630.496     8837.532     9422.778
124  K2P+I+R2      4127.496     187 8628.992     8838.879     9425.534
135  HKY+G4        4130.111     185 8630.222     8834.436     9418.245
136  HKY+I+G4      4129.241     186 8630.482     8837.518     9422.764
146  HKY+I+R2      4127.470     187 8628.941     8838.827     9425.483
157  HKY+F+G4      4126.727     188 8629.453     8842.220     9430.255
158  HKY+F+I+G4    4126.062     189 8630.123     8845.799     9435.184
168  HKY+F+I+R2    4124.591     190 8629.183     8847.797     9438.503
179  TNe+G4        4125.992     186 8623.984     8831.019     9416.266
180  TNe+I+G4      4125.429     187 8624.859     8834.746     9421.401
190  TNe+I+R2      4124.009     188 8624.019     8836.785     9424.820
201  TNe+G4        4125.992     186 8623.984     8831.019     9416.266
202  TNe+I+G4      4125.429     187 8624.859     8834.746     9421.401
212  TNe+I+R2      4124.009     188 8624.019     8836.785     9424.820
223  TN+G4         4125.991     186 8623.983     8831.019     9416.265
224  TN+I+G4       4125.416     187 8624.832     8834.719     9421.374
234  TN+I+R2       4124.009     188 8624.018     8836.784     9424.819
245  TN+F+G4       4124.900     189 8627.800     8843.476     9432.861
246  TN+F+I+G4     4124.416     190 8628.833     8847.447     9438.153
256  TN+F+I+R2     4123.234     191 8628.467     8850.051     9442.048
267  K3P+G4        4128.408     186 8628.817     8835.852     9421.099
268  K3P+I+G4      4127.483     187 8628.965     8838.852     9425.507
278  K3P+I+R2      4125.743     188 8627.487     8840.253     9428.288
289  K3P+G4        4128.408     186 8628.817     8835.852     9421.099
290  K3P+I+G4      4127.483     187 8628.965     8838.852     9425.507
300  K3P+I+R2      4125.743     188 8627.487     8840.253     9428.288
311  K3Pu+G4       4128.407     186 8628.814     8835.850     9421.096
312  K3Pu+I+G4     4127.478     187 8628.955     8838.842     9425.497
322  K3Pu+I+R2     4125.737     188 8627.474     8840.241     9428.276
333  K3Pu+F+G4     4124.940     189 8627.880     8843.555     9432.941
334  K3Pu+F+I+G4   4124.204     190 8628.408     8847.022     9437.728
344  K3Pu+F+I+R2   4122.819     191 8627.638     8849.221     9441.218
355  TPM2+G4       4125.803     186 8623.607     8830.643     9415.889
356  TPM2+I+G4     4124.917     187 8623.833     8833.720     9420.375
366  TPM2+I+R2     4123.430     188 8622.860     8835.627     9423.661
377  TPM2+G4       4125.803     186 8623.607     8830.643     9415.889
378  TPM2+I+G4     4124.917     187 8623.833     8833.720     9420.375
388  TPM2+I+R2     4123.430     188 8622.860     8835.627     9423.661
399  TPM2u+G4      4125.803     186 8623.606     8830.642     9415.888
400  TPM2u+I+G4    4124.912     187 8623.823     8833.710     9420.365
410  TPM2u+I+R2    4123.427     188 8622.854     8835.621     9423.656
421  TPM2u+F+G4    4122.162     189 8622.324     8837.999     9427.385
422  TPM2u+F+I+G4  4121.480     190 8622.959     8841.574     9432.280
432  TPM2u+F+I+R2  4120.367     191 8622.734     8844.317     9436.314
443  TPM3+G4       4129.802     186 8631.603     8838.639     9423.886
444  TPM3+I+G4     4128.999     187 8631.999     8841.885     9428.540
454  TPM3+I+R2     4127.290     188 8630.580     8843.347     9431.382
465  TPM3+G4       4129.802     186 8631.603     8838.639     9423.886
466  TPM3+I+G4     4128.999     187 8631.999     8841.885     9428.540
476  TPM3+I+R2     4127.290     188 8630.580     8843.347     9431.382
487  TPM3u+G4      4129.801     186 8631.603     8838.639     9423.885
488  TPM3u+I+G4    4128.993     187 8631.987     8841.873     9428.528
498  TPM3u+I+R2    4127.290     188 8630.580     8843.346     9431.381
509  TPM3u+F+G4    4124.209     189 8626.418     8842.094     9431.479
510  TPM3u+F+I+G4  4123.734     190 8627.468     8846.082     9436.788
520  TPM3u+F+I+R2  4122.533     191 8627.065     8848.648     9440.645
531  TIMe+G4       4124.275     187 8622.549     8832.436     9419.091
532  TIMe+I+G4     4123.652     188 8623.305     8836.071     9424.106
542  TIMe+I+R2     4122.294     189 8622.588     8838.264     9427.649
553  TIMe+G4       4124.275     187 8622.549     8832.436     9419.091
554  TIMe+I+G4     4123.652     188 8623.305     8836.071     9424.106
564  TIMe+I+R2     4122.294     189 8622.588     8838.264     9427.649
575  TIM+G4        4124.275     187 8622.549     8832.436     9419.091
576  TIM+I+G4      4123.641     188 8623.283     8836.049     9424.084
586  TIM+I+R2      4122.293     189 8622.586     8838.261     9427.646
597  TIM+F+G4      4123.082     190 8626.165     8844.779     9435.485
598  TIM+F+I+G4    4122.537     191 8627.074     8848.657     9440.654
608  TIM+F+I+R2    4121.469     192 8626.938     8851.520     9444.777
619  TIM2e+G4      4121.498     187 8616.997     8826.884     9413.539
620  TIM2e+I+G4    4120.929     188 8617.858     8830.624     9418.659
630  TIM2e+I+R2    4119.849     189 8617.698     8833.374     9422.759
641  TIM2e+G4      4121.498     187 8616.997     8826.884     9413.539
642  TIM2e+I+G4    4120.929     188 8617.858     8830.624     9418.659
652  TIM2e+I+R2    4119.849     189 8617.698     8833.374     9422.759
663  TIM2+G4       4121.498     187 8616.997     8826.883     9413.538
664  TIM2+I+G4     4120.919     188 8617.839     8830.605     9418.640
674  TIM2+I+R2     4119.842     189 8617.685     8833.361     9422.746
685  TIM2+F+G4     4120.208     190 8620.416     8839.030     9429.736
686  TIM2+F+I+G4   4119.739     191 8621.478     8843.061     9435.058
696  TIM2+F+I+R2   4118.941     192 8621.883     8846.465     9439.722
707  TIM3e+G4      4125.750     187 8625.500     8835.386     9422.041
708  TIM3e+I+G4    4125.202     188 8626.403     8839.170     9427.204
718  TIM3e+I+R2    4123.886     189 8625.773     8841.448     9430.834
729  TIM3e+G4      4125.750     187 8625.500     8835.386     9422.041
730  TIM3e+I+G4    4125.202     188 8626.403     8839.170     9427.204
740  TIM3e+I+R2    4123.886     189 8625.773     8841.448     9430.834
751  TIM3+G4       4125.750     187 8625.500     8835.386     9422.041
752  TIM3+I+G4     4125.191     188 8626.381     8839.148     9427.182
762  TIM3+I+R2     4123.883     189 8625.766     8841.441     9430.827
773  TIM3+F+G4     4122.378     190 8624.756     8843.370     9434.076
774  TIM3+F+I+G4   4122.050     191 8626.101     8847.684     9439.681
784  TIM3+F+I+R2   4121.161     192 8626.321     8850.903     9444.161
795  TVMe+G4       4124.148     188 8624.297     8837.063     9425.098
796  TVMe+I+G4     4123.273     189 8624.547     8840.222     9429.607
806  TVMe+I+R2     4121.878     190 8623.756     8842.370     9433.076
817  TVMe+G4       4124.148     188 8624.297     8837.063     9425.098
818  TVMe+I+G4     4123.273     189 8624.547     8840.222     9429.607
828  TVMe+I+R2     4121.878     190 8623.756     8842.370     9433.076
839  TVM+G4        4124.148     188 8624.296     8837.062     9425.097
840  TVM+I+G4      4123.269     189 8624.538     8840.214     9429.599
850  TVM+I+R2      4121.866     190 8623.732     8842.347     9433.053
861  TVM+F+G4      4118.362     191 8618.724     8840.307     9432.304
862  TVM+F+I+G4    4117.837     192 8619.673     8844.255     9437.513
872  TVM+F+I+R2    4116.971     193 8619.942     8847.553     9442.041
883  SYM+G4        4119.921     189 8617.841     8833.517     9422.902
884  SYM+I+G4      4119.355     190 8618.711     8837.325     9428.031
894  SYM+I+R2      4118.332     191 8618.664     8840.247     9432.244
905  SYM+G4        4119.921     189 8617.841     8833.517     9422.902
906  SYM+I+G4      4119.355     190 8618.711     8837.325     9428.031
916  SYM+I+R2      4118.332     191 8618.664     8840.247     9432.244
927  GTR+G4        4119.920     189 8617.839     8833.515     9422.900
928  GTR+I+G4      4119.348     190 8618.697     8837.311     9428.017
938  GTR+I+R2      4118.329     191 8618.658     8840.241     9432.238
949  GTR+F+G4      4116.406     192 8616.813     8841.395     9434.652
950  GTR+F+I+G4    4116.069     193 8618.138     8845.749     9440.237
960  GTR+F+I+R2    4115.515     194 8619.029     8849.700     9445.388
Akaike Information Criterion:           GTR+F+G4
Corrected Akaike Information Criterion: TIM2+G4
Bayesian Information Criterion:         TIM2+G4
Best-fit model: TIM2+G4 chosen according to BIC

All model information printed to data/packages/ITS/Hemileccinum/ref.model.gz
CPU time for ModelFinder: 522.363 seconds (0h:8m:42s)
Wall-clock time for ModelFinder: 231.431 seconds (0h:3m:51s)
Generating 1000 samples for ultrafast bootstrap (seed: 116500)...

NOTE: 5 MB RAM (0 GB) is required!
Estimate model parameters (epsilon = 0.100)
1. Initial log-likelihood: -4120.821
2. Current log-likelihood: -4120.224
Optimal log-likelihood: -4120.208
Rate parameters:  A-C: 1.53175  A-G: 2.91485  A-T: 1.53175  C-G: 1.00000  C-T: 3.84299  G-T: 1.00000
Base frequencies:  A: 0.235  C: 0.230  G: 0.238  T: 0.297
Gamma shape alpha: 0.438
Parameters optimization took 2 rounds (0.040 sec)
Wrote distance file to... 
Computing ML distances based on estimated model parameters...
Calculating distance matrix: done in 0.0120876 secs using 300.3% CPU
Computing ML distances took 0.012274 sec (of wall-clock time) 0.036487 sec (of CPU time)
Setting up auxiliary I and S matrices: done in 0.000386251 secs using 76.89% CPU
Constructing RapidNJ tree: done in 0.00240676 secs using 148% CPU
Computing RapidNJ tree took 0.002926 sec (of wall-clock time) 0.003917 sec (of CPU time)
Log-likelihood of RapidNJ tree: -4154.507
--------------------------------------------------------------------
|             INITIALIZING CANDIDATE TREE SET                      |
--------------------------------------------------------------------
Generating 98 parsimony trees... 0.856 second
Computing log-likelihood of 98 initial trees ... 0.583 seconds
Current best score: -4120.208

Do NNI search on 20 best initial trees
Optimizing NNI: done in 0.149475 secs using 295% CPU
Estimate model parameters (epsilon = 0.100)
BETTER TREE FOUND at iteration 1: -4117.150
Optimizing NNI: done in 0.257589 secs using 298.1% CPU
Optimizing NNI: done in 0.232887 secs using 294.6% CPU
Estimate model parameters (epsilon = 0.100)
BETTER TREE FOUND at iteration 3: -4116.299
Optimizing NNI: done in 0.221388 secs using 296.6% CPU
Estimate model parameters (epsilon = 0.100)
BETTER TREE FOUND at iteration 4: -4116.205
Optimizing NNI: done in 0.270638 secs using 295.1% CPU
Optimizing NNI: done in 0.166147 secs using 295.3% CPU
Optimizing NNI: done in 0.209157 secs using 296.2% CPU
Optimizing NNI: done in 0.242961 secs using 297.2% CPU
BETTER TREE FOUND at iteration 8: -4116.204
Optimizing NNI: done in 0.250272 secs using 296.7% CPU
BETTER TREE FOUND at iteration 9: -4116.204
Optimizing NNI: done in 0.215477 secs using 297.4% CPU
Iteration 10 / LogL: -4117.148 / Time: 0h:3m:55s
Optimizing NNI: done in 0.218309 secs using 296.2% CPU
Optimizing NNI: done in 0.233844 secs using 296.1% CPU
Optimizing NNI: done in 0.234671 secs using 296.1% CPU
Optimizing NNI: done in 0.258131 secs using 296.5% CPU
BETTER TREE FOUND at iteration 14: -4116.204
Optimizing NNI: done in 0.23402 secs using 297.1% CPU
Optimizing NNI: done in 0.266276 secs using 297.2% CPU
BETTER TREE FOUND at iteration 16: -4116.204
Optimizing NNI: done in 0.229137 secs using 295.2% CPU
Optimizing NNI: done in 0.207893 secs using 297.9% CPU
Optimizing NNI: done in 0.242806 secs using 293.7% CPU
Optimizing NNI: done in 0.242899 secs using 295.8% CPU
Iteration 20 / LogL: -4117.151 / Time: 0h:3m:57s
Finish initializing candidate tree set (20)
Current best tree score: -4116.204 / CPU time: 6.108
Number of iterations: 20
--------------------------------------------------------------------
|               OPTIMIZING CANDIDATE TREE SET                      |
--------------------------------------------------------------------
Optimizing NNI: done in 0.346413 secs using 296.9% CPU
Optimizing NNI: done in 0.220268 secs using 295.6% CPU
Optimizing NNI: done in 0.294962 secs using 295.6% CPU
Optimizing NNI: done in 0.244855 secs using 295.6% CPU
Optimizing NNI: done in 0.304213 secs using 293.3% CPU
Optimizing NNI: done in 0.331854 secs using 293.2% CPU
Optimizing NNI: done in 0.225571 secs using 290.5% CPU
Optimizing NNI: done in 0.21196 secs using 292.9% CPU
Optimizing NNI: done in 0.275095 secs using 293.7% CPU
Optimizing NNI: done in 0.244416 secs using 293.9% CPU
Iteration 30 / LogL: -4116.207 / Time: 0h:4m:0s (0h:0m:26s left)
Optimizing NNI: done in 0.237977 secs using 295.5% CPU
Optimizing NNI: done in 0.265996 secs using 295.2% CPU
Optimizing NNI: done in 0.259102 secs using 293.3% CPU
Optimizing NNI: done in 0.254101 secs using 296.7% CPU
Optimizing NNI: done in 0.139526 secs using 290.4% CPU
Optimizing NNI: done in 0.254028 secs using 294.4% CPU
Optimizing NNI: done in 0.230877 secs using 293.3% CPU
Optimizing NNI: done in 0.281367 secs using 295.1% CPU
Optimizing NNI: done in 0.280103 secs using 296.9% CPU
Optimizing NNI: done in 0.264979 secs using 295.3% CPU
Iteration 40 / LogL: -4116.306 / Time: 0h:4m:2s (0h:0m:22s left)
Optimizing NNI: done in 0.215694 secs using 297.5% CPU
Optimizing NNI: done in 0.247856 secs using 294.6% CPU
Optimizing NNI: done in 0.458073 secs using 294.9% CPU
Optimizing NNI: done in 0.301976 secs using 294.4% CPU
Optimizing NNI: done in 0.305129 secs using 293.1% CPU
Optimizing NNI: done in 0.281119 secs using 294.6% CPU
Optimizing NNI: done in 0.306226 secs using 294.5% CPU
Estimate model parameters (epsilon = 0.100)
BETTER TREE FOUND at iteration 47: -4115.582
Optimizing NNI: done in 0.261143 secs using 291.8% CPU
Optimizing NNI: done in 0.290412 secs using 295.6% CPU
Optimizing NNI: done in 0.274559 secs using 293.4% CPU
Iteration 50 / LogL: -4116.316 / Time: 0h:4m:5s (0h:0m:28s left)
Log-likelihood cutoff on original alignment: -4148.247
Optimizing NNI: done in 0.245267 secs using 295.8% CPU
Optimizing NNI: done in 0.26015 secs using 297.3% CPU
Optimizing NNI: done in 0.303658 secs using 293.7% CPU
Optimizing NNI: done in 0.268966 secs using 294.6% CPU
Estimate model parameters (epsilon = 0.100)
BETTER TREE FOUND at iteration 54: -4113.101
Optimizing NNI: done in 0.242142 secs using 294.2% CPU
Optimizing NNI: done in 0.282694 secs using 294.8% CPU
Optimizing NNI: done in 0.182742 secs using 295.9% CPU
Optimizing NNI: done in 0.285401 secs using 295.2% CPU
Optimizing NNI: done in 0.24057 secs using 295.9% CPU
Estimate model parameters (epsilon = 0.100)
BETTER TREE FOUND at iteration 59: -4112.580
Optimizing NNI: done in 0.176622 secs using 295% CPU
Iteration 60 / LogL: -4112.583 / Time: 0h:4m:8s (0h:0m:29s left)
Optimizing NNI: done in 0.242187 secs using 295.4% CPU
Optimizing NNI: done in 0.259862 secs using 293.3% CPU
Optimizing NNI: done in 0.137593 secs using 293.4% CPU
Optimizing NNI: done in 0.217459 secs using 292.3% CPU
Optimizing NNI: done in 0.263897 secs using 295.2% CPU
Optimizing NNI: done in 0.232404 secs using 295.9% CPU
Optimizing NNI: done in 0.269929 secs using 293.1% CPU
Optimizing NNI: done in 0.259994 secs using 292% CPU
Optimizing NNI: done in 0.349859 secs using 296.9% CPU
Optimizing NNI: done in 0.255773 secs using 296.7% CPU
Iteration 70 / LogL: -4112.587 / Time: 0h:4m:11s (0h:0m:25s left)
Optimizing NNI: done in 0.259358 secs using 292.8% CPU
Optimizing NNI: done in 0.236288 secs using 295.6% CPU
Optimizing NNI: done in 0.114519 secs using 292.4% CPU
Optimizing NNI: done in 0.244512 secs using 293.1% CPU
Optimizing NNI: done in 0.279688 secs using 292.4% CPU
Optimizing NNI: done in 0.192884 secs using 292.6% CPU
Optimizing NNI: done in 0.307637 secs using 294.4% CPU
Optimizing NNI: done in 0.232432 secs using 295% CPU
Optimizing NNI: done in 0.261382 secs using 295.2% CPU
Optimizing NNI: done in 0.271561 secs using 293% CPU
Iteration 80 / LogL: -4113.119 / Time: 0h:4m:14s (0h:0m:22s left)
Optimizing NNI: done in 0.271557 secs using 294.1% CPU
Optimizing NNI: done in 0.284566 secs using 292.3% CPU
Optimizing NNI: done in 0.28784 secs using 291.5% CPU
Optimizing NNI: done in 0.258945 secs using 295.6% CPU
Optimizing NNI: done in 0.227648 secs using 291.2% CPU
Optimizing NNI: done in 0.165033 secs using 291.4% CPU
Optimizing NNI: done in 0.25054 secs using 293.9% CPU
Optimizing NNI: done in 0.233417 secs using 296.8% CPU
Optimizing NNI: done in 0.2101 secs using 293.4% CPU
Optimizing NNI: done in 0.248341 secs using 295.4% CPU
Iteration 90 / LogL: -4115.553 / Time: 0h:4m:16s (0h:0m:19s left)
Optimizing NNI: done in 0.238811 secs using 292.7% CPU
Optimizing NNI: done in 0.332065 secs using 294.1% CPU
Optimizing NNI: done in 0.176339 secs using 291.2% CPU
Optimizing NNI: done in 0.231185 secs using 294.2% CPU
Optimizing NNI: done in 0.254843 secs using 293.1% CPU
Optimizing NNI: done in 0.242802 secs using 294.1% CPU
Optimizing NNI: done in 0.250681 secs using 292% CPU
Optimizing NNI: done in 0.291207 secs using 294.3% CPU
Optimizing NNI: done in 0.321348 secs using 295.6% CPU
Optimizing NNI: done in 0.237834 secs using 293.1% CPU
Iteration 100 / LogL: -4113.151 / Time: 0h:4m:19s (0h:0m:16s left)
Log-likelihood cutoff on original alignment: -4148.247
NOTE: Bootstrap correlation coefficient of split occurrence frequencies: 0.926
NOTE: UFBoot does not converge, continue at least 100 more iterations
Optimizing NNI: done in 0.288998 secs using 294.8% CPU
Optimizing NNI: done in 0.296374 secs using 295.4% CPU
Optimizing NNI: done in 0.256751 secs using 292.5% CPU
Optimizing NNI: done in 0.248321 secs using 292.8% CPU
Optimizing NNI: done in 0.27818 secs using 294.8% CPU
Optimizing NNI: done in 0.243755 secs using 292.5% CPU
Optimizing NNI: done in 0.324691 secs using 296.1% CPU
Optimizing NNI: done in 0.243937 secs using 295.2% CPU
Optimizing NNI: done in 0.296793 secs using 295.1% CPU
Optimizing NNI: done in 0.313706 secs using 295.7% CPU
Iteration 110 / LogL: -4118.182 / Time: 0h:4m:22s (0h:0m:25s left)
Optimizing NNI: done in 0.284224 secs using 294.6% CPU
Optimizing NNI: done in 0.269994 secs using 296.4% CPU
Optimizing NNI: done in 0.225466 secs using 293.1% CPU
Optimizing NNI: done in 0.259218 secs using 294.5% CPU
Optimizing NNI: done in 0.280891 secs using 292.6% CPU
Optimizing NNI: done in 0.227777 secs using 294.6% CPU
Optimizing NNI: done in 0.199094 secs using 293.5% CPU
Optimizing NNI: done in 0.288087 secs using 293% CPU
Optimizing NNI: done in 0.235783 secs using 291% CPU
Optimizing NNI: done in 0.245889 secs using 291.6% CPU
Iteration 120 / LogL: -4112.582 / Time: 0h:4m:25s (0h:0m:22s left)
Optimizing NNI: done in 0.287586 secs using 294.1% CPU
Optimizing NNI: done in 0.301066 secs using 296.3% CPU
Optimizing NNI: done in 0.226144 secs using 294.7% CPU
Optimizing NNI: done in 0.259997 secs using 295.5% CPU
Optimizing NNI: done in 0.347457 secs using 296.3% CPU
Optimizing NNI: done in 0.197283 secs using 294.3% CPU
Optimizing NNI: done in 0.236764 secs using 296.3% CPU
Optimizing NNI: done in 0.285952 secs using 294.8% CPU
Optimizing NNI: done in 0.258766 secs using 295.6% CPU
Optimizing NNI: done in 0.236617 secs using 293.5% CPU
Iteration 130 / LogL: -4112.581 / Time: 0h:4m:27s (0h:0m:19s left)
Optimizing NNI: done in 0.160095 secs using 290.8% CPU
Optimizing NNI: done in 0.280108 secs using 293.9% CPU
Optimizing NNI: done in 0.241833 secs using 292.4% CPU
Optimizing NNI: done in 0.292741 secs using 294.1% CPU
Optimizing NNI: done in 0.1715 secs using 295% CPU
Optimizing NNI: done in 0.242859 secs using 295.2% CPU
Optimizing NNI: done in 0.349909 secs using 294.6% CPU
Optimizing NNI: done in 0.254011 secs using 293.8% CPU
Optimizing NNI: done in 0.231898 secs using 294.2% CPU
Optimizing NNI: done in 0.246638 secs using 294.3% CPU
Iteration 140 / LogL: -4119.839 / Time: 0h:4m:30s (0h:0m:16s left)
Optimizing NNI: done in 0.307721 secs using 294% CPU
Optimizing NNI: done in 0.225298 secs using 293.6% CPU
Optimizing NNI: done in 0.342693 secs using 294.5% CPU
Optimizing NNI: done in 0.291109 secs using 294.5% CPU
Optimizing NNI: done in 0.289186 secs using 295.1% CPU
Optimizing NNI: done in 0.263112 secs using 294.9% CPU
Optimizing NNI: done in 0.265701 secs using 293.9% CPU
Optimizing NNI: done in 0.274014 secs using 295.3% CPU
Optimizing NNI: done in 0.271272 secs using 292.5% CPU
Optimizing NNI: done in 0.287118 secs using 292.6% CPU
Iteration 150 / LogL: -4112.588 / Time: 0h:4m:33s (0h:0m:14s left)
Log-likelihood cutoff on original alignment: -4148.247
Optimizing NNI: done in 0.302153 secs using 295.3% CPU
Optimizing NNI: done in 0.261378 secs using 295.6% CPU
Optimizing NNI: done in 0.258979 secs using 295.1% CPU
Optimizing NNI: done in 0.294453 secs using 294.3% CPU
Optimizing NNI: done in 0.202694 secs using 290.6% CPU
Optimizing NNI: done in 0.319232 secs using 292% CPU
Optimizing NNI: done in 0.314911 secs using 297.5% CPU
Optimizing NNI: done in 0.366437 secs using 296.2% CPU
Optimizing NNI: done in 0.231603 secs using 296.6% CPU
Optimizing NNI: done in 0.243083 secs using 294.7% CPU
Iteration 160 / LogL: -4115.557 / Time: 0h:4m:36s (0h:0m:11s left)
Optimizing NNI: done in 0.215894 secs using 294.2% CPU
Optimizing NNI: done in 0.28204 secs using 296.8% CPU
Optimizing NNI: done in 0.24385 secs using 291.2% CPU
Optimizing NNI: done in 0.311172 secs using 293.8% CPU
Optimizing NNI: done in 0.261636 secs using 295% CPU
Optimizing NNI: done in 0.211017 secs using 296.7% CPU
Optimizing NNI: done in 0.257597 secs using 293% CPU
Optimizing NNI: done in 0.315502 secs using 295.6% CPU
Optimizing NNI: done in 0.286392 secs using 293.8% CPU
Optimizing NNI: done in 0.22434 secs using 294.9% CPU
Iteration 170 / LogL: -4123.215 / Time: 0h:4m:39s (0h:0m:8s left)
Optimizing NNI: done in 0.249341 secs using 294.2% CPU
Optimizing NNI: done in 0.277835 secs using 296.6% CPU
Optimizing NNI: done in 0.167302 secs using 293.4% CPU
Optimizing NNI: done in 0.253306 secs using 295.5% CPU
Optimizing NNI: done in 0.312125 secs using 294.8% CPU
Optimizing NNI: done in 0.272173 secs using 293% CPU
Optimizing NNI: done in 0.214056 secs using 296.3% CPU
Optimizing NNI: done in 0.329932 secs using 294.9% CPU
Optimizing NNI: done in 0.259371 secs using 292.9% CPU
Optimizing NNI: done in 0.282271 secs using 296% CPU
Iteration 180 / LogL: -4113.117 / Time: 0h:4m:42s (0h:0m:5s left)
Optimizing NNI: done in 0.272277 secs using 292.9% CPU
Optimizing NNI: done in 0.225395 secs using 291.4% CPU
Optimizing NNI: done in 0.223736 secs using 294.5% CPU
Optimizing NNI: done in 0.223973 secs using 295.1% CPU
Optimizing NNI: done in 0.291528 secs using 296.2% CPU
Optimizing NNI: done in 0.232135 secs using 292.3% CPU
Optimizing NNI: done in 0.185338 secs using 290.2% CPU
Optimizing NNI: done in 0.274107 secs using 294.9% CPU
Optimizing NNI: done in 0.270424 secs using 293.5% CPU
Optimizing NNI: done in 0.299358 secs using 293.8% CPU
Iteration 190 / LogL: -4113.971 / Time: 0h:4m:44s (0h:0m:2s left)
Optimizing NNI: done in 0.235381 secs using 293% CPU
Optimizing NNI: done in 0.285507 secs using 295.1% CPU
Optimizing NNI: done in 0.289804 secs using 294.3% CPU
Optimizing NNI: done in 0.24985 secs using 294.5% CPU
Optimizing NNI: done in 0.350531 secs using 294.8% CPU
Optimizing NNI: done in 0.17253 secs using 295.6% CPU
Optimizing NNI: done in 0.249993 secs using 292.1% CPU
Optimizing NNI: done in 0.207444 secs using 290.6% CPU
Optimizing NNI: done in 0.250708 secs using 293.9% CPU
Optimizing NNI: done in 0.256678 secs using 295.3% CPU
Iteration 200 / LogL: -4112.583 / Time: 0h:4m:47s (0h:0m:0s left)
Log-likelihood cutoff on original alignment: -4148.247
NOTE: Bootstrap correlation coefficient of split occurrence frequencies: 0.994
TREE SEARCH COMPLETED AFTER 200 ITERATIONS / Time: 0h:4m:47s

--------------------------------------------------------------------
|                    FINALIZING TREE SEARCH                        |
--------------------------------------------------------------------
Performs final model parameters optimization
Estimate model parameters (epsilon = 0.010)
1. Initial log-likelihood: -4112.580
Optimal log-likelihood: -4112.580
Rate parameters:  A-C: 1.54137  A-G: 2.94567  A-T: 1.54137  C-G: 1.00000  C-T: 3.92002  G-T: 1.00000
Base frequencies:  A: 0.235  C: 0.230  G: 0.238  T: 0.297
Gamma shape alpha: 0.435
Parameters optimization took 1 rounds (0.015 sec)
BEST SCORE FOUND : -4112.580
Creating bootstrap support values...
Split supports printed to NEXUS file data/packages/ITS/Hemileccinum/ref.splits.nex
Total tree length: 2.129

Total number of iterations: 200
CPU time used for tree search: 158.576 sec (0h:2m:38s)
Wall-clock time used for tree search: 56.428 sec (0h:0m:56s)
Total CPU time used: 681.543 sec (0h:11m:21s)
Total wall-clock time used: 288.256 sec (0h:4m:48s)

Computing bootstrap consensus tree...
Reading input file data/packages/ITS/Hemileccinum/ref.splits.nex...
93 taxa and 1467 splits.
Consensus tree written to data/packages/ITS/Hemileccinum/ref.contree
Reading input trees file data/packages/ITS/Hemileccinum/ref.contree
Log-likelihood of consensus tree: -4112.656

Analysis results written to: 
  IQ-TREE report:                data/packages/ITS/Hemileccinum/ref.iqtree
  Maximum-likelihood tree:       data/packages/ITS/Hemileccinum/ref.treefile
  Likelihood distances:          data/packages/ITS/Hemileccinum/ref.mldist

Ultrafast bootstrap approximation results written to:
  Split support values:          data/packages/ITS/Hemileccinum/ref.splits.nex
  Consensus tree:                data/packages/ITS/Hemileccinum/ref.contree
  Screen log file:               data/packages/ITS/Hemileccinum/ref.log

Date and Time: Mon Aug 18 18:34:15 2025
