IQ-TREE version 3.0.1 for Linux x86 64-bit built May  5 2025
Developed by Bui Quang Minh, Thomas Wong, Nhan Ly-Trong, Huaiyan Ren
Contributed by Lam-Tung Nguyen, Dominik Schrempf, Chris Bielow,
Olga Chernomor, Michael Woodhams, Diep Thi Hoang, Heiko Schmidt

Host:    lnx820.umnh.utah.edu (AVX2, FMA3, 865 GB RAM)
Command: /home/bdentinger/iqtree-3.0.1-Linux/bin/iqtree3_intel -s data/packages/ITS/Baorangia/aln.masked.fasta -m MFP -bb 1000 -nt AUTO -pre data/packages/ITS/Baorangia/ref
Seed:    81641 (Using SPRNG - Scalable Parallel Random Number Generator)
Time:    Mon Aug 18 18:02:27 2025
Kernel:  AVX+FMA - auto-detect threads (72 CPU cores detected)

Reading alignment file data/packages/ITS/Baorangia/aln.masked.fasta ... Fasta format detected
Reading fasta file: done in 0.000638254 secs using 87.43% CPU
Alignment most likely contains DNA/RNA sequences
Constructing alignment: done in 0.000850921 secs using 99.89% CPU
Alignment has 62 sequences with 578 columns, 371 distinct patterns
187 parsimony-informative, 130 singleton sites, 261 constant sites
ERROR: Duplicated sequence name _R_omnhjpn
ERROR: Duplicated sequence name _R_omnhjpn
ERROR: Duplicated sequence name _R_omnhjpn
ERROR: Duplicated sequence name _R_omnhjpn
ERROR: Please rename sequences listed above!
