IQ-TREE version 3.0.1 for Linux x86 64-bit built May  5 2025
Developed by Bui Quang Minh, Thomas Wong, Nhan Ly-Trong, Huaiyan Ren
Contributed by Lam-Tung Nguyen, Dominik Schrempf, Chris Bielow,
Olga Chernomor, Michael Woodhams, Diep Thi Hoang, Heiko Schmidt

Host:    lnx820.umnh.utah.edu (AVX2, FMA3, 865 GB RAM)
Command: /home/bdentinger/iqtree-3.0.1-Linux/bin/iqtree3_intel -s data/packages/ITS/Alessioporus/aln.masked.fasta -m MFP -bb 1000 -nt AUTO -pre data/packages/ITS/Alessioporus/ref
Seed:    761116 (Using SPRNG - Scalable Parallel Random Number Generator)
Time:    Mon Aug 18 17:48:52 2025
Kernel:  AVX+FMA - auto-detect threads (72 CPU cores detected)

Reading alignment file data/packages/ITS/Alessioporus/aln.masked.fasta ... Fasta format detected
Reading fasta file: done in 0.000491327 secs using 22.18% CPU
Alignment most likely contains DNA/RNA sequences
Constructing alignment: done in 0.00105871 secs using 78.96% CPU
Alignment has 22 sequences with 653 columns, 109 distinct patterns
69 parsimony-informative, 56 singleton sites, 528 constant sites
                                         Gap/Ambiguity  Composition  p-value
Analyzing sequences: done in 2.24486e-05 secs
   1  smnhtau                                   11.49%    passed     92.08%
   2  flas_f_72861|ITS|PP850655.1                0.00%    passed     93.33%
   3  omdl_inat_80323515|ITS|PP791178.1          0.15%    passed     95.04%
   4  flas_f_71408|ITS|OR052588.1               14.70%    passed     99.18%
   5  jlf2561|ITS|KC812305.1                     6.13%    passed     93.04%
   6  hal_bp_1|ITS|MT594492.1                    0.00%    passed     99.37%
   7  otu269|ITS|MT595615.1                     42.88%    passed     22.93%
   8  jlf7889|ITS|MT133530.1                     0.00%    passed     98.74%
   9  mushroom_observer_320104|ITS|MK537327.1   10.87%    passed     92.88%
  10  ml61972ai|ITS|MH011928.1                   0.00%    passed     99.19%
  11  amb                                        0.00%    passed     78.80%
  12  jlf2561b|ITS|KU736958.1                    0.00%    passed     95.35%
  13  arb1356|ITS|KU736957.1                     4.29%    passed     88.92%
  14  arb1262|ITS|KT223008.1                     0.31%    passed     95.32%
  15  to_avx11|ITS|KJ729498.1                    0.00%    passed     99.19%
  16  mcve_17721|ITS|KJ729497.1                  0.00%    passed     99.19%
  17  mg420a|ITS|KJ729496.1                      0.00%    passed     99.37%
  18  rg_xer.ich._6|ITS|KJ729495.1               7.50%    passed     93.13%
  19  rg_xer.ich._5|ITS|KJ729494.1               0.00%    passed     99.19%
  20  mg_549a|ITS|KJ729493.1                     0.61%    passed     98.92%
  21  to_avx13|ITS|KJ729492.1                    0.00%    passed     99.19%
  22  amb_12756|ITS|KJ729491.1                   0.00%    passed     78.80%
****  TOTAL                                      4.50%  0 sequences failed composition chi2 test (p-value<5%; df=3)
NOTE: mg420a|ITS|KJ729496.1 is identical to hal_bp_1|ITS|MT594492.1 but kept for subsequent analysis
NOTE: to_avx11|ITS|KJ729498.1 is identical to ml61972ai|ITS|MH011928.1 but kept for subsequent analysis
NOTE: amb_12756|ITS|KJ729491.1 is identical to amb but kept for subsequent analysis
Checking for duplicate sequences: done in 0.00014703 secs using 26.53% CPU
Identifying sites to remove: done in 0.000440169 secs using 86.56% CPU
NOTE: 3 identical sequences (see below) will be ignored for subsequent analysis
NOTE: mcve_17721|ITS|KJ729497.1 (identical to ml61972ai|ITS|MH011928.1) is ignored but added at the end
NOTE: rg_xer.ich._5|ITS|KJ729494.1 (identical to ml61972ai|ITS|MH011928.1) is ignored but added at the end
NOTE: to_avx13|ITS|KJ729492.1 (identical to ml61972ai|ITS|MH011928.1) is ignored but added at the end
Alignment was printed to data/packages/ITS/Alessioporus/ref.uniqueseq.phy

For your convenience alignment with unique sequences printed to data/packages/ITS/Alessioporus/ref.uniqueseq.phy


Create initial parsimony tree by phylogenetic likelihood library (PLL)... 0.001 seconds
Measuring multi-threading efficiency up to 72 CPU cores
Increase to 10 rounds for branch lengths
11304 trees examined
Threads: 1 / Time: 72.003 sec / Speedup: 1.000 / Efficiency: 100% / LogL: -2450
Threads: 2 / Time: 89.367 sec / Speedup: 0.806 / Efficiency: 40% / LogL: -2450
Determining AUTO threadcount: done in 161.37 secs using 135.6% CPU
BEST NUMBER OF THREADS: 1

Perform fast likelihood tree search using GTR+I+G model...
Estimate model parameters (epsilon = 5.000)
Perform nearest neighbor interchange...
Optimizing NNI: done in 0.0105545 secs using 99.64% CPU
Estimate model parameters (epsilon = 1.000)
1. Initial log-likelihood: -1561.731
Optimal log-likelihood: -1561.699
Rate parameters:  A-C: 3.99040  A-G: 6.25075  A-T: 3.62990  C-G: 4.13377  C-T: 10.40913  G-T: 1.00000
Base frequencies:  A: 0.220  C: 0.244  G: 0.245  T: 0.291
Proportion of invariable sites: 0.400
Gamma shape alpha: 0.749
Parameters optimization took 1 rounds (0.005 sec)
Time for fast ML tree search: 0.033 seconds

NOTE: ModelFinder requires 1 MB RAM!
ModelFinder will test up to 968 DNA models (sample size: 653 epsilon: 0.100) ...
 No. Model         -LnL         df  AIC          AICc         BIC
  1  JC            1593.387     35  3256.775     3260.859     3413.630
  2  JC+I          1581.940     36  3235.881     3240.206     3397.218
  3  JC+G4         1581.809     36  3235.618     3239.943     3396.955
  4  JC+I+G4       1581.846     37  3237.692     3242.264     3403.510
  5  JC+R2         1582.180     37  3238.359     3242.932     3404.178
  6  JC+R3         1581.878     39  3241.756     3246.846     3416.537
 14  JC+I+R2       1581.897     38  3239.793     3244.621     3410.093
 15  JC+I+R3       1581.892     40  3243.783     3249.143     3423.046
 24  JC+I          1581.940     36  3235.881     3240.206     3397.218
 25  JC+G4         1581.809     36  3235.618     3239.943     3396.955
 26  JC+I+G4       1581.846     37  3237.692     3242.264     3403.510
 27  JC+R2         1582.180     37  3238.359     3242.932     3404.178
 46  F81+I         1581.894     36  3235.789     3240.114     3397.126
 47  F81+G4        1581.789     36  3235.577     3239.902     3396.914
 48  F81+I+G4      1581.842     37  3237.683     3242.256     3403.502
 49  F81+R2        1582.037     37  3238.074     3242.646     3403.892
 68  F81+F+I       1578.025     39  3234.051     3239.141     3408.833
 69  F81+F+G4      1577.919     39  3233.838     3238.928     3408.620
 70  F81+F+I+G4    1577.970     40  3235.939     3241.299     3415.202
 71  F81+F+R2      1578.066     40  3236.132     3241.492     3415.395
 90  K2P+I         1570.727     37  3215.454     3220.027     3381.273
 91  K2P+G4        1570.442     37  3214.885     3219.457     3380.703
 92  K2P+I+G4      1570.411     38  3216.823     3221.650     3387.123
 93  K2P+R2        1570.673     38  3217.347     3222.174     3387.647
112  K2P+I         1570.727     37  3215.454     3220.027     3381.273
113  K2P+G4        1570.442     37  3214.885     3219.457     3380.703
114  K2P+I+G4      1570.411     38  3216.823     3221.650     3387.123
115  K2P+R2        1570.673     38  3217.347     3222.174     3387.647
134  HKY+I         1570.670     37  3215.340     3219.912     3381.158
135  HKY+G4        1570.428     37  3214.855     3219.428     3380.674
136  HKY+I+G4      1570.404     38  3216.809     3221.636     3387.109
137  HKY+R2        1570.624     38  3217.248     3222.075     3387.547
156  HKY+F+I       1567.011     40  3214.021     3219.381     3393.284
157  HKY+F+G4      1566.747     40  3213.494     3218.853     3392.757
158  HKY+F+I+G4    1566.730     41  3215.459     3221.096     3399.204
159  HKY+F+R2      1566.988     41  3215.977     3221.613     3399.721
178  TNe+I         1568.157     38  3212.314     3217.142     3382.614
179  TNe+G4        1567.936     38  3211.873     3216.700     3382.173
180  TNe+I+G4      1567.993     39  3213.986     3219.076     3388.767
181  TNe+R2        1568.190     39  3214.379     3219.469     3389.161
200  TNe+I         1568.157     38  3212.314     3217.142     3382.614
201  TNe+G4        1567.936     38  3211.873     3216.700     3382.173
202  TNe+I+G4      1567.993     39  3213.986     3219.076     3388.767
203  TNe+R2        1568.190     39  3214.379     3219.469     3389.161
222  TN+I          1568.141     38  3212.282     3217.109     3382.582
223  TN+G4         1567.930     38  3211.860     3216.687     3382.160
224  TN+I+G4       1567.992     39  3213.983     3219.073     3388.765
225  TN+R2         1568.117     39  3214.233     3219.323     3389.015
244  TN+F+I        1565.713     41  3213.426     3219.063     3397.171
245  TN+F+G4       1565.458     41  3212.916     3218.552     3396.660
246  TN+F+I+G4     1565.486     42  3214.972     3220.893     3403.198
247  TN+F+R2       1565.710     42  3215.421     3221.342     3403.647
266  K3P+I         1569.553     38  3215.105     3219.933     3385.405
267  K3P+G4        1569.298     38  3214.596     3219.423     3384.896
268  K3P+I+G4      1569.263     39  3216.527     3221.617     3391.308
269  K3P+R2        1569.532     39  3217.064     3222.154     3391.846
288  K3P+I         1569.553     38  3215.105     3219.933     3385.405
289  K3P+G4        1569.298     38  3214.596     3219.423     3384.896
290  K3P+I+G4      1569.263     39  3216.527     3221.617     3391.308
291  K3P+R2        1569.532     39  3217.064     3222.154     3391.846
310  K3Pu+I        1569.558     38  3215.115     3219.942     3385.415
311  K3Pu+G4       1569.298     38  3214.596     3219.423     3384.896
312  K3Pu+I+G4     1569.264     39  3216.528     3221.617     3391.309
313  K3Pu+R2       1569.493     39  3216.986     3222.076     3391.768
332  K3Pu+F+I      1565.753     41  3213.507     3219.143     3397.251
333  K3Pu+F+G4     1565.503     41  3213.005     3218.642     3396.750
334  K3Pu+F+I+G4   1565.489     42  3214.978     3220.900     3403.204
335  K3Pu+F+R2     1565.679     42  3215.358     3221.279     3403.584
354  TPM2+I        1570.093     38  3216.187     3221.014     3386.487
355  TPM2+G4       1569.874     38  3215.748     3220.576     3386.048
356  TPM2+I+G4     1569.844     39  3217.689     3222.779     3392.470
357  TPM2+R2       1570.026     39  3218.053     3223.143     3392.834
376  TPM2+I        1570.093     38  3216.187     3221.014     3386.487
377  TPM2+G4       1569.874     38  3215.748     3220.576     3386.048
378  TPM2+I+G4     1569.844     39  3217.689     3222.779     3392.470
379  TPM2+R2       1570.026     39  3218.053     3223.143     3392.834
398  TPM2u+I       1570.086     38  3216.172     3220.999     3386.472
399  TPM2u+G4      1569.869     38  3215.737     3220.564     3386.037
400  TPM2u+I+G4    1569.843     39  3217.686     3222.776     3392.468
401  TPM2u+R2      1570.026     39  3218.051     3223.141     3392.833
420  TPM2u+F+I     1566.095     41  3214.190     3219.827     3397.935
421  TPM2u+F+G4    1565.864     41  3213.728     3219.364     3397.472
422  TPM2u+F+I+G4  1565.846     42  3215.692     3221.614     3403.918
423  TPM2u+F+R2    1566.027     42  3216.053     3221.974     3404.279
442  TPM3+I        1569.937     38  3215.873     3220.701     3386.173
443  TPM3+G4       1569.625     38  3215.251     3220.078     3385.551
444  TPM3+I+G4     1569.575     39  3217.150     3222.239     3391.931
445  TPM3+R2       1569.852     39  3217.704     3222.793     3392.485
464  TPM3+I        1569.937     38  3215.873     3220.701     3386.173
465  TPM3+G4       1569.625     38  3215.251     3220.078     3385.551
466  TPM3+I+G4     1569.575     39  3217.150     3222.239     3391.931
467  TPM3+R2       1569.852     39  3217.704     3222.793     3392.485
486  TPM3u+I       1569.935     38  3215.871     3220.698     3386.170
487  TPM3u+G4      1569.622     38  3215.244     3220.072     3385.544
488  TPM3u+I+G4    1569.574     39  3217.147     3222.237     3391.929
489  TPM3u+R2      1569.851     39  3217.703     3222.793     3392.484
508  TPM3u+F+I     1565.713     41  3213.426     3219.062     3397.170
509  TPM3u+F+G4    1565.353     41  3212.707     3218.344     3396.452
510  TPM3u+F+I+G4  1565.313     42  3214.625     3220.547     3402.851
511  TPM3u+F+R2    1565.609     42  3215.217     3221.139     3403.444
530  TIMe+I        1566.911     39  3211.822     3216.912     3386.603
531  TIMe+G4       1566.673     39  3211.347     3216.436     3386.128
532  TIMe+I+G4     1566.788     40  3213.576     3218.935     3392.839
533  TIMe+R2       1566.938     40  3213.876     3219.235     3393.139
552  TIMe+I        1566.911     39  3211.822     3216.912     3386.603
553  TIMe+G4       1566.673     39  3211.347     3216.436     3386.128
554  TIMe+I+G4     1566.788     40  3213.576     3218.935     3392.839
555  TIMe+R2       1566.938     40  3213.876     3219.235     3393.139
574  TIM+I         1566.860     39  3211.719     3216.809     3386.501
575  TIM+G4        1566.675     39  3211.350     3216.440     3386.132
576  TIM+I+G4      1566.784     40  3213.567     3218.927     3392.830
577  TIM+R2        1566.837     40  3213.675     3219.034     3392.938
596  TIM+F+I       1564.310     42  3212.619     3218.541     3400.846
597  TIM+F+G4      1564.112     42  3212.223     3218.145     3400.450
598  TIM+F+I+G4    1564.184     43  3214.369     3220.582     3407.076
599  TIM+F+R2      1564.285     43  3214.570     3220.783     3407.278
618  TIM2e+I       1567.576     39  3213.152     3218.242     3387.933
619  TIM2e+G4      1567.375     39  3212.750     3217.840     3387.531
620  TIM2e+I+G4    1567.402     40  3214.804     3220.164     3394.067
621  TIM2e+R2      1567.501     40  3215.003     3220.362     3394.266
640  TIM2e+I       1567.576     39  3213.152     3218.242     3387.933
641  TIM2e+G4      1567.375     39  3212.750     3217.840     3387.531
642  TIM2e+I+G4    1567.402     40  3214.804     3220.164     3394.067
643  TIM2e+R2      1567.501     40  3215.003     3220.362     3394.266
662  TIM2+I        1567.581     39  3213.161     3218.251     3387.943
663  TIM2+G4       1567.357     39  3212.713     3217.803     3387.495
664  TIM2+I+G4     1567.391     40  3214.783     3220.142     3394.046
665  TIM2+R2       1567.500     40  3215.000     3220.359     3394.263
684  TIM2+F+I      1564.825     42  3213.651     3219.572     3401.877
685  TIM2+F+G4     1564.574     42  3213.148     3219.069     3401.374
686  TIM2+F+I+G4   1564.585     43  3215.170     3221.383     3407.878
687  TIM2+F+R2     1564.753     43  3215.506     3221.719     3408.213
706  TIM3e+I       1567.513     39  3213.025     3218.115     3387.807
707  TIM3e+G4      1567.163     39  3212.325     3217.415     3387.107
708  TIM3e+I+G4    1567.161     40  3214.322     3219.682     3393.585
709  TIM3e+R2      1567.435     40  3214.869     3220.229     3394.133
728  TIM3e+I       1567.513     39  3213.025     3218.115     3387.807
729  TIM3e+G4      1567.163     39  3212.325     3217.415     3387.107
730  TIM3e+I+G4    1567.161     40  3214.322     3219.682     3393.585
731  TIM3e+R2      1567.435     40  3214.869     3220.229     3394.133
750  TIM3+I        1567.516     39  3213.031     3218.121     3387.813
751  TIM3+G4       1567.152     39  3212.305     3217.394     3387.086
752  TIM3+I+G4     1567.152     40  3214.304     3219.663     3393.567
753  TIM3+R2       1567.419     40  3214.839     3220.198     3394.102
772  TIM3+F+I      1564.485     42  3212.969     3218.891     3401.196
773  TIM3+F+G4     1564.056     42  3212.112     3218.033     3400.338
774  TIM3+F+I+G4   1564.033     43  3214.066     3220.279     3406.774
775  TIM3+F+R2     1564.353     43  3214.705     3220.919     3407.413
794  TVMe+I        1567.976     40  3215.952     3221.311     3395.215
795  TVMe+G4       1567.646     40  3215.292     3220.652     3394.555
796  TVMe+I+G4     1567.549     41  3217.099     3222.735     3400.843
797  TVMe+R2       1567.872     41  3217.744     3223.380     3401.488
816  TVMe+I        1567.976     40  3215.952     3221.311     3395.215
817  TVMe+G4       1567.646     40  3215.292     3220.652     3394.555
818  TVMe+I+G4     1567.549     41  3217.099     3222.735     3400.843
819  TVMe+R2       1567.872     41  3217.744     3223.380     3401.488
838  TVM+I         1567.977     40  3215.954     3221.313     3395.217
839  TVM+G4        1567.626     40  3215.252     3220.611     3394.515
840  TVM+I+G4      1567.547     41  3217.095     3222.731     3400.839
841  TVM+R2        1567.868     41  3217.736     3223.373     3401.481
860  TVM+F+I       1563.389     43  3212.777     3218.991     3405.485
861  TVM+F+G4      1563.026     43  3212.053     3218.266     3404.760
862  TVM+F+I+G4    1562.963     44  3213.926     3220.439     3411.115
863  TVM+F+R2      1563.281     44  3214.563     3221.076     3411.752
882  SYM+I         1565.426     41  3212.851     3218.488     3396.596
883  SYM+G4        1565.062     41  3212.125     3217.761     3395.869
884  SYM+I+G4      1565.044     42  3214.088     3220.009     3402.314
885  SYM+R2        1565.267     42  3214.534     3220.455     3402.760
904  SYM+I         1565.426     41  3212.851     3218.488     3396.596
905  SYM+G4        1565.062     41  3212.125     3217.761     3395.869
906  SYM+I+G4      1565.044     42  3214.088     3220.009     3402.314
907  SYM+R2        1565.267     42  3214.534     3220.455     3402.760
926  GTR+I         1565.429     41  3212.858     3218.495     3396.603
927  GTR+G4        1565.048     41  3212.096     3217.733     3395.841
928  GTR+I+G4      1565.041     42  3214.083     3220.004     3402.309
929  GTR+R2        1565.263     42  3214.526     3220.447     3402.752
948  GTR+F+I       1562.114     44  3212.228     3218.741     3409.418
949  GTR+F+G4      1561.684     44  3211.369     3217.882     3408.558
950  GTR+F+I+G4    1561.638     45  3213.275     3220.096     3414.946
951  GTR+F+R2      1561.981     45  3213.962     3220.783     3415.633
Akaike Information Criterion:           TIMe+G4
Corrected Akaike Information Criterion: TIMe+G4
Bayesian Information Criterion:         HKY+G4
Best-fit model: HKY+G4 chosen according to BIC

All model information printed to data/packages/ITS/Alessioporus/ref.model.gz
CPU time for ModelFinder: 219.531 seconds (0h:3m:39s)
Wall-clock time for ModelFinder: 162.172 seconds (0h:2m:42s)
Generating 1000 samples for ultrafast bootstrap (seed: 761116)...

NOTE: 0 MB RAM (0 GB) is required!
Estimate model parameters (epsilon = 0.100)
1. Initial log-likelihood: -1566.867
2. Current log-likelihood: -1566.741
Optimal log-likelihood: -1566.739
Rate parameters:  A-C: 1.00000  A-G: 2.75335  A-T: 1.00000  C-G: 1.00000  C-T: 2.75335  G-T: 1.00000
Base frequencies:  A: 0.220  C: 0.244  G: 0.245  T: 0.291
Gamma shape alpha: 0.246
Parameters optimization took 2 rounds (0.004 sec)
Wrote distance file to... 
Computing ML distances based on estimated model parameters...
Calculating distance matrix: done in 0.002123 secs using 99.34% CPU
Computing ML distances took 0.002184 sec (of wall-clock time) 0.002174 sec (of CPU time)
Setting up auxiliary I and S matrices: done in 6.10426e-05 secs
Constructing RapidNJ tree: done in 0.000168975 secs
Computing RapidNJ tree took 0.000298 sec (of wall-clock time) 0.000000 sec (of CPU time)
Log-likelihood of RapidNJ tree: -1567.012
--------------------------------------------------------------------
|             INITIALIZING CANDIDATE TREE SET                      |
--------------------------------------------------------------------
Generating 98 parsimony trees... 0.053 second
Computing log-likelihood of 98 initial trees ... 0.072 seconds
Current best score: -1566.739

Do NNI search on 20 best initial trees
Optimizing NNI: done in 0.00464367 secs using 99.77% CPU
Estimate model parameters (epsilon = 0.100)
BETTER TREE FOUND at iteration 1: -1566.739
Optimizing NNI: done in 0.00498662 secs using 99.77% CPU
Optimizing NNI: done in 0.0183983 secs using 94.4% CPU
Optimizing NNI: done in 0.0295704 secs using 96.57% CPU
Optimizing NNI: done in 0.0286485 secs using 99.79% CPU
Optimizing NNI: done in 0.0313398 secs using 99.87% CPU
Optimizing NNI: done in 0.0239361 secs using 99.85% CPU
Optimizing NNI: done in 0.0335853 secs using 90.94% CPU
Optimizing NNI: done in 0.0163238 secs using 99.84% CPU
Optimizing NNI: done in 0.0259392 secs using 92.17% CPU
Iteration 10 / LogL: -1566.743 / Time: 0h:2m:42s
Optimizing NNI: done in 0.0230291 secs using 91.18% CPU
Optimizing NNI: done in 0.0187017 secs using 89.25% CPU
Optimizing NNI: done in 0.0175068 secs using 94.21% CPU
Optimizing NNI: done in 0.0266352 secs using 96.05% CPU
Optimizing NNI: done in 0.0175132 secs using 99.84% CPU
Optimizing NNI: done in 0.0141343 secs using 92.77% CPU
Optimizing NNI: done in 0.0180775 secs using 99.84% CPU
Optimizing NNI: done in 0.0199905 secs using 94.92% CPU
Optimizing NNI: done in 0.0193926 secs using 99.77% CPU
Optimizing NNI: done in 0.0221401 secs using 97.05% CPU
Iteration 20 / LogL: -1566.752 / Time: 0h:2m:42s
Finish initializing candidate tree set (10)
Current best tree score: -1566.739 / CPU time: 0.552
Number of iterations: 20
--------------------------------------------------------------------
|               OPTIMIZING CANDIDATE TREE SET                      |
--------------------------------------------------------------------
Optimizing NNI: done in 0.0337429 secs using 93.89% CPU
Optimizing NNI: done in 0.0126597 secs using 91.95% CPU
Optimizing NNI: done in 0.0311224 secs using 90.26% CPU
Optimizing NNI: done in 0.0168526 secs using 93.94% CPU
Optimizing NNI: done in 0.0293409 secs using 79.49% CPU
Optimizing NNI: done in 0.0272774 secs using 92.46% CPU
Optimizing NNI: done in 0.006172 secs using 99.77% CPU
Optimizing NNI: done in 0.01673 secs using 99.84% CPU
Optimizing NNI: done in 0.0165265 secs using 99.86% CPU
Optimizing NNI: done in 0.00862728 secs using 88.27% CPU
Iteration 30 / LogL: -1566.740 / Time: 0h:2m:42s (0h:0m:2s left)
Optimizing NNI: done in 0.0250872 secs using 92.01% CPU
Optimizing NNI: done in 0.0330591 secs using 90.79% CPU
Optimizing NNI: done in 0.0257195 secs using 92.1% CPU
Optimizing NNI: done in 0.0270752 secs using 85.14% CPU
Optimizing NNI: done in 0.0195891 secs using 99.77% CPU
Optimizing NNI: done in 0.0277283 secs using 96.26% CPU
Optimizing NNI: done in 0.0156168 secs using 93.51% CPU
BETTER TREE FOUND at iteration 37: -1566.739
Optimizing NNI: done in 0.0369766 secs using 99.84% CPU
Optimizing NNI: done in 0.0241011 secs using 99.87% CPU
Optimizing NNI: done in 0.0194431 secs using 99.87% CPU
Iteration 40 / LogL: -1566.742 / Time: 0h:2m:43s (0h:0m:2s left)
Optimizing NNI: done in 0.0247398 secs using 95.73% CPU
Optimizing NNI: done in 0.0161057 secs using 93.77% CPU
Optimizing NNI: done in 0.0284484 secs using 99.77% CPU
Optimizing NNI: done in 0.0152186 secs using 99.84% CPU
Optimizing NNI: done in 0.0310935 secs using 90.22% CPU
Optimizing NNI: done in 0.0190785 secs using 89.48% CPU
Optimizing NNI: done in 0.0212428 secs using 90.4% CPU
Optimizing NNI: done in 0.0252364 secs using 99.82% CPU
Optimizing NNI: done in 0.00931827 secs using 99.85% CPU
Optimizing NNI: done in 0.0170762 secs using 99.85% CPU
Iteration 50 / LogL: -1566.994 / Time: 0h:2m:43s (0h:0m:2s left)
Log-likelihood cutoff on original alignment: -1583.210
Optimizing NNI: done in 0.032854 secs using 93.67% CPU
Optimizing NNI: done in 0.0324096 secs using 96.78% CPU
Optimizing NNI: done in 0.0387661 secs using 94.77% CPU
Optimizing NNI: done in 0.0218152 secs using 99.85% CPU
Optimizing NNI: done in 0.0208171 secs using 85.54% CPU
Optimizing NNI: done in 0.0226947 secs using 91.11% CPU
Optimizing NNI: done in 0.0377936 secs using 89.25% CPU
Optimizing NNI: done in 0.0284968 secs using 96.33% CPU
Optimizing NNI: done in 0.0117014 secs using 99.82% CPU
Optimizing NNI: done in 0.0146728 secs using 99.87% CPU
Iteration 60 / LogL: -1566.739 / Time: 0h:2m:43s (0h:0m:2s left)
Optimizing NNI: done in 0.00750719 secs using 99.81% CPU
UPDATE BEST LOG-LIKELIHOOD: -1566.739
Optimizing NNI: done in 0.0226038 secs using 99.85% CPU
Optimizing NNI: done in 0.0225907 secs using 99.85% CPU
Optimizing NNI: done in 0.0127095 secs using 99.81% CPU
Optimizing NNI: done in 0.0310599 secs using 93.43% CPU
Optimizing NNI: done in 0.0269996 secs using 99.8% CPU
Optimizing NNI: done in 0.0400699 secs using 99.86% CPU
Optimizing NNI: done in 0.023542 secs using 99.83% CPU
Optimizing NNI: done in 0.00904902 secs using 99.7% CPU
BETTER TREE FOUND at iteration 69: -1566.739
Optimizing NNI: done in 0.0182823 secs using 99.87% CPU
Iteration 70 / LogL: -1566.743 / Time: 0h:2m:44s (0h:0m:2s left)
Optimizing NNI: done in 0.0181824 secs using 99.76% CPU
Optimizing NNI: done in 0.0108504 secs using 99.84% CPU
Optimizing NNI: done in 0.0357262 secs using 97.06% CPU
Optimizing NNI: done in 0.0233266 secs using 99.85% CPU
Optimizing NNI: done in 0.007907 secs using 99.84% CPU
Optimizing NNI: done in 0.0207609 secs using 95.05% CPU
Optimizing NNI: done in 0.033778 secs using 99.84% CPU
Optimizing NNI: done in 0.00865708 secs using 65.54% CPU
Optimizing NNI: done in 0.0156104 secs using 93.57% CPU
Optimizing NNI: done in 0.0307464 secs using 96.55% CPU
Iteration 80 / LogL: -1566.754 / Time: 0h:2m:44s (0h:0m:2s left)
Optimizing NNI: done in 0.0366494 secs using 99.84% CPU
Optimizing NNI: done in 0.0319744 secs using 93.64% CPU
Optimizing NNI: done in 0.0140322 secs using 92.81% CPU
Optimizing NNI: done in 0.0197381 secs using 94.72% CPU
Optimizing NNI: done in 0.0128566 secs using 99.82% CPU
Optimizing NNI: done in 0.0128524 secs using 99.82% CPU
UPDATE BEST LOG-LIKELIHOOD: -1566.739
Optimizing NNI: done in 0.0147075 secs using 93.06% CPU
Optimizing NNI: done in 0.0324345 secs using 99.84% CPU
Optimizing NNI: done in 0.023309 secs using 99.85% CPU
Optimizing NNI: done in 0.00554832 secs using 82.46% CPU
BETTER TREE FOUND at iteration 90: -1566.739
Iteration 90 / LogL: -1566.739 / Time: 0h:2m:44s (0h:0m:2s left)
Optimizing NNI: done in 0.0346439 secs using 94.13% CPU
Optimizing NNI: done in 0.0321532 secs using 96.67% CPU
Optimizing NNI: done in 0.016827 secs using 99.85% CPU
Optimizing NNI: done in 0.029923 secs using 99.85% CPU
Optimizing NNI: done in 0.0292553 secs using 89.64% CPU
Optimizing NNI: done in 0.0192731 secs using 94.66% CPU
Optimizing NNI: done in 0.0233626 secs using 95.52% CPU
Optimizing NNI: done in 0.0125961 secs using 91.92% CPU
Optimizing NNI: done in 0.023719 secs using 87.31% CPU
Optimizing NNI: done in 0.0293892 secs using 89.72% CPU
Iteration 100 / LogL: -1566.742 / Time: 0h:2m:44s (0h:0m:2s left)
Log-likelihood cutoff on original alignment: -1583.755
NOTE: Bootstrap correlation coefficient of split occurrence frequencies: 0.960
NOTE: UFBoot does not converge, continue at least 100 more iterations
Optimizing NNI: done in 0.0125821 secs using 91.73% CPU
Optimizing NNI: done in 0.0345644 secs using 99.83% CPU
Optimizing NNI: done in 0.0328035 secs using 90.76% CPU
Optimizing NNI: done in 0.0236274 secs using 99.83% CPU
Optimizing NNI: done in 0.0152649 secs using 99.82% CPU
Optimizing NNI: done in 0.0224647 secs using 99.73% CPU
Optimizing NNI: done in 0.0291966 secs using 99.81% CPU
Optimizing NNI: done in 0.0172413 secs using 93.98% CPU
Optimizing NNI: done in 0.0102132 secs using 99.82% CPU
Optimizing NNI: done in 0.0111767 secs using 99.85% CPU
Iteration 110 / LogL: -1566.815 / Time: 0h:2m:45s (0h:0m:2s left)
Optimizing NNI: done in 0.0206284 secs using 99.86% CPU
Optimizing NNI: done in 0.0199665 secs using 99.86% CPU
Optimizing NNI: done in 0.0135891 secs using 92.46% CPU
Optimizing NNI: done in 0.0323687 secs using 93.62% CPU
Optimizing NNI: done in 0.0262778 secs using 88.46% CPU
Optimizing NNI: done in 0.00671639 secs using 99.85% CPU
Optimizing NNI: done in 0.00920792 secs using 89.16% CPU
Optimizing NNI: done in 0.0301225 secs using 99.83% CPU
Optimizing NNI: done in 0.0301446 secs using 89.95% CPU
Optimizing NNI: done in 0.0333718 secs using 99.82% CPU
Iteration 120 / LogL: -1566.744 / Time: 0h:2m:45s (0h:0m:2s left)
Optimizing NNI: done in 0.0114591 secs using 82.42% CPU
Optimizing NNI: done in 0.0239547 secs using 91.54% CPU
Optimizing NNI: done in 0.00858151 secs using 99.81% CPU
Optimizing NNI: done in 0.0425208 secs using 95.15% CPU
Optimizing NNI: done in 0.0304912 secs using 96.58% CPU
Optimizing NNI: done in 0.00681631 secs using 99.85% CPU
Optimizing NNI: done in 0.0110735 secs using 91.03% CPU
Optimizing NNI: done in 0.00563047 secs using 99.81% CPU
Optimizing NNI: done in 0.0298454 secs using 96.51% CPU
Optimizing NNI: done in 0.0162017 secs using 93.64% CPU
Iteration 130 / LogL: -1566.740 / Time: 0h:2m:45s (0h:0m:1s left)
Optimizing NNI: done in 0.0125925 secs using 83.99% CPU
Optimizing NNI: done in 0.0245476 secs using 99.84% CPU
Optimizing NNI: done in 0.0110785 secs using 90.96% CPU
UPDATE BEST LOG-LIKELIHOOD: -1566.739
Optimizing NNI: done in 0.0116823 secs using 99.69% CPU
Optimizing NNI: done in 0.0524758 secs using 94.05% CPU
Optimizing NNI: done in 0.00467407 secs using 99.68% CPU
Optimizing NNI: done in 0.0053527 secs using 99.78% CPU
Optimizing NNI: done in 0.0229624 secs using 99.81% CPU
Optimizing NNI: done in 0.0356706 secs using 97.05% CPU
Optimizing NNI: done in 0.0247102 secs using 87.73% CPU
Iteration 140 / LogL: -1566.744 / Time: 0h:2m:46s (0h:0m:1s left)
Optimizing NNI: done in 0.0124237 secs using 91.95% CPU
Optimizing NNI: done in 0.0240215 secs using 91.52% CPU
Optimizing NNI: done in 0.0305313 secs using 96.53% CPU
Optimizing NNI: done in 0.0177904 secs using 94.21% CPU
Optimizing NNI: done in 0.0391572 secs using 99.84% CPU
Optimizing NNI: done in 0.0203293 secs using 94.93% CPU
Optimizing NNI: done in 0.0274838 secs using 96.18% CPU
Optimizing NNI: done in 0.0309713 secs using 99.82% CPU
Optimizing NNI: done in 0.0326926 secs using 96.71% CPU
Optimizing NNI: done in 0.0184154 secs using 89.02% CPU
Iteration 150 / LogL: -1566.740 / Time: 0h:2m:46s (0h:0m:1s left)
Log-likelihood cutoff on original alignment: -1583.900
Optimizing NNI: done in 0.0304556 secs using 96.45% CPU
Optimizing NNI: done in 0.0186186 secs using 94.49% CPU
Optimizing NNI: done in 0.0329554 secs using 96.81% CPU
Optimizing NNI: done in 0.0190685 secs using 99.83% CPU
Optimizing NNI: done in 0.00983053 secs using 89.82% CPU
Optimizing NNI: done in 0.0266342 secs using 96.03% CPU
Optimizing NNI: done in 0.0373505 secs using 97.15% CPU
Optimizing NNI: done in 0.0421573 secs using 97.41% CPU
Optimizing NNI: done in 0.0259252 secs using 95.96% CPU
Optimizing NNI: done in 0.0167875 secs using 99.84% CPU
Iteration 160 / LogL: -1566.740 / Time: 0h:2m:46s (0h:0m:1s left)
Optimizing NNI: done in 0.0281573 secs using 99.81% CPU
Optimizing NNI: done in 0.0311346 secs using 93.43% CPU
Optimizing NNI: done in 0.0275892 secs using 99.84% CPU
Optimizing NNI: done in 0.0178426 secs using 94.29% CPU
Optimizing NNI: done in 0.033071 secs using 99.8% CPU
Optimizing NNI: done in 0.0232834 secs using 87.07% CPU
Optimizing NNI: done in 0.0328613 secs using 90.74% CPU
Optimizing NNI: done in 0.0392402 secs using 94.72% CPU
Optimizing NNI: done in 0.0138033 secs using 99.82% CPU
Optimizing NNI: done in 0.0304337 secs using 99.86% CPU
Iteration 170 / LogL: -1566.741 / Time: 0h:2m:47s (0h:0m:0s left)
Optimizing NNI: done in 0.00487258 secs using 99.68% CPU
Optimizing NNI: done in 0.0402738 secs using 99.85% CPU
Optimizing NNI: done in 0.0349399 secs using 85.61% CPU
Optimizing NNI: done in 0.0345579 secs using 99.8% CPU
Optimizing NNI: done in 0.0226844 secs using 99.81% CPU
Optimizing NNI: done in 0.0247207 secs using 95.91% CPU
Optimizing NNI: done in 0.0232368 secs using 99.73% CPU
Optimizing NNI: done in 0.0163751 secs using 99.83% CPU
Optimizing NNI: done in 0.0210082 secs using 95.09% CPU
Optimizing NNI: done in 0.0151512 secs using 93.13% CPU
Iteration 180 / LogL: -1566.739 / Time: 0h:2m:47s (0h:0m:0s left)
Optimizing NNI: done in 0.00943803 secs using 89.44% CPU
Optimizing NNI: done in 0.0161099 secs using 93.59% CPU
Optimizing NNI: done in 0.0168564 secs using 99.77% CPU
Optimizing NNI: done in 0.0195331 secs using 89.61% CPU
Optimizing NNI: done in 0.0302856 secs using 96.52% CPU
Optimizing NNI: done in 0.0156396 secs using 99.82% CPU
Optimizing NNI: done in 0.0261949 secs using 92.22% CPU
Optimizing NNI: done in 0.0253264 secs using 99.84% CPU
Optimizing NNI: done in 0.0095103 secs using 99.78% CPU
Optimizing NNI: done in 0.00804719 secs using 99.58% CPU
Iteration 190 / LogL: -1566.741 / Time: 0h:2m:47s (0h:0m:0s left)
Optimizing NNI: done in 0.0367314 secs using 97.12% CPU
Optimizing NNI: done in 0.0253622 secs using 96.01% CPU
Optimizing NNI: done in 0.0294365 secs using 92.98% CPU
Optimizing NNI: done in 0.0306467 secs using 99.83% CPU
Optimizing NNI: done in 0.0368814 secs using 97.13% CPU
Optimizing NNI: done in 0.0251073 secs using 95.86% CPU
Optimizing NNI: done in 0.0163362 secs using 99.86% CPU
Optimizing NNI: done in 0.00998347 secs using 99.7% CPU
Optimizing NNI: done in 0.0262084 secs using 96.01% CPU
Optimizing NNI: done in 0.0225348 secs using 99.82% CPU
Iteration 200 / LogL: -1566.742 / Time: 0h:2m:47s (0h:0m:0s left)
Log-likelihood cutoff on original alignment: -1585.153
NOTE: Bootstrap correlation coefficient of split occurrence frequencies: 0.989
NOTE: UFBoot does not converge, continue at least 100 more iterations
Optimizing NNI: done in 0.037051 secs using 99.84% CPU
Optimizing NNI: done in 0.00581963 secs using 99.8% CPU
Optimizing NNI: done in 0.0241706 secs using 95.8% CPU
Optimizing NNI: done in 0.0259365 secs using 99.81% CPU
Optimizing NNI: done in 0.0259876 secs using 96.03% CPU
Optimizing NNI: done in 0.0172239 secs using 99.81% CPU
Optimizing NNI: done in 0.00899045 secs using 99.67% CPU
Optimizing NNI: done in 0.0348105 secs using 96.96% CPU
Optimizing NNI: done in 0.0189291 secs using 94.59% CPU
Optimizing NNI: done in 0.012825 secs using 92.22% CPU
Iteration 210 / LogL: -1610.592 / Time: 0h:2m:48s (0h:0m:2s left)
Optimizing NNI: done in 0.016516 secs using 93.79% CPU
Optimizing NNI: done in 0.0185393 secs using 99.84% CPU
Optimizing NNI: done in 0.0154453 secs using 93.43% CPU
Optimizing NNI: done in 0.0239433 secs using 95.81% CPU
Optimizing NNI: done in 0.0196289 secs using 94.74% CPU
Optimizing NNI: done in 0.030309 secs using 99.83% CPU
Optimizing NNI: done in 0.00453599 secs using 99.85% CPU
UPDATE BEST LOG-LIKELIHOOD: -1566.739
Optimizing NNI: done in 0.0238808 secs using 91.5% CPU
Optimizing NNI: done in 0.0273682 secs using 99.83% CPU
Optimizing NNI: done in 0.0225442 secs using 99.86% CPU
Iteration 220 / LogL: -1566.820 / Time: 0h:2m:48s (0h:0m:2s left)
Optimizing NNI: done in 0.0136328 secs using 92.7% CPU
Optimizing NNI: done in 0.0192157 secs using 89.61% CPU
Optimizing NNI: done in 0.0315038 secs using 90.37% CPU
Optimizing NNI: done in 0.0280093 secs using 99.85% CPU
Optimizing NNI: done in 0.0219208 secs using 95.36% CPU
Optimizing NNI: done in 0.0277546 secs using 96.24% CPU
Optimizing NNI: done in 0.0115761 secs using 91.32% CPU
Optimizing NNI: done in 0.0184587 secs using 99.84% CPU
Optimizing NNI: done in 0.00919802 secs using 99.82% CPU
Optimizing NNI: done in 0.0269309 secs using 85.04% CPU
Iteration 230 / LogL: -1566.780 / Time: 0h:2m:48s (0h:0m:2s left)
Optimizing NNI: done in 0.0223445 secs using 99.83% CPU
Optimizing NNI: done in 0.0193637 secs using 99.83% CPU
Optimizing NNI: done in 0.0258224 secs using 95.92% CPU
Optimizing NNI: done in 0.00547585 secs using 99.75% CPU
Optimizing NNI: done in 0.017226 secs using 99.81% CPU
Optimizing NNI: done in 0.0261242 secs using 96.06% CPU
Optimizing NNI: done in 0.0133836 secs using 92.37% CPU
Optimizing NNI: done in 0.0199798 secs using 99.8% CPU
Optimizing NNI: done in 0.0364109 secs using 97.13% CPU
Optimizing NNI: done in 0.00701765 secs using 99.81% CPU
Iteration 240 / LogL: -1566.740 / Time: 0h:2m:49s (0h:0m:1s left)
Optimizing NNI: done in 0.0184361 secs using 99.83% CPU
Optimizing NNI: done in 0.0335304 secs using 90.87% CPU
Optimizing NNI: done in 0.0222025 secs using 95.41% CPU
Optimizing NNI: done in 0.0241981 secs using 95.67% CPU
Optimizing NNI: done in 0.0388808 secs using 92.11% CPU
Optimizing NNI: done in 0.0339651 secs using 99.81% CPU
Optimizing NNI: done in 0.0212566 secs using 99.82% CPU
Optimizing NNI: done in 0.0190659 secs using 99.82% CPU
Optimizing NNI: done in 0.04101 secs using 99.8% CPU
Optimizing NNI: done in 0.0209851 secs using 99.83% CPU
Iteration 250 / LogL: -1566.783 / Time: 0h:2m:49s (0h:0m:1s left)
Log-likelihood cutoff on original alignment: -1586.120
Optimizing NNI: done in 0.0133029 secs using 99.77% CPU
Optimizing NNI: done in 0.0270857 secs using 96.15% CPU
Optimizing NNI: done in 0.0327897 secs using 93.75% CPU
Optimizing NNI: done in 0.0331308 secs using 99.8% CPU
Optimizing NNI: done in 0.0111564 secs using 99.8% CPU
Optimizing NNI: done in 0.0123499 secs using 99.79% CPU
Optimizing NNI: done in 0.0046639 secs using 99.83% CPU
Optimizing NNI: done in 0.0135964 secs using 99.81% CPU
Optimizing NNI: done in 0.0169067 secs using 99.79% CPU
Optimizing NNI: done in 0.00875368 secs using 99.97% CPU
Iteration 260 / LogL: -1566.740 / Time: 0h:2m:49s (0h:0m:1s left)
Optimizing NNI: done in 0.0291007 secs using 93.01% CPU
Optimizing NNI: done in 0.0382626 secs using 94.59% CPU
Optimizing NNI: done in 0.0394247 secs using 94.74% CPU
Optimizing NNI: done in 0.0225675 secs using 86.55% CPU
Optimizing NNI: done in 0.0232989 secs using 91.25% CPU
Optimizing NNI: done in 0.0121888 secs using 91.64% CPU
Optimizing NNI: done in 0.0296494 secs using 99.81% CPU
Optimizing NNI: done in 0.0262071 secs using 96.05% CPU
Optimizing NNI: done in 0.0337958 secs using 93.96% CPU
Optimizing NNI: done in 0.0161753 secs using 99.79% CPU
Iteration 270 / LogL: -1571.601 / Time: 0h:2m:50s (0h:0m:0s left)
Optimizing NNI: done in 0.0171006 secs using 99.77% CPU
Optimizing NNI: done in 0.016203 secs using 93.63% CPU
Optimizing NNI: done in 0.0127479 secs using 99.72% CPU
Optimizing NNI: done in 0.00939124 secs using 89.24% CPU
Optimizing NNI: done in 0.0312508 secs using 99.81% CPU
Optimizing NNI: done in 0.0139416 secs using 99.85% CPU
Optimizing NNI: done in 0.0273129 secs using 99.84% CPU
Optimizing NNI: done in 0.0263202 secs using 96.06% CPU
Optimizing NNI: done in 0.0199782 secs using 94.8% CPU
Optimizing NNI: done in 0.0214666 secs using 85.99% CPU
Iteration 280 / LogL: -1566.766 / Time: 0h:2m:50s (0h:0m:0s left)
Optimizing NNI: done in 0.0267962 secs using 99.77% CPU
Optimizing NNI: done in 0.0144663 secs using 92.81% CPU
Optimizing NNI: done in 0.019122 secs using 94.62% CPU
Optimizing NNI: done in 0.028593 secs using 99.84% CPU
Optimizing NNI: done in 0.0312405 secs using 99.84% CPU
Optimizing NNI: done in 0.0120331 secs using 99.81% CPU
Optimizing NNI: done in 0.0150832 secs using 99.71% CPU
Optimizing NNI: done in 0.0329482 secs using 90.7% CPU
Optimizing NNI: done in 0.00537254 secs using 81.58% CPU
Optimizing NNI: done in 0.0331564 secs using 93.8% CPU
Iteration 290 / LogL: -1566.753 / Time: 0h:2m:50s (0h:0m:0s left)
Optimizing NNI: done in 0.0114954 secs using 99.83% CPU
Optimizing NNI: done in 0.0171986 secs using 94.04% CPU
Optimizing NNI: done in 0.0169118 secs using 99.81% CPU
Optimizing NNI: done in 0.0387477 secs using 94.65% CPU
Optimizing NNI: done in 0.0291869 secs using 96.5% CPU
Optimizing NNI: done in 0.0415781 secs using 97.39% CPU
Optimizing NNI: done in 0.0391075 secs using 94.7% CPU
Optimizing NNI: done in 0.0315495 secs using 99.81% CPU
Optimizing NNI: done in 0.0133591 secs using 92.44% CPU
Optimizing NNI: done in 0.00733417 secs using 99.63% CPU
Iteration 300 / LogL: -1566.739 / Time: 0h:2m:50s (0h:0m:0s left)
Log-likelihood cutoff on original alignment: -1585.153
NOTE: Bootstrap correlation coefficient of split occurrence frequencies: 0.994
TREE SEARCH COMPLETED AFTER 300 ITERATIONS / Time: 0h:2m:50s

--------------------------------------------------------------------
|                    FINALIZING TREE SEARCH                        |
--------------------------------------------------------------------
Performs final model parameters optimization
Estimate model parameters (epsilon = 0.010)
1. Initial log-likelihood: -1566.739
Optimal log-likelihood: -1566.739
Rate parameters:  A-C: 1.00000  A-G: 2.75532  A-T: 1.00000  C-G: 1.00000  C-T: 2.75532  G-T: 1.00000
Base frequencies:  A: 0.220  C: 0.244  G: 0.245  T: 0.291
Gamma shape alpha: 0.245
Parameters optimization took 1 rounds (0.002 sec)
BEST SCORE FOUND : -1566.739
Creating bootstrap support values...
Split supports printed to NEXUS file data/packages/ITS/Alessioporus/ref.splits.nex
Total tree length: 0.489

Total number of iterations: 300
CPU time used for tree search: 8.438 sec (0h:0m:8s)
Wall-clock time used for tree search: 8.734 sec (0h:0m:8s)
Total CPU time used: 228.055 sec (0h:3m:48s)
Total wall-clock time used: 170.996 sec (0h:2m:50s)

Computing bootstrap consensus tree...
Reading input file data/packages/ITS/Alessioporus/ref.splits.nex...
19 taxa and 282 splits.
Consensus tree written to data/packages/ITS/Alessioporus/ref.contree
Reading input trees file data/packages/ITS/Alessioporus/ref.contree
Log-likelihood of consensus tree: -1566.757

Analysis results written to: 
  IQ-TREE report:                data/packages/ITS/Alessioporus/ref.iqtree
  Maximum-likelihood tree:       data/packages/ITS/Alessioporus/ref.treefile
  Likelihood distances:          data/packages/ITS/Alessioporus/ref.mldist

Ultrafast bootstrap approximation results written to:
  Split support values:          data/packages/ITS/Alessioporus/ref.splits.nex
  Consensus tree:                data/packages/ITS/Alessioporus/ref.contree
  Screen log file:               data/packages/ITS/Alessioporus/ref.log

Date and Time: Mon Aug 18 17:51:43 2025
