Building DAG of jobs...
Using shell: /usr/bin/bash
Provided cores: 64
Rules claiming more threads will be scaled down.
Job stats:
job                           count
--------------------------  -------
build_backbone_constrained        1
total                             1

Select jobs to execute...

[Sat Aug  9 13:02:26 2025]
rule build_backbone_constrained:
    input: data/align/concat.fasta, data/align/partitions.txt
    output: data/trees/backbone.treefile
    jobid: 0
    reason: Missing output files: data/trees/backbone.treefile
    threads: 64
    resources: tmpdir=/tmp

[Sat Aug  9 14:00:29 2025]
Finished job 0.
1 of 1 steps (100%) done
Complete log: .snakemake/log/2025-08-09T130225.681671.snakemake.log
