Building DAG of jobs...
Using shell: /usr/bin/bash
Provided cores: 64
Rules claiming more threads will be scaled down.
Job stats:
job                      count
---------------------  -------
filter_locus_by_keep         3
locus_tree_firstpass         3
realign_locus_refined        3
remask_locus_refined         3
treeshrink_locus             3
total                       15

Select jobs to execute...

[Thu Aug 28 18:04:55 2025]
rule locus_tree_firstpass:
    input: data/align/RPB2.masked.fasta
    output: data/trees/loci/RPB2.firstpass.treefile
    jobid: 5
    reason: Missing output files: data/trees/loci/RPB2.firstpass.treefile; Updated input files: data/align/RPB2.masked.fasta
    wildcards: locus=RPB2
    threads: 64
    resources: tmpdir=/tmp

[Thu Aug 28 18:04:55 2025]
Error in rule locus_tree_firstpass:
    jobid: 5
    input: data/align/RPB2.masked.fasta
    output: data/trees/loci/RPB2.firstpass.treefile
    shell:
        
        mkdir -p data/trees/loci
        iqtree3 -s data/align/RPB2.masked.fasta -m MFP -T 64 -fast -pre data/trees/loci/RPB2.firstpass
        
        (one of the commands exited with non-zero exit code; note that snakemake uses bash strict mode!)

Shutting down, this might take some time.
Exiting because a job execution failed. Look above for error message
Complete log: .snakemake/log/2025-08-28T180454.685347.snakemake.log
