Building DAG of jobs...
Using shell: /usr/bin/bash
Provided cores: 64
Rules claiming more threads will be scaled down.
Job stats:
job                       count
----------------------  -------
reroot_pretty_for_site        1
site_build                    1
total                         2

Select jobs to execute...

[Mon Aug 18 09:47:02 2025]
rule reroot_pretty_for_site:
    input: data/trees/backbone.pretty.newick
    output: data/trees/backbone.rooted.pretty.newick
    jobid: 1
    reason: Missing output files: data/trees/backbone.rooted.pretty.newick
    resources: tmpdir=/tmp

[Mon Aug 18 09:47:03 2025]
Finished job 1.
1 of 2 steps (50%) done
Select jobs to execute...

[Mon Aug 18 09:47:03 2025]
rule site_build:
    input: data/trees/backbone.rooted.pretty.newick, workflow/scripts/build_site.py
    output: site/index.html, site/latest/backbone.newick, site/build.txt, site/.nojekyll
    jobid: 0
    reason: Updated input files: workflow/scripts/build_site.py; Input files updated by another job: data/trees/backbone.rooted.pretty.newick
    resources: tmpdir=/tmp

[Mon Aug 18 09:47:03 2025]
Finished job 0.
2 of 2 steps (100%) done
Complete log: .snakemake/log/2025-08-18T094701.886986.snakemake.log
