Building DAG of jobs...
Using shell: /usr/bin/bash
Provided cores: 64
Rules claiming more threads will be scaled down.
Job stats:
job                           count
--------------------------  -------
align_locus                       3
build_backbone_constrained        1
concat_supermatrix                1
mask_locus                        3
total                             8

Select jobs to execute...

[Sat Aug  9 12:27:12 2025]
rule align_locus:
    input: data/qc/TEF1.cleaned.fasta
    output: data/align/TEF1.aln.fasta
    jobid: 11
    reason: Code has changed since last execution
    wildcards: locus=TEF1
    threads: 48
    resources: tmpdir=/tmp

[Sat Aug  9 12:27:13 2025]
Finished job 11.
1 of 8 steps (12%) done
Select jobs to execute...

[Sat Aug  9 12:27:13 2025]
rule align_locus:
    input: data/qc/RPB2.cleaned.fasta
    output: data/align/RPB2.aln.fasta
    jobid: 7
    reason: Code has changed since last execution
    wildcards: locus=RPB2
    threads: 48
    resources: tmpdir=/tmp


[Sat Aug  9 12:27:13 2025]
rule mask_locus:
    input: data/align/TEF1.aln.fasta
    output: data/align/TEF1.masked.fasta
    jobid: 10
    reason: Input files updated by another job: data/align/TEF1.aln.fasta
    wildcards: locus=TEF1
    resources: tmpdir=/tmp

[Sat Aug  9 12:27:13 2025]
Finished job 10.
2 of 8 steps (25%) done
Select jobs to execute...
[Sat Aug  9 12:27:13 2025]
Finished job 7.
3 of 8 steps (38%) done

[Sat Aug  9 12:27:13 2025]
rule align_locus:
    input: data/qc/RPB1.cleaned.fasta
    output: data/align/RPB1.aln.fasta
    jobid: 3
    reason: Forced execution
    wildcards: locus=RPB1
    threads: 48
    resources: tmpdir=/tmp


[Sat Aug  9 12:27:13 2025]
rule mask_locus:
    input: data/align/RPB2.aln.fasta
    output: data/align/RPB2.masked.fasta
    jobid: 6
    reason: Input files updated by another job: data/align/RPB2.aln.fasta
    wildcards: locus=RPB2
    resources: tmpdir=/tmp

[Sat Aug  9 12:27:13 2025]
Finished job 6.
4 of 8 steps (50%) done
[Sat Aug  9 12:53:05 2025]
Finished job 3.
5 of 8 steps (62%) done
Select jobs to execute...

[Sat Aug  9 12:53:05 2025]
rule mask_locus:
    input: data/align/RPB1.aln.fasta
    output: data/align/RPB1.masked.fasta
    jobid: 2
    reason: Missing output files: data/align/RPB1.masked.fasta; Input files updated by another job: data/align/RPB1.aln.fasta
    wildcards: locus=RPB1
    resources: tmpdir=/tmp

[Sat Aug  9 12:53:05 2025]
Finished job 2.
6 of 8 steps (75%) done
Select jobs to execute...

[Sat Aug  9 12:53:05 2025]
rule concat_supermatrix:
    input: data/align/RPB1.masked.fasta, data/align/RPB2.masked.fasta, data/align/TEF1.masked.fasta
    output: data/align/concat.fasta, data/align/partitions.txt, data/align/taxa.txt
    jobid: 1
    reason: Missing output files: data/align/concat.fasta, data/align/partitions.txt; Input files updated by another job: data/align/TEF1.masked.fasta, data/align/RPB1.masked.fasta, data/align/RPB2.masked.fasta
    resources: tmpdir=/tmp

[Sat Aug  9 12:53:05 2025]
Error in rule concat_supermatrix:
    jobid: 1
    input: data/align/RPB1.masked.fasta, data/align/RPB2.masked.fasta, data/align/TEF1.masked.fasta
    output: data/align/concat.fasta, data/align/partitions.txt, data/align/taxa.txt
    shell:
        python3.11 workflow/scripts/concat_supermatrix.py --inputs data/align/RPB1.masked.fasta data/align/RPB2.masked.fasta data/align/TEF1.masked.fasta --out-matrix data/align/concat.fasta --out-parts data/align/partitions.txt --out-taxa data/align/taxa.txt
        (one of the commands exited with non-zero exit code; note that snakemake uses bash strict mode!)

Removing output files of failed job concat_supermatrix since they might be corrupted:
data/align/concat.fasta, data/align/partitions.txt
Shutting down, this might take some time.
Exiting because a job execution failed. Look above for error message
Complete log: .snakemake/log/2025-08-09T122712.025261.snakemake.log
