Building DAG of jobs...
Using shell: /usr/bin/bash
Provided cores: 64
Rules claiming more threads will be scaled down.
Job stats:
job                       count
----------------------  -------
graft_its                     1
its_bridge                    1
its_split_by_genus            1
pretty_tree                   1
reroot_pretty_for_site        1
site_build                    1
total                         6

Select jobs to execute...

[Mon Aug 18 17:48:46 2025]
rule pretty_tree:
    input: data/trees/backbone.treefile, data/staging/taxon_map.tsv
    output: data/trees/backbone.pretty.newick
    jobid: 2
    reason: Updated input files: data/staging/taxon_map.tsv
    resources: tmpdir=/tmp

[Mon Aug 18 17:48:47 2025]
Finished job 2.
1 of 6 steps (17%) done
Select jobs to execute...

[Mon Aug 18 17:48:47 2025]
rule reroot_pretty_for_site:
    input: data/trees/backbone.pretty.newick
    output: data/trees/backbone.rooted.pretty.newick
    jobid: 1
    reason: Input files updated by another job: data/trees/backbone.pretty.newick
    resources: tmpdir=/tmp

[Mon Aug 18 17:48:47 2025]
Finished job 1.
2 of 6 steps (33%) done
Select jobs to execute...

[Mon Aug 18 17:48:47 2025]
checkpoint its_bridge:
    input: data/trees/backbone.rooted.pretty.newick, data/staging/taxon_map.tsv, data/qc/ITS.cleaned.fasta
    output: data/packages/ITS/bridge.tsv, data/packages/ITS/genera.txt
    jobid: 39
    reason: Input files updated by another job: data/trees/backbone.rooted.pretty.newick
    resources: tmpdir=/tmp
DAG of jobs will be updated after completion.


[Mon Aug 18 17:48:47 2025]
rule site_build:
    input: data/trees/backbone.rooted.pretty.newick, workflow/scripts/build_site.py
    output: site/index.html, site/latest/backbone.newick, site/build.txt, site/.nojekyll
    jobid: 40
    reason: Input files updated by another job: data/trees/backbone.rooted.pretty.newick
    resources: tmpdir=/tmp

[Mon Aug 18 17:48:47 2025]
Finished job 40.
3 of 6 steps (50%) done
[Mon Aug 18 17:48:47 2025]
Finished job 39.
4 of 6 steps (67%) done
Select jobs to execute...

[Mon Aug 18 17:48:47 2025]
checkpoint its_split_by_genus:
    input: data/qc/ITS.cleaned.fasta, data/staging/taxon_map.tsv, data/packages/ITS/genera.txt
    output: data/packages/ITS/split.done
    jobid: 37
    reason: Missing output files: data/packages/ITS/split.done
    resources: tmpdir=/tmp
DAG of jobs will be updated after completion.

Touching output file data/packages/ITS/split.done.
[Mon Aug 18 17:48:48 2025]
Finished job 37.
5 of 6 steps (83%) done
Select jobs to execute...

[Mon Aug 18 17:48:48 2025]
rule its_build_ref:
    input: data/packages/ITS/split/Suillellus.fasta
    output: data/packages/ITS/Suillellus/.built.ok, data/packages/ITS/Suillellus/aln.masked.fasta, data/packages/ITS/Suillellus/ref.treefile, data/packages/ITS/Suillellus/ref.model
    jobid: 194
    reason: Missing output files: data/packages/ITS/Suillellus/ref.treefile, data/packages/ITS/Suillellus/aln.masked.fasta, data/packages/ITS/Suillellus/ref.model
    wildcards: genus=Suillellus
    resources: tmpdir=/tmp


[Mon Aug 18 17:48:48 2025]
rule its_build_ref:
    input: data/packages/ITS/split/Veloporphyrellus.fasta
    output: data/packages/ITS/Veloporphyrellus/.built.ok, data/packages/ITS/Veloporphyrellus/aln.masked.fasta, data/packages/ITS/Veloporphyrellus/ref.treefile, data/packages/ITS/Veloporphyrellus/ref.model
    jobid: 206
    reason: Missing output files: data/packages/ITS/Veloporphyrellus/aln.masked.fasta, data/packages/ITS/Veloporphyrellus/ref.treefile, data/packages/ITS/Veloporphyrellus/ref.model
    wildcards: genus=Veloporphyrellus
    resources: tmpdir=/tmp


[Mon Aug 18 17:48:48 2025]
rule its_build_ref:
    input: data/packages/ITS/split/Baorangia.fasta
    output: data/packages/ITS/Baorangia/.built.ok, data/packages/ITS/Baorangia/aln.masked.fasta, data/packages/ITS/Baorangia/ref.treefile, data/packages/ITS/Baorangia/ref.model
    jobid: 62
    reason: Missing output files: data/packages/ITS/Baorangia/aln.masked.fasta, data/packages/ITS/Baorangia/ref.treefile, data/packages/ITS/Baorangia/ref.model
    wildcards: genus=Baorangia
    resources: tmpdir=/tmp


[Mon Aug 18 17:48:48 2025]
rule its_build_ref:
    input: data/packages/ITS/split/Zangia.fasta
    output: data/packages/ITS/Zangia/.built.ok, data/packages/ITS/Zangia/aln.masked.fasta, data/packages/ITS/Zangia/ref.treefile, data/packages/ITS/Zangia/ref.model
    jobid: 218
    reason: Missing output files: data/packages/ITS/Zangia/aln.masked.fasta, data/packages/ITS/Zangia/ref.treefile, data/packages/ITS/Zangia/ref.model
    wildcards: genus=Zangia
    resources: tmpdir=/tmp


[Mon Aug 18 17:48:48 2025]
rule its_build_ref:
    input: data/packages/ITS/split/Lanmaoa.fasta
    output: data/packages/ITS/Lanmaoa/.built.ok, data/packages/ITS/Lanmaoa/aln.masked.fasta, data/packages/ITS/Lanmaoa/ref.treefile, data/packages/ITS/Lanmaoa/ref.model
    jobid: 134
    reason: Missing output files: data/packages/ITS/Lanmaoa/ref.treefile, data/packages/ITS/Lanmaoa/aln.masked.fasta, data/packages/ITS/Lanmaoa/ref.model
    wildcards: genus=Lanmaoa
    resources: tmpdir=/tmp


[Mon Aug 18 17:48:48 2025]
rule its_build_ref:
    input: data/packages/ITS/split/Mucilopilus.fasta
    output: data/packages/ITS/Mucilopilus/.built.ok, data/packages/ITS/Mucilopilus/aln.masked.fasta, data/packages/ITS/Mucilopilus/ref.treefile, data/packages/ITS/Mucilopilus/ref.model
    jobid: 140
    reason: Missing output files: data/packages/ITS/Mucilopilus/ref.treefile, data/packages/ITS/Mucilopilus/aln.masked.fasta, data/packages/ITS/Mucilopilus/ref.model
    wildcards: genus=Mucilopilus
    resources: tmpdir=/tmp


[Mon Aug 18 17:48:48 2025]
rule its_build_ref:
    input: data/packages/ITS/split/Pseudoboletus.fasta
    output: data/packages/ITS/Pseudoboletus/.built.ok, data/packages/ITS/Pseudoboletus/aln.masked.fasta, data/packages/ITS/Pseudoboletus/ref.treefile, data/packages/ITS/Pseudoboletus/ref.model
    jobid: 164
    reason: Missing output files: data/packages/ITS/Pseudoboletus/aln.masked.fasta, data/packages/ITS/Pseudoboletus/ref.treefile, data/packages/ITS/Pseudoboletus/ref.model
    wildcards: genus=Pseudoboletus
    resources: tmpdir=/tmp


[Mon Aug 18 17:48:48 2025]
rule its_build_ref:
    input: data/packages/ITS/split/Xerocomellus.fasta
    output: data/packages/ITS/Xerocomellus/.built.ok, data/packages/ITS/Xerocomellus/aln.masked.fasta, data/packages/ITS/Xerocomellus/ref.treefile, data/packages/ITS/Xerocomellus/ref.model
    jobid: 212
    reason: Missing output files: data/packages/ITS/Xerocomellus/aln.masked.fasta, data/packages/ITS/Xerocomellus/ref.treefile, data/packages/ITS/Xerocomellus/ref.model
    wildcards: genus=Xerocomellus
    resources: tmpdir=/tmp


[Mon Aug 18 17:48:48 2025]
rule its_build_ref:
    input: data/packages/ITS/split/Turmalinea.fasta
    output: data/packages/ITS/Turmalinea/.built.ok, data/packages/ITS/Turmalinea/aln.masked.fasta, data/packages/ITS/Turmalinea/ref.treefile, data/packages/ITS/Turmalinea/ref.model
    jobid: 200
    reason: Missing output files: data/packages/ITS/Turmalinea/ref.model, data/packages/ITS/Turmalinea/aln.masked.fasta, data/packages/ITS/Turmalinea/ref.treefile
    wildcards: genus=Turmalinea
    resources: tmpdir=/tmp


[Mon Aug 18 17:48:48 2025]
rule its_build_ref:
    input: data/packages/ITS/split/Phylloporopsis.fasta
    output: data/packages/ITS/Phylloporopsis/.built.ok, data/packages/ITS/Phylloporopsis/aln.masked.fasta, data/packages/ITS/Phylloporopsis/ref.treefile, data/packages/ITS/Phylloporopsis/ref.model
    jobid: 156
    reason: Missing output files: data/packages/ITS/Phylloporopsis/aln.masked.fasta, data/packages/ITS/Phylloporopsis/ref.treefile, data/packages/ITS/Phylloporopsis/ref.model
    wildcards: genus=Phylloporopsis
    resources: tmpdir=/tmp


[Mon Aug 18 17:48:48 2025]
rule its_build_ref:
    input: data/packages/ITS/split/Octaviania.fasta
    output: data/packages/ITS/Octaviania/.built.ok, data/packages/ITS/Octaviania/aln.masked.fasta, data/packages/ITS/Octaviania/ref.treefile, data/packages/ITS/Octaviania/ref.model
    jobid: 150
    reason: Missing output files: data/packages/ITS/Octaviania/aln.masked.fasta, data/packages/ITS/Octaviania/ref.treefile, data/packages/ITS/Octaviania/ref.model
    wildcards: genus=Octaviania
    resources: tmpdir=/tmp


[Mon Aug 18 17:48:48 2025]
rule its_build_ref:
    input: data/packages/ITS/split/Afroboletus.fasta
    output: data/packages/ITS/Afroboletus/.built.ok, data/packages/ITS/Afroboletus/aln.masked.fasta, data/packages/ITS/Afroboletus/ref.treefile, data/packages/ITS/Afroboletus/ref.model
    jobid: 48
    reason: Missing output files: data/packages/ITS/Afroboletus/aln.masked.fasta, data/packages/ITS/Afroboletus/ref.treefile, data/packages/ITS/Afroboletus/ref.model
    wildcards: genus=Afroboletus
    resources: tmpdir=/tmp


[Mon Aug 18 17:48:48 2025]
rule its_build_ref:
    input: data/packages/ITS/split/Rossbeevera.fasta
    output: data/packages/ITS/Rossbeevera/.built.ok, data/packages/ITS/Rossbeevera/aln.masked.fasta, data/packages/ITS/Rossbeevera/ref.treefile, data/packages/ITS/Rossbeevera/ref.model
    jobid: 174
    reason: Missing output files: data/packages/ITS/Rossbeevera/aln.masked.fasta, data/packages/ITS/Rossbeevera/ref.treefile, data/packages/ITS/Rossbeevera/ref.model
    wildcards: genus=Rossbeevera
    resources: tmpdir=/tmp


[Mon Aug 18 17:48:48 2025]
rule its_build_ref:
    input: data/packages/ITS/split/Amoenoboletus.fasta
    output: data/packages/ITS/Amoenoboletus/.built.ok, data/packages/ITS/Amoenoboletus/aln.masked.fasta, data/packages/ITS/Amoenoboletus/ref.treefile, data/packages/ITS/Amoenoboletus/ref.model
    jobid: 54
    reason: Missing output files: data/packages/ITS/Amoenoboletus/ref.model, data/packages/ITS/Amoenoboletus/ref.treefile, data/packages/ITS/Amoenoboletus/aln.masked.fasta
    wildcards: genus=Amoenoboletus
    resources: tmpdir=/tmp


[Mon Aug 18 17:48:48 2025]
rule its_build_ref:
    input: data/packages/ITS/split/Austroboletus.fasta
    output: data/packages/ITS/Austroboletus/.built.ok, data/packages/ITS/Austroboletus/aln.masked.fasta, data/packages/ITS/Austroboletus/ref.treefile, data/packages/ITS/Austroboletus/ref.model
    jobid: 60
    reason: Missing output files: data/packages/ITS/Austroboletus/ref.model, data/packages/ITS/Austroboletus/ref.treefile, data/packages/ITS/Austroboletus/aln.masked.fasta
    wildcards: genus=Austroboletus
    resources: tmpdir=/tmp


[Mon Aug 18 17:48:48 2025]
rule its_build_ref:
    input: data/packages/ITS/split/Heliogaster.fasta
    output: data/packages/ITS/Heliogaster/.built.ok, data/packages/ITS/Heliogaster/aln.masked.fasta, data/packages/ITS/Heliogaster/ref.treefile, data/packages/ITS/Heliogaster/ref.model
    jobid: 114
    reason: Missing output files: data/packages/ITS/Heliogaster/aln.masked.fasta, data/packages/ITS/Heliogaster/ref.model, data/packages/ITS/Heliogaster/ref.treefile
    wildcards: genus=Heliogaster
    resources: tmpdir=/tmp


[Mon Aug 18 17:48:48 2025]
rule its_build_ref:
    input: data/packages/ITS/split/Rubroboletus.fasta
    output: data/packages/ITS/Rubroboletus/.built.ok, data/packages/ITS/Rubroboletus/aln.masked.fasta, data/packages/ITS/Rubroboletus/ref.treefile, data/packages/ITS/Rubroboletus/ref.model
    jobid: 180
    reason: Missing output files: data/packages/ITS/Rubroboletus/ref.treefile, data/packages/ITS/Rubroboletus/aln.masked.fasta, data/packages/ITS/Rubroboletus/ref.model
    wildcards: genus=Rubroboletus
    resources: tmpdir=/tmp


[Mon Aug 18 17:48:48 2025]
rule its_build_ref:
    input: data/packages/ITS/split/Boletaceae.fasta
    output: data/packages/ITS/Boletaceae/.built.ok, data/packages/ITS/Boletaceae/aln.masked.fasta, data/packages/ITS/Boletaceae/ref.treefile, data/packages/ITS/Boletaceae/ref.model
    jobid: 66
    reason: Missing output files: data/packages/ITS/Boletaceae/ref.model, data/packages/ITS/Boletaceae/ref.treefile, data/packages/ITS/Boletaceae/aln.masked.fasta
    wildcards: genus=Boletaceae
    resources: tmpdir=/tmp


[Mon Aug 18 17:48:48 2025]
rule its_build_ref:
    input: data/packages/ITS/split/Leccinum.fasta
    output: data/packages/ITS/Leccinum/.built.ok, data/packages/ITS/Leccinum/aln.masked.fasta, data/packages/ITS/Leccinum/ref.treefile, data/packages/ITS/Leccinum/ref.model
    jobid: 138
    reason: Missing output files: data/packages/ITS/Leccinum/aln.masked.fasta, data/packages/ITS/Leccinum/ref.model, data/packages/ITS/Leccinum/ref.treefile
    wildcards: genus=Leccinum
    resources: tmpdir=/tmp


[Mon Aug 18 17:48:48 2025]
rule its_build_ref:
    input: data/packages/ITS/split/Borofutus.fasta
    output: data/packages/ITS/Borofutus/.built.ok, data/packages/ITS/Borofutus/aln.masked.fasta, data/packages/ITS/Borofutus/ref.treefile, data/packages/ITS/Borofutus/ref.model
    jobid: 72
    reason: Missing output files: data/packages/ITS/Borofutus/aln.masked.fasta, data/packages/ITS/Borofutus/ref.treefile, data/packages/ITS/Borofutus/ref.model
    wildcards: genus=Borofutus
    resources: tmpdir=/tmp


[Mon Aug 18 17:48:48 2025]
rule its_build_ref:
    input: data/packages/ITS/split/Buchwaldoboletus.fasta
    output: data/packages/ITS/Buchwaldoboletus/.built.ok, data/packages/ITS/Buchwaldoboletus/aln.masked.fasta, data/packages/ITS/Buchwaldoboletus/ref.treefile, data/packages/ITS/Buchwaldoboletus/ref.model
    jobid: 78
    reason: Missing output files: data/packages/ITS/Buchwaldoboletus/aln.masked.fasta, data/packages/ITS/Buchwaldoboletus/ref.treefile, data/packages/ITS/Buchwaldoboletus/ref.model
    wildcards: genus=Buchwaldoboletus
    resources: tmpdir=/tmp


[Mon Aug 18 17:48:48 2025]
rule its_build_ref:
    input: data/packages/ITS/split/Fistulinella.fasta
    output: data/packages/ITS/Fistulinella/.built.ok, data/packages/ITS/Fistulinella/aln.masked.fasta, data/packages/ITS/Fistulinella/ref.treefile, data/packages/ITS/Fistulinella/ref.model
    jobid: 102
    reason: Missing output files: data/packages/ITS/Fistulinella/aln.masked.fasta, data/packages/ITS/Fistulinella/ref.model, data/packages/ITS/Fistulinella/ref.treefile
    wildcards: genus=Fistulinella
    resources: tmpdir=/tmp


[Mon Aug 18 17:48:48 2025]
rule its_build_ref:
    input: data/packages/ITS/split/Imperator.fasta
    output: data/packages/ITS/Imperator/.built.ok, data/packages/ITS/Imperator/aln.masked.fasta, data/packages/ITS/Imperator/ref.treefile, data/packages/ITS/Imperator/ref.model
    jobid: 126
    reason: Missing output files: data/packages/ITS/Imperator/ref.model, data/packages/ITS/Imperator/aln.masked.fasta, data/packages/ITS/Imperator/ref.treefile
    wildcards: genus=Imperator
    resources: tmpdir=/tmp


[Mon Aug 18 17:48:48 2025]
rule its_build_ref:
    input: data/packages/ITS/split/Rubinoboletus.fasta
    output: data/packages/ITS/Rubinoboletus/.built.ok, data/packages/ITS/Rubinoboletus/aln.masked.fasta, data/packages/ITS/Rubinoboletus/ref.treefile, data/packages/ITS/Rubinoboletus/ref.model
    jobid: 178
    reason: Missing output files: data/packages/ITS/Rubinoboletus/aln.masked.fasta, data/packages/ITS/Rubinoboletus/ref.treefile, data/packages/ITS/Rubinoboletus/ref.model
    wildcards: genus=Rubinoboletus
    resources: tmpdir=/tmp


[Mon Aug 18 17:48:48 2025]
rule its_build_ref:
    input: data/packages/ITS/split/Caloboletus.fasta
    output: data/packages/ITS/Caloboletus/.built.ok, data/packages/ITS/Caloboletus/aln.masked.fasta, data/packages/ITS/Caloboletus/ref.treefile, data/packages/ITS/Caloboletus/ref.model
    jobid: 84
    reason: Missing output files: data/packages/ITS/Caloboletus/ref.treefile, data/packages/ITS/Caloboletus/aln.masked.fasta, data/packages/ITS/Caloboletus/ref.model
    wildcards: genus=Caloboletus
    resources: tmpdir=/tmp


[Mon Aug 18 17:48:48 2025]
rule its_build_ref:
    input: data/packages/ITS/split/Parvixerocomus.fasta
    output: data/packages/ITS/Parvixerocomus/.built.ok, data/packages/ITS/Parvixerocomus/aln.masked.fasta, data/packages/ITS/Parvixerocomus/ref.treefile, data/packages/ITS/Parvixerocomus/ref.model
    jobid: 152
    reason: Missing output files: data/packages/ITS/Parvixerocomus/ref.treefile, data/packages/ITS/Parvixerocomus/ref.model, data/packages/ITS/Parvixerocomus/aln.masked.fasta
    wildcards: genus=Parvixerocomus
    resources: tmpdir=/tmp


[Mon Aug 18 17:48:48 2025]
rule its_build_ref:
    input: data/packages/ITS/split/Spongiforma.fasta
    output: data/packages/ITS/Spongiforma/.built.ok, data/packages/ITS/Spongiforma/aln.masked.fasta, data/packages/ITS/Spongiforma/ref.treefile, data/packages/ITS/Spongiforma/ref.model
    jobid: 188
    reason: Missing output files: data/packages/ITS/Spongiforma/aln.masked.fasta, data/packages/ITS/Spongiforma/ref.treefile, data/packages/ITS/Spongiforma/ref.model
    wildcards: genus=Spongiforma
    resources: tmpdir=/tmp


[Mon Aug 18 17:48:48 2025]
rule its_build_ref:
    input: data/packages/ITS/split/Royoungia.fasta
    output: data/packages/ITS/Royoungia/.built.ok, data/packages/ITS/Royoungia/aln.masked.fasta, data/packages/ITS/Royoungia/ref.treefile, data/packages/ITS/Royoungia/ref.model
    jobid: 176
    reason: Missing output files: data/packages/ITS/Royoungia/aln.masked.fasta, data/packages/ITS/Royoungia/ref.treefile, data/packages/ITS/Royoungia/ref.model
    wildcards: genus=Royoungia
    resources: tmpdir=/tmp


[Mon Aug 18 17:48:48 2025]
rule its_build_ref:
    input: data/packages/ITS/split/Neotropicomus.fasta
    output: data/packages/ITS/Neotropicomus/.built.ok, data/packages/ITS/Neotropicomus/aln.masked.fasta, data/packages/ITS/Neotropicomus/ref.treefile, data/packages/ITS/Neotropicomus/ref.model
    jobid: 146
    reason: Missing output files: data/packages/ITS/Neotropicomus/aln.masked.fasta, data/packages/ITS/Neotropicomus/ref.model, data/packages/ITS/Neotropicomus/ref.treefile
    wildcards: genus=Neotropicomus
    resources: tmpdir=/tmp


[Mon Aug 18 17:48:48 2025]
rule its_build_ref:
    input: data/packages/ITS/split/Hongoboletus.fasta
    output: data/packages/ITS/Hongoboletus/.built.ok, data/packages/ITS/Hongoboletus/aln.masked.fasta, data/packages/ITS/Hongoboletus/ref.treefile, data/packages/ITS/Hongoboletus/ref.model
    jobid: 118
    reason: Missing output files: data/packages/ITS/Hongoboletus/ref.model, data/packages/ITS/Hongoboletus/ref.treefile, data/packages/ITS/Hongoboletus/aln.masked.fasta
    wildcards: genus=Hongoboletus
    resources: tmpdir=/tmp


[Mon Aug 18 17:48:48 2025]
rule its_build_ref:
    input: data/packages/ITS/split/Boletellus.fasta
    output: data/packages/ITS/Boletellus/.built.ok, data/packages/ITS/Boletellus/aln.masked.fasta, data/packages/ITS/Boletellus/ref.treefile, data/packages/ITS/Boletellus/ref.model
    jobid: 68
    reason: Missing output files: data/packages/ITS/Boletellus/ref.model, data/packages/ITS/Boletellus/aln.masked.fasta, data/packages/ITS/Boletellus/ref.treefile
    wildcards: genus=Boletellus
    resources: tmpdir=/tmp


[Mon Aug 18 17:48:48 2025]
rule its_build_ref:
    input: data/packages/ITS/split/Guyanaporus.fasta
    output: data/packages/ITS/Guyanaporus/.built.ok, data/packages/ITS/Guyanaporus/aln.masked.fasta, data/packages/ITS/Guyanaporus/ref.treefile, data/packages/ITS/Guyanaporus/ref.model
    jobid: 108
    reason: Missing output files: data/packages/ITS/Guyanaporus/aln.masked.fasta, data/packages/ITS/Guyanaporus/ref.model, data/packages/ITS/Guyanaporus/ref.treefile
    wildcards: genus=Guyanaporus
    resources: tmpdir=/tmp


[Mon Aug 18 17:48:48 2025]
rule its_build_ref:
    input: data/packages/ITS/split/Tropicoboletus.fasta
    output: data/packages/ITS/Tropicoboletus/.built.ok, data/packages/ITS/Tropicoboletus/aln.masked.fasta, data/packages/ITS/Tropicoboletus/ref.treefile, data/packages/ITS/Tropicoboletus/ref.model
    jobid: 198
    reason: Missing output files: data/packages/ITS/Tropicoboletus/aln.masked.fasta, data/packages/ITS/Tropicoboletus/ref.model, data/packages/ITS/Tropicoboletus/ref.treefile
    wildcards: genus=Tropicoboletus
    resources: tmpdir=/tmp


[Mon Aug 18 17:48:48 2025]
rule its_build_ref:
    input: data/packages/ITS/split/Mycoamaranthus.fasta
    output: data/packages/ITS/Mycoamaranthus/.built.ok, data/packages/ITS/Mycoamaranthus/aln.masked.fasta, data/packages/ITS/Mycoamaranthus/ref.treefile, data/packages/ITS/Mycoamaranthus/ref.model
    jobid: 142
    reason: Missing output files: data/packages/ITS/Mycoamaranthus/ref.model, data/packages/ITS/Mycoamaranthus/aln.masked.fasta, data/packages/ITS/Mycoamaranthus/ref.treefile
    wildcards: genus=Mycoamaranthus
    resources: tmpdir=/tmp


[Mon Aug 18 17:48:48 2025]
rule its_build_ref:
    input: data/packages/ITS/split/Boletus.fasta
    output: data/packages/ITS/Boletus/.built.ok, data/packages/ITS/Boletus/aln.masked.fasta, data/packages/ITS/Boletus/ref.treefile, data/packages/ITS/Boletus/ref.model
    jobid: 70
    reason: Missing output files: data/packages/ITS/Boletus/ref.treefile, data/packages/ITS/Boletus/ref.model, data/packages/ITS/Boletus/aln.masked.fasta
    wildcards: genus=Boletus
    resources: tmpdir=/tmp


[Mon Aug 18 17:48:48 2025]
rule its_build_ref:
    input: data/packages/ITS/split/Exsudoporus.fasta
    output: data/packages/ITS/Exsudoporus/.built.ok, data/packages/ITS/Exsudoporus/aln.masked.fasta, data/packages/ITS/Exsudoporus/ref.treefile, data/packages/ITS/Exsudoporus/ref.model
    jobid: 100
    reason: Missing output files: data/packages/ITS/Exsudoporus/aln.masked.fasta, data/packages/ITS/Exsudoporus/ref.treefile, data/packages/ITS/Exsudoporus/ref.model
    wildcards: genus=Exsudoporus
    resources: tmpdir=/tmp


[Mon Aug 18 17:48:48 2025]
rule its_build_ref:
    input: data/packages/ITS/split/Imleria.fasta
    output: data/packages/ITS/Imleria/.built.ok, data/packages/ITS/Imleria/aln.masked.fasta, data/packages/ITS/Imleria/ref.treefile, data/packages/ITS/Imleria/ref.model
    jobid: 124
    reason: Missing output files: data/packages/ITS/Imleria/ref.model, data/packages/ITS/Imleria/aln.masked.fasta, data/packages/ITS/Imleria/ref.treefile
    wildcards: genus=Imleria
    resources: tmpdir=/tmp


[Mon Aug 18 17:48:48 2025]
rule its_build_ref:
    input: data/packages/ITS/split/Pulchroboletus.fasta
    output: data/packages/ITS/Pulchroboletus/.built.ok, data/packages/ITS/Pulchroboletus/aln.masked.fasta, data/packages/ITS/Pulchroboletus/ref.treefile, data/packages/ITS/Pulchroboletus/ref.model
    jobid: 166
    reason: Missing output files: data/packages/ITS/Pulchroboletus/ref.model, data/packages/ITS/Pulchroboletus/aln.masked.fasta, data/packages/ITS/Pulchroboletus/ref.treefile
    wildcards: genus=Pulchroboletus
    resources: tmpdir=/tmp


[Mon Aug 18 17:48:48 2025]
rule its_build_ref:
    input: data/packages/ITS/split/Spongispora.fasta
    output: data/packages/ITS/Spongispora/.built.ok, data/packages/ITS/Spongispora/aln.masked.fasta, data/packages/ITS/Spongispora/ref.treefile, data/packages/ITS/Spongispora/ref.model
    jobid: 190
    reason: Missing output files: data/packages/ITS/Spongispora/aln.masked.fasta, data/packages/ITS/Spongispora/ref.treefile, data/packages/ITS/Spongispora/ref.model
    wildcards: genus=Spongispora
    resources: tmpdir=/tmp


[Mon Aug 18 17:48:48 2025]
rule its_build_ref:
    input: data/packages/ITS/split/Alessioporus.fasta
    output: data/packages/ITS/Alessioporus/.built.ok, data/packages/ITS/Alessioporus/aln.masked.fasta, data/packages/ITS/Alessioporus/ref.treefile, data/packages/ITS/Alessioporus/ref.model
    jobid: 52
    reason: Missing output files: data/packages/ITS/Alessioporus/aln.masked.fasta, data/packages/ITS/Alessioporus/ref.model, data/packages/ITS/Alessioporus/ref.treefile
    wildcards: genus=Alessioporus
    resources: tmpdir=/tmp


[Mon Aug 18 17:48:48 2025]
rule its_build_ref:
    input: data/packages/ITS/split/Brasilioporus.fasta
    output: data/packages/ITS/Brasilioporus/.built.ok, data/packages/ITS/Brasilioporus/aln.masked.fasta, data/packages/ITS/Brasilioporus/ref.treefile, data/packages/ITS/Brasilioporus/ref.model
    jobid: 76
    reason: Missing output files: data/packages/ITS/Brasilioporus/ref.treefile, data/packages/ITS/Brasilioporus/ref.model, data/packages/ITS/Brasilioporus/aln.masked.fasta
    wildcards: genus=Brasilioporus
    resources: tmpdir=/tmp


[Mon Aug 18 17:48:48 2025]
rule its_build_ref:
    input: data/packages/ITS/split/Afrocastellanoa.fasta
    output: data/packages/ITS/Afrocastellanoa/.built.ok, data/packages/ITS/Afrocastellanoa/aln.masked.fasta, data/packages/ITS/Afrocastellanoa/ref.treefile, data/packages/ITS/Afrocastellanoa/ref.model
    jobid: 50
    reason: Missing output files: data/packages/ITS/Afrocastellanoa/ref.treefile, data/packages/ITS/Afrocastellanoa/ref.model, data/packages/ITS/Afrocastellanoa/aln.masked.fasta
    wildcards: genus=Afrocastellanoa
    resources: tmpdir=/tmp


[Mon Aug 18 17:48:48 2025]
rule its_build_ref:
    input: data/packages/ITS/split/Chalciporus.fasta
    output: data/packages/ITS/Chalciporus/.built.ok, data/packages/ITS/Chalciporus/aln.masked.fasta, data/packages/ITS/Chalciporus/ref.treefile, data/packages/ITS/Chalciporus/ref.model
    jobid: 86
    reason: Missing output files: data/packages/ITS/Chalciporus/ref.treefile, data/packages/ITS/Chalciporus/ref.model, data/packages/ITS/Chalciporus/aln.masked.fasta
    wildcards: genus=Chalciporus
    resources: tmpdir=/tmp


[Mon Aug 18 17:48:48 2025]
rule its_build_ref:
    input: data/packages/ITS/split/Rufoboletus.fasta
    output: data/packages/ITS/Rufoboletus/.built.ok, data/packages/ITS/Rufoboletus/aln.masked.fasta, data/packages/ITS/Rufoboletus/ref.treefile, data/packages/ITS/Rufoboletus/ref.model
    jobid: 182
    reason: Missing output files: data/packages/ITS/Rufoboletus/aln.masked.fasta, data/packages/ITS/Rufoboletus/ref.model, data/packages/ITS/Rufoboletus/ref.treefile
    wildcards: genus=Rufoboletus
    resources: tmpdir=/tmp


[Mon Aug 18 17:48:48 2025]
rule its_build_ref:
    input: data/packages/ITS/split/Acyanoboletus.fasta
    output: data/packages/ITS/Acyanoboletus/.built.ok, data/packages/ITS/Acyanoboletus/aln.masked.fasta, data/packages/ITS/Acyanoboletus/ref.treefile, data/packages/ITS/Acyanoboletus/ref.model
    jobid: 46
    reason: Missing output files: data/packages/ITS/Acyanoboletus/ref.treefile, data/packages/ITS/Acyanoboletus/ref.model, data/packages/ITS/Acyanoboletus/aln.masked.fasta
    wildcards: genus=Acyanoboletus
    resources: tmpdir=/tmp


[Mon Aug 18 17:48:48 2025]
rule its_build_ref:
    input: data/packages/ITS/split/Hourangia.fasta
    output: data/packages/ITS/Hourangia/.built.ok, data/packages/ITS/Hourangia/aln.masked.fasta, data/packages/ITS/Hourangia/ref.treefile, data/packages/ITS/Hourangia/ref.model
    jobid: 122
    reason: Missing output files: data/packages/ITS/Hourangia/ref.treefile, data/packages/ITS/Hourangia/ref.model, data/packages/ITS/Hourangia/aln.masked.fasta
    wildcards: genus=Hourangia
    resources: tmpdir=/tmp


[Mon Aug 18 17:48:48 2025]
rule its_build_ref:
    input: data/packages/ITS/split/Paxilloboletus.fasta
    output: data/packages/ITS/Paxilloboletus/.built.ok, data/packages/ITS/Paxilloboletus/aln.masked.fasta, data/packages/ITS/Paxilloboletus/ref.treefile, data/packages/ITS/Paxilloboletus/ref.model
    jobid: 154
    reason: Missing output files: data/packages/ITS/Paxilloboletus/ref.treefile, data/packages/ITS/Paxilloboletus/aln.masked.fasta, data/packages/ITS/Paxilloboletus/ref.model
    wildcards: genus=Paxilloboletus
    resources: tmpdir=/tmp


[Mon Aug 18 17:48:48 2025]
rule its_build_ref:
    input: data/packages/ITS/split/Anthracoporus.fasta
    output: data/packages/ITS/Anthracoporus/.built.ok, data/packages/ITS/Anthracoporus/aln.masked.fasta, data/packages/ITS/Anthracoporus/ref.treefile, data/packages/ITS/Anthracoporus/ref.model
    jobid: 56
    reason: Missing output files: data/packages/ITS/Anthracoporus/ref.treefile, data/packages/ITS/Anthracoporus/ref.model, data/packages/ITS/Anthracoporus/aln.masked.fasta
    wildcards: genus=Anthracoporus
    resources: tmpdir=/tmp


[Mon Aug 18 17:48:48 2025]
rule its_build_ref:
    input: data/packages/ITS/split/Bothia.fasta
    output: data/packages/ITS/Bothia/.built.ok, data/packages/ITS/Bothia/aln.masked.fasta, data/packages/ITS/Bothia/ref.treefile, data/packages/ITS/Bothia/ref.model
    jobid: 74
    reason: Missing output files: data/packages/ITS/Bothia/ref.treefile, data/packages/ITS/Bothia/aln.masked.fasta, data/packages/ITS/Bothia/ref.model
    wildcards: genus=Bothia
    resources: tmpdir=/tmp


[Mon Aug 18 17:48:48 2025]
rule its_build_ref:
    input: data/packages/ITS/split/Butyriboletus.fasta
    output: data/packages/ITS/Butyriboletus/.built.ok, data/packages/ITS/Butyriboletus/aln.masked.fasta, data/packages/ITS/Butyriboletus/ref.treefile, data/packages/ITS/Butyriboletus/ref.model
    jobid: 80
    reason: Missing output files: data/packages/ITS/Butyriboletus/aln.masked.fasta, data/packages/ITS/Butyriboletus/ref.model, data/packages/ITS/Butyriboletus/ref.treefile
    wildcards: genus=Butyriboletus
    resources: tmpdir=/tmp


[Mon Aug 18 17:48:48 2025]
rule its_build_ref:
    input: data/packages/ITS/split/Garcileccinum.fasta
    output: data/packages/ITS/Garcileccinum/.built.ok, data/packages/ITS/Garcileccinum/aln.masked.fasta, data/packages/ITS/Garcileccinum/ref.treefile, data/packages/ITS/Garcileccinum/ref.model
    jobid: 104
    reason: Missing output files: data/packages/ITS/Garcileccinum/ref.treefile, data/packages/ITS/Garcileccinum/ref.model, data/packages/ITS/Garcileccinum/aln.masked.fasta
    wildcards: genus=Garcileccinum
    resources: tmpdir=/tmp


[Mon Aug 18 17:48:48 2025]
rule its_build_ref:
    input: data/packages/ITS/split/Rugiboletus.fasta
    output: data/packages/ITS/Rugiboletus/.built.ok, data/packages/ITS/Rugiboletus/aln.masked.fasta, data/packages/ITS/Rugiboletus/ref.treefile, data/packages/ITS/Rugiboletus/ref.model
    jobid: 184
    reason: Missing output files: data/packages/ITS/Rugiboletus/ref.treefile, data/packages/ITS/Rugiboletus/aln.masked.fasta, data/packages/ITS/Rugiboletus/ref.model
    wildcards: genus=Rugiboletus
    resources: tmpdir=/tmp


[Mon Aug 18 17:48:48 2025]
rule its_build_ref:
    input: data/packages/ITS/split/Erythrophylloporus.fasta
    output: data/packages/ITS/Erythrophylloporus/.built.ok, data/packages/ITS/Erythrophylloporus/aln.masked.fasta, data/packages/ITS/Erythrophylloporus/ref.treefile, data/packages/ITS/Erythrophylloporus/ref.model
    jobid: 98
    reason: Missing output files: data/packages/ITS/Erythrophylloporus/aln.masked.fasta, data/packages/ITS/Erythrophylloporus/ref.model, data/packages/ITS/Erythrophylloporus/ref.treefile
    wildcards: genus=Erythrophylloporus
    resources: tmpdir=/tmp


[Mon Aug 18 17:48:48 2025]
rule its_build_ref:
    input: data/packages/ITS/split/Chamonixia.fasta
    output: data/packages/ITS/Chamonixia/.built.ok, data/packages/ITS/Chamonixia/aln.masked.fasta, data/packages/ITS/Chamonixia/ref.treefile, data/packages/ITS/Chamonixia/ref.model
    jobid: 88
    reason: Missing output files: data/packages/ITS/Chamonixia/ref.model, data/packages/ITS/Chamonixia/aln.masked.fasta, data/packages/ITS/Chamonixia/ref.treefile
    wildcards: genus=Chamonixia
    resources: tmpdir=/tmp


[Mon Aug 18 17:48:48 2025]
rule its_build_ref:
    input: data/packages/ITS/split/Pseudoaustroboletus.fasta
    output: data/packages/ITS/Pseudoaustroboletus/.built.ok, data/packages/ITS/Pseudoaustroboletus/aln.masked.fasta, data/packages/ITS/Pseudoaustroboletus/ref.treefile, data/packages/ITS/Pseudoaustroboletus/ref.model
    jobid: 162
    reason: Missing output files: data/packages/ITS/Pseudoaustroboletus/ref.model, data/packages/ITS/Pseudoaustroboletus/ref.treefile, data/packages/ITS/Pseudoaustroboletus/aln.masked.fasta
    wildcards: genus=Pseudoaustroboletus
    resources: tmpdir=/tmp


[Mon Aug 18 17:48:48 2025]
rule its_build_ref:
    input: data/packages/ITS/split/Tylopilus.fasta
    output: data/packages/ITS/Tylopilus/.built.ok, data/packages/ITS/Tylopilus/aln.masked.fasta, data/packages/ITS/Tylopilus/ref.treefile, data/packages/ITS/Tylopilus/ref.model
    jobid: 204
    reason: Missing output files: data/packages/ITS/Tylopilus/aln.masked.fasta, data/packages/ITS/Tylopilus/ref.treefile, data/packages/ITS/Tylopilus/ref.model
    wildcards: genus=Tylopilus
    resources: tmpdir=/tmp


[Mon Aug 18 17:48:48 2025]
rule its_build_ref:
    input: data/packages/ITS/split/Xanthoconium.fasta
    output: data/packages/ITS/Xanthoconium/.built.ok, data/packages/ITS/Xanthoconium/aln.masked.fasta, data/packages/ITS/Xanthoconium/ref.treefile, data/packages/ITS/Xanthoconium/ref.model
    jobid: 210
    reason: Missing output files: data/packages/ITS/Xanthoconium/ref.treefile, data/packages/ITS/Xanthoconium/aln.masked.fasta, data/packages/ITS/Xanthoconium/ref.model
    wildcards: genus=Xanthoconium
    resources: tmpdir=/tmp


[Mon Aug 18 17:48:48 2025]
rule its_build_ref:
    input: data/packages/ITS/split/Xerocomus.fasta
    output: data/packages/ITS/Xerocomus/.built.ok, data/packages/ITS/Xerocomus/aln.masked.fasta, data/packages/ITS/Xerocomus/ref.treefile, data/packages/ITS/Xerocomus/ref.model
    jobid: 216
    reason: Missing output files: data/packages/ITS/Xerocomus/ref.model, data/packages/ITS/Xerocomus/aln.masked.fasta, data/packages/ITS/Xerocomus/ref.treefile
    wildcards: genus=Xerocomus
    resources: tmpdir=/tmp


[Mon Aug 18 17:48:48 2025]
rule its_build_ref:
    input: data/packages/ITS/split/Kgaria.fasta
    output: data/packages/ITS/Kgaria/.built.ok, data/packages/ITS/Kgaria/aln.masked.fasta, data/packages/ITS/Kgaria/ref.treefile, data/packages/ITS/Kgaria/ref.model
    jobid: 132
    reason: Missing output files: data/packages/ITS/Kgaria/ref.treefile, data/packages/ITS/Kgaria/ref.model, data/packages/ITS/Kgaria/aln.masked.fasta
    wildcards: genus=Kgaria
    resources: tmpdir=/tmp


[Mon Aug 18 17:48:48 2025]
rule its_build_ref:
    input: data/packages/ITS/split/Retiboletus.fasta
    output: data/packages/ITS/Retiboletus/.built.ok, data/packages/ITS/Retiboletus/aln.masked.fasta, data/packages/ITS/Retiboletus/ref.treefile, data/packages/ITS/Retiboletus/ref.model
    jobid: 170
    reason: Missing output files: data/packages/ITS/Retiboletus/ref.model, data/packages/ITS/Retiboletus/ref.treefile, data/packages/ITS/Retiboletus/aln.masked.fasta
    wildcards: genus=Retiboletus
    resources: tmpdir=/tmp


[Mon Aug 18 17:48:48 2025]
rule its_build_ref:
    input: data/packages/ITS/split/Heimioporus.fasta
    output: data/packages/ITS/Heimioporus/.built.ok, data/packages/ITS/Heimioporus/aln.masked.fasta, data/packages/ITS/Heimioporus/ref.treefile, data/packages/ITS/Heimioporus/ref.model
    jobid: 112
    reason: Missing output files: data/packages/ITS/Heimioporus/aln.masked.fasta, data/packages/ITS/Heimioporus/ref.treefile, data/packages/ITS/Heimioporus/ref.model
    wildcards: genus=Heimioporus
    resources: tmpdir=/tmp


[Mon Aug 18 17:48:48 2025]
rule its_build_ref:
    input: data/packages/ITS/split/Harrya.fasta
    output: data/packages/ITS/Harrya/.built.ok, data/packages/ITS/Harrya/aln.masked.fasta, data/packages/ITS/Harrya/ref.treefile, data/packages/ITS/Harrya/ref.model
    jobid: 110
    reason: Missing output files: data/packages/ITS/Harrya/ref.treefile, data/packages/ITS/Harrya/aln.masked.fasta, data/packages/ITS/Harrya/ref.model
    wildcards: genus=Harrya
    resources: tmpdir=/tmp


[Mon Aug 18 17:48:48 2025]
rule its_build_ref:
    input: data/packages/ITS/split/Indoporus.fasta
    output: data/packages/ITS/Indoporus/.built.ok, data/packages/ITS/Indoporus/aln.masked.fasta, data/packages/ITS/Indoporus/ref.treefile, data/packages/ITS/Indoporus/ref.model
    jobid: 128
    reason: Missing output files: data/packages/ITS/Indoporus/ref.model, data/packages/ITS/Indoporus/aln.masked.fasta, data/packages/ITS/Indoporus/ref.treefile
    wildcards: genus=Indoporus
    resources: tmpdir=/tmp


[Mon Aug 18 17:48:48 2025]
rule its_build_ref:
    input: data/packages/ITS/split/Cacaoporus.fasta
    output: data/packages/ITS/Cacaoporus/.built.ok, data/packages/ITS/Cacaoporus/aln.masked.fasta, data/packages/ITS/Cacaoporus/ref.treefile, data/packages/ITS/Cacaoporus/ref.model
    jobid: 82
    reason: Missing output files: data/packages/ITS/Cacaoporus/ref.model, data/packages/ITS/Cacaoporus/aln.masked.fasta, data/packages/ITS/Cacaoporus/ref.treefile
    wildcards: genus=Cacaoporus
    resources: tmpdir=/tmp

[Mon Aug 18 17:48:48 2025]
Error in rule its_build_ref:
    jobid: 218
    input: data/packages/ITS/split/Zangia.fasta
    output: data/packages/ITS/Zangia/.built.ok, data/packages/ITS/Zangia/aln.masked.fasta, data/packages/ITS/Zangia/ref.treefile, data/packages/ITS/Zangia/ref.model
    shell:
        python3.11 workflow/scripts/build_its_ref.py \
             --in data/packages/ITS/split/Zangia.fasta --outdir data/packages/ITS/Zangia
           touch data/packages/ITS/Zangia/.built.ok
        (one of the commands exited with non-zero exit code; note that snakemake uses bash strict mode!)

Removing output files of failed job its_build_ref since they might be corrupted:
data/packages/ITS/Zangia/aln.masked.fasta
[Mon Aug 18 17:48:48 2025]
Error in rule its_build_ref:
    jobid: 190
    input: data/packages/ITS/split/Spongispora.fasta
    output: data/packages/ITS/Spongispora/.built.ok, data/packages/ITS/Spongispora/aln.masked.fasta, data/packages/ITS/Spongispora/ref.treefile, data/packages/ITS/Spongispora/ref.model
    shell:
        python3.11 workflow/scripts/build_its_ref.py \
             --in data/packages/ITS/split/Spongispora.fasta --outdir data/packages/ITS/Spongispora
           touch data/packages/ITS/Spongispora/.built.ok
        (one of the commands exited with non-zero exit code; note that snakemake uses bash strict mode!)

Removing output files of failed job its_build_ref since they might be corrupted:
data/packages/ITS/Spongispora/aln.masked.fasta
[Mon Aug 18 17:48:48 2025]
Error in rule its_build_ref:
    jobid: 132
    input: data/packages/ITS/split/Kgaria.fasta
    output: data/packages/ITS/Kgaria/.built.ok, data/packages/ITS/Kgaria/aln.masked.fasta, data/packages/ITS/Kgaria/ref.treefile, data/packages/ITS/Kgaria/ref.model
    shell:
        python3.11 workflow/scripts/build_its_ref.py \
             --in data/packages/ITS/split/Kgaria.fasta --outdir data/packages/ITS/Kgaria
           touch data/packages/ITS/Kgaria/.built.ok
        (one of the commands exited with non-zero exit code; note that snakemake uses bash strict mode!)

Removing output files of failed job its_build_ref since they might be corrupted:
data/packages/ITS/Kgaria/aln.masked.fasta
[Mon Aug 18 17:48:48 2025]
Error in rule its_build_ref:
    jobid: 82
    input: data/packages/ITS/split/Cacaoporus.fasta
    output: data/packages/ITS/Cacaoporus/.built.ok, data/packages/ITS/Cacaoporus/aln.masked.fasta, data/packages/ITS/Cacaoporus/ref.treefile, data/packages/ITS/Cacaoporus/ref.model
    shell:
        python3.11 workflow/scripts/build_its_ref.py \
             --in data/packages/ITS/split/Cacaoporus.fasta --outdir data/packages/ITS/Cacaoporus
           touch data/packages/ITS/Cacaoporus/.built.ok
        (one of the commands exited with non-zero exit code; note that snakemake uses bash strict mode!)

Removing output files of failed job its_build_ref since they might be corrupted:
data/packages/ITS/Cacaoporus/aln.masked.fasta
[Mon Aug 18 17:48:49 2025]
Error in rule its_build_ref:
    jobid: 104
    input: data/packages/ITS/split/Garcileccinum.fasta
    output: data/packages/ITS/Garcileccinum/.built.ok, data/packages/ITS/Garcileccinum/aln.masked.fasta, data/packages/ITS/Garcileccinum/ref.treefile, data/packages/ITS/Garcileccinum/ref.model
    shell:
        python3.11 workflow/scripts/build_its_ref.py \
             --in data/packages/ITS/split/Garcileccinum.fasta --outdir data/packages/ITS/Garcileccinum
           touch data/packages/ITS/Garcileccinum/.built.ok
        (one of the commands exited with non-zero exit code; note that snakemake uses bash strict mode!)

Removing output files of failed job its_build_ref since they might be corrupted:
data/packages/ITS/Garcileccinum/aln.masked.fasta
[Mon Aug 18 17:48:49 2025]
Error in rule its_build_ref:
    jobid: 76
    input: data/packages/ITS/split/Brasilioporus.fasta
    output: data/packages/ITS/Brasilioporus/.built.ok, data/packages/ITS/Brasilioporus/aln.masked.fasta, data/packages/ITS/Brasilioporus/ref.treefile, data/packages/ITS/Brasilioporus/ref.model
    shell:
        python3.11 workflow/scripts/build_its_ref.py \
             --in data/packages/ITS/split/Brasilioporus.fasta --outdir data/packages/ITS/Brasilioporus
           touch data/packages/ITS/Brasilioporus/.built.ok
        (one of the commands exited with non-zero exit code; note that snakemake uses bash strict mode!)

Removing output files of failed job its_build_ref since they might be corrupted:
data/packages/ITS/Brasilioporus/aln.masked.fasta
[Mon Aug 18 17:48:50 2025]
Error in rule its_build_ref:
    jobid: 164
    input: data/packages/ITS/split/Pseudoboletus.fasta
    output: data/packages/ITS/Pseudoboletus/.built.ok, data/packages/ITS/Pseudoboletus/aln.masked.fasta, data/packages/ITS/Pseudoboletus/ref.treefile, data/packages/ITS/Pseudoboletus/ref.model
    shell:
        python3.11 workflow/scripts/build_its_ref.py \
             --in data/packages/ITS/split/Pseudoboletus.fasta --outdir data/packages/ITS/Pseudoboletus
           touch data/packages/ITS/Pseudoboletus/.built.ok
        (one of the commands exited with non-zero exit code; note that snakemake uses bash strict mode!)

Removing output files of failed job its_build_ref since they might be corrupted:
data/packages/ITS/Pseudoboletus/aln.masked.fasta
[Mon Aug 18 17:48:50 2025]
Error in rule its_build_ref:
    jobid: 142
    input: data/packages/ITS/split/Mycoamaranthus.fasta
    output: data/packages/ITS/Mycoamaranthus/.built.ok, data/packages/ITS/Mycoamaranthus/aln.masked.fasta, data/packages/ITS/Mycoamaranthus/ref.treefile, data/packages/ITS/Mycoamaranthus/ref.model
    shell:
        python3.11 workflow/scripts/build_its_ref.py \
             --in data/packages/ITS/split/Mycoamaranthus.fasta --outdir data/packages/ITS/Mycoamaranthus
           touch data/packages/ITS/Mycoamaranthus/.built.ok
        (one of the commands exited with non-zero exit code; note that snakemake uses bash strict mode!)

Removing output files of failed job its_build_ref since they might be corrupted:
data/packages/ITS/Mycoamaranthus/aln.masked.fasta
[Mon Aug 18 17:48:55 2025]
Error in rule its_build_ref:
    jobid: 54
    input: data/packages/ITS/split/Amoenoboletus.fasta
    output: data/packages/ITS/Amoenoboletus/.built.ok, data/packages/ITS/Amoenoboletus/aln.masked.fasta, data/packages/ITS/Amoenoboletus/ref.treefile, data/packages/ITS/Amoenoboletus/ref.model
    shell:
        python3.11 workflow/scripts/build_its_ref.py \
             --in data/packages/ITS/split/Amoenoboletus.fasta --outdir data/packages/ITS/Amoenoboletus
           touch data/packages/ITS/Amoenoboletus/.built.ok
        (one of the commands exited with non-zero exit code; note that snakemake uses bash strict mode!)

Removing output files of failed job its_build_ref since they might be corrupted:
data/packages/ITS/Amoenoboletus/aln.masked.fasta
[Mon Aug 18 17:49:02 2025]
Error in rule its_build_ref:
    jobid: 78
    input: data/packages/ITS/split/Buchwaldoboletus.fasta
    output: data/packages/ITS/Buchwaldoboletus/.built.ok, data/packages/ITS/Buchwaldoboletus/aln.masked.fasta, data/packages/ITS/Buchwaldoboletus/ref.treefile, data/packages/ITS/Buchwaldoboletus/ref.model
    shell:
        python3.11 workflow/scripts/build_its_ref.py \
             --in data/packages/ITS/split/Buchwaldoboletus.fasta --outdir data/packages/ITS/Buchwaldoboletus
           touch data/packages/ITS/Buchwaldoboletus/.built.ok
        (one of the commands exited with non-zero exit code; note that snakemake uses bash strict mode!)

Removing output files of failed job its_build_ref since they might be corrupted:
data/packages/ITS/Buchwaldoboletus/aln.masked.fasta
[Mon Aug 18 17:49:18 2025]
Error in rule its_build_ref:
    jobid: 102
    input: data/packages/ITS/split/Fistulinella.fasta
    output: data/packages/ITS/Fistulinella/.built.ok, data/packages/ITS/Fistulinella/aln.masked.fasta, data/packages/ITS/Fistulinella/ref.treefile, data/packages/ITS/Fistulinella/ref.model
    shell:
        python3.11 workflow/scripts/build_its_ref.py \
             --in data/packages/ITS/split/Fistulinella.fasta --outdir data/packages/ITS/Fistulinella
           touch data/packages/ITS/Fistulinella/.built.ok
        (one of the commands exited with non-zero exit code; note that snakemake uses bash strict mode!)

Removing output files of failed job its_build_ref since they might be corrupted:
data/packages/ITS/Fistulinella/aln.masked.fasta
[Mon Aug 18 17:49:33 2025]
Error in rule its_build_ref:
    jobid: 62
    input: data/packages/ITS/split/Baorangia.fasta
    output: data/packages/ITS/Baorangia/.built.ok, data/packages/ITS/Baorangia/aln.masked.fasta, data/packages/ITS/Baorangia/ref.treefile, data/packages/ITS/Baorangia/ref.model
    shell:
        python3.11 workflow/scripts/build_its_ref.py \
             --in data/packages/ITS/split/Baorangia.fasta --outdir data/packages/ITS/Baorangia
           touch data/packages/ITS/Baorangia/.built.ok
        (one of the commands exited with non-zero exit code; note that snakemake uses bash strict mode!)

Removing output files of failed job its_build_ref since they might be corrupted:
data/packages/ITS/Baorangia/aln.masked.fasta
[Mon Aug 18 17:49:38 2025]
Error in rule its_build_ref:
    jobid: 166
    input: data/packages/ITS/split/Pulchroboletus.fasta
    output: data/packages/ITS/Pulchroboletus/.built.ok, data/packages/ITS/Pulchroboletus/aln.masked.fasta, data/packages/ITS/Pulchroboletus/ref.treefile, data/packages/ITS/Pulchroboletus/ref.model
    shell:
        python3.11 workflow/scripts/build_its_ref.py \
             --in data/packages/ITS/split/Pulchroboletus.fasta --outdir data/packages/ITS/Pulchroboletus
           touch data/packages/ITS/Pulchroboletus/.built.ok
        (one of the commands exited with non-zero exit code; note that snakemake uses bash strict mode!)

Removing output files of failed job its_build_ref since they might be corrupted:
data/packages/ITS/Pulchroboletus/aln.masked.fasta
[Mon Aug 18 17:49:51 2025]
Error in rule its_build_ref:
    jobid: 170
    input: data/packages/ITS/split/Retiboletus.fasta
    output: data/packages/ITS/Retiboletus/.built.ok, data/packages/ITS/Retiboletus/aln.masked.fasta, data/packages/ITS/Retiboletus/ref.treefile, data/packages/ITS/Retiboletus/ref.model
    shell:
        python3.11 workflow/scripts/build_its_ref.py \
             --in data/packages/ITS/split/Retiboletus.fasta --outdir data/packages/ITS/Retiboletus
           touch data/packages/ITS/Retiboletus/.built.ok
        (one of the commands exited with non-zero exit code; note that snakemake uses bash strict mode!)

Removing output files of failed job its_build_ref since they might be corrupted:
data/packages/ITS/Retiboletus/aln.masked.fasta
[Mon Aug 18 17:49:52 2025]
Error in rule its_build_ref:
    jobid: 174
    input: data/packages/ITS/split/Rossbeevera.fasta
    output: data/packages/ITS/Rossbeevera/.built.ok, data/packages/ITS/Rossbeevera/aln.masked.fasta, data/packages/ITS/Rossbeevera/ref.treefile, data/packages/ITS/Rossbeevera/ref.model
    shell:
        python3.11 workflow/scripts/build_its_ref.py \
             --in data/packages/ITS/split/Rossbeevera.fasta --outdir data/packages/ITS/Rossbeevera
           touch data/packages/ITS/Rossbeevera/.built.ok
        (one of the commands exited with non-zero exit code; note that snakemake uses bash strict mode!)

Removing output files of failed job its_build_ref since they might be corrupted:
data/packages/ITS/Rossbeevera/aln.masked.fasta
[Mon Aug 18 17:50:22 2025]
Error in rule its_build_ref:
    jobid: 134
    input: data/packages/ITS/split/Lanmaoa.fasta
    output: data/packages/ITS/Lanmaoa/.built.ok, data/packages/ITS/Lanmaoa/aln.masked.fasta, data/packages/ITS/Lanmaoa/ref.treefile, data/packages/ITS/Lanmaoa/ref.model
    shell:
        python3.11 workflow/scripts/build_its_ref.py \
             --in data/packages/ITS/split/Lanmaoa.fasta --outdir data/packages/ITS/Lanmaoa
           touch data/packages/ITS/Lanmaoa/.built.ok
        (one of the commands exited with non-zero exit code; note that snakemake uses bash strict mode!)

Removing output files of failed job its_build_ref since they might be corrupted:
data/packages/ITS/Lanmaoa/aln.masked.fasta
[Mon Aug 18 17:51:14 2025]
Error in rule its_build_ref:
    jobid: 140
    input: data/packages/ITS/split/Mucilopilus.fasta
    output: data/packages/ITS/Mucilopilus/.built.ok, data/packages/ITS/Mucilopilus/aln.masked.fasta, data/packages/ITS/Mucilopilus/ref.treefile, data/packages/ITS/Mucilopilus/ref.model
    shell:
        python3.11 workflow/scripts/build_its_ref.py \
             --in data/packages/ITS/split/Mucilopilus.fasta --outdir data/packages/ITS/Mucilopilus
           touch data/packages/ITS/Mucilopilus/.built.ok
        (one of the commands exited with non-zero exit code; note that snakemake uses bash strict mode!)

Removing output files of failed job its_build_ref since they might be corrupted:
data/packages/ITS/Mucilopilus/aln.masked.fasta, data/packages/ITS/Mucilopilus/ref.treefile
[Mon Aug 18 17:51:16 2025]
Error in rule its_build_ref:
    jobid: 118
    input: data/packages/ITS/split/Hongoboletus.fasta
    output: data/packages/ITS/Hongoboletus/.built.ok, data/packages/ITS/Hongoboletus/aln.masked.fasta, data/packages/ITS/Hongoboletus/ref.treefile, data/packages/ITS/Hongoboletus/ref.model
    shell:
        python3.11 workflow/scripts/build_its_ref.py \
             --in data/packages/ITS/split/Hongoboletus.fasta --outdir data/packages/ITS/Hongoboletus
           touch data/packages/ITS/Hongoboletus/.built.ok
        (one of the commands exited with non-zero exit code; note that snakemake uses bash strict mode!)

Removing output files of failed job its_build_ref since they might be corrupted:
data/packages/ITS/Hongoboletus/aln.masked.fasta
[Mon Aug 18 17:51:27 2025]
Error in rule its_build_ref:
    jobid: 188
    input: data/packages/ITS/split/Spongiforma.fasta
    output: data/packages/ITS/Spongiforma/.built.ok, data/packages/ITS/Spongiforma/aln.masked.fasta, data/packages/ITS/Spongiforma/ref.treefile, data/packages/ITS/Spongiforma/ref.model
    shell:
        python3.11 workflow/scripts/build_its_ref.py \
             --in data/packages/ITS/split/Spongiforma.fasta --outdir data/packages/ITS/Spongiforma
           touch data/packages/ITS/Spongiforma/.built.ok
        (one of the commands exited with non-zero exit code; note that snakemake uses bash strict mode!)

Removing output files of failed job its_build_ref since they might be corrupted:
data/packages/ITS/Spongiforma/aln.masked.fasta, data/packages/ITS/Spongiforma/ref.treefile
[Mon Aug 18 17:51:28 2025]
Error in rule its_build_ref:
    jobid: 56
    input: data/packages/ITS/split/Anthracoporus.fasta
    output: data/packages/ITS/Anthracoporus/.built.ok, data/packages/ITS/Anthracoporus/aln.masked.fasta, data/packages/ITS/Anthracoporus/ref.treefile, data/packages/ITS/Anthracoporus/ref.model
    shell:
        python3.11 workflow/scripts/build_its_ref.py \
             --in data/packages/ITS/split/Anthracoporus.fasta --outdir data/packages/ITS/Anthracoporus
           touch data/packages/ITS/Anthracoporus/.built.ok
        (one of the commands exited with non-zero exit code; note that snakemake uses bash strict mode!)

Removing output files of failed job its_build_ref since they might be corrupted:
data/packages/ITS/Anthracoporus/aln.masked.fasta, data/packages/ITS/Anthracoporus/ref.treefile
[Mon Aug 18 17:51:29 2025]
Error in rule its_build_ref:
    jobid: 184
    input: data/packages/ITS/split/Rugiboletus.fasta
    output: data/packages/ITS/Rugiboletus/.built.ok, data/packages/ITS/Rugiboletus/aln.masked.fasta, data/packages/ITS/Rugiboletus/ref.treefile, data/packages/ITS/Rugiboletus/ref.model
    shell:
        python3.11 workflow/scripts/build_its_ref.py \
             --in data/packages/ITS/split/Rugiboletus.fasta --outdir data/packages/ITS/Rugiboletus
           touch data/packages/ITS/Rugiboletus/.built.ok
        (one of the commands exited with non-zero exit code; note that snakemake uses bash strict mode!)

Removing output files of failed job its_build_ref since they might be corrupted:
data/packages/ITS/Rugiboletus/aln.masked.fasta, data/packages/ITS/Rugiboletus/ref.treefile
[Mon Aug 18 17:51:30 2025]
Error in rule its_build_ref:
    jobid: 72
    input: data/packages/ITS/split/Borofutus.fasta
    output: data/packages/ITS/Borofutus/.built.ok, data/packages/ITS/Borofutus/aln.masked.fasta, data/packages/ITS/Borofutus/ref.treefile, data/packages/ITS/Borofutus/ref.model
    shell:
        python3.11 workflow/scripts/build_its_ref.py \
             --in data/packages/ITS/split/Borofutus.fasta --outdir data/packages/ITS/Borofutus
           touch data/packages/ITS/Borofutus/.built.ok
        (one of the commands exited with non-zero exit code; note that snakemake uses bash strict mode!)

Removing output files of failed job its_build_ref since they might be corrupted:
data/packages/ITS/Borofutus/aln.masked.fasta, data/packages/ITS/Borofutus/ref.treefile
[Mon Aug 18 17:51:32 2025]
Error in rule its_build_ref:
    jobid: 114
    input: data/packages/ITS/split/Heliogaster.fasta
    output: data/packages/ITS/Heliogaster/.built.ok, data/packages/ITS/Heliogaster/aln.masked.fasta, data/packages/ITS/Heliogaster/ref.treefile, data/packages/ITS/Heliogaster/ref.model
    shell:
        python3.11 workflow/scripts/build_its_ref.py \
             --in data/packages/ITS/split/Heliogaster.fasta --outdir data/packages/ITS/Heliogaster
           touch data/packages/ITS/Heliogaster/.built.ok
        (one of the commands exited with non-zero exit code; note that snakemake uses bash strict mode!)

Removing output files of failed job its_build_ref since they might be corrupted:
data/packages/ITS/Heliogaster/aln.masked.fasta, data/packages/ITS/Heliogaster/ref.treefile
[Mon Aug 18 17:51:33 2025]
Error in rule its_build_ref:
    jobid: 86
    input: data/packages/ITS/split/Chalciporus.fasta
    output: data/packages/ITS/Chalciporus/.built.ok, data/packages/ITS/Chalciporus/aln.masked.fasta, data/packages/ITS/Chalciporus/ref.treefile, data/packages/ITS/Chalciporus/ref.model
    shell:
        python3.11 workflow/scripts/build_its_ref.py \
             --in data/packages/ITS/split/Chalciporus.fasta --outdir data/packages/ITS/Chalciporus
           touch data/packages/ITS/Chalciporus/.built.ok
        (one of the commands exited with non-zero exit code; note that snakemake uses bash strict mode!)

Removing output files of failed job its_build_ref since they might be corrupted:
data/packages/ITS/Chalciporus/aln.masked.fasta
[Mon Aug 18 17:51:33 2025]
Error in rule its_build_ref:
    jobid: 146
    input: data/packages/ITS/split/Neotropicomus.fasta
    output: data/packages/ITS/Neotropicomus/.built.ok, data/packages/ITS/Neotropicomus/aln.masked.fasta, data/packages/ITS/Neotropicomus/ref.treefile, data/packages/ITS/Neotropicomus/ref.model
    shell:
        python3.11 workflow/scripts/build_its_ref.py \
             --in data/packages/ITS/split/Neotropicomus.fasta --outdir data/packages/ITS/Neotropicomus
           touch data/packages/ITS/Neotropicomus/.built.ok
        (one of the commands exited with non-zero exit code; note that snakemake uses bash strict mode!)

Removing output files of failed job its_build_ref since they might be corrupted:
data/packages/ITS/Neotropicomus/aln.masked.fasta, data/packages/ITS/Neotropicomus/ref.treefile
[Mon Aug 18 17:51:36 2025]
Error in rule its_build_ref:
    jobid: 50
    input: data/packages/ITS/split/Afrocastellanoa.fasta
    output: data/packages/ITS/Afrocastellanoa/.built.ok, data/packages/ITS/Afrocastellanoa/aln.masked.fasta, data/packages/ITS/Afrocastellanoa/ref.treefile, data/packages/ITS/Afrocastellanoa/ref.model
    shell:
        python3.11 workflow/scripts/build_its_ref.py \
             --in data/packages/ITS/split/Afrocastellanoa.fasta --outdir data/packages/ITS/Afrocastellanoa
           touch data/packages/ITS/Afrocastellanoa/.built.ok
        (one of the commands exited with non-zero exit code; note that snakemake uses bash strict mode!)

Removing output files of failed job its_build_ref since they might be corrupted:
data/packages/ITS/Afrocastellanoa/aln.masked.fasta
[Mon Aug 18 17:51:36 2025]
Error in rule its_build_ref:
    jobid: 98
    input: data/packages/ITS/split/Erythrophylloporus.fasta
    output: data/packages/ITS/Erythrophylloporus/.built.ok, data/packages/ITS/Erythrophylloporus/aln.masked.fasta, data/packages/ITS/Erythrophylloporus/ref.treefile, data/packages/ITS/Erythrophylloporus/ref.model
    shell:
        python3.11 workflow/scripts/build_its_ref.py \
             --in data/packages/ITS/split/Erythrophylloporus.fasta --outdir data/packages/ITS/Erythrophylloporus
           touch data/packages/ITS/Erythrophylloporus/.built.ok
        (one of the commands exited with non-zero exit code; note that snakemake uses bash strict mode!)

Removing output files of failed job its_build_ref since they might be corrupted:
data/packages/ITS/Erythrophylloporus/aln.masked.fasta, data/packages/ITS/Erythrophylloporus/ref.treefile
[Mon Aug 18 17:51:38 2025]
Error in rule its_build_ref:
    jobid: 74
    input: data/packages/ITS/split/Bothia.fasta
    output: data/packages/ITS/Bothia/.built.ok, data/packages/ITS/Bothia/aln.masked.fasta, data/packages/ITS/Bothia/ref.treefile, data/packages/ITS/Bothia/ref.model
    shell:
        python3.11 workflow/scripts/build_its_ref.py \
             --in data/packages/ITS/split/Bothia.fasta --outdir data/packages/ITS/Bothia
           touch data/packages/ITS/Bothia/.built.ok
        (one of the commands exited with non-zero exit code; note that snakemake uses bash strict mode!)

Removing output files of failed job its_build_ref since they might be corrupted:
data/packages/ITS/Bothia/aln.masked.fasta, data/packages/ITS/Bothia/ref.treefile
[Mon Aug 18 17:51:43 2025]
Error in rule its_build_ref:
    jobid: 52
    input: data/packages/ITS/split/Alessioporus.fasta
    output: data/packages/ITS/Alessioporus/.built.ok, data/packages/ITS/Alessioporus/aln.masked.fasta, data/packages/ITS/Alessioporus/ref.treefile, data/packages/ITS/Alessioporus/ref.model
    shell:
        python3.11 workflow/scripts/build_its_ref.py \
             --in data/packages/ITS/split/Alessioporus.fasta --outdir data/packages/ITS/Alessioporus
           touch data/packages/ITS/Alessioporus/.built.ok
        (one of the commands exited with non-zero exit code; note that snakemake uses bash strict mode!)

Removing output files of failed job its_build_ref since they might be corrupted:
data/packages/ITS/Alessioporus/aln.masked.fasta, data/packages/ITS/Alessioporus/ref.treefile
[Mon Aug 18 17:51:46 2025]
Error in rule its_build_ref:
    jobid: 180
    input: data/packages/ITS/split/Rubroboletus.fasta
    output: data/packages/ITS/Rubroboletus/.built.ok, data/packages/ITS/Rubroboletus/aln.masked.fasta, data/packages/ITS/Rubroboletus/ref.treefile, data/packages/ITS/Rubroboletus/ref.model
    shell:
        python3.11 workflow/scripts/build_its_ref.py \
             --in data/packages/ITS/split/Rubroboletus.fasta --outdir data/packages/ITS/Rubroboletus
           touch data/packages/ITS/Rubroboletus/.built.ok
        (one of the commands exited with non-zero exit code; note that snakemake uses bash strict mode!)

Removing output files of failed job its_build_ref since they might be corrupted:
data/packages/ITS/Rubroboletus/aln.masked.fasta
[Mon Aug 18 17:51:46 2025]
Error in rule its_build_ref:
    jobid: 156
    input: data/packages/ITS/split/Phylloporopsis.fasta
    output: data/packages/ITS/Phylloporopsis/.built.ok, data/packages/ITS/Phylloporopsis/aln.masked.fasta, data/packages/ITS/Phylloporopsis/ref.treefile, data/packages/ITS/Phylloporopsis/ref.model
    shell:
        python3.11 workflow/scripts/build_its_ref.py \
             --in data/packages/ITS/split/Phylloporopsis.fasta --outdir data/packages/ITS/Phylloporopsis
           touch data/packages/ITS/Phylloporopsis/.built.ok
        (one of the commands exited with non-zero exit code; note that snakemake uses bash strict mode!)

Removing output files of failed job its_build_ref since they might be corrupted:
data/packages/ITS/Phylloporopsis/aln.masked.fasta, data/packages/ITS/Phylloporopsis/ref.treefile
[Mon Aug 18 17:51:51 2025]
Error in rule its_build_ref:
    jobid: 84
    input: data/packages/ITS/split/Caloboletus.fasta
    output: data/packages/ITS/Caloboletus/.built.ok, data/packages/ITS/Caloboletus/aln.masked.fasta, data/packages/ITS/Caloboletus/ref.treefile, data/packages/ITS/Caloboletus/ref.model
    shell:
        python3.11 workflow/scripts/build_its_ref.py \
             --in data/packages/ITS/split/Caloboletus.fasta --outdir data/packages/ITS/Caloboletus
           touch data/packages/ITS/Caloboletus/.built.ok
        (one of the commands exited with non-zero exit code; note that snakemake uses bash strict mode!)

Removing output files of failed job its_build_ref since they might be corrupted:
data/packages/ITS/Caloboletus/aln.masked.fasta
[Mon Aug 18 17:51:54 2025]
Error in rule its_build_ref:
    jobid: 176
    input: data/packages/ITS/split/Royoungia.fasta
    output: data/packages/ITS/Royoungia/.built.ok, data/packages/ITS/Royoungia/aln.masked.fasta, data/packages/ITS/Royoungia/ref.treefile, data/packages/ITS/Royoungia/ref.model
    shell:
        python3.11 workflow/scripts/build_its_ref.py \
             --in data/packages/ITS/split/Royoungia.fasta --outdir data/packages/ITS/Royoungia
           touch data/packages/ITS/Royoungia/.built.ok
        (one of the commands exited with non-zero exit code; note that snakemake uses bash strict mode!)

Removing output files of failed job its_build_ref since they might be corrupted:
data/packages/ITS/Royoungia/aln.masked.fasta
[Mon Aug 18 17:51:57 2025]
Error in rule its_build_ref:
    jobid: 182
    input: data/packages/ITS/split/Rufoboletus.fasta
    output: data/packages/ITS/Rufoboletus/.built.ok, data/packages/ITS/Rufoboletus/aln.masked.fasta, data/packages/ITS/Rufoboletus/ref.treefile, data/packages/ITS/Rufoboletus/ref.model
    shell:
        python3.11 workflow/scripts/build_its_ref.py \
             --in data/packages/ITS/split/Rufoboletus.fasta --outdir data/packages/ITS/Rufoboletus
           touch data/packages/ITS/Rufoboletus/.built.ok
        (one of the commands exited with non-zero exit code; note that snakemake uses bash strict mode!)

Removing output files of failed job its_build_ref since they might be corrupted:
data/packages/ITS/Rufoboletus/aln.masked.fasta
[Mon Aug 18 17:51:59 2025]
Error in rule its_build_ref:
    jobid: 200
    input: data/packages/ITS/split/Turmalinea.fasta
    output: data/packages/ITS/Turmalinea/.built.ok, data/packages/ITS/Turmalinea/aln.masked.fasta, data/packages/ITS/Turmalinea/ref.treefile, data/packages/ITS/Turmalinea/ref.model
    shell:
        python3.11 workflow/scripts/build_its_ref.py \
             --in data/packages/ITS/split/Turmalinea.fasta --outdir data/packages/ITS/Turmalinea
           touch data/packages/ITS/Turmalinea/.built.ok
        (one of the commands exited with non-zero exit code; note that snakemake uses bash strict mode!)

Removing output files of failed job its_build_ref since they might be corrupted:
data/packages/ITS/Turmalinea/aln.masked.fasta, data/packages/ITS/Turmalinea/ref.treefile
[Mon Aug 18 17:52:02 2025]
Error in rule its_build_ref:
    jobid: 88
    input: data/packages/ITS/split/Chamonixia.fasta
    output: data/packages/ITS/Chamonixia/.built.ok, data/packages/ITS/Chamonixia/aln.masked.fasta, data/packages/ITS/Chamonixia/ref.treefile, data/packages/ITS/Chamonixia/ref.model
    shell:
        python3.11 workflow/scripts/build_its_ref.py \
             --in data/packages/ITS/split/Chamonixia.fasta --outdir data/packages/ITS/Chamonixia
           touch data/packages/ITS/Chamonixia/.built.ok
        (one of the commands exited with non-zero exit code; note that snakemake uses bash strict mode!)

Removing output files of failed job its_build_ref since they might be corrupted:
data/packages/ITS/Chamonixia/aln.masked.fasta, data/packages/ITS/Chamonixia/ref.treefile
[Mon Aug 18 17:52:07 2025]
Error in rule its_build_ref:
    jobid: 126
    input: data/packages/ITS/split/Imperator.fasta
    output: data/packages/ITS/Imperator/.built.ok, data/packages/ITS/Imperator/aln.masked.fasta, data/packages/ITS/Imperator/ref.treefile, data/packages/ITS/Imperator/ref.model
    shell:
        python3.11 workflow/scripts/build_its_ref.py \
             --in data/packages/ITS/split/Imperator.fasta --outdir data/packages/ITS/Imperator
           touch data/packages/ITS/Imperator/.built.ok
        (one of the commands exited with non-zero exit code; note that snakemake uses bash strict mode!)

Removing output files of failed job its_build_ref since they might be corrupted:
data/packages/ITS/Imperator/aln.masked.fasta, data/packages/ITS/Imperator/ref.treefile
[Mon Aug 18 17:52:09 2025]
Error in rule its_build_ref:
    jobid: 154
    input: data/packages/ITS/split/Paxilloboletus.fasta
    output: data/packages/ITS/Paxilloboletus/.built.ok, data/packages/ITS/Paxilloboletus/aln.masked.fasta, data/packages/ITS/Paxilloboletus/ref.treefile, data/packages/ITS/Paxilloboletus/ref.model
    shell:
        python3.11 workflow/scripts/build_its_ref.py \
             --in data/packages/ITS/split/Paxilloboletus.fasta --outdir data/packages/ITS/Paxilloboletus
           touch data/packages/ITS/Paxilloboletus/.built.ok
        (one of the commands exited with non-zero exit code; note that snakemake uses bash strict mode!)

Removing output files of failed job its_build_ref since they might be corrupted:
data/packages/ITS/Paxilloboletus/aln.masked.fasta, data/packages/ITS/Paxilloboletus/ref.treefile
[Mon Aug 18 17:52:11 2025]
Error in rule its_build_ref:
    jobid: 124
    input: data/packages/ITS/split/Imleria.fasta
    output: data/packages/ITS/Imleria/.built.ok, data/packages/ITS/Imleria/aln.masked.fasta, data/packages/ITS/Imleria/ref.treefile, data/packages/ITS/Imleria/ref.model
    shell:
        python3.11 workflow/scripts/build_its_ref.py \
             --in data/packages/ITS/split/Imleria.fasta --outdir data/packages/ITS/Imleria
           touch data/packages/ITS/Imleria/.built.ok
        (one of the commands exited with non-zero exit code; note that snakemake uses bash strict mode!)

Removing output files of failed job its_build_ref since they might be corrupted:
data/packages/ITS/Imleria/aln.masked.fasta
[Mon Aug 18 17:52:15 2025]
Error in rule its_build_ref:
    jobid: 48
    input: data/packages/ITS/split/Afroboletus.fasta
    output: data/packages/ITS/Afroboletus/.built.ok, data/packages/ITS/Afroboletus/aln.masked.fasta, data/packages/ITS/Afroboletus/ref.treefile, data/packages/ITS/Afroboletus/ref.model
    shell:
        python3.11 workflow/scripts/build_its_ref.py \
             --in data/packages/ITS/split/Afroboletus.fasta --outdir data/packages/ITS/Afroboletus
           touch data/packages/ITS/Afroboletus/.built.ok
        (one of the commands exited with non-zero exit code; note that snakemake uses bash strict mode!)

Removing output files of failed job its_build_ref since they might be corrupted:
data/packages/ITS/Afroboletus/aln.masked.fasta, data/packages/ITS/Afroboletus/ref.treefile
[Mon Aug 18 17:52:18 2025]
Error in rule its_build_ref:
    jobid: 178
    input: data/packages/ITS/split/Rubinoboletus.fasta
    output: data/packages/ITS/Rubinoboletus/.built.ok, data/packages/ITS/Rubinoboletus/aln.masked.fasta, data/packages/ITS/Rubinoboletus/ref.treefile, data/packages/ITS/Rubinoboletus/ref.model
    shell:
        python3.11 workflow/scripts/build_its_ref.py \
             --in data/packages/ITS/split/Rubinoboletus.fasta --outdir data/packages/ITS/Rubinoboletus
           touch data/packages/ITS/Rubinoboletus/.built.ok
        (one of the commands exited with non-zero exit code; note that snakemake uses bash strict mode!)

Removing output files of failed job its_build_ref since they might be corrupted:
data/packages/ITS/Rubinoboletus/aln.masked.fasta, data/packages/ITS/Rubinoboletus/ref.treefile
[Mon Aug 18 17:52:19 2025]
Error in rule its_build_ref:
    jobid: 128
    input: data/packages/ITS/split/Indoporus.fasta
    output: data/packages/ITS/Indoporus/.built.ok, data/packages/ITS/Indoporus/aln.masked.fasta, data/packages/ITS/Indoporus/ref.treefile, data/packages/ITS/Indoporus/ref.model
    shell:
        python3.11 workflow/scripts/build_its_ref.py \
             --in data/packages/ITS/split/Indoporus.fasta --outdir data/packages/ITS/Indoporus
           touch data/packages/ITS/Indoporus/.built.ok
        (one of the commands exited with non-zero exit code; note that snakemake uses bash strict mode!)

Removing output files of failed job its_build_ref since they might be corrupted:
data/packages/ITS/Indoporus/aln.masked.fasta, data/packages/ITS/Indoporus/ref.treefile
[Mon Aug 18 17:52:20 2025]
Error in rule its_build_ref:
    jobid: 108
    input: data/packages/ITS/split/Guyanaporus.fasta
    output: data/packages/ITS/Guyanaporus/.built.ok, data/packages/ITS/Guyanaporus/aln.masked.fasta, data/packages/ITS/Guyanaporus/ref.treefile, data/packages/ITS/Guyanaporus/ref.model
    shell:
        python3.11 workflow/scripts/build_its_ref.py \
             --in data/packages/ITS/split/Guyanaporus.fasta --outdir data/packages/ITS/Guyanaporus
           touch data/packages/ITS/Guyanaporus/.built.ok
        (one of the commands exited with non-zero exit code; note that snakemake uses bash strict mode!)

Removing output files of failed job its_build_ref since they might be corrupted:
data/packages/ITS/Guyanaporus/aln.masked.fasta
[Mon Aug 18 17:52:27 2025]
Error in rule its_build_ref:
    jobid: 152
    input: data/packages/ITS/split/Parvixerocomus.fasta
    output: data/packages/ITS/Parvixerocomus/.built.ok, data/packages/ITS/Parvixerocomus/aln.masked.fasta, data/packages/ITS/Parvixerocomus/ref.treefile, data/packages/ITS/Parvixerocomus/ref.model
    shell:
        python3.11 workflow/scripts/build_its_ref.py \
             --in data/packages/ITS/split/Parvixerocomus.fasta --outdir data/packages/ITS/Parvixerocomus
           touch data/packages/ITS/Parvixerocomus/.built.ok
        (one of the commands exited with non-zero exit code; note that snakemake uses bash strict mode!)

Removing output files of failed job its_build_ref since they might be corrupted:
data/packages/ITS/Parvixerocomus/aln.masked.fasta, data/packages/ITS/Parvixerocomus/ref.treefile
[Mon Aug 18 17:52:28 2025]
Error in rule its_build_ref:
    jobid: 162
    input: data/packages/ITS/split/Pseudoaustroboletus.fasta
    output: data/packages/ITS/Pseudoaustroboletus/.built.ok, data/packages/ITS/Pseudoaustroboletus/aln.masked.fasta, data/packages/ITS/Pseudoaustroboletus/ref.treefile, data/packages/ITS/Pseudoaustroboletus/ref.model
    shell:
        python3.11 workflow/scripts/build_its_ref.py \
             --in data/packages/ITS/split/Pseudoaustroboletus.fasta --outdir data/packages/ITS/Pseudoaustroboletus
           touch data/packages/ITS/Pseudoaustroboletus/.built.ok
        (one of the commands exited with non-zero exit code; note that snakemake uses bash strict mode!)

Removing output files of failed job its_build_ref since they might be corrupted:
data/packages/ITS/Pseudoaustroboletus/aln.masked.fasta, data/packages/ITS/Pseudoaustroboletus/ref.treefile
[Mon Aug 18 17:52:31 2025]
Error in rule its_build_ref:
    jobid: 46
    input: data/packages/ITS/split/Acyanoboletus.fasta
    output: data/packages/ITS/Acyanoboletus/.built.ok, data/packages/ITS/Acyanoboletus/aln.masked.fasta, data/packages/ITS/Acyanoboletus/ref.treefile, data/packages/ITS/Acyanoboletus/ref.model
    shell:
        python3.11 workflow/scripts/build_its_ref.py \
             --in data/packages/ITS/split/Acyanoboletus.fasta --outdir data/packages/ITS/Acyanoboletus
           touch data/packages/ITS/Acyanoboletus/.built.ok
        (one of the commands exited with non-zero exit code; note that snakemake uses bash strict mode!)

Removing output files of failed job its_build_ref since they might be corrupted:
data/packages/ITS/Acyanoboletus/aln.masked.fasta
[Mon Aug 18 17:52:31 2025]
Error in rule its_build_ref:
    jobid: 110
    input: data/packages/ITS/split/Harrya.fasta
    output: data/packages/ITS/Harrya/.built.ok, data/packages/ITS/Harrya/aln.masked.fasta, data/packages/ITS/Harrya/ref.treefile, data/packages/ITS/Harrya/ref.model
    shell:
        python3.11 workflow/scripts/build_its_ref.py \
             --in data/packages/ITS/split/Harrya.fasta --outdir data/packages/ITS/Harrya
           touch data/packages/ITS/Harrya/.built.ok
        (one of the commands exited with non-zero exit code; note that snakemake uses bash strict mode!)

Removing output files of failed job its_build_ref since they might be corrupted:
data/packages/ITS/Harrya/aln.masked.fasta, data/packages/ITS/Harrya/ref.treefile
[Mon Aug 18 17:52:32 2025]
Error in rule its_build_ref:
    jobid: 206
    input: data/packages/ITS/split/Veloporphyrellus.fasta
    output: data/packages/ITS/Veloporphyrellus/.built.ok, data/packages/ITS/Veloporphyrellus/aln.masked.fasta, data/packages/ITS/Veloporphyrellus/ref.treefile, data/packages/ITS/Veloporphyrellus/ref.model
    shell:
        python3.11 workflow/scripts/build_its_ref.py \
             --in data/packages/ITS/split/Veloporphyrellus.fasta --outdir data/packages/ITS/Veloporphyrellus
           touch data/packages/ITS/Veloporphyrellus/.built.ok
        (one of the commands exited with non-zero exit code; note that snakemake uses bash strict mode!)

Removing output files of failed job its_build_ref since they might be corrupted:
data/packages/ITS/Veloporphyrellus/aln.masked.fasta, data/packages/ITS/Veloporphyrellus/ref.treefile
[Mon Aug 18 17:52:37 2025]
Error in rule its_build_ref:
    jobid: 112
    input: data/packages/ITS/split/Heimioporus.fasta
    output: data/packages/ITS/Heimioporus/.built.ok, data/packages/ITS/Heimioporus/aln.masked.fasta, data/packages/ITS/Heimioporus/ref.treefile, data/packages/ITS/Heimioporus/ref.model
    shell:
        python3.11 workflow/scripts/build_its_ref.py \
             --in data/packages/ITS/split/Heimioporus.fasta --outdir data/packages/ITS/Heimioporus
           touch data/packages/ITS/Heimioporus/.built.ok
        (one of the commands exited with non-zero exit code; note that snakemake uses bash strict mode!)

Removing output files of failed job its_build_ref since they might be corrupted:
data/packages/ITS/Heimioporus/aln.masked.fasta, data/packages/ITS/Heimioporus/ref.treefile
[Mon Aug 18 17:52:46 2025]
Error in rule its_build_ref:
    jobid: 150
    input: data/packages/ITS/split/Octaviania.fasta
    output: data/packages/ITS/Octaviania/.built.ok, data/packages/ITS/Octaviania/aln.masked.fasta, data/packages/ITS/Octaviania/ref.treefile, data/packages/ITS/Octaviania/ref.model
    shell:
        python3.11 workflow/scripts/build_its_ref.py \
             --in data/packages/ITS/split/Octaviania.fasta --outdir data/packages/ITS/Octaviania
           touch data/packages/ITS/Octaviania/.built.ok
        (one of the commands exited with non-zero exit code; note that snakemake uses bash strict mode!)

Removing output files of failed job its_build_ref since they might be corrupted:
data/packages/ITS/Octaviania/aln.masked.fasta
[Mon Aug 18 17:53:04 2025]
Error in rule its_build_ref:
    jobid: 198
    input: data/packages/ITS/split/Tropicoboletus.fasta
    output: data/packages/ITS/Tropicoboletus/.built.ok, data/packages/ITS/Tropicoboletus/aln.masked.fasta, data/packages/ITS/Tropicoboletus/ref.treefile, data/packages/ITS/Tropicoboletus/ref.model
    shell:
        python3.11 workflow/scripts/build_its_ref.py \
             --in data/packages/ITS/split/Tropicoboletus.fasta --outdir data/packages/ITS/Tropicoboletus
           touch data/packages/ITS/Tropicoboletus/.built.ok
        (one of the commands exited with non-zero exit code; note that snakemake uses bash strict mode!)

Removing output files of failed job its_build_ref since they might be corrupted:
data/packages/ITS/Tropicoboletus/aln.masked.fasta, data/packages/ITS/Tropicoboletus/ref.treefile
[Mon Aug 18 17:53:08 2025]
Error in rule its_build_ref:
    jobid: 122
    input: data/packages/ITS/split/Hourangia.fasta
    output: data/packages/ITS/Hourangia/.built.ok, data/packages/ITS/Hourangia/aln.masked.fasta, data/packages/ITS/Hourangia/ref.treefile, data/packages/ITS/Hourangia/ref.model
    shell:
        python3.11 workflow/scripts/build_its_ref.py \
             --in data/packages/ITS/split/Hourangia.fasta --outdir data/packages/ITS/Hourangia
           touch data/packages/ITS/Hourangia/.built.ok
        (one of the commands exited with non-zero exit code; note that snakemake uses bash strict mode!)

Removing output files of failed job its_build_ref since they might be corrupted:
data/packages/ITS/Hourangia/aln.masked.fasta, data/packages/ITS/Hourangia/ref.treefile
[Mon Aug 18 17:53:13 2025]
Error in rule its_build_ref:
    jobid: 100
    input: data/packages/ITS/split/Exsudoporus.fasta
    output: data/packages/ITS/Exsudoporus/.built.ok, data/packages/ITS/Exsudoporus/aln.masked.fasta, data/packages/ITS/Exsudoporus/ref.treefile, data/packages/ITS/Exsudoporus/ref.model
    shell:
        python3.11 workflow/scripts/build_its_ref.py \
             --in data/packages/ITS/split/Exsudoporus.fasta --outdir data/packages/ITS/Exsudoporus
           touch data/packages/ITS/Exsudoporus/.built.ok
        (one of the commands exited with non-zero exit code; note that snakemake uses bash strict mode!)

Removing output files of failed job its_build_ref since they might be corrupted:
data/packages/ITS/Exsudoporus/aln.masked.fasta, data/packages/ITS/Exsudoporus/ref.treefile
[Mon Aug 18 17:53:20 2025]
Error in rule its_build_ref:
    jobid: 60
    input: data/packages/ITS/split/Austroboletus.fasta
    output: data/packages/ITS/Austroboletus/.built.ok, data/packages/ITS/Austroboletus/aln.masked.fasta, data/packages/ITS/Austroboletus/ref.treefile, data/packages/ITS/Austroboletus/ref.model
    shell:
        python3.11 workflow/scripts/build_its_ref.py \
             --in data/packages/ITS/split/Austroboletus.fasta --outdir data/packages/ITS/Austroboletus
           touch data/packages/ITS/Austroboletus/.built.ok
        (one of the commands exited with non-zero exit code; note that snakemake uses bash strict mode!)

Removing output files of failed job its_build_ref since they might be corrupted:
data/packages/ITS/Austroboletus/aln.masked.fasta
[Mon Aug 18 17:53:22 2025]
Error in rule its_build_ref:
    jobid: 194
    input: data/packages/ITS/split/Suillellus.fasta
    output: data/packages/ITS/Suillellus/.built.ok, data/packages/ITS/Suillellus/aln.masked.fasta, data/packages/ITS/Suillellus/ref.treefile, data/packages/ITS/Suillellus/ref.model
    shell:
        python3.11 workflow/scripts/build_its_ref.py \
             --in data/packages/ITS/split/Suillellus.fasta --outdir data/packages/ITS/Suillellus
           touch data/packages/ITS/Suillellus/.built.ok
        (one of the commands exited with non-zero exit code; note that snakemake uses bash strict mode!)

Removing output files of failed job its_build_ref since they might be corrupted:
data/packages/ITS/Suillellus/aln.masked.fasta
[Mon Aug 18 17:53:32 2025]
Error in rule its_build_ref:
    jobid: 210
    input: data/packages/ITS/split/Xanthoconium.fasta
    output: data/packages/ITS/Xanthoconium/.built.ok, data/packages/ITS/Xanthoconium/aln.masked.fasta, data/packages/ITS/Xanthoconium/ref.treefile, data/packages/ITS/Xanthoconium/ref.model
    shell:
        python3.11 workflow/scripts/build_its_ref.py \
             --in data/packages/ITS/split/Xanthoconium.fasta --outdir data/packages/ITS/Xanthoconium
           touch data/packages/ITS/Xanthoconium/.built.ok
        (one of the commands exited with non-zero exit code; note that snakemake uses bash strict mode!)

Removing output files of failed job its_build_ref since they might be corrupted:
data/packages/ITS/Xanthoconium/aln.masked.fasta, data/packages/ITS/Xanthoconium/ref.treefile
Terminating processes on user request, this might take some time.
[Mon Aug 18 17:54:17 2025]
Error in rule its_build_ref:
    jobid: 212
    input: data/packages/ITS/split/Xerocomellus.fasta
    output: data/packages/ITS/Xerocomellus/.built.ok, data/packages/ITS/Xerocomellus/aln.masked.fasta, data/packages/ITS/Xerocomellus/ref.treefile, data/packages/ITS/Xerocomellus/ref.model
    shell:
        python3.11 workflow/scripts/build_its_ref.py \
             --in data/packages/ITS/split/Xerocomellus.fasta --outdir data/packages/ITS/Xerocomellus
           touch data/packages/ITS/Xerocomellus/.built.ok
        (one of the commands exited with non-zero exit code; note that snakemake uses bash strict mode!)

[Mon Aug 18 17:54:17 2025]
[Mon Aug 18 17:54:17 2025]
[Mon Aug 18 17:54:17 2025]
[Mon Aug 18 17:54:17 2025]
Error in rule its_build_ref:
    jobid: 204
    input: data/packages/ITS/split/Tylopilus.fasta
    output: data/packages/ITS/Tylopilus/.built.ok, data/packages/ITS/Tylopilus/aln.masked.fasta, data/packages/ITS/Tylopilus/ref.treefile, data/packages/ITS/Tylopilus/ref.model
    shell:
        python3.11 workflow/scripts/build_its_ref.py \
             --in data/packages/ITS/split/Tylopilus.fasta --outdir data/packages/ITS/Tylopilus
           touch data/packages/ITS/Tylopilus/.built.ok
        (one of the commands exited with non-zero exit code; note that snakemake uses bash strict mode!)

Error in rule its_build_ref:
    jobid: 80
    input: data/packages/ITS/split/Butyriboletus.fasta
    output: data/packages/ITS/Butyriboletus/.built.ok, data/packages/ITS/Butyriboletus/aln.masked.fasta, data/packages/ITS/Butyriboletus/ref.treefile, data/packages/ITS/Butyriboletus/ref.model
    shell:
        python3.11 workflow/scripts/build_its_ref.py \
             --in data/packages/ITS/split/Butyriboletus.fasta --outdir data/packages/ITS/Butyriboletus
           touch data/packages/ITS/Butyriboletus/.built.ok
        (one of the commands exited with non-zero exit code; note that snakemake uses bash strict mode!)

Error in rule its_build_ref:
    jobid: 216
    input: data/packages/ITS/split/Xerocomus.fasta
    output: data/packages/ITS/Xerocomus/.built.ok, data/packages/ITS/Xerocomus/aln.masked.fasta, data/packages/ITS/Xerocomus/ref.treefile, data/packages/ITS/Xerocomus/ref.model
    shell:
        python3.11 workflow/scripts/build_its_ref.py \
             --in data/packages/ITS/split/Xerocomus.fasta --outdir data/packages/ITS/Xerocomus
           touch data/packages/ITS/Xerocomus/.built.ok
        (one of the commands exited with non-zero exit code; note that snakemake uses bash strict mode!)

[Mon Aug 18 17:54:17 2025]
Error in rule its_build_ref:
    jobid: 138
    input: data/packages/ITS/split/Leccinum.fasta
    output: data/packages/ITS/Leccinum/.built.ok, data/packages/ITS/Leccinum/aln.masked.fasta, data/packages/ITS/Leccinum/ref.treefile, data/packages/ITS/Leccinum/ref.model
    shell:
        python3.11 workflow/scripts/build_its_ref.py \
             --in data/packages/ITS/split/Leccinum.fasta --outdir data/packages/ITS/Leccinum
           touch data/packages/ITS/Leccinum/.built.ok
        (one of the commands exited with non-zero exit code; note that snakemake uses bash strict mode!)

Error in rule its_build_ref:
    jobid: 70
    input: data/packages/ITS/split/Boletus.fasta
    output: data/packages/ITS/Boletus/.built.ok, data/packages/ITS/Boletus/aln.masked.fasta, data/packages/ITS/Boletus/ref.treefile, data/packages/ITS/Boletus/ref.model
    shell:
        python3.11 workflow/scripts/build_its_ref.py \
             --in data/packages/ITS/split/Boletus.fasta --outdir data/packages/ITS/Boletus
           touch data/packages/ITS/Boletus/.built.ok
        (one of the commands exited with non-zero exit code; note that snakemake uses bash strict mode!)

[Mon Aug 18 17:54:17 2025]
Error in rule its_build_ref:
    jobid: 68
    input: data/packages/ITS/split/Boletellus.fasta
    output: data/packages/ITS/Boletellus/.built.ok, data/packages/ITS/Boletellus/aln.masked.fasta, data/packages/ITS/Boletellus/ref.treefile, data/packages/ITS/Boletellus/ref.model
    shell:
        python3.11 workflow/scripts/build_its_ref.py \
             --in data/packages/ITS/split/Boletellus.fasta --outdir data/packages/ITS/Boletellus
           touch data/packages/ITS/Boletellus/.built.ok
        (one of the commands exited with non-zero exit code; note that snakemake uses bash strict mode!)

[Mon Aug 18 17:54:17 2025]
Error in rule its_build_ref:
    jobid: 66
    input: data/packages/ITS/split/Boletaceae.fasta
    output: data/packages/ITS/Boletaceae/.built.ok, data/packages/ITS/Boletaceae/aln.masked.fasta, data/packages/ITS/Boletaceae/ref.treefile, data/packages/ITS/Boletaceae/ref.model
    shell:
        python3.11 workflow/scripts/build_its_ref.py \
             --in data/packages/ITS/split/Boletaceae.fasta --outdir data/packages/ITS/Boletaceae
           touch data/packages/ITS/Boletaceae/.built.ok
        (one of the commands exited with non-zero exit code; note that snakemake uses bash strict mode!)

Complete log: .snakemake/log/2025-08-18T174845.783064.snakemake.log
