Building DAG of jobs...
Using shell: /usr/bin/bash
Provided cores: 64
Rules claiming more threads will be scaled down.
Job stats:
job                   count
------------------  -------
graft_its_clusters        1
total                     1

Select jobs to execute...

[Tue Aug 19 08:47:11 2025]
rule graft_its_clusters:
    input: data/trees/backbone.rooted.pretty.newick, data/staging/taxon_map.tsv
    output: data/trees/backbone_with_its.newick
    jobid: 37
    reason: Missing output files: data/trees/backbone_with_its.newick
    resources: tmpdir=/tmp

[Tue Aug 19 08:47:12 2025]
Error in rule graft_its_clusters:
    jobid: 37
    input: data/trees/backbone.rooted.pretty.newick, data/staging/taxon_map.tsv
    output: data/trees/backbone_with_its.newick
    shell:
        python3.11 workflow/scripts/graft_by_lca.py \
               --backbone data/trees/backbone.rooted.pretty.newick --taxon-map data/staging/taxon_map.tsv \
               --placements  --out data/trees/backbone_with_its.newick
        (one of the commands exited with non-zero exit code; note that snakemake uses bash strict mode!)

Shutting down, this might take some time.
Exiting because a job execution failed. Look above for error message
Complete log: .snakemake/log/2025-08-19T084711.319021.snakemake.log
