IQ-TREE version 3.0.1 for Linux x86 64-bit built May  5 2025
Developed by Bui Quang Minh, Thomas Wong, Nhan Ly-Trong, Huaiyan Ren
Contributed by Lam-Tung Nguyen, Dominik Schrempf, Chris Bielow,
Olga Chernomor, Michael Woodhams, Diep Thi Hoang, Heiko Schmidt

Host:    lnx820.umnh.utah.edu (AVX2, FMA3, 865 GB RAM)
Command: /home/bdentinger/iqtree-3.0.1-Linux/bin/iqtree3_intel -s data/packages/ITS/Chamonixia/aln.masked.fasta -m MFP -bb 1000 -nt AUTO -pre data/packages/ITS/Chamonixia/ref
Seed:    427479 (Using SPRNG - Scalable Parallel Random Number Generator)
Time:    Mon Aug 18 17:48:53 2025
Kernel:  AVX+FMA - auto-detect threads (72 CPU cores detected)

Reading alignment file data/packages/ITS/Chamonixia/aln.masked.fasta ... Fasta format detected
Reading fasta file: done in 0.000283724 secs using 49.7% CPU
Alignment most likely contains DNA/RNA sequences
Constructing alignment: done in 0.000591939 secs using 94.77% CPU
Alignment has 27 sequences with 568 columns, 101 distinct patterns
22 parsimony-informative, 70 singleton sites, 476 constant sites
                                               Gap/Ambiguity  Composition  p-value
Analyzing sequences: done in 1.45454e-05 secs using 96.25% CPU
   1  osc_117036|ITS|EU834198.1                        2.46%    passed     89.60%
   2  osc_118291|ITS|EU834197.1                        6.69%    passed     94.90%
   3  sourth_side740|ITS|PQ412064.1                   74.47%    passed     65.83%
   4  had1315_inat242213937|ITS|PV591200.1             2.64%    passed     99.61%
   5  bohlin_040903|ITS|OR822114.1                     0.18%    passed     99.46%
   6  jlf13485_inaturalist_248142680|ITS|PQ488635.1    0.00%    passed     99.70%
   7  cwh_asv_0017|ITS|OQ410896.1                      2.82%    passed     91.03%
   8  dbg                                             49.65%    passed     76.24%
   9  kra_f_2014_110|ITS|KT001259.1                    0.00%    passed     99.51%
  10  kra_f_2013_60|ITS|KT001258.1                     0.00%    passed     99.51%
  11  kra_f_2014_113|ITS|KT001257.1                    0.00%    passed     99.51%
  12  kra_f_2013_38|ITS|KT001255.1                     0.00%    passed     99.51%
  13  kpm_nc_18071|ITS|KP222908.1                      0.00%    passed     99.51%
  14  kpm_nc_18070|ITS|KP222907.1                      0.00%    passed     99.51%
  15  km                                               0.35%    passed     99.05%
  16  personal                                         2.46%    passed     94.04%
  17  ct4298_flas_herbarium|ITS|MH478119.1             1.76%    passed     98.64%
  18  kra_f_2013_69|ITS|KT001256.1                     2.46%    passed     89.60%
  19  o_f245441|ITS|KP149496.1                         1.06%    passed     97.54%
  20  o_f245438|ITS|KP149495.1                         1.06%    passed     97.54%
  21  trappe_10517|ITS|EU669385.1                      2.46%    passed     89.60%
  22  osc_117571|ITS|EU669208.1                        2.46%    passed     89.60%
  23  extl69|ITS|HQ647124.1                            9.86%    passed     90.03%
  24  92/83|ITS|DQ534565.1                             0.53%    passed     97.65%
  25  trappe_12768|ITS|EU852804.1                      2.46%    passed     89.60%
  26  trappe_12656|ITS|EU846310.1                      9.15%    passed     99.41%
  27  osc_117034|ITS|EU846243.1                        2.46%    passed     89.60%
WARNING: 1 sequences contain more than 50% gaps/ambiguity
****  TOTAL                                            6.57%  0 sequences failed composition chi2 test (p-value<5%; df=3)
NOTE: kra_f_2013_69|ITS|KT001256.1 is identical to osc_117036|ITS|EU834198.1 but kept for subsequent analysis
NOTE: kra_f_2013_60|ITS|KT001258.1 is identical to kra_f_2014_110|ITS|KT001259.1 but kept for subsequent analysis
NOTE: o_f245438|ITS|KP149495.1 is identical to o_f245441|ITS|KP149496.1 but kept for subsequent analysis
Checking for duplicate sequences: done in 9.2553e-05 secs
Identifying sites to remove: done in 0.000184603 secs using 17.88% CPU
NOTE: 8 identical sequences (see below) will be ignored for subsequent analysis
NOTE: trappe_10517|ITS|EU669385.1 (identical to osc_117036|ITS|EU834198.1) is ignored but added at the end
NOTE: osc_117571|ITS|EU669208.1 (identical to osc_117036|ITS|EU834198.1) is ignored but added at the end
NOTE: trappe_12768|ITS|EU852804.1 (identical to osc_117036|ITS|EU834198.1) is ignored but added at the end
NOTE: osc_117034|ITS|EU846243.1 (identical to osc_117036|ITS|EU834198.1) is ignored but added at the end
NOTE: kra_f_2014_113|ITS|KT001257.1 (identical to kra_f_2014_110|ITS|KT001259.1) is ignored but added at the end
NOTE: kra_f_2013_38|ITS|KT001255.1 (identical to kra_f_2014_110|ITS|KT001259.1) is ignored but added at the end
NOTE: kpm_nc_18071|ITS|KP222908.1 (identical to kra_f_2014_110|ITS|KT001259.1) is ignored but added at the end
NOTE: kpm_nc_18070|ITS|KP222907.1 (identical to kra_f_2014_110|ITS|KT001259.1) is ignored but added at the end
Alignment was printed to data/packages/ITS/Chamonixia/ref.uniqueseq.phy

For your convenience alignment with unique sequences printed to data/packages/ITS/Chamonixia/ref.uniqueseq.phy

Creating fast initial parsimony tree by random order stepwise addition...
0.001 seconds, parsimony score: 98 (based on 92 sites)
Measuring multi-threading efficiency up to 72 CPU cores
Increase to 10 rounds for branch lengths
19974 trees examined
Threads: 1 / Time: 72.005 sec / Speedup: 1.000 / Efficiency: 100% / LogL: -1436
Threads: 2 / Time: 80.276 sec / Speedup: 0.897 / Efficiency: 45% / LogL: -1436
Determining AUTO threadcount: done in 152.281 secs using 133.7% CPU
BEST NUMBER OF THREADS: 1

Perform fast likelihood tree search using GTR+I+G model...
Estimate model parameters (epsilon = 5.000)
Perform nearest neighbor interchange...
Optimizing NNI: done in 0.00433326 secs using 99.39% CPU
Estimate model parameters (epsilon = 1.000)
1. Initial log-likelihood: -1210.142
Optimal log-likelihood: -1210.140
Rate parameters:  A-C: 1.50830  A-G: 1.87172  A-T: 2.31090  C-G: 0.15614  C-T: 3.48619  G-T: 1.00000
Base frequencies:  A: 0.272  C: 0.198  G: 0.212  T: 0.318
Proportion of invariable sites: 0.417
Gamma shape alpha: 1.220
Parameters optimization took 1 rounds (0.006 sec)
Time for fast ML tree search: 0.038 seconds

NOTE: ModelFinder requires 1 MB RAM!
ModelFinder will test up to 968 DNA models (sample size: 568 epsilon: 0.100) ...
 No. Model         -LnL         df  AIC          AICc         BIC
  1  JC            1236.099     35  2542.197     2546.934     2694.171
  2  JC+I          1233.744     36  2539.488     2544.505     2695.805
  3  JC+G4         1233.805     36  2539.611     2544.628     2695.927
  4  JC+I+G4       1233.814     37  2541.628     2546.933     2702.286
  5  JC+R2         1234.060     37  2542.121     2547.427     2702.779
+R3 reinitialized from +R2 with factor 0.500
+R3 reinitialized from +R2 with factor 0.250
  6  JC+R3         1234.130     39  2546.259     2552.168     2715.602
 14  JC+I+R2       1234.029     38  2544.058     2549.661     2709.058
 15  JC+I+R3       1233.783     40  2547.567     2553.790     2721.251
 23  JC            1236.099     35  2542.197     2546.934     2694.171
 24  JC+I          1233.744     36  2539.488     2544.505     2695.805
 25  JC+G4         1233.805     36  2539.611     2544.628     2695.927
 26  JC+I+G4       1233.814     37  2541.628     2546.933     2702.286
 27  JC+R2         1234.060     37  2542.121     2547.427     2702.779
 45  F81           1236.099     35  2542.198     2546.934     2694.172
 46  F81+I         1233.742     36  2539.484     2544.501     2695.801
 47  F81+G4        1233.805     36  2539.611     2544.627     2695.927
 48  F81+I+G4      1233.803     37  2541.606     2546.912     2702.265
 49  F81+R2        1234.039     37  2542.078     2547.384     2702.736
 67  F81+F         1222.770     38  2521.540     2527.143     2686.541
 68  F81+F+I       1220.259     39  2518.518     2524.427     2687.861
 69  F81+F+G4      1220.314     39  2518.627     2524.536     2687.970
 70  F81+F+I+G4    1220.313     40  2520.625     2526.849     2694.310
 71  F81+F+R2      1220.572     40  2521.144     2527.368     2694.829
 89  K2P           1233.459     36  2538.919     2543.936     2695.235
 90  K2P+I         1230.948     37  2535.897     2541.202     2696.555
 91  K2P+G4        1230.995     37  2535.989     2541.295     2696.648
 92  K2P+I+G4      1230.995     38  2537.990     2543.593     2702.990
 93  K2P+R2        1231.266     38  2538.532     2544.135     2703.533
111  K2P           1233.459     36  2538.919     2543.936     2695.235
112  K2P+I         1230.948     37  2535.897     2541.202     2696.555
113  K2P+G4        1230.995     37  2535.989     2541.295     2696.648
114  K2P+I+G4      1230.995     38  2537.990     2543.593     2702.990
115  K2P+R2        1231.266     38  2538.532     2544.135     2703.533
133  HKY           1233.460     36  2538.919     2543.936     2695.235
134  HKY+I         1230.948     37  2535.897     2541.202     2696.555
135  HKY+G4        1230.994     37  2535.989     2541.294     2696.647
136  HKY+I+G4      1230.995     38  2537.990     2543.593     2702.990
137  HKY+R2        1231.243     38  2538.486     2544.089     2703.487
155  HKY+F         1219.744     39  2517.487     2523.396     2686.830
156  HKY+F+I       1217.061     40  2514.122     2520.346     2687.807
157  HKY+F+G4      1217.095     40  2514.190     2520.414     2687.875
158  HKY+F+I+G4    1217.098     41  2516.196     2522.743     2694.223
159  HKY+F+R2      1217.414     41  2516.828     2523.375     2694.855
177  TNe           1232.082     37  2538.164     2543.470     2698.823
178  TNe+I         1229.355     38  2534.710     2540.313     2699.710
179  TNe+G4        1229.447     38  2534.894     2540.497     2699.894
180  TNe+I+G4      1229.452     39  2536.904     2542.813     2706.247
181  TNe+R2        1229.715     39  2537.431     2543.340     2706.773
199  TNe           1232.082     37  2538.164     2543.470     2698.823
200  TNe+I         1229.355     38  2534.710     2540.313     2699.710
201  TNe+G4        1229.447     38  2534.894     2540.497     2699.894
202  TNe+I+G4      1229.452     39  2536.904     2542.813     2706.247
203  TNe+R2        1229.715     39  2537.431     2543.340     2706.773
221  TN            1232.082     37  2538.164     2543.470     2698.823
222  TN+I          1229.355     38  2534.709     2540.312     2699.710
223  TN+G4         1229.446     38  2534.893     2540.496     2699.893
224  TN+I+G4       1229.452     39  2536.903     2542.813     2706.246
225  TN+R2         1229.689     39  2537.378     2543.287     2706.721
243  TN+F          1218.460     40  2516.919     2523.143     2690.604
244  TN+F+I        1215.638     41  2513.276     2519.824     2691.303
245  TN+F+G4       1215.707     41  2513.415     2519.962     2691.442
246  TN+F+I+G4     1215.715     42  2515.430     2522.310     2697.799
247  TN+F+R2       1216.033     42  2516.065     2522.945     2698.434
265  K3P           1233.162     37  2540.324     2545.630     2700.983
266  K3P+I         1230.461     38  2536.922     2542.525     2701.922
267  K3P+G4        1230.495     38  2536.989     2542.592     2701.990
268  K3P+I+G4      1230.501     39  2539.003     2544.912     2708.345
269  K3P+R2        1230.822     39  2539.643     2545.552     2708.986
287  K3P           1233.162     37  2540.324     2545.630     2700.983
288  K3P+I         1230.461     38  2536.922     2542.525     2701.922
289  K3P+G4        1230.495     38  2536.989     2542.592     2701.990
290  K3P+I+G4      1230.501     39  2539.003     2544.912     2708.345
291  K3P+R2        1230.822     39  2539.643     2545.552     2708.986
309  K3Pu          1233.162     37  2540.325     2545.630     2700.983
310  K3Pu+I        1230.459     38  2536.919     2542.522     2701.920
311  K3Pu+G4       1230.493     38  2536.986     2542.589     2701.987
312  K3Pu+I+G4     1230.500     39  2538.999     2544.909     2708.342
313  K3Pu+R2       1230.794     39  2539.588     2545.497     2708.931
331  K3Pu+F        1219.560     40  2519.120     2525.344     2692.805
332  K3Pu+F+I      1216.728     41  2515.456     2522.003     2693.483
333  K3Pu+F+G4     1216.753     41  2515.506     2522.054     2693.533
334  K3Pu+F+I+G4   1216.760     42  2517.519     2524.399     2699.888
335  K3Pu+F+R2     1217.076     42  2518.151     2525.031     2700.520
353  TPM2          1227.749     37  2529.499     2534.805     2690.157
354  TPM2+I        1225.359     38  2526.717     2532.320     2691.718
355  TPM2+G4       1225.309     38  2526.617     2532.220     2691.618
356  TPM2+I+G4     1225.312     39  2528.624     2534.533     2697.966
357  TPM2+R2       1225.561     39  2529.123     2535.032     2698.465
375  TPM2          1227.749     37  2529.499     2534.805     2690.157
376  TPM2+I        1225.359     38  2526.717     2532.320     2691.718
377  TPM2+G4       1225.309     38  2526.617     2532.220     2691.618
378  TPM2+I+G4     1225.312     39  2528.624     2534.533     2697.966
379  TPM2+R2       1225.561     39  2529.123     2535.032     2698.465
397  TPM2u         1227.749     37  2529.499     2534.804     2690.157
398  TPM2u+I       1225.358     38  2526.717     2532.320     2691.717
399  TPM2u+G4      1225.310     38  2526.620     2532.223     2691.620
400  TPM2u+I+G4    1225.313     39  2528.626     2534.535     2697.968
401  TPM2u+R2      1225.543     39  2529.086     2534.995     2698.429
419  TPM2u+F       1215.397     40  2510.793     2517.017     2684.478
420  TPM2u+F+I     1212.911     41  2507.822     2514.369     2685.849
421  TPM2u+F+G4    1212.864     41  2507.728     2514.276     2685.755
422  TPM2u+F+I+G4  1212.865     42  2509.729     2516.609     2692.099
423  TPM2u+F+R2    1213.103     42  2510.206     2517.086     2692.575
441  TPM3          1231.385     37  2536.771     2542.076     2697.429
442  TPM3+I        1228.574     38  2533.148     2538.751     2698.148
443  TPM3+G4       1228.566     38  2533.133     2538.736     2698.134
444  TPM3+I+G4     1228.566     39  2535.133     2541.042     2704.475
445  TPM3+R2       1228.972     39  2535.944     2541.853     2705.286
463  TPM3          1231.385     37  2536.771     2542.076     2697.429
464  TPM3+I        1228.574     38  2533.148     2538.751     2698.148
465  TPM3+G4       1228.566     38  2533.133     2538.736     2698.134
466  TPM3+I+G4     1228.566     39  2535.133     2541.042     2704.475
467  TPM3+R2       1228.972     39  2535.944     2541.853     2705.286
485  TPM3u         1231.385     37  2536.770     2542.076     2697.428
486  TPM3u+I       1228.573     38  2533.147     2538.750     2698.147
487  TPM3u+G4      1228.566     38  2533.131     2538.734     2698.132
488  TPM3u+I+G4    1228.565     39  2535.130     2541.039     2704.472
489  TPM3u+R2      1228.940     39  2535.880     2541.789     2705.223
507  TPM3u+F       1218.949     40  2517.898     2524.122     2691.583
508  TPM3u+F+I     1216.086     41  2514.172     2520.719     2692.199
509  TPM3u+F+G4    1216.080     41  2514.160     2520.708     2692.187
510  TPM3u+F+I+G4  1216.080     42  2516.160     2523.040     2698.529
511  TPM3u+F+R2    1216.434     42  2516.869     2523.749     2699.238
529  TIMe          1231.787     38  2539.573     2545.176     2704.574
530  TIMe+I        1228.845     39  2535.689     2541.598     2705.032
531  TIMe+G4       1228.923     39  2535.846     2541.755     2705.189
532  TIMe+I+G4     1228.939     40  2537.878     2544.102     2711.563
533  TIMe+R2       1229.224     40  2538.447     2544.671     2712.132
551  TIMe          1231.787     38  2539.573     2545.176     2704.574
552  TIMe+I        1228.845     39  2535.689     2541.598     2705.032
553  TIMe+G4       1228.923     39  2535.846     2541.755     2705.189
554  TIMe+I+G4     1228.939     40  2537.878     2544.102     2711.563
555  TIMe+R2       1229.224     40  2538.447     2544.671     2712.132
573  TIM           1231.787     38  2539.573     2545.176     2704.574
574  TIM+I         1228.842     39  2535.685     2541.594     2705.028
575  TIM+G4        1228.922     39  2535.845     2541.754     2705.187
576  TIM+I+G4      1228.939     40  2537.878     2544.102     2711.563
577  TIM+R2        1229.195     40  2538.390     2544.614     2712.075
595  TIM+F         1218.272     41  2518.545     2525.092     2696.572
596  TIM+F+I       1215.266     42  2514.531     2521.411     2696.900
597  TIM+F+G4      1215.328     42  2514.657     2521.537     2697.026
598  TIM+F+I+G4    1215.345     43  2516.691     2523.912     2703.402
599  TIM+F+R2      1215.730     43  2517.461     2524.682     2704.172
617  TIM2e         1226.442     38  2528.883     2534.486     2693.884
618  TIM2e+I       1223.981     39  2525.961     2531.870     2695.304
619  TIM2e+G4      1223.993     39  2525.986     2531.895     2695.328
620  TIM2e+I+G4    1223.990     40  2527.980     2534.204     2701.665
621  TIM2e+R2      1224.163     40  2528.326     2534.550     2702.011
639  TIM2e         1226.442     38  2528.883     2534.486     2693.884
640  TIM2e+I       1223.981     39  2525.961     2531.870     2695.304
641  TIM2e+G4      1223.993     39  2525.986     2531.895     2695.328
642  TIM2e+I+G4    1223.990     40  2527.980     2534.204     2701.665
643  TIM2e+R2      1224.163     40  2528.326     2534.550     2702.011
661  TIM2          1226.442     38  2528.883     2534.486     2693.884
662  TIM2+I        1223.979     39  2525.959     2531.868     2695.301
663  TIM2+G4       1223.987     39  2525.974     2531.883     2695.317
664  TIM2+I+G4     1223.986     40  2527.972     2534.196     2701.657
665  TIM2+R2       1224.147     40  2528.293     2534.517     2701.978
683  TIM2+F        1214.185     41  2510.370     2516.918     2688.397
684  TIM2+F+I      1211.632     42  2507.265     2514.145     2689.634
685  TIM2+F+G4     1211.633     42  2507.266     2514.146     2689.635
686  TIM2+F+I+G4   1211.632     43  2509.264     2516.485     2695.975
687  TIM2+F+R2     1211.844     43  2509.687     2516.908     2696.398
705  TIM3e         1230.013     38  2536.026     2541.629     2701.026
706  TIM3e+I       1226.780     39  2531.559     2537.468     2700.902
707  TIM3e+G4      1226.833     39  2531.666     2537.575     2701.009
708  TIM3e+I+G4    1226.846     40  2533.692     2539.916     2707.377
709  TIM3e+R2      1227.271     40  2534.541     2540.765     2708.226
727  TIM3e         1230.013     38  2536.026     2541.629     2701.026
728  TIM3e+I       1226.780     39  2531.559     2537.468     2700.902
729  TIM3e+G4      1226.833     39  2531.666     2537.575     2701.009
730  TIM3e+I+G4    1226.846     40  2533.692     2539.916     2707.377
731  TIM3e+R2      1227.271     40  2534.541     2540.765     2708.226
749  TIM3          1230.013     38  2536.025     2541.628     2701.026
750  TIM3+I        1226.765     39  2531.529     2537.438     2700.872
751  TIM3+G4       1226.809     39  2531.618     2537.527     2700.961
752  TIM3+I+G4     1226.825     40  2533.650     2539.874     2707.335
753  TIM3+R2       1227.231     40  2534.462     2540.686     2708.147
771  TIM3+F        1217.640     41  2517.280     2523.827     2695.307
772  TIM3+F+I      1214.580     42  2513.160     2520.040     2695.529
773  TIM3+F+G4     1214.606     42  2513.212     2520.092     2695.581
774  TIM3+F+I+G4   1214.617     43  2515.235     2522.456     2701.946
775  TIM3+F+R2     1215.065     43  2516.130     2523.352     2702.842
793  TVMe          1225.251     39  2528.502     2534.411     2697.845
794  TVMe+I        1222.580     40  2525.161     2531.385     2698.846
795  TVMe+G4       1222.445     40  2524.890     2531.114     2698.575
796  TVMe+I+G4     1222.421     41  2526.841     2533.389     2704.868
797  TVMe+R2       1222.834     41  2527.669     2534.216     2705.696
815  TVMe          1225.251     39  2528.502     2534.411     2697.845
816  TVMe+I        1222.580     40  2525.161     2531.385     2698.846
817  TVMe+G4       1222.445     40  2524.890     2531.114     2698.575
818  TVMe+I+G4     1222.421     41  2526.841     2533.389     2704.868
819  TVMe+R2       1222.834     41  2527.669     2534.216     2705.696
837  TVM           1225.251     39  2528.502     2534.411     2697.844
838  TVM+I         1222.580     40  2525.160     2531.384     2698.845
839  TVM+G4        1222.444     40  2524.888     2531.112     2698.573
840  TVM+I+G4      1222.420     41  2526.840     2533.388     2704.867
841  TVM+R2        1222.807     41  2527.614     2534.162     2705.641
859  TVM+F         1214.201     42  2512.401     2519.281     2694.770
860  TVM+F+I       1211.572     43  2509.144     2516.365     2695.855
861  TVM+F+G4      1211.453     43  2508.907     2516.128     2695.618
862  TVM+F+I+G4    1211.439     44  2510.878     2518.450     2701.932
863  TVM+F+R2      1211.792     44  2511.585     2519.156     2702.638
881  SYM           1223.957     40  2527.914     2534.138     2701.599
882  SYM+I         1221.040     41  2524.081     2530.628     2702.108
883  SYM+G4        1220.963     41  2523.927     2530.474     2701.954
884  SYM+I+G4      1220.941     42  2525.882     2532.762     2708.251
885  SYM+R2        1221.346     42  2526.692     2533.572     2709.061
903  SYM           1223.957     40  2527.914     2534.138     2701.599
904  SYM+I         1221.040     41  2524.081     2530.628     2702.108
905  SYM+G4        1220.963     41  2523.927     2530.474     2701.954
906  SYM+I+G4      1220.941     42  2525.882     2532.762     2708.251
907  SYM+R2        1221.346     42  2526.692     2533.572     2709.061
925  GTR           1223.957     40  2527.914     2534.138     2701.599
926  GTR+I         1221.037     41  2524.073     2530.621     2702.100
927  GTR+G4        1220.961     41  2523.923     2530.470     2701.950
928  GTR+I+G4      1220.939     42  2525.878     2532.758     2708.247
929  GTR+R2        1221.316     42  2526.632     2533.512     2709.001
947  GTR+F         1212.970     43  2511.940     2519.162     2698.651
948  GTR+F+I       1210.230     44  2508.460     2516.031     2699.513
949  GTR+F+G4      1210.159     44  2508.317     2515.889     2699.371
950  GTR+F+I+G4    1210.145     45  2510.291     2518.222     2705.686
951  GTR+F+R2      1210.490     45  2510.981     2518.912     2706.376
Akaike Information Criterion:           TIM2+F+I
Corrected Akaike Information Criterion: TIM2+F+I
Bayesian Information Criterion:         TPM2u+F
Best-fit model: TPM2u+F chosen according to BIC

All model information printed to data/packages/ITS/Chamonixia/ref.model.gz
CPU time for ModelFinder: 204.970 seconds (0h:3m:24s)
Wall-clock time for ModelFinder: 153.751 seconds (0h:2m:33s)
Generating 1000 samples for ultrafast bootstrap (seed: 427479)...

NOTE: 0 MB RAM (0 GB) is required!
Estimate model parameters (epsilon = 0.100)
1. Initial log-likelihood: -1216.387
2. Current log-likelihood: -1215.398
Optimal log-likelihood: -1215.397
Rate parameters:  A-C: 2.57894  A-G: 3.23469  A-T: 2.57894  C-G: 1.00000  C-T: 3.23469  G-T: 1.00000
Base frequencies:  A: 0.272  C: 0.198  G: 0.212  T: 0.318
Parameters optimization took 2 rounds (0.004 sec)
Wrote distance file to... 
Computing ML distances based on estimated model parameters...
Calculating distance matrix: done in 0.0011799 secs using 96.19% CPU
Computing ML distances took 0.001379 sec (of wall-clock time) 0.001256 sec (of CPU time)
Setting up auxiliary I and S matrices: done in 6.54608e-05 secs using 355.9% CPU
Constructing RapidNJ tree: done in 0.000182647 secs using 98.55% CPU
Computing RapidNJ tree took 0.000568 sec (of wall-clock time) 0.000557 sec (of CPU time)
Log-likelihood of RapidNJ tree: -1223.214
--------------------------------------------------------------------
|             INITIALIZING CANDIDATE TREE SET                      |
--------------------------------------------------------------------
Generating 98 parsimony trees... 0.204 second
Computing log-likelihood of 98 initial trees ... 0.069 seconds
Current best score: -1215.397

Do NNI search on 20 best initial trees
Optimizing NNI: done in 0.011409 secs using 45.34% CPU
Estimate model parameters (epsilon = 0.100)
BETTER TREE FOUND at iteration 1: -1215.397
Optimizing NNI: done in 0.017837 secs using 76.55% CPU
BETTER TREE FOUND at iteration 2: -1215.396
Optimizing NNI: done in 0.014481 secs using 91.06% CPU
BETTER TREE FOUND at iteration 3: -1215.396
Optimizing NNI: done in 0.0142399 secs using 91.54% CPU
BETTER TREE FOUND at iteration 4: -1215.395
Optimizing NNI: done in 0.0137269 secs using 99.8% CPU
Optimizing NNI: done in 0.0132757 secs using 99.81% CPU
BETTER TREE FOUND at iteration 6: -1215.395
Optimizing NNI: done in 0.0141277 secs using 99.81% CPU
BETTER TREE FOUND at iteration 7: -1215.395
Optimizing NNI: done in 0.0141772 secs using 92.85% CPU
Optimizing NNI: done in 0.0141935 secs using 99.8% CPU
Optimizing NNI: done in 0.0286587 secs using 47.66% CPU
Iteration 10 / LogL: -1215.395 / Time: 0h:2m:34s
Optimizing NNI: done in 0.0201525 secs using 77.13% CPU
Optimizing NNI: done in 0.0137803 secs using 92.07% CPU
Optimizing NNI: done in 0.0153807 secs using 99.76% CPU
Optimizing NNI: done in 0.0156966 secs using 93.44% CPU
Optimizing NNI: done in 0.0158062 secs using 99.23% CPU
Optimizing NNI: done in 0.0159505 secs using 97.95% CPU
Optimizing NNI: done in 0.0155751 secs using 86.96% CPU
Optimizing NNI: done in 0.0155773 secs using 99.76% CPU
Optimizing NNI: done in 0.0136353 secs using 99.72% CPU
Optimizing NNI: done in 0.0146042 secs using 99.77% CPU
Iteration 20 / LogL: -1215.396 / Time: 0h:2m:34s
Finish initializing candidate tree set (20)
Current best tree score: -1215.395 / CPU time: 0.608
Number of iterations: 20
--------------------------------------------------------------------
|               OPTIMIZING CANDIDATE TREE SET                      |
--------------------------------------------------------------------
Optimizing NNI: done in 0.0208498 secs using 96.61% CPU
Optimizing NNI: done in 0.0174777 secs using 85.13% CPU
Optimizing NNI: done in 0.0123868 secs using 72.56% CPU
Optimizing NNI: done in 0.00507481 secs using 96.16% CPU
BETTER TREE FOUND at iteration 24: -1215.395
Optimizing NNI: done in 0.00831281 secs using 99.71% CPU
Optimizing NNI: done in 0.00469069 secs using 78.75% CPU
Optimizing NNI: done in 0.00460197 secs using 99.57% CPU
Optimizing NNI: done in 0.0188028 secs using 99.78% CPU
Optimizing NNI: done in 0.0123654 secs using 99.76% CPU
Optimizing NNI: done in 0.0140312 secs using 99.78% CPU
Iteration 30 / LogL: -1215.399 / Time: 0h:2m:34s (0h:0m:2s left)
Optimizing NNI: done in 0.0143495 secs using 99.75% CPU
Optimizing NNI: done in 0.0110434 secs using 90.89% CPU
Optimizing NNI: done in 0.0131498 secs using 99.73% CPU
Optimizing NNI: done in 0.0101299 secs using 90.2% CPU
Optimizing NNI: done in 0.0169317 secs using 93.9% CPU
Optimizing NNI: done in 0.00742224 secs using 86.32% CPU
Optimizing NNI: done in 0.00479846 secs using 99.68% CPU
Optimizing NNI: done in 0.0102607 secs using 90.02% CPU
Optimizing NNI: done in 0.00499339 secs using 59.94% CPU
Optimizing NNI: done in 0.0156743 secs using 99.75% CPU
Iteration 40 / LogL: -1215.397 / Time: 0h:2m:34s (0h:0m:2s left)
Optimizing NNI: done in 0.0180426 secs using 83.19% CPU
Optimizing NNI: done in 0.0167907 secs using 87.82% CPU
Optimizing NNI: done in 0.0142245 secs using 92.82% CPU
Optimizing NNI: done in 0.0172135 secs using 98.87% CPU
Optimizing NNI: done in 0.00501597 secs using 99.68% CPU
Optimizing NNI: done in 0.0236729 secs using 87.09% CPU
Optimizing NNI: done in 0.00797236 secs using 87.5% CPU
Optimizing NNI: done in 0.023855 secs using 83.08% CPU
Optimizing NNI: done in 0.0145401 secs using 92.89% CPU
Optimizing NNI: done in 0.00482748 secs using 99.7% CPU
BETTER TREE FOUND at iteration 50: -1215.395
Iteration 50 / LogL: -1215.395 / Time: 0h:2m:35s (0h:0m:2s left)
Log-likelihood cutoff on original alignment: -1240.851
Optimizing NNI: done in 0.00804316 secs using 99.63% CPU
Optimizing NNI: done in 0.01829 secs using 99.77% CPU
Optimizing NNI: done in 0.0154433 secs using 99.73% CPU
Optimizing NNI: done in 0.0097575 secs using 89.57% CPU
Optimizing NNI: done in 0.00922283 secs using 99.73% CPU
Optimizing NNI: done in 0.0190213 secs using 99.75% CPU
Optimizing NNI: done in 0.0104638 secs using 99.81% CPU
Optimizing NNI: done in 0.0139712 secs using 85.51% CPU
Optimizing NNI: done in 0.00501646 secs using 99.69% CPU
Optimizing NNI: done in 0.00953391 secs using 89.37% CPU
Iteration 60 / LogL: -1215.395 / Time: 0h:2m:35s (0h:0m:2s left)
Optimizing NNI: done in 0.00726809 secs using 99.79% CPU
Optimizing NNI: done in 0.00965143 secs using 69.06% CPU
Optimizing NNI: done in 0.0147624 secs using 79.36% CPU
Optimizing NNI: done in 0.00919508 secs using 99.76% CPU
Optimizing NNI: done in 0.016126 secs using 99.57% CPU
Optimizing NNI: done in 0.00982889 secs using 87.28% CPU
Optimizing NNI: done in 0.0121243 secs using 98.55% CPU
Optimizing NNI: done in 0.0113663 secs using 99.77% CPU
Optimizing NNI: done in 0.00981987 secs using 98.35% CPU
Optimizing NNI: done in 0.00956356 secs using 89.43% CPU
Iteration 70 / LogL: -1215.395 / Time: 0h:2m:35s (0h:0m:1s left)
Optimizing NNI: done in 0.0208899 secs using 93.53% CPU
Optimizing NNI: done in 0.00901154 secs using 99.76% CPU
Optimizing NNI: done in 0.0136023 secs using 97.8% CPU
Optimizing NNI: done in 0.00987629 secs using 99.71% CPU
Optimizing NNI: done in 0.0267392 secs using 97.51% CPU
Optimizing NNI: done in 0.00926739 secs using 88.69% CPU
Optimizing NNI: done in 0.00876044 secs using 88.66% CPU
Optimizing NNI: done in 0.0161677 secs using 99.76% CPU
Optimizing NNI: done in 0.0149224 secs using 92.97% CPU
Optimizing NNI: done in 0.0133634 secs using 98.35% CPU
Iteration 80 / LogL: -1215.396 / Time: 0h:2m:35s (0h:0m:1s left)
Optimizing NNI: done in 0.0144279 secs using 99.74% CPU
Optimizing NNI: done in 0.0163401 secs using 93.66% CPU
Optimizing NNI: done in 0.0147138 secs using 97.77% CPU
Optimizing NNI: done in 0.00524529 secs using 80.99% CPU
BETTER TREE FOUND at iteration 84: -1215.395
Optimizing NNI: done in 0.00967414 secs using 99.71% CPU
Optimizing NNI: done in 0.0138479 secs using 98.64% CPU
Optimizing NNI: done in 0.014881 secs using 93.19% CPU
Optimizing NNI: done in 0.0141197 secs using 99.75% CPU
Optimizing NNI: done in 0.00970815 secs using 89.46% CPU
Optimizing NNI: done in 0.00440189 secs using 77.42% CPU
Iteration 90 / LogL: -1245.038 / Time: 0h:2m:35s (0h:0m:2s left)
Optimizing NNI: done in 0.00464018 secs using 99.48% CPU
Optimizing NNI: done in 0.0113361 secs using 99.77% CPU
Optimizing NNI: done in 0.0153851 secs using 93.42% CPU
Optimizing NNI: done in 0.0100262 secs using 89.8% CPU
Optimizing NNI: done in 0.0137084 secs using 99.73% CPU
Optimizing NNI: done in 0.0100923 secs using 99.59% CPU
Optimizing NNI: done in 0.0223909 secs using 99.81% CPU
Optimizing NNI: done in 0.0046386 secs using 99.81% CPU
Optimizing NNI: done in 0.00514421 secs using 99.12% CPU
Optimizing NNI: done in 0.0101105 secs using 89.94% CPU
Iteration 100 / LogL: -1215.397 / Time: 0h:2m:36s (0h:0m:2s left)
Log-likelihood cutoff on original alignment: -1243.054
NOTE: Bootstrap correlation coefficient of split occurrence frequencies: 0.935
NOTE: UFBoot does not converge, continue at least 100 more iterations
Optimizing NNI: done in 0.00676236 secs using 99.49% CPU
Optimizing NNI: done in 0.00469512 secs using 78.76% CPU
Optimizing NNI: done in 0.0102219 secs using 89.87% CPU
Optimizing NNI: done in 0.0158961 secs using 93.53% CPU
Optimizing NNI: done in 0.00750879 secs using 86.62% CPU
Optimizing NNI: done in 0.0102227 secs using 99.64% CPU
Optimizing NNI: done in 0.0101244 secs using 99.79% CPU
Optimizing NNI: done in 0.0198909 secs using 89.69% CPU
Optimizing NNI: done in 0.0189413 secs using 89.23% CPU
Optimizing NNI: done in 0.0162758 secs using 93.57% CPU
Iteration 110 / LogL: -1215.396 / Time: 0h:2m:36s (0h:0m:2s left)
Optimizing NNI: done in 0.0134933 secs using 99.73% CPU
Optimizing NNI: done in 0.00497908 secs using 99.72% CPU
Optimizing NNI: done in 0.00492783 secs using 99.7% CPU
Optimizing NNI: done in 0.0128644 secs using 99.76% CPU
Optimizing NNI: done in 0.0142593 secs using 99.79% CPU
Optimizing NNI: done in 0.0234066 secs using 74.21% CPU
Optimizing NNI: done in 0.0264085 secs using 96% CPU
Optimizing NNI: done in 0.0131055 secs using 92.14% CPU
Optimizing NNI: done in 0.00984265 secs using 89.91% CPU
Optimizing NNI: done in 0.00971588 secs using 99.49% CPU
BETTER TREE FOUND at iteration 120: -1215.395
Iteration 120 / LogL: -1215.395 / Time: 0h:2m:36s (0h:0m:2s left)
Optimizing NNI: done in 0.010351 secs using 89.99% CPU
Optimizing NNI: done in 0.00939682 secs using 99.58% CPU
Optimizing NNI: done in 0.0131482 secs using 92.13% CPU
Optimizing NNI: done in 0.00454853 secs using 99.79% CPU
Optimizing NNI: done in 0.0165648 secs using 99.75% CPU
Optimizing NNI: done in 0.0138986 secs using 92.62% CPU
Optimizing NNI: done in 0.016464 secs using 99.77% CPU
Optimizing NNI: done in 0.0149034 secs using 99.8% CPU
Optimizing NNI: done in 0.013036 secs using 99.77% CPU
Optimizing NNI: done in 0.01198 secs using 99.77% CPU
Iteration 130 / LogL: -1215.397 / Time: 0h:2m:36s (0h:0m:2s left)
Optimizing NNI: done in 0.00807234 secs using 99.76% CPU
Optimizing NNI: done in 0.00668613 secs using 99.68% CPU
Optimizing NNI: done in 0.00506942 secs using 79.91% CPU
Optimizing NNI: done in 0.0144448 secs using 99.78% CPU
Optimizing NNI: done in 0.016 secs using 99.78% CPU
Optimizing NNI: done in 0.00755915 secs using 99.72% CPU
Optimizing NNI: done in 0.00512009 secs using 99.71% CPU
Optimizing NNI: done in 0.0117584 secs using 99.78% CPU
Optimizing NNI: done in 0.0162651 secs using 99.77% CPU
Optimizing NNI: done in 0.0122369 secs using 91.63% CPU
Iteration 140 / LogL: -1215.396 / Time: 0h:2m:37s (0h:0m:1s left)
Optimizing NNI: done in 0.00843181 secs using 88.08% CPU
Optimizing NNI: done in 0.00961265 secs using 99.79% CPU
Optimizing NNI: done in 0.0163464 secs using 99.78% CPU
Optimizing NNI: done in 0.0113748 secs using 91.08% CPU
Optimizing NNI: done in 0.0154937 secs using 99.69% CPU
Optimizing NNI: done in 0.0147504 secs using 86.27% CPU
Optimizing NNI: done in 0.0207307 secs using 95.02% CPU
Optimizing NNI: done in 0.0126106 secs using 91.9% CPU
Optimizing NNI: done in 0.0132649 secs using 84.79% CPU
Optimizing NNI: done in 0.0119249 secs using 83.05% CPU
Iteration 150 / LogL: -1215.400 / Time: 0h:2m:37s (0h:0m:1s left)
Log-likelihood cutoff on original alignment: -1243.054
Optimizing NNI: done in 0.00502981 secs using 99.71% CPU
Optimizing NNI: done in 0.0125057 secs using 91.81% CPU
Optimizing NNI: done in 0.015537 secs using 99.79% CPU
Optimizing NNI: done in 0.00492406 secs using 79.85% CPU
Optimizing NNI: done in 0.00970399 secs using 89.61% CPU
Optimizing NNI: done in 0.0128292 secs using 99.67% CPU
Optimizing NNI: done in 0.0117121 secs using 91.24% CPU
Optimizing NNI: done in 0.0198784 secs using 89.71% CPU
Optimizing NNI: done in 0.00508487 secs using 99.65% CPU
Optimizing NNI: done in 0.0150625 secs using 93.11% CPU
Iteration 160 / LogL: -1215.396 / Time: 0h:2m:37s (0h:0m:1s left)
Optimizing NNI: done in 0.00500727 secs using 99.71% CPU
Optimizing NNI: done in 0.00877069 secs using 99.76% CPU
Optimizing NNI: done in 0.00669782 secs using 99.76% CPU
Optimizing NNI: done in 0.00676873 secs using 85.02% CPU
Optimizing NNI: done in 0.00995051 secs using 99.74% CPU
Optimizing NNI: done in 0.0104048 secs using 99.69% CPU
Optimizing NNI: done in 0.0139059 secs using 99.73% CPU
Optimizing NNI: done in 0.0155134 secs using 99.68% CPU
Optimizing NNI: done in 0.0159711 secs using 99.77% CPU
Optimizing NNI: done in 0.015922 secs using 99.74% CPU
Iteration 170 / LogL: -1215.398 / Time: 0h:2m:37s (0h:0m:1s left)
Optimizing NNI: done in 0.00923379 secs using 99.69% CPU
Optimizing NNI: done in 0.00502533 secs using 99.42% CPU
Optimizing NNI: done in 0.00669824 secs using 84.98% CPU
Optimizing NNI: done in 0.0120657 secs using 99.8% CPU
Optimizing NNI: done in 0.0248045 secs using 91.75% CPU
Optimizing NNI: done in 0.00991926 secs using 99.74% CPU
Optimizing NNI: done in 0.010025 secs using 89.98% CPU
Optimizing NNI: done in 0.0100481 secs using 99.73% CPU
Optimizing NNI: done in 0.0100674 secs using 99.55% CPU
Optimizing NNI: done in 0.0141739 secs using 99.77% CPU
Iteration 180 / LogL: -1215.395 / Time: 0h:2m:38s (0h:0m:0s left)
Optimizing NNI: done in 0.00837871 secs using 88% CPU
Optimizing NNI: done in 0.0147965 secs using 99.79% CPU
Optimizing NNI: done in 0.00974528 secs using 99.51% CPU
Optimizing NNI: done in 0.00923662 secs using 89.26% CPU
Optimizing NNI: done in 0.0160191 secs using 99.73% CPU
Optimizing NNI: done in 0.00911266 secs using 99.73% CPU
Optimizing NNI: done in 0.0103194 secs using 99.74% CPU
Optimizing NNI: done in 0.00922134 secs using 99.64% CPU
Optimizing NNI: done in 0.00830521 secs using 99.71% CPU
Optimizing NNI: done in 0.0149758 secs using 99.81% CPU
Iteration 190 / LogL: -1215.400 / Time: 0h:2m:38s (0h:0m:0s left)
Optimizing NNI: done in 0.0180581 secs using 94.33% CPU
Optimizing NNI: done in 0.00947085 secs using 89.3% CPU
Optimizing NNI: done in 0.0111067 secs using 90.92% CPU
Optimizing NNI: done in 0.0136736 secs using 92.46% CPU
Optimizing NNI: done in 0.00488919 secs using 79.05% CPU
Optimizing NNI: done in 0.0091354 secs using 88.81% CPU
Optimizing NNI: done in 0.00486373 secs using 99.53% CPU
Optimizing NNI: done in 0.00663546 secs using 99.71% CPU
Optimizing NNI: done in 0.00488148 secs using 99.7% CPU
Optimizing NNI: done in 0.0177204 secs using 99.72% CPU
Iteration 200 / LogL: -1215.397 / Time: 0h:2m:38s (0h:0m:0s left)
Log-likelihood cutoff on original alignment: -1243.146
NOTE: Bootstrap correlation coefficient of split occurrence frequencies: 0.942
NOTE: UFBoot does not converge, continue at least 100 more iterations
Optimizing NNI: done in 0.00494021 secs using 99.71% CPU
Optimizing NNI: done in 0.0132599 secs using 99.73% CPU
Optimizing NNI: done in 0.00988222 secs using 99.79% CPU
Optimizing NNI: done in 0.0136395 secs using 99.78% CPU
Optimizing NNI: done in 0.00945722 secs using 89.34% CPU
Optimizing NNI: done in 0.00497271 secs using 99.7% CPU
Optimizing NNI: done in 0.0172378 secs using 99.76% CPU
Optimizing NNI: done in 0.0126141 secs using 91.87% CPU
Optimizing NNI: done in 0.0137714 secs using 92.46% CPU
Optimizing NNI: done in 0.0103233 secs using 99.77% CPU
Iteration 210 / LogL: -1215.397 / Time: 0h:2m:38s (0h:0m:2s left)
Optimizing NNI: done in 0.0128184 secs using 99.76% CPU
Optimizing NNI: done in 0.0158985 secs using 93.55% CPU
Optimizing NNI: done in 0.0161506 secs using 87.44% CPU
Optimizing NNI: done in 0.00902912 secs using 99.78% CPU
Optimizing NNI: done in 0.00978176 secs using 99.75% CPU
Optimizing NNI: done in 0.0129932 secs using 92.22% CPU
Optimizing NNI: done in 0.0224299 secs using 86.49% CPU
Optimizing NNI: done in 0.00986768 secs using 99.41% CPU
Optimizing NNI: done in 0.00979321 secs using 99.7% CPU
Optimizing NNI: done in 0.0117376 secs using 91.34% CPU
Iteration 220 / LogL: -1215.396 / Time: 0h:2m:39s (0h:0m:1s left)
Optimizing NNI: done in 0.0144378 secs using 99.79% CPU
Optimizing NNI: done in 0.00488149 secs using 99.5% CPU
Optimizing NNI: done in 0.00971851 secs using 99.76% CPU
Optimizing NNI: done in 0.00999314 secs using 99.8% CPU
Optimizing NNI: done in 0.0123057 secs using 75.64% CPU
Optimizing NNI: done in 0.0098791 secs using 79.57% CPU
Optimizing NNI: done in 0.0209798 secs using 95% CPU
Optimizing NNI: done in 0.0197838 secs using 99.79% CPU
Optimizing NNI: done in 0.00678246 secs using 99.71% CPU
Optimizing NNI: done in 0.00909106 secs using 99.76% CPU
Iteration 230 / LogL: -1222.333 / Time: 0h:2m:39s (0h:0m:1s left)
Optimizing NNI: done in 0.00989046 secs using 89.84% CPU
Optimizing NNI: done in 0.00885442 secs using 99.69% CPU
Optimizing NNI: done in 0.0103178 secs using 90% CPU
Optimizing NNI: done in 0.0110855 secs using 93.22% CPU
Optimizing NNI: done in 0.00990777 secs using 99.7% CPU
Optimizing NNI: done in 0.0230419 secs using 95.5% CPU
Optimizing NNI: done in 0.0147739 secs using 79.53% CPU
Optimizing NNI: done in 0.00495568 secs using 79.73% CPU
Optimizing NNI: done in 0.0138524 secs using 99.77% CPU
Optimizing NNI: done in 0.0164241 secs using 87.68% CPU
Iteration 240 / LogL: -1215.398 / Time: 0h:2m:39s (0h:0m:1s left)
Optimizing NNI: done in 0.00955508 secs using 99.71% CPU
Optimizing NNI: done in 0.0217571 secs using 90.6% CPU
Optimizing NNI: done in 0.00969296 secs using 99.78% CPU
Optimizing NNI: done in 0.00954841 secs using 89.45% CPU
Optimizing NNI: done in 0.0169811 secs using 93.91% CPU
Optimizing NNI: done in 0.00772608 secs using 99.7% CPU
Optimizing NNI: done in 0.0100488 secs using 80% CPU
Optimizing NNI: done in 0.0132573 secs using 99.81% CPU
Optimizing NNI: done in 0.0151883 secs using 99.78% CPU
Optimizing NNI: done in 0.0127892 secs using 92.04% CPU
Iteration 250 / LogL: -1215.399 / Time: 0h:2m:39s (0h:0m:1s left)
Log-likelihood cutoff on original alignment: -1243.146
Optimizing NNI: done in 0.0129341 secs using 84.5% CPU
Optimizing NNI: done in 0.0166621 secs using 99.69% CPU
Optimizing NNI: done in 0.00836184 secs using 99.69% CPU
Optimizing NNI: done in 0.00971387 secs using 99.73% CPU
Optimizing NNI: done in 0.0147424 secs using 92.88% CPU
Optimizing NNI: done in 0.00991974 secs using 99.75% CPU
Optimizing NNI: done in 0.024008 secs using 91.47% CPU
Optimizing NNI: done in 0.0132288 secs using 99.73% CPU
Optimizing NNI: done in 0.00464874 secs using 99.36% CPU
Optimizing NNI: done in 0.0101183 secs using 99.77% CPU
Iteration 260 / LogL: -1215.397 / Time: 0h:2m:40s (0h:0m:0s left)
Optimizing NNI: done in 0.00499315 secs using 99.84% CPU
Optimizing NNI: done in 0.00482147 secs using 99.68% CPU
Optimizing NNI: done in 0.0196746 secs using 89.65% CPU
Optimizing NNI: done in 0.00491948 secs using 79.46% CPU
Optimizing NNI: done in 0.0071233 secs using 99.8% CPU
Optimizing NNI: done in 0.013918 secs using 99.76% CPU
Optimizing NNI: done in 0.00816599 secs using 99.77% CPU
Optimizing NNI: done in 0.00944752 secs using 99.72% CPU
Optimizing NNI: done in 0.00460004 secs using 99.61% CPU
Optimizing NNI: done in 0.00850779 secs using 99.7% CPU
Iteration 270 / LogL: -1215.396 / Time: 0h:2m:40s (0h:0m:0s left)
Optimizing NNI: done in 0.00957909 secs using 99.72% CPU
Optimizing NNI: done in 0.00966793 secs using 99.73% CPU
Optimizing NNI: done in 0.0105739 secs using 97.95% CPU
Optimizing NNI: done in 0.0187897 secs using 89.18% CPU
Optimizing NNI: done in 0.0175612 secs using 99.74% CPU
Optimizing NNI: done in 0.0151567 secs using 99.77% CPU
Optimizing NNI: done in 0.00488934 secs using 99.69% CPU
Optimizing NNI: done in 0.0172046 secs using 93.96% CPU
Optimizing NNI: done in 0.00992736 secs using 99.63% CPU
Optimizing NNI: done in 0.0131908 secs using 99.77% CPU
Iteration 280 / LogL: -1215.398 / Time: 0h:2m:40s (0h:0m:0s left)
Optimizing NNI: done in 0.00988209 secs using 79.79% CPU
Optimizing NNI: done in 0.00984084 secs using 99.75% CPU
Optimizing NNI: done in 0.0192711 secs using 89.3% CPU
Optimizing NNI: done in 0.00957082 secs using 99.79% CPU
Optimizing NNI: done in 0.0101541 secs using 89.93% CPU
Optimizing NNI: done in 0.00967453 secs using 89.27% CPU
Optimizing NNI: done in 0.00993935 secs using 89.98% CPU
Optimizing NNI: done in 0.0131654 secs using 92.04% CPU
Optimizing NNI: done in 0.00510403 secs using 99.71% CPU
Optimizing NNI: done in 0.0102559 secs using 99.75% CPU
Iteration 290 / LogL: -1215.395 / Time: 0h:2m:40s (0h:0m:0s left)
Optimizing NNI: done in 0.0172057 secs using 93.99% CPU
Optimizing NNI: done in 0.021845 secs using 99.78% CPU
Optimizing NNI: done in 0.0137593 secs using 92.61% CPU
Optimizing NNI: done in 0.00979866 secs using 99.7% CPU
Optimizing NNI: done in 0.00782337 secs using 99.74% CPU
Optimizing NNI: done in 0.0131163 secs using 92.18% CPU
Optimizing NNI: done in 0.0173291 secs using 94% CPU
Optimizing NNI: done in 0.0164001 secs using 93.72% CPU
Optimizing NNI: done in 0.0203362 secs using 94.96% CPU
Optimizing NNI: done in 0.00983803 secs using 99.77% CPU
Iteration 300 / LogL: -1215.395 / Time: 0h:2m:41s (0h:0m:0s left)
Log-likelihood cutoff on original alignment: -1243.146
NOTE: Bootstrap correlation coefficient of split occurrence frequencies: 0.972
NOTE: UFBoot does not converge, continue at least 100 more iterations
Optimizing NNI: done in 0.0113647 secs using 82.16% CPU
Optimizing NNI: done in 0.0108381 secs using 90.31% CPU
Optimizing NNI: done in 0.0129066 secs using 99.76% CPU
Optimizing NNI: done in 0.0178549 secs using 94.35% CPU
Optimizing NNI: done in 0.0134364 secs using 99.73% CPU
Optimizing NNI: done in 0.0097327 secs using 99.74% CPU
Optimizing NNI: done in 0.0155852 secs using 87% CPU
Optimizing NNI: done in 0.00917327 secs using 88.96% CPU
Optimizing NNI: done in 0.015899 secs using 99.7% CPU
Optimizing NNI: done in 0.00981588 secs using 99.76% CPU
Iteration 310 / LogL: -1215.396 / Time: 0h:2m:41s (0h:0m:2s left)
Optimizing NNI: done in 0.0132403 secs using 99.73% CPU
Optimizing NNI: done in 0.0132055 secs using 92.39% CPU
Optimizing NNI: done in 0.00983007 secs using 99.77% CPU
Optimizing NNI: done in 0.00987269 secs using 99.71% CPU
Optimizing NNI: done in 0.0169345 secs using 93.94% CPU
Optimizing NNI: done in 0.0102785 secs using 90.03% CPU
Optimizing NNI: done in 0.0211314 secs using 85.73% CPU
Optimizing NNI: done in 0.0115864 secs using 91.06% CPU
Optimizing NNI: done in 0.0147519 secs using 93.05% CPU
Optimizing NNI: done in 0.00949982 secs using 99.75% CPU
Iteration 320 / LogL: -1215.395 / Time: 0h:2m:41s (0h:0m:2s left)
Optimizing NNI: done in 0.0142024 secs using 85.71% CPU
Optimizing NNI: done in 0.0135467 secs using 92.45% CPU
Optimizing NNI: done in 0.00931197 secs using 99.79% CPU
BETTER TREE FOUND at iteration 323: -1215.395
Optimizing NNI: done in 0.00509734 secs using 99.62% CPU
Optimizing NNI: done in 0.0145614 secs using 99.71% CPU
Optimizing NNI: done in 0.0102926 secs using 99.73% CPU
Optimizing NNI: done in 0.0103709 secs using 99.72% CPU
Optimizing NNI: done in 0.00805199 secs using 99.84% CPU
Optimizing NNI: done in 0.00973352 secs using 89.57% CPU
Optimizing NNI: done in 0.0160875 secs using 99.77% CPU
Iteration 330 / LogL: -1215.397 / Time: 0h:2m:42s (0h:0m:2s left)
Optimizing NNI: done in 0.00946367 secs using 99.78% CPU
Optimizing NNI: done in 0.00987655 secs using 99.75% CPU
Optimizing NNI: done in 0.00967038 secs using 99.75% CPU
Optimizing NNI: done in 0.0174861 secs using 88.4% CPU
Optimizing NNI: done in 0.00765831 secs using 99.73% CPU
Optimizing NNI: done in 0.00678941 secs using 99.66% CPU
Optimizing NNI: done in 0.00994411 secs using 90.01% CPU
Optimizing NNI: done in 0.0115803 secs using 99.74% CPU
Optimizing NNI: done in 0.00926399 secs using 99.78% CPU
Optimizing NNI: done in 0.0113888 secs using 91.19% CPU
Iteration 340 / LogL: -1239.961 / Time: 0h:2m:42s (0h:0m:2s left)
Optimizing NNI: done in 0.0178267 secs using 99.76% CPU
Optimizing NNI: done in 0.0171653 secs using 82.34% CPU
Optimizing NNI: done in 0.00730031 secs using 86.28% CPU
Optimizing NNI: done in 0.0139069 secs using 92.62% CPU
Optimizing NNI: done in 0.0161807 secs using 93.64% CPU
Optimizing NNI: done in 0.014525 secs using 99.79% CPU
Optimizing NNI: done in 0.0102337 secs using 99.76% CPU
Optimizing NNI: done in 0.00680307 secs using 99.81% CPU
Optimizing NNI: done in 0.0103606 secs using 99.59% CPU
Optimizing NNI: done in 0.00862084 secs using 99.77% CPU
Iteration 350 / LogL: -1215.396 / Time: 0h:2m:42s (0h:0m:1s left)
Log-likelihood cutoff on original alignment: -1242.683
Optimizing NNI: done in 0.00688129 secs using 99.79% CPU
Optimizing NNI: done in 0.0147932 secs using 99.74% CPU
Optimizing NNI: done in 0.00980136 secs using 99.75% CPU
Optimizing NNI: done in 0.00979625 secs using 89.71% CPU
Optimizing NNI: done in 0.0147166 secs using 93.07% CPU
Optimizing NNI: done in 0.0199358 secs using 84.75% CPU
Optimizing NNI: done in 0.00911366 secs using 99.67% CPU
Optimizing NNI: done in 0.00991356 secs using 99.78% CPU
Optimizing NNI: done in 0.00721753 secs using 99.7% CPU
Optimizing NNI: done in 0.0165703 secs using 93.65% CPU
Iteration 360 / LogL: -1215.396 / Time: 0h:2m:43s (0h:0m:1s left)
Optimizing NNI: done in 0.00974944 secs using 99.7% CPU
Optimizing NNI: done in 0.0154195 secs using 80.5% CPU
Optimizing NNI: done in 0.0126825 secs using 99.74% CPU
Optimizing NNI: done in 0.00998306 secs using 89.84% CPU
Optimizing NNI: done in 0.0100129 secs using 99.72% CPU
Optimizing NNI: done in 0.0125066 secs using 99.67% CPU
Optimizing NNI: done in 0.0137446 secs using 92.52% CPU
Optimizing NNI: done in 0.00980034 secs using 99.81% CPU
Optimizing NNI: done in 0.00682426 secs using 84.73% CPU
Optimizing NNI: done in 0.0100986 secs using 80.2% CPU
Iteration 370 / LogL: -1215.397 / Time: 0h:2m:43s (0h:0m:1s left)
Optimizing NNI: done in 0.0100973 secs using 99.76% CPU
Optimizing NNI: done in 0.0116878 secs using 91.15% CPU
Optimizing NNI: done in 0.0103825 secs using 90.17% CPU
Optimizing NNI: done in 0.0130537 secs using 92.32% CPU
Optimizing NNI: done in 0.0121884 secs using 99.66% CPU
Optimizing NNI: done in 0.010006 secs using 99.79% CPU
Optimizing NNI: done in 0.00899174 secs using 99.78% CPU
Optimizing NNI: done in 0.0170723 secs using 99.72% CPU
Optimizing NNI: done in 0.0113193 secs using 99.78% CPU
Optimizing NNI: done in 0.0162578 secs using 87.54% CPU
Iteration 380 / LogL: -1215.397 / Time: 0h:2m:43s (0h:0m:1s left)
Optimizing NNI: done in 0.0187205 secs using 94.45% CPU
Optimizing NNI: done in 0.0122486 secs using 83.6% CPU
Optimizing NNI: done in 0.0189007 secs using 94.43% CPU
Optimizing NNI: done in 0.0141668 secs using 85.74% CPU
Optimizing NNI: done in 0.00834278 secs using 99.69% CPU
Optimizing NNI: done in 0.0186779 secs using 99.75% CPU
Optimizing NNI: done in 0.0095805 secs using 99.66% CPU
Optimizing NNI: done in 0.00474144 secs using 99.8% CPU
Optimizing NNI: done in 0.0178997 secs using 94.23% CPU
Optimizing NNI: done in 0.00988007 secs using 99.67% CPU
Iteration 390 / LogL: -1215.395 / Time: 0h:2m:43s (0h:0m:0s left)
Optimizing NNI: done in 0.014596 secs using 86% CPU
Optimizing NNI: done in 0.00481187 secs using 79.08% CPU
Optimizing NNI: done in 0.0195767 secs using 99.82% CPU
Optimizing NNI: done in 0.00479086 secs using 99.69% CPU
Optimizing NNI: done in 0.0199148 secs using 94.77% CPU
Optimizing NNI: done in 0.0108734 secs using 99.81% CPU
Optimizing NNI: done in 0.00984298 secs using 89.53% CPU
Optimizing NNI: done in 0.0112944 secs using 99.77% CPU
Optimizing NNI: done in 0.0173126 secs using 99.81% CPU
Optimizing NNI: done in 0.0162508 secs using 99.81% CPU
Iteration 400 / LogL: -1215.399 / Time: 0h:2m:44s (0h:0m:0s left)
Log-likelihood cutoff on original alignment: -1242.721
NOTE: Bootstrap correlation coefficient of split occurrence frequencies: 0.979
NOTE: UFBoot does not converge, continue at least 100 more iterations
Optimizing NNI: done in 0.0140674 secs using 99.71% CPU
Optimizing NNI: done in 0.0098244 secs using 99.72% CPU
Optimizing NNI: done in 0.0213344 secs using 99.73% CPU
Optimizing NNI: done in 0.00987281 secs using 79.56% CPU
Optimizing NNI: done in 0.0187211 secs using 99.79% CPU
Optimizing NNI: done in 0.00515815 secs using 99.71% CPU
Optimizing NNI: done in 0.00974577 secs using 99.74% CPU
Optimizing NNI: done in 0.0169722 secs using 93.92% CPU
Optimizing NNI: done in 0.0194949 secs using 89.46% CPU
Optimizing NNI: done in 0.0154015 secs using 99.77% CPU
Iteration 410 / LogL: -1215.396 / Time: 0h:2m:44s (0h:0m:2s left)
Optimizing NNI: done in 0.00942151 secs using 99.69% CPU
Optimizing NNI: done in 0.0136281 secs using 92.42% CPU
Optimizing NNI: done in 0.0206703 secs using 99.76% CPU
Optimizing NNI: done in 0.0244973 secs using 95.7% CPU
Optimizing NNI: done in 0.00999095 secs using 99.74% CPU
Optimizing NNI: done in 0.0147901 secs using 92.99% CPU
Optimizing NNI: done in 0.0157761 secs using 99.8% CPU
Optimizing NNI: done in 0.00492079 secs using 99.68% CPU
Optimizing NNI: done in 0.00911851 secs using 88.98% CPU
Optimizing NNI: done in 0.0051036 secs using 99.66% CPU
Iteration 420 / LogL: -1215.395 / Time: 0h:2m:44s (0h:0m:2s left)
Optimizing NNI: done in 0.00869378 secs using 88.15% CPU
Optimizing NNI: done in 0.0168842 secs using 99.73% CPU
Optimizing NNI: done in 0.0209427 secs using 99.8% CPU
Optimizing NNI: done in 0.00689465 secs using 99.8% CPU
Optimizing NNI: done in 0.00501865 secs using 99.71% CPU
Optimizing NNI: done in 0.00666939 secs using 99.78% CPU
Optimizing NNI: done in 0.0173196 secs using 93.95% CPU
Optimizing NNI: done in 0.0101081 secs using 89.96% CPU
Optimizing NNI: done in 0.0174531 secs using 99.71% CPU
Optimizing NNI: done in 0.013057 secs using 92.33% CPU
Iteration 430 / LogL: -1215.397 / Time: 0h:2m:45s (0h:0m:1s left)
Optimizing NNI: done in 0.00927615 secs using 99.76% CPU
Optimizing NNI: done in 0.0136029 secs using 99.73% CPU
Optimizing NNI: done in 0.0167937 secs using 81.97% CPU
Optimizing NNI: done in 0.0135937 secs using 99.76% CPU
Optimizing NNI: done in 0.0150761 secs using 86.46% CPU
Optimizing NNI: done in 0.0134827 secs using 99.79% CPU
Optimizing NNI: done in 0.0149467 secs using 99.77% CPU
Optimizing NNI: done in 0.00511692 secs using 99.73% CPU
Optimizing NNI: done in 0.00909891 secs using 99.75% CPU
Optimizing NNI: done in 0.0139743 secs using 92.67% CPU
Iteration 440 / LogL: -1215.397 / Time: 0h:2m:45s (0h:0m:1s left)
Optimizing NNI: done in 0.00959362 secs using 99.79% CPU
Optimizing NNI: done in 0.014742 secs using 99.79% CPU
Optimizing NNI: done in 0.00843739 secs using 99.75% CPU
Optimizing NNI: done in 0.0133967 secs using 99.73% CPU
Optimizing NNI: done in 0.0113364 secs using 99.76% CPU
Optimizing NNI: done in 0.0165549 secs using 93.77% CPU
Optimizing NNI: done in 0.0142465 secs using 99.79% CPU
Optimizing NNI: done in 0.0101739 secs using 99.75% CPU
Optimizing NNI: done in 0.0102 secs using 99.79% CPU
Optimizing NNI: done in 0.00511668 secs using 99.69% CPU
Iteration 450 / LogL: -1215.395 / Time: 0h:2m:45s (0h:0m:1s left)
Log-likelihood cutoff on original alignment: -1242.721
Optimizing NNI: done in 0.00920728 secs using 89.14% CPU
Optimizing NNI: done in 0.0184615 secs using 99.7% CPU
Optimizing NNI: done in 0.00824469 secs using 99.69% CPU
Optimizing NNI: done in 0.0142278 secs using 99.75% CPU
Optimizing NNI: done in 0.00819729 secs using 87.6% CPU
Optimizing NNI: done in 0.0103259 secs using 99.75% CPU
Optimizing NNI: done in 0.0164996 secs using 93.74% CPU
Optimizing NNI: done in 0.0145832 secs using 86.13% CPU
Optimizing NNI: done in 0.0199883 secs using 94.79% CPU
Optimizing NNI: done in 0.0124747 secs using 99.76% CPU
Iteration 460 / LogL: -1215.397 / Time: 0h:2m:46s (0h:0m:1s left)
Optimizing NNI: done in 0.0101599 secs using 99.78% CPU
Optimizing NNI: done in 0.0156851 secs using 93.38% CPU
Optimizing NNI: done in 0.0203476 secs using 99.76% CPU
Optimizing NNI: done in 0.0101941 secs using 99.71% CPU
Optimizing NNI: done in 0.0145529 secs using 92.95% CPU
Optimizing NNI: done in 0.00932591 secs using 89% CPU
Optimizing NNI: done in 0.00498449 secs using 99.65% CPU
Optimizing NNI: done in 0.00982868 secs using 99.73% CPU
Optimizing NNI: done in 0.0157732 secs using 93.51% CPU
Optimizing NNI: done in 0.00998597 secs using 99.77% CPU
Iteration 470 / LogL: -1215.397 / Time: 0h:2m:46s (0h:0m:0s left)
Optimizing NNI: done in 0.00977159 secs using 99.75% CPU
Optimizing NNI: done in 0.00504544 secs using 79.91% CPU
Optimizing NNI: done in 0.00881667 secs using 88.51% CPU
Optimizing NNI: done in 0.0141638 secs using 92.72% CPU
Optimizing NNI: done in 0.00996921 secs using 99.61% CPU
Optimizing NNI: done in 0.015871 secs using 93.52% CPU
Optimizing NNI: done in 0.0144884 secs using 99.7% CPU
Optimizing NNI: done in 0.00860639 secs using 99.53% CPU
Optimizing NNI: done in 0.0176047 secs using 88.43% CPU
Optimizing NNI: done in 0.0170462 secs using 99.75% CPU
Iteration 480 / LogL: -1215.398 / Time: 0h:2m:46s (0h:0m:0s left)
Optimizing NNI: done in 0.00781101 secs using 99.81% CPU
Optimizing NNI: done in 0.00969993 secs using 99.75% CPU
Optimizing NNI: done in 0.0129056 secs using 99.73% CPU
Optimizing NNI: done in 0.0137441 secs using 85.37% CPU
Optimizing NNI: done in 0.0145021 secs using 92.95% CPU
Optimizing NNI: done in 0.00988771 secs using 99.79% CPU
Optimizing NNI: done in 0.00933419 secs using 89.01% CPU
Optimizing NNI: done in 0.0129137 secs using 99.74% CPU
Optimizing NNI: done in 0.0116213 secs using 99.77% CPU
Optimizing NNI: done in 0.0159944 secs using 99.77% CPU
Iteration 490 / LogL: -1215.400 / Time: 0h:2m:47s (0h:0m:0s left)
Optimizing NNI: done in 0.0138308 secs using 92.59% CPU
Optimizing NNI: done in 0.0229887 secs using 86.71% CPU
Optimizing NNI: done in 0.00994111 secs using 99.58% CPU
Optimizing NNI: done in 0.00548507 secs using 99.73% CPU
Optimizing NNI: done in 0.00922668 secs using 88.94% CPU
Optimizing NNI: done in 0.00921714 secs using 88.72% CPU
Optimizing NNI: done in 0.0205368 secs using 75.37% CPU
Optimizing NNI: done in 0.0137914 secs using 92.46% CPU
Optimizing NNI: done in 0.00767568 secs using 99.8% CPU
Optimizing NNI: done in 0.0141977 secs using 92.69% CPU
Iteration 500 / LogL: -1215.397 / Time: 0h:2m:47s (0h:0m:0s left)
Log-likelihood cutoff on original alignment: -1242.721
NOTE: Bootstrap correlation coefficient of split occurrence frequencies: 0.988
NOTE: UFBoot does not converge, continue at least 100 more iterations
Optimizing NNI: done in 0.015048 secs using 93.14% CPU
Optimizing NNI: done in 0.00882266 secs using 99.68% CPU
Optimizing NNI: done in 0.0178566 secs using 88.67% CPU
Optimizing NNI: done in 0.0178708 secs using 88.62% CPU
Optimizing NNI: done in 0.0119713 secs using 83.11% CPU
Optimizing NNI: done in 0.0101863 secs using 99.75% CPU
Optimizing NNI: done in 0.00896165 secs using 99.72% CPU
Optimizing NNI: done in 0.0140624 secs using 92.63% CPU
Optimizing NNI: done in 0.00749613 secs using 99.7% CPU
Optimizing NNI: done in 0.0101466 secs using 99.8% CPU
Iteration 510 / LogL: -1215.395 / Time: 0h:2m:47s (0h:0m:2s left)
Optimizing NNI: done in 0.0172548 secs using 88.3% CPU
Optimizing NNI: done in 0.0141055 secs using 85.7% CPU
Optimizing NNI: done in 0.00778036 secs using 99.49% CPU
Optimizing NNI: done in 0.0114503 secs using 99.79% CPU
Optimizing NNI: done in 0.00471488 secs using 99.68% CPU
Optimizing NNI: done in 0.00684241 secs using 99.66% CPU
Optimizing NNI: done in 0.0132215 secs using 76.96% CPU
Optimizing NNI: done in 0.00517668 secs using 99.39% CPU
Optimizing NNI: done in 0.0198223 secs using 94.73% CPU
Optimizing NNI: done in 0.021513 secs using 95.09% CPU
Iteration 520 / LogL: -1215.397 / Time: 0h:2m:48s (0h:0m:2s left)
Optimizing NNI: done in 0.00929377 secs using 89.29% CPU
Optimizing NNI: done in 0.0178682 secs using 88.63% CPU
Optimizing NNI: done in 0.017952 secs using 83.14% CPU
Optimizing NNI: done in 0.0100031 secs using 89.81% CPU
Optimizing NNI: done in 0.017042 secs using 99.78% CPU
Optimizing NNI: done in 0.0101749 secs using 99.68% CPU
Optimizing NNI: done in 0.00964576 secs using 99.8% CPU
Optimizing NNI: done in 0.0148853 secs using 93.07% CPU
Optimizing NNI: done in 0.0140649 secs using 92.7% CPU
Optimizing NNI: done in 0.0169124 secs using 93.79% CPU
Iteration 530 / LogL: -1215.396 / Time: 0h:2m:48s (0h:0m:1s left)
Optimizing NNI: done in 0.0151394 secs using 93.27% CPU
Optimizing NNI: done in 0.00507878 secs using 99.79% CPU
Optimizing NNI: done in 0.0110059 secs using 81.49% CPU
Optimizing NNI: done in 0.016026 secs using 99.76% CPU
Optimizing NNI: done in 0.0120261 secs using 91.21% CPU
Optimizing NNI: done in 0.0139241 secs using 99.71% CPU
Optimizing NNI: done in 0.0175216 secs using 94.06% CPU
Optimizing NNI: done in 0.0102407 secs using 99.72% CPU
Optimizing NNI: done in 0.0102229 secs using 90.15% CPU
Optimizing NNI: done in 0.00678089 secs using 85.05% CPU
Iteration 540 / LogL: -1215.395 / Time: 0h:2m:49s (0h:0m:1s left)
Optimizing NNI: done in 0.00951853 secs using 99.67% CPU
Optimizing NNI: done in 0.010005 secs using 99.71% CPU
Optimizing NNI: done in 0.0116467 secs using 82.72% CPU
Optimizing NNI: done in 0.0175117 secs using 94% CPU
Optimizing NNI: done in 0.00957378 secs using 99.71% CPU
Optimizing NNI: done in 0.0209775 secs using 95.03% CPU
Optimizing NNI: done in 0.0168927 secs using 88.07% CPU
Optimizing NNI: done in 0.0103924 secs using 90.26% CPU
Optimizing NNI: done in 0.0101022 secs using 89.86% CPU
Optimizing NNI: done in 0.0125879 secs using 91.64% CPU
Iteration 550 / LogL: -1222.367 / Time: 0h:2m:49s (0h:0m:1s left)
Log-likelihood cutoff on original alignment: -1243.126
Optimizing NNI: done in 0.0104799 secs using 90.08% CPU
Optimizing NNI: done in 0.0155946 secs using 99.69% CPU
Optimizing NNI: done in 0.00839002 secs using 99.59% CPU
Optimizing NNI: done in 0.0101176 secs using 99.87% CPU
Optimizing NNI: done in 0.0101524 secs using 99.7% CPU
Optimizing NNI: done in 0.0129814 secs using 99.71% CPU
Optimizing NNI: done in 0.0225916 secs using 99.67% CPU
Optimizing NNI: done in 0.0102638 secs using 99.65% CPU
Optimizing NNI: done in 0.0142227 secs using 85.86% CPU
Optimizing NNI: done in 0.0144769 secs using 99.66% CPU
Iteration 560 / LogL: -1215.399 / Time: 0h:2m:49s (0h:0m:1s left)
Optimizing NNI: done in 0.00986318 secs using 89.4% CPU
Optimizing NNI: done in 0.0160086 secs using 99.64% CPU
Optimizing NNI: done in 0.0177702 secs using 99.77% CPU
Optimizing NNI: done in 0.0161287 secs using 87.25% CPU
Optimizing NNI: done in 0.0051198 secs using 99.71% CPU
Optimizing NNI: done in 0.00491735 secs using 99.67% CPU
Optimizing NNI: done in 0.00546141 secs using 81.85% CPU
Optimizing NNI: done in 0.00813073 secs using 99.71% CPU
Optimizing NNI: done in 0.0126487 secs using 83.92% CPU
Optimizing NNI: done in 0.0208542 secs using 90.28% CPU
Iteration 570 / LogL: -1215.400 / Time: 0h:2m:50s (0h:0m:0s left)
Optimizing NNI: done in 0.00774813 secs using 86.98% CPU
Optimizing NNI: done in 0.0051566 secs using 99.62% CPU
Optimizing NNI: done in 0.0127001 secs using 83.95% CPU
Optimizing NNI: done in 0.00989631 secs using 99.78% CPU
Optimizing NNI: done in 0.00526375 secs using 99.55% CPU
Optimizing NNI: done in 0.012995 secs using 84.02% CPU
Optimizing NNI: done in 0.0155312 secs using 93.42% CPU
Optimizing NNI: done in 0.00980706 secs using 79.39% CPU
Optimizing NNI: done in 0.00994709 secs using 89.59% CPU
Optimizing NNI: done in 0.0052758 secs using 99.64% CPU
Iteration 580 / LogL: -1215.396 / Time: 0h:2m:50s (0h:0m:0s left)
Optimizing NNI: done in 0.00989481 secs using 99.71% CPU
Optimizing NNI: done in 0.00991497 secs using 99.71% CPU
Optimizing NNI: done in 0.0162531 secs using 93.69% CPU
Optimizing NNI: done in 0.00508801 secs using 99.65% CPU
Optimizing NNI: done in 0.0165991 secs using 99.73% CPU
Optimizing NNI: done in 0.0104085 secs using 90.27% CPU
Optimizing NNI: done in 0.00397398 secs using 99.75% CPU
Optimizing NNI: done in 0.00921084 secs using 99.8% CPU
Optimizing NNI: done in 0.0101106 secs using 99.77% CPU
Optimizing NNI: done in 0.00519968 secs using 99.56% CPU
Iteration 590 / LogL: -1215.395 / Time: 0h:2m:50s (0h:0m:0s left)
Optimizing NNI: done in 0.00683975 secs using 99.65% CPU
Optimizing NNI: done in 0.0133657 secs using 84.64% CPU
Optimizing NNI: done in 0.00426144 secs using 99.59% CPU
Optimizing NNI: done in 0.0146499 secs using 99.74% CPU
Optimizing NNI: done in 0.0118672 secs using 91.53% CPU
Optimizing NNI: done in 0.00909276 secs using 88.72% CPU
Optimizing NNI: done in 0.00963446 secs using 89.67% CPU
Optimizing NNI: done in 0.00999871 secs using 99.79% CPU
Optimizing NNI: done in 0.00794579 secs using 87.18% CPU
Optimizing NNI: done in 0.0140519 secs using 78.55% CPU
Iteration 600 / LogL: -1215.396 / Time: 0h:2m:51s (0h:0m:0s left)
Log-likelihood cutoff on original alignment: -1243.126
NOTE: Bootstrap correlation coefficient of split occurrence frequencies: 0.979
NOTE: UFBoot does not converge, continue at least 100 more iterations
Optimizing NNI: done in 0.00846814 secs using 99.6% CPU
Optimizing NNI: done in 0.0223141 secs using 86.39% CPU
Optimizing NNI: done in 0.0187464 secs using 99.62% CPU
Optimizing NNI: done in 0.0101301 secs using 99.75% CPU
Optimizing NNI: done in 0.018786 secs using 89.1% CPU
Optimizing NNI: done in 0.0089676 secs using 99.61% CPU
Optimizing NNI: done in 0.0142152 secs using 99.72% CPU
Optimizing NNI: done in 0.00832146 secs using 99.56% CPU
Optimizing NNI: done in 0.00987533 secs using 89.78% CPU
Optimizing NNI: done in 0.0148836 secs using 86.2% CPU
Iteration 610 / LogL: -1215.397 / Time: 0h:2m:51s (0h:0m:2s left)
Optimizing NNI: done in 0.00967114 secs using 99.72% CPU
Optimizing NNI: done in 0.0122881 secs using 99.74% CPU
Optimizing NNI: done in 0.0182605 secs using 88.85% CPU
Optimizing NNI: done in 0.0098322 secs using 89.59% CPU
Optimizing NNI: done in 0.010166 secs using 99.75% CPU
Optimizing NNI: done in 0.019185 secs using 99.67% CPU
Optimizing NNI: done in 0.0170934 secs using 99.76% CPU
Optimizing NNI: done in 0.0174725 secs using 94.02% CPU
Optimizing NNI: done in 0.0113885 secs using 82.48% CPU
Optimizing NNI: done in 0.00678502 secs using 99.68% CPU
Iteration 620 / LogL: -1215.395 / Time: 0h:2m:51s (0h:0m:2s left)
Optimizing NNI: done in 0.00503884 secs using 79.8% CPU
Optimizing NNI: done in 0.00947603 secs using 99.66% CPU
Optimizing NNI: done in 0.010453 secs using 99.7% CPU
Optimizing NNI: done in 0.0049648 secs using 99.64% CPU
Optimizing NNI: done in 0.0102133 secs using 80.38% CPU
Optimizing NNI: done in 0.0143544 secs using 92.37% CPU
Optimizing NNI: done in 0.0172625 secs using 93.98% CPU
Optimizing NNI: done in 0.010125 secs using 99.7% CPU
Optimizing NNI: done in 0.013542 secs using 77.5% CPU
Optimizing NNI: done in 0.0169904 secs using 87.85% CPU
Iteration 630 / LogL: -1215.396 / Time: 0h:2m:52s (0h:0m:2s left)
Optimizing NNI: done in 0.0202237 secs using 94.85% CPU
Optimizing NNI: done in 0.00983107 secs using 99.46% CPU
Optimizing NNI: done in 0.0116722 secs using 82.43% CPU
Optimizing NNI: done in 0.0176395 secs using 94.14% CPU
Optimizing NNI: done in 0.0131827 secs using 99.71% CPU
Optimizing NNI: done in 0.0100886 secs using 99.7% CPU
Optimizing NNI: done in 0.00997805 secs using 89.73% CPU
Optimizing NNI: done in 0.0135548 secs using 92.43% CPU
Optimizing NNI: done in 0.0114221 secs using 82.16% CPU
Optimizing NNI: done in 0.00833474 secs using 87.74% CPU
Iteration 640 / LogL: -1215.395 / Time: 0h:2m:52s (0h:0m:1s left)
Optimizing NNI: done in 0.0152121 secs using 99.75% CPU
Optimizing NNI: done in 0.011776 secs using 99.69% CPU
Optimizing NNI: done in 0.0205103 secs using 99.69% CPU
Optimizing NNI: done in 0.010136 secs using 89.94% CPU
Optimizing NNI: done in 0.0102259 secs using 99.66% CPU
Optimizing NNI: done in 0.012229 secs using 83.66% CPU
Optimizing NNI: done in 0.00986262 secs using 99.58% CPU
Optimizing NNI: done in 0.0134267 secs using 99.59% CPU
Optimizing NNI: done in 0.010245 secs using 90.01% CPU
Optimizing NNI: done in 0.00911985 secs using 99.75% CPU
Iteration 650 / LogL: -1215.398 / Time: 0h:2m:53s (0h:0m:1s left)
Log-likelihood cutoff on original alignment: -1243.126
Optimizing NNI: done in 0.0175328 secs using 88.33% CPU
Optimizing NNI: done in 0.00508676 secs using 99.67% CPU
Optimizing NNI: done in 0.00504897 secs using 99.64% CPU
Optimizing NNI: done in 0.00514109 secs using 99.65% CPU
Optimizing NNI: done in 0.0135383 secs using 84.68% CPU
Optimizing NNI: done in 0.0167749 secs using 87.83% CPU
Optimizing NNI: done in 0.0105107 secs using 71.2% CPU
Optimizing NNI: done in 0.0100477 secs using 89.84% CPU
Optimizing NNI: done in 0.0218052 secs using 90.57% CPU
Optimizing NNI: done in 0.0169503 secs using 87.93% CPU
Iteration 660 / LogL: -1215.399 / Time: 0h:2m:53s (0h:0m:1s left)
Optimizing NNI: done in 0.0101343 secs using 99.77% CPU
Optimizing NNI: done in 0.00959147 secs using 89.32% CPU
Optimizing NNI: done in 0.0126714 secs using 99.7% CPU
Optimizing NNI: done in 0.00927182 secs using 89.18% CPU
Optimizing NNI: done in 0.0126626 secs using 84.1% CPU
Optimizing NNI: done in 0.00971096 secs using 99.65% CPU
Optimizing NNI: done in 0.00475263 secs using 79.11% CPU
Optimizing NNI: done in 0.0202434 secs using 94.79% CPU
Optimizing NNI: done in 0.0146602 secs using 99.71% CPU
Optimizing NNI: done in 0.016074 secs using 99.79% CPU
Iteration 670 / LogL: -1215.399 / Time: 0h:2m:53s (0h:0m:0s left)
Optimizing NNI: done in 0.0142516 secs using 92.79% CPU
Optimizing NNI: done in 0.00804118 secs using 99.72% CPU
Optimizing NNI: done in 0.00472819 secs using 78.72% CPU
Optimizing NNI: done in 0.018158 secs using 83.35% CPU
Optimizing NNI: done in 0.0135721 secs using 92.35% CPU
Optimizing NNI: done in 0.012804 secs using 99.82% CPU
Optimizing NNI: done in 0.016846 secs using 99.72% CPU
Optimizing NNI: done in 0.0109072 secs using 99.68% CPU
Optimizing NNI: done in 0.0169252 secs using 99.72% CPU
Optimizing NNI: done in 0.0160984 secs using 87.51% CPU
Iteration 680 / LogL: -1215.398 / Time: 0h:2m:54s (0h:0m:0s left)
Optimizing NNI: done in 0.0127708 secs using 91.99% CPU
Optimizing NNI: done in 0.00952471 secs using 99.74% CPU
Optimizing NNI: done in 0.00965354 secs using 89.26% CPU
Optimizing NNI: done in 0.015634 secs using 99.75% CPU
Optimizing NNI: done in 0.010691 secs using 90.28% CPU
Optimizing NNI: done in 0.0112936 secs using 90.8% CPU
Optimizing NNI: done in 0.0137253 secs using 99.73% CPU
Optimizing NNI: done in 0.0147121 secs using 92.97% CPU
Optimizing NNI: done in 0.0127883 secs using 91.96% CPU
Optimizing NNI: done in 0.0094154 secs using 89.07% CPU
Iteration 690 / LogL: -1215.395 / Time: 0h:2m:54s (0h:0m:0s left)
Optimizing NNI: done in 0.00834667 secs using 99.73% CPU
Optimizing NNI: done in 0.0137559 secs using 99.7% CPU
Optimizing NNI: done in 0.00495669 secs using 99.62% CPU
Optimizing NNI: done in 0.0066561 secs using 99.65% CPU
Optimizing NNI: done in 0.0158816 secs using 93.45% CPU
Optimizing NNI: done in 0.00508658 secs using 80.35% CPU
Optimizing NNI: done in 0.0137721 secs using 92.33% CPU
Optimizing NNI: done in 0.0125028 secs using 99.77% CPU
Optimizing NNI: done in 0.0100066 secs using 99.73% CPU
Optimizing NNI: done in 0.0140263 secs using 99.74% CPU
Iteration 700 / LogL: -1215.398 / Time: 0h:2m:55s (0h:0m:0s left)
Log-likelihood cutoff on original alignment: -1243.126
NOTE: Bootstrap correlation coefficient of split occurrence frequencies: 0.968
NOTE: UFBoot does not converge, continue at least 100 more iterations
Optimizing NNI: done in 0.00979906 secs using 99.7% CPU
Optimizing NNI: done in 0.00885368 secs using 99.73% CPU
Optimizing NNI: done in 0.00795626 secs using 99.7% CPU
Optimizing NNI: done in 0.0155872 secs using 87.04% CPU
Optimizing NNI: done in 0.0136402 secs using 92.31% CPU
Optimizing NNI: done in 0.00996929 secs using 89.63% CPU
Optimizing NNI: done in 0.0181277 secs using 99.73% CPU
Optimizing NNI: done in 0.0180194 secs using 88.47% CPU
Optimizing NNI: done in 0.00907931 secs using 88.83% CPU
Optimizing NNI: done in 0.00999576 secs using 99.78% CPU
Iteration 710 / LogL: -1222.333 / Time: 0h:2m:55s (0h:0m:2s left)
Optimizing NNI: done in 0.010212 secs using 90.13% CPU
Optimizing NNI: done in 0.0132064 secs using 92.11% CPU
Optimizing NNI: done in 0.020092 secs using 94.82% CPU
Optimizing NNI: done in 0.00930868 secs using 99.71% CPU
Optimizing NNI: done in 0.00798274 secs using 99.7% CPU
Optimizing NNI: done in 0.0214202 secs using 90.29% CPU
Optimizing NNI: done in 0.0100634 secs using 99.67% CPU
Optimizing NNI: done in 0.0173566 secs using 99.77% CPU
Optimizing NNI: done in 0.00958332 secs using 99.71% CPU
Optimizing NNI: done in 0.0100156 secs using 99.73% CPU
Iteration 720 / LogL: -1215.395 / Time: 0h:2m:56s (0h:0m:2s left)
Optimizing NNI: done in 0.0165033 secs using 87.76% CPU
Optimizing NNI: done in 0.0159583 secs using 93.44% CPU
Optimizing NNI: done in 0.0137334 secs using 92.64% CPU
Optimizing NNI: done in 0.0111987 secs using 90.81% CPU
Optimizing NNI: done in 0.0101729 secs using 99.74% CPU
Optimizing NNI: done in 0.00969249 secs using 89.57% CPU
Optimizing NNI: done in 0.0184605 secs using 94.26% CPU
Optimizing NNI: done in 0.00976251 secs using 99.79% CPU
Optimizing NNI: done in 0.0137079 secs using 92.28% CPU
Optimizing NNI: done in 0.0100968 secs using 89.93% CPU
Iteration 730 / LogL: -1215.396 / Time: 0h:2m:56s (0h:0m:2s left)
Optimizing NNI: done in 0.0100616 secs using 99.46% CPU
Optimizing NNI: done in 0.0101159 secs using 99.73% CPU
Optimizing NNI: done in 0.00977127 secs using 79.05% CPU
Optimizing NNI: done in 0.00984595 secs using 89.57% CPU
Optimizing NNI: done in 0.0102913 secs using 90.01% CPU
Optimizing NNI: done in 0.0117278 secs using 99.74% CPU
Optimizing NNI: done in 0.0100516 secs using 89.57% CPU
Optimizing NNI: done in 0.0101271 secs using 99.77% CPU
Optimizing NNI: done in 0.00890913 secs using 88.56% CPU
Optimizing NNI: done in 0.0217645 secs using 90.48% CPU
Iteration 740 / LogL: -1215.399 / Time: 0h:2m:56s (0h:0m:1s left)
Optimizing NNI: done in 0.0133175 secs using 76.97% CPU
Optimizing NNI: done in 0.0241446 secs using 91.51% CPU
Optimizing NNI: done in 0.00833521 secs using 99.78% CPU
Optimizing NNI: done in 0.0104069 secs using 99.7% CPU
Optimizing NNI: done in 0.00830291 secs using 87.79% CPU
Optimizing NNI: done in 0.017964 secs using 99.78% CPU
Optimizing NNI: done in 0.0199596 secs using 99.68% CPU
Optimizing NNI: done in 0.0142456 secs using 99.69% CPU
Optimizing NNI: done in 0.0103432 secs using 90.06% CPU
Optimizing NNI: done in 0.0108897 secs using 90.55% CPU
Iteration 750 / LogL: -1215.398 / Time: 0h:2m:57s (0h:0m:1s left)
Log-likelihood cutoff on original alignment: -1243.126
Optimizing NNI: done in 0.0121001 secs using 91.61% CPU
Optimizing NNI: done in 0.0140525 secs using 99.67% CPU
Optimizing NNI: done in 0.0172751 secs using 94.06% CPU
Optimizing NNI: done in 0.0154867 secs using 86.97% CPU
Optimizing NNI: done in 0.014072 secs using 99.62% CPU
Optimizing NNI: done in 0.0131475 secs using 92.12% CPU
Optimizing NNI: done in 0.00966346 secs using 99.62% CPU
Optimizing NNI: done in 0.0120583 secs using 91.53% CPU
Optimizing NNI: done in 0.00970938 secs using 99.77% CPU
Optimizing NNI: done in 0.00986005 secs using 79.71% CPU
Iteration 760 / LogL: -1215.395 / Time: 0h:2m:57s (0h:0m:1s left)
Optimizing NNI: done in 0.00663372 secs using 84.79% CPU
Optimizing NNI: done in 0.00840629 secs using 99.62% CPU
Optimizing NNI: done in 0.0146789 secs using 99.58% CPU
Optimizing NNI: done in 0.0173403 secs using 93.97% CPU
Optimizing NNI: done in 0.0146697 secs using 92.81% CPU
Optimizing NNI: done in 0.0048076 secs using 79.37% CPU
Optimizing NNI: done in 0.0148273 secs using 99.74% CPU
Optimizing NNI: done in 0.0258139 secs using 88.15% CPU
Optimizing NNI: done in 0.0111181 secs using 72.77% CPU
Optimizing NNI: done in 0.0158623 secs using 93.42% CPU
Iteration 770 / LogL: -1215.398 / Time: 0h:2m:58s (0h:0m:0s left)
Optimizing NNI: done in 0.00988164 secs using 99.73% CPU
Optimizing NNI: done in 0.0164315 secs using 93.7% CPU
Optimizing NNI: done in 0.0182834 secs using 94.25% CPU
Optimizing NNI: done in 0.0124795 secs using 91.83% CPU
Optimizing NNI: done in 0.00951865 secs using 99.69% CPU
Optimizing NNI: done in 0.0170056 secs using 93.92% CPU
Optimizing NNI: done in 0.0196906 secs using 94.72% CPU
Optimizing NNI: done in 0.0137615 secs using 99.76% CPU
Optimizing NNI: done in 0.0153156 secs using 80.17% CPU
Optimizing NNI: done in 0.00948421 secs using 99.74% CPU
Iteration 780 / LogL: -1215.397 / Time: 0h:2m:58s (0h:0m:0s left)
Optimizing NNI: done in 0.0161689 secs using 87.43% CPU
Optimizing NNI: done in 0.00497658 secs using 99.65% CPU
Optimizing NNI: done in 0.0222426 secs using 99.75% CPU
Optimizing NNI: done in 0.0122256 secs using 99.8% CPU
Optimizing NNI: done in 0.00982785 secs using 69.21% CPU
Optimizing NNI: done in 0.00675023 secs using 99.33% CPU
Optimizing NNI: done in 0.00869748 secs using 88.27% CPU
Optimizing NNI: done in 0.00478653 secs using 99.65% CPU
Optimizing NNI: done in 0.0101546 secs using 99.72% CPU
Optimizing NNI: done in 0.0142393 secs using 99.72% CPU
Iteration 790 / LogL: -1215.397 / Time: 0h:2m:59s (0h:0m:0s left)
Optimizing NNI: done in 0.00998613 secs using 89.75% CPU
Optimizing NNI: done in 0.00666117 secs using 99.65% CPU
Optimizing NNI: done in 0.00481337 secs using 99.56% CPU
Optimizing NNI: done in 0.0155356 secs using 86.82% CPU
Optimizing NNI: done in 0.00920935 secs using 89.07% CPU
Optimizing NNI: done in 0.00371934 secs using 99.7% CPU
Optimizing NNI: done in 0.0204624 secs using 75.37% CPU
Optimizing NNI: done in 0.00986628 secs using 99.75% CPU
Optimizing NNI: done in 0.0139434 secs using 78.28% CPU
Optimizing NNI: done in 0.0124447 secs using 99.76% CPU
Iteration 800 / LogL: -1215.398 / Time: 0h:2m:59s (0h:0m:0s left)
Log-likelihood cutoff on original alignment: -1243.126
NOTE: Bootstrap correlation coefficient of split occurrence frequencies: 0.975
NOTE: UFBoot does not converge, continue at least 100 more iterations
Optimizing NNI: done in 0.0125643 secs using 91.7% CPU
Optimizing NNI: done in 0.0096424 secs using 78.87% CPU
Optimizing NNI: done in 0.0186127 secs using 78.19% CPU
Optimizing NNI: done in 0.0109124 secs using 99.74% CPU
Optimizing NNI: done in 0.0151543 secs using 99.69% CPU
Optimizing NNI: done in 0.00510731 secs using 99.72% CPU
Optimizing NNI: done in 0.0142501 secs using 92.67% CPU
Optimizing NNI: done in 0.00865892 secs using 76.72% CPU
Optimizing NNI: done in 0.0143382 secs using 99.75% CPU
Optimizing NNI: done in 0.00993653 secs using 99.69% CPU
Iteration 810 / LogL: -1215.396 / Time: 0h:2m:59s (0h:0m:2s left)
Optimizing NNI: done in 0.0103428 secs using 99.8% CPU
Optimizing NNI: done in 0.0148595 secs using 86.27% CPU
Optimizing NNI: done in 0.0154481 secs using 93.29% CPU
Optimizing NNI: done in 0.0230386 secs using 99.62% CPU
Optimizing NNI: done in 0.0100723 secs using 99.75% CPU
Optimizing NNI: done in 0.0126273 secs using 99.78% CPU
Optimizing NNI: done in 0.0254818 secs using 99.78% CPU
Optimizing NNI: done in 0.0171298 secs using 94.11% CPU
Optimizing NNI: done in 0.0150337 secs using 93.05% CPU
Optimizing NNI: done in 0.00972866 secs using 99.61% CPU
Iteration 820 / LogL: -1222.332 / Time: 0h:3m:0s (0h:0m:2s left)
Optimizing NNI: done in 0.0102936 secs using 99.74% CPU
Optimizing NNI: done in 0.00859408 secs using 88.28% CPU
Optimizing NNI: done in 0.0125448 secs using 91.87% CPU
Optimizing NNI: done in 0.00836215 secs using 99.59% CPU
Optimizing NNI: done in 0.0049214 secs using 80% CPU
Optimizing NNI: done in 0.00967041 secs using 99.73% CPU
Optimizing NNI: done in 0.0101822 secs using 89.92% CPU
Optimizing NNI: done in 0.013266 secs using 99.8% CPU
Optimizing NNI: done in 0.0144236 secs using 92.92% CPU
Optimizing NNI: done in 0.0045511 secs using 99.36% CPU
Iteration 830 / LogL: -1245.038 / Time: 0h:3m:0s (0h:0m:2s left)
Optimizing NNI: done in 0.0110779 secs using 99.54% CPU
Optimizing NNI: done in 0.0102576 secs using 99.8% CPU
Optimizing NNI: done in 0.00782143 secs using 87.06% CPU
Optimizing NNI: done in 0.0103447 secs using 99.76% CPU
Optimizing NNI: done in 0.00996292 secs using 89.73% CPU
Optimizing NNI: done in 0.0127327 secs using 99.63% CPU
Optimizing NNI: done in 0.00861591 secs using 99.68% CPU
Optimizing NNI: done in 0.0130536 secs using 99.74% CPU
Optimizing NNI: done in 0.0208464 secs using 90.29% CPU
Optimizing NNI: done in 0.0128264 secs using 84.2% CPU
Iteration 840 / LogL: -1215.396 / Time: 0h:3m:1s (0h:0m:1s left)
Optimizing NNI: done in 0.0156021 secs using 93.3% CPU
Optimizing NNI: done in 0.0164608 secs using 75.48% CPU
Optimizing NNI: done in 0.00703284 secs using 85.64% CPU
Optimizing NNI: done in 0.00499253 secs using 99.61% CPU
Optimizing NNI: done in 0.00990272 secs using 89.68% CPU
Optimizing NNI: done in 0.0105172 secs using 80.89% CPU
Optimizing NNI: done in 0.0137353 secs using 99.65% CPU
Optimizing NNI: done in 0.0103248 secs using 99.79% CPU
Optimizing NNI: done in 0.0180172 secs using 88.86% CPU
Optimizing NNI: done in 0.0052197 secs using 99.58% CPU
Iteration 850 / LogL: -1215.395 / Time: 0h:3m:1s (0h:0m:1s left)
Log-likelihood cutoff on original alignment: -1243.126
Optimizing NNI: done in 0.00985353 secs using 99.76% CPU
Optimizing NNI: done in 0.00507332 secs using 99.64% CPU
Optimizing NNI: done in 0.00938467 secs using 99.73% CPU
Optimizing NNI: done in 0.0127879 secs using 84.36% CPU
Optimizing NNI: done in 0.010161 secs using 80.13% CPU
Optimizing NNI: done in 0.00508931 secs using 99.64% CPU
Optimizing NNI: done in 0.00453017 secs using 99.69% CPU
Optimizing NNI: done in 0.00496203 secs using 99.64% CPU
Optimizing NNI: done in 0.00770042 secs using 86.84% CPU
Optimizing NNI: done in 0.0124054 secs using 75.6% CPU
Iteration 860 / LogL: -1222.334 / Time: 0h:3m:2s (0h:0m:1s left)
Optimizing NNI: done in 0.0176045 secs using 99.67% CPU
Optimizing NNI: done in 0.0149794 secs using 92.97% CPU
Optimizing NNI: done in 0.00866459 secs using 99.7% CPU
Optimizing NNI: done in 0.017273 secs using 94.01% CPU
Optimizing NNI: done in 0.0126602 secs using 99.69% CPU
Optimizing NNI: done in 0.00948799 secs using 99.7% CPU
Optimizing NNI: done in 0.0161958 secs using 93.53% CPU
Optimizing NNI: done in 0.00507727 secs using 99.68% CPU
Optimizing NNI: done in 0.0134431 secs using 92.19% CPU
Optimizing NNI: done in 0.00842668 secs using 88.07% CPU
Iteration 870 / LogL: -1215.398 / Time: 0h:3m:2s (0h:0m:0s left)
Optimizing NNI: done in 0.013684 secs using 92.47% CPU
Optimizing NNI: done in 0.0174128 secs using 94.13% CPU
Optimizing NNI: done in 0.0101139 secs using 99.69% CPU
Optimizing NNI: done in 0.00945698 secs using 99.71% CPU
Optimizing NNI: done in 0.0176117 secs using 94.1% CPU
Optimizing NNI: done in 0.0153309 secs using 86.74% CPU
Optimizing NNI: done in 0.00789935 secs using 99.62% CPU
Optimizing NNI: done in 0.0143052 secs using 99.8% CPU
Optimizing NNI: done in 0.0122694 secs using 91.63% CPU
Optimizing NNI: done in 0.0212788 secs using 95.11% CPU
Iteration 880 / LogL: -1215.398 / Time: 0h:3m:3s (0h:0m:0s left)
Optimizing NNI: done in 0.00670161 secs using 99.38% CPU
Optimizing NNI: done in 0.0160359 secs using 93.56% CPU
Optimizing NNI: done in 0.0100989 secs using 99.72% CPU
Optimizing NNI: done in 0.015148 secs using 93.08% CPU
Optimizing NNI: done in 0.00431122 secs using 99.79% CPU
Optimizing NNI: done in 0.0142424 secs using 92.79% CPU
Optimizing NNI: done in 0.0195413 secs using 99.77% CPU
Optimizing NNI: done in 0.0139754 secs using 92.76% CPU
Optimizing NNI: done in 0.017171 secs using 88.15% CPU
Optimizing NNI: done in 0.0214573 secs using 95.1% CPU
Iteration 890 / LogL: -1215.400 / Time: 0h:3m:3s (0h:0m:0s left)
Optimizing NNI: done in 0.0100177 secs using 80.13% CPU
Optimizing NNI: done in 0.00999772 secs using 99.7% CPU
Optimizing NNI: done in 0.0222208 secs using 99.72% CPU
Optimizing NNI: done in 0.019602 secs using 89.64% CPU
Optimizing NNI: done in 0.00478979 secs using 99.61% CPU
Optimizing NNI: done in 0.0182965 secs using 83.45% CPU
Optimizing NNI: done in 0.0101299 secs using 99.76% CPU
Optimizing NNI: done in 0.00981954 secs using 99.68% CPU
Optimizing NNI: done in 0.0091102 secs using 99.66% CPU
Optimizing NNI: done in 0.0165604 secs using 99.58% CPU
Iteration 900 / LogL: -1215.397 / Time: 0h:3m:3s (0h:0m:0s left)
Log-likelihood cutoff on original alignment: -1243.126
NOTE: Bootstrap correlation coefficient of split occurrence frequencies: 0.970
NOTE: UFBoot does not converge, continue at least 100 more iterations
Optimizing NNI: done in 0.0141024 secs using 92.67% CPU
Optimizing NNI: done in 0.0139556 secs using 85.45% CPU
Optimizing NNI: done in 0.00991931 secs using 99.7% CPU
Optimizing NNI: done in 0.00990931 secs using 89.48% CPU
Optimizing NNI: done in 0.00485789 secs using 99.67% CPU
Optimizing NNI: done in 0.00968775 secs using 99.7% CPU
Optimizing NNI: done in 0.0171323 secs using 76.43% CPU
Optimizing NNI: done in 0.0172194 secs using 93.99% CPU
Optimizing NNI: done in 0.0176731 secs using 82.88% CPU
Optimizing NNI: done in 0.0174046 secs using 94% CPU
Iteration 910 / LogL: -1215.397 / Time: 0h:3m:4s (0h:0m:3s left)
Optimizing NNI: done in 0.0124106 secs using 91.74% CPU
Optimizing NNI: done in 0.00500909 secs using 99.68% CPU
Optimizing NNI: done in 0.00690814 secs using 99.59% CPU
Optimizing NNI: done in 0.00954735 secs using 99.79% CPU
Optimizing NNI: done in 0.0126651 secs using 91.91% CPU
Optimizing NNI: done in 0.0141866 secs using 99.68% CPU
Optimizing NNI: done in 0.00645036 secs using 99.73% CPU
Optimizing NNI: done in 0.0134264 secs using 99.83% CPU
Optimizing NNI: done in 0.00722786 secs using 99.71% CPU
Optimizing NNI: done in 0.00961831 secs using 99.73% CPU
Iteration 920 / LogL: -1215.396 / Time: 0h:3m:4s (0h:0m:2s left)
Optimizing NNI: done in 0.0149958 secs using 99.78% CPU
Optimizing NNI: done in 0.00989344 secs using 89.37% CPU
Optimizing NNI: done in 0.00922648 secs using 78.06% CPU
Optimizing NNI: done in 0.0200164 secs using 99.75% CPU
Optimizing NNI: done in 0.00501754 secs using 80% CPU
Optimizing NNI: done in 0.00618666 secs using 99.63% CPU
Optimizing NNI: done in 0.00940524 secs using 99.78% CPU
Optimizing NNI: done in 0.00860275 secs using 76.59% CPU
Optimizing NNI: done in 0.0120452 secs using 91.52% CPU
Optimizing NNI: done in 0.0154421 secs using 86.94% CPU
Iteration 930 / LogL: -1215.396 / Time: 0h:3m:5s (0h:0m:2s left)
Optimizing NNI: done in 0.0187037 secs using 99.77% CPU
Optimizing NNI: done in 0.0130581 secs using 92.3% CPU
Optimizing NNI: done in 0.00954154 secs using 99.75% CPU
Optimizing NNI: done in 0.0127189 secs using 91.7% CPU
Optimizing NNI: done in 0.00842508 secs using 88.02% CPU
Optimizing NNI: done in 0.00939312 secs using 89.14% CPU
Optimizing NNI: done in 0.020683 secs using 85.24% CPU
Optimizing NNI: done in 0.0161345 secs using 99.71% CPU
Optimizing NNI: done in 0.0182287 secs using 83.25% CPU
Optimizing NNI: done in 0.0128248 secs using 91.93% CPU
Iteration 940 / LogL: -1215.396 / Time: 0h:3m:5s (0h:0m:2s left)
Optimizing NNI: done in 0.0141976 secs using 92.66% CPU
Optimizing NNI: done in 0.00973954 secs using 89.23% CPU
Optimizing NNI: done in 0.0096301 secs using 99.65% CPU
Optimizing NNI: done in 0.0180612 secs using 99.74% CPU
Optimizing NNI: done in 0.00877088 secs using 88.37% CPU
Optimizing NNI: done in 0.00822144 secs using 99.64% CPU
Optimizing NNI: done in 0.010075 secs using 89.81% CPU
Optimizing NNI: done in 0.012877 secs using 91.95% CPU
Optimizing NNI: done in 0.0227394 secs using 90.96% CPU
Optimizing NNI: done in 0.0242889 secs using 87.41% CPU
Iteration 950 / LogL: -1215.400 / Time: 0h:3m:6s (0h:0m:1s left)
Log-likelihood cutoff on original alignment: -1243.126
Optimizing NNI: done in 0.00659286 secs using 68.97% CPU
Optimizing NNI: done in 0.0173431 secs using 99.74% CPU
Optimizing NNI: done in 0.00487635 secs using 99.73% CPU
Optimizing NNI: done in 0.0215489 secs using 90.51% CPU
Optimizing NNI: done in 0.012321 secs using 99.56% CPU
Optimizing NNI: done in 0.00996161 secs using 99.78% CPU
Optimizing NNI: done in 0.0165656 secs using 93.77% CPU
Optimizing NNI: done in 0.00948251 secs using 99.71% CPU
Optimizing NNI: done in 0.00942216 secs using 99.68% CPU
Optimizing NNI: done in 0.00918625 secs using 99.73% CPU
Iteration 960 / LogL: -1215.397 / Time: 0h:3m:6s (0h:0m:1s left)
Optimizing NNI: done in 0.0137203 secs using 92.48% CPU
Optimizing NNI: done in 0.00678218 secs using 99.66% CPU
Optimizing NNI: done in 0.0169293 secs using 87.97% CPU
Optimizing NNI: done in 0.0213161 secs using 94.95% CPU
Optimizing NNI: done in 0.00503724 secs using 99.7% CPU
Optimizing NNI: done in 0.0129713 secs using 99.81% CPU
Optimizing NNI: done in 0.0157373 secs using 93.44% CPU
Optimizing NNI: done in 0.00950195 secs using 99.7% CPU
Optimizing NNI: done in 0.00912121 secs using 99.76% CPU
Optimizing NNI: done in 0.0179479 secs using 94.22% CPU
Iteration 970 / LogL: -1215.398 / Time: 0h:3m:7s (0h:0m:1s left)
Optimizing NNI: done in 0.00533872 secs using 99.69% CPU
Optimizing NNI: done in 0.0143575 secs using 85.62% CPU
Optimizing NNI: done in 0.0138115 secs using 92.68% CPU
Optimizing NNI: done in 0.00782325 secs using 86.81% CPU
Optimizing NNI: done in 0.0131505 secs using 92.14% CPU
Optimizing NNI: done in 0.00491828 secs using 79.34% CPU
Optimizing NNI: done in 0.00966942 secs using 79.13% CPU
Optimizing NNI: done in 0.0100696 secs using 89.78% CPU
Optimizing NNI: done in 0.0123885 secs using 91.85% CPU
Optimizing NNI: done in 0.0176476 secs using 94.05% CPU
Iteration 980 / LogL: -1215.401 / Time: 0h:3m:7s (0h:0m:0s left)
Optimizing NNI: done in 0.00956417 secs using 99.63% CPU
Optimizing NNI: done in 0.00644372 secs using 99.35% CPU
Optimizing NNI: done in 0.00664888 secs using 84.96% CPU
Optimizing NNI: done in 0.00978504 secs using 89.5% CPU
Optimizing NNI: done in 0.0169476 secs using 93.88% CPU
Optimizing NNI: done in 0.0172981 secs using 99.73% CPU
Optimizing NNI: done in 0.0120155 secs using 99.79% CPU
Optimizing NNI: done in 0.0165093 secs using 99.66% CPU
Optimizing NNI: done in 0.00753609 secs using 86.74% CPU
Optimizing NNI: done in 0.0101222 secs using 99.75% CPU
Iteration 990 / LogL: -1215.396 / Time: 0h:3m:8s (0h:0m:0s left)
Optimizing NNI: done in 0.0124668 secs using 75.81% CPU
Optimizing NNI: done in 0.0201298 secs using 94.84% CPU
Optimizing NNI: done in 0.0173271 secs using 99.72% CPU
Optimizing NNI: done in 0.00933515 secs using 99.61% CPU
Optimizing NNI: done in 0.00480115 secs using 99.66% CPU
Optimizing NNI: done in 0.0141266 secs using 92.67% CPU
Optimizing NNI: done in 0.00970519 secs using 89.4% CPU
Optimizing NNI: done in 0.0256296 secs using 99.74% CPU
Optimizing NNI: done in 0.0126734 secs using 99.82% CPU
Optimizing NNI: done in 0.0134557 secs using 99.78% CPU
Iteration 1000 / LogL: -1215.396 / Time: 0h:3m:8s (0h:0m:0s left)
Log-likelihood cutoff on original alignment: -1243.783
NOTE: Bootstrap correlation coefficient of split occurrence frequencies: 0.972
NOTE: UFBoot does not converge, continue at least 100 more iterations
Optimizing NNI: done in 0.022954 secs using 95.28% CPU
WARNING: bootstrap analysis did not converge. You should rerun with higher number of iterations (-nm option)
TREE SEARCH COMPLETED AFTER 1001 ITERATIONS / Time: 0h:3m:9s

--------------------------------------------------------------------
|                    FINALIZING TREE SEARCH                        |
--------------------------------------------------------------------
Performs final model parameters optimization
Estimate model parameters (epsilon = 0.010)
1. Initial log-likelihood: -1215.395
Optimal log-likelihood: -1215.395
Rate parameters:  A-C: 2.57328  A-G: 3.22511  A-T: 2.57328  C-G: 1.00000  C-T: 3.22511  G-T: 1.00000
Base frequencies:  A: 0.272  C: 0.198  G: 0.212  T: 0.318
Parameters optimization took 1 rounds (0.001 sec)
BEST SCORE FOUND : -1215.395
Creating bootstrap support values...
Split supports printed to NEXUS file data/packages/ITS/Chamonixia/ref.splits.nex
Total tree length: 0.193

Total number of iterations: 1001
CPU time used for tree search: 34.232 sec (0h:0m:34s)
Wall-clock time used for tree search: 35.292 sec (0h:0m:35s)
Total CPU time used: 239.353 sec (0h:3m:59s)
Total wall-clock time used: 189.202 sec (0h:3m:9s)

Computing bootstrap consensus tree...
Reading input file data/packages/ITS/Chamonixia/ref.splits.nex...
19 taxa and 330 splits.
Consensus tree written to data/packages/ITS/Chamonixia/ref.contree
Reading input trees file data/packages/ITS/Chamonixia/ref.contree
Log-likelihood of consensus tree: -1215.418

Analysis results written to: 
  IQ-TREE report:                data/packages/ITS/Chamonixia/ref.iqtree
  Maximum-likelihood tree:       data/packages/ITS/Chamonixia/ref.treefile
  Likelihood distances:          data/packages/ITS/Chamonixia/ref.mldist

Ultrafast bootstrap approximation results written to:
  Split support values:          data/packages/ITS/Chamonixia/ref.splits.nex
  Consensus tree:                data/packages/ITS/Chamonixia/ref.contree
  Screen log file:               data/packages/ITS/Chamonixia/ref.log

Date and Time: Mon Aug 18 17:52:02 2025
