IQ-TREE version 3.0.1 for Linux x86 64-bit built May  5 2025
Developed by Bui Quang Minh, Thomas Wong, Nhan Ly-Trong, Huaiyan Ren
Contributed by Lam-Tung Nguyen, Dominik Schrempf, Chris Bielow,
Olga Chernomor, Michael Woodhams, Diep Thi Hoang, Heiko Schmidt

Host:    lnx820.umnh.utah.edu (AVX2, FMA3, 865 GB RAM)
Command: /home/bdentinger/iqtree-3.0.1-Linux/bin/iqtree3_intel -s data/packages/ITS/Chiua/aln.masked.fasta -m MFP -bb 1000 -nt AUTO -pre data/packages/ITS/Chiua/ref
Seed:    290730 (Using SPRNG - Scalable Parallel Random Number Generator)
Time:    Mon Aug 18 18:01:58 2025
Kernel:  AVX+FMA - auto-detect threads (72 CPU cores detected)

Reading alignment file data/packages/ITS/Chiua/aln.masked.fasta ... Fasta format detected
Reading fasta file: done in 0.000148663 secs using 65.92% CPU
Alignment most likely contains DNA/RNA sequences
Constructing alignment: done in 0.000775537 secs using 66.66% CPU
Alignment has 9 sequences with 832 columns, 184 distinct patterns
83 parsimony-informative, 228 singleton sites, 521 constant sites
                             Gap/Ambiguity  Composition  p-value
Analyzing sequences: done in 1.24183e-05 secs
   1  dai_25571|ITS|PQ164657.1       7.93%    passed     80.21%
   2  kpm_nc_22643|ITS|OQ220497.1    0.00%    passed     94.67%
   3  hmjau60861|ITS|OL891493.1      0.00%    passed     97.31%
   4  le315614|ITS|MZ451347.1        0.24%    passed     93.89%
   5  mhhnu_30914|ITS|MK253775.1    35.58%    passed     84.46%
   6  cmu51_sl_53|ITS|KX017308.1     6.13%    passed     85.26%
   7  he2757|ITS|KC505585.1          0.00%    passed     93.35%
   8  kun16|ITS|DQ407256.1           3.97%    passed     31.92%
   9  107_362|ITS|AB509721.1        43.27%    passed     77.03%
****  TOTAL                         10.79%  0 sequences failed composition chi2 test (p-value<5%; df=3)
Checking for duplicate sequences: done in 2.72524e-05 secs


Create initial parsimony tree by phylogenetic likelihood library (PLL)... 0.000 seconds
Measuring multi-threading efficiency up to 72 CPU cores
Increase to 10 rounds for branch lengths
27399 trees examined
Threads: 1 / Time: 72.002 sec / Speedup: 1.000 / Efficiency: 100% / LogL: -2928
Threads: 2 / Time: 60.241 sec / Speedup: 1.195 / Efficiency: 60% / LogL: -2928
Threads: 3 / Time: 66.641 sec / Speedup: 1.080 / Efficiency: 36% / LogL: -2928
Determining AUTO threadcount: done in 198.885 secs using 191.5% CPU
BEST NUMBER OF THREADS: 2

Perform fast likelihood tree search using GTR+I+G model...
Estimate model parameters (epsilon = 5.000)
Perform nearest neighbor interchange...
Optimizing NNI: done in 0.00474107 secs using 183.6% CPU
Estimate model parameters (epsilon = 1.000)
1. Initial log-likelihood: -2586.738
Optimal log-likelihood: -2586.677
Rate parameters:  A-C: 1.22858  A-G: 5.23992  A-T: 1.06915  C-G: 0.82918  C-T: 6.25064  G-T: 1.00000
Base frequencies:  A: 0.254  C: 0.226  G: 0.244  T: 0.275
Proportion of invariable sites: 0.311
Gamma shape alpha: 1.714
Parameters optimization took 1 rounds (0.003 sec)
Time for fast ML tree search: 0.021 seconds

NOTE: ModelFinder requires 1 MB RAM!
ModelFinder will test up to 968 DNA models (sample size: 832 epsilon: 0.100) ...
 No. Model         -LnL         df  AIC          AICc         BIC
WARNING: Number of threads seems too high for short alignments. Use -T AUTO to determine best number of threads.
  1  JC            2669.977     15  5369.954     5370.542     5440.812
WARNING: Number of threads seems too high for short alignments. Use -T AUTO to determine best number of threads.
  2  JC+I          2661.945     16  5355.890     5356.557     5431.471
WARNING: Number of threads seems too high for short alignments. Use -T AUTO to determine best number of threads.
  3  JC+G4         2661.236     16  5354.473     5355.140     5430.054
WARNING: Number of threads seems too high for short alignments. Use -T AUTO to determine best number of threads.
  4  JC+I+G4       2661.605     17  5357.209     5357.961     5437.515
WARNING: Number of threads seems too high for short alignments. Use -T AUTO to determine best number of threads.
  5  JC+R2         2661.887     17  5357.775     5358.527     5438.080
WARNING: Number of threads seems too high for short alignments. Use -T AUTO to determine best number of threads.
  6  JC+R3         2661.300     19  5360.599     5361.535     5450.352
WARNING: Number of threads seems too high for short alignments. Use -T AUTO to determine best number of threads.
 14  JC+I+R2       2661.640     18  5359.281     5360.122     5444.310
WARNING: Number of threads seems too high for short alignments. Use -T AUTO to determine best number of threads.
 15  JC+I+R3       2661.547     20  5363.095     5364.131     5457.571
 24  JC+I          2661.945     16  5355.890     5356.557     5431.471
 25  JC+G4         2661.236     16  5354.473     5355.140     5430.054
 26  JC+I+G4       2661.605     17  5357.209     5357.961     5437.515
 27  JC+R2         2661.887     17  5357.775     5358.527     5438.080
WARNING: Number of threads seems too high for short alignments. Use -T AUTO to determine best number of threads.
 46  F81+I         2661.943     16  5355.887     5356.554     5431.468
WARNING: Number of threads seems too high for short alignments. Use -T AUTO to determine best number of threads.
 47  F81+G4        2661.233     16  5354.466     5355.133     5430.047
WARNING: Number of threads seems too high for short alignments. Use -T AUTO to determine best number of threads.
 48  F81+I+G4      2661.598     17  5357.195     5357.947     5437.500
WARNING: Number of threads seems too high for short alignments. Use -T AUTO to determine best number of threads.
 49  F81+R2        2661.785     17  5357.570     5358.322     5437.875
WARNING: Number of threads seems too high for short alignments. Use -T AUTO to determine best number of threads.
 68  F81+F+I       2658.983     19  5355.967     5356.903     5445.719
WARNING: Number of threads seems too high for short alignments. Use -T AUTO to determine best number of threads.
 69  F81+F+G4      2658.223     19  5354.446     5355.382     5444.199
WARNING: Number of threads seems too high for short alignments. Use -T AUTO to determine best number of threads.
 70  F81+F+I+G4    2658.638     20  5357.275     5358.311     5451.752
WARNING: Number of threads seems too high for short alignments. Use -T AUTO to determine best number of threads.
 71  F81+F+R2      2658.672     20  5357.344     5358.379     5451.820
WARNING: Number of threads seems too high for short alignments. Use -T AUTO to determine best number of threads.
 90  K2P+I         2591.143     17  5216.287     5217.039     5296.592
WARNING: Number of threads seems too high for short alignments. Use -T AUTO to determine best number of threads.
 91  K2P+G4        2590.757     17  5215.514     5216.265     5295.819
WARNING: Number of threads seems too high for short alignments. Use -T AUTO to determine best number of threads.
 92  K2P+I+G4      2590.619     18  5217.238     5218.080     5302.267
WARNING: Number of threads seems too high for short alignments. Use -T AUTO to determine best number of threads.
 93  K2P+R2        2591.483     18  5218.966     5219.807     5303.995
112  K2P+I         2591.143     17  5216.287     5217.039     5296.592
113  K2P+G4        2590.757     17  5215.514     5216.265     5295.819
114  K2P+I+G4      2590.619     18  5217.238     5218.080     5302.267
115  K2P+R2        2591.483     18  5218.966     5219.807     5303.995
WARNING: Number of threads seems too high for short alignments. Use -T AUTO to determine best number of threads.
134  HKY+I         2591.106     17  5216.211     5216.963     5296.516
WARNING: Number of threads seems too high for short alignments. Use -T AUTO to determine best number of threads.
135  HKY+G4        2590.690     17  5215.380     5216.132     5295.685
WARNING: Number of threads seems too high for short alignments. Use -T AUTO to determine best number of threads.
136  HKY+I+G4      2590.582     18  5217.164     5218.006     5302.193
WARNING: Number of threads seems too high for short alignments. Use -T AUTO to determine best number of threads.
137  HKY+R2        2590.996     18  5217.993     5218.834     5303.021
WARNING: Number of threads seems too high for short alignments. Use -T AUTO to determine best number of threads.
156  HKY+F+I       2588.128     20  5216.256     5217.292     5310.733
WARNING: Number of threads seems too high for short alignments. Use -T AUTO to determine best number of threads.
157  HKY+F+G4      2587.498     20  5214.995     5216.031     5309.472
WARNING: Number of threads seems too high for short alignments. Use -T AUTO to determine best number of threads.
158  HKY+F+I+G4    2587.447     21  5216.894     5218.034     5316.094
WARNING: Number of threads seems too high for short alignments. Use -T AUTO to determine best number of threads.
159  HKY+F+R2      2588.159     21  5218.318     5219.459     5317.519
WARNING: Number of threads seems too high for short alignments. Use -T AUTO to determine best number of threads.
178  TNe+I         2590.255     18  5216.510     5217.351     5301.539
WARNING: Number of threads seems too high for short alignments. Use -T AUTO to determine best number of threads.
179  TNe+G4        2590.346     18  5216.693     5217.534     5301.722
WARNING: Number of threads seems too high for short alignments. Use -T AUTO to determine best number of threads.
180  TNe+I+G4      2590.111     19  5218.222     5219.158     5307.975
WARNING: Number of threads seems too high for short alignments. Use -T AUTO to determine best number of threads.
181  TNe+R2        2590.592     19  5219.184     5220.120     5308.937
200  TNe+I         2590.255     18  5216.510     5217.351     5301.539
201  TNe+G4        2590.346     18  5216.693     5217.534     5301.722
202  TNe+I+G4      2590.111     19  5218.222     5219.158     5307.975
203  TNe+R2        2590.592     19  5219.184     5220.120     5308.937
WARNING: Number of threads seems too high for short alignments. Use -T AUTO to determine best number of threads.
222  TN+I          2590.215     18  5216.429     5217.271     5301.458
WARNING: Number of threads seems too high for short alignments. Use -T AUTO to determine best number of threads.
223  TN+G4         2590.350     18  5216.700     5217.541     5301.729
WARNING: Number of threads seems too high for short alignments. Use -T AUTO to determine best number of threads.
224  TN+I+G4       2590.111     19  5218.221     5219.157     5307.974
WARNING: Number of threads seems too high for short alignments. Use -T AUTO to determine best number of threads.
225  TN+R2         2590.477     19  5218.955     5219.891     5308.708
WARNING: Number of threads seems too high for short alignments. Use -T AUTO to determine best number of threads.
244  TN+F+I        2587.387     21  5216.774     5217.915     5315.975
WARNING: Number of threads seems too high for short alignments. Use -T AUTO to determine best number of threads.
245  TN+F+G4       2587.158     21  5216.317     5217.458     5315.517
WARNING: Number of threads seems too high for short alignments. Use -T AUTO to determine best number of threads.
246  TN+F+I+G4     2586.993     22  5217.987     5219.238     5321.911
WARNING: Number of threads seems too high for short alignments. Use -T AUTO to determine best number of threads.
247  TN+F+R2       2587.445     22  5218.889     5220.140     5322.814
WARNING: Number of threads seems too high for short alignments. Use -T AUTO to determine best number of threads.
266  K3P+I         2591.086     18  5218.171     5219.012     5303.200
WARNING: Number of threads seems too high for short alignments. Use -T AUTO to determine best number of threads.
267  K3P+G4        2590.649     18  5217.298     5218.139     5302.327
WARNING: Number of threads seems too high for short alignments. Use -T AUTO to determine best number of threads.
268  K3P+I+G4      2590.548     19  5219.096     5220.032     5308.849
WARNING: Number of threads seems too high for short alignments. Use -T AUTO to determine best number of threads.
269  K3P+R2        2590.841     19  5219.682     5220.618     5309.435
288  K3P+I         2591.086     18  5218.171     5219.012     5303.200
289  K3P+G4        2590.649     18  5217.298     5218.139     5302.327
290  K3P+I+G4      2590.548     19  5219.096     5220.032     5308.849
291  K3P+R2        2590.841     19  5219.682     5220.618     5309.435
WARNING: Number of threads seems too high for short alignments. Use -T AUTO to determine best number of threads.
310  K3Pu+I        2591.122     18  5218.245     5219.086     5303.274
WARNING: Number of threads seems too high for short alignments. Use -T AUTO to determine best number of threads.
311  K3Pu+G4       2590.639     18  5217.279     5218.120     5302.308
WARNING: Number of threads seems too high for short alignments. Use -T AUTO to determine best number of threads.
312  K3Pu+I+G4     2590.532     19  5219.064     5220.000     5308.817
WARNING: Number of threads seems too high for short alignments. Use -T AUTO to determine best number of threads.
313  K3Pu+R2       2590.757     19  5219.514     5220.450     5309.266
WARNING: Number of threads seems too high for short alignments. Use -T AUTO to determine best number of threads.
332  K3Pu+F+I      2588.057     21  5218.113     5219.254     5317.314
WARNING: Number of threads seems too high for short alignments. Use -T AUTO to determine best number of threads.
333  K3Pu+F+G4     2587.417     21  5216.833     5217.974     5316.034
WARNING: Number of threads seems too high for short alignments. Use -T AUTO to determine best number of threads.
334  K3Pu+F+I+G4   2587.352     22  5218.704     5219.954     5322.628
WARNING: Number of threads seems too high for short alignments. Use -T AUTO to determine best number of threads.
335  K3Pu+F+R2     2587.464     22  5218.929     5220.180     5322.853
WARNING: Number of threads seems too high for short alignments. Use -T AUTO to determine best number of threads.
354  TPM2+I        2590.788     18  5217.575     5218.417     5302.604
WARNING: Number of threads seems too high for short alignments. Use -T AUTO to determine best number of threads.
355  TPM2+G4       2590.310     18  5216.620     5217.461     5301.649
WARNING: Number of threads seems too high for short alignments. Use -T AUTO to determine best number of threads.
356  TPM2+I+G4     2590.213     19  5218.426     5219.362     5308.179
WARNING: Number of threads seems too high for short alignments. Use -T AUTO to determine best number of threads.
357  TPM2+R2       2590.526     19  5219.051     5219.987     5308.804
376  TPM2+I        2590.788     18  5217.575     5218.417     5302.604
377  TPM2+G4       2590.310     18  5216.620     5217.461     5301.649
378  TPM2+I+G4     2590.213     19  5218.426     5219.362     5308.179
379  TPM2+R2       2590.526     19  5219.051     5219.987     5308.804
WARNING: Number of threads seems too high for short alignments. Use -T AUTO to determine best number of threads.
398  TPM2u+I       2590.812     18  5217.625     5218.466     5302.654
WARNING: Number of threads seems too high for short alignments. Use -T AUTO to determine best number of threads.
399  TPM2u+G4      2590.307     18  5216.615     5217.456     5301.644
WARNING: Number of threads seems too high for short alignments. Use -T AUTO to determine best number of threads.
400  TPM2u+I+G4    2590.209     19  5218.418     5219.354     5308.171
WARNING: Number of threads seems too high for short alignments. Use -T AUTO to determine best number of threads.
401  TPM2u+R2      2590.426     19  5218.851     5219.787     5308.604
WARNING: Number of threads seems too high for short alignments. Use -T AUTO to determine best number of threads.
420  TPM2u+F+I     2587.822     21  5217.643     5218.784     5316.844
WARNING: Number of threads seems too high for short alignments. Use -T AUTO to determine best number of threads.
421  TPM2u+F+G4    2587.179     21  5216.359     5217.500     5315.559
WARNING: Number of threads seems too high for short alignments. Use -T AUTO to determine best number of threads.
422  TPM2u+F+I+G4  2587.118     22  5218.236     5219.487     5322.160
WARNING: Number of threads seems too high for short alignments. Use -T AUTO to determine best number of threads.
423  TPM2u+F+R2    2587.222     22  5218.443     5219.694     5322.368
WARNING: Number of threads seems too high for short alignments. Use -T AUTO to determine best number of threads.
442  TPM3+I        2590.859     18  5217.717     5218.559     5302.746
WARNING: Number of threads seems too high for short alignments. Use -T AUTO to determine best number of threads.
443  TPM3+G4       2590.567     18  5217.135     5217.976     5302.164
WARNING: Number of threads seems too high for short alignments. Use -T AUTO to determine best number of threads.
444  TPM3+I+G4     2590.422     19  5218.844     5219.780     5308.597
WARNING: Number of threads seems too high for short alignments. Use -T AUTO to determine best number of threads.
445  TPM3+R2       2590.742     19  5219.485     5220.421     5309.237
464  TPM3+I        2590.859     18  5217.717     5218.559     5302.746
465  TPM3+G4       2590.567     18  5217.135     5217.976     5302.164
466  TPM3+I+G4     2590.422     19  5218.844     5219.780     5308.597
467  TPM3+R2       2590.742     19  5219.485     5220.421     5309.237
WARNING: Number of threads seems too high for short alignments. Use -T AUTO to determine best number of threads.
486  TPM3u+I       2590.891     18  5217.783     5218.624     5302.812
WARNING: Number of threads seems too high for short alignments. Use -T AUTO to determine best number of threads.
487  TPM3u+G4      2590.564     18  5217.128     5217.970     5302.157
WARNING: Number of threads seems too high for short alignments. Use -T AUTO to determine best number of threads.
488  TPM3u+I+G4    2590.418     19  5218.837     5219.773     5308.590
WARNING: Number of threads seems too high for short alignments. Use -T AUTO to determine best number of threads.
489  TPM3u+R2      2590.654     19  5219.309     5220.244     5309.061
WARNING: Number of threads seems too high for short alignments. Use -T AUTO to determine best number of threads.
508  TPM3u+F+I     2588.051     21  5218.103     5219.244     5317.303
WARNING: Number of threads seems too high for short alignments. Use -T AUTO to determine best number of threads.
509  TPM3u+F+G4    2587.450     21  5216.900     5218.041     5316.101
WARNING: Number of threads seems too high for short alignments. Use -T AUTO to determine best number of threads.
510  TPM3u+F+I+G4  2587.380     22  5218.759     5220.010     5322.683
WARNING: Number of threads seems too high for short alignments. Use -T AUTO to determine best number of threads.
511  TPM3u+F+R2    2587.477     22  5218.954     5220.205     5322.878
WARNING: Number of threads seems too high for short alignments. Use -T AUTO to determine best number of threads.
530  TIMe+I        2590.304     19  5218.608     5219.544     5308.361
WARNING: Number of threads seems too high for short alignments. Use -T AUTO to determine best number of threads.
531  TIMe+G4       2590.311     19  5218.623     5219.559     5308.376
WARNING: Number of threads seems too high for short alignments. Use -T AUTO to determine best number of threads.
532  TIMe+I+G4     2590.090     20  5220.180     5221.215     5314.656
WARNING: Number of threads seems too high for short alignments. Use -T AUTO to determine best number of threads.
533  TIMe+R2       2590.348     20  5220.696     5221.732     5315.173
552  TIMe+I        2590.304     19  5218.608     5219.544     5308.361
553  TIMe+G4       2590.311     19  5218.623     5219.559     5308.376
554  TIMe+I+G4     2590.090     20  5220.180     5221.215     5314.656
555  TIMe+R2       2590.348     20  5220.696     5221.732     5315.173
WARNING: Number of threads seems too high for short alignments. Use -T AUTO to determine best number of threads.
574  TIM+I         2590.194     19  5218.389     5219.325     5308.141
WARNING: Number of threads seems too high for short alignments. Use -T AUTO to determine best number of threads.
575  TIM+G4        2590.314     19  5218.627     5219.563     5308.380
WARNING: Number of threads seems too high for short alignments. Use -T AUTO to determine best number of threads.
576  TIM+I+G4      2590.088     20  5220.177     5221.213     5314.654
WARNING: Number of threads seems too high for short alignments. Use -T AUTO to determine best number of threads.
577  TIM+R2        2590.326     20  5220.651     5221.687     5315.128
WARNING: Number of threads seems too high for short alignments. Use -T AUTO to determine best number of threads.
596  TIM+F+I       2587.351     22  5218.702     5219.953     5322.627
WARNING: Number of threads seems too high for short alignments. Use -T AUTO to determine best number of threads.
597  TIM+F+G4      2587.118     22  5218.235     5219.486     5322.160
WARNING: Number of threads seems too high for short alignments. Use -T AUTO to determine best number of threads.
598  TIM+F+I+G4    2586.960     23  5219.921     5221.287     5328.569
WARNING: Number of threads seems too high for short alignments. Use -T AUTO to determine best number of threads.
599  TIM+F+R2      2587.301     23  5220.602     5221.969     5329.250
WARNING: Number of threads seems too high for short alignments. Use -T AUTO to determine best number of threads.
618  TIM2e+I       2589.930     19  5217.860     5218.796     5307.613
WARNING: Number of threads seems too high for short alignments. Use -T AUTO to determine best number of threads.
619  TIM2e+G4      2589.991     19  5217.981     5218.917     5307.734
WARNING: Number of threads seems too high for short alignments. Use -T AUTO to determine best number of threads.
620  TIM2e+I+G4    2589.774     20  5219.548     5220.583     5314.024
WARNING: Number of threads seems too high for short alignments. Use -T AUTO to determine best number of threads.
621  TIM2e+R2      2590.123     20  5220.246     5221.282     5314.723
640  TIM2e+I       2589.930     19  5217.860     5218.796     5307.613
641  TIM2e+G4      2589.991     19  5217.981     5218.917     5307.734
642  TIM2e+I+G4    2589.774     20  5219.548     5220.583     5314.024
643  TIM2e+R2      2590.123     20  5220.246     5221.282     5314.723
WARNING: Number of threads seems too high for short alignments. Use -T AUTO to determine best number of threads.
662  TIM2+I        2589.870     19  5217.740     5218.676     5307.493
WARNING: Number of threads seems too high for short alignments. Use -T AUTO to determine best number of threads.
663  TIM2+G4       2590.002     19  5218.004     5218.940     5307.757
WARNING: Number of threads seems too high for short alignments. Use -T AUTO to determine best number of threads.
664  TIM2+I+G4     2589.773     20  5219.547     5220.583     5314.024
WARNING: Number of threads seems too high for short alignments. Use -T AUTO to determine best number of threads.
665  TIM2+R2       2590.048     20  5220.096     5221.132     5314.573
WARNING: Number of threads seems too high for short alignments. Use -T AUTO to determine best number of threads.
684  TIM2+F+I      2587.082     22  5218.163     5219.414     5322.088
WARNING: Number of threads seems too high for short alignments. Use -T AUTO to determine best number of threads.
685  TIM2+F+G4     2586.889     22  5217.778     5219.029     5321.702
WARNING: Number of threads seems too high for short alignments. Use -T AUTO to determine best number of threads.
686  TIM2+F+I+G4   2586.724     23  5219.448     5220.814     5328.096
WARNING: Number of threads seems too high for short alignments. Use -T AUTO to determine best number of threads.
687  TIM2+F+R2     2586.897     23  5219.793     5221.160     5328.441
WARNING: Number of threads seems too high for short alignments. Use -T AUTO to determine best number of threads.
706  TIM3e+I       2589.857     19  5217.715     5218.651     5307.468
WARNING: Number of threads seems too high for short alignments. Use -T AUTO to determine best number of threads.
707  TIM3e+G4      2590.228     19  5218.456     5219.392     5308.209
WARNING: Number of threads seems too high for short alignments. Use -T AUTO to determine best number of threads.
708  TIM3e+I+G4    2589.956     20  5219.912     5220.948     5314.389
WARNING: Number of threads seems too high for short alignments. Use -T AUTO to determine best number of threads.
709  TIM3e+R2      2590.233     20  5220.466     5221.502     5314.942
728  TIM3e+I       2589.857     19  5217.715     5218.651     5307.468
729  TIM3e+G4      2590.228     19  5218.456     5219.392     5308.209
730  TIM3e+I+G4    2589.956     20  5219.912     5220.948     5314.389
731  TIM3e+R2      2590.233     20  5220.466     5221.502     5314.942
WARNING: Number of threads seems too high for short alignments. Use -T AUTO to determine best number of threads.
750  TIM3+I        2589.807     19  5217.615     5218.551     5307.368
WARNING: Number of threads seems too high for short alignments. Use -T AUTO to determine best number of threads.
751  TIM3+G4       2590.225     19  5218.450     5219.386     5308.202
WARNING: Number of threads seems too high for short alignments. Use -T AUTO to determine best number of threads.
752  TIM3+I+G4     2589.952     20  5219.903     5220.939     5314.380
WARNING: Number of threads seems too high for short alignments. Use -T AUTO to determine best number of threads.
753  TIM3+R2       2590.209     20  5220.417     5221.453     5314.894
WARNING: Number of threads seems too high for short alignments. Use -T AUTO to determine best number of threads.
772  TIM3+F+I      2587.307     22  5218.613     5219.864     5322.538
WARNING: Number of threads seems too high for short alignments. Use -T AUTO to determine best number of threads.
773  TIM3+F+G4     2587.157     22  5218.314     5219.565     5322.238
WARNING: Number of threads seems too high for short alignments. Use -T AUTO to determine best number of threads.
774  TIM3+F+I+G4   2586.987     23  5219.974     5221.340     5328.622
WARNING: Number of threads seems too high for short alignments. Use -T AUTO to determine best number of threads.
775  TIM3+F+R2     2587.326     23  5220.653     5222.019     5329.301
WARNING: Number of threads seems too high for short alignments. Use -T AUTO to determine best number of threads.
794  TVMe+I        2590.507     20  5221.013     5222.049     5315.490
WARNING: Number of threads seems too high for short alignments. Use -T AUTO to determine best number of threads.
795  TVMe+G4       2590.124     20  5220.247     5221.283     5314.724
WARNING: Number of threads seems too high for short alignments. Use -T AUTO to determine best number of threads.
796  TVMe+I+G4     2590.007     21  5222.014     5223.155     5321.215
WARNING: Number of threads seems too high for short alignments. Use -T AUTO to determine best number of threads.
797  TVMe+R2       2590.293     21  5222.585     5223.726     5321.786
816  TVMe+I        2590.507     20  5221.013     5222.049     5315.490
817  TVMe+G4       2590.124     20  5220.247     5221.283     5314.724
818  TVMe+I+G4     2590.007     21  5222.014     5223.155     5321.215
819  TVMe+R2       2590.293     21  5222.585     5223.726     5321.786
WARNING: Number of threads seems too high for short alignments. Use -T AUTO to determine best number of threads.
838  TVM+I         2590.461     20  5220.921     5221.957     5315.398
WARNING: Number of threads seems too high for short alignments. Use -T AUTO to determine best number of threads.
839  TVM+G4        2590.127     20  5220.253     5221.289     5314.730
WARNING: Number of threads seems too high for short alignments. Use -T AUTO to determine best number of threads.
840  TVM+I+G4      2590.005     21  5222.010     5223.151     5321.211
WARNING: Number of threads seems too high for short alignments. Use -T AUTO to determine best number of threads.
841  TVM+R2        2590.201     21  5222.403     5223.544     5321.603
WARNING: Number of threads seems too high for short alignments. Use -T AUTO to determine best number of threads.
860  TVM+F+I       2587.778     23  5221.556     5222.922     5330.204
WARNING: Number of threads seems too high for short alignments. Use -T AUTO to determine best number of threads.
861  TVM+F+G4      2587.090     23  5220.180     5221.547     5328.829
WARNING: Number of threads seems too high for short alignments. Use -T AUTO to determine best number of threads.
862  TVM+F+I+G4    2587.044     24  5222.088     5223.575     5335.460
WARNING: Number of threads seems too high for short alignments. Use -T AUTO to determine best number of threads.
863  TVM+F+R2      2587.110     24  5222.220     5223.707     5335.592
WARNING: Number of threads seems too high for short alignments. Use -T AUTO to determine best number of threads.
882  SYM+I         2589.395     21  5220.790     5221.931     5319.991
WARNING: Number of threads seems too high for short alignments. Use -T AUTO to determine best number of threads.
883  SYM+G4        2589.788     21  5221.576     5222.716     5320.776
WARNING: Number of threads seems too high for short alignments. Use -T AUTO to determine best number of threads.
884  SYM+I+G4      2589.536     22  5223.072     5224.323     5326.996
WARNING: Number of threads seems too high for short alignments. Use -T AUTO to determine best number of threads.
885  SYM+R2        2589.798     22  5223.596     5224.846     5327.520
904  SYM+I         2589.395     21  5220.790     5221.931     5319.991
905  SYM+G4        2589.788     21  5221.576     5222.716     5320.776
906  SYM+I+G4      2589.536     22  5223.072     5224.323     5326.996
907  SYM+R2        2589.798     22  5223.596     5224.846     5327.520
WARNING: Number of threads seems too high for short alignments. Use -T AUTO to determine best number of threads.
926  GTR+I         2589.365     21  5220.731     5221.872     5319.931
WARNING: Number of threads seems too high for short alignments. Use -T AUTO to determine best number of threads.
927  GTR+G4        2589.789     21  5221.578     5222.719     5320.778
WARNING: Number of threads seems too high for short alignments. Use -T AUTO to determine best number of threads.
928  GTR+I+G4      2589.534     22  5223.067     5224.318     5326.991
WARNING: Number of threads seems too high for short alignments. Use -T AUTO to determine best number of threads.
929  GTR+R2        2589.754     22  5223.508     5224.759     5327.432
WARNING: Number of threads seems too high for short alignments. Use -T AUTO to determine best number of threads.
948  GTR+F+I       2586.971     24  5221.943     5223.430     5335.315
WARNING: Number of threads seems too high for short alignments. Use -T AUTO to determine best number of threads.
949  GTR+F+G4      2586.806     24  5221.613     5223.100     5334.984
WARNING: Number of threads seems too high for short alignments. Use -T AUTO to determine best number of threads.
950  GTR+F+I+G4    2586.653     25  5223.306     5224.919     5341.402
WARNING: Number of threads seems too high for short alignments. Use -T AUTO to determine best number of threads.
951  GTR+F+R2      2586.803     25  5223.606     5225.219     5341.702
Akaike Information Criterion:           HKY+F+G4
Corrected Akaike Information Criterion: HKY+F+G4
Bayesian Information Criterion:         HKY+G4
Best-fit model: HKY+G4 chosen according to BIC

All model information printed to data/packages/ITS/Chiua/ref.model.gz
CPU time for ModelFinder: 381.987 seconds (0h:6m:21s)
Wall-clock time for ModelFinder: 199.477 seconds (0h:3m:19s)
Generating 1000 samples for ultrafast bootstrap (seed: 290730)...

NOTE: 0 MB RAM (0 GB) is required!
WARNING: Number of threads seems too high for short alignments. Use -T AUTO to determine best number of threads.
Estimate model parameters (epsilon = 0.100)
1. Initial log-likelihood: -2587.480
Optimal log-likelihood: -2587.454
Rate parameters:  A-C: 1.00000  A-G: 5.57686  A-T: 1.00000  C-G: 1.00000  C-T: 5.57686  G-T: 1.00000
Base frequencies:  A: 0.254  C: 0.226  G: 0.244  T: 0.275
Gamma shape alpha: 0.538
Parameters optimization took 1 rounds (0.001 sec)
Wrote distance file to... 
Computing ML distances based on estimated model parameters...
Calculating distance matrix: done in 0.00024366 secs using 235.6% CPU
Computing ML distances took 0.000296 sec (of wall-clock time) 0.000631 sec (of CPU time)
Setting up auxiliary I and S matrices: done in 3.44496e-05 secs using 92.89% CPU
Constructing RapidNJ tree: done in 5.0474e-05 secs using 95.1% CPU
Computing RapidNJ tree took 0.000150 sec (of wall-clock time) 0.000146 sec (of CPU time)
Log-likelihood of RapidNJ tree: -2633.359
--------------------------------------------------------------------
|             INITIALIZING CANDIDATE TREE SET                      |
--------------------------------------------------------------------
Generating 98 parsimony trees... 0.039 second
Computing log-likelihood of 82 initial trees ... 0.043 seconds
Current best score: -2587.454

Do NNI search on 20 best initial trees
Optimizing NNI: done in 0.00195935 secs using 201.3% CPU
Estimate model parameters (epsilon = 0.100)
BETTER TREE FOUND at iteration 1: -2587.446
Optimizing NNI: done in 0.00609431 secs using 181.8% CPU
Optimizing NNI: done in 0.00419698 secs using 218.8% CPU
Optimizing NNI: done in 0.0114082 secs using 196.1% CPU
Optimizing NNI: done in 0.00412546 secs using 197.3% CPU
Optimizing NNI: done in 0.00570788 secs using 187% CPU
Optimizing NNI: done in 0.0102862 secs using 187.2% CPU
Optimizing NNI: done in 0.00426653 secs using 193.6% CPU
Optimizing NNI: done in 0.0058244 secs using 187.1% CPU
Optimizing NNI: done in 0.00691853 secs using 186.6% CPU
Iteration 10 / LogL: -2587.484 / Time: 0h:3m:19s
Optimizing NNI: done in 0.0081702 secs using 197.6% CPU
Optimizing NNI: done in 0.00796499 secs using 200% CPU
Optimizing NNI: done in 0.00578577 secs using 203.5% CPU
Optimizing NNI: done in 0.00690016 secs using 201.2% CPU
UPDATE BEST LOG-LIKELIHOOD: -2587.444
Optimizing NNI: done in 0.0121553 secs using 198.4% CPU
Optimizing NNI: done in 0.0117009 secs using 193.8% CPU
Optimizing NNI: done in 0.00999784 secs using 199.8% CPU
Optimizing NNI: done in 0.0115639 secs using 194.8% CPU
Optimizing NNI: done in 0.00801601 secs using 199.6% CPU
Optimizing NNI: done in 0.00745796 secs using 180.4% CPU
Iteration 20 / LogL: -2587.505 / Time: 0h:3m:19s
Finish initializing candidate tree set (4)
Current best tree score: -2587.444 / CPU time: 0.241
Number of iterations: 20
--------------------------------------------------------------------
|               OPTIMIZING CANDIDATE TREE SET                      |
--------------------------------------------------------------------
Optimizing NNI: done in 0.00643733 secs using 183.1% CPU
Optimizing NNI: done in 0.00966077 secs using 184.1% CPU
Optimizing NNI: done in 0.00532809 secs using 187.7% CPU
Optimizing NNI: done in 0.0101956 secs using 194.1% CPU
Optimizing NNI: done in 0.00546867 secs using 184.9% CPU
Optimizing NNI: done in 0.00754555 secs using 197.7% CPU
Optimizing NNI: done in 0.0115855 secs using 194.7% CPU
Optimizing NNI: done in 0.012198 secs using 195.6% CPU
Optimizing NNI: done in 0.00852087 secs using 190.6% CPU
Optimizing NNI: done in 0.0113401 secs using 182.5% CPU
Iteration 30 / LogL: -2587.500 / Time: 0h:3m:19s (0h:0m:0s left)
Optimizing NNI: done in 0.00757417 secs using 169.5% CPU
BETTER TREE FOUND at iteration 31: -2587.444
Optimizing NNI: done in 0.015514 secs using 181.9% CPU
Optimizing NNI: done in 0.0109151 secs using 185.3% CPU
Optimizing NNI: done in 0.00371369 secs using 197.4% CPU
UPDATE BEST LOG-LIKELIHOOD: -2587.442
Optimizing NNI: done in 0.011552 secs using 185.8% CPU
Optimizing NNI: done in 0.00569074 secs using 197.4% CPU
Optimizing NNI: done in 0.00380176 secs using 178.5% CPU
Optimizing NNI: done in 0.0096763 secs using 177.2% CPU
Optimizing NNI: done in 0.0111673 secs using 180.3% CPU
Optimizing NNI: done in 0.0128145 secs using 185.4% CPU
Iteration 40 / LogL: -2587.495 / Time: 0h:3m:20s (0h:0m:1s left)
Optimizing NNI: done in 0.0115245 secs using 198.8% CPU
Optimizing NNI: done in 0.00930222 secs using 187.6% CPU
Optimizing NNI: done in 0.00753758 secs using 192.6% CPU
Optimizing NNI: done in 0.00585335 secs using 197.3% CPU
Optimizing NNI: done in 0.00763408 secs using 191.5% CPU
Optimizing NNI: done in 0.0111538 secs using 186.4% CPU
Optimizing NNI: done in 0.00964924 secs using 179.9% CPU
Optimizing NNI: done in 0.0063068 secs using 184.7% CPU
Optimizing NNI: done in 0.00780039 secs using 192.6% CPU
Optimizing NNI: done in 0.00907975 secs using 184.6% CPU
Iteration 50 / LogL: -2587.555 / Time: 0h:3m:20s (0h:0m:1s left)
Log-likelihood cutoff on original alignment: -2599.085
Optimizing NNI: done in 0.00754988 secs using 192.6% CPU
Optimizing NNI: done in 0.0127428 secs using 199.2% CPU
Optimizing NNI: done in 0.0101163 secs using 198.5% CPU
Optimizing NNI: done in 0.00180056 secs using 155.5% CPU
Optimizing NNI: done in 0.0100826 secs using 192.8% CPU
Optimizing NNI: done in 0.00583217 secs using 193.3% CPU
Optimizing NNI: done in 0.00996709 secs using 187.8% CPU
Optimizing NNI: done in 0.00388425 secs using 199.9% CPU
UPDATE BEST LOG-LIKELIHOOD: -2587.442
Optimizing NNI: done in 0.0135091 secs using 195.3% CPU
Optimizing NNI: done in 0.00970493 secs using 177.7% CPU
Iteration 60 / LogL: -2587.468 / Time: 0h:3m:20s (0h:0m:0s left)
Optimizing NNI: done in 0.0054807 secs using 190.8% CPU
Optimizing NNI: done in 0.0112226 secs using 194.9% CPU
Optimizing NNI: done in 0.0149946 secs using 197.2% CPU
Optimizing NNI: done in 0.0062307 secs using 176.3% CPU
Optimizing NNI: done in 0.013121 secs using 188.8% CPU
Optimizing NNI: done in 0.00834221 secs using 192.3% CPU
Optimizing NNI: done in 0.0058715 secs using 193.8% CPU
UPDATE BEST LOG-LIKELIHOOD: -2587.442
Optimizing NNI: done in 0.003924 secs using 192.8% CPU
Optimizing NNI: done in 0.0115325 secs using 185.7% CPU
Optimizing NNI: done in 0.0147935 secs using 197.8% CPU
Iteration 70 / LogL: -2587.501 / Time: 0h:3m:20s (0h:0m:0s left)
Optimizing NNI: done in 0.0132309 secs using 196.8% CPU
Optimizing NNI: done in 0.00915475 secs using 195.3% CPU
Optimizing NNI: done in 0.00937231 secs using 192.1% CPU
Optimizing NNI: done in 0.00471858 secs using 194% CPU
Optimizing NNI: done in 0.0113988 secs using 177.8% CPU
Optimizing NNI: done in 0.00876082 secs using 197.5% CPU
Optimizing NNI: done in 0.00631979 secs using 178.6% CPU
Optimizing NNI: done in 0.0103103 secs using 185.2% CPU
Optimizing NNI: done in 0.00680284 secs using 183% CPU
Optimizing NNI: done in 0.00458027 secs using 185.4% CPU
Iteration 80 / LogL: -2587.566 / Time: 0h:3m:20s (0h:0m:0s left)
Optimizing NNI: done in 0.00435747 secs using 179.2% CPU
Optimizing NNI: done in 0.0112918 secs using 199.2% CPU
Optimizing NNI: done in 0.00567856 secs using 170.5% CPU
Optimizing NNI: done in 0.00993927 secs using 185.2% CPU
Optimizing NNI: done in 0.0036643 secs using 199% CPU
Optimizing NNI: done in 0.00593173 secs using 185.7% CPU
Optimizing NNI: done in 0.00722216 secs using 187% CPU
Optimizing NNI: done in 0.00574934 secs using 191.1% CPU
Optimizing NNI: done in 0.00583712 secs using 196.6% CPU
Optimizing NNI: done in 0.00378077 secs using 177.3% CPU
Iteration 90 / LogL: -2587.442 / Time: 0h:3m:20s (0h:0m:0s left)
Optimizing NNI: done in 0.00432283 secs using 197.8% CPU
Optimizing NNI: done in 0.00965726 secs using 182.9% CPU
Optimizing NNI: done in 0.00556524 secs using 181.3% CPU
Optimizing NNI: done in 0.00983697 secs using 192.3% CPU
Optimizing NNI: done in 0.00944433 secs using 178.7% CPU
Optimizing NNI: done in 0.00380252 secs using 156.3% CPU
Optimizing NNI: done in 0.00950454 secs using 188.7% CPU
Optimizing NNI: done in 0.0153507 secs using 191% CPU
WARNING: NNI search needs unusual large number of steps (9) to converge!
Optimizing NNI: done in 0.00486404 secs using 198.7% CPU
Optimizing NNI: done in 0.00952669 secs using 174.6% CPU
Iteration 100 / LogL: -2587.466 / Time: 0h:3m:20s (0h:0m:0s left)
Log-likelihood cutoff on original alignment: -2600.444
NOTE: Bootstrap correlation coefficient of split occurrence frequencies: 0.996
Optimizing NNI: done in 0.0111165 secs using 198.6% CPU
Optimizing NNI: done in 0.00453438 secs using 164.4% CPU
UPDATE BEST LOG-LIKELIHOOD: -2587.442
Optimizing NNI: done in 0.0164123 secs using 193.1% CPU
Optimizing NNI: done in 0.00284398 secs using 168.8% CPU
UPDATE BEST LOG-LIKELIHOOD: -2587.442
Optimizing NNI: done in 0.00552174 secs using 190.3% CPU
Optimizing NNI: done in 0.0101914 secs using 193.5% CPU
Optimizing NNI: done in 0.00364179 secs using 167.6% CPU
UPDATE BEST LOG-LIKELIHOOD: -2587.442
Optimizing NNI: done in 0.0102729 secs using 175% CPU
Optimizing NNI: done in 0.0112532 secs using 184.6% CPU
Optimizing NNI: done in 0.00375967 secs using 162.9% CPU
Iteration 110 / LogL: -2587.461 / Time: 0h:3m:20s (0h:0m:1s left)
Optimizing NNI: done in 0.00406456 secs using 189.8% CPU
Optimizing NNI: done in 0.00798867 secs using 195.8% CPU
Optimizing NNI: done in 0.0116932 secs using 200.2% CPU
Optimizing NNI: done in 0.00922881 secs using 166.7% CPU
Optimizing NNI: done in 0.00431666 secs using 169% CPU
Optimizing NNI: done in 0.00747307 secs using 176.8% CPU
Optimizing NNI: done in 0.00631483 secs using 153% CPU
Optimizing NNI: done in 0.0055327 secs using 189.9% CPU
Optimizing NNI: done in 0.0073662 secs using 189.6% CPU
Optimizing NNI: done in 0.0108064 secs using 195.5% CPU
Iteration 120 / LogL: -2587.449 / Time: 0h:3m:20s (0h:0m:1s left)
Optimizing NNI: done in 0.00565596 secs using 198.7% CPU
Optimizing NNI: done in 0.00410271 secs using 197% CPU
Optimizing NNI: done in 0.0102075 secs using 197.4% CPU
Optimizing NNI: done in 0.00562396 secs using 167.2% CPU
Optimizing NNI: done in 0.0101057 secs using 181.5% CPU
Optimizing NNI: done in 0.00341685 secs using 193.1% CPU
Optimizing NNI: done in 0.00831212 secs using 182.3% CPU
Optimizing NNI: done in 0.0114035 secs using 192.9% CPU
Optimizing NNI: done in 0.00645797 secs using 197.2% CPU
Optimizing NNI: done in 0.00431884 secs using 190.7% CPU
Iteration 130 / LogL: -2587.552 / Time: 0h:3m:21s (0h:0m:0s left)
Optimizing NNI: done in 0.00332472 secs using 179.8% CPU
Optimizing NNI: done in 0.00413934 secs using 182.2% CPU
TREE SEARCH COMPLETED AFTER 132 ITERATIONS / Time: 0h:3m:21s

--------------------------------------------------------------------
|                    FINALIZING TREE SEARCH                        |
--------------------------------------------------------------------
Performs final model parameters optimization
Estimate model parameters (epsilon = 0.010)
1. Initial log-likelihood: -2587.442
Optimal log-likelihood: -2587.441
Rate parameters:  A-C: 1.00000  A-G: 5.53104  A-T: 1.00000  C-G: 1.00000  C-T: 5.53104  G-T: 1.00000
Base frequencies:  A: 0.254  C: 0.226  G: 0.244  T: 0.275
Gamma shape alpha: 0.545
Parameters optimization took 1 rounds (0.001 sec)
BEST SCORE FOUND : -2587.441
Creating bootstrap support values...
Split supports printed to NEXUS file data/packages/ITS/Chiua/ref.splits.nex
Total tree length: 0.934

Total number of iterations: 132
CPU time used for tree search: 2.849 sec (0h:0m:2s)
Wall-clock time used for tree search: 1.616 sec (0h:0m:1s)
Total CPU time used: 384.894 sec (0h:6m:24s)
Total wall-clock time used: 201.142 sec (0h:3m:21s)

Computing bootstrap consensus tree...
Reading input file data/packages/ITS/Chiua/ref.splits.nex...
9 taxa and 39 splits.
Consensus tree written to data/packages/ITS/Chiua/ref.contree
Reading input trees file data/packages/ITS/Chiua/ref.contree
Log-likelihood of consensus tree: -2587.445

Analysis results written to: 
  IQ-TREE report:                data/packages/ITS/Chiua/ref.iqtree
  Maximum-likelihood tree:       data/packages/ITS/Chiua/ref.treefile
  Likelihood distances:          data/packages/ITS/Chiua/ref.mldist

Ultrafast bootstrap approximation results written to:
  Split support values:          data/packages/ITS/Chiua/ref.splits.nex
  Consensus tree:                data/packages/ITS/Chiua/ref.contree
  Screen log file:               data/packages/ITS/Chiua/ref.log

Date and Time: Mon Aug 18 18:05:19 2025
