IQ-TREE version 3.0.1 for Linux x86 64-bit built May  5 2025
Developed by Bui Quang Minh, Thomas Wong, Nhan Ly-Trong, Huaiyan Ren
Contributed by Lam-Tung Nguyen, Dominik Schrempf, Chris Bielow,
Olga Chernomor, Michael Woodhams, Diep Thi Hoang, Heiko Schmidt

Host:    lnx820.umnh.utah.edu (AVX2, FMA3, 865 GB RAM)
Command: /home/bdentinger/iqtree-3.0.1-Linux/bin/iqtree3_intel -s data/packages/ITS/Austroboletus/aln.masked.fasta -m MFP -bb 1000 -nt AUTO -pre data/packages/ITS/Austroboletus/ref
Seed:    174536 (Using SPRNG - Scalable Parallel Random Number Generator)
Time:    Mon Aug 18 18:31:31 2025
Kernel:  AVX+FMA - auto-detect threads (72 CPU cores detected)

Reading alignment file data/packages/ITS/Austroboletus/aln.masked.fasta ... Fasta format detected
Reading fasta file: done in 0.00140987 secs using 77.67% CPU
Alignment most likely contains DNA/RNA sequences
Constructing alignment: done in 0.00128814 secs using 59.15% CPU
Alignment has 169 sequences with 487 columns, 386 distinct patterns
315 parsimony-informative, 34 singleton sites, 138 constant sites
                   Gap/Ambiguity  Composition  p-value
Analyzing sequences: done in 0.000221752 secs using 45.1% CPU
   1  Austroboletus_001   34.50%    passed     83.27%
   2  Austroboletus_002    6.16%    passed     29.22%
   3  Austroboletus_003    0.82%    passed     59.77%
   4  Austroboletus_004   10.27%    passed     79.15%
   5  Austroboletus_005    3.08%    passed     64.72%
   6  Austroboletus_006    3.08%    passed     60.41%
   7  Austroboletus_007    3.08%    passed     64.72%
   8  Austroboletus_008   11.09%    passed     45.13%
   9  Austroboletus_009    9.86%    passed     71.02%
  10  Austroboletus_010   15.40%    passed     67.96%
  11  Austroboletus_011   46.82%    passed     23.29%
  12  Austroboletus_012   11.29%    passed     50.80%
  13  Austroboletus_013   12.53%    passed     13.67%
  14  Austroboletus_014    5.95%    passed     30.07%
  15  Austroboletus_015   21.56%    passed     24.18%
  16  Austroboletus_016   11.09%    passed     18.07%
  17  Austroboletus_017   11.09%    passed     47.79%
  18  Austroboletus_018    3.08%    passed     57.80%
  19  Austroboletus_019    3.08%    passed     71.25%
  20  Austroboletus_020   23.61%    passed     14.38%
  21  Austroboletus_021    3.29%    passed     59.86%
  22  Austroboletus_022    3.08%    passed     67.52%
  23  Austroboletus_023   11.09%    passed     18.07%
  24  Austroboletus_024   10.88%    passed     23.53%
  25  Austroboletus_025    0.62%    passed     60.51%
  26  Austroboletus_026    0.21%    passed     57.72%
  27  Austroboletus_027    0.82%    passed     59.77%
  28  Austroboletus_028    0.21%    passed     64.80%
  29  Austroboletus_029    0.21%    passed     64.80%
  30  Austroboletus_030    0.82%    passed     59.77%
  31  Austroboletus_031    0.21%    passed     64.80%
  32  Austroboletus_032    1.64%    passed     63.22%
  33  Austroboletus_033    1.44%    passed     52.23%
  34  Austroboletus_034    8.83%    passed     55.93%
  35  Austroboletus_035    8.83%    passed     55.93%
  36  Austroboletus_036    5.13%    passed     50.56%
  37  Austroboletus_037    6.16%    passed     61.15%
  38  Austroboletus_038    3.08%    passed     64.72%
  39  Austroboletus_039    3.29%    passed     56.96%
  40  Austroboletus_040    0.82%    passed     16.46%
  41  Austroboletus_041    0.82%    passed     23.92%
  42  Austroboletus_042    6.16%    passed     68.46%
  43  Austroboletus_043    8.83%    passed     81.43%
  44  Austroboletus_044    4.93%    passed     53.74%
  45  Austroboletus_045    7.19%    passed     55.17%
  46  Austroboletus_046    3.08%    passed     57.80%
  47  Austroboletus_047    3.08%    passed     57.80%
  48  Austroboletus_048   14.37%    passed     73.18%
  49  Austroboletus_049   10.68%    passed     77.39%
  50  Austroboletus_050   13.35%    passed     65.40%
  51  Austroboletus_051   10.68%    passed     77.39%
  52  Austroboletus_052   15.81%    passed     78.69%
  53  Austroboletus_053   17.66%    passed     72.96%
  54  Austroboletus_054   11.09%    passed     53.10%
  55  Austroboletus_055    1.44%    passed     88.61%
  56  Austroboletus_056    0.82%    passed     23.92%
  57  Austroboletus_057    4.52%    passed     53.09%
  58  Austroboletus_058    4.52%    passed     55.98%
  59  Austroboletus_059    0.82%    passed     96.70%
  60  Austroboletus_060    6.16%    passed     68.46%
  61  Austroboletus_061    0.00%    passed     60.65%
  62  Austroboletus_062    6.16%    passed     68.46%
  63  Austroboletus_063    5.34%    passed     77.28%
  64  Austroboletus_064    7.19%    passed     13.09%
  65  Austroboletus_065    4.52%    passed     53.09%
  66  Austroboletus_066   16.84%    passed     14.62%
  67  Austroboletus_067   17.86%    passed     14.25%
  68  Austroboletus_068   18.28%    passed     12.82%
  69  Austroboletus_069   11.70%    passed     10.21%
  70  Austroboletus_070   18.28%    passed     12.82%
  71  Austroboletus_071   18.48%    passed     11.44%
  72  Austroboletus_072    0.00%    passed     81.48%
  73  Austroboletus_073   30.39%    passed     85.60%
  74  Austroboletus_074    6.16%    passed     68.46%
  75  Austroboletus_075    3.08%    passed     92.87%
  76  Austroboletus_076   17.45%    passed     19.29%
  77  Austroboletus_077    1.85%    passed     81.13%
  78  Austroboletus_078   31.62%    passed     89.24%
  79  Austroboletus_079   12.32%    passed     67.04%
  80  Austroboletus_080    6.78%    passed     71.63%
  81  Austroboletus_081   23.82%    passed     69.13%
  82  Austroboletus_082   16.84%    passed     20.79%
  83  Austroboletus_083    6.98%    passed     25.96%
  84  Austroboletus_084    6.57%    passed     20.01%
  85  Austroboletus_085   16.84%    passed     20.79%
  86  Austroboletus_086   16.63%    passed     18.56%
  87  Austroboletus_087    6.57%    passed     30.46%
  88  Austroboletus_088    5.34%    passed     73.95%
  89  Austroboletus_089    0.41%    passed     68.96%
  90  Austroboletus_090    6.16%    passed     68.46%
  91  Austroboletus_091    0.62%    passed     37.69%
  92  Austroboletus_092    0.00%    passed     87.81%
  93  Austroboletus_093    0.00%    passed     71.80%
  94  Austroboletus_094    0.00%    passed     78.80%
  95  Austroboletus_095    0.00%    passed     85.08%
  96  Austroboletus_096    0.00%    passed     66.54%
  97  Austroboletus_097   30.80%    passed     44.36%
  98  Austroboletus_098    4.52%    passed     55.51%
  99  Austroboletus_099    0.62%    passed     76.47%
 100  Austroboletus_100   31.21%    passed     81.58%
 101  Austroboletus_101    0.62%    passed     57.52%
 102  Austroboletus_102    0.21%    passed     57.72%
 103  Austroboletus_103    6.16%    passed     68.46%
 104  Austroboletus_104    6.16%    passed     68.46%
 105  Austroboletus_105   16.63%    passed     22.87%
 106  Austroboletus_106    6.57%    passed     15.28%
 107  Austroboletus_107    6.57%    passed     18.79%
 108  Austroboletus_108   16.84%    passed     20.79%
 109  Austroboletus_109    6.57%    passed     17.57%
 110  Austroboletus_110   14.58%    passed     20.84%
 111  Austroboletus_111    6.16%    passed     68.46%
 112  Austroboletus_112    6.37%    passed     64.69%
 113  Austroboletus_113    6.16%    passed     68.46%
 114  Austroboletus_114    5.34%    passed     65.45%
 115  Austroboletus_115    5.34%    passed     78.18%
 116  Austroboletus_116    0.62%    passed     64.45%
 117  Austroboletus_117    0.21%    passed     43.50%
 118  Austroboletus_118    1.23%    passed     51.11%
 119  Austroboletus_119    0.21%    passed     36.50%
 120  Austroboletus_120   41.68%    passed     49.31%
 121  Austroboletus_121    3.70%    passed     62.91%
 122  Austroboletus_122    0.21%    passed     62.80%
 123  Austroboletus_123    6.78%    passed     80.65%
 124  Austroboletus_124   16.02%    passed     70.22%
 125  Austroboletus_125    6.16%    passed     68.46%
 126  Austroboletus_126    3.08%    passed     92.87%
 127  Austroboletus_127    0.21%    passed     69.22%
 128  Austroboletus_128    0.62%    passed     67.81%
 129  Austroboletus_129    3.29%    passed     81.09%
 130  Austroboletus_130    6.16%    passed     68.46%
 131  Austroboletus_131    9.03%    passed     89.56%
 132  Austroboletus_132   45.17%    passed     71.74%
 133  Austroboletus_133    0.62%    passed     60.51%
 134  Austroboletus_134    8.21%    passed     56.08%
 135  Austroboletus_135    0.82%    passed     59.77%
 136  Austroboletus_136    1.44%    passed     63.93%
 137  Austroboletus_137    0.21%    passed     69.22%
 138  Austroboletus_138    0.21%    passed     69.22%
 139  Austroboletus_139    3.08%    passed     57.80%
 140  Austroboletus_140    7.39%    passed     63.64%
 141  Austroboletus_141    9.86%    passed     47.65%
 142  Austroboletus_142    3.49%    passed     63.93%
 143  Austroboletus_143    5.13%    passed     80.78%
 144  Austroboletus_144    8.21%    passed     81.54%
 145  Austroboletus_145    0.00%    passed     51.24%
 146  Austroboletus_146   23.00%    passed     61.55%
 147  Austroboletus_147    2.26%    passed     43.50%
 148  Austroboletus_148    2.26%    passed     43.50%
 149  Austroboletus_149    3.29%    failed      0.01%
 150  Austroboletus_150    3.70%    passed     84.61%
 151  Austroboletus_151    2.26%    passed     86.04%
 152  Austroboletus_152    3.29%    failed      2.39%
 153  Austroboletus_153   10.27%    passed      8.17%
 154  Austroboletus_154   11.29%    passed     61.65%
 155  Austroboletus_155   11.29%    passed     73.93%
 156  Austroboletus_156    8.62%    passed     11.22%
 157  Austroboletus_157   37.37%    passed     39.94%
 158  Austroboletus_158    9.03%    passed     89.56%
 159  Austroboletus_159    1.44%    passed     74.59%
 160  Austroboletus_160    0.00%    passed     91.05%
 161  Austroboletus_161    3.70%    passed     84.61%
 162  Austroboletus_162   26.69%    passed     80.33%
 163  Austroboletus_163    3.70%    passed     84.61%
 164  Austroboletus_164    7.19%    passed     13.09%
 165  Austroboletus_165    4.52%    passed     53.09%
 166  Austroboletus_166    1.03%    passed     17.06%
 167  Austroboletus_167    0.62%    passed     57.61%
 168  Austroboletus_168   40.25%    passed     24.51%
 169  Austroboletus_169   32.24%    passed     38.65%
****  TOTAL                8.43%  2 sequences failed composition chi2 test (p-value<5%; df=3)
NOTE: Austroboletus_027 is identical to Austroboletus_003 but kept for subsequent analysis
NOTE: Austroboletus_007 is identical to Austroboletus_005 but kept for subsequent analysis
NOTE: Austroboletus_023 is identical to Austroboletus_016 but kept for subsequent analysis
NOTE: Austroboletus_046 is identical to Austroboletus_018 but kept for subsequent analysis
NOTE: Austroboletus_133 is identical to Austroboletus_025 but kept for subsequent analysis
NOTE: Austroboletus_102 is identical to Austroboletus_026 but kept for subsequent analysis
NOTE: Austroboletus_029 is identical to Austroboletus_028 but kept for subsequent analysis
NOTE: Austroboletus_035 is identical to Austroboletus_034 but kept for subsequent analysis
NOTE: Austroboletus_056 is identical to Austroboletus_041 but kept for subsequent analysis
NOTE: Austroboletus_060 is identical to Austroboletus_042 but kept for subsequent analysis
NOTE: Austroboletus_051 is identical to Austroboletus_049 but kept for subsequent analysis
NOTE: Austroboletus_065 is identical to Austroboletus_057 but kept for subsequent analysis
NOTE: Austroboletus_164 is identical to Austroboletus_064 but kept for subsequent analysis
NOTE: Austroboletus_070 is identical to Austroboletus_068 but kept for subsequent analysis
NOTE: Austroboletus_126 is identical to Austroboletus_075 but kept for subsequent analysis
NOTE: Austroboletus_085 is identical to Austroboletus_082 but kept for subsequent analysis
NOTE: Austroboletus_158 is identical to Austroboletus_131 but kept for subsequent analysis
NOTE: Austroboletus_138 is identical to Austroboletus_137 but kept for subsequent analysis
NOTE: Austroboletus_161 is identical to Austroboletus_150 but kept for subsequent analysis
Checking for duplicate sequences: done in 0.000764964 secs using 91.77% CPU
Identifying sites to remove: done in 0.0009229 secs using 99.9% CPU
NOTE: 18 identical sequences (see below) will be ignored for subsequent analysis
NOTE: Austroboletus_030 (identical to Austroboletus_003) is ignored but added at the end
NOTE: Austroboletus_135 (identical to Austroboletus_003) is ignored but added at the end
NOTE: Austroboletus_038 (identical to Austroboletus_005) is ignored but added at the end
NOTE: Austroboletus_047 (identical to Austroboletus_018) is ignored but added at the end
NOTE: Austroboletus_139 (identical to Austroboletus_018) is ignored but added at the end
NOTE: Austroboletus_031 (identical to Austroboletus_028) is ignored but added at the end
NOTE: Austroboletus_062 (identical to Austroboletus_042) is ignored but added at the end
NOTE: Austroboletus_074 (identical to Austroboletus_042) is ignored but added at the end
NOTE: Austroboletus_090 (identical to Austroboletus_042) is ignored but added at the end
NOTE: Austroboletus_103 (identical to Austroboletus_042) is ignored but added at the end
NOTE: Austroboletus_104 (identical to Austroboletus_042) is ignored but added at the end
NOTE: Austroboletus_111 (identical to Austroboletus_042) is ignored but added at the end
NOTE: Austroboletus_113 (identical to Austroboletus_042) is ignored but added at the end
NOTE: Austroboletus_125 (identical to Austroboletus_042) is ignored but added at the end
NOTE: Austroboletus_130 (identical to Austroboletus_042) is ignored but added at the end
NOTE: Austroboletus_165 (identical to Austroboletus_057) is ignored but added at the end
NOTE: Austroboletus_108 (identical to Austroboletus_082) is ignored but added at the end
NOTE: Austroboletus_163 (identical to Austroboletus_150) is ignored but added at the end
Alignment was printed to data/packages/ITS/Austroboletus/ref.uniqueseq.phy

For your convenience alignment with unique sequences printed to data/packages/ITS/Austroboletus/ref.uniqueseq.phy


Create initial parsimony tree by phylogenetic likelihood library (PLL)... 0.024 seconds
Measuring multi-threading efficiency up to 72 CPU cores
Increase to 10 rounds for branch lengths
404 trees examined
Threads: 1 / Time: 72.042 sec / Speedup: 1.000 / Efficiency: 100% / LogL: -28167
Threads: 2 / Time: 52.674 sec / Speedup: 1.368 / Efficiency: 68% / LogL: -28167
Threads: 3 / Time: 46.651 sec / Speedup: 1.544 / Efficiency: 51% / LogL: -28167
Threads: 4 / Time: 45.310 sec / Speedup: 1.590 / Efficiency: 40% / LogL: -28167
Determining AUTO threadcount: done in 216.681 secs using 226% CPU
BEST NUMBER OF THREADS: 3

Perform fast likelihood tree search using GTR+I+G model...
Estimate model parameters (epsilon = 5.000)
Perform nearest neighbor interchange...
Optimizing NNI: done in 0.284315 secs using 291.4% CPU
Estimate model parameters (epsilon = 1.000)
1. Initial log-likelihood: -9279.748
Optimal log-likelihood: -9279.446
Rate parameters:  A-C: 1.32453  A-G: 2.05338  A-T: 1.46722  C-G: 0.96565  C-T: 3.03070  G-T: 1.00000
Base frequencies:  A: 0.272  C: 0.212  G: 0.212  T: 0.304
Proportion of invariable sites: 0.162
Gamma shape alpha: 0.794
Parameters optimization took 1 rounds (0.043 sec)
Time for fast ML tree search: 0.485 seconds

NOTE: ModelFinder requires 20 MB RAM!
ModelFinder will test up to 968 DNA models (sample size: 487 epsilon: 0.100) ...
 No. Model         -LnL         df  AIC          AICc         BIC
  1  JC            10219.571    299 21037.141    21996.500    22289.432
  2  JC+I          9745.906     300 20091.812    21062.780    21348.292
  3  JC+G4         9445.902     300 19491.803    20462.771    20748.282
  4  JC+I+G4       9433.757     301 19469.515    20452.239    20730.182
  5  JC+R2         9522.631     301 19647.262    20629.986    20907.930
  6  JC+R3         9435.054     303 19476.109    20482.797    20745.153
  7  JC+R4         9430.931     305 19471.862    20503.133    20749.283
 14  JC+I+R2       9468.746     302 19541.493    20536.123    20806.348
 15  JC+I+R3       9432.445     304 19472.891    20491.792    20746.123
 16  JC+I+R4       9432.110     306 19476.220    20520.020    20757.829
 26  JC+I+G4       9433.757     301 19469.515    20452.239    20730.182
 48  F81+I+G4      9433.756     301 19469.512    20452.237    20730.180
 70  F81+F+I+G4    9388.233     304 19384.465    20403.367    20657.698
 92  K2P+I+G4      9350.437     302 19304.874    20299.504    20569.729
114  K2P+I+G4      9350.437     302 19304.874    20299.504    20569.729
136  HKY+I+G4      9350.429     302 19304.857    20299.488    20569.713
158  HKY+F+I+G4    9297.032     305 19204.064    20235.335    20481.485
180  TNe+I+G4      9336.197     303 19278.394    20285.082    20547.438
202  TNe+I+G4      9336.197     303 19278.394    20285.082    20547.438
224  TN+I+G4       9336.193     303 19278.386    20285.075    20547.430
246  TN+F+I+G4     9288.500     306 19188.999    20232.799    20470.608
268  K3P+I+G4      9346.832     303 19299.664    20306.352    20568.708
290  K3P+I+G4      9346.832     303 19299.664    20306.352    20568.708
312  K3Pu+I+G4     9346.829     303 19299.658    20306.346    20568.702
334  K3Pu+F+I+G4   9296.142     306 19204.283    20248.083    20485.892
356  TPM2+I+G4     9324.882     303 19255.765    20262.453    20524.809
378  TPM2+I+G4     9324.882     303 19255.765    20262.453    20524.809
400  TPM2u+I+G4    9324.881     303 19255.763    20262.451    20524.807
422  TPM2u+F+I+G4  9288.121     306 19188.243    20232.043    20469.852
444  TPM3+I+G4     9338.505     303 19283.011    20289.699    20552.055
466  TPM3+I+G4     9338.505     303 19283.011    20289.699    20552.055
488  TPM3u+I+G4    9338.503     303 19283.006    20289.695    20552.051
510  TPM3u+F+I+G4  9296.483     306 19204.966    20248.766    20486.575
532  TIMe+I+G4     9332.583     304 19273.167    20292.068    20546.399
554  TIMe+I+G4     9332.583     304 19273.167    20292.068    20546.399
576  TIM+I+G4      9332.578     304 19273.156    20292.058    20546.389
598  TIM+F+I+G4    9287.589     307 19189.178    20245.669    20474.975
620  TIM2e+I+G4    9311.626     304 19231.251    20250.153    20504.484
642  TIM2e+I+G4    9311.626     304 19231.251    20250.153    20504.484
664  TIM2+I+G4     9311.624     304 19231.247    20250.148    20504.480
686  TIM2+F+I+G4   9279.407     307 19172.814    20229.306    20458.612
708  TIM3e+I+G4    9324.528     304 19257.055    20275.956    20530.287
730  TIM3e+I+G4    9324.528     304 19257.055    20275.956    20530.287
752  TIM3+I+G4     9324.513     304 19257.025    20275.926    20530.258
774  TIM3+F+I+G4   9288.147     307 19190.293    20246.785    20476.090
796  TVMe+I+G4     9312.475     305 19234.951    20266.222    20512.371
818  TVMe+I+G4     9312.475     305 19234.951    20266.222    20512.371
840  TVM+I+G4      9312.474     305 19234.948    20266.219    20512.368
862  TVM+F+I+G4    9287.517     308 19191.033    20260.382    20481.019
884  SYM+I+G4      9299.390     306 19210.780    20254.580    20492.389
906  SYM+I+G4      9299.390     306 19210.780    20254.580    20492.389
928  GTR+I+G4      9299.384     306 19210.768    20254.568    20492.377
950  GTR+F+I+G4    9278.973     309 19175.946    20258.319    20470.119
Akaike Information Criterion:           TIM2+F+I+G4
Corrected Akaike Information Criterion: TIM2+F+I+G4
Bayesian Information Criterion:         TIM2+F+I+G4
Best-fit model: TIM2+F+I+G4 chosen according to BIC

All model information printed to data/packages/ITS/Austroboletus/ref.model.gz
CPU time for ModelFinder: 512.340 seconds (0h:8m:32s)
Wall-clock time for ModelFinder: 224.319 seconds (0h:3m:44s)
Generating 1000 samples for ultrafast bootstrap (seed: 174536)...

NOTE: 9 MB RAM (0 GB) is required!
Estimate model parameters (epsilon = 0.100)
Thoroughly optimizing +I+G parameters from 10 start values...
Init pinv, alpha: 0.000, 0.888 / Estimate: 0.000, 0.535 / LogL: -9290.852
Init pinv, alpha: 0.031, 0.888 / Estimate: 0.179, 0.841 / LogL: -9279.525
Init pinv, alpha: 0.063, 0.888 / Estimate: 0.178, 0.839 / LogL: -9279.537
Init pinv, alpha: 0.094, 0.888 / Estimate: 0.180, 0.844 / LogL: -9279.514
Init pinv, alpha: 0.126, 0.888 / Estimate: 0.180, 0.844 / LogL: -9279.515
Init pinv, alpha: 0.157, 0.888 / Estimate: 0.178, 0.838 / LogL: -9279.549
Init pinv, alpha: 0.189, 0.888 / Estimate: 0.190, 0.878 / LogL: -9279.414
Init pinv, alpha: 0.220, 0.888 / Estimate: 0.205, 0.930 / LogL: -9279.495
Init pinv, alpha: 0.252, 0.888 / Estimate: 0.204, 0.925 / LogL: -9279.484
Init pinv, alpha: 0.283, 0.888 / Estimate: 0.203, 0.921 / LogL: -9279.473
Optimal pinv,alpha: 0.190, 0.878 / LogL: -9279.414

Parameters optimization took 2.852 sec
Wrote distance file to... 
Computing ML distances based on estimated model parameters...
Calculating distance matrix: done in 0.0379847 secs using 300.2% CPU
Computing ML distances took 0.038429 sec (of wall-clock time) 0.114494 sec (of CPU time)
Setting up auxiliary I and S matrices: done in 0.00087275 secs using 213.1% CPU
Constructing RapidNJ tree: done in 0.002596 secs using 176.6% CPU
Computing RapidNJ tree took 0.003563 sec (of wall-clock time) 0.006539 sec (of CPU time)
Log-likelihood of RapidNJ tree: -9400.746
--------------------------------------------------------------------
|             INITIALIZING CANDIDATE TREE SET                      |
--------------------------------------------------------------------
Generating 98 parsimony trees... 2.067 second
Computing log-likelihood of 98 initial trees ... 1.369 seconds
Current best score: -9279.414

Do NNI search on 20 best initial trees
Optimizing NNI: done in 0.182872 secs using 295.4% CPU
Estimate model parameters (epsilon = 0.100)
BETTER TREE FOUND at iteration 1: -9279.407
Optimizing NNI: done in 0.812172 secs using 297% CPU
Estimate model parameters (epsilon = 0.100)
BETTER TREE FOUND at iteration 2: -9259.780
Optimizing NNI: done in 0.711172 secs using 297.1% CPU
Optimizing NNI: done in 0.693145 secs using 296.8% CPU
Estimate model parameters (epsilon = 0.100)
BETTER TREE FOUND at iteration 4: -9256.232
Optimizing NNI: done in 0.743699 secs using 295.7% CPU
Optimizing NNI: done in 0.786007 secs using 297% CPU
Optimizing NNI: done in 0.705922 secs using 297.3% CPU
Optimizing NNI: done in 0.754851 secs using 296.9% CPU
Optimizing NNI: done in 0.662193 secs using 296.7% CPU
Optimizing NNI: done in 0.692011 secs using 296.4% CPU
Iteration 10 / LogL: -9266.938 / Time: 0h:3m:57s
Optimizing NNI: done in 0.689873 secs using 296.2% CPU
Optimizing NNI: done in 0.708691 secs using 296.1% CPU
Optimizing NNI: done in 0.740877 secs using 295.9% CPU
Optimizing NNI: done in 0.758258 secs using 298% CPU
Optimizing NNI: done in 0.702108 secs using 296.4% CPU
Optimizing NNI: done in 0.717666 secs using 296.6% CPU
Optimizing NNI: done in 0.45459 secs using 295.5% CPU
Optimizing NNI: done in 0.679082 secs using 296.6% CPU
Optimizing NNI: done in 0.67009 secs using 296.1% CPU
Optimizing NNI: done in 0.736637 secs using 296.9% CPU
Iteration 20 / LogL: -9271.813 / Time: 0h:4m:4s
Finish initializing candidate tree set (20)
Current best tree score: -9256.232 / CPU time: 17.306
Number of iterations: 20
--------------------------------------------------------------------
|               OPTIMIZING CANDIDATE TREE SET                      |
--------------------------------------------------------------------
Optimizing NNI: done in 0.838853 secs using 296.1% CPU
Optimizing NNI: done in 0.653053 secs using 294.5% CPU
Optimizing NNI: done in 0.646454 secs using 294.4% CPU
Optimizing NNI: done in 0.703541 secs using 295.7% CPU
Optimizing NNI: done in 0.641199 secs using 294% CPU
Optimizing NNI: done in 0.910559 secs using 295.9% CPU
Optimizing NNI: done in 0.744611 secs using 295.6% CPU
Optimizing NNI: done in 0.786294 secs using 296.4% CPU
Optimizing NNI: done in 0.610556 secs using 294.1% CPU
Optimizing NNI: done in 0.780507 secs using 293.7% CPU
Iteration 30 / LogL: -9257.236 / Time: 0h:4m:12s (0h:1m:11s left)
Optimizing NNI: done in 0.569137 secs using 294.9% CPU
Estimate model parameters (epsilon = 0.100)
BETTER TREE FOUND at iteration 31: -9255.943
Optimizing NNI: done in 0.818136 secs using 295.6% CPU
Optimizing NNI: done in 1.07012 secs using 295.6% CPU
Optimizing NNI: done in 0.734537 secs using 295% CPU
Optimizing NNI: done in 0.725062 secs using 295.1% CPU
Optimizing NNI: done in 0.729948 secs using 296.1% CPU
Optimizing NNI: done in 0.802083 secs using 295.1% CPU
Optimizing NNI: done in 0.756605 secs using 295.7% CPU
BETTER TREE FOUND at iteration 38: -9255.941
Optimizing NNI: done in 0.693575 secs using 296.4% CPU
Estimate model parameters (epsilon = 0.100)
BETTER TREE FOUND at iteration 39: -9254.734
Optimizing NNI: done in 0.709319 secs using 295.1% CPU
Iteration 40 / LogL: -9258.365 / Time: 0h:4m:20s (0h:1m:30s left)
Optimizing NNI: done in 0.780991 secs using 295.6% CPU
Optimizing NNI: done in 0.587851 secs using 296.2% CPU
Optimizing NNI: done in 0.592559 secs using 292.4% CPU
Optimizing NNI: done in 0.924331 secs using 294.4% CPU
Optimizing NNI: done in 0.568791 secs using 294.5% CPU
Estimate model parameters (epsilon = 0.100)
BETTER TREE FOUND at iteration 45: -9254.621
Optimizing NNI: done in 0.77924 secs using 294.4% CPU
Optimizing NNI: done in 0.602305 secs using 295.4% CPU
Optimizing NNI: done in 0.795451 secs using 295.2% CPU
Optimizing NNI: done in 0.850813 secs using 294.7% CPU
Optimizing NNI: done in 0.716871 secs using 293.7% CPU
Iteration 50 / LogL: -9279.033 / Time: 0h:4m:27s (0h:1m:23s left)
Log-likelihood cutoff on original alignment: -9303.720
Optimizing NNI: done in 0.796854 secs using 295.5% CPU
Optimizing NNI: done in 0.693497 secs using 292.8% CPU
Optimizing NNI: done in 0.627507 secs using 294.7% CPU
Optimizing NNI: done in 0.600873 secs using 293.4% CPU
Optimizing NNI: done in 0.666959 secs using 295.1% CPU
Optimizing NNI: done in 0.563025 secs using 297.2% CPU
Optimizing NNI: done in 0.648242 secs using 293.4% CPU
Optimizing NNI: done in 0.745341 secs using 294.1% CPU
Optimizing NNI: done in 0.804345 secs using 293.5% CPU
BETTER TREE FOUND at iteration 59: -9254.620
Optimizing NNI: done in 0.52155 secs using 292.6% CPU
Iteration 60 / LogL: -9370.717 / Time: 0h:4m:34s (0h:1m:24s left)
Optimizing NNI: done in 0.781101 secs using 293.6% CPU
Estimate model parameters (epsilon = 0.100)
BETTER TREE FOUND at iteration 61: -9249.232
Optimizing NNI: done in 0.432969 secs using 292.3% CPU
Optimizing NNI: done in 0.663351 secs using 295.4% CPU
Optimizing NNI: done in 0.753594 secs using 296.1% CPU
Optimizing NNI: done in 0.791209 secs using 295.8% CPU
Optimizing NNI: done in 0.622831 secs using 295.1% CPU
Optimizing NNI: done in 0.763117 secs using 295.2% CPU
Optimizing NNI: done in 0.632173 secs using 293.8% CPU
Optimizing NNI: done in 0.758593 secs using 295.6% CPU
Optimizing NNI: done in 0.727937 secs using 295.7% CPU
Iteration 70 / LogL: -9254.700 / Time: 0h:4m:41s (0h:1m:16s left)
Optimizing NNI: done in 0.465443 secs using 293.7% CPU
Optimizing NNI: done in 0.664347 secs using 296.1% CPU
Optimizing NNI: done in 0.619389 secs using 294.9% CPU
Estimate model parameters (epsilon = 0.100)
BETTER TREE FOUND at iteration 73: -9249.071
Optimizing NNI: done in 0.872036 secs using 295.9% CPU
Optimizing NNI: done in 0.647764 secs using 295.3% CPU
Optimizing NNI: done in 0.844156 secs using 294.9% CPU
Optimizing NNI: done in 0.764385 secs using 294.5% CPU
Optimizing NNI: done in 0.691338 secs using 294.4% CPU
Optimizing NNI: done in 0.811298 secs using 295.2% CPU
Optimizing NNI: done in 0.726767 secs using 294.5% CPU
Iteration 80 / LogL: -9273.284 / Time: 0h:4m:49s (0h:1m:16s left)
Optimizing NNI: done in 0.731687 secs using 295.7% CPU
Optimizing NNI: done in 0.76165 secs using 295.4% CPU
Optimizing NNI: done in 0.776202 secs using 296.5% CPU
Optimizing NNI: done in 0.564947 secs using 295.1% CPU
Optimizing NNI: done in 0.763134 secs using 295.3% CPU
Optimizing NNI: done in 0.737117 secs using 296.1% CPU
Optimizing NNI: done in 0.723484 secs using 295.1% CPU
Optimizing NNI: done in 0.651216 secs using 296.5% CPU
Optimizing NNI: done in 0.868931 secs using 295.3% CPU
Optimizing NNI: done in 0.704938 secs using 294.7% CPU
Iteration 90 / LogL: -9249.084 / Time: 0h:4m:56s (0h:1m:7s left)
Optimizing NNI: done in 0.734081 secs using 294.2% CPU
Optimizing NNI: done in 0.754376 secs using 294.5% CPU
Optimizing NNI: done in 0.768163 secs using 295.9% CPU
Optimizing NNI: done in 0.699204 secs using 295.3% CPU
Optimizing NNI: done in 0.913223 secs using 294.6% CPU
Optimizing NNI: done in 0.579336 secs using 295.6% CPU
Optimizing NNI: done in 0.827304 secs using 295.9% CPU
Optimizing NNI: done in 0.649142 secs using 295.6% CPU
Optimizing NNI: done in 0.659092 secs using 293.6% CPU
Optimizing NNI: done in 0.730492 secs using 296% CPU
Iteration 100 / LogL: -9250.821 / Time: 0h:5m:4s (0h:0m:58s left)
Log-likelihood cutoff on original alignment: -9303.720
NOTE: Bootstrap correlation coefficient of split occurrence frequencies: 0.982
NOTE: UFBoot does not converge, continue at least 100 more iterations
Optimizing NNI: done in 0.609126 secs using 296.2% CPU
Optimizing NNI: done in 0.616066 secs using 294.6% CPU
Optimizing NNI: done in 0.684677 secs using 293.8% CPU
Optimizing NNI: done in 0.752492 secs using 295.3% CPU
Optimizing NNI: done in 0.721845 secs using 294.7% CPU
Optimizing NNI: done in 0.821739 secs using 295.1% CPU
Optimizing NNI: done in 0.625262 secs using 294.5% CPU
Optimizing NNI: done in 0.739262 secs using 295.4% CPU
Optimizing NNI: done in 0.910847 secs using 296% CPU
Optimizing NNI: done in 0.83256 secs using 295.3% CPU
Iteration 110 / LogL: -9249.486 / Time: 0h:5m:12s (0h:1m:12s left)
Optimizing NNI: done in 0.807788 secs using 295.2% CPU
Optimizing NNI: done in 0.848552 secs using 294.6% CPU
Optimizing NNI: done in 0.846709 secs using 294% CPU
Optimizing NNI: done in 0.76899 secs using 295.8% CPU
Optimizing NNI: done in 0.75844 secs using 295.3% CPU
Optimizing NNI: done in 0.567904 secs using 294.6% CPU
Optimizing NNI: done in 0.778699 secs using 295.6% CPU
Optimizing NNI: done in 0.868457 secs using 295.2% CPU
Optimizing NNI: done in 0.733942 secs using 294.9% CPU
Optimizing NNI: done in 0.633588 secs using 294.9% CPU
Iteration 120 / LogL: -9264.747 / Time: 0h:5m:20s (0h:1m:4s left)
Optimizing NNI: done in 0.762867 secs using 294.6% CPU
Optimizing NNI: done in 0.832207 secs using 295.3% CPU
Optimizing NNI: done in 0.732363 secs using 295.3% CPU
Optimizing NNI: done in 0.763285 secs using 296.5% CPU
Optimizing NNI: done in 0.846168 secs using 296.2% CPU
Optimizing NNI: done in 0.803703 secs using 294.7% CPU
Optimizing NNI: done in 0.765448 secs using 295.8% CPU
Optimizing NNI: done in 0.770584 secs using 295.6% CPU
Optimizing NNI: done in 0.68177 secs using 294.5% CPU
Optimizing NNI: done in 0.674324 secs using 294.7% CPU
Iteration 130 / LogL: -9249.080 / Time: 0h:5m:27s (0h:0m:56s left)
Optimizing NNI: done in 0.871379 secs using 296% CPU
Optimizing NNI: done in 0.66284 secs using 294.1% CPU
Optimizing NNI: done in 0.635599 secs using 294% CPU
Optimizing NNI: done in 0.702254 secs using 295.9% CPU
Optimizing NNI: done in 0.7409 secs using 295% CPU
Optimizing NNI: done in 0.521342 secs using 294.4% CPU
Optimizing NNI: done in 0.860768 secs using 295.2% CPU
Optimizing NNI: done in 0.769427 secs using 295.4% CPU
Optimizing NNI: done in 0.94543 secs using 295.8% CPU
Optimizing NNI: done in 0.709991 secs using 294.2% CPU
Iteration 140 / LogL: -9249.073 / Time: 0h:5m:35s (0h:0m:47s left)
Optimizing NNI: done in 0.539001 secs using 293.9% CPU
Optimizing NNI: done in 0.654905 secs using 294.1% CPU
Optimizing NNI: done in 0.628927 secs using 295.7% CPU
Optimizing NNI: done in 0.859266 secs using 295% CPU
Optimizing NNI: done in 0.71445 secs using 295.4% CPU
Optimizing NNI: done in 0.684351 secs using 295.3% CPU
Optimizing NNI: done in 0.675721 secs using 295.2% CPU
Optimizing NNI: done in 0.720781 secs using 296.7% CPU
Optimizing NNI: done in 0.721549 secs using 296.5% CPU
Optimizing NNI: done in 0.799019 secs using 296.8% CPU
Iteration 150 / LogL: -9249.076 / Time: 0h:5m:42s (0h:0m:39s left)
Log-likelihood cutoff on original alignment: -9303.720
Optimizing NNI: done in 0.764196 secs using 296.9% CPU
Optimizing NNI: done in 0.696121 secs using 295.9% CPU
Optimizing NNI: done in 0.795094 secs using 294.4% CPU
Optimizing NNI: done in 0.681425 secs using 294% CPU
Optimizing NNI: done in 0.904958 secs using 295.3% CPU
Optimizing NNI: done in 0.816548 secs using 292.6% CPU
Optimizing NNI: done in 0.875868 secs using 295% CPU
Optimizing NNI: done in 0.55924 secs using 293.9% CPU
Optimizing NNI: done in 0.749636 secs using 294.7% CPU
Optimizing NNI: done in 0.519385 secs using 293% CPU
Iteration 160 / LogL: -9299.699 / Time: 0h:5m:50s (0h:0m:31s left)
Optimizing NNI: done in 0.803712 secs using 295.3% CPU
Optimizing NNI: done in 0.73201 secs using 294.9% CPU
Optimizing NNI: done in 0.829891 secs using 295.5% CPU
Optimizing NNI: done in 0.782432 secs using 295.2% CPU
Optimizing NNI: done in 0.528302 secs using 296.5% CPU
Optimizing NNI: done in 0.815989 secs using 294.7% CPU
Optimizing NNI: done in 0.981244 secs using 295% CPU
Optimizing NNI: done in 0.666016 secs using 295.5% CPU
Optimizing NNI: done in 0.785751 secs using 295.6% CPU
Optimizing NNI: done in 0.64018 secs using 292.8% CPU
Iteration 170 / LogL: -9255.927 / Time: 0h:5m:58s (0h:0m:23s left)
Optimizing NNI: done in 0.665292 secs using 295.8% CPU
Optimizing NNI: done in 0.655263 secs using 296.6% CPU
Optimizing NNI: done in 0.768868 secs using 294.5% CPU
Optimizing NNI: done in 0.718905 secs using 296.1% CPU
Optimizing NNI: done in 0.652721 secs using 295.9% CPU
Optimizing NNI: done in 0.835111 secs using 295.9% CPU
Optimizing NNI: done in 0.60851 secs using 295.6% CPU
Optimizing NNI: done in 0.582333 secs using 294.9% CPU
Optimizing NNI: done in 0.514583 secs using 294.6% CPU
Optimizing NNI: done in 0.787315 secs using 296% CPU
Iteration 180 / LogL: -9250.699 / Time: 0h:6m:5s (0h:0m:15s left)
Optimizing NNI: done in 0.79973 secs using 295.7% CPU
Optimizing NNI: done in 0.70225 secs using 295.2% CPU
Optimizing NNI: done in 0.742687 secs using 294.4% CPU
Optimizing NNI: done in 0.762914 secs using 296.4% CPU
Optimizing NNI: done in 0.650319 secs using 294.5% CPU
Optimizing NNI: done in 0.651255 secs using 294.8% CPU
Optimizing NNI: done in 0.711208 secs using 294.6% CPU
Optimizing NNI: done in 0.783661 secs using 295.3% CPU
Optimizing NNI: done in 0.401388 secs using 296% CPU
Optimizing NNI: done in 0.622456 secs using 294.6% CPU
Iteration 190 / LogL: -9254.355 / Time: 0h:6m:12s (0h:0m:7s left)
Optimizing NNI: done in 0.741053 secs using 295.6% CPU
Optimizing NNI: done in 0.641292 secs using 295.7% CPU
Optimizing NNI: done in 0.708022 secs using 295% CPU
Optimizing NNI: done in 0.829993 secs using 295% CPU
Optimizing NNI: done in 0.687973 secs using 297.2% CPU
Optimizing NNI: done in 0.710974 secs using 295.9% CPU
Optimizing NNI: done in 0.78124 secs using 294.8% CPU
Optimizing NNI: done in 0.993622 secs using 295.8% CPU
Optimizing NNI: done in 0.768603 secs using 296.5% CPU
Optimizing NNI: done in 1.08253 secs using 295.4% CPU
Iteration 200 / LogL: -9269.763 / Time: 0h:6m:20s (0h:0m:0s left)
Log-likelihood cutoff on original alignment: -9303.720
NOTE: Bootstrap correlation coefficient of split occurrence frequencies: 0.997
TREE SEARCH COMPLETED AFTER 200 ITERATIONS / Time: 0h:6m:21s

--------------------------------------------------------------------
|                    FINALIZING TREE SEARCH                        |
--------------------------------------------------------------------
Performs final model parameters optimization
Estimate model parameters (epsilon = 0.010)
1. Initial log-likelihood: -9249.071
Optimal log-likelihood: -9249.070
Rate parameters:  A-C: 1.48183  A-G: 2.13087  A-T: 1.48183  C-G: 1.00000  C-T: 3.11628  G-T: 1.00000
Base frequencies:  A: 0.272  C: 0.212  G: 0.212  T: 0.304
Proportion of invariable sites: 0.190
Gamma shape alpha: 0.865
Parameters optimization took 1 rounds (0.038 sec)
BEST SCORE FOUND : -9249.070
Creating bootstrap support values...
Split supports printed to NEXUS file data/packages/ITS/Austroboletus/ref.splits.nex
Total tree length: 6.549

Total number of iterations: 200
CPU time used for tree search: 440.761 sec (0h:7m:20s)
Wall-clock time used for tree search: 153.911 sec (0h:2m:33s)
Total CPU time used: 963.270 sec (0h:16m:3s)
Total wall-clock time used: 381.983 sec (0h:6m:21s)

Computing bootstrap consensus tree...
Reading input file data/packages/ITS/Austroboletus/ref.splits.nex...
151 taxa and 1642 splits.
Consensus tree written to data/packages/ITS/Austroboletus/ref.contree
Reading input trees file data/packages/ITS/Austroboletus/ref.contree
Log-likelihood of consensus tree: -9249.304

Analysis results written to: 
  IQ-TREE report:                data/packages/ITS/Austroboletus/ref.iqtree
  Maximum-likelihood tree:       data/packages/ITS/Austroboletus/ref.treefile
  Likelihood distances:          data/packages/ITS/Austroboletus/ref.mldist

Ultrafast bootstrap approximation results written to:
  Split support values:          data/packages/ITS/Austroboletus/ref.splits.nex
  Consensus tree:                data/packages/ITS/Austroboletus/ref.contree
  Screen log file:               data/packages/ITS/Austroboletus/ref.log

Date and Time: Mon Aug 18 18:37:53 2025
