IQ-TREE version 3.0.1 for Linux x86 64-bit built May  5 2025
Developed by Bui Quang Minh, Thomas Wong, Nhan Ly-Trong, Huaiyan Ren
Contributed by Lam-Tung Nguyen, Dominik Schrempf, Chris Bielow,
Olga Chernomor, Michael Woodhams, Diep Thi Hoang, Heiko Schmidt

Host:    lnx820.umnh.utah.edu (AVX2, FMA3, 865 GB RAM)
Command: /home/bdentinger/iqtree-3.0.1-Linux/bin/iqtree3_intel -s data/packages/ITS/Suillellus/aln.masked.fasta -m MFP -bb 1000 -nt AUTO -pre data/packages/ITS/Suillellus/ref
Seed:    523859 (Using SPRNG - Scalable Parallel Random Number Generator)
Time:    Mon Aug 18 18:31:49 2025
Kernel:  AVX+FMA - auto-detect threads (72 CPU cores detected)

Reading alignment file data/packages/ITS/Suillellus/aln.masked.fasta ... Fasta format detected
Reading fasta file: done in 0.00188236 secs using 50.89% CPU
Alignment most likely contains DNA/RNA sequences
Constructing alignment: done in 0.00157582 secs using 97.41% CPU
Alignment has 187 sequences with 610 columns, 381 distinct patterns
201 parsimony-informative, 125 singleton sites, 284 constant sites
                Gap/Ambiguity  Composition  p-value
Analyzing sequences: done in 0.000234142 secs using 99.51% CPU
   1  Suillellus_001    0.00%    passed     95.27%
   2  Suillellus_002    0.00%    passed     94.95%
   3  Suillellus_003    0.00%    passed     95.78%
   4  Suillellus_004    0.00%    passed     94.95%
   5  Suillellus_005    0.16%    passed     94.18%
   6  Suillellus_006    0.00%    passed     94.95%
   7  Suillellus_007    0.16%    passed     94.12%
   8  Suillellus_008   13.61%    passed     79.08%
   9  Suillellus_009    5.57%    passed     89.43%
  10  Suillellus_010   10.49%    passed     41.59%
  11  Suillellus_011    3.11%    passed     90.81%
  12  Suillellus_012    5.74%    passed     92.76%
  13  Suillellus_013    0.00%    passed     93.53%
  14  Suillellus_014    0.00%    passed     95.78%
  15  Suillellus_015    2.46%    passed     84.20%
  16  Suillellus_016    5.74%    passed     92.76%
  17  Suillellus_017    0.16%    passed     94.87%
  18  Suillellus_018    0.00%    passed     95.78%
  19  Suillellus_019    0.00%    passed     95.78%
  20  Suillellus_020    0.00%    passed     95.78%
  21  Suillellus_021    0.16%    passed     96.75%
  22  Suillellus_022    0.16%    passed     95.04%
  23  Suillellus_023    0.00%    passed     93.53%
  24  Suillellus_024    4.26%    passed     92.77%
  25  Suillellus_025    0.16%    passed     96.31%
  26  Suillellus_026    0.00%    passed     92.11%
  27  Suillellus_027   10.00%    passed     89.36%
  28  Suillellus_028    0.00%    passed     94.95%
  29  Suillellus_029   11.31%    passed     91.84%
  30  Suillellus_030    0.98%    passed     94.41%
  31  Suillellus_031    0.00%    passed     94.95%
  32  Suillellus_032    0.33%    passed     97.94%
  33  Suillellus_033    1.80%    passed     98.73%
  34  Suillellus_034    1.48%    passed     96.16%
  35  Suillellus_035    5.57%    passed     96.61%
  36  Suillellus_036    3.28%    passed     97.94%
  37  Suillellus_037    0.00%    passed     94.95%
  38  Suillellus_038    0.00%    passed     98.83%
  39  Suillellus_039   24.26%    passed     81.72%
  40  Suillellus_040    7.21%    passed     74.33%
  41  Suillellus_041    0.00%    passed     90.18%
  42  Suillellus_042    0.33%    passed     94.57%
  43  Suillellus_043    1.64%    passed     91.22%
  44  Suillellus_044    3.77%    passed     92.57%
  45  Suillellus_045    0.00%    passed     93.53%
  46  Suillellus_046    3.77%    passed     92.96%
  47  Suillellus_047    0.00%    passed     94.95%
  48  Suillellus_048    0.00%    passed     93.53%
  49  Suillellus_049    3.28%    passed     96.04%
  50  Suillellus_050    0.66%    passed     96.94%
  51  Suillellus_051    6.23%    passed     90.13%
  52  Suillellus_052    0.66%    passed     86.91%
  53  Suillellus_053    0.00%    passed     87.10%
  54  Suillellus_054    0.00%    passed     90.18%
  55  Suillellus_055    0.49%    passed     98.15%
  56  Suillellus_056    0.49%    passed     97.40%
  57  Suillellus_057    0.49%    passed     97.16%
  58  Suillellus_058    2.13%    passed     98.14%
  59  Suillellus_059    6.07%    passed     97.42%
  60  Suillellus_060    0.00%    passed     92.75%
  61  Suillellus_061    0.16%    passed     88.01%
  62  Suillellus_062    3.28%    passed     96.04%
  63  Suillellus_063    0.66%    passed     96.94%
  64  Suillellus_064    6.23%    passed     90.13%
  65  Suillellus_065   24.10%    passed     86.96%
  66  Suillellus_066   22.46%    passed     81.02%
  67  Suillellus_067    0.49%    passed     87.91%
  68  Suillellus_068    0.98%    passed     93.04%
  69  Suillellus_069    4.75%    passed     88.26%
  70  Suillellus_070    0.33%    passed     94.27%
  71  Suillellus_071    7.70%    passed     96.21%
  72  Suillellus_072    9.18%    passed     94.15%
  73  Suillellus_073    0.00%    passed     92.47%
  74  Suillellus_074    0.00%    passed     95.62%
  75  Suillellus_075    0.33%    passed     94.27%
  76  Suillellus_076    0.49%    passed     95.85%
  77  Suillellus_077    0.00%    passed     94.95%
  78  Suillellus_078    0.00%    passed     97.97%
  79  Suillellus_079    0.33%    passed     95.91%
  80  Suillellus_080    0.16%    passed     91.45%
  81  Suillellus_081    0.66%    passed     99.57%
  82  Suillellus_082    0.66%    passed     99.57%
  83  Suillellus_083    4.59%    passed     93.92%
  84  Suillellus_084   11.15%    passed     64.15%
  85  Suillellus_085    1.31%    passed     85.26%
  86  Suillellus_086    4.26%    passed     90.75%
  87  Suillellus_087    4.43%    passed     97.77%
  88  Suillellus_088    9.18%    passed     94.15%
  89  Suillellus_089    0.00%    passed     95.62%
  90  Suillellus_090    0.00%    passed     93.04%
  91  Suillellus_091    0.98%    passed     86.69%
  92  Suillellus_092    0.00%    passed     92.75%
  93  Suillellus_093    3.28%    passed     89.62%
  94  Suillellus_094    1.48%    passed     90.74%
  95  Suillellus_095    9.34%    passed     91.94%
  96  Suillellus_096    0.00%    passed     90.92%
  97  Suillellus_097    0.82%    passed     91.14%
  98  Suillellus_098    0.66%    passed     85.02%
  99  Suillellus_099    3.61%    passed     93.93%
 100  Suillellus_100    0.00%    passed     93.68%
 101  Suillellus_101    0.49%    passed     93.25%
 102  Suillellus_102    0.00%    passed     95.03%
 103  Suillellus_103    0.00%    passed     95.03%
 104  Suillellus_104    0.00%    passed     90.84%
 105  Suillellus_105    0.00%    passed     94.95%
 106  Suillellus_106    5.57%    passed     90.50%
 107  Suillellus_107    3.28%    passed     90.30%
 108  Suillellus_108   46.23%    passed     87.93%
 109  Suillellus_109    4.59%    passed     83.30%
 110  Suillellus_110    2.13%    passed     87.82%
 111  Suillellus_111   53.93%    passed     60.08%
 112  Suillellus_112    9.51%    passed     92.80%
 113  Suillellus_113    3.93%    passed     94.92%
 114  Suillellus_114   25.74%    passed     88.46%
 115  Suillellus_115   19.02%    passed     91.44%
 116  Suillellus_116    5.41%    passed     93.80%
 117  Suillellus_117    6.56%    passed     84.43%
 118  Suillellus_118    3.77%    passed     92.28%
 119  Suillellus_119    9.34%    passed     91.94%
 120  Suillellus_120    9.67%    passed     94.04%
 121  Suillellus_121    7.21%    passed     92.45%
 122  Suillellus_122    6.07%    passed     93.52%
 123  Suillellus_123    0.16%    passed     99.82%
 124  Suillellus_124    1.15%    passed     92.29%
 125  Suillellus_125    0.98%    passed     86.69%
 126  Suillellus_126    0.49%    passed     92.75%
 127  Suillellus_127    0.82%    passed     88.15%
 128  Suillellus_128    0.66%    passed     86.75%
 129  Suillellus_129    0.16%    passed     94.31%
 130  Suillellus_130    0.00%    passed     83.49%
 131  Suillellus_131    0.33%    passed     92.19%
 132  Suillellus_132    0.00%    passed     99.76%
 133  Suillellus_133    0.16%    passed     94.17%
 134  Suillellus_134    0.49%    passed     95.16%
 135  Suillellus_135    0.16%    passed     95.77%
 136  Suillellus_136    0.16%    passed     94.02%
 137  Suillellus_137    2.79%    passed     89.58%
 138  Suillellus_138    0.16%    passed     99.36%
 139  Suillellus_139    0.00%    passed     93.04%
 140  Suillellus_140    0.16%    passed     94.02%
 141  Suillellus_141    0.66%    passed     90.82%
 142  Suillellus_142    2.13%    passed     90.47%
 143  Suillellus_143    0.00%    passed     93.62%
 144  Suillellus_144    0.00%    passed     93.04%
 145  Suillellus_145    0.16%    passed     99.72%
 146  Suillellus_146    1.15%    passed     97.47%
 147  Suillellus_147   13.77%    passed     93.24%
 148  Suillellus_148    7.21%    passed     87.38%
 149  Suillellus_149    7.38%    passed     89.20%
 150  Suillellus_150    6.07%    passed     90.91%
 151  Suillellus_151    3.44%    passed     82.24%
 152  Suillellus_152    4.26%    passed     91.71%
 153  Suillellus_153   22.79%    passed     78.07%
 154  Suillellus_154    0.49%    passed     95.16%
 155  Suillellus_155    5.90%    passed     84.86%
 156  Suillellus_156    2.62%    passed     82.54%
 157  Suillellus_157    6.89%    passed     85.54%
 158  Suillellus_158    5.41%    passed     73.92%
 159  Suillellus_159   42.30%    passed     47.14%
 160  Suillellus_160   24.59%    passed     86.85%
 161  Suillellus_161    5.25%    passed     93.20%
 162  Suillellus_162    1.97%    passed     78.20%
 163  Suillellus_163   11.15%    passed     64.15%
 164  Suillellus_164    2.95%    passed     83.74%
 165  Suillellus_165    0.16%    passed     94.02%
 166  Suillellus_166    0.00%    passed     92.27%
 167  Suillellus_167    1.31%    failed      2.16%
 168  Suillellus_168    1.48%    passed     81.21%
 169  Suillellus_169    0.00%    passed     83.49%
 170  Suillellus_170    0.16%    passed     86.07%
 171  Suillellus_171    1.31%    passed     85.26%
 172  Suillellus_172    3.28%    passed     83.47%
 173  Suillellus_173    0.00%    passed     92.75%
 174  Suillellus_174    0.00%    passed     83.49%
 175  Suillellus_175    0.00%    passed     93.87%
 176  Suillellus_176    0.00%    passed     83.49%
 177  Suillellus_177    3.44%    passed     82.24%
 178  Suillellus_178   22.79%    passed     82.94%
 179  Suillellus_179    0.00%    passed     93.04%
 180  Suillellus_180    0.00%    passed     93.48%
 181  Suillellus_181   26.72%    passed     91.58%
 182  Suillellus_182    3.11%    passed     88.66%
 183  Suillellus_183   39.84%    passed     24.26%
 184  Suillellus_184    0.00%    passed     92.75%
 185  Suillellus_185    0.00%    passed     93.48%
 186  Suillellus_186    1.31%    passed     89.01%
 187  Suillellus_187    3.11%    passed     91.29%
WARNING: 1 sequences contain more than 50% gaps/ambiguity
****  TOTAL             4.30%  1 sequences failed composition chi2 test (p-value<5%; df=3)
NOTE: Suillellus_004 is identical to Suillellus_002 but kept for subsequent analysis
NOTE: Suillellus_014 is identical to Suillellus_003 but kept for subsequent analysis
NOTE: Suillellus_016 is identical to Suillellus_012 but kept for subsequent analysis
NOTE: Suillellus_023 is identical to Suillellus_013 but kept for subsequent analysis
NOTE: Suillellus_054 is identical to Suillellus_041 but kept for subsequent analysis
NOTE: Suillellus_062 is identical to Suillellus_049 but kept for subsequent analysis
NOTE: Suillellus_063 is identical to Suillellus_050 but kept for subsequent analysis
NOTE: Suillellus_064 is identical to Suillellus_051 but kept for subsequent analysis
NOTE: Suillellus_092 is identical to Suillellus_060 but kept for subsequent analysis
NOTE: Suillellus_075 is identical to Suillellus_070 but kept for subsequent analysis
NOTE: Suillellus_088 is identical to Suillellus_072 but kept for subsequent analysis
NOTE: Suillellus_082 is identical to Suillellus_081 but kept for subsequent analysis
NOTE: Suillellus_163 is identical to Suillellus_084 but kept for subsequent analysis
NOTE: Suillellus_171 is identical to Suillellus_085 but kept for subsequent analysis
NOTE: Suillellus_139 is identical to Suillellus_090 but kept for subsequent analysis
NOTE: Suillellus_125 is identical to Suillellus_091 but kept for subsequent analysis
NOTE: Suillellus_103 is identical to Suillellus_102 but kept for subsequent analysis
NOTE: Suillellus_169 is identical to Suillellus_130 but kept for subsequent analysis
NOTE: Suillellus_140 is identical to Suillellus_136 but kept for subsequent analysis
NOTE: Suillellus_177 is identical to Suillellus_151 but kept for subsequent analysis
NOTE: Suillellus_185 is identical to Suillellus_180 but kept for subsequent analysis
Checking for duplicate sequences: done in 0.000871595 secs using 82.72% CPU
Identifying sites to remove: done in 0.00112266 secs using 99.94% CPU
NOTE: 18 identical sequences (see below) will be ignored for subsequent analysis
NOTE: Suillellus_006 (identical to Suillellus_002) is ignored but added at the end
NOTE: Suillellus_028 (identical to Suillellus_002) is ignored but added at the end
NOTE: Suillellus_031 (identical to Suillellus_002) is ignored but added at the end
NOTE: Suillellus_037 (identical to Suillellus_002) is ignored but added at the end
NOTE: Suillellus_047 (identical to Suillellus_002) is ignored but added at the end
NOTE: Suillellus_077 (identical to Suillellus_002) is ignored but added at the end
NOTE: Suillellus_105 (identical to Suillellus_002) is ignored but added at the end
NOTE: Suillellus_018 (identical to Suillellus_003) is ignored but added at the end
NOTE: Suillellus_019 (identical to Suillellus_003) is ignored but added at the end
NOTE: Suillellus_020 (identical to Suillellus_003) is ignored but added at the end
NOTE: Suillellus_045 (identical to Suillellus_013) is ignored but added at the end
NOTE: Suillellus_048 (identical to Suillellus_013) is ignored but added at the end
NOTE: Suillellus_173 (identical to Suillellus_060) is ignored but added at the end
NOTE: Suillellus_184 (identical to Suillellus_060) is ignored but added at the end
NOTE: Suillellus_144 (identical to Suillellus_090) is ignored but added at the end
NOTE: Suillellus_179 (identical to Suillellus_090) is ignored but added at the end
NOTE: Suillellus_174 (identical to Suillellus_130) is ignored but added at the end
NOTE: Suillellus_176 (identical to Suillellus_130) is ignored but added at the end
Alignment was printed to data/packages/ITS/Suillellus/ref.uniqueseq.phy

For your convenience alignment with unique sequences printed to data/packages/ITS/Suillellus/ref.uniqueseq.phy


Create initial parsimony tree by phylogenetic likelihood library (PLL)... 0.018 seconds
Measuring multi-threading efficiency up to 72 CPU cores
Increase to 10 rounds for branch lengths
357 trees examined
Threads: 1 / Time: 72.199 sec / Speedup: 1.000 / Efficiency: 100% / LogL: -15490
Threads: 2 / Time: 51.274 sec / Speedup: 1.408 / Efficiency: 70% / LogL: -15490
Threads: 3 / Time: 47.097 sec / Speedup: 1.533 / Efficiency: 51% / LogL: -15490
Threads: 4 / Time: 42.544 sec / Speedup: 1.697 / Efficiency: 42% / LogL: -15490
Determining AUTO threadcount: done in 213.115 secs using 224.5% CPU
BEST NUMBER OF THREADS: 3

Perform fast likelihood tree search using GTR+I+G model...
Estimate model parameters (epsilon = 5.000)
Perform nearest neighbor interchange...
Optimizing NNI: done in 0.221633 secs using 292.3% CPU
Estimate model parameters (epsilon = 1.000)
1. Initial log-likelihood: -4819.559
Optimal log-likelihood: -4819.280
Rate parameters:  A-C: 1.26437  A-G: 3.09394  A-T: 0.87042  C-G: 1.50774  C-T: 3.95719  G-T: 1.00000
Base frequencies:  A: 0.213  C: 0.258  G: 0.249  T: 0.279
Proportion of invariable sites: 0.204
Gamma shape alpha: 0.765
Parameters optimization took 1 rounds (0.071 sec)
Time for fast ML tree search: 0.536 seconds

NOTE: ModelFinder requires 22 MB RAM!
ModelFinder will test up to 968 DNA models (sample size: 610 epsilon: 0.100) ...
 No. Model         -LnL         df  AIC          AICc         BIC
  1  JC            5158.786     335 10987.571    11809.177    12466.080
  2  JC+I          5011.355     336 10694.710    11524.249    12177.632
  3  JC+G4         4936.946     336 10545.893    11375.431    12028.815
  4  JC+I+G4       4937.338     337 10548.677    11386.221    12036.012
  5  JC+R2         4930.133     337 10534.267    11371.811    12021.602
  6  JC+R3         4924.202     339 10526.404    11380.181    12022.566
 14  JC+I+R2       4925.232     338 10526.465    11372.088    12018.214
 15  JC+I+R3       4924.567     340 10529.135    11391.142    12029.711
 27  JC+R2         4930.133     337 10534.267    11371.811    12021.602
 28  JC+R3         4924.202     339 10526.404    11380.181    12022.566
 36  JC+I+R2       4925.232     338 10526.465    11372.088    12018.214
 49  F81+R2        4930.167     337 10534.333    11371.878    12021.669
 50  F81+R3        4924.038     339 10526.076    11379.854    12022.239
 58  F81+I+R2      4925.207     338 10526.414    11372.037    12018.163
 71  F81+F+R2      4917.420     340 10514.840    11376.847    12015.416
 72  F81+F+R3      4911.270     342 10506.540    11385.236    12015.943
 80  F81+F+I+R2    4912.527     341 10507.054    11377.367    12012.043
 93  K2P+R2        4829.360     338 10334.719    11180.343    11826.469
 94  K2P+R3        4821.953     340 10323.906    11185.914    11824.482
102  K2P+I+R2      4823.512     339 10325.025    11178.802    11821.187
115  K2P+R2        4829.360     338 10334.719    11180.343    11826.469
116  K2P+R3        4821.953     340 10323.906    11185.914    11824.482
124  K2P+I+R2      4823.512     339 10325.025    11178.802    11821.187
137  HKY+R2        4829.354     338 10334.708    11180.332    11826.457
138  HKY+R3        4821.808     340 10323.616    11185.623    11824.192
146  HKY+I+R2      4823.491     339 10324.983    11178.760    11821.145
159  HKY+F+R2      4818.585     341 10319.171    11189.484    11824.160
160  HKY+F+R3      4811.019     343 10308.038    11195.196    11821.855
168  HKY+F+I+R2    4812.533     342 10309.066    11187.762    11818.469
181  TNe+R2        4823.989     339 10325.979    11179.757    11822.142
182  TNe+R3        4815.677     341 10313.353    11183.667    11818.343
190  TNe+I+R2      4817.127     340 10314.255    11176.262    11814.831
203  TNe+R2        4823.989     339 10325.979    11179.757    11822.142
204  TNe+R3        4815.677     341 10313.353    11183.667    11818.343
212  TNe+I+R2      4817.127     340 10314.255    11176.262    11814.831
225  TN+R2         4823.987     339 10325.974    11179.752    11822.137
226  TN+R3         4815.632     341 10313.263    11183.577    11818.253
234  TN+I+R2       4817.110     340 10314.220    11176.227    11814.796
247  TN+F+R2       4817.458     342 10318.916    11197.613    11828.319
248  TN+F+R3       4809.593     344 10307.185    11202.883    11825.415
256  TN+F+I+R2     4811.040     343 10308.079    11195.237    11821.896
269  K3P+R2        4829.263     339 10336.526    11190.304    11832.689
270  K3P+R3        4821.432     341 10324.863    11195.177    11829.853
278  K3P+I+R2      4823.385     340 10326.770    11188.778    11827.347
291  K3P+R2        4829.263     339 10336.526    11190.304    11832.689
292  K3P+R3        4821.432     341 10324.863    11195.177    11829.853
300  K3P+I+R2      4823.385     340 10326.770    11188.778    11827.347
313  K3Pu+R2       4829.262     339 10336.525    11190.303    11832.687
314  K3Pu+R3       4821.389     341 10324.778    11195.091    11829.767
322  K3Pu+I+R2     4823.379     340 10326.758    11188.765    11827.334
335  K3Pu+F+R2     4818.466     342 10320.932    11199.629    11830.335
336  K3Pu+F+R3     4810.726     344 10309.451    11205.149    11827.681
344  K3Pu+F+I+R2   4812.396     343 10310.793    11197.951    11824.609
357  TPM2+R2       4825.916     339 10329.832    11183.610    11825.995
358  TPM2+R3       4818.116     341 10318.232    11188.546    11823.222
366  TPM2+I+R2     4820.574     340 10321.149    11183.156    11821.725
379  TPM2+R2       4825.916     339 10329.832    11183.610    11825.995
380  TPM2+R3       4818.116     341 10318.232    11188.546    11823.222
388  TPM2+I+R2     4820.574     340 10321.149    11183.156    11821.725
401  TPM2u+R2      4825.916     339 10329.832    11183.610    11825.995
402  TPM2u+R3      4818.051     341 10318.103    11188.416    11823.092
410  TPM2u+I+R2    4820.574     340 10321.147    11183.155    11821.723
423  TPM2u+F+R2    4817.281     342 10318.563    11197.260    11827.966
424  TPM2u+F+R3    4809.678     344 10307.356    11203.054    11825.586
432  TPM2u+F+I+R2  4811.566     343 10309.133    11196.291    11822.949
445  TPM3+R2       4826.219     339 10330.438    11184.215    11826.600
446  TPM3+R3       4818.784     341 10319.569    11189.882    11824.558
454  TPM3+I+R2     4820.964     340 10321.929    11183.936    11822.505
467  TPM3+R2       4826.219     339 10330.438    11184.215    11826.600
468  TPM3+R3       4818.784     341 10319.569    11189.882    11824.558
476  TPM3+I+R2     4820.964     340 10321.929    11183.936    11822.505
489  TPM3u+R2      4826.218     339 10330.435    11184.213    11826.598
490  TPM3u+R3      4818.772     341 10319.545    11189.858    11824.534
498  TPM3u+I+R2    4820.964     340 10321.927    11183.935    11822.503
511  TPM3u+F+R2    4814.319     342 10312.638    11191.335    11822.041
512  TPM3u+F+R3    4807.075     344 10302.149    11197.847    11820.379
520  TPM3u+F+I+R2  4808.915     343 10303.830    11190.988    11817.646
533  TIMe+R2       4823.894     340 10327.788    11189.796    11828.364
534  TIMe+R3       4815.424     342 10314.848    11193.545    11824.251
542  TIMe+I+R2     4817.027     341 10316.053    11186.367    11821.043
555  TIMe+R2       4823.894     340 10327.788    11189.796    11828.364
556  TIMe+R3       4815.424     342 10314.848    11193.545    11824.251
564  TIMe+I+R2     4817.027     341 10316.053    11186.367    11821.043
577  TIM+R2        4823.894     340 10327.788    11189.795    11828.364
578  TIM+R3        4815.417     342 10314.835    11193.532    11824.238
586  TIM+I+R2      4817.011     341 10316.022    11186.336    11821.012
599  TIM+F+R2      4817.342     343 10320.685    11207.843    11834.501
600  TIM+F+R3      4809.402     345 10308.804    11213.122    11831.447
608  TIM+F+I+R2    4810.924     344 10309.849    11205.547    11828.079
621  TIM2e+R2      4820.711     340 10321.422    11183.430    11821.998
622  TIM2e+R3      4812.474     342 10308.948    11187.645    11818.351
630  TIM2e+I+R2    4814.375     341 10310.750    11181.063    11815.739
643  TIM2e+R2      4820.711     340 10321.422    11183.430    11821.998
644  TIM2e+R3      4812.474     342 10308.948    11187.645    11818.351
652  TIM2e+I+R2    4814.375     341 10310.750    11181.063    11815.739
665  TIM2+R2       4820.712     340 10321.423    11183.431    11822.000
666  TIM2+R3       4812.470     342 10308.940    11187.636    11818.343
674  TIM2+I+R2     4814.375     341 10310.750    11181.064    11815.740
687  TIM2+F+R2     4816.183     343 10318.366    11205.523    11832.182
688  TIM2+F+R3     4808.439     345 10306.879    11211.197    11829.522
696  TIM2+F+I+R2   4810.096     344 10308.191    11203.889    11826.421
709  TIM3e+R2      4820.887     340 10321.774    11183.782    11822.350
710  TIM3e+R3      4813.001     342 10310.002    11188.699    11819.405
718  TIM3e+I+R2    4814.776     341 10311.551    11181.865    11816.541
731  TIM3e+R2      4820.887     340 10321.774    11183.782    11822.350
732  TIM3e+R3      4813.001     342 10310.002    11188.699    11819.405
740  TIM3e+I+R2    4814.776     341 10311.551    11181.865    11816.541
753  TIM3+R2       4820.886     340 10321.771    11183.779    11822.347
754  TIM3+R3       4813.000     342 10309.999    11188.696    11819.402
762  TIM3+I+R2     4814.774     341 10311.548    11181.862    11816.538
775  TIM3+F+R2     4813.190     343 10312.380    11199.538    11826.197
776  TIM3+F+R3     4805.790     345 10301.581    11205.899    11824.224
784  TIM3+F+I+R2   4807.501     344 10303.003    11198.701    11821.233
797  TVMe+R2       4822.821     341 10327.641    11197.954    11832.631
798  TVMe+R3       4815.392     343 10316.785    11203.942    11830.601
806  TVMe+I+R2     4818.080     342 10320.160    11198.857    11829.563
819  TVMe+R2       4822.821     341 10327.641    11197.954    11832.631
820  TVMe+R3       4815.392     343 10316.785    11203.942    11830.601
828  TVMe+I+R2     4818.080     342 10320.160    11198.857    11829.563
841  TVM+R2        4822.819     341 10327.637    11197.951    11832.627
842  TVM+R3        4815.359     343 10316.719    11203.877    11830.535
850  TVM+I+R2      4818.079     342 10320.158    11198.855    11829.561
863  TVM+F+R2      4813.053     344 10314.106    11209.804    11832.336
864  TVM+F+R3      4805.908     346 10303.815    11216.834    11830.872
872  TVM+F+I+R2    4807.982     345 10305.964    11210.282    11828.608
885  SYM+R2        4817.643     342 10319.287    11197.983    11828.690
886  SYM+R3        4809.900     344 10307.800    11203.498    11826.030
894  SYM+I+R2      4812.046     343 10310.092    11197.250    11823.909
907  SYM+R2        4817.643     342 10319.287    11197.983    11828.690
908  SYM+R3        4809.900     344 10307.800    11203.498    11826.030
916  SYM+I+R2      4812.046     343 10310.092    11197.250    11823.909
929  GTR+R2        4817.642     342 10319.284    11197.981    11828.687
930  GTR+R3        4809.898     344 10307.796    11203.494    11826.026
938  GTR+I+R2      4812.043     343 10310.086    11197.244    11823.903
951  GTR+F+R2      4811.947     345 10313.894    11218.212    11836.537
952  GTR+F+R3      4804.673     347 10303.346    11225.148    11834.816
960  GTR+F+I+R2    4806.579     346 10305.157    11218.176    11832.214
Akaike Information Criterion:           TIM3+F+R3
Corrected Akaike Information Criterion: TN+I+R2
Bayesian Information Criterion:         TN+I+R2
Best-fit model: TN+I+R2 chosen according to BIC

All model information printed to data/packages/ITS/Suillellus/ref.model.gz
CPU time for ModelFinder: 517.508 seconds (0h:8m:37s)
Wall-clock time for ModelFinder: 226.276 seconds (0h:3m:46s)
Generating 1000 samples for ultrafast bootstrap (seed: 523859)...

NOTE: 5 MB RAM (0 GB) is required!
Estimate model parameters (epsilon = 0.100)
1. Initial log-likelihood: -4811.073
Optimal log-likelihood: -4811.022
Rate parameters:  A-C: 1.00000  A-G: 2.72710  A-T: 1.00000  C-G: 1.00000  C-T: 3.40189  G-T: 1.00000
Base frequencies:  A: 0.213  C: 0.258  G: 0.249  T: 0.279
Proportion of invariable sites: 0.255
Site proportion and rates:  (0.591,0.614) (0.153,4.155)
Parameters optimization took 1 rounds (0.043 sec)
Wrote distance file to... 
Computing ML distances based on estimated model parameters...
Calculating distance matrix: done in 0.0285359 secs using 299.5% CPU
Computing ML distances took 0.028839 sec (of wall-clock time) 0.085768 sec (of CPU time)
Setting up auxiliary I and S matrices: done in 0.000886265 secs using 213.5% CPU
Constructing RapidNJ tree: done in 0.00297974 secs using 200.1% CPU
Computing RapidNJ tree took 0.003965 sec (of wall-clock time) 0.007956 sec (of CPU time)
Log-likelihood of RapidNJ tree: -4956.236
--------------------------------------------------------------------
|             INITIALIZING CANDIDATE TREE SET                      |
--------------------------------------------------------------------
Generating 98 parsimony trees... 1.803 second
Computing log-likelihood of 98 initial trees ... 1.004 seconds
Current best score: -4811.022

Do NNI search on 20 best initial trees
Optimizing NNI: done in 0.193581 secs using 294.4% CPU
Estimate model parameters (epsilon = 0.100)
BETTER TREE FOUND at iteration 1: -4811.010
Optimizing NNI: done in 0.689348 secs using 297.1% CPU
Estimate model parameters (epsilon = 0.100)
BETTER TREE FOUND at iteration 2: -4802.944
Optimizing NNI: done in 0.739724 secs using 295.5% CPU
Estimate model parameters (epsilon = 0.100)
BETTER TREE FOUND at iteration 3: -4802.715
Optimizing NNI: done in 0.524843 secs using 298.6% CPU
Optimizing NNI: done in 0.537478 secs using 297.2% CPU
Optimizing NNI: done in 0.768855 secs using 296.8% CPU
Estimate model parameters (epsilon = 0.100)
BETTER TREE FOUND at iteration 6: -4801.980
Optimizing NNI: done in 0.809042 secs using 296.2% CPU
Estimate model parameters (epsilon = 0.100)
BETTER TREE FOUND at iteration 7: -4799.548
Optimizing NNI: done in 0.648158 secs using 297.3% CPU
Optimizing NNI: done in 0.791457 secs using 297.7% CPU
Optimizing NNI: done in 0.74607 secs using 297.2% CPU
Iteration 10 / LogL: -4801.125 / Time: 0h:3m:56s
Optimizing NNI: done in 0.747727 secs using 296.7% CPU
Optimizing NNI: done in 0.753451 secs using 296.6% CPU
Optimizing NNI: done in 0.701834 secs using 295.4% CPU
Optimizing NNI: done in 0.675002 secs using 297% CPU
Optimizing NNI: done in 0.696781 secs using 298.4% CPU
Optimizing NNI: done in 0.557886 secs using 296.6% CPU
Optimizing NNI: done in 0.666483 secs using 296.1% CPU
Optimizing NNI: done in 0.622289 secs using 296% CPU
Optimizing NNI: done in 0.386108 secs using 297.5% CPU
Optimizing NNI: done in 0.694919 secs using 297% CPU
Iteration 20 / LogL: -4806.823 / Time: 0h:4m:2s
Finish initializing candidate tree set (20)
Current best tree score: -4799.548 / CPU time: 16.069
Number of iterations: 20
--------------------------------------------------------------------
|               OPTIMIZING CANDIDATE TREE SET                      |
--------------------------------------------------------------------
Optimizing NNI: done in 0.539156 secs using 295.7% CPU
Optimizing NNI: done in 0.70433 secs using 296.2% CPU
Optimizing NNI: done in 0.593048 secs using 295.1% CPU
Estimate model parameters (epsilon = 0.100)
BETTER TREE FOUND at iteration 23: -4799.092
Optimizing NNI: done in 0.709635 secs using 295.1% CPU
Optimizing NNI: done in 0.555403 secs using 294.6% CPU
Optimizing NNI: done in 0.525855 secs using 296.3% CPU
Optimizing NNI: done in 0.533507 secs using 295.3% CPU
Optimizing NNI: done in 0.433871 secs using 295.3% CPU
Optimizing NNI: done in 0.55301 secs using 295% CPU
Optimizing NNI: done in 0.669035 secs using 295.7% CPU
Estimate model parameters (epsilon = 0.100)
BETTER TREE FOUND at iteration 30: -4798.987
Iteration 30 / LogL: -4798.987 / Time: 0h:4m:8s (0h:1m:16s left)
Optimizing NNI: done in 0.45642 secs using 294.9% CPU
Optimizing NNI: done in 0.622651 secs using 295% CPU
Optimizing NNI: done in 0.574309 secs using 295.7% CPU
Optimizing NNI: done in 0.600432 secs using 296.8% CPU
Optimizing NNI: done in 0.646476 secs using 296.4% CPU
Optimizing NNI: done in 0.658292 secs using 297.3% CPU
Optimizing NNI: done in 0.549891 secs using 293.7% CPU
Optimizing NNI: done in 0.690138 secs using 296.1% CPU
Optimizing NNI: done in 0.68346 secs using 296.2% CPU
Optimizing NNI: done in 0.61261 secs using 295.5% CPU
Estimate model parameters (epsilon = 0.100)
BETTER TREE FOUND at iteration 40: -4798.505
Iteration 40 / LogL: -4798.505 / Time: 0h:4m:14s (0h:1m:13s left)
Optimizing NNI: done in 0.506792 secs using 295% CPU
Optimizing NNI: done in 0.608479 secs using 297% CPU
Optimizing NNI: done in 0.574893 secs using 297.3% CPU
Optimizing NNI: done in 0.561848 secs using 296.3% CPU
Optimizing NNI: done in 0.517199 secs using 296.3% CPU
Optimizing NNI: done in 0.48933 secs using 294.4% CPU
Optimizing NNI: done in 0.374332 secs using 296.3% CPU
Optimizing NNI: done in 0.400471 secs using 295.4% CPU
Optimizing NNI: done in 0.721412 secs using 295.4% CPU
Optimizing NNI: done in 0.695018 secs using 294% CPU
Iteration 50 / LogL: -4802.206 / Time: 0h:4m:20s (0h:1m:2s left)
Log-likelihood cutoff on original alignment: -4844.115
Optimizing NNI: done in 0.655508 secs using 295.5% CPU
Optimizing NNI: done in 0.436681 secs using 297.5% CPU
Optimizing NNI: done in 0.647928 secs using 294.9% CPU
Optimizing NNI: done in 0.641699 secs using 294.6% CPU
Optimizing NNI: done in 0.470723 secs using 297% CPU
Optimizing NNI: done in 0.681275 secs using 295% CPU
Optimizing NNI: done in 0.788389 secs using 296.5% CPU
Optimizing NNI: done in 0.736334 secs using 294.2% CPU
Optimizing NNI: done in 0.569369 secs using 294.6% CPU
Optimizing NNI: done in 0.860162 secs using 296.5% CPU
Iteration 60 / LogL: -4801.599 / Time: 0h:4m:27s (0h:0m:56s left)
Optimizing NNI: done in 0.837059 secs using 295.9% CPU
Optimizing NNI: done in 0.65504 secs using 296.1% CPU
Optimizing NNI: done in 0.694933 secs using 296.1% CPU
Optimizing NNI: done in 0.69816 secs using 295.9% CPU
Optimizing NNI: done in 0.636761 secs using 294.9% CPU
Optimizing NNI: done in 0.715363 secs using 295.2% CPU
Optimizing NNI: done in 0.855903 secs using 295.8% CPU
Optimizing NNI: done in 0.248395 secs using 294.1% CPU
Optimizing NNI: done in 0.985451 secs using 296.8% CPU
Estimate model parameters (epsilon = 0.100)
BETTER TREE FOUND at iteration 69: -4798.122
Optimizing NNI: done in 0.759683 secs using 295.4% CPU
Estimate model parameters (epsilon = 0.100)
BETTER TREE FOUND at iteration 70: -4797.930
Iteration 70 / LogL: -4797.930 / Time: 0h:4m:35s (0h:1m:10s left)
Optimizing NNI: done in 0.540176 secs using 294.8% CPU
Optimizing NNI: done in 0.585775 secs using 295.3% CPU
Optimizing NNI: done in 0.612274 secs using 296.8% CPU
Optimizing NNI: done in 0.581143 secs using 294.9% CPU
BETTER TREE FOUND at iteration 74: -4797.928
Optimizing NNI: done in 0.468337 secs using 297% CPU
Optimizing NNI: done in 0.669371 secs using 296.3% CPU
Optimizing NNI: done in 0.497471 secs using 294.3% CPU
Optimizing NNI: done in 0.470846 secs using 295.3% CPU
Optimizing NNI: done in 0.626379 secs using 296.2% CPU
Optimizing NNI: done in 0.518498 secs using 296.2% CPU
Iteration 80 / LogL: -4798.156 / Time: 0h:4m:40s (0h:1m:5s left)
Optimizing NNI: done in 0.551381 secs using 295.7% CPU
BETTER TREE FOUND at iteration 81: -4797.925
Optimizing NNI: done in 0.587564 secs using 294.7% CPU
Optimizing NNI: done in 0.424858 secs using 296% CPU
Optimizing NNI: done in 0.400538 secs using 295.1% CPU
Optimizing NNI: done in 0.292982 secs using 294.9% CPU
Optimizing NNI: done in 0.86259 secs using 297.3% CPU
Optimizing NNI: done in 0.411349 secs using 294.6% CPU
Optimizing NNI: done in 0.780914 secs using 296.4% CPU
Optimizing NNI: done in 0.62886 secs using 295.9% CPU
Optimizing NNI: done in 0.522569 secs using 296.4% CPU
Iteration 90 / LogL: -4808.246 / Time: 0h:4m:46s (0h:1m:1s left)
Optimizing NNI: done in 0.670749 secs using 294.5% CPU
Optimizing NNI: done in 0.440462 secs using 296.5% CPU
Optimizing NNI: done in 0.406958 secs using 295.5% CPU
Optimizing NNI: done in 0.872425 secs using 295.3% CPU
Optimizing NNI: done in 0.293896 secs using 296% CPU
Optimizing NNI: done in 0.721118 secs using 296.9% CPU
Optimizing NNI: done in 0.636526 secs using 294.8% CPU
Optimizing NNI: done in 0.49758 secs using 296.2% CPU
Optimizing NNI: done in 0.490383 secs using 295.8% CPU
Optimizing NNI: done in 0.269411 secs using 295.7% CPU
Iteration 100 / LogL: -4827.859 / Time: 0h:4m:52s (0h:0m:53s left)
Log-likelihood cutoff on original alignment: -4844.115
NOTE: Bootstrap correlation coefficient of split occurrence frequencies: 0.980
NOTE: UFBoot does not converge, continue at least 100 more iterations
Optimizing NNI: done in 0.438103 secs using 294.1% CPU
Optimizing NNI: done in 0.664072 secs using 295.6% CPU
Optimizing NNI: done in 0.505882 secs using 296.6% CPU
Optimizing NNI: done in 0.76823 secs using 296.2% CPU
Optimizing NNI: done in 0.738251 secs using 294.3% CPU
Optimizing NNI: done in 0.722815 secs using 295.7% CPU
Optimizing NNI: done in 0.565332 secs using 297.1% CPU
Optimizing NNI: done in 0.450422 secs using 294.4% CPU
Optimizing NNI: done in 0.586455 secs using 297% CPU
Optimizing NNI: done in 0.604168 secs using 295.8% CPU
BETTER TREE FOUND at iteration 110: -4797.924
Iteration 110 / LogL: -4797.924 / Time: 0h:4m:59s (0h:1m:6s left)
Optimizing NNI: done in 0.610041 secs using 297.5% CPU
Optimizing NNI: done in 0.515461 secs using 294.6% CPU
Optimizing NNI: done in 0.456384 secs using 296.7% CPU
Optimizing NNI: done in 0.486411 secs using 295.4% CPU
Optimizing NNI: done in 0.676487 secs using 295% CPU
Optimizing NNI: done in 0.623934 secs using 295.4% CPU
Optimizing NNI: done in 0.619732 secs using 296.8% CPU
Optimizing NNI: done in 0.661429 secs using 296.5% CPU
Optimizing NNI: done in 0.620584 secs using 295.4% CPU
Optimizing NNI: done in 0.523483 secs using 296.1% CPU
Iteration 120 / LogL: -4798.739 / Time: 0h:5m:5s (0h:0m:59s left)
Optimizing NNI: done in 0.611445 secs using 296.3% CPU
Optimizing NNI: done in 0.638246 secs using 294.9% CPU
Optimizing NNI: done in 0.353744 secs using 295% CPU
Optimizing NNI: done in 0.4237 secs using 296.5% CPU
Optimizing NNI: done in 0.34007 secs using 292.9% CPU
Optimizing NNI: done in 0.65757 secs using 294.3% CPU
Optimizing NNI: done in 0.546912 secs using 294.8% CPU
Optimizing NNI: done in 0.315563 secs using 291.7% CPU
Optimizing NNI: done in 0.575538 secs using 295% CPU
Optimizing NNI: done in 0.52173 secs using 295% CPU
Iteration 130 / LogL: -4809.193 / Time: 0h:5m:10s (0h:0m:52s left)
Optimizing NNI: done in 0.468236 secs using 294.2% CPU
Optimizing NNI: done in 0.561832 secs using 296% CPU
Optimizing NNI: done in 0.66204 secs using 296.2% CPU
Optimizing NNI: done in 0.646301 secs using 296.3% CPU
Optimizing NNI: done in 0.800667 secs using 296.4% CPU
Optimizing NNI: done in 0.618877 secs using 296% CPU
Optimizing NNI: done in 0.573065 secs using 296.2% CPU
Optimizing NNI: done in 0.619879 secs using 295% CPU
Optimizing NNI: done in 0.345058 secs using 294.4% CPU
Optimizing NNI: done in 0.530038 secs using 296.6% CPU
Iteration 140 / LogL: -4798.510 / Time: 0h:5m:16s (0h:0m:45s left)
Optimizing NNI: done in 0.572626 secs using 296.3% CPU
Optimizing NNI: done in 0.633418 secs using 296.2% CPU
Optimizing NNI: done in 0.628716 secs using 295.5% CPU
Optimizing NNI: done in 0.453671 secs using 295.9% CPU
Optimizing NNI: done in 0.593663 secs using 295.1% CPU
Optimizing NNI: done in 0.543671 secs using 297.2% CPU
Optimizing NNI: done in 0.442434 secs using 290.4% CPU
Optimizing NNI: done in 0.555067 secs using 295.2% CPU
Optimizing NNI: done in 0.64095 secs using 296.4% CPU
Optimizing NNI: done in 0.558093 secs using 292.1% CPU
Iteration 150 / LogL: -4807.537 / Time: 0h:5m:22s (0h:0m:38s left)
Log-likelihood cutoff on original alignment: -4844.115
Optimizing NNI: done in 0.557478 secs using 297% CPU
Optimizing NNI: done in 0.476393 secs using 295.5% CPU
Optimizing NNI: done in 0.495966 secs using 294.6% CPU
Optimizing NNI: done in 0.268007 secs using 292.9% CPU
Optimizing NNI: done in 0.76076 secs using 297% CPU
Optimizing NNI: done in 0.588047 secs using 296.9% CPU
Optimizing NNI: done in 0.593263 secs using 295.2% CPU
Optimizing NNI: done in 0.566281 secs using 295.5% CPU
Optimizing NNI: done in 0.683373 secs using 296.5% CPU
Optimizing NNI: done in 0.277709 secs using 295.2% CPU
Iteration 160 / LogL: -4805.280 / Time: 0h:5m:29s (0h:0m:32s left)
Optimizing NNI: done in 0.521753 secs using 295.9% CPU
Optimizing NNI: done in 0.323669 secs using 296.5% CPU
Optimizing NNI: done in 0.537748 secs using 296.8% CPU
Optimizing NNI: done in 0.779544 secs using 296.2% CPU
Optimizing NNI: done in 0.229088 secs using 293.9% CPU
Optimizing NNI: done in 0.570039 secs using 295.3% CPU
Optimizing NNI: done in 0.566356 secs using 296.5% CPU
Optimizing NNI: done in 0.574172 secs using 294.9% CPU
Optimizing NNI: done in 0.588393 secs using 296.3% CPU
Optimizing NNI: done in 0.703396 secs using 296.1% CPU
Iteration 170 / LogL: -4797.935 / Time: 0h:5m:35s (0h:0m:25s left)
Optimizing NNI: done in 0.524408 secs using 295.9% CPU
Optimizing NNI: done in 0.407343 secs using 293.8% CPU
Optimizing NNI: done in 0.647623 secs using 294.2% CPU
Optimizing NNI: done in 0.493966 secs using 295% CPU
Optimizing NNI: done in 0.706752 secs using 297.1% CPU
Optimizing NNI: done in 0.367126 secs using 296.3% CPU
Optimizing NNI: done in 0.571464 secs using 295.6% CPU
Optimizing NNI: done in 0.565449 secs using 295.4% CPU
Optimizing NNI: done in 0.550333 secs using 295.2% CPU
Optimizing NNI: done in 0.629683 secs using 296.4% CPU
Iteration 180 / LogL: -4801.111 / Time: 0h:5m:41s (0h:0m:19s left)
Optimizing NNI: done in 0.469036 secs using 294.1% CPU
Optimizing NNI: done in 0.231133 secs using 293.9% CPU
Optimizing NNI: done in 0.68838 secs using 296.1% CPU
Optimizing NNI: done in 0.551149 secs using 293.6% CPU
Optimizing NNI: done in 0.64039 secs using 295% CPU
Optimizing NNI: done in 0.678418 secs using 294.2% CPU
Optimizing NNI: done in 0.627549 secs using 296.1% CPU
Optimizing NNI: done in 0.592923 secs using 295.6% CPU
Optimizing NNI: done in 0.65366 secs using 296.3% CPU
Optimizing NNI: done in 0.710508 secs using 295.3% CPU
Iteration 190 / LogL: -4798.142 / Time: 0h:5m:47s (0h:0m:12s left)
Optimizing NNI: done in 0.606273 secs using 296.3% CPU
Optimizing NNI: done in 0.537643 secs using 294.6% CPU
Optimizing NNI: done in 0.510274 secs using 295.8% CPU
Optimizing NNI: done in 0.223025 secs using 291.1% CPU
Optimizing NNI: done in 0.494085 secs using 297.2% CPU
Optimizing NNI: done in 0.296519 secs using 292.9% CPU
Optimizing NNI: done in 0.575758 secs using 296.4% CPU
Optimizing NNI: done in 0.542154 secs using 296.1% CPU
Optimizing NNI: done in 0.795233 secs using 297.1% CPU
Optimizing NNI: done in 0.491838 secs using 294.2% CPU
Iteration 200 / LogL: -4797.934 / Time: 0h:5m:52s (0h:0m:6s left)
Log-likelihood cutoff on original alignment: -4844.115
NOTE: Bootstrap correlation coefficient of split occurrence frequencies: 0.995
Optimizing NNI: done in 0.568147 secs using 296.1% CPU
Optimizing NNI: done in 0.265988 secs using 290.7% CPU
Optimizing NNI: done in 0.588817 secs using 296.2% CPU
Optimizing NNI: done in 0.400766 secs using 294.8% CPU
Optimizing NNI: done in 0.713838 secs using 295.4% CPU
Optimizing NNI: done in 0.287771 secs using 293.2% CPU
Optimizing NNI: done in 0.465341 secs using 295.4% CPU
Optimizing NNI: done in 0.760346 secs using 297% CPU
Optimizing NNI: done in 0.618338 secs using 295.5% CPU
Optimizing NNI: done in 0.633089 secs using 296.2% CPU
Iteration 210 / LogL: -4805.883 / Time: 0h:5m:59s (0h:0m:57s left)
Optimizing NNI: done in 0.576269 secs using 294.7% CPU
TREE SEARCH COMPLETED AFTER 211 ITERATIONS / Time: 0h:6m:0s

--------------------------------------------------------------------
|                    FINALIZING TREE SEARCH                        |
--------------------------------------------------------------------
Performs final model parameters optimization
Estimate model parameters (epsilon = 0.010)
1. Initial log-likelihood: -4797.924
2. Current log-likelihood: -4797.910
Optimal log-likelihood: -4797.906
Rate parameters:  A-C: 1.00000  A-G: 2.69911  A-T: 1.00000  C-G: 1.00000  C-T: 3.41775  G-T: 1.00000
Base frequencies:  A: 0.213  C: 0.258  G: 0.249  T: 0.279
Proportion of invariable sites: 0.260
Site proportion and rates:  (0.589,0.627) (0.151,4.175)
Parameters optimization took 2 rounds (0.068 sec)
BEST SCORE FOUND : -4797.906
Creating bootstrap support values...
Split supports printed to NEXUS file data/packages/ITS/Suillellus/ref.splits.nex
Total tree length: 1.752

Total number of iterations: 211
CPU time used for tree search: 375.139 sec (0h:6m:15s)
Wall-clock time used for tree search: 133.585 sec (0h:2m:13s)
Total CPU time used: 894.007 sec (0h:14m:54s)
Total wall-clock time used: 360.728 sec (0h:6m:0s)

Computing bootstrap consensus tree...
Reading input file data/packages/ITS/Suillellus/ref.splits.nex...
169 taxa and 4399 splits.
Consensus tree written to data/packages/ITS/Suillellus/ref.contree
Reading input trees file data/packages/ITS/Suillellus/ref.contree
Log-likelihood of consensus tree: -4800.459

Analysis results written to: 
  IQ-TREE report:                data/packages/ITS/Suillellus/ref.iqtree
  Maximum-likelihood tree:       data/packages/ITS/Suillellus/ref.treefile
  Likelihood distances:          data/packages/ITS/Suillellus/ref.mldist

Ultrafast bootstrap approximation results written to:
  Split support values:          data/packages/ITS/Suillellus/ref.splits.nex
  Consensus tree:                data/packages/ITS/Suillellus/ref.contree
  Screen log file:               data/packages/ITS/Suillellus/ref.log

Date and Time: Mon Aug 18 18:37:50 2025
