IQ-TREE version 3.0.1 for Linux x86 64-bit built May  5 2025
Developed by Bui Quang Minh, Thomas Wong, Nhan Ly-Trong, Huaiyan Ren
Contributed by Lam-Tung Nguyen, Dominik Schrempf, Chris Bielow,
Olga Chernomor, Michael Woodhams, Diep Thi Hoang, Heiko Schmidt

Host:    lnx820.umnh.utah.edu (AVX2, FMA3, 865 GB RAM)
Command: /home/bdentinger/iqtree-3.0.1-Linux/bin/iqtree3_intel -s data/packages/ITS/Bothia/aln.masked.fasta -m MFP -bb 1000 -nt AUTO -pre data/packages/ITS/Bothia/ref
Seed:    45624 (Using SPRNG - Scalable Parallel Random Number Generator)
Time:    Mon Aug 18 17:48:50 2025
Kernel:  AVX+FMA - auto-detect threads (72 CPU cores detected)

Reading alignment file data/packages/ITS/Bothia/aln.masked.fasta ... Fasta format detected
Reading fasta file: done in 0.000278655 secs using 91.15% CPU
Alignment most likely contains DNA/RNA sequences
Constructing alignment: done in 0.000712857 secs using 91.46% CPU
Alignment has 12 sequences with 668 columns, 37 distinct patterns
39 parsimony-informative, 3 singleton sites, 626 constant sites
                                                       Gap/Ambiguity  Composition  p-value
Analyzing sequences: done in 1.28262e-05 secs
   1  omdl_inat_178260866|ITS|PP923825.1                       0.00%    passed     99.85%
   2  s.d._russell_ont_inaturalist_130697287|ITS|OP643402.1    0.45%    passed     99.71%
   3  s.d._russell_ont_inaturalist_129773095|ITS|OP643231.1    0.45%    passed     99.71%
   4  s.d._russell_ont_inaturalist_129616805|ITS|OP470543.1    0.45%    passed     99.71%
   5  hkas                                                     4.19%    passed     96.96%
   6  hkas82693|ITS|KM269196.1                                 4.19%    passed     96.96%
   7  hkas82694|ITS|KM269195.1                                10.93%    passed     94.78%
   8  mb03_067|ITS|DQ867114.1                                  0.00%    passed     99.89%
   9  28002|ITS|DQ867113.1                                     0.00%    passed     99.85%
  10  8669|ITS|DQ867112.1                                      0.90%    passed     99.70%
  11  28003|ITS|DQ867111.1                                     0.00%    passed     99.85%
  12  mb03_053|ITS|DQ867110.1                                  0.15%    passed     99.91%
****  TOTAL                                                    1.81%  0 sequences failed composition chi2 test (p-value<5%; df=3)
NOTE: 28002|ITS|DQ867113.1 is identical to omdl_inat_178260866|ITS|PP923825.1 but kept for subsequent analysis
NOTE: s.d._russell_ont_inaturalist_129773095|ITS|OP643231.1 is identical to s.d._russell_ont_inaturalist_130697287|ITS|OP643402.1 but kept for subsequent analysis
NOTE: hkas82693|ITS|KM269196.1 is identical to hkas but kept for subsequent analysis
Checking for duplicate sequences: done in 9.50824e-05 secs
Identifying sites to remove: done in 0.000160271 secs
NOTE: 2 identical sequences (see below) will be ignored for subsequent analysis
NOTE: 28003|ITS|DQ867111.1 (identical to omdl_inat_178260866|ITS|PP923825.1) is ignored but added at the end
NOTE: s.d._russell_ont_inaturalist_129616805|ITS|OP470543.1 (identical to s.d._russell_ont_inaturalist_130697287|ITS|OP643402.1) is ignored but added at the end
Alignment was printed to data/packages/ITS/Bothia/ref.uniqueseq.phy

For your convenience alignment with unique sequences printed to data/packages/ITS/Bothia/ref.uniqueseq.phy


Create initial parsimony tree by phylogenetic likelihood library (PLL)... 0.000 seconds
Measuring multi-threading efficiency up to 72 CPU cores
Increase to 10 rounds for branch lengths
80397 trees examined
Threads: 1 / Time: 72.001 sec / Speedup: 1.000 / Efficiency: 100% / LogL: -1381
Threads: 2 / Time: 82.295 sec / Speedup: 0.875 / Efficiency: 44% / LogL: -1381
Determining AUTO threadcount: done in 154.297 secs using 139.6% CPU
BEST NUMBER OF THREADS: 1

Perform fast likelihood tree search using GTR+I+G model...
Estimate model parameters (epsilon = 5.000)
Perform nearest neighbor interchange...
Optimizing NNI: done in 0.00128749 secs using 98.1% CPU
Estimate model parameters (epsilon = 1.000)
1. Initial log-likelihood: -1136.220
Optimal log-likelihood: -1136.219
Rate parameters:  A-C: 0.84832  A-G: 2.20175  A-T: 0.63178  C-G: 2.04010  C-T: 4.13769  G-T: 1.00000
Base frequencies:  A: 0.238  C: 0.222  G: 0.246  T: 0.294
Proportion of invariable sites: 0.469
Gamma shape alpha: 998.429
Parameters optimization took 1 rounds (0.003 sec)
Time for fast ML tree search: 0.013 seconds

NOTE: ModelFinder requires 0 MB RAM!
ModelFinder will test up to 968 DNA models (sample size: 668 epsilon: 0.100) ...
 No. Model         -LnL         df  AIC          AICc         BIC
  1  JC            1147.750     17  2329.501     2330.443     2406.074
  2  JC+I          1147.750     18  2331.501     2332.555     2412.578
  3  JC+G4         1147.751     18  2331.501     2332.555     2412.579
  4  JC+I+G4       1147.958     19  2333.917     2335.090     2419.498
  5  JC+R2         1147.751     19  2333.501     2334.674     2419.083
  6  JC+R3         1147.751     21  2337.501     2338.932     2432.091
 14  JC+I+R2       1147.958     20  2335.915     2337.213     2426.001
 15  JC+I+R3       1147.957     22  2339.913     2341.482     2439.008
 23  JC            1147.750     17  2329.501     2330.443     2406.074
 24  JC+I          1147.750     18  2331.501     2332.555     2412.578
 25  JC+G4         1147.751     18  2331.501     2332.555     2412.579
 45  F81           1147.750     17  2329.501     2330.443     2406.074
 46  F81+I         1147.750     18  2331.501     2332.555     2412.578
 47  F81+G4        1147.751     18  2331.501     2332.555     2412.579
 67  F81+F         1143.786     20  2327.571     2328.869     2417.657
 68  F81+F+I       1143.786     21  2329.571     2331.001     2424.161
 69  F81+F+G4      1143.786     21  2329.572     2331.002     2424.162
 89  K2P           1142.648     18  2321.297     2322.351     2402.374
 90  K2P+I         1142.648     19  2323.297     2324.470     2408.878
 91  K2P+G4        1142.648     19  2323.297     2324.470     2408.878
111  K2P           1142.648     18  2321.297     2322.351     2402.374
112  K2P+I         1142.648     19  2323.297     2324.470     2408.878
113  K2P+G4        1142.648     19  2323.297     2324.470     2408.878
133  HKY           1142.648     18  2321.297     2322.351     2402.374
134  HKY+I         1142.648     19  2323.297     2324.470     2408.878
135  HKY+G4        1142.648     19  2323.297     2324.470     2408.878
155  HKY+F         1138.596     21  2319.191     2320.622     2413.781
156  HKY+F+I       1138.596     22  2321.191     2322.760     2420.286
157  HKY+F+G4      1138.596     22  2321.192     2322.761     2420.286
177  TNe           1141.479     19  2320.958     2322.131     2406.540
178  TNe+I         1141.479     20  2322.958     2324.257     2413.044
179  TNe+G4        1141.479     20  2322.958     2324.257     2413.044
199  TNe           1141.479     19  2320.958     2322.131     2406.540
200  TNe+I         1141.479     20  2322.958     2324.257     2413.044
201  TNe+G4        1141.479     20  2322.958     2324.257     2413.044
221  TN            1141.479     19  2320.958     2322.131     2406.540
222  TN+I          1141.479     20  2322.958     2324.257     2413.044
223  TN+G4         1141.479     20  2322.958     2324.257     2413.044
243  TN+F          1137.587     22  2319.174     2320.743     2418.268
244  TN+F+I        1137.587     23  2321.174     2322.888     2424.773
245  TN+F+G4       1137.587     23  2321.174     2322.889     2424.773
265  K3P           1142.538     19  2323.076     2324.248     2408.657
266  K3P+I         1142.538     20  2325.076     2326.374     2415.161
267  K3P+G4        1142.538     20  2325.076     2326.374     2415.162
287  K3P           1142.538     19  2323.076     2324.248     2408.657
288  K3P+I         1142.538     20  2325.076     2326.374     2415.161
289  K3P+G4        1142.538     20  2325.076     2326.374     2415.162
309  K3Pu          1142.538     19  2323.075     2324.248     2408.657
310  K3Pu+I        1142.538     20  2325.075     2326.374     2415.161
311  K3Pu+G4       1142.538     20  2325.076     2326.374     2415.161
331  K3Pu+F        1138.483     22  2320.966     2322.535     2420.060
332  K3Pu+F+I      1138.483     23  2322.966     2324.680     2426.564
333  K3Pu+F+G4     1138.483     23  2322.966     2324.680     2426.564
353  TPM2          1141.684     19  2321.368     2322.540     2406.949
354  TPM2+I        1141.684     20  2323.368     2324.666     2413.453
355  TPM2+G4       1141.684     20  2323.368     2324.666     2413.453
375  TPM2          1141.684     19  2321.368     2322.540     2406.949
376  TPM2+I        1141.684     20  2323.368     2324.666     2413.453
377  TPM2+G4       1141.684     20  2323.368     2324.666     2413.453
397  TPM2u         1141.684     19  2321.368     2322.540     2406.949
398  TPM2u+I       1141.684     20  2323.367     2324.666     2413.453
399  TPM2u+G4      1141.684     20  2323.368     2324.666     2413.453
419  TPM2u+F       1137.676     22  2319.353     2320.922     2418.447
420  TPM2u+F+I     1137.676     23  2321.353     2323.067     2424.951
421  TPM2u+F+G4    1137.676     23  2321.353     2323.067     2424.951
441  TPM3          1142.355     19  2322.710     2323.883     2408.292
442  TPM3+I        1142.355     20  2324.710     2326.009     2414.796
443  TPM3+G4       1142.355     20  2324.711     2326.009     2414.796
463  TPM3          1142.355     19  2322.710     2323.883     2408.292
464  TPM3+I        1142.355     20  2324.710     2326.009     2414.796
465  TPM3+G4       1142.355     20  2324.711     2326.009     2414.796
485  TPM3u         1142.355     19  2322.710     2323.883     2408.291
486  TPM3u+I       1142.355     20  2324.710     2326.008     2414.795
487  TPM3u+G4      1142.355     20  2324.710     2326.008     2414.796
507  TPM3u+F       1138.050     22  2320.099     2321.668     2419.194
508  TPM3u+F+I     1138.050     23  2322.099     2323.814     2425.698
509  TPM3u+F+G4    1138.050     23  2322.099     2323.814     2425.698
529  TIMe          1141.368     20  2322.737     2324.035     2412.822
530  TIMe+I        1141.368     21  2324.736     2326.167     2419.327
531  TIMe+G4       1141.368     21  2324.737     2326.167     2419.327
551  TIMe          1141.368     20  2322.737     2324.035     2412.822
552  TIMe+I        1141.368     21  2324.736     2326.167     2419.327
553  TIMe+G4       1141.368     21  2324.737     2326.167     2419.327
573  TIM           1141.368     20  2322.736     2324.035     2412.822
574  TIM+I         1141.368     21  2324.736     2326.167     2419.326
575  TIM+G4        1141.368     21  2324.737     2326.167     2419.327
595  TIM+F         1137.475     23  2320.950     2322.664     2424.549
596  TIM+F+I       1137.475     24  2322.950     2324.816     2431.053
597  TIM+F+G4      1137.475     24  2322.950     2324.816     2431.053
617  TIM2e         1140.517     20  2321.033     2322.331     2411.119
618  TIM2e+I       1140.517     21  2323.033     2324.463     2417.623
619  TIM2e+G4      1140.517     21  2323.033     2324.464     2417.623
639  TIM2e         1140.517     20  2321.033     2322.331     2411.119
640  TIM2e+I       1140.517     21  2323.033     2324.463     2417.623
641  TIM2e+G4      1140.517     21  2323.033     2324.464     2417.623
661  TIM2          1140.517     20  2321.033     2322.331     2411.119
662  TIM2+I        1140.516     21  2323.033     2324.463     2417.623
663  TIM2+G4       1140.517     21  2323.033     2324.464     2417.623
683  TIM2+F        1136.670     23  2319.340     2321.054     2422.938
684  TIM2+F+I      1136.670     24  2321.340     2323.206     2429.442
685  TIM2+F+G4     1136.670     24  2321.340     2323.206     2429.443
705  TIM3e         1141.182     20  2322.364     2323.662     2412.450
706  TIM3e+I       1141.182     21  2324.364     2325.794     2418.954
707  TIM3e+G4      1141.182     21  2324.364     2325.795     2418.954
727  TIM3e         1141.182     20  2322.364     2323.662     2412.450
728  TIM3e+I       1141.182     21  2324.364     2325.794     2418.954
729  TIM3e+G4      1141.182     21  2324.364     2325.795     2418.954
749  TIM3          1141.182     20  2322.364     2323.662     2412.450
750  TIM3+I        1141.182     21  2324.364     2325.794     2418.954
751  TIM3+G4       1141.182     21  2324.364     2325.795     2418.954
771  TIM3+F        1137.041     23  2320.081     2321.795     2423.680
772  TIM3+F+I      1137.041     24  2322.081     2323.947     2430.184
773  TIM3+F+G4     1137.041     24  2322.081     2323.948     2430.184
793  TVMe          1141.336     21  2324.673     2326.103     2419.263
794  TVMe+I        1141.336     22  2326.673     2328.242     2425.767
795  TVMe+G4       1141.336     22  2326.673     2328.242     2425.767
815  TVMe          1141.336     21  2324.673     2326.103     2419.263
816  TVMe+I        1141.336     22  2326.673     2328.242     2425.767
817  TVMe+G4       1141.336     22  2326.673     2328.242     2425.767
837  TVM           1141.336     21  2324.673     2326.103     2419.263
838  TVM+I         1141.336     22  2326.672     2328.241     2425.767
839  TVM+G4        1141.336     22  2326.673     2328.242     2425.767
859  TVM+F         1137.074     24  2322.148     2324.014     2430.251
860  TVM+F+I       1137.074     25  2324.148     2326.173     2436.756
861  TVM+F+G4      1137.074     25  2324.148     2326.173     2436.755
881  SYM           1140.166     22  2324.332     2325.901     2423.427
882  SYM+I         1140.166     23  2326.332     2328.046     2429.931
883  SYM+G4        1140.166     23  2326.333     2328.047     2429.931
903  SYM           1140.166     22  2324.332     2325.901     2423.427
904  SYM+I         1140.166     23  2326.332     2328.046     2429.931
905  SYM+G4        1140.166     23  2326.333     2328.047     2429.931
925  GTR           1140.166     22  2324.332     2325.901     2423.427
926  GTR+I         1140.166     23  2326.332     2328.046     2429.931
927  GTR+G4        1140.166     23  2326.332     2328.047     2429.931
947  GTR+F         1136.068     25  2322.136     2324.161     2434.743
948  GTR+F+I       1136.068     26  2324.136     2326.326     2441.247
949  GTR+F+G4      1136.068     26  2324.136     2326.326     2441.248
Akaike Information Criterion:           TN+F
Corrected Akaike Information Criterion: HKY+F
Bayesian Information Criterion:         HKY
Best-fit model: HKY chosen according to BIC

All model information printed to data/packages/ITS/Bothia/ref.model.gz
CPU time for ModelFinder: 215.717 seconds (0h:3m:35s)
Wall-clock time for ModelFinder: 154.570 seconds (0h:2m:34s)
Generating 1000 samples for ultrafast bootstrap (seed: 45624)...

NOTE: 0 MB RAM (0 GB) is required!
Estimate model parameters (epsilon = 0.100)
1. Initial log-likelihood: -1138.607
Optimal log-likelihood: -1138.596
Rate parameters:  A-C: 1.00000  A-G: 2.79444  A-T: 1.00000  C-G: 1.00000  C-T: 2.79444  G-T: 1.00000
Base frequencies:  A: 0.238  C: 0.222  G: 0.246  T: 0.294
Parameters optimization took 1 rounds (0.001 sec)
Wrote distance file to... 
Computing ML distances based on estimated model parameters...
Calculating distance matrix: done in 0.000327984 secs using 94.52% CPU
Computing ML distances took 0.000414 sec (of wall-clock time) 0.000403 sec (of CPU time)
Setting up auxiliary I and S matrices: done in 4.58341e-05 secs
Constructing RapidNJ tree: done in 8.71792e-05 secs
Computing RapidNJ tree took 0.000212 sec (of wall-clock time) 0.000000 sec (of CPU time)
Log-likelihood of RapidNJ tree: -1138.602
--------------------------------------------------------------------
|             INITIALIZING CANDIDATE TREE SET                      |
--------------------------------------------------------------------
Generating 98 parsimony trees... 0.033 second
Computing log-likelihood of 98 initial trees ... 0.030 seconds
Current best score: -1138.595

Do NNI search on 20 best initial trees
Optimizing NNI: done in 0.00194276 secs using 99.39% CPU
Estimate model parameters (epsilon = 0.100)
BETTER TREE FOUND at iteration 1: -1138.595
Optimizing NNI: done in 0.00179848 secs using 99.53% CPU
Optimizing NNI: done in 0.001787 secs using 99.83% CPU
Optimizing NNI: done in 0.00179124 secs using 45.11% CPU
Optimizing NNI: done in 0.00172521 secs using 99.47% CPU
Optimizing NNI: done in 0.0017858 secs using 99.51% CPU
Optimizing NNI: done in 0.0016765 secs using 99.85% CPU
Optimizing NNI: done in 0.00171732 secs using 99.52% CPU
Optimizing NNI: done in 0.00171367 secs using 99.84% CPU
Optimizing NNI: done in 0.00169585 secs using 99.54% CPU
Iteration 10 / LogL: -1138.596 / Time: 0h:2m:34s
Optimizing NNI: done in 0.00176995 secs using 99.49% CPU
Optimizing NNI: done in 0.00176306 secs using 44.3% CPU
Optimizing NNI: done in 0.00176812 secs using 99.88% CPU
Optimizing NNI: done in 0.00177993 secs using 99.5% CPU
Optimizing NNI: done in 0.00177462 secs using 43.84% CPU
Optimizing NNI: done in 0.00172075 secs using 99.43% CPU
Optimizing NNI: done in 0.00168645 secs using 99.85% CPU
Optimizing NNI: done in 0.00172133 secs using 42.58% CPU
Optimizing NNI: done in 0.00172896 secs using 99.42% CPU
Optimizing NNI: done in 0.00172851 secs using 99.45% CPU
Iteration 20 / LogL: -1138.596 / Time: 0h:2m:34s
Finish initializing candidate tree set (18)
Current best tree score: -1138.595 / CPU time: 0.112
Number of iterations: 20
--------------------------------------------------------------------
|               OPTIMIZING CANDIDATE TREE SET                      |
--------------------------------------------------------------------
Optimizing NNI: done in 0.00306093 secs using 99.58% CPU
Optimizing NNI: done in 0.00167509 secs using 99.4% CPU
Optimizing NNI: done in 0.00603537 secs using 99.7% CPU
Optimizing NNI: done in 0.00162889 secs using 99.82% CPU
Optimizing NNI: done in 0.00601266 secs using 83.24% CPU
Optimizing NNI: done in 0.00265039 secs using 99.68% CPU
Optimizing NNI: done in 0.00314543 secs using 99.7% CPU
Optimizing NNI: done in 0.00541896 secs using 81.62% CPU
Optimizing NNI: done in 0.00313244 secs using 99.48% CPU
Optimizing NNI: done in 0.0031314 secs using 98.71% CPU
Iteration 30 / LogL: -1138.595 / Time: 0h:2m:34s (0h:0m:0s left)
Optimizing NNI: done in 0.00152236 secs using 99.39% CPU
Optimizing NNI: done in 0.00430544 secs using 99.6% CPU
Optimizing NNI: done in 0.00152368 secs using 97.79% CPU
UPDATE BEST LOG-LIKELIHOOD: -1138.595
Optimizing NNI: done in 0.0031997 secs using 98.82% CPU
Optimizing NNI: done in 0.00162498 secs using 99.45% CPU
Optimizing NNI: done in 0.00581414 secs using 99.45% CPU
Optimizing NNI: done in 0.00274463 secs using 99.65% CPU
Optimizing NNI: done in 0.00164752 secs using 99.85% CPU
Optimizing NNI: done in 0.00407478 secs using 99.64% CPU
Optimizing NNI: done in 0.00182508 secs using 99.5% CPU
Iteration 40 / LogL: -1288.140 / Time: 0h:2m:34s (0h:0m:0s left)
Optimizing NNI: done in 0.00311485 secs using 99.49% CPU
Optimizing NNI: done in 0.00276768 secs using 99.9% CPU
Optimizing NNI: done in 0.00435996 secs using 77.32% CPU
Optimizing NNI: done in 0.00320495 secs using 99.56% CPU
Optimizing NNI: done in 0.00320794 secs using 99.72% CPU
Optimizing NNI: done in 0.00159919 secs using 99.8% CPU
Optimizing NNI: done in 0.00442731 secs using 99.2% CPU
Optimizing NNI: done in 0.00309855 secs using 99.69% CPU
Optimizing NNI: done in 0.00323077 secs using 99.54% CPU
Optimizing NNI: done in 0.00307492 secs using 99.68% CPU
Iteration 50 / LogL: -1138.595 / Time: 0h:2m:35s (0h:0m:0s left)
Log-likelihood cutoff on original alignment: -1145.779
Optimizing NNI: done in 0.00445598 secs using 99.75% CPU
Optimizing NNI: done in 0.00430786 secs using 99.42% CPU
Optimizing NNI: done in 0.00318618 secs using 99.24% CPU
Optimizing NNI: done in 0.00164238 secs using 99.43% CPU
Optimizing NNI: done in 0.00512978 secs using 61.13% CPU
Optimizing NNI: done in 0.00294193 secs using 65.74% CPU
Optimizing NNI: done in 0.0043202 secs using 76.69% CPU
Optimizing NNI: done in 0.00162716 secs using 99.44% CPU
Optimizing NNI: done in 0.00313571 secs using 99.5% CPU
Optimizing NNI: done in 0.00162146 secs using 99.48% CPU
Iteration 60 / LogL: -1138.595 / Time: 0h:2m:35s (0h:0m:0s left)
Optimizing NNI: done in 0.00317464 secs using 68.54% CPU
Optimizing NNI: done in 0.00404882 secs using 99.51% CPU
Optimizing NNI: done in 0.00443049 secs using 99.67% CPU
Optimizing NNI: done in 0.00165817 secs using 99.45% CPU
Optimizing NNI: done in 0.00163346 secs using 99.42% CPU
Optimizing NNI: done in 0.00540445 secs using 99.7% CPU
Optimizing NNI: done in 0.0018295 secs using 45.42% CPU
Optimizing NNI: done in 0.00322126 secs using 99.22% CPU
Optimizing NNI: done in 0.0056149 secs using 99.68% CPU
Optimizing NNI: done in 0.00314982 secs using 68.29% CPU
Iteration 70 / LogL: -1138.595 / Time: 0h:2m:35s (0h:0m:0s left)
Optimizing NNI: done in 0.00163119 secs using 99.38% CPU
Optimizing NNI: done in 0.00298044 secs using 66.47% CPU
Optimizing NNI: done in 0.00163019 secs using 99.44% CPU
Optimizing NNI: done in 0.0031324 secs using 99.44% CPU
Optimizing NNI: done in 0.00268712 secs using 99.51% CPU
Optimizing NNI: done in 0.00296741 secs using 99.68% CPU
Optimizing NNI: done in 0.00625291 secs using 99.76% CPU
Optimizing NNI: done in 0.00291985 secs using 99.66% CPU
Optimizing NNI: done in 0.00533401 secs using 63.31% CPU
Optimizing NNI: done in 0.00273304 secs using 62.6% CPU
Iteration 80 / LogL: -1138.595 / Time: 0h:2m:35s (0h:0m:0s left)
Optimizing NNI: done in 0.00319685 secs using 99.69% CPU
Optimizing NNI: done in 0.0034124 secs using 94.98% CPU
Optimizing NNI: done in 0.00167383 secs using 96.25% CPU
Optimizing NNI: done in 0.0031303 secs using 99.7% CPU
Optimizing NNI: done in 0.00182601 secs using 99.73% CPU
Optimizing NNI: done in 0.00299386 secs using 97.47% CPU
Optimizing NNI: done in 0.00170627 secs using 95.76% CPU
Optimizing NNI: done in 0.0028699 secs using 99.86% CPU
Optimizing NNI: done in 0.00524921 secs using 99.71% CPU
Optimizing NNI: done in 0.00310547 secs using 99.73% CPU
Iteration 90 / LogL: -1138.595 / Time: 0h:2m:35s (0h:0m:0s left)
Optimizing NNI: done in 0.00165998 secs using 99.4% CPU
Optimizing NNI: done in 0.00447179 secs using 99.78% CPU
Optimizing NNI: done in 0.00517879 secs using 99.81% CPU
Optimizing NNI: done in 0.00510685 secs using 99.73% CPU
Optimizing NNI: done in 0.00162761 secs using 99.78% CPU
Optimizing NNI: done in 0.00252414 secs using 99.44% CPU
Optimizing NNI: done in 0.00267352 secs using 99.64% CPU
Optimizing NNI: done in 0.00304704 secs using 69.28% CPU
Optimizing NNI: done in 0.00160372 secs using 99.46% CPU
Optimizing NNI: done in 0.00158949 secs using 99.78% CPU
Iteration 100 / LogL: -1138.595 / Time: 0h:2m:35s (0h:0m:0s left)
Log-likelihood cutoff on original alignment: -1145.825
NOTE: Bootstrap correlation coefficient of split occurrence frequencies: 0.975
NOTE: UFBoot does not converge, continue at least 100 more iterations
Optimizing NNI: done in 0.00164303 secs using 98.84% CPU
Optimizing NNI: done in 0.00161137 secs using 97.93% CPU
Optimizing NNI: done in 0.00522367 secs using 99.49% CPU
Optimizing NNI: done in 0.00257754 secs using 99.63% CPU
Optimizing NNI: done in 0.00260217 secs using 99.65% CPU
Optimizing NNI: done in 0.00315594 secs using 99.69% CPU
Optimizing NNI: done in 0.00439982 secs using 99.1% CPU
Optimizing NNI: done in 0.00163114 secs using 98.46% CPU
Optimizing NNI: done in 0.00162542 secs using 99.36% CPU
Optimizing NNI: done in 0.00278258 secs using 99.91% CPU
Iteration 110 / LogL: -1138.595 / Time: 0h:2m:35s (0h:0m:0s left)
Optimizing NNI: done in 0.00157473 secs using 99.83% CPU
Optimizing NNI: done in 0.00309189 secs using 99.71% CPU
Optimizing NNI: done in 0.00315846 secs using 99.7% CPU
Optimizing NNI: done in 0.0044417 secs using 99.8% CPU
Optimizing NNI: done in 0.00308261 secs using 99.69% CPU
Optimizing NNI: done in 0.0016593 secs using 99.38% CPU
Optimizing NNI: done in 0.00272036 secs using 99.69% CPU
Optimizing NNI: done in 0.00310262 secs using 99.92% CPU
Optimizing NNI: done in 0.00314142 secs using 99.7% CPU
Optimizing NNI: done in 0.00553533 secs using 99.72% CPU
Iteration 120 / LogL: -1138.595 / Time: 0h:2m:35s (0h:0m:0s left)
Optimizing NNI: done in 0.00251646 secs using 99.66% CPU
Optimizing NNI: done in 0.00164579 secs using 99.41% CPU
Optimizing NNI: done in 0.00159719 secs using 99.8% CPU
Optimizing NNI: done in 0.00180195 secs using 99.84% CPU
Optimizing NNI: done in 0.00159769 secs using 97.95% CPU
Optimizing NNI: done in 0.00314076 secs using 99.47% CPU
Optimizing NNI: done in 0.00434191 secs using 77.5% CPU
Optimizing NNI: done in 0.0043411 secs using 98.94% CPU
Optimizing NNI: done in 0.00162282 secs using 99.39% CPU
Optimizing NNI: done in 0.00269062 secs using 99.57% CPU
Iteration 130 / LogL: -1138.595 / Time: 0h:2m:35s (0h:0m:0s left)
Optimizing NNI: done in 0.00317175 secs using 99.69% CPU
Optimizing NNI: done in 0.00468693 secs using 99.64% CPU
Optimizing NNI: done in 0.00306429 secs using 99.7% CPU
Optimizing NNI: done in 0.00538928 secs using 99.81% CPU
Optimizing NNI: done in 0.00158312 secs using 98.98% CPU
UPDATE BEST LOG-LIKELIHOOD: -1138.595
Optimizing NNI: done in 0.00429791 secs using 98.96% CPU
Optimizing NNI: done in 0.00161218 secs using 99.43% CPU
Optimizing NNI: done in 0.00430714 secs using 52.91% CPU
Optimizing NNI: done in 0.00311236 secs using 99.7% CPU
Optimizing NNI: done in 0.00302403 secs using 99.83% CPU
Iteration 140 / LogL: -1138.595 / Time: 0h:2m:36s (0h:0m:0s left)
Optimizing NNI: done in 0.00416974 secs using 99.65% CPU
Optimizing NNI: done in 0.0015696 secs using 99.77% CPU
Optimizing NNI: done in 0.00155652 secs using 37.91% CPU
Optimizing NNI: done in 0.00313357 secs using 93.7% CPU
Optimizing NNI: done in 0.00319231 secs using 97.67% CPU
Optimizing NNI: done in 0.003332 secs using 93.61% CPU
Optimizing NNI: done in 0.00577118 secs using 77.25% CPU
Optimizing NNI: done in 0.00334588 secs using 94.5% CPU
Optimizing NNI: done in 0.00166394 secs using 96.04% CPU
Optimizing NNI: done in 0.00332855 secs using 94.55% CPU
Iteration 150 / LogL: -1138.595 / Time: 0h:2m:36s (0h:0m:0s left)
Log-likelihood cutoff on original alignment: -1145.779
Optimizing NNI: done in 0.00317958 secs using 99.7% CPU
Optimizing NNI: done in 0.00188135 secs using 99.56% CPU
Optimizing NNI: done in 0.00159509 secs using 99.37% CPU
Optimizing NNI: done in 0.00207147 secs using 99.59% CPU
Optimizing NNI: done in 0.00301307 secs using 99.7% CPU
Optimizing NNI: done in 0.00157846 secs using 99.78% CPU
UPDATE BEST LOG-LIKELIHOOD: -1138.595
Optimizing NNI: done in 0.00156943 secs using 99.27% CPU
Optimizing NNI: done in 0.00318134 secs using 99.71% CPU
Optimizing NNI: done in 0.00292648 secs using 99.92% CPU
Optimizing NNI: done in 0.00406865 secs using 75.38% CPU
Iteration 160 / LogL: -1138.596 / Time: 0h:2m:36s (0h:0m:0s left)
Optimizing NNI: done in 0.00316056 secs using 99.7% CPU
UPDATE BEST LOG-LIKELIHOOD: -1138.595
Optimizing NNI: done in 0.00157578 secs using 39.03% CPU
Optimizing NNI: done in 0.00429289 secs using 99.79% CPU
Optimizing NNI: done in 0.00264495 secs using 99.66% CPU
Optimizing NNI: done in 0.00163082 secs using 39.31% CPU
Optimizing NNI: done in 0.00313176 secs using 98.92% CPU
Optimizing NNI: done in 0.00574748 secs using 99.49% CPU
Optimizing NNI: done in 0.0028833 secs using 65.45% CPU
Optimizing NNI: done in 0.00367206 secs using 72.41% CPU
Optimizing NNI: done in 0.00306188 secs using 99.68% CPU
Iteration 170 / LogL: -1138.595 / Time: 0h:2m:36s (0h:0m:0s left)
Optimizing NNI: done in 0.00314537 secs using 99.73% CPU
Optimizing NNI: done in 0.00189686 secs using 99.85% CPU
Optimizing NNI: done in 0.00440976 secs using 99.8% CPU
Optimizing NNI: done in 0.00157835 secs using 37% CPU
Optimizing NNI: done in 0.00188579 secs using 46.19% CPU
Optimizing NNI: done in 0.00310394 secs using 98.91% CPU
Optimizing NNI: done in 0.00276391 secs using 99.64% CPU
Optimizing NNI: done in 0.00313454 secs using 35.79% CPU
Optimizing NNI: done in 0.00317686 secs using 99.15% CPU
Optimizing NNI: done in 0.00537591 secs using 81.27% CPU
Iteration 180 / LogL: -1138.596 / Time: 0h:2m:36s (0h:0m:0s left)
Optimizing NNI: done in 0.0043903 secs using 77.08% CPU
Optimizing NNI: done in 0.00280809 secs using 99.68% CPU
Optimizing NNI: done in 0.00159504 secs using 35.42% CPU
Optimizing NNI: done in 0.00313751 secs using 99.47% CPU
UPDATE BEST LOG-LIKELIHOOD: -1138.595
Optimizing NNI: done in 0.00327751 secs using 99.71% CPU
Optimizing NNI: done in 0.00314952 secs using 99.54% CPU
Optimizing NNI: done in 0.00310526 secs using 99.73% CPU
Optimizing NNI: done in 0.00311862 secs using 99.72% CPU
Optimizing NNI: done in 0.0015821 secs using 99.43% CPU
Optimizing NNI: done in 0.00315586 secs using 99.72% CPU
Iteration 190 / LogL: -1138.597 / Time: 0h:2m:36s (0h:0m:0s left)
Optimizing NNI: done in 0.00558911 secs using 99.32% CPU
Optimizing NNI: done in 0.00164251 secs using 99.85% CPU
Optimizing NNI: done in 0.00320813 secs using 99.47% CPU
Optimizing NNI: done in 0.00238672 secs using 99.38% CPU
Optimizing NNI: done in 0.00156493 secs using 97.64% CPU
Optimizing NNI: done in 0.0018805 secs using 99.81% CPU
Optimizing NNI: done in 0.00431722 secs using 76.32% CPU
Optimizing NNI: done in 0.00164256 secs using 99.6% CPU
Optimizing NNI: done in 0.00261701 secs using 99.89% CPU
Optimizing NNI: done in 0.00160856 secs using 99.34% CPU
Iteration 200 / LogL: -1138.595 / Time: 0h:2m:36s (0h:0m:0s left)
Log-likelihood cutoff on original alignment: -1145.813
NOTE: Bootstrap correlation coefficient of split occurrence frequencies: 0.984
NOTE: UFBoot does not converge, continue at least 100 more iterations
Optimizing NNI: done in 0.00161699 secs using 98.95% CPU
Optimizing NNI: done in 0.0016015 secs using 99.78% CPU
Optimizing NNI: done in 0.0016353 secs using 99.43% CPU
Optimizing NNI: done in 0.00309491 secs using 99.49% CPU
Optimizing NNI: done in 0.00311006 secs using 99.71% CPU
Optimizing NNI: done in 0.00156502 secs using 99.81% CPU
Optimizing NNI: done in 0.001585 secs using 99.37% CPU
Optimizing NNI: done in 0.00317558 secs using 99.45% CPU
Optimizing NNI: done in 0.00161241 secs using 98.49% CPU
Optimizing NNI: done in 0.0041907 secs using 99.7% CPU
Iteration 210 / LogL: -1138.596 / Time: 0h:2m:36s (0h:0m:1s left)
Optimizing NNI: done in 0.00295574 secs using 99.67% CPU
Optimizing NNI: done in 0.00259395 secs using 99.62% CPU
Optimizing NNI: done in 0.00291714 secs using 99.69% CPU
Optimizing NNI: done in 0.00422833 secs using 99.33% CPU
Optimizing NNI: done in 0.0052171 secs using 99.65% CPU
Optimizing NNI: done in 0.00285953 secs using 65.92% CPU
Optimizing NNI: done in 0.00304203 secs using 99.87% CPU
Optimizing NNI: done in 0.00313541 secs using 99.67% CPU
Optimizing NNI: done in 0.0024964 secs using 99.58% CPU
Optimizing NNI: done in 0.00304655 secs using 67.03% CPU
Iteration 220 / LogL: -1138.595 / Time: 0h:2m:37s (0h:0m:0s left)
Optimizing NNI: done in 0.00458135 secs using 77.82% CPU
Optimizing NNI: done in 0.00392041 secs using 99.71% CPU
Optimizing NNI: done in 0.00157377 secs using 99.63% CPU
Optimizing NNI: done in 0.00429453 secs using 54.02% CPU
Optimizing NNI: done in 0.00532953 secs using 99.67% CPU
Optimizing NNI: done in 0.00286572 secs using 99.66% CPU
Optimizing NNI: done in 0.00261831 secs using 99.57% CPU
Optimizing NNI: done in 0.00318397 secs using 99.66% CPU
Optimizing NNI: done in 0.00644544 secs using 84.57% CPU
Optimizing NNI: done in 0.00393994 secs using 99.62% CPU
Iteration 230 / LogL: -1138.596 / Time: 0h:2m:37s (0h:0m:0s left)
Optimizing NNI: done in 0.00537764 secs using 81.34% CPU
Optimizing NNI: done in 0.00265555 secs using 99.26% CPU
Optimizing NNI: done in 0.00501847 secs using 99.69% CPU
Optimizing NNI: done in 0.00191705 secs using 48.09% CPU
Optimizing NNI: done in 0.00555738 secs using 64.18% CPU
Optimizing NNI: done in 0.00306425 secs using 98.85% CPU
Optimizing NNI: done in 0.0028774 secs using 99.57% CPU
Optimizing NNI: done in 0.0030163 secs using 99.89% CPU
UPDATE BEST LOG-LIKELIHOOD: -1138.595
Optimizing NNI: done in 0.0016415 secs using 99.79% CPU
Optimizing NNI: done in 0.00306508 secs using 99.51% CPU
Iteration 240 / LogL: -1138.595 / Time: 0h:2m:37s (0h:0m:0s left)
Optimizing NNI: done in 0.00492059 secs using 61.78% CPU
Optimizing NNI: done in 0.00452183 secs using 33.53% CPU
Optimizing NNI: done in 0.00685162 secs using 22.67% CPU
Optimizing NNI: done in 0.00755228 secs using 33.65% CPU
Optimizing NNI: done in 0.00584623 secs using 32.05% CPU
Optimizing NNI: done in 0.00429341 secs using 99.5% CPU
Optimizing NNI: done in 0.00188358 secs using 47.41% CPU
Optimizing NNI: done in 0.00176322 secs using 99.48% CPU
Optimizing NNI: done in 0.00297337 secs using 99.72% CPU
Optimizing NNI: done in 0.00151675 secs using 99.82% CPU
Iteration 250 / LogL: -1138.595 / Time: 0h:2m:37s (0h:0m:0s left)
Log-likelihood cutoff on original alignment: -1145.825
Optimizing NNI: done in 0.00554722 secs using 99.73% CPU
Optimizing NNI: done in 0.00311015 secs using 99.67% CPU
Optimizing NNI: done in 0.00157675 secs using 99.38% CPU
Optimizing NNI: done in 0.00203665 secs using 99.53% CPU
Optimizing NNI: done in 0.00508267 secs using 99.69% CPU
Optimizing NNI: done in 0.00296483 secs using 99.67% CPU
Optimizing NNI: done in 0.00151901 secs using 99.8% CPU
Optimizing NNI: done in 0.00293377 secs using 99.5% CPU
Optimizing NNI: done in 0.00303837 secs using 98.87% CPU
Optimizing NNI: done in 0.00359246 secs using 99.35% CPU
Iteration 260 / LogL: -1138.595 / Time: 0h:2m:37s (0h:0m:0s left)
Optimizing NNI: done in 0.00779722 secs using 34.14% CPU
Optimizing NNI: done in 0.00643813 secs using 28.7% CPU
Optimizing NNI: done in 0.00412936 secs using 99.63% CPU
Optimizing NNI: done in 0.00304944 secs using 94.25% CPU
Optimizing NNI: done in 0.00291843 secs using 99.57% CPU
Optimizing NNI: done in 0.00308268 secs using 99.46% CPU
Optimizing NNI: done in 0.00447424 secs using 99.68% CPU
Optimizing NNI: done in 0.00304648 secs using 99.72% CPU
Optimizing NNI: done in 0.00311873 secs using 98.21% CPU
Optimizing NNI: done in 0.00300628 secs using 99.89% CPU
Iteration 270 / LogL: -1138.595 / Time: 0h:2m:37s (0h:0m:0s left)
Optimizing NNI: done in 0.00158303 secs using 99.43% CPU
Optimizing NNI: done in 0.00175404 secs using 99.48% CPU
Optimizing NNI: done in 0.00409535 secs using 99.82% CPU
Optimizing NNI: done in 0.0014941 secs using 99.86% CPU
Optimizing NNI: done in 0.00412744 secs using 99.77% CPU
Optimizing NNI: done in 0.00524832 secs using 99.77% CPU
Optimizing NNI: done in 0.00313339 secs using 99.7% CPU
Optimizing NNI: done in 0.00274679 secs using 65.24% CPU
Optimizing NNI: done in 0.00151228 secs using 33.19% CPU
Optimizing NNI: done in 0.00248358 secs using 99.41% CPU
Iteration 280 / LogL: -1138.595 / Time: 0h:2m:37s (0h:0m:0s left)
Optimizing NNI: done in 0.00181635 secs using 99.54% CPU
Optimizing NNI: done in 0.00526334 secs using 71.84% CPU
Optimizing NNI: done in 0.0043755 secs using 99.23% CPU
Optimizing NNI: done in 0.00535591 secs using 99.67% CPU
Optimizing NNI: done in 0.00437412 secs using 99.68% CPU
Optimizing NNI: done in 0.00281692 secs using 99.68% CPU
Optimizing NNI: done in 0.00264824 secs using 99.65% CPU
Optimizing NNI: done in 0.00302683 secs using 99.64% CPU
Optimizing NNI: done in 0.00412226 secs using 75.27% CPU
Optimizing NNI: done in 0.00180745 secs using 99.86% CPU
Iteration 290 / LogL: -1138.595 / Time: 0h:2m:38s (0h:0m:0s left)
Optimizing NNI: done in 0.00104991 secs using 98.77% CPU
Optimizing NNI: done in 0.00518635 secs using 99.78% CPU
Optimizing NNI: done in 0.00103403 secs using 98.74% CPU
Optimizing NNI: done in 0.00178108 secs using 99.1% CPU
Optimizing NNI: done in 0.00179365 secs using 99.85% CPU
Optimizing NNI: done in 0.00145194 secs using 99.11% CPU
Optimizing NNI: done in 0.000963598 secs using 99% CPU
Optimizing NNI: done in 0.0018577 secs using 47.8% CPU
Optimizing NNI: done in 0.00113863 secs using 98.8% CPU
Optimizing NNI: done in 0.000978399 secs using 99.75% CPU
Iteration 300 / LogL: -1138.595 / Time: 0h:2m:38s (0h:0m:0s left)
Log-likelihood cutoff on original alignment: -1145.787
NOTE: Bootstrap correlation coefficient of split occurrence frequencies: 0.982
NOTE: UFBoot does not converge, continue at least 100 more iterations
Optimizing NNI: done in 0.00122356 secs using 98.32% CPU
Optimizing NNI: done in 0.00103074 secs using 98.67% CPU
Optimizing NNI: done in 0.00221164 secs using 54.3% CPU
Optimizing NNI: done in 0.00117991 secs using 99.16% CPU
Optimizing NNI: done in 0.00189268 secs using 99.91% CPU
Optimizing NNI: done in 0.0018371 secs using 99.18% CPU
Optimizing NNI: done in 0.000975419 secs using 98.83% CPU
Optimizing NNI: done in 0.00095612 secs using 99.78% CPU
Optimizing NNI: done in 0.00191902 secs using 99.58% CPU
Optimizing NNI: done in 0.00182557 secs using 99.86% CPU
Iteration 310 / LogL: -1138.595 / Time: 0h:2m:38s (0h:0m:1s left)
Optimizing NNI: done in 0.00246162 secs using 60.57% CPU
Optimizing NNI: done in 0.00431522 secs using 98.84% CPU
Optimizing NNI: done in 0.00251542 secs using 99.67% CPU
Optimizing NNI: done in 0.000953028 secs using 99.89% CPU
Optimizing NNI: done in 0.00163303 secs using 99.88% CPU
Optimizing NNI: done in 0.00172053 secs using 99.85% CPU
Optimizing NNI: done in 0.00186703 secs using 99.52% CPU
Optimizing NNI: done in 0.00190673 secs using 49.3% CPU
Optimizing NNI: done in 0.00143299 secs using 98.53% CPU
Optimizing NNI: done in 0.00188896 secs using 99.53% CPU
Iteration 320 / LogL: -1138.595 / Time: 0h:2m:38s (0h:0m:0s left)
Optimizing NNI: done in 0.00352114 secs using 99.37% CPU
Optimizing NNI: done in 0.00268869 secs using 99.16% CPU
Optimizing NNI: done in 0.0038501 secs using 73.74% CPU
Optimizing NNI: done in 0.0042668 secs using 99.65% CPU
Optimizing NNI: done in 0.00347218 secs using 71.19% CPU
Optimizing NNI: done in 0.00232031 secs using 99.12% CPU
Optimizing NNI: done in 0.00115487 secs using 98.54% CPU
Optimizing NNI: done in 0.00172405 secs using 99.3% CPU
Optimizing NNI: done in 0.00168393 secs using 98.64% CPU
Optimizing NNI: done in 0.00162709 secs using 99.87% CPU
Iteration 330 / LogL: -1138.595 / Time: 0h:2m:38s (0h:0m:0s left)
Optimizing NNI: done in 0.00118409 secs using 99.74% CPU
Optimizing NNI: done in 0.00298928 secs using 99.69% CPU
Optimizing NNI: done in 0.00183283 secs using 99.9% CPU
Optimizing NNI: done in 0.00397066 secs using 74.45% CPU
Optimizing NNI: done in 0.00118371 secs using 99.01% CPU
Optimizing NNI: done in 0.0033965 secs using 99.78% CPU
Optimizing NNI: done in 0.00190622 secs using 99.62% CPU
Optimizing NNI: done in 0.00177142 secs using 99.86% CPU
Optimizing NNI: done in 0.00173994 secs using 99.77% CPU
Optimizing NNI: done in 0.0016843 secs using 99.86% CPU
Iteration 340 / LogL: -1138.595 / Time: 0h:2m:38s (0h:0m:0s left)
Optimizing NNI: done in 0.00349563 secs using 71.92% CPU
Optimizing NNI: done in 0.00098596 secs using 99.8% CPU
Optimizing NNI: done in 0.00120887 secs using 99.27% CPU
Optimizing NNI: done in 0.00264989 secs using 99.48% CPU
Optimizing NNI: done in 0.000974363 secs using 99.76% CPU
Optimizing NNI: done in 0.00322525 secs using 68.49% CPU
Optimizing NNI: done in 0.00250141 secs using 98.94% CPU
Optimizing NNI: done in 0.00182766 secs using 99.47% CPU
Optimizing NNI: done in 0.0026304 secs using 99.72% CPU
Optimizing NNI: done in 0.000980647 secs using 99.12% CPU
Iteration 350 / LogL: -1138.595 / Time: 0h:2m:38s (0h:0m:0s left)
Log-likelihood cutoff on original alignment: -1145.772
Optimizing NNI: done in 0.0024044 secs using 98.86% CPU
Optimizing NNI: done in 0.00354028 secs using 99.91% CPU
Optimizing NNI: done in 0.00779363 secs using 62.06% CPU
Optimizing NNI: done in 0.00097472 secs using 99.82% CPU
Optimizing NNI: done in 0.00421359 secs using 98.97% CPU
Optimizing NNI: done in 0.00189526 secs using 99.88% CPU
Optimizing NNI: done in 0.00146485 secs using 99.87% CPU
Optimizing NNI: done in 0.00174876 secs using 44.89% CPU
Optimizing NNI: done in 0.00184273 secs using 99.91% CPU
Optimizing NNI: done in 0.00116096 secs using 99.06% CPU
Iteration 360 / LogL: -1288.139 / Time: 0h:2m:38s (0h:0m:0s left)
Optimizing NNI: done in 0.00200882 secs using 99.51% CPU
Optimizing NNI: done in 0.00339963 secs using 98.75% CPU
Optimizing NNI: done in 0.000970647 secs using 99.32% CPU
Optimizing NNI: done in 0.00255648 secs using 99.51% CPU
Optimizing NNI: done in 0.000967039 secs using 99.79% CPU
Optimizing NNI: done in 0.00259557 secs using 99.71% CPU
Optimizing NNI: done in 0.00412098 secs using 99.71% CPU
Optimizing NNI: done in 0.00189756 secs using 99.65% CPU
Optimizing NNI: done in 0.00223921 secs using 99.9% CPU
Optimizing NNI: done in 0.0010316 secs using 3.49% CPU
Iteration 370 / LogL: -1138.595 / Time: 0h:2m:38s (0h:0m:0s left)
Optimizing NNI: done in 0.00317277 secs using 99.25% CPU
Optimizing NNI: done in 0.00558747 secs using 99.63% CPU
Optimizing NNI: done in 0.00165042 secs using 99.49% CPU
Optimizing NNI: done in 0.00433977 secs using 99.77% CPU
Optimizing NNI: done in 0.00551184 secs using 81.86% CPU
Optimizing NNI: done in 0.00315199 secs using 99.68% CPU
Optimizing NNI: done in 0.00163666 secs using 99.47% CPU
Optimizing NNI: done in 0.00308523 secs using 99.54% CPU
Optimizing NNI: done in 0.00165733 secs using 99.32% CPU
Optimizing NNI: done in 0.00163845 secs using 99.3% CPU
Iteration 380 / LogL: -1138.595 / Time: 0h:2m:38s (0h:0m:0s left)
Optimizing NNI: done in 0.00556714 secs using 99.66% CPU
Optimizing NNI: done in 0.00278725 secs using 98.59% CPU
Optimizing NNI: done in 0.00185189 secs using 99.52% CPU
Optimizing NNI: done in 0.00304459 secs using 99.72% CPU
Optimizing NNI: done in 0.00162196 secs using 99.45% CPU
Optimizing NNI: done in 0.00405692 secs using 99.58% CPU
Optimizing NNI: done in 0.00272372 secs using 99.64% CPU
Optimizing NNI: done in 0.00163063 secs using 99.53% CPU
Optimizing NNI: done in 0.00190094 secs using 99.85% CPU
Optimizing NNI: done in 0.00311033 secs using 99.73% CPU
Iteration 390 / LogL: -1138.595 / Time: 0h:2m:38s (0h:0m:0s left)
Optimizing NNI: done in 0.005799 secs using 99.76% CPU
Optimizing NNI: done in 0.00594798 secs using 83.19% CPU
Optimizing NNI: done in 0.00159776 secs using 99.83% CPU
Optimizing NNI: done in 0.00163198 secs using 99.27% CPU
Optimizing NNI: done in 0.00160134 secs using 99.35% CPU
Optimizing NNI: done in 0.00261466 secs using 99.78% CPU
Optimizing NNI: done in 0.00257761 secs using 99.51% CPU
Optimizing NNI: done in 0.00295405 secs using 98.91% CPU
Optimizing NNI: done in 0.00306601 secs using 99.64% CPU
Optimizing NNI: done in 0.00263304 secs using 99.62% CPU
Iteration 400 / LogL: -1138.595 / Time: 0h:2m:39s (0h:0m:0s left)
Log-likelihood cutoff on original alignment: -1145.808
NOTE: Bootstrap correlation coefficient of split occurrence frequencies: 0.983
NOTE: UFBoot does not converge, continue at least 100 more iterations
Optimizing NNI: done in 0.00313108 secs using 67.61% CPU
Optimizing NNI: done in 0.00264475 secs using 99.67% CPU
Optimizing NNI: done in 0.00168298 secs using 42.6% CPU
Optimizing NNI: done in 0.00314182 secs using 99.53% CPU
Optimizing NNI: done in 0.00519576 secs using 80.66% CPU
Optimizing NNI: done in 0.00309236 secs using 99.57% CPU
Optimizing NNI: done in 0.00161221 secs using 99.37% CPU
Optimizing NNI: done in 0.00266482 secs using 99.59% CPU
Optimizing NNI: done in 0.00296859 secs using 99.68% CPU
Optimizing NNI: done in 0.00318164 secs using 99.73% CPU
Iteration 410 / LogL: -1138.597 / Time: 0h:2m:39s (0h:0m:1s left)
Optimizing NNI: done in 0.00183441 secs using 99.87% CPU
Optimizing NNI: done in 0.00157688 secs using 99.82% CPU
Optimizing NNI: done in 0.00540003 secs using 99.59% CPU
Optimizing NNI: done in 0.00190263 secs using 99.86% CPU
Optimizing NNI: done in 0.00397245 secs using 75.12% CPU
Optimizing NNI: done in 0.00320494 secs using 99.69% CPU
Optimizing NNI: done in 0.00187719 secs using 99.51% CPU
Optimizing NNI: done in 0.00162019 secs using 99.31% CPU
Optimizing NNI: done in 0.00265964 secs using 99.52% CPU
Optimizing NNI: done in 0.0030653 secs using 99.7% CPU
Iteration 420 / LogL: -1138.595 / Time: 0h:2m:39s (0h:0m:0s left)
Optimizing NNI: done in 0.00156432 secs using 99.79% CPU
Optimizing NNI: done in 0.0059245 secs using 82.94% CPU
Optimizing NNI: done in 0.0043604 secs using 77.19% CPU
Optimizing NNI: done in 0.0043282 secs using 99.42% CPU
Optimizing NNI: done in 0.0055339 secs using 81.66% CPU
Optimizing NNI: done in 0.0030115 secs using 99.52% CPU
Optimizing NNI: done in 0.00158837 secs using 99.47% CPU
Optimizing NNI: done in 0.00252926 secs using 99.67% CPU
Optimizing NNI: done in 0.00302726 secs using 99.63% CPU
Optimizing NNI: done in 0.00166969 secs using 99.48% CPU
Iteration 430 / LogL: -1138.595 / Time: 0h:2m:39s (0h:0m:0s left)
Optimizing NNI: done in 0.00268635 secs using 99.32% CPU
Optimizing NNI: done in 0.00254047 secs using 99.67% CPU
Optimizing NNI: done in 0.00298119 secs using 99.66% CPU
Optimizing NNI: done in 0.00311105 secs using 99.74% CPU
Optimizing NNI: done in 0.00157496 secs using 99.3% CPU
Optimizing NNI: done in 0.00436592 secs using 99.64% CPU
Optimizing NNI: done in 0.00190722 secs using 99.57% CPU
Optimizing NNI: done in 0.00613845 secs using 99.68% CPU
Optimizing NNI: done in 0.00446781 secs using 99.8% CPU
Optimizing NNI: done in 0.00192043 secs using 99.51% CPU
Iteration 440 / LogL: -1288.141 / Time: 0h:2m:39s (0h:0m:0s left)
Optimizing NNI: done in 0.00519994 secs using 99.56% CPU
Optimizing NNI: done in 0.00160904 secs using 40.46% CPU
Optimizing NNI: done in 0.00161867 secs using 99.71% CPU
Optimizing NNI: done in 0.00413368 secs using 99.64% CPU
Optimizing NNI: done in 0.00309915 secs using 99.67% CPU
Optimizing NNI: done in 0.00565622 secs using 82.81% CPU
Optimizing NNI: done in 0.00266703 secs using 98.61% CPU
Optimizing NNI: done in 0.00164096 secs using 99.51% CPU
Optimizing NNI: done in 0.00168643 secs using 99.38% CPU
Optimizing NNI: done in 0.00193103 secs
Iteration 450 / LogL: -1288.139 / Time: 0h:2m:39s (0h:0m:0s left)
Log-likelihood cutoff on original alignment: -1145.808
Optimizing NNI: done in 0.00665442 secs using 99.65% CPU
Optimizing NNI: done in 0.00306667 secs using 67.5% CPU
Optimizing NNI: done in 0.00312922 secs using 99.55% CPU
Optimizing NNI: done in 0.00313612 secs using 99.74% CPU
Optimizing NNI: done in 0.00162868 secs using 99.41% CPU
Optimizing NNI: done in 0.0030993 secs using 99.64% CPU
Optimizing NNI: done in 0.00187913 secs using 99.46% CPU
Optimizing NNI: done in 0.00195218 secs
Optimizing NNI: done in 0.00529583 secs using 81.52% CPU
Optimizing NNI: done in 0.00170114 secs using 95.35% CPU
Iteration 460 / LogL: -1138.595 / Time: 0h:2m:40s (0h:0m:0s left)
Optimizing NNI: done in 0.00187965 secs using 99.81% CPU
Optimizing NNI: done in 0.00506407 secs using 99.49% CPU
Optimizing NNI: done in 0.00301055 secs using 99.68% CPU
Optimizing NNI: done in 0.00308909 secs using 99.61% CPU
Optimizing NNI: done in 0.00173992 secs using 97.36% CPU
Optimizing NNI: done in 0.000948399 secs
Optimizing NNI: done in 0.00192337 secs using 99.15% CPU
Optimizing NNI: done in 0.00303371 secs using 97.67% CPU
Optimizing NNI: done in 0.0031742 secs using 68.02% CPU
Optimizing NNI: done in 0.00260665 secs using 61.27% CPU
Iteration 470 / LogL: -1138.596 / Time: 0h:2m:40s (0h:0m:0s left)
Optimizing NNI: done in 0.000957321 secs using 99.24% CPU
Optimizing NNI: done in 0.00153505 secs using 98.69% CPU
Optimizing NNI: done in 0.00185541 secs using 99.6% CPU
Optimizing NNI: done in 0.00193044 secs using 99.67% CPU
Optimizing NNI: done in 0.0011497 secs using 99.33% CPU
Optimizing NNI: done in 0.00102655 secs using 99.75% CPU
Optimizing NNI: done in 0.000968976 secs using 99.28% CPU
Optimizing NNI: done in 0.00157594 secs using 99.56% CPU
Optimizing NNI: done in 0.000967357 secs using 99.76% CPU
Optimizing NNI: done in 0.00266429 secs using 63.17% CPU
Iteration 480 / LogL: -1138.595 / Time: 0h:2m:40s (0h:0m:0s left)
Optimizing NNI: done in 0.000924632 secs using 99.82% CPU
Optimizing NNI: done in 0.00246937 secs using 99.66% CPU
Optimizing NNI: done in 0.00321687 secs using 99.76% CPU
Optimizing NNI: done in 0.00206041 secs
Optimizing NNI: done in 0.00319825 secs using 98.71% CPU
Optimizing NNI: done in 0.00110589 secs using 99.83% CPU
Optimizing NNI: done in 0.00110338 secs using 99.88% CPU
Optimizing NNI: done in 0.000960086 secs using 99.89% CPU
Optimizing NNI: done in 0.00187605 secs
Optimizing NNI: done in 0.00344472 secs using 99.63% CPU
Iteration 490 / LogL: -1138.595 / Time: 0h:2m:40s (0h:0m:0s left)
Optimizing NNI: done in 0.00191505 secs using 99.32% CPU
Optimizing NNI: done in 0.00254208 secs using 98.58% CPU
Optimizing NNI: done in 0.00180421 secs using 99.77% CPU
Optimizing NNI: done in 0.00180966 secs using 99.91% CPU
Optimizing NNI: done in 0.00162053 secs using 99.91% CPU
Optimizing NNI: done in 0.00177318 secs using 99.6% CPU
Optimizing NNI: done in 0.00164679 secs using 99.59% CPU
Optimizing NNI: done in 0.00166644 secs using 99.55% CPU
Optimizing NNI: done in 0.00259763 secs using 98.67% CPU
Optimizing NNI: done in 0.00101327 secs using 3.849% CPU
Iteration 500 / LogL: -1138.595 / Time: 0h:2m:40s (0h:0m:0s left)
Log-likelihood cutoff on original alignment: -1145.811
NOTE: Bootstrap correlation coefficient of split occurrence frequencies: 0.971
NOTE: UFBoot does not converge, continue at least 100 more iterations
Optimizing NNI: done in 0.000974705 secs using 99.83% CPU
Optimizing NNI: done in 0.00181763 secs using 46.32% CPU
Optimizing NNI: done in 0.0027782 secs using 99.78% CPU
Optimizing NNI: done in 0.00118176 secs
Optimizing NNI: done in 0.000999399 secs using 99.86% CPU
Optimizing NNI: done in 0.00176854 secs using 99.63% CPU
Optimizing NNI: done in 0.00180477 secs
Optimizing NNI: done in 0.00117671 secs using 96.8% CPU
Optimizing NNI: done in 0.00251831 secs using 99.39% CPU
Optimizing NNI: done in 0.00185841 secs using 99.66% CPU
Iteration 510 / LogL: -1138.595 / Time: 0h:2m:40s (0h:0m:1s left)
Optimizing NNI: done in 0.00307425 secs using 99.73% CPU
Optimizing NNI: done in 0.00270355 secs using 63.4% CPU
Optimizing NNI: done in 0.00342197 secs using 70.25% CPU
Optimizing NNI: done in 0.00179685 secs using 99.23% CPU
Optimizing NNI: done in 0.00181593 secs using 45.16% CPU
Optimizing NNI: done in 0.0017785 secs using 99.24% CPU
Optimizing NNI: done in 0.00179579 secs using 99.62% CPU
Optimizing NNI: done in 0.0009363 secs using 99.75% CPU
Optimizing NNI: done in 0.00334322 secs using 99.75% CPU
Optimizing NNI: done in 0.00234042 secs using 99.68% CPU
Iteration 520 / LogL: -1138.595 / Time: 0h:2m:40s (0h:0m:0s left)
Optimizing NNI: done in 0.00174445 secs using 99.63% CPU
Optimizing NNI: done in 0.00183976 secs using 99.63% CPU
Optimizing NNI: done in 0.00171014 secs using 99.93% CPU
Optimizing NNI: done in 0.00182511 secs using 99.61% CPU
Optimizing NNI: done in 0.00258484 secs using 99.74% CPU
Optimizing NNI: done in 0.00181459 secs using 99.64% CPU
Optimizing NNI: done in 0.00326617 secs using 99.81% CPU
Optimizing NNI: done in 0.00168825 secs using 99.63% CPU
Optimizing NNI: done in 0.0016724 secs using 99.62% CPU
Optimizing NNI: done in 0.00181529 secs
Iteration 530 / LogL: -1138.595 / Time: 0h:2m:40s (0h:0m:0s left)
Optimizing NNI: done in 0.00263172 secs using 60.68% CPU
Optimizing NNI: done in 0.0015414 secs using 99.2% CPU
Optimizing NNI: done in 0.00267981 secs using 99.37% CPU
Optimizing NNI: done in 0.000968751 secs using 99.3% CPU
Optimizing NNI: done in 0.000980463 secs
Optimizing NNI: done in 0.00116503 secs using 98.54% CPU
Optimizing NNI: done in 0.0017869 secs using 99.67% CPU
Optimizing NNI: done in 0.00234995 secs using 99.7% CPU
Optimizing NNI: done in 0.00258521 secs using 62.55% CPU
Optimizing NNI: done in 0.00199185 secs using 49.65% CPU
Iteration 540 / LogL: -1138.595 / Time: 0h:2m:40s (0h:0m:0s left)
Optimizing NNI: done in 0.000970807 secs using 99.71% CPU
Optimizing NNI: done in 0.000978926 secs using 98.88% CPU
Optimizing NNI: done in 0.00188307 secs using 99.89% CPU
Optimizing NNI: done in 0.00257229 secs using 99.72% CPU
Optimizing NNI: done in 0.00100285 secs using 99.22% CPU
Optimizing NNI: done in 0.00177776 secs using 99.56% CPU
Optimizing NNI: done in 0.00253532 secs using 99.47% CPU
Optimizing NNI: done in 0.000946792 secs using 95.06% CPU
Optimizing NNI: done in 0.00294435 secs using 99.21% CPU
Optimizing NNI: done in 0.000993418 secs using 99.86% CPU
Iteration 550 / LogL: -1138.595 / Time: 0h:2m:40s (0h:0m:0s left)
Log-likelihood cutoff on original alignment: -1146.758
Optimizing NNI: done in 0.0016476 secs using 99.17% CPU
Optimizing NNI: done in 0.00126569 secs using 22.36% CPU
Optimizing NNI: done in 0.00192523 secs using 99.52% CPU
Optimizing NNI: done in 0.00275876 secs using 64.27% CPU
Optimizing NNI: done in 0.00278311 secs using 98.67% CPU
Optimizing NNI: done in 0.00187068 secs using 99.59% CPU
Optimizing NNI: done in 0.000976488 secs using 99.75% CPU
Optimizing NNI: done in 0.0018614 secs using 99.92% CPU
Optimizing NNI: done in 0.00191604 secs using 99.84% CPU
Optimizing NNI: done in 0.00166701 secs using 99.94% CPU
Iteration 560 / LogL: -1138.595 / Time: 0h:2m:40s (0h:0m:0s left)
Optimizing NNI: done in 0.00177852 secs using 99.8% CPU
Optimizing NNI: done in 0.000993496 secs using 99.14% CPU
Optimizing NNI: done in 0.00096333 secs
Optimizing NNI: done in 0.00181697 secs
Optimizing NNI: done in 0.00168553 secs using 99.49% CPU
Optimizing NNI: done in 0.0011388 secs using 99.23% CPU
Optimizing NNI: done in 0.000960484 secs using 99.22% CPU
Optimizing NNI: done in 0.00192055 secs using 99.82% CPU
Optimizing NNI: done in 0.00187459 secs using 99.43% CPU
Optimizing NNI: done in 0.00171441 secs using 98.58% CPU
Iteration 570 / LogL: -1138.597 / Time: 0h:2m:40s (0h:0m:0s left)
Optimizing NNI: done in 0.00326503 secs using 99.45% CPU
Optimizing NNI: done in 0.00314444 secs using 99.95% CPU
Optimizing NNI: done in 0.00240281 secs using 58.1% CPU
Optimizing NNI: done in 0.00111871 secs using 99.67% CPU
Optimizing NNI: done in 0.000983598 secs using 99.74% CPU
Optimizing NNI: done in 0.00176951 secs using 99.86% CPU
Optimizing NNI: done in 0.00115317 secs using 99.9% CPU
Optimizing NNI: done in 0.0019518 secs using 99.91% CPU
Optimizing NNI: done in 0.00561398 secs using 99.72% CPU
Optimizing NNI: done in 0.00292073 secs using 99.5% CPU
Iteration 580 / LogL: -1138.597 / Time: 0h:2m:41s (0h:0m:0s left)
Optimizing NNI: done in 0.00160725 secs using 99.42% CPU
Optimizing NNI: done in 0.00660202 secs using 85.22% CPU
Optimizing NNI: done in 0.00319873 secs using 99.26% CPU
Optimizing NNI: done in 0.00298041 secs using 99.65% CPU
Optimizing NNI: done in 0.00163299 secs using 99.39% CPU
Optimizing NNI: done in 0.00300996 secs using 99.67% CPU
Optimizing NNI: done in 0.00281702 secs using 99.43% CPU
Optimizing NNI: done in 0.00444341 secs using 99.63% CPU
Optimizing NNI: done in 0.00284367 secs using 99.69% CPU
Optimizing NNI: done in 0.00159599 secs using 38.03% CPU
Iteration 590 / LogL: -1138.595 / Time: 0h:2m:41s (0h:0m:0s left)
Optimizing NNI: done in 0.00403907 secs using 99.7% CPU
Optimizing NNI: done in 0.00293496 secs using 99.66% CPU
Optimizing NNI: done in 0.00167092 secs using 99.41% CPU
Optimizing NNI: done in 0.00217347 secs using 99.61% CPU
Optimizing NNI: done in 0.0029534 secs using 67.45% CPU
Optimizing NNI: done in 0.00318008 secs using 98.87% CPU
Optimizing NNI: done in 0.0058727 secs using 99.75% CPU
Optimizing NNI: done in 0.00159718 secs using 98.61% CPU
Optimizing NNI: done in 0.00434663 secs using 98.93% CPU
Optimizing NNI: done in 0.00160654 secs using 99.41% CPU
Iteration 600 / LogL: -1138.595 / Time: 0h:2m:41s (0h:0m:0s left)
Log-likelihood cutoff on original alignment: -1146.758
NOTE: Bootstrap correlation coefficient of split occurrence frequencies: 0.982
NOTE: UFBoot does not converge, continue at least 100 more iterations
Optimizing NNI: done in 0.00395587 secs using 99.75% CPU
Optimizing NNI: done in 0.00433362 secs using 99.71% CPU
Optimizing NNI: done in 0.0030132 secs using 99.36% CPU
Optimizing NNI: done in 0.00323739 secs using 99.71% CPU
Optimizing NNI: done in 0.00316323 secs using 67.91% CPU
Optimizing NNI: done in 0.00161743 secs using 98.86% CPU
Optimizing NNI: done in 0.00400314 secs using 99.6% CPU
Optimizing NNI: done in 0.00440522 secs using 77.11% CPU
Optimizing NNI: done in 0.00521216 secs using 99.71% CPU
Optimizing NNI: done in 0.00190208 secs
Iteration 610 / LogL: -1288.139 / Time: 0h:2m:41s (0h:0m:1s left)
Optimizing NNI: done in 0.0045038 secs using 99.03% CPU
Optimizing NNI: done in 0.00319384 secs using 68.29% CPU
Optimizing NNI: done in 0.00185364 secs using 99.75% CPU
Optimizing NNI: done in 0.00318952 secs using 99.45% CPU
Optimizing NNI: done in 0.00378851 secs using 99.72% CPU
Optimizing NNI: done in 0.00415469 secs using 99.6% CPU
Optimizing NNI: done in 0.00296525 secs using 99.65% CPU
Optimizing NNI: done in 0.00295048 secs using 99.58% CPU
Optimizing NNI: done in 0.00159823 secs using 99.42% CPU
Optimizing NNI: done in 0.00157059 secs using 99.77% CPU
Iteration 620 / LogL: -1138.596 / Time: 0h:2m:41s (0h:0m:0s left)
Optimizing NNI: done in 0.00453404 secs using 99.82% CPU
Optimizing NNI: done in 0.00258725 secs using 99.57% CPU
Optimizing NNI: done in 0.0028887 secs using 99.63% CPU
Optimizing NNI: done in 0.00184944 secs using 99.54% CPU
Optimizing NNI: done in 0.00261686 secs using 99.51% CPU
Optimizing NNI: done in 0.00545313 secs using 99.7% CPU
Optimizing NNI: done in 0.00429929 secs using 76.5% CPU
Optimizing NNI: done in 0.00275877 secs using 99.36% CPU
Optimizing NNI: done in 0.00163701 secs using 99.39% CPU
Optimizing NNI: done in 0.00568963 secs using 99.73% CPU
Iteration 630 / LogL: -1138.595 / Time: 0h:2m:41s (0h:0m:0s left)
Optimizing NNI: done in 0.00283063 secs using 99.06% CPU
Optimizing NNI: done in 0.00161048 secs using 99.35% CPU
Optimizing NNI: done in 0.00244788 secs using 59.89% CPU
Optimizing NNI: done in 0.00291202 secs using 99.45% CPU
Optimizing NNI: done in 0.00265678 secs using 99.52% CPU
Optimizing NNI: done in 0.00301949 secs using 99.02% CPU
Optimizing NNI: done in 0.00265249 secs using 99.68% CPU
Optimizing NNI: done in 0.00434724 secs using 76.92% CPU
Optimizing NNI: done in 0.0016308 secs using 98.97% CPU
Optimizing NNI: done in 0.00313776 secs using 99.66% CPU
Iteration 640 / LogL: -1138.595 / Time: 0h:2m:42s (0h:0m:0s left)
Optimizing NNI: done in 0.00320918 secs using 99.53% CPU
Optimizing NNI: done in 0.00250382 secs using 99.45% CPU
Optimizing NNI: done in 0.00444106 secs using 77.19% CPU
Optimizing NNI: done in 0.00163618 secs using 99.38% CPU
Optimizing NNI: done in 0.00542798 secs using 99.61% CPU
Optimizing NNI: done in 0.0030527 secs using 99.71% CPU
Optimizing NNI: done in 0.00320173 secs using 69.24% CPU
Optimizing NNI: done in 0.00437572 secs using 76.86% CPU
Optimizing NNI: done in 0.00570608 secs using 99.51% CPU
Optimizing NNI: done in 0.00188187 secs using 99.48% CPU
Iteration 650 / LogL: -1288.139 / Time: 0h:2m:42s (0h:0m:0s left)
Log-likelihood cutoff on original alignment: -1146.758
Optimizing NNI: done in 0.00162969 secs using 99.84% CPU
Optimizing NNI: done in 0.0016035 secs using 99.41% CPU
Optimizing NNI: done in 0.00160873 secs using 99.52% CPU
Optimizing NNI: done in 0.00433596 secs using 99.59% CPU
Optimizing NNI: done in 0.00159962 secs using 99.15% CPU
Optimizing NNI: done in 0.00460837 secs using 99.64% CPU
Optimizing NNI: done in 0.00285051 secs using 65.5% CPU
Optimizing NNI: done in 0.0015894 secs using 98.4% CPU
Optimizing NNI: done in 0.00515923 secs using 80.17% CPU
Optimizing NNI: done in 0.00260077 secs using 98.59% CPU
Iteration 660 / LogL: -1138.595 / Time: 0h:2m:42s (0h:0m:0s left)
Optimizing NNI: done in 0.00316075 secs using 99.47% CPU
Optimizing NNI: done in 0.00314283 secs using 69.27% CPU
Optimizing NNI: done in 0.00163489 secs using 96.4% CPU
Optimizing NNI: done in 0.00161521 secs using 98.93% CPU
Optimizing NNI: done in 0.0018561 secs using 99.51% CPU
Optimizing NNI: done in 0.00317088 secs using 99.69% CPU
Optimizing NNI: done in 0.00303826 secs using 99.56% CPU
Optimizing NNI: done in 0.00439476 secs using 99.76% CPU
Optimizing NNI: done in 0.00518222 secs using 80.53% CPU
Optimizing NNI: done in 0.00300877 secs using 99.51% CPU
Iteration 670 / LogL: -1138.595 / Time: 0h:2m:42s (0h:0m:0s left)
Optimizing NNI: done in 0.00187006 secs using 99.52% CPU
Optimizing NNI: done in 0.00417328 secs using 75.82% CPU
Optimizing NNI: done in 0.00396156 secs using 75.15% CPU
Optimizing NNI: done in 0.00159759 secs using 98.21% CPU
Optimizing NNI: done in 0.00160477 secs using 99.33% CPU
Optimizing NNI: done in 0.00260426 secs using 99.53% CPU
Optimizing NNI: done in 0.00530281 secs using 62.27% CPU
Optimizing NNI: done in 0.00160598 secs using 99.44% CPU
Optimizing NNI: done in 0.00265804 secs using 99.62% CPU
Optimizing NNI: done in 0.00299753 secs using 67.66% CPU
Iteration 680 / LogL: -1138.595 / Time: 0h:2m:42s (0h:0m:0s left)
Optimizing NNI: done in 0.00319825 secs using 98.87% CPU
Optimizing NNI: done in 0.00316675 secs using 68.59% CPU
Optimizing NNI: done in 0.00161705 secs using 99.32% CPU
Optimizing NNI: done in 0.0015885 secs using 99.34% CPU
Optimizing NNI: done in 0.00160179 secs using 99.83% CPU
Optimizing NNI: done in 0.00163856 secs using 41.01% CPU
Optimizing NNI: done in 0.00164342 secs using 97.48% CPU
Optimizing NNI: done in 0.00159306 secs using 99.37% CPU
Optimizing NNI: done in 0.00314058 secs using 99.63% CPU
Optimizing NNI: done in 0.00161229 secs using 99.36% CPU
Iteration 690 / LogL: -1138.595 / Time: 0h:2m:42s (0h:0m:0s left)
Optimizing NNI: done in 0.00157868 secs using 99.83% CPU
Optimizing NNI: done in 0.00147061 secs using 99.35% CPU
Optimizing NNI: done in 0.00428912 secs using 99.65% CPU
Optimizing NNI: done in 0.00432988 secs using 99.77% CPU
Optimizing NNI: done in 0.00542117 secs using 81.37% CPU
Optimizing NNI: done in 0.00311076 secs using 99.65% CPU
Optimizing NNI: done in 0.00161526 secs using 99.36% CPU
Optimizing NNI: done in 0.00421135 secs using 99.78% CPU
Optimizing NNI: done in 0.00307819 secs using 67.41% CPU
Optimizing NNI: done in 0.00319608 secs using 68.18% CPU
Iteration 700 / LogL: -1138.597 / Time: 0h:2m:42s (0h:0m:0s left)
Log-likelihood cutoff on original alignment: -1146.758
NOTE: Bootstrap correlation coefficient of split occurrence frequencies: 0.985
NOTE: UFBoot does not converge, continue at least 100 more iterations
Optimizing NNI: done in 0.00163973 secs using 37.08% CPU
Optimizing NNI: done in 0.00303595 secs using 98.88% CPU
Optimizing NNI: done in 0.00195114 secs using 99.53% CPU
Optimizing NNI: done in 0.00160826 secs using 99.8% CPU
Optimizing NNI: done in 0.0031559 secs using 99.53% CPU
Optimizing NNI: done in 0.00551793 secs using 99.29% CPU
Optimizing NNI: done in 0.00313125 secs using 98.84% CPU
Optimizing NNI: done in 0.00553189 secs using 99.71% CPU
Optimizing NNI: done in 0.00164363 secs using 40.52% CPU
Optimizing NNI: done in 0.00312789 secs using 99.49% CPU
Iteration 710 / LogL: -1138.595 / Time: 0h:2m:43s (0h:0m:1s left)
Optimizing NNI: done in 0.00431099 secs using 99.33% CPU
Optimizing NNI: done in 0.00162891 secs
Optimizing NNI: done in 0.00158478 secs using 99.38% CPU
Optimizing NNI: done in 0.00447491 secs using 96.9% CPU
Optimizing NNI: done in 0.00532552 secs using 80.84% CPU
Optimizing NNI: done in 0.00476712 secs using 99.68% CPU
Optimizing NNI: done in 0.00158668 secs using 99.77% CPU
Optimizing NNI: done in 0.00303144 secs using 99.03% CPU
Optimizing NNI: done in 0.00158213 secs using 99.8% CPU
Optimizing NNI: done in 0.00162037 secs using 99.36% CPU
Iteration 720 / LogL: -1138.595 / Time: 0h:2m:43s (0h:0m:0s left)
Optimizing NNI: done in 0.00311395 secs using 99.68% CPU
Optimizing NNI: done in 0.00164852 secs using 99.42% CPU
Optimizing NNI: done in 0.00402434 secs using 51.66% CPU
Optimizing NNI: done in 0.00320708 secs using 68.26% CPU
Optimizing NNI: done in 0.00198905 secs using 99.44% CPU
Optimizing NNI: done in 0.00272962 secs using 99.68% CPU
Optimizing NNI: done in 0.00323295 secs using 99.72% CPU
Optimizing NNI: done in 0.00310175 secs using 99.72% CPU
Optimizing NNI: done in 0.00168853 secs using 99.85% CPU
Optimizing NNI: done in 0.00142516 secs using 99.57% CPU
Iteration 730 / LogL: -1138.595 / Time: 0h:2m:43s (0h:0m:0s left)
Optimizing NNI: done in 0.00411997 secs using 99.61% CPU
Optimizing NNI: done in 0.00301896 secs using 99.67% CPU
Optimizing NNI: done in 0.00309988 secs using 99.71% CPU
Optimizing NNI: done in 0.00426304 secs using 99.81% CPU
Optimizing NNI: done in 0.00161383 secs using 99.51% CPU
Optimizing NNI: done in 0.00322633 secs using 99.65% CPU
Optimizing NNI: done in 0.0026903 secs using 99.62% CPU
Optimizing NNI: done in 0.00166575 secs using 99.29% CPU
Optimizing NNI: done in 0.0014825 secs using 99.36% CPU
Optimizing NNI: done in 0.00164301 secs using 99.45% CPU
Iteration 740 / LogL: -1138.595 / Time: 0h:2m:43s (0h:0m:0s left)
Optimizing NNI: done in 0.00319258 secs using 99.67% CPU
Optimizing NNI: done in 0.00294399 secs using 99.52% CPU
Optimizing NNI: done in 0.00408681 secs using 99.76% CPU
Optimizing NNI: done in 0.00293574 secs using 99.67% CPU
Optimizing NNI: done in 0.0032228 secs using 99.67% CPU
Optimizing NNI: done in 0.00578453 secs using 99.73% CPU
Optimizing NNI: done in 0.00162345 secs using 39.98% CPU
Optimizing NNI: done in 0.00325443 secs using 99.46% CPU
Optimizing NNI: done in 0.00162884 secs using 99.33% CPU
Optimizing NNI: done in 0.00286136 secs using 99.64% CPU
Iteration 750 / LogL: -1138.595 / Time: 0h:2m:43s (0h:0m:0s left)
Log-likelihood cutoff on original alignment: -1146.758
Optimizing NNI: done in 0.00433373 secs using 76.91% CPU
Optimizing NNI: done in 0.00159539 secs using 99.79% CPU
Optimizing NNI: done in 0.00160818 secs using 99.43% CPU
Optimizing NNI: done in 0.00311929 secs using 99.51% CPU
Optimizing NNI: done in 0.00319989 secs using 99.44% CPU
Optimizing NNI: done in 0.00313337 secs using 99.51% CPU
Optimizing NNI: done in 0.00163377 secs using 99.4% CPU
Optimizing NNI: done in 0.00190981 secs using 99.54% CPU
Optimizing NNI: done in 0.0031423 secs using 68.58% CPU
Optimizing NNI: done in 0.00159263 secs using 99.83% CPU
Iteration 760 / LogL: -1138.595 / Time: 0h:2m:44s (0h:0m:0s left)
Optimizing NNI: done in 0.003061 secs using 99.67% CPU
Optimizing NNI: done in 0.00303278 secs using 67.59% CPU
Optimizing NNI: done in 0.00161236 secs using 98.55% CPU
Optimizing NNI: done in 0.00191438 secs using 99.51% CPU
Optimizing NNI: done in 0.00264492 secs using 61.85% CPU
Optimizing NNI: done in 0.00432277 secs using 99.4% CPU
Optimizing NNI: done in 0.0016244 secs using 99.3% CPU
Optimizing NNI: done in 0.00161085 secs using 99.33% CPU
Optimizing NNI: done in 0.00436223 secs using 99.77% CPU
Optimizing NNI: done in 0.00162204 secs using 99.44% CPU
Iteration 770 / LogL: -1138.595 / Time: 0h:2m:44s (0h:0m:0s left)
Optimizing NNI: done in 0.00314028 secs using 68.85% CPU
Optimizing NNI: done in 0.00161577 secs using 98.65% CPU
Optimizing NNI: done in 0.00244926 secs using 99.25% CPU
Optimizing NNI: done in 0.0016767 secs using 99.42% CPU
Optimizing NNI: done in 0.00186932 secs using 99.61% CPU
Optimizing NNI: done in 0.00380136 secs using 99.73% CPU
Optimizing NNI: done in 0.00264563 secs using 99.64% CPU
Optimizing NNI: done in 0.00162086 secs using 99.39% CPU
Optimizing NNI: done in 0.00185276 secs using 99.47% CPU
Optimizing NNI: done in 0.00310851 secs using 99.47% CPU
Iteration 780 / LogL: -1138.595 / Time: 0h:2m:44s (0h:0m:0s left)
Optimizing NNI: done in 0.00160746 secs using 99.78% CPU
Optimizing NNI: done in 0.00156271 secs using 99.83% CPU
Optimizing NNI: done in 0.0040208 secs using 99.61% CPU
Optimizing NNI: done in 0.00296783 secs using 99.67% CPU
Optimizing NNI: done in 0.00162677 secs using 99.77% CPU
Optimizing NNI: done in 0.00317007 secs using 99.71% CPU
Optimizing NNI: done in 0.00160019 secs using 99.43% CPU
Optimizing NNI: done in 0.00324316 secs using 99.01% CPU
Optimizing NNI: done in 0.00513597 secs using 99.53% CPU
Optimizing NNI: done in 0.00276745 secs using 64.64% CPU
Iteration 790 / LogL: -1138.597 / Time: 0h:2m:44s (0h:0m:0s left)
Optimizing NNI: done in 0.00314418 secs using 99.45% CPU
Optimizing NNI: done in 0.00432982 secs using 76.54% CPU
Optimizing NNI: done in 0.00431971 secs using 99.66% CPU
Optimizing NNI: done in 0.00157648 secs using 99.78% CPU
Optimizing NNI: done in 0.00317957 secs using 99.7% CPU
Optimizing NNI: done in 0.00158398 secs using 99.31% CPU
Optimizing NNI: done in 0.00317093 secs using 99.62% CPU
Optimizing NNI: done in 0.00314683 secs using 99.69% CPU
Optimizing NNI: done in 0.00164835 secs using 99.86% CPU
Optimizing NNI: done in 0.0031864 secs using 67.47% CPU
Iteration 800 / LogL: -1138.595 / Time: 0h:2m:44s (0h:0m:0s left)
Log-likelihood cutoff on original alignment: -1146.758
NOTE: Bootstrap correlation coefficient of split occurrence frequencies: 0.979
NOTE: UFBoot does not converge, continue at least 100 more iterations
Optimizing NNI: done in 0.0016147 secs using 99.77% CPU
Optimizing NNI: done in 0.00301988 secs using 66.59% CPU
Optimizing NNI: done in 0.00322938 secs using 99.71% CPU
Optimizing NNI: done in 0.00325214 secs using 99.63% CPU
Optimizing NNI: done in 0.00166596 secs using 99.76% CPU
Optimizing NNI: done in 0.00272644 secs using 61.73% CPU
Optimizing NNI: done in 0.0016264 secs using 98.01% CPU
Optimizing NNI: done in 0.00162566 secs using 39.18% CPU
Optimizing NNI: done in 0.00163113 secs using 99.81% CPU
Optimizing NNI: done in 0.00312905 secs using 99.71% CPU
Iteration 810 / LogL: -1138.595 / Time: 0h:2m:44s (0h:0m:1s left)
Optimizing NNI: done in 0.00308404 secs using 99.61% CPU
Optimizing NNI: done in 0.00461037 secs using 99.64% CPU
Optimizing NNI: done in 0.00603434 secs using 99.75% CPU
Optimizing NNI: done in 0.00296 secs using 99.66% CPU
Optimizing NNI: done in 0.001651 secs using 99.88% CPU
Optimizing NNI: done in 0.00307388 secs using 99.65% CPU
Optimizing NNI: done in 0.00157727 secs using 98.02% CPU
Optimizing NNI: done in 0.00333886 secs using 70.23% CPU
Optimizing NNI: done in 0.00553573 secs using 99.46% CPU
Optimizing NNI: done in 0.00279689 secs using 99.9% CPU
Iteration 820 / LogL: -1138.597 / Time: 0h:2m:45s (0h:0m:1s left)
Optimizing NNI: done in 0.00304963 secs using 99.68% CPU
Optimizing NNI: done in 0.00158013 secs using 98.03% CPU
Optimizing NNI: done in 0.00538847 secs using 99.71% CPU
Optimizing NNI: done in 0.00283054 secs using 99.66% CPU
Optimizing NNI: done in 0.00300902 secs using 99.67% CPU
Optimizing NNI: done in 0.00370364 secs using 99.6% CPU
Optimizing NNI: done in 0.0019601 secs using 99.54% CPU
Optimizing NNI: done in 0.00329946 secs using 99.5% CPU
Optimizing NNI: done in 0.002555 secs using 99.65% CPU
Optimizing NNI: done in 0.00162826 secs using 99.37% CPU
Iteration 830 / LogL: -1138.596 / Time: 0h:2m:45s (0h:0m:0s left)
Optimizing NNI: done in 0.00321807 secs using 99.75% CPU
Optimizing NNI: done in 0.00207711 secs using 99.85% CPU
Optimizing NNI: done in 0.0017049 secs using 41% CPU
Optimizing NNI: done in 0.00285201 secs using 99.51% CPU
Optimizing NNI: done in 0.00275894 secs using 99.46% CPU
Optimizing NNI: done in 0.00305061 secs using 99.32% CPU
Optimizing NNI: done in 0.00283887 secs using 64.57% CPU
Optimizing NNI: done in 0.00440947 secs using 99.56% CPU
Optimizing NNI: done in 0.00163317 secs using 99.44% CPU
Optimizing NNI: done in 0.00162826 secs using 99.43% CPU
Iteration 840 / LogL: -1138.596 / Time: 0h:2m:45s (0h:0m:0s left)
Optimizing NNI: done in 0.00162053 secs using 99.47% CPU
Optimizing NNI: done in 0.00667344 secs using 85.05% CPU
Optimizing NNI: done in 0.00304886 secs using 99.64% CPU
Optimizing NNI: done in 0.00412566 secs using 99.62% CPU
Optimizing NNI: done in 0.00446858 secs using 99.63% CPU
Optimizing NNI: done in 0.00289454 secs using 99.64% CPU
Optimizing NNI: done in 0.00262953 secs using 99.41% CPU
Optimizing NNI: done in 0.00312691 secs using 68.25% CPU
Optimizing NNI: done in 0.00159068 secs using 99.39% CPU
Optimizing NNI: done in 0.00301315 secs using 99.73% CPU
Iteration 850 / LogL: -1138.595 / Time: 0h:2m:45s (0h:0m:0s left)
Log-likelihood cutoff on original alignment: -1146.758
Optimizing NNI: done in 0.00317434 secs using 99.64% CPU
Optimizing NNI: done in 0.00158543 secs using 99.47% CPU
Optimizing NNI: done in 0.00161339 secs using 99.36% CPU
Optimizing NNI: done in 0.00322895 secs using 99.72% CPU
Optimizing NNI: done in 0.00159574 secs using 99.39% CPU
Optimizing NNI: done in 0.00253634 secs using 22.39% CPU
Optimizing NNI: done in 0.00160941 secs using 99.42% CPU
Optimizing NNI: done in 0.0030222 secs using 99.66% CPU
Optimizing NNI: done in 0.00163104 secs using 99.51% CPU
Optimizing NNI: done in 0.0043949 secs using 99.62% CPU
Iteration 860 / LogL: -1138.596 / Time: 0h:2m:45s (0h:0m:0s left)
Optimizing NNI: done in 0.00463877 secs using 99.64% CPU
Optimizing NNI: done in 0.00318553 secs using 99.64% CPU
Optimizing NNI: done in 0.00317181 secs using 99.47% CPU
Optimizing NNI: done in 0.00446373 secs using 77.22% CPU
Optimizing NNI: done in 0.00161484 secs using 99.45% CPU
Optimizing NNI: done in 0.0031254 secs using 99.41% CPU
Optimizing NNI: done in 0.00371525 secs using 72.89% CPU
Optimizing NNI: done in 0.0016277 secs using 99.28% CPU
Optimizing NNI: done in 0.00294061 secs using 99.67% CPU
Optimizing NNI: done in 0.00160048 secs using 99.03% CPU
Iteration 870 / LogL: -1138.595 / Time: 0h:2m:46s (0h:0m:0s left)
Optimizing NNI: done in 0.00578006 secs using 99.84% CPU
Optimizing NNI: done in 0.00161831 secs using 99.8% CPU
Optimizing NNI: done in 0.00293072 secs using 99.7% CPU
Optimizing NNI: done in 0.00196693 secs using 49.21% CPU
Optimizing NNI: done in 0.00318849 secs using 68.75% CPU
Optimizing NNI: done in 0.00318836 secs using 99.42% CPU
Optimizing NNI: done in 0.00161292 secs using 99.82% CPU
Optimizing NNI: done in 0.00162688 secs using 99.45% CPU
Optimizing NNI: done in 0.00163496 secs using 99.33% CPU
Optimizing NNI: done in 0.00272995 secs using 63.33% CPU
Iteration 880 / LogL: -1138.595 / Time: 0h:2m:46s (0h:0m:0s left)
Optimizing NNI: done in 0.00159532 secs using 99.23% CPU
Optimizing NNI: done in 0.0043642 secs using 99.4% CPU
Optimizing NNI: done in 0.00438008 secs using 99.38% CPU
Optimizing NNI: done in 0.00159552 secs using 38.11% CPU
Optimizing NNI: done in 0.00156502 secs using 99.49% CPU
Optimizing NNI: done in 0.00323024 secs using 99.47% CPU
Optimizing NNI: done in 0.00162429 secs using 99.3% CPU
Optimizing NNI: done in 0.00191902 secs using 47.68% CPU
Optimizing NNI: done in 0.00198284 secs using 99.3% CPU
Optimizing NNI: done in 0.00409756 secs using 99.64% CPU
Iteration 890 / LogL: -1138.596 / Time: 0h:2m:46s (0h:0m:0s left)
Optimizing NNI: done in 0.00166753 secs using 41.62% CPU
Optimizing NNI: done in 0.00309467 secs using 99.24% CPU
Optimizing NNI: done in 0.00196753 secs using 99.52% CPU
Optimizing NNI: done in 0.00160559 secs using 99.78% CPU
Optimizing NNI: done in 0.00323164 secs using 68.91% CPU
Optimizing NNI: done in 0.00162399 secs using 99.82% CPU
Optimizing NNI: done in 0.00581805 secs using 65.83% CPU
Optimizing NNI: done in 0.0029312 secs using 99.65% CPU
Optimizing NNI: done in 0.00318711 secs using 99.56% CPU
Optimizing NNI: done in 0.00158735 secs using 99.41% CPU
Iteration 900 / LogL: -1138.595 / Time: 0h:2m:46s (0h:0m:0s left)
Log-likelihood cutoff on original alignment: -1146.758
NOTE: Bootstrap correlation coefficient of split occurrence frequencies: 0.977
NOTE: UFBoot does not converge, continue at least 100 more iterations
Optimizing NNI: done in 0.00299493 secs using 99.23% CPU
Optimizing NNI: done in 0.00290936 secs using 66.3% CPU
Optimizing NNI: done in 0.00188795 secs using 44.92% CPU
Optimizing NNI: done in 0.00315817 secs using 99.58% CPU
Optimizing NNI: done in 0.00310926 secs using 99.7% CPU
Optimizing NNI: done in 0.00323956 secs using 99.52% CPU
Optimizing NNI: done in 0.00399422 secs using 74.83% CPU
Optimizing NNI: done in 0.00163131 secs using 99.31% CPU
Optimizing NNI: done in 0.00158961 secs using 99.71% CPU
Optimizing NNI: done in 0.00545261 secs using 80.55% CPU
Iteration 910 / LogL: -1138.595 / Time: 0h:2m:46s (0h:0m:1s left)
Optimizing NNI: done in 0.00163656 secs using 99.78% CPU
Optimizing NNI: done in 0.00311019 secs using 99.64% CPU
Optimizing NNI: done in 0.00321315 secs using 99.75% CPU
Optimizing NNI: done in 0.00325697 secs using 70.25% CPU
Optimizing NNI: done in 0.0032691 secs using 98.01% CPU
Optimizing NNI: done in 0.00303077 secs using 99.38% CPU
Optimizing NNI: done in 0.00308498 secs using 99.68% CPU
Optimizing NNI: done in 0.00293864 secs using 66.09% CPU
Optimizing NNI: done in 0.0030896 secs using 99.14% CPU
Optimizing NNI: done in 0.00146836 secs using 99.84% CPU
Iteration 920 / LogL: -1138.595 / Time: 0h:2m:46s (0h:0m:1s left)
Optimizing NNI: done in 0.00492496 secs using 99.68% CPU
Optimizing NNI: done in 0.00445822 secs using 99.59% CPU
Optimizing NNI: done in 0.00298778 secs using 99.71% CPU
Optimizing NNI: done in 0.00327457 secs using 99.1% CPU
Optimizing NNI: done in 0.00241012 secs using 97.88% CPU
Optimizing NNI: done in 0.0031796 secs using 99.42% CPU
Optimizing NNI: done in 0.00167243 secs using 41.14% CPU
Optimizing NNI: done in 0.0030096 secs using 66.49% CPU
Optimizing NNI: done in 0.0016417 secs using 99.41% CPU
Optimizing NNI: done in 0.00316275 secs using 99.22% CPU
Iteration 930 / LogL: -1138.595 / Time: 0h:2m:47s (0h:0m:0s left)
Optimizing NNI: done in 0.00308993 secs using 99.68% CPU
Optimizing NNI: done in 0.00161303 secs using 99.32% CPU
Optimizing NNI: done in 0.00165405 secs using 99.33% CPU
Optimizing NNI: done in 0.00159542 secs using 99.66% CPU
Optimizing NNI: done in 0.00546776 secs using 81.72% CPU
Optimizing NNI: done in 0.00162162 secs using 39.1% CPU
Optimizing NNI: done in 0.00321112 secs using 67.67% CPU
Optimizing NNI: done in 0.00318067 secs using 68.7% CPU
Optimizing NNI: done in 0.00566318 secs using 82.04% CPU
Optimizing NNI: done in 0.00627824 secs using 83.89% CPU
Iteration 940 / LogL: -1138.595 / Time: 0h:2m:47s (0h:0m:0s left)
Optimizing NNI: done in 0.00319115 secs using 99.53% CPU
Optimizing NNI: done in 0.00160965 secs using 39.95% CPU
Optimizing NNI: done in 0.00321032 secs using 67.75% CPU
Optimizing NNI: done in 0.005249 secs using 84.63% CPU
Optimizing NNI: done in 0.00312645 secs using 99.54% CPU
Optimizing NNI: done in 0.00161594 secs using 99.32% CPU
Optimizing NNI: done in 0.00316972 secs using 99.69% CPU
Optimizing NNI: done in 0.00438744 secs using 99.63% CPU
Optimizing NNI: done in 0.00189543 secs using 99.45% CPU
Optimizing NNI: done in 0.00300326 secs using 99.66% CPU
Iteration 950 / LogL: -1138.595 / Time: 0h:2m:47s (0h:0m:0s left)
Log-likelihood cutoff on original alignment: -1146.758
Optimizing NNI: done in 0.00316303 secs using 68.51% CPU
Optimizing NNI: done in 0.00196722 secs using 99.84% CPU
Optimizing NNI: done in 0.0029233 secs using 99.65% CPU
Optimizing NNI: done in 0.00162864 secs using 99.78% CPU
Optimizing NNI: done in 0.00162974 secs using 99.46% CPU
Optimizing NNI: done in 0.00191081 secs using 99.43% CPU
Optimizing NNI: done in 0.0016233 secs using 99.3% CPU
Optimizing NNI: done in 0.00546766 secs using 99.24% CPU
Optimizing NNI: done in 0.0029085 secs using 65.53% CPU
Optimizing NNI: done in 0.00165356 secs using 99.06% CPU
Iteration 960 / LogL: -1138.595 / Time: 0h:2m:47s (0h:0m:0s left)
Optimizing NNI: done in 0.00412618 secs using 99.39% CPU
Optimizing NNI: done in 0.00319624 secs using 99.74% CPU
Optimizing NNI: done in 0.00271587 secs using 99.64% CPU
Optimizing NNI: done in 0.00375327 secs using 73.06% CPU
Optimizing NNI: done in 0.00162747 secs using 99.66% CPU
Optimizing NNI: done in 0.00314283 secs using 99.69% CPU
Optimizing NNI: done in 0.00531869 secs using 99.69% CPU
Optimizing NNI: done in 0.00252695 secs using 60.75% CPU
Optimizing NNI: done in 0.0016329 secs using 37.36% CPU
Optimizing NNI: done in 0.00304479 secs using 34.75% CPU
Iteration 970 / LogL: -1138.595 / Time: 0h:2m:47s (0h:0m:0s left)
Optimizing NNI: done in 0.00160729 secs using 99.17% CPU
Optimizing NNI: done in 0.00450679 secs using 99.36% CPU
Optimizing NNI: done in 0.00274811 secs using 99.63% CPU
Optimizing NNI: done in 0.00307328 secs using 99.7% CPU
Optimizing NNI: done in 0.00280228 secs using 99.63% CPU
Optimizing NNI: done in 0.00187838 secs using 99.55% CPU
Optimizing NNI: done in 0.00167442 secs using 99.44% CPU
Optimizing NNI: done in 0.00162057 secs using 99.35% CPU
Optimizing NNI: done in 0.00317663 secs using 67.93% CPU
Optimizing NNI: done in 0.00320115 secs using 99.71% CPU
Iteration 980 / LogL: -1138.595 / Time: 0h:2m:48s (0h:0m:0s left)
Optimizing NNI: done in 0.00293185 secs using 99.7% CPU
Optimizing NNI: done in 0.00161746 secs using 99.35% CPU
Optimizing NNI: done in 0.00245775 secs
Optimizing NNI: done in 0.00579628 secs using 99.56% CPU
Optimizing NNI: done in 0.00261344 secs using 99.41% CPU
Optimizing NNI: done in 0.00304721 secs using 99.89% CPU
Optimizing NNI: done in 0.00162836 secs using 39.73% CPU
Optimizing NNI: done in 0.00310483 secs using 99.55% CPU
Optimizing NNI: done in 0.00163814 secs using 99.32% CPU
Optimizing NNI: done in 0.00168308 secs using 99.4% CPU
Iteration 990 / LogL: -1138.595 / Time: 0h:2m:48s (0h:0m:0s left)
Optimizing NNI: done in 0.00435594 secs using 99.68% CPU
Optimizing NNI: done in 0.00562861 secs using 82.06% CPU
Optimizing NNI: done in 0.00162807 secs using 99.26% CPU
Optimizing NNI: done in 0.0045138 secs using 99.78% CPU
Optimizing NNI: done in 0.00278412 secs using 99.49% CPU
Optimizing NNI: done in 0.00292419 secs using 99.65% CPU
Optimizing NNI: done in 0.00195329 secs
Optimizing NNI: done in 0.00410458 secs using 99.45% CPU
Optimizing NNI: done in 0.00161603 secs using 99.32% CPU
Optimizing NNI: done in 0.00323765 secs using 99.7% CPU
Iteration 1000 / LogL: -1138.595 / Time: 0h:2m:48s (0h:0m:0s left)
Log-likelihood cutoff on original alignment: -1146.758
NOTE: Bootstrap correlation coefficient of split occurrence frequencies: 0.984
NOTE: UFBoot does not converge, continue at least 100 more iterations
Optimizing NNI: done in 0.00429752 secs using 76.21% CPU
WARNING: bootstrap analysis did not converge. You should rerun with higher number of iterations (-nm option)
TREE SEARCH COMPLETED AFTER 1001 ITERATIONS / Time: 0h:2m:48s

--------------------------------------------------------------------
|                    FINALIZING TREE SEARCH                        |
--------------------------------------------------------------------
Performs final model parameters optimization
Estimate model parameters (epsilon = 0.010)
1. Initial log-likelihood: -1138.595
Optimal log-likelihood: -1138.595
Rate parameters:  A-C: 1.00000  A-G: 2.79161  A-T: 1.00000  C-G: 1.00000  C-T: 2.79161  G-T: 1.00000
Base frequencies:  A: 0.238  C: 0.222  G: 0.246  T: 0.294
Parameters optimization took 1 rounds (0.001 sec)
BEST SCORE FOUND : -1138.595
Creating bootstrap support values...
Split supports printed to NEXUS file data/packages/ITS/Bothia/ref.splits.nex
Total tree length: 0.069

Total number of iterations: 1001
CPU time used for tree search: 13.471 sec (0h:0m:13s)
Wall-clock time used for tree search: 13.921 sec (0h:0m:13s)
Total CPU time used: 229.262 sec (0h:3m:49s)
Total wall-clock time used: 168.570 sec (0h:2m:48s)

Computing bootstrap consensus tree...
Reading input file data/packages/ITS/Bothia/ref.splits.nex...
10 taxa and 89 splits.
Consensus tree written to data/packages/ITS/Bothia/ref.contree
Reading input trees file data/packages/ITS/Bothia/ref.contree
Log-likelihood of consensus tree: -1138.606

Analysis results written to: 
  IQ-TREE report:                data/packages/ITS/Bothia/ref.iqtree
  Maximum-likelihood tree:       data/packages/ITS/Bothia/ref.treefile
  Likelihood distances:          data/packages/ITS/Bothia/ref.mldist

Ultrafast bootstrap approximation results written to:
  Split support values:          data/packages/ITS/Bothia/ref.splits.nex
  Consensus tree:                data/packages/ITS/Bothia/ref.contree
  Screen log file:               data/packages/ITS/Bothia/ref.log

Date and Time: Mon Aug 18 17:51:38 2025
