IQ-TREE version 3.0.1 for Linux x86 64-bit built May  5 2025
Developed by Bui Quang Minh, Thomas Wong, Nhan Ly-Trong, Huaiyan Ren
Contributed by Lam-Tung Nguyen, Dominik Schrempf, Chris Bielow,
Olga Chernomor, Michael Woodhams, Diep Thi Hoang, Heiko Schmidt

Host:    lnx820.umnh.utah.edu (AVX2, FMA3, 865 GB RAM)
Command: /home/bdentinger/iqtree-3.0.1-Linux/bin/iqtree3_intel -s data/packages/ITS/Binderoboletus/aln.masked.fasta -m MFP -bb 1000 -nt AUTO -pre data/packages/ITS/Binderoboletus/ref
Seed:    465727 (Using SPRNG - Scalable Parallel Random Number Generator)
Time:    Mon Aug 18 18:28:03 2025
Kernel:  AVX+FMA - auto-detect threads (72 CPU cores detected)

Reading alignment file data/packages/ITS/Binderoboletus/aln.masked.fasta ... Fasta format detected
Reading fasta file: done in 0.000104206 secs using 27.83% CPU
Alignment most likely contains DNA/RNA sequences
Constructing alignment: done in 0.000770394 secs using 18.69% CPU
Alignment has 4 sequences with 663 columns, 8 distinct patterns
0 parsimony-informative, 0 singleton sites, 663 constant sites
                  Gap/Ambiguity  Composition  p-value
Analyzing sequences: done in 1.02483e-05 secs
   1  Binderoboletus_1    0.00%    passed     99.83%
   2  Binderoboletus_2    0.00%    passed     99.83%
   3  Binderoboletus_3    0.00%    passed     99.83%
   4  Binderoboletus_4    7.24%    passed     95.27%
****  TOTAL               1.81%  0 sequences failed composition chi2 test (p-value<5%; df=3)
NOTE: Binderoboletus_2 is identical to Binderoboletus_1 but kept for subsequent analysis
Checking for duplicate sequences: done in 4.75589e-05 secs
WARNING: Your alignment contains too many identical sequences!
Identifying sites to remove: done in 0.000149554 secs
NOTE: 1 identical sequences (see below) will be ignored for subsequent analysis
NOTE: Binderoboletus_3 (identical to Binderoboletus_1) is ignored but added at the end
Alignment was printed to data/packages/ITS/Binderoboletus/ref.uniqueseq.phy

For your convenience alignment with unique sequences printed to data/packages/ITS/Binderoboletus/ref.uniqueseq.phy


Create initial parsimony tree by phylogenetic likelihood library (PLL)... 0.000 seconds
Measuring multi-threading efficiency up to 72 CPU cores
Increase to 10 rounds for branch lengths
2141785 trees examined
Threads: 1 / Time: 72.000 sec / Speedup: 1.000 / Efficiency: 100% / LogL: -918
WARNING: 2 threads for alignment length 8 will slow down analysis
Threads: 2 / Time: 37.220 sec / Speedup: 1.934 / Efficiency: 97% / LogL: -918
WARNING: 3 threads for alignment length 8 will slow down analysis
Threads: 3 / Time: 38.608 sec / Speedup: 1.865 / Efficiency: 62% / LogL: -918
WARNING: 4 threads for alignment length 8 will slow down analysis
Threads: 4 / Time: 37.294 sec / Speedup: 1.931 / Efficiency: 48% / LogL: -918
Determining AUTO threadcount: done in 185.123 secs using 91.33% CPU
BEST NUMBER OF THREADS: 2

WARNING: 2 threads for alignment length 8 will slow down analysis
Perform fast likelihood tree search using GTR model...
Estimate model parameters (epsilon = 5.000)
Perform nearest neighbor interchange...
Optimizing NNI: done in 8.92952e-06 secs using 67.19% CPU
Estimate model parameters (epsilon = 1.000)
1. Initial log-likelihood: -918.003
Optimal log-likelihood: -918.003
Rate parameters:  A-C: 1.00000  A-G: 1.00000  A-T: 1.00000  C-G: 1.00000  C-T: 1.00000  G-T: 1.00000
Base frequencies:  A: 0.248  C: 0.235  G: 0.241  T: 0.276
Parameters optimization took 1 rounds (0.000 sec)
Time for fast ML tree search: 0.026 seconds

NOTE: ModelFinder requires 0 MB RAM!
ModelFinder will test up to 44 DNA models (sample size: 663 epsilon: 0.100) ...
 No. Model         -LnL         df  AIC          AICc         BIC
WARNING: 2 threads for alignment length 8 will slow down analysis
  1  JC            919.115      3   1844.230     1844.267     1857.721
WARNING: 2 threads for alignment length 8 will slow down analysis
  2  JC            919.115      3   1844.230     1844.267     1857.721
WARNING: 2 threads for alignment length 8 will slow down analysis
  3  F81           919.115      3   1844.230     1844.267     1857.721
WARNING: 2 threads for alignment length 8 will slow down analysis
  4  F81+F         918.003      6   1848.007     1848.135     1874.988
WARNING: 2 threads for alignment length 8 will slow down analysis
  5  K2P           919.115      4   1846.230     1846.291     1864.217
WARNING: 2 threads for alignment length 8 will slow down analysis
  6  K2P           919.115      4   1846.230     1846.291     1864.217
WARNING: 2 threads for alignment length 8 will slow down analysis
  7  HKY           919.115      4   1846.230     1846.291     1864.217
WARNING: 2 threads for alignment length 8 will slow down analysis
  8  HKY+F         918.003      7   1850.007     1850.178     1881.484
WARNING: 2 threads for alignment length 8 will slow down analysis
  9  TNe           919.115      5   1848.230     1848.322     1870.714
WARNING: 2 threads for alignment length 8 will slow down analysis
 10  TNe           919.115      5   1848.230     1848.322     1870.714
WARNING: 2 threads for alignment length 8 will slow down analysis
 11  TN            919.115      5   1848.230     1848.322     1870.714
WARNING: 2 threads for alignment length 8 will slow down analysis
 12  TN+F          918.003      8   1852.007     1852.227     1887.981
WARNING: 2 threads for alignment length 8 will slow down analysis
 13  K3P           919.115      5   1848.230     1848.322     1870.714
WARNING: 2 threads for alignment length 8 will slow down analysis
 14  K3P           919.115      5   1848.230     1848.322     1870.714
WARNING: 2 threads for alignment length 8 will slow down analysis
 15  K3Pu          919.115      5   1848.230     1848.322     1870.714
WARNING: 2 threads for alignment length 8 will slow down analysis
 16  K3Pu+F        918.003      8   1852.007     1852.227     1887.981
WARNING: 2 threads for alignment length 8 will slow down analysis
 17  TPM2          919.115      5   1848.230     1848.322     1870.714
WARNING: 2 threads for alignment length 8 will slow down analysis
 18  TPM2          919.115      5   1848.230     1848.322     1870.714
WARNING: 2 threads for alignment length 8 will slow down analysis
 19  TPM2u         919.115      5   1848.230     1848.322     1870.714
WARNING: 2 threads for alignment length 8 will slow down analysis
 20  TPM2u+F       918.003      8   1852.007     1852.227     1887.981
WARNING: 2 threads for alignment length 8 will slow down analysis
 21  TPM3          919.115      5   1848.230     1848.322     1870.714
WARNING: 2 threads for alignment length 8 will slow down analysis
 22  TPM3          919.115      5   1848.230     1848.322     1870.714
WARNING: 2 threads for alignment length 8 will slow down analysis
 23  TPM3u         919.115      5   1848.230     1848.322     1870.714
WARNING: 2 threads for alignment length 8 will slow down analysis
 24  TPM3u+F       918.003      8   1852.007     1852.227     1887.981
WARNING: 2 threads for alignment length 8 will slow down analysis
 25  TIMe          919.115      6   1850.230     1850.358     1877.211
WARNING: 2 threads for alignment length 8 will slow down analysis
 26  TIMe          919.115      6   1850.230     1850.358     1877.211
WARNING: 2 threads for alignment length 8 will slow down analysis
 27  TIM           919.115      6   1850.230     1850.358     1877.211
WARNING: 2 threads for alignment length 8 will slow down analysis
 28  TIM+F         918.003      9   1854.007     1854.283     1894.478
WARNING: 2 threads for alignment length 8 will slow down analysis
 29  TIM2e         919.115      6   1850.230     1850.358     1877.211
WARNING: 2 threads for alignment length 8 will slow down analysis
 30  TIM2e         919.115      6   1850.230     1850.358     1877.211
WARNING: 2 threads for alignment length 8 will slow down analysis
 31  TIM2          919.115      6   1850.230     1850.358     1877.211
WARNING: 2 threads for alignment length 8 will slow down analysis
 32  TIM2+F        918.003      9   1854.007     1854.283     1894.478
WARNING: 2 threads for alignment length 8 will slow down analysis
 33  TIM3e         919.115      6   1850.230     1850.358     1877.211
WARNING: 2 threads for alignment length 8 will slow down analysis
 34  TIM3e         919.115      6   1850.230     1850.358     1877.211
WARNING: 2 threads for alignment length 8 will slow down analysis
 35  TIM3          919.115      6   1850.230     1850.358     1877.211
WARNING: 2 threads for alignment length 8 will slow down analysis
 36  TIM3+F        918.003      9   1854.007     1854.283     1894.478
WARNING: 2 threads for alignment length 8 will slow down analysis
 37  TVMe          919.115      7   1852.230     1852.401     1883.708
WARNING: 2 threads for alignment length 8 will slow down analysis
 38  TVMe          919.115      7   1852.230     1852.401     1883.708
WARNING: 2 threads for alignment length 8 will slow down analysis
 39  TVM           919.115      7   1852.230     1852.401     1883.708
WARNING: 2 threads for alignment length 8 will slow down analysis
 40  TVM+F         918.003      10  1856.007     1856.344     1900.975
WARNING: 2 threads for alignment length 8 will slow down analysis
 41  SYM           919.115      8   1854.230     1854.450     1890.204
WARNING: 2 threads for alignment length 8 will slow down analysis
 42  SYM           919.115      8   1854.230     1854.450     1890.204
WARNING: 2 threads for alignment length 8 will slow down analysis
 43  GTR           919.115      8   1854.230     1854.450     1890.204
WARNING: 2 threads for alignment length 8 will slow down analysis
 44  GTR+F         918.003      11  1858.007     1858.412     1907.471
Akaike Information Criterion:           JC
Corrected Akaike Information Criterion: JC
Bayesian Information Criterion:         JC
Best-fit model: JC chosen according to BIC

All model information printed to data/packages/ITS/Binderoboletus/ref.model.gz
CPU time for ModelFinder: 169.180 seconds (0h:2m:49s)
Wall-clock time for ModelFinder: 185.263 seconds (0h:3m:5s)
Generating 1000 samples for ultrafast bootstrap (seed: 465727)...
WARNING: 2 threads for alignment length 8 will slow down analysis
ERROR: It makes no sense to perform bootstrap with less than 4 sequences.
