IQ-TREE version 3.0.1 for Linux x86 64-bit built May  5 2025
Developed by Bui Quang Minh, Thomas Wong, Nhan Ly-Trong, Huaiyan Ren
Contributed by Lam-Tung Nguyen, Dominik Schrempf, Chris Bielow,
Olga Chernomor, Michael Woodhams, Diep Thi Hoang, Heiko Schmidt

Host:    lnx820.umnh.utah.edu (AVX2, FMA3, 865 GB RAM)
Command: /home/bdentinger/iqtree-3.0.1-Linux/bin/iqtree3_intel -s data/packages/ITS/Singerocomus/aln.masked.fasta -m MFP -bb 1000 -nt AUTO -pre data/packages/ITS/Singerocomus/ref
Seed:    953083 (Using SPRNG - Scalable Parallel Random Number Generator)
Time:    Mon Aug 18 18:02:04 2025
Kernel:  AVX+FMA - auto-detect threads (72 CPU cores detected)

Reading alignment file data/packages/ITS/Singerocomus/aln.masked.fasta ... Fasta format detected
Reading fasta file: done in 0.000306105 secs using 39.53% CPU
Alignment most likely contains DNA/RNA sequences
Constructing alignment: done in 0.000743536 secs using 30.4% CPU
Alignment has 23 sequences with 747 columns, 127 distinct patterns
86 parsimony-informative, 19 singleton sites, 642 constant sites
                                                      Gap/Ambiguity  Composition  p-value
Analyzing sequences: done in 1.4009e-05 secs
   1  anderlechi_02_2021|ITS|OQ288920.1                      17.00%    passed     94.39%
   2  anderlechi_12_2021|ITS|OQ288919.1                       7.23%    passed     98.56%
   3  bpi_925437|ITS|PP102315.1                               2.41%    passed     97.57%
   4  k_m000193867|ITS|OQ108306.1                            22.62%    passed     96.06%
   5  k_m000193866|ITS|OQ108305.1                             0.00%    passed     99.82%
   6  f_j.p._fiard_563a/b_holotype/paratype|ITS|OQ108304.1    1.47%    passed     99.98%
   7  brg                                                     3.88%    passed     92.75%
   8  gas_900|ITS|KY907182.1                                  2.54%    passed     58.37%
   9  bzl_69|ITS|KY907181.1                                   4.28%    passed     99.46%
  10  mj_105|ITS|KY907180.1                                   4.28%    passed     99.46%
  11  cato_106|ITS|KY907179.1                                 0.00%    passed     99.36%
  12  acm_1275|ITS|KY907178.1                                 0.00%    passed     99.36%
  13  acm_527|ITS|KY907177.1                                  4.28%    passed     99.46%
  14  henkel_9616|ITS|LC043096.1                              5.09%    passed     82.19%
  15  henkel_9585|ITS|LC043093.1                              3.88%    passed     92.75%
  16  aime_4004|ITS|LC043090.1                                0.00%    passed     97.49%
  17  henkel_9199|ITS|LC043087.1                              0.00%    passed     97.49%
  18  _R_henkel_8865|ITS|LC043084.1                           0.00%    passed     96.31%
  19  th10087|ITS|KT380014.1                                  0.00%    passed     97.49%
  20  th10109|ITS|KT380013.1                                  0.00%    passed     97.49%
  21  th10111|ITS|KT380012.1                                  0.00%    passed     97.49%
  22  th10072|ITS|KT380010.1                                  0.00%    passed     97.49%
  23  th8408|ITS|JN021114.1                                   4.28%    passed     96.55%
****  TOTAL                                                   3.62%  0 sequences failed composition chi2 test (p-value<5%; df=3)
NOTE: henkel_9585|ITS|LC043093.1 is identical to brg but kept for subsequent analysis
NOTE: mj_105|ITS|KY907180.1 is identical to bzl_69|ITS|KY907181.1 but kept for subsequent analysis
NOTE: acm_1275|ITS|KY907178.1 is identical to cato_106|ITS|KY907179.1 but kept for subsequent analysis
NOTE: henkel_9199|ITS|LC043087.1 is identical to aime_4004|ITS|LC043090.1 but kept for subsequent analysis
Checking for duplicate sequences: done in 0.000105677 secs
Identifying sites to remove: done in 0.000252863 secs using 46.27% CPU
NOTE: 5 identical sequences (see below) will be ignored for subsequent analysis
NOTE: acm_527|ITS|KY907177.1 (identical to bzl_69|ITS|KY907181.1) is ignored but added at the end
NOTE: th10087|ITS|KT380014.1 (identical to aime_4004|ITS|LC043090.1) is ignored but added at the end
NOTE: th10109|ITS|KT380013.1 (identical to aime_4004|ITS|LC043090.1) is ignored but added at the end
NOTE: th10111|ITS|KT380012.1 (identical to aime_4004|ITS|LC043090.1) is ignored but added at the end
NOTE: th10072|ITS|KT380010.1 (identical to aime_4004|ITS|LC043090.1) is ignored but added at the end
Alignment was printed to data/packages/ITS/Singerocomus/ref.uniqueseq.phy

For your convenience alignment with unique sequences printed to data/packages/ITS/Singerocomus/ref.uniqueseq.phy

Creating fast initial parsimony tree by random order stepwise addition...
0.001 seconds, parsimony score: 121 (based on 105 sites)
Measuring multi-threading efficiency up to 72 CPU cores
Increase to 10 rounds for branch lengths
15324 trees examined
Threads: 1 / Time: 72.003 sec / Speedup: 1.000 / Efficiency: 100% / LogL: -2611
Threads: 2 / Time: 91.901 sec / Speedup: 0.783 / Efficiency: 39% / LogL: -2611
Determining AUTO threadcount: done in 163.905 secs using 150.5% CPU
BEST NUMBER OF THREADS: 1

Perform fast likelihood tree search using GTR+I+G model...
Estimate model parameters (epsilon = 5.000)
Perform nearest neighbor interchange...
Optimizing NNI: done in 0.00296553 secs using 99.64% CPU
Estimate model parameters (epsilon = 1.000)
1. Initial log-likelihood: -1694.027
Optimal log-likelihood: -1694.027
Rate parameters:  A-C: 1.58533  A-G: 4.71543  A-T: 0.99307  C-G: 3.41211  C-T: 3.97601  G-T: 1.00000
Base frequencies:  A: 0.241  C: 0.220  G: 0.236  T: 0.303
Proportion of invariable sites: 0.429
Gamma shape alpha: 1.409
Parameters optimization took 1 rounds (0.004 sec)
Time for fast ML tree search: 0.020 seconds

NOTE: ModelFinder requires 1 MB RAM!
ModelFinder will test up to 968 DNA models (sample size: 747 epsilon: 0.100) ...
 No. Model         -LnL         df  AIC          AICc         BIC
  1  JC            1724.238     33  3514.476     3517.623     3666.806
  2  JC+I          1717.464     34  3502.928     3506.271     3659.874
  3  JC+G4         1717.450     34  3502.900     3506.243     3659.846
  4  JC+I+G4       1717.454     35  3504.909     3508.453     3666.471
  5  JC+R2         1718.428     35  3506.856     3510.400     3668.418
  6  JC+R3         1717.523     37  3509.047     3513.013     3679.841
 14  JC+I+R2       1717.636     36  3507.272     3511.024     3673.450
 15  JC+I+R3       1717.466     38  3510.932     3515.118     3686.342
 23  JC            1724.238     33  3514.476     3517.623     3666.806
 24  JC+I          1717.464     34  3502.928     3506.271     3659.874
 25  JC+G4         1717.450     34  3502.900     3506.243     3659.846
 26  JC+I+G4       1717.454     35  3504.909     3508.453     3666.471
 27  JC+R2         1718.428     35  3506.856     3510.400     3668.418
 45  F81           1724.239     33  3514.477     3517.624     3666.807
 46  F81+I         1717.465     34  3502.929     3506.272     3659.875
 47  F81+G4        1717.451     34  3502.901     3506.244     3659.847
 48  F81+I+G4      1717.455     35  3504.910     3508.454     3666.472
 49  F81+R2        1718.297     35  3506.594     3510.138     3668.156
 67  F81+F         1718.933     36  3509.867     3513.619     3676.045
 68  F81+F+I       1712.553     37  3499.105     3503.071     3669.900
 69  F81+F+G4      1712.541     37  3499.083     3503.049     3669.877
 70  F81+F+I+G4    1712.546     38  3501.091     3505.278     3676.502
 71  F81+F+R2      1713.173     38  3502.346     3506.533     3677.757
 89  K2P           1712.837     34  3493.673     3497.016     3650.620
 90  K2P+I         1705.215     35  3480.430     3483.974     3641.992
 91  K2P+G4        1705.222     35  3480.445     3483.989     3642.007
 92  K2P+I+G4      1705.243     36  3482.486     3486.238     3648.664
 93  K2P+R2        1706.281     36  3484.561     3488.313     3650.739
111  K2P           1712.837     34  3493.673     3497.016     3650.620
112  K2P+I         1705.215     35  3480.430     3483.974     3641.992
113  K2P+G4        1705.222     35  3480.445     3483.989     3642.007
114  K2P+I+G4      1705.243     36  3482.486     3486.238     3648.664
115  K2P+R2        1706.281     36  3484.561     3488.313     3650.739
133  HKY           1712.837     34  3493.674     3497.016     3650.620
134  HKY+I         1705.215     35  3480.430     3483.974     3641.992
135  HKY+G4        1705.222     35  3480.445     3483.989     3642.007
136  HKY+I+G4      1705.243     36  3482.486     3486.238     3648.664
137  HKY+R2        1706.121     36  3484.242     3487.994     3650.421
155  HKY+F         1707.278     37  3488.556     3492.522     3659.350
156  HKY+F+I       1700.271     38  3476.541     3480.728     3651.952
157  HKY+F+G4      1700.271     38  3476.542     3480.728     3651.952
158  HKY+F+I+G4    1700.284     39  3478.567     3482.980     3658.594
159  HKY+F+R2      1701.027     39  3480.054     3484.467     3660.080
177  TNe           1712.738     35  3495.475     3499.020     3657.038
178  TNe+I         1705.153     36  3482.307     3486.059     3648.485
179  TNe+G4        1705.166     36  3482.331     3486.083     3648.510
180  TNe+I+G4      1705.187     37  3484.374     3488.340     3655.168
181  TNe+R2        1706.006     37  3486.012     3489.979     3656.807
199  TNe           1712.738     35  3495.475     3499.020     3657.038
200  TNe+I         1705.153     36  3482.307     3486.059     3648.485
201  TNe+G4        1705.166     36  3482.331     3486.083     3648.510
202  TNe+I+G4      1705.187     37  3484.374     3488.340     3655.168
203  TNe+R2        1706.006     37  3486.012     3489.979     3656.807
221  TN            1712.738     35  3495.475     3499.020     3657.038
222  TN+I          1705.153     36  3482.306     3486.058     3648.485
223  TN+G4         1705.164     36  3482.328     3486.080     3648.506
224  TN+I+G4       1705.186     37  3484.373     3488.339     3655.167
225  TN+R2         1705.867     37  3485.733     3489.699     3656.528
243  TN+F          1707.017     38  3490.034     3494.220     3665.444
244  TN+F+I        1700.012     39  3478.025     3482.438     3658.051
245  TN+F+G4       1700.024     39  3478.047     3482.460     3658.074
246  TN+F+I+G4     1700.041     40  3480.081     3484.727     3664.724
247  TN+F+R2       1700.651     40  3481.301     3485.947     3665.944
265  K3P           1711.783     35  3493.565     3497.110     3655.128
266  K3P+I         1704.127     36  3480.255     3484.007     3646.433
267  K3P+G4        1704.127     36  3480.254     3484.006     3646.433
268  K3P+I+G4      1704.144     37  3482.288     3486.254     3653.082
269  K3P+R2        1704.899     37  3483.797     3487.764     3654.592
287  K3P           1711.783     35  3493.565     3497.110     3655.128
288  K3P+I         1704.127     36  3480.255     3484.007     3646.433
289  K3P+G4        1704.127     36  3480.254     3484.006     3646.433
290  K3P+I+G4      1704.144     37  3482.288     3486.254     3653.082
291  K3P+R2        1704.899     37  3483.797     3487.764     3654.592
309  K3Pu          1711.783     35  3493.565     3497.110     3655.128
310  K3Pu+I        1704.127     36  3480.254     3484.007     3646.433
311  K3Pu+G4       1704.127     36  3480.254     3484.006     3646.432
312  K3Pu+I+G4     1704.144     37  3482.287     3486.254     3653.082
313  K3Pu+R2       1704.765     37  3483.531     3487.497     3654.325
331  K3Pu+F        1706.248     38  3488.495     3492.682     3663.906
332  K3Pu+F+I      1699.193     39  3476.387     3480.800     3656.413
333  K3Pu+F+G4     1699.185     39  3476.370     3480.783     3656.396
334  K3Pu+F+I+G4   1699.195     40  3478.390     3483.036     3663.032
335  K3Pu+F+R2     1699.582     40  3479.164     3483.809     3663.806
353  TPM2          1711.522     35  3493.043     3496.588     3654.606
354  TPM2+I        1704.031     36  3480.062     3483.814     3646.241
355  TPM2+G4       1704.043     36  3480.085     3483.837     3646.263
356  TPM2+I+G4     1704.062     37  3482.124     3486.090     3652.918
357  TPM2+R2       1704.741     37  3483.483     3487.449     3654.277
375  TPM2          1711.522     35  3493.043     3496.588     3654.606
376  TPM2+I        1704.031     36  3480.062     3483.814     3646.241
377  TPM2+G4       1704.043     36  3480.085     3483.837     3646.263
378  TPM2+I+G4     1704.062     37  3482.124     3486.090     3652.918
379  TPM2+R2       1704.741     37  3483.483     3487.449     3654.277
397  TPM2u         1711.522     35  3493.043     3496.588     3654.606
398  TPM2u+I       1704.031     36  3480.062     3483.814     3646.241
399  TPM2u+G4      1704.043     36  3480.085     3483.837     3646.263
400  TPM2u+I+G4    1704.062     37  3482.124     3486.090     3652.918
401  TPM2u+R2      1704.618     37  3483.237     3487.203     3654.031
419  TPM2u+F       1705.898     38  3487.797     3491.983     3663.207
420  TPM2u+F+I     1699.012     39  3476.024     3480.437     3656.050
421  TPM2u+F+G4    1699.016     39  3476.033     3480.446     3656.059
422  TPM2u+F+I+G4  1699.028     40  3478.056     3482.701     3662.698
423  TPM2u+F+R2    1699.360     40  3478.720     3483.366     3663.363
441  TPM3          1709.803     35  3489.606     3493.150     3651.168
442  TPM3+I        1702.828     36  3477.657     3481.409     3643.835
443  TPM3+G4       1702.787     36  3477.573     3481.325     3643.751
444  TPM3+I+G4     1702.782     37  3479.565     3483.531     3650.359
445  TPM3+R2       1703.368     37  3480.735     3484.701     3651.529
463  TPM3          1709.803     35  3489.606     3493.150     3651.168
464  TPM3+I        1702.828     36  3477.657     3481.409     3643.835
465  TPM3+G4       1702.787     36  3477.573     3481.325     3643.751
466  TPM3+I+G4     1702.782     37  3479.565     3483.531     3650.359
467  TPM3+R2       1703.368     37  3480.735     3484.701     3651.529
485  TPM3u         1709.803     35  3489.606     3493.151     3651.168
486  TPM3u+I       1702.829     36  3477.658     3481.410     3643.836
487  TPM3u+G4      1702.787     36  3477.574     3481.326     3643.752
488  TPM3u+I+G4    1702.782     37  3479.565     3483.531     3650.359
489  TPM3u+R2      1703.319     37  3480.639     3484.605     3651.433
507  TPM3u+F       1702.679     38  3481.359     3485.545     3656.769
508  TPM3u+F+I     1696.174     39  3470.347     3474.760     3650.374
509  TPM3u+F+G4    1696.104     39  3470.208     3474.621     3650.235
510  TPM3u+F+I+G4  1696.094     40  3472.189     3476.835     3656.832
511  TPM3u+F+R2    1696.460     40  3472.920     3477.565     3657.562
529  TIMe          1711.683     36  3495.366     3499.118     3661.544
530  TIMe+I        1704.065     37  3482.131     3486.097     3652.925
531  TIMe+G4       1704.070     37  3482.139     3486.105     3652.934
532  TIMe+I+G4     1704.088     38  3484.176     3488.363     3659.587
533  TIMe+R2       1704.621     38  3485.243     3489.429     3660.653
551  TIMe          1711.683     36  3495.366     3499.118     3661.544
552  TIMe+I        1704.065     37  3482.131     3486.097     3652.925
553  TIMe+G4       1704.070     37  3482.139     3486.105     3652.934
554  TIMe+I+G4     1704.088     38  3484.176     3488.363     3659.587
555  TIMe+R2       1704.621     38  3485.243     3489.429     3660.653
573  TIM           1711.683     36  3495.366     3499.118     3661.544
574  TIM+I         1704.065     37  3482.129     3486.095     3652.923
575  TIM+G4        1704.069     37  3482.138     3486.104     3652.932
576  TIM+I+G4      1704.087     38  3484.175     3488.361     3659.585
577  TIM+R2        1704.565     38  3485.130     3489.317     3660.541
595  TIM+F         1705.986     39  3489.971     3494.384     3669.998
596  TIM+F+I       1698.930     40  3477.860     3482.506     3662.503
597  TIM+F+G4      1698.933     40  3477.866     3482.512     3662.509
598  TIM+F+I+G4    1698.948     41  3479.895     3484.780     3669.154
599  TIM+F+R2      1699.246     41  3480.492     3485.377     3669.750
617  TIM2e         1711.426     36  3494.853     3498.605     3661.031
618  TIM2e+I       1703.974     37  3481.948     3485.914     3652.742
619  TIM2e+G4      1703.988     37  3481.976     3485.943     3652.771
620  TIM2e+I+G4    1704.009     38  3484.017     3488.204     3659.428
621  TIM2e+R2      1704.361     38  3484.721     3488.908     3660.132
639  TIM2e         1711.426     36  3494.853     3498.605     3661.031
640  TIM2e+I       1703.974     37  3481.948     3485.914     3652.742
641  TIM2e+G4      1703.988     37  3481.976     3485.943     3652.771
642  TIM2e+I+G4    1704.009     38  3484.017     3488.204     3659.428
643  TIM2e+R2      1704.361     38  3484.721     3488.908     3660.132
661  TIM2          1711.426     36  3494.852     3498.605     3661.031
662  TIM2+I        1703.974     37  3481.948     3485.914     3652.742
663  TIM2+G4       1703.988     37  3481.976     3485.942     3652.771
664  TIM2+I+G4     1704.009     38  3484.017     3488.203     3659.427
665  TIM2+R2       1704.319     38  3484.638     3488.824     3660.048
683  TIM2+F        1705.644     39  3489.287     3493.700     3669.314
684  TIM2+F+I      1698.763     40  3477.526     3482.172     3662.169
685  TIM2+F+G4     1698.776     40  3477.553     3482.199     3662.196
686  TIM2+F+I+G4   1698.791     41  3479.582     3484.467     3668.841
687  TIM2+F+R2     1699.043     41  3480.086     3484.971     3669.345
705  TIM3e         1709.717     36  3491.433     3495.185     3657.612
706  TIM3e+I       1702.770     37  3479.540     3483.507     3650.335
707  TIM3e+G4      1702.735     37  3479.470     3483.436     3650.264
708  TIM3e+I+G4    1702.733     38  3481.466     3485.653     3656.877
709  TIM3e+R2      1703.036     38  3482.073     3486.259     3657.483
727  TIM3e         1709.717     36  3491.433     3495.185     3657.612
728  TIM3e+I       1702.770     37  3479.540     3483.507     3650.335
729  TIM3e+G4      1702.735     37  3479.470     3483.436     3650.264
730  TIM3e+I+G4    1702.733     38  3481.466     3485.653     3656.877
731  TIM3e+R2      1703.036     38  3482.073     3486.259     3657.483
749  TIM3          1709.717     36  3491.433     3495.185     3657.611
750  TIM3+I        1702.770     37  3479.540     3483.506     3650.335
751  TIM3+G4       1702.735     37  3479.470     3483.436     3650.264
752  TIM3+I+G4     1702.733     38  3481.466     3485.652     3656.876
753  TIM3+R2       1703.006     38  3482.011     3486.198     3657.422
771  TIM3+F        1702.441     39  3482.882     3487.295     3662.909
772  TIM3+F+I      1695.962     40  3471.924     3476.570     3656.567
773  TIM3+F+G4     1695.908     40  3471.817     3476.463     3656.460
774  TIM3+F+I+G4   1695.904     41  3473.808     3478.693     3663.067
775  TIM3+F+R2     1696.188     41  3474.375     3479.260     3663.634
793  TVMe          1707.905     37  3489.809     3493.775     3660.604
794  TVMe+I        1701.035     38  3478.070     3482.256     3653.480
795  TVMe+G4       1700.988     38  3477.976     3482.162     3653.386
796  TVMe+I+G4     1700.983     39  3479.965     3484.378     3659.992
797  TVMe+R2       1701.341     39  3480.682     3485.095     3660.709
815  TVMe          1707.905     37  3489.809     3493.775     3660.604
816  TVMe+I        1701.035     38  3478.070     3482.256     3653.480
817  TVMe+G4       1700.988     38  3477.976     3482.162     3653.386
818  TVMe+I+G4     1700.983     39  3479.965     3484.378     3659.992
819  TVMe+R2       1701.341     39  3480.682     3485.095     3660.709
837  TVM           1707.905     37  3489.809     3493.775     3660.604
838  TVM+I         1701.030     38  3478.059     3482.246     3653.470
839  TVM+G4        1700.987     38  3477.974     3482.161     3653.385
840  TVM+I+G4      1700.982     39  3479.964     3484.377     3659.991
841  TVM+R2        1701.307     39  3480.615     3485.028     3660.641
859  TVM+F         1700.713     40  3481.426     3486.071     3666.068
860  TVM+F+I       1694.289     41  3470.579     3475.464     3659.838
861  TVM+F+G4      1694.220     41  3470.440     3475.325     3659.699
862  TVM+F+I+G4    1694.212     42  3472.424     3477.554     3666.298
863  TVM+F+R2      1694.493     42  3472.987     3478.118     3666.862
881  SYM           1707.823     38  3491.646     3495.832     3667.056
882  SYM+I         1700.977     39  3479.953     3484.366     3659.980
883  SYM+G4        1700.940     39  3479.880     3484.293     3659.907
884  SYM+I+G4      1700.937     40  3481.873     3486.519     3666.516
885  SYM+R2        1701.191     40  3482.381     3487.027     3667.024
903  SYM           1707.823     38  3491.646     3495.832     3667.056
904  SYM+I         1700.977     39  3479.953     3484.366     3659.980
905  SYM+G4        1700.940     39  3479.880     3484.293     3659.907
906  SYM+I+G4      1700.937     40  3481.873     3486.519     3666.516
907  SYM+R2        1701.191     40  3482.381     3487.027     3667.024
925  GTR           1707.823     38  3491.646     3495.832     3667.056
926  GTR+I         1700.977     39  3479.953     3484.366     3659.980
927  GTR+G4        1700.939     39  3479.878     3484.291     3659.904
928  GTR+I+G4      1700.936     40  3481.872     3486.518     3666.515
929  GTR+R2        1701.165     40  3482.331     3486.976     3666.973
947  GTR+F         1700.483     41  3482.966     3487.851     3672.224
948  GTR+F+I       1694.087     42  3472.173     3477.304     3666.048
949  GTR+F+G4      1694.032     42  3472.063     3477.194     3665.938
950  GTR+F+I+G4    1694.027     43  3474.053     3479.436     3672.544
951  GTR+F+R2      1694.246     43  3474.491     3479.874     3672.982
Akaike Information Criterion:           TPM3u+F+G4
Corrected Akaike Information Criterion: TPM3u+F+G4
Bayesian Information Criterion:         K2P+I
Best-fit model: K2P+I chosen according to BIC

All model information printed to data/packages/ITS/Singerocomus/ref.model.gz
CPU time for ModelFinder: 247.405 seconds (0h:4m:7s)
Wall-clock time for ModelFinder: 164.692 seconds (0h:2m:44s)
Generating 1000 samples for ultrafast bootstrap (seed: 953083)...

NOTE: 0 MB RAM (0 GB) is required!
Estimate model parameters (epsilon = 0.100)
1. Initial log-likelihood: -1705.406
2. Current log-likelihood: -1705.227
Optimal log-likelihood: -1705.214
Rate parameters:  A-C: 1.00000  A-G: 2.64096  A-T: 1.00000  C-G: 1.00000  C-T: 2.64096  G-T: 1.00000
Base frequencies:  A: 0.250  C: 0.250  G: 0.250  T: 0.250
Proportion of invariable sites: 0.643
Parameters optimization took 2 rounds (0.003 sec)
Wrote distance file to... 
Computing ML distances based on estimated model parameters...
Calculating distance matrix: done in 0.0005148 secs using 96.35% CPU
Computing ML distances took 0.000571 sec (of wall-clock time) 0.000556 sec (of CPU time)
Setting up auxiliary I and S matrices: done in 9.86699e-05 secs
Constructing RapidNJ tree: done in 0.000253433 secs
Computing RapidNJ tree took 0.000495 sec (of wall-clock time) 0.000034 sec (of CPU time)
Log-likelihood of RapidNJ tree: -1712.244
--------------------------------------------------------------------
|             INITIALIZING CANDIDATE TREE SET                      |
--------------------------------------------------------------------
Generating 98 parsimony trees... 0.122 second
Computing log-likelihood of 98 initial trees ... 0.045 seconds
Current best score: -1705.214

Do NNI search on 20 best initial trees
Optimizing NNI: done in 0.00349285 secs using 99.2% CPU
Estimate model parameters (epsilon = 0.100)
BETTER TREE FOUND at iteration 1: -1705.214
Optimizing NNI: done in 0.00561608 secs using 99.78% CPU
BETTER TREE FOUND at iteration 2: -1705.214
Optimizing NNI: done in 0.00639858 secs using 99.85% CPU
BETTER TREE FOUND at iteration 3: -1705.214
Optimizing NNI: done in 0.0063538 secs using 99.83% CPU
Optimizing NNI: done in 0.00565104 secs using 99.89% CPU
Optimizing NNI: done in 0.00570031 secs using 99.91% CPU
UPDATE BEST LOG-LIKELIHOOD: -1705.214
Optimizing NNI: done in 0.0054872 secs using 99.89% CPU
Optimizing NNI: done in 0.00632231 secs using 99.77% CPU
Optimizing NNI: done in 0.00628665 secs using 99.8% CPU
Optimizing NNI: done in 0.00627552 secs using 99.83% CPU
Iteration 10 / LogL: -1705.214 / Time: 0h:2m:44s
Optimizing NNI: done in 0.00627529 secs using 99.84% CPU
Optimizing NNI: done in 0.00631598 secs using 99.83% CPU
Optimizing NNI: done in 0.006248 secs using 83.83% CPU
Optimizing NNI: done in 0.00626425 secs using 99.84% CPU
Optimizing NNI: done in 0.00629194 secs using 84.36% CPU
Optimizing NNI: done in 0.00629762 secs using 99.64% CPU
BETTER TREE FOUND at iteration 16: -1705.214
Optimizing NNI: done in 0.00632375 secs using 99.85% CPU
Optimizing NNI: done in 0.00631139 secs using 99.76% CPU
Optimizing NNI: done in 0.00627961 secs using 99.85% CPU
Optimizing NNI: done in 0.006327 secs using 84.54% CPU
Iteration 20 / LogL: -1705.214 / Time: 0h:2m:45s
Finish initializing candidate tree set (16)
Current best tree score: -1705.214 / CPU time: 0.298
Number of iterations: 20
--------------------------------------------------------------------
|               OPTIMIZING CANDIDATE TREE SET                      |
--------------------------------------------------------------------
Optimizing NNI: done in 0.00500447 secs using 99.77% CPU
BETTER TREE FOUND at iteration 21: -1705.214
Optimizing NNI: done in 0.0130376 secs using 99.8% CPU
Optimizing NNI: done in 0.00766123 secs using 99.81% CPU
Optimizing NNI: done in 0.00800614 secs using 99.82% CPU
Optimizing NNI: done in 0.0086417 secs using 99.55% CPU
Optimizing NNI: done in 0.00784198 secs using 99.82% CPU
Optimizing NNI: done in 0.011092 secs using 99.86% CPU
Optimizing NNI: done in 0.0130836 secs using 99.74% CPU
Optimizing NNI: done in 0.00827789 secs using 99.78% CPU
Optimizing NNI: done in 0.00985986 secs using 89.69% CPU
UPDATE BEST LOG-LIKELIHOOD: -1705.214
Iteration 30 / LogL: -1705.214 / Time: 0h:2m:45s (0h:0m:1s left)
Optimizing NNI: done in 0.011593 secs using 82.7% CPU
Optimizing NNI: done in 0.00988382 secs using 99.82% CPU
Optimizing NNI: done in 0.0107904 secs using 99.83% CPU
Optimizing NNI: done in 0.00792588 secs using 87.5% CPU
Optimizing NNI: done in 0.00995207 secs using 69.76% CPU
Optimizing NNI: done in 0.00707983 secs using 85.41% CPU
Optimizing NNI: done in 0.0119736 secs using 99.81% CPU
Optimizing NNI: done in 0.0126162 secs using 91.99% CPU
Optimizing NNI: done in 0.0076709 secs using 99.82% CPU
Optimizing NNI: done in 0.0102046 secs using 90.06% CPU
Iteration 40 / LogL: -1705.215 / Time: 0h:2m:45s (0h:0m:1s left)
Optimizing NNI: done in 0.00733898 secs using 86.25% CPU
Optimizing NNI: done in 0.00896209 secs using 99.71% CPU
Optimizing NNI: done in 0.0031202 secs using 99.74% CPU
Optimizing NNI: done in 0.0120446 secs using 91.58% CPU
Optimizing NNI: done in 0.00703254 secs using 99.86% CPU
Optimizing NNI: done in 0.0113875 secs using 99.77% CPU
Optimizing NNI: done in 0.00844247 secs using 99.85% CPU
Optimizing NNI: done in 0.00509713 secs using 99.78% CPU
Optimizing NNI: done in 0.00724022 secs using 99.8% CPU
Optimizing NNI: done in 0.0124045 secs using 99.83% CPU
Iteration 50 / LogL: -1705.216 / Time: 0h:2m:45s (0h:0m:1s left)
Log-likelihood cutoff on original alignment: -1727.882
Optimizing NNI: done in 0.0104843 secs using 90.14% CPU
Optimizing NNI: done in 0.00710095 secs using 99.85% CPU
Optimizing NNI: done in 0.00769572 secs using 99.82% CPU
Optimizing NNI: done in 0.00921943 secs using 99.85% CPU
Optimizing NNI: done in 0.0136217 secs using 92.57% CPU
Optimizing NNI: done in 0.0126456 secs using 99.84% CPU
Optimizing NNI: done in 0.00749536 secs using 99.82% CPU
Optimizing NNI: done in 0.00772874 secs using 87.06% CPU
Optimizing NNI: done in 0.00856515 secs using 99.55% CPU
Optimizing NNI: done in 0.00745512 secs using 86.21% CPU
Iteration 60 / LogL: -1705.214 / Time: 0h:2m:45s (0h:0m:0s left)
Optimizing NNI: done in 0.0099568 secs using 99.82% CPU
Optimizing NNI: done in 0.00466677 secs using 99.77% CPU
Optimizing NNI: done in 0.00980263 secs using 99.87% CPU
Optimizing NNI: done in 0.00365428 secs using 99.69% CPU
Optimizing NNI: done in 0.0145361 secs using 99.85% CPU
Optimizing NNI: done in 0.00552949 secs using 99.81% CPU
Optimizing NNI: done in 0.00597609 secs using 99.83% CPU
Optimizing NNI: done in 0.00812817 secs using 99.83% CPU
Optimizing NNI: done in 0.00529101 secs using 99.79% CPU
Optimizing NNI: done in 0.00953054 secs using 68.75% CPU
Iteration 70 / LogL: -1705.215 / Time: 0h:2m:45s (0h:0m:0s left)
Optimizing NNI: done in 0.00624301 secs using 99.71% CPU
Optimizing NNI: done in 0.00614413 secs using 99.75% CPU
Optimizing NNI: done in 0.00583299 secs using 82.7% CPU
Optimizing NNI: done in 0.00652688 secs using 84.63% CPU
Optimizing NNI: done in 0.0118706 secs using 91.47% CPU
Optimizing NNI: done in 0.00977328 secs using 89.66% CPU
Optimizing NNI: done in 0.00865222 secs using 99.84% CPU
Optimizing NNI: done in 0.00992456 secs using 99.72% CPU
Optimizing NNI: done in 0.00811911 secs using 87.65% CPU
Optimizing NNI: done in 0.00760207 secs using 99.83% CPU
Iteration 80 / LogL: -1705.214 / Time: 0h:2m:45s (0h:0m:0s left)
Optimizing NNI: done in 0.0125642 secs using 91.9% CPU
Optimizing NNI: done in 0.01127 secs using 99.81% CPU
Optimizing NNI: done in 0.0131431 secs using 92.24% CPU
Optimizing NNI: done in 0.00984498 secs using 99.88% CPU
Optimizing NNI: done in 0.00765898 secs using 86.85% CPU
Optimizing NNI: done in 0.0112466 secs using 99.77% CPU
Optimizing NNI: done in 0.00918678 secs using 99.86% CPU
Optimizing NNI: done in 0.0105291 secs using 71.66% CPU
Optimizing NNI: done in 0.0109225 secs using 99.76% CPU
Optimizing NNI: done in 0.0117519 secs using 74.48% CPU
Iteration 90 / LogL: -1705.215 / Time: 0h:2m:45s (0h:0m:0s left)
Optimizing NNI: done in 0.00778979 secs using 86.87% CPU
Optimizing NNI: done in 0.0110338 secs using 81.75% CPU
Optimizing NNI: done in 0.00854044 secs using 88% CPU
Optimizing NNI: done in 0.00981905 secs using 89.69% CPU
Optimizing NNI: done in 0.00748105 secs using 99.8% CPU
Optimizing NNI: done in 0.0120652 secs using 99.83% CPU
Optimizing NNI: done in 0.00447346 secs using 78.04% CPU
Optimizing NNI: done in 0.011684 secs using 91.25% CPU
Optimizing NNI: done in 0.0096293 secs using 78.99% CPU
Optimizing NNI: done in 0.0125326 secs using 99.84% CPU
Iteration 100 / LogL: -1705.215 / Time: 0h:2m:46s (0h:0m:0s left)
Log-likelihood cutoff on original alignment: -1727.866
NOTE: Bootstrap correlation coefficient of split occurrence frequencies: 0.967
NOTE: UFBoot does not converge, continue at least 100 more iterations
Optimizing NNI: done in 0.00947006 secs using 99.86% CPU
Optimizing NNI: done in 0.00805634 secs using 99.83% CPU
Optimizing NNI: done in 0.00498291 secs using 99.8% CPU
Optimizing NNI: done in 0.00388779 secs using 74.23% CPU
BETTER TREE FOUND at iteration 104: -1705.214
Optimizing NNI: done in 0.0126397 secs using 91.9% CPU
Optimizing NNI: done in 0.00960161 secs using 89.57% CPU
Optimizing NNI: done in 0.0105864 secs using 99.84% CPU
Optimizing NNI: done in 0.0079293 secs using 87.5% CPU
Optimizing NNI: done in 0.007381 secs using 99.65% CPU
Optimizing NNI: done in 0.00813399 secs using 87.71% CPU
Iteration 110 / LogL: -1705.214 / Time: 0h:2m:46s (0h:0m:1s left)
Optimizing NNI: done in 0.00987205 secs using 99.75% CPU
Optimizing NNI: done in 0.00555738 secs using 99.81% CPU
Optimizing NNI: done in 0.0114318 secs using 99.77% CPU
Optimizing NNI: done in 0.0101402 secs using 90.26% CPU
Optimizing NNI: done in 0.0112342 secs using 99.78% CPU
Optimizing NNI: done in 0.00527908 secs using 99.81% CPU
Optimizing NNI: done in 0.00983678 secs using 89.66% CPU
Optimizing NNI: done in 0.00818615 secs using 99.72% CPU
Optimizing NNI: done in 0.00354779 secs using 99.7% CPU
Optimizing NNI: done in 0.00815819 secs using 87.96% CPU
Iteration 120 / LogL: -1710.289 / Time: 0h:2m:46s (0h:0m:1s left)
Optimizing NNI: done in 0.00607477 secs using 99.74% CPU
Optimizing NNI: done in 0.00771707 secs using 73.99% CPU
Optimizing NNI: done in 0.00991932 secs using 99.86% CPU
Optimizing NNI: done in 0.00920394 secs using 99.86% CPU
Optimizing NNI: done in 0.0136268 secs using 77.86% CPU
Optimizing NNI: done in 0.0130648 secs using 99.73% CPU
Optimizing NNI: done in 0.0066442 secs using 84.81% CPU
Optimizing NNI: done in 0.0102417 secs using 99.87% CPU
Optimizing NNI: done in 0.00747647 secs using 99.83% CPU
Optimizing NNI: done in 0.00895259 secs using 99.85% CPU
Iteration 130 / LogL: -1705.215 / Time: 0h:2m:46s (0h:0m:1s left)
Optimizing NNI: done in 0.0100367 secs using 89.91% CPU
Optimizing NNI: done in 0.01216 secs using 99.86% CPU
Optimizing NNI: done in 0.0109399 secs using 81.62% CPU
BETTER TREE FOUND at iteration 133: -1705.214
Optimizing NNI: done in 0.00889596 secs using 88.56% CPU
Optimizing NNI: done in 0.00781936 secs using 99.83% CPU
Optimizing NNI: done in 0.0173047 secs using 99.83% CPU
Optimizing NNI: done in 0.0108222 secs using 99.84% CPU
Optimizing NNI: done in 0.00777329 secs using 99.83% CPU
Optimizing NNI: done in 0.0128038 secs using 99.87% CPU
Optimizing NNI: done in 0.00865098 secs using 99.85% CPU
Iteration 140 / LogL: -1705.215 / Time: 0h:2m:46s (0h:0m:1s left)
Optimizing NNI: done in 0.00996923 secs using 89.89% CPU
Optimizing NNI: done in 0.00890709 secs using 99.81% CPU
Optimizing NNI: done in 0.00768765 secs using 99.78% CPU
Optimizing NNI: done in 0.0183754 secs using 99.85% CPU
Optimizing NNI: done in 0.00913656 secs using 99.88% CPU
Optimizing NNI: done in 0.0124506 secs using 99.82% CPU
Optimizing NNI: done in 0.00549531 secs using 99.89% CPU
Optimizing NNI: done in 0.0105411 secs using 80.86% CPU
Optimizing NNI: done in 0.0093991 secs using 99.79% CPU
Optimizing NNI: done in 0.0105184 secs using 99.85% CPU
Iteration 150 / LogL: -1705.216 / Time: 0h:2m:46s (0h:0m:1s left)
Log-likelihood cutoff on original alignment: -1727.866
Optimizing NNI: done in 0.00627564 secs using 99.69% CPU
Optimizing NNI: done in 0.0082256 secs using 99.82% CPU
Optimizing NNI: done in 0.00761642 secs using 99.81% CPU
Optimizing NNI: done in 0.00469116 secs using 99.78% CPU
Optimizing NNI: done in 0.0074075 secs using 99.87% CPU
Optimizing NNI: done in 0.0111197 secs using 90.97% CPU
Optimizing NNI: done in 0.0170299 secs using 88.03% CPU
Optimizing NNI: done in 0.010691 secs using 90.51% CPU
Optimizing NNI: done in 0.00306269 secs using 99.81% CPU
Optimizing NNI: done in 0.0107829 secs using 99.76% CPU
Iteration 160 / LogL: -1705.216 / Time: 0h:2m:47s (0h:0m:1s left)
Optimizing NNI: done in 0.00305817 secs using 67.2% CPU
Optimizing NNI: done in 0.00935524 secs using 89.11% CPU
Optimizing NNI: done in 0.0077275 secs using 87.01% CPU
Optimizing NNI: done in 0.00539021 secs using 99.48% CPU
Optimizing NNI: done in 0.00819702 secs using 99.88% CPU
Optimizing NNI: done in 0.00934155 secs using 99.82% CPU
Optimizing NNI: done in 0.00881588 secs using 99.84% CPU
Optimizing NNI: done in 0.00441485 secs using 99.87% CPU
Optimizing NNI: done in 0.0131245 secs using 92.3% CPU
Optimizing NNI: done in 0.0120208 secs using 99.85% CPU
Iteration 170 / LogL: -1705.216 / Time: 0h:2m:47s (0h:0m:0s left)
Optimizing NNI: done in 0.0118442 secs using 91.51% CPU
Optimizing NNI: done in 0.00604994 secs using 99.74% CPU
Optimizing NNI: done in 0.0091388 secs using 99.85% CPU
Optimizing NNI: done in 0.00886052 secs using 88.63% CPU
Optimizing NNI: done in 0.0104298 secs using 99.84% CPU
Optimizing NNI: done in 0.00499009 secs using 99.8% CPU
Optimizing NNI: done in 0.00729228 secs using 99.85% CPU
Optimizing NNI: done in 0.0122097 secs using 99.81% CPU
Optimizing NNI: done in 0.00760566 secs using 99.83% CPU
Optimizing NNI: done in 0.00904102 secs using 99.8% CPU
Iteration 180 / LogL: -1705.215 / Time: 0h:2m:47s (0h:0m:0s left)
Optimizing NNI: done in 0.0100383 secs using 99.87% CPU
Optimizing NNI: done in 0.00714512 secs using 99.82% CPU
Optimizing NNI: done in 0.00311218 secs using 99.8% CPU
Optimizing NNI: done in 0.011308 secs using 91.15% CPU
Optimizing NNI: done in 0.0112962 secs using 90.96% CPU
Optimizing NNI: done in 0.0102422 secs using 99.87% CPU
Optimizing NNI: done in 0.00471186 secs using 99.77% CPU
Optimizing NNI: done in 0.010441 secs using 90.25% CPU
Optimizing NNI: done in 0.00765358 secs using 99.8% CPU
Optimizing NNI: done in 0.00395031 secs using 99.76% CPU
Iteration 190 / LogL: -1705.215 / Time: 0h:2m:47s (0h:0m:0s left)
Optimizing NNI: done in 0.01132 secs using 91.12% CPU
Optimizing NNI: done in 0.0116005 secs using 99.81% CPU
Optimizing NNI: done in 0.00768116 secs using 99.79% CPU
Optimizing NNI: done in 0.0104362 secs using 99.85% CPU
Optimizing NNI: done in 0.00739284 secs using 86.62% CPU
Optimizing NNI: done in 0.0127786 secs using 99.69% CPU
Optimizing NNI: done in 0.0097361 secs using 89.69% CPU
Optimizing NNI: done in 0.0131032 secs using 99.76% CPU
Optimizing NNI: done in 0.00585817 secs using 99.84% CPU
Optimizing NNI: done in 0.0113302 secs using 82.21% CPU
Iteration 200 / LogL: -1705.216 / Time: 0h:2m:47s (0h:0m:0s left)
Log-likelihood cutoff on original alignment: -1727.866
NOTE: Bootstrap correlation coefficient of split occurrence frequencies: 0.974
NOTE: UFBoot does not converge, continue at least 100 more iterations
Optimizing NNI: done in 0.00925688 secs using 88.92% CPU
Optimizing NNI: done in 0.0126374 secs using 99.8% CPU
Optimizing NNI: done in 0.0100154 secs using 99.49% CPU
Optimizing NNI: done in 0.0116526 secs using 99.81% CPU
Optimizing NNI: done in 0.00493553 secs using 99.81% CPU
Optimizing NNI: done in 0.00604586 secs using 99.84% CPU
Optimizing NNI: done in 0.013051 secs using 92.14% CPU
Optimizing NNI: done in 0.0100423 secs using 99.61% CPU
Optimizing NNI: done in 0.0121481 secs using 83.43% CPU
Optimizing NNI: done in 0.00922238 secs using 89.02% CPU
Iteration 210 / LogL: -1705.215 / Time: 0h:2m:47s (0h:0m:1s left)
Optimizing NNI: done in 0.0150062 secs using 93.18% CPU
Optimizing NNI: done in 0.00744429 secs using 99.82% CPU
Optimizing NNI: done in 0.00999921 secs using 70.05% CPU
Optimizing NNI: done in 0.00792285 secs using 99.67% CPU
Optimizing NNI: done in 0.00887137 secs using 99.79% CPU
Optimizing NNI: done in 0.0134136 secs using 92.43% CPU
Optimizing NNI: done in 0.00653362 secs using 99.73% CPU
Optimizing NNI: done in 0.0147472 secs using 99.86% CPU
Optimizing NNI: done in 0.0124473 secs using 99.8% CPU
Optimizing NNI: done in 0.0129521 secs using 84.36% CPU
Iteration 220 / LogL: -1705.215 / Time: 0h:2m:47s (0h:0m:1s left)
Optimizing NNI: done in 0.0104013 secs using 80.59% CPU
Optimizing NNI: done in 0.00739464 secs using 99.86% CPU
Optimizing NNI: done in 0.0113748 secs using 82.35% CPU
Optimizing NNI: done in 0.00780125 secs using 99.79% CPU
Optimizing NNI: done in 0.0112637 secs using 99.78% CPU
Optimizing NNI: done in 0.00784934 secs using 99.8% CPU
Optimizing NNI: done in 0.00742894 secs using 86.36% CPU
Optimizing NNI: done in 0.00516743 secs using 99.8% CPU
Optimizing NNI: done in 0.00778275 secs using 99.86% CPU
Optimizing NNI: done in 0.00783002 secs using 99.83% CPU
Iteration 230 / LogL: -1705.214 / Time: 0h:2m:48s (0h:0m:1s left)
Optimizing NNI: done in 0.0108505 secs using 90.7% CPU
Optimizing NNI: done in 0.0102681 secs using 99.78% CPU
Optimizing NNI: done in 0.00859411 secs using 99.84% CPU
Optimizing NNI: done in 0.00949191 secs using 99.82% CPU
Optimizing NNI: done in 0.00486183 secs using 99.8% CPU
Optimizing NNI: done in 0.0103989 secs using 90.49% CPU
Optimizing NNI: done in 0.00927741 secs using 99.75% CPU
Optimizing NNI: done in 0.00767703 secs using 99.8% CPU
Optimizing NNI: done in 0.0114017 secs using 91.21% CPU
Optimizing NNI: done in 0.00674209 secs using 99.64% CPU
Iteration 240 / LogL: -1761.591 / Time: 0h:2m:48s (0h:0m:0s left)
Optimizing NNI: done in 0.00931232 secs using 99.57% CPU
Optimizing NNI: done in 0.0145032 secs using 93.09% CPU
Optimizing NNI: done in 0.00763261 secs using 99.51% CPU
Optimizing NNI: done in 0.00690734 secs using 85.42% CPU
Optimizing NNI: done in 0.01084 secs using 99.77% CPU
Optimizing NNI: done in 0.00629261 secs using 83.96% CPU
Optimizing NNI: done in 0.0101893 secs using 99.83% CPU
Optimizing NNI: done in 0.00309641 secs using 99.79% CPU
Optimizing NNI: done in 0.0071999 secs using 99.82% CPU
Optimizing NNI: done in 0.00704833 secs using 99.81% CPU
Iteration 250 / LogL: -1705.215 / Time: 0h:2m:48s (0h:0m:0s left)
Log-likelihood cutoff on original alignment: -1727.866
Optimizing NNI: done in 0.0119711 secs using 99.86% CPU
Optimizing NNI: done in 0.0128335 secs using 84.33% CPU
Optimizing NNI: done in 0.00512903 secs using 80.89% CPU
Optimizing NNI: done in 0.00943598 secs using 78.5% CPU
Optimizing NNI: done in 0.0103469 secs using 99.87% CPU
Optimizing NNI: done in 0.00302878 secs using 99.78% CPU
Optimizing NNI: done in 0.00765125 secs using 99.84% CPU
Optimizing NNI: done in 0.00752167 secs using 99.83% CPU
Optimizing NNI: done in 0.00402446 secs using 99.74% CPU
Optimizing NNI: done in 0.0109717 secs using 90.75% CPU
Iteration 260 / LogL: -1705.215 / Time: 0h:2m:48s (0h:0m:0s left)
Optimizing NNI: done in 0.00941382 secs using 68.01% CPU
Optimizing NNI: done in 0.00534249 secs using 99.8% CPU
Optimizing NNI: done in 0.0104354 secs using 99.81% CPU
Optimizing NNI: done in 0.00677216 secs using 99.79% CPU
Optimizing NNI: done in 0.00926565 secs using 99.85% CPU
Optimizing NNI: done in 0.00657407 secs using 84.77% CPU
Optimizing NNI: done in 0.00311627 secs using 99.64% CPU
Optimizing NNI: done in 0.00662382 secs using 84.89% CPU
Optimizing NNI: done in 0.010743 secs using 90.49% CPU
Optimizing NNI: done in 0.00760503 secs using 86.88% CPU
Iteration 270 / LogL: -1710.289 / Time: 0h:2m:48s (0h:0m:0s left)
Optimizing NNI: done in 0.00698899 secs using 99.79% CPU
Optimizing NNI: done in 0.00788364 secs using 87.43% CPU
Optimizing NNI: done in 0.0103801 secs using 99.66% CPU
Optimizing NNI: done in 0.0125686 secs using 91.89% CPU
Optimizing NNI: done in 0.00761279 secs using 99.82% CPU
Optimizing NNI: done in 0.0117074 secs using 99.82% CPU
Optimizing NNI: done in 0.00978097 secs using 89.83% CPU
Optimizing NNI: done in 0.0079313 secs using 99.79% CPU
Optimizing NNI: done in 0.00980394 secs using 99.87% CPU
Optimizing NNI: done in 0.00808068 secs using 99.88% CPU
Iteration 280 / LogL: -1705.215 / Time: 0h:2m:48s (0h:0m:0s left)
Optimizing NNI: done in 0.0111938 secs using 90.95% CPU
Optimizing NNI: done in 0.00548757 secs using 99.81% CPU
Optimizing NNI: done in 0.0136173 secs using 92.38% CPU
Optimizing NNI: done in 0.00676066 secs using 99.84% CPU
Optimizing NNI: done in 0.00807114 secs using 99.8% CPU
Optimizing NNI: done in 0.0095551 secs using 99.82% CPU
Optimizing NNI: done in 0.0108741 secs using 90.69% CPU
Optimizing NNI: done in 0.00927971 secs using 99.81% CPU
Optimizing NNI: done in 0.00478873 secs using 99.82% CPU
Optimizing NNI: done in 0.00651206 secs using 99.91% CPU
Iteration 290 / LogL: -1761.591 / Time: 0h:2m:48s (0h:0m:0s left)
Optimizing NNI: done in 0.013157 secs using 92.49% CPU
Optimizing NNI: done in 0.00552048 secs using 99.5% CPU
Optimizing NNI: done in 0.00623751 secs using 99.82% CPU
Optimizing NNI: done in 0.00482988 secs using 99.9% CPU
Optimizing NNI: done in 0.0125158 secs using 99.87% CPU
Optimizing NNI: done in 0.0137409 secs using 99.86% CPU
Optimizing NNI: done in 0.00633623 secs using 99.63% CPU
Optimizing NNI: done in 0.00689184 secs using 85.78% CPU
Optimizing NNI: done in 0.00972118 secs using 99.8% CPU
Optimizing NNI: done in 0.00769247 secs using 86.81% CPU
Iteration 300 / LogL: -1705.214 / Time: 0h:2m:49s (0h:0m:0s left)
Log-likelihood cutoff on original alignment: -1727.866
NOTE: Bootstrap correlation coefficient of split occurrence frequencies: 0.984
NOTE: UFBoot does not converge, continue at least 100 more iterations
Optimizing NNI: done in 0.00941558 secs using 89.37% CPU
Optimizing NNI: done in 0.00729024 secs using 99.5% CPU
Optimizing NNI: done in 0.00876674 secs using 99.84% CPU
Optimizing NNI: done in 0.00307599 secs using 99.77% CPU
Optimizing NNI: done in 0.00949175 secs using 99.87% CPU
Optimizing NNI: done in 0.0105959 secs using 99.83% CPU
Optimizing NNI: done in 0.00479783 secs using 99.77% CPU
Optimizing NNI: done in 0.0048459 secs using 99.88% CPU
Optimizing NNI: done in 0.00674707 secs using 99.79% CPU
Optimizing NNI: done in 0.00964949 secs using 79.28% CPU
Iteration 310 / LogL: -1708.062 / Time: 0h:2m:49s (0h:0m:1s left)
Optimizing NNI: done in 0.0075902 secs using 86.68% CPU
Optimizing NNI: done in 0.0034844 secs using 99.85% CPU
Optimizing NNI: done in 0.0048035 secs using 79% CPU
Optimizing NNI: done in 0.0091344 secs using 89.2% CPU
Optimizing NNI: done in 0.0126298 secs using 84.12% CPU
Optimizing NNI: done in 0.00584693 secs using 99.62% CPU
Optimizing NNI: done in 0.0101763 secs using 99.74% CPU
Optimizing NNI: done in 0.00305486 secs using 99.74% CPU
Optimizing NNI: done in 0.00787477 secs using 99.83% CPU
Optimizing NNI: done in 0.00967659 secs using 89.63% CPU
Iteration 320 / LogL: -1708.060 / Time: 0h:2m:49s (0h:0m:1s left)
Optimizing NNI: done in 0.00918192 secs using 88.88% CPU
Optimizing NNI: done in 0.0129456 secs using 99.86% CPU
Optimizing NNI: done in 0.0180661 secs using 99.84% CPU
Optimizing NNI: done in 0.0125807 secs using 99.87% CPU
Optimizing NNI: done in 0.0095549 secs using 89.4% CPU
Optimizing NNI: done in 0.00814729 secs using 87.65% CPU
Optimizing NNI: done in 0.00997117 secs using 89.72% CPU
Optimizing NNI: done in 0.00654499 secs using 99.85% CPU
Optimizing NNI: done in 0.00980704 secs using 99.82% CPU
Optimizing NNI: done in 0.00983993 secs using 99.85% CPU
Iteration 330 / LogL: -1705.216 / Time: 0h:2m:49s (0h:0m:1s left)
Optimizing NNI: done in 0.0071379 secs using 99.81% CPU
Optimizing NNI: done in 0.00944039 secs using 89.27% CPU
Optimizing NNI: done in 0.0134126 secs using 99.81% CPU
Optimizing NNI: done in 0.00384165 secs using 74.08% CPU
Optimizing NNI: done in 0.00841416 secs using 99.78% CPU
Optimizing NNI: done in 0.0128484 secs using 92.06% CPU
Optimizing NNI: done in 0.0034163 secs using 41.95% CPU
UPDATE BEST LOG-LIKELIHOOD: -1705.214
Optimizing NNI: done in 0.00496809 secs using 99.86% CPU
Optimizing NNI: done in 0.0104689 secs using 99.82% CPU
Optimizing NNI: done in 0.0097297 secs using 79.25% CPU
Iteration 340 / LogL: -1710.750 / Time: 0h:2m:49s (0h:0m:0s left)
Optimizing NNI: done in 0.00618185 secs using 99.84% CPU
Optimizing NNI: done in 0.00653854 secs using 84.65% CPU
Optimizing NNI: done in 0.00765957 secs using 99.84% CPU
Optimizing NNI: done in 0.00486071 secs using 99.78% CPU
Optimizing NNI: done in 0.00842863 secs using 88.15% CPU
Optimizing NNI: done in 0.00386279 secs using 99.77% CPU
Optimizing NNI: done in 0.00689818 secs using 85.65% CPU
Optimizing NNI: done in 0.0102428 secs using 99.76% CPU
Optimizing NNI: done in 0.00999297 secs using 80.03% CPU
Optimizing NNI: done in 0.0119548 secs using 99.7% CPU
Iteration 350 / LogL: -1705.216 / Time: 0h:2m:49s (0h:0m:0s left)
Log-likelihood cutoff on original alignment: -1727.866
Optimizing NNI: done in 0.0115053 secs using 99.84% CPU
Optimizing NNI: done in 0.00983423 secs using 69.48% CPU
Optimizing NNI: done in 0.00872645 secs using 99.81% CPU
Optimizing NNI: done in 0.013471 secs using 99.81% CPU
Optimizing NNI: done in 0.010596 secs using 81.13% CPU
Optimizing NNI: done in 0.0117957 secs using 91.36% CPU
Optimizing NNI: done in 0.00714005 secs using 85.97% CPU
Optimizing NNI: done in 0.0124765 secs using 91.98% CPU
Optimizing NNI: done in 0.0105444 secs using 99.65% CPU
Optimizing NNI: done in 0.0101439 secs using 80.13% CPU
Iteration 360 / LogL: -1705.214 / Time: 0h:2m:49s (0h:0m:0s left)
Optimizing NNI: done in 0.00349596 secs
Optimizing NNI: done in 0.0093959 secs using 89.37% CPU
Optimizing NNI: done in 0.0100525 secs using 99.65% CPU
Optimizing NNI: done in 0.0118193 secs using 91.4% CPU
Optimizing NNI: done in 0.00766394 secs using 99.87% CPU
Optimizing NNI: done in 0.0100176 secs using 99.83% CPU
Optimizing NNI: done in 0.0129808 secs using 99.83% CPU
Optimizing NNI: done in 0.00813255 secs using 99.67% CPU
Optimizing NNI: done in 0.0103896 secs using 90.22% CPU
Optimizing NNI: done in 0.012463 secs using 91.82% CPU
Iteration 370 / LogL: -1705.216 / Time: 0h:2m:50s (0h:0m:0s left)
Optimizing NNI: done in 0.00771661 secs using 99.8% CPU
Optimizing NNI: done in 0.0123914 secs using 91.74% CPU
Optimizing NNI: done in 0.0121941 secs using 99.82% CPU
Optimizing NNI: done in 0.00686853 secs using 70.79% CPU
Optimizing NNI: done in 0.00744009 secs using 99.82% CPU
Optimizing NNI: done in 0.00526356 secs using 99.8% CPU
Optimizing NNI: done in 0.0119961 secs using 91.5% CPU
Optimizing NNI: done in 0.0137042 secs using 92.56% CPU
Optimizing NNI: done in 0.00765401 secs using 99.8% CPU
Optimizing NNI: done in 0.0117953 secs using 99.84% CPU
Iteration 380 / LogL: -1705.216 / Time: 0h:2m:50s (0h:0m:0s left)
Optimizing NNI: done in 0.0124861 secs using 99.8% CPU
Optimizing NNI: done in 0.012378 secs using 99.82% CPU
Optimizing NNI: done in 0.0145505 secs using 99.85% CPU
Optimizing NNI: done in 0.0120276 secs using 99.86% CPU
Optimizing NNI: done in 0.00770913 secs using 87.1% CPU
Optimizing NNI: done in 0.0124882 secs using 91.74% CPU
Optimizing NNI: done in 0.00906331 secs using 99.75% CPU
Optimizing NNI: done in 0.00938402 secs using 99.81% CPU
Optimizing NNI: done in 0.0124252 secs using 99.82% CPU
Optimizing NNI: done in 0.0115743 secs using 99.82% CPU
Iteration 390 / LogL: -1705.216 / Time: 0h:2m:50s (0h:0m:0s left)
Optimizing NNI: done in 0.0138378 secs using 99.87% CPU
Optimizing NNI: done in 0.0119565 secs using 91.53% CPU
Optimizing NNI: done in 0.00650354 secs using 99.79% CPU
Optimizing NNI: done in 0.00833815 secs using 87.97% CPU
Optimizing NNI: done in 0.00797248 secs using 87.33% CPU
Optimizing NNI: done in 0.00727034 secs using 99.65% CPU
Optimizing NNI: done in 0.0073672 secs using 86.48% CPU
Optimizing NNI: done in 0.00795891 secs using 87.27% CPU
Optimizing NNI: done in 0.00914839 secs using 99.76% CPU
Optimizing NNI: done in 0.00444521 secs using 99.77% CPU
Iteration 400 / LogL: -1705.214 / Time: 0h:2m:50s (0h:0m:0s left)
Log-likelihood cutoff on original alignment: -1727.866
NOTE: Bootstrap correlation coefficient of split occurrence frequencies: 0.987
NOTE: UFBoot does not converge, continue at least 100 more iterations
Optimizing NNI: done in 0.0126871 secs using 99.62% CPU
Optimizing NNI: done in 0.00991253 secs using 89.73% CPU
Optimizing NNI: done in 0.0112754 secs using 75.02% CPU
Optimizing NNI: done in 0.0113554 secs using 91.13% CPU
Optimizing NNI: done in 0.00485107 secs using 99.79% CPU
Optimizing NNI: done in 0.0100259 secs using 99.84% CPU
Optimizing NNI: done in 0.00470061 secs using 99.77% CPU
Optimizing NNI: done in 0.0126078 secs using 99.83% CPU
Optimizing NNI: done in 0.0030806 secs using 99.79% CPU
UPDATE BEST LOG-LIKELIHOOD: -1705.214
Optimizing NNI: done in 0.00306989 secs using 68.05% CPU
Iteration 410 / LogL: -1705.214 / Time: 0h:2m:50s (0h:0m:1s left)
Optimizing NNI: done in 0.00420675 secs using 99.6% CPU
Optimizing NNI: done in 0.00973962 secs using 89.63% CPU
Optimizing NNI: done in 0.00701722 secs using 99.63% CPU
Optimizing NNI: done in 0.00549448 secs using 99.81% CPU
Optimizing NNI: done in 0.00917527 secs using 99.81% CPU
Optimizing NNI: done in 0.00872299 secs using 99.84% CPU
Optimizing NNI: done in 0.00581856 secs using 99.73% CPU
Optimizing NNI: done in 0.00491218 secs using 99.53% CPU
Optimizing NNI: done in 0.0123652 secs using 99.85% CPU
Optimizing NNI: done in 0.0123158 secs using 99.83% CPU
Iteration 420 / LogL: -1705.216 / Time: 0h:2m:50s (0h:0m:1s left)
Optimizing NNI: done in 0.00355176 secs using 99.84% CPU
Optimizing NNI: done in 0.0085105 secs using 99.84% CPU
Optimizing NNI: done in 0.00941363 secs using 89.3% CPU
Optimizing NNI: done in 0.00965945 secs using 99.86% CPU
Optimizing NNI: done in 0.00668657 secs using 85.07% CPU
Optimizing NNI: done in 0.00888605 secs using 99.68% CPU
Optimizing NNI: done in 0.0132924 secs using 84.85% CPU
Optimizing NNI: done in 0.00596047 secs using 99.77% CPU
Optimizing NNI: done in 0.0078298 secs using 86.98% CPU
Optimizing NNI: done in 0.00976537 secs using 89.33% CPU
Iteration 430 / LogL: -1705.215 / Time: 0h:2m:51s (0h:0m:1s left)
Optimizing NNI: done in 0.00618572 secs using 99.65% CPU
Optimizing NNI: done in 0.00770969 secs using 99.8% CPU
Optimizing NNI: done in 0.0100315 secs using 99.85% CPU
Optimizing NNI: done in 0.0107948 secs using 99.74% CPU
Optimizing NNI: done in 0.0110457 secs using 99.81% CPU
Optimizing NNI: done in 0.0135328 secs using 85.18% CPU
Optimizing NNI: done in 0.00506729 secs using 99.76% CPU
Optimizing NNI: done in 0.00621984 secs using 84.17% CPU
Optimizing NNI: done in 0.0103426 secs using 90.1% CPU
Optimizing NNI: done in 0.012717 secs using 92.09% CPU
Iteration 440 / LogL: -1705.215 / Time: 0h:2m:51s (0h:0m:0s left)
Optimizing NNI: done in 0.0107544 secs using 99.74% CPU
Optimizing NNI: done in 0.00743645 secs using 99.6% CPU
Optimizing NNI: done in 0.00813176 secs using 99.77% CPU
Optimizing NNI: done in 0.0124796 secs using 99.71% CPU
Optimizing NNI: done in 0.0104501 secs using 90.3% CPU
Optimizing NNI: done in 0.0105302 secs using 99.81% CPU
Optimizing NNI: done in 0.00389869 secs using 99.7% CPU
Optimizing NNI: done in 0.00908833 secs using 99.82% CPU
Optimizing NNI: done in 0.0117645 secs using 91.41% CPU
Optimizing NNI: done in 0.0120614 secs using 99.81% CPU
Iteration 450 / LogL: -1705.218 / Time: 0h:2m:51s (0h:0m:0s left)
Log-likelihood cutoff on original alignment: -1727.866
Optimizing NNI: done in 0.00785223 secs using 99.83% CPU
Optimizing NNI: done in 0.00987981 secs using 99.83% CPU
Optimizing NNI: done in 0.0113066 secs using 99.79% CPU
Optimizing NNI: done in 0.00955655 secs using 89.52% CPU
Optimizing NNI: done in 0.00800975 secs using 87.37% CPU
Optimizing NNI: done in 0.00941856 secs using 89.1% CPU
Optimizing NNI: done in 0.00759951 secs using 99.8% CPU
Optimizing NNI: done in 0.00774893 secs using 99.81% CPU
Optimizing NNI: done in 0.00752052 secs using 73.43% CPU
Optimizing NNI: done in 0.0080727 secs using 87.63% CPU
Iteration 460 / LogL: -1705.215 / Time: 0h:2m:51s (0h:0m:0s left)
Optimizing NNI: done in 0.00745506 secs using 86.48% CPU
Optimizing NNI: done in 0.00299733 secs using 99.82% CPU
Optimizing NNI: done in 0.00766453 secs using 73.91% CPU
Optimizing NNI: done in 0.00538851 secs using 99.6% CPU
Optimizing NNI: done in 0.00304415 secs using 99.8% CPU
Optimizing NNI: done in 0.0075018 secs using 99.83% CPU
Optimizing NNI: done in 0.0073767 secs using 99.69% CPU
Optimizing NNI: done in 0.00805531 secs using 87.46% CPU
Optimizing NNI: done in 0.00718907 secs using 99.72% CPU
Optimizing NNI: done in 0.00558162 secs using 82.11% CPU
Iteration 470 / LogL: -1705.215 / Time: 0h:2m:51s (0h:0m:0s left)
Optimizing NNI: done in 0.011845 secs using 91.49% CPU
Optimizing NNI: done in 0.00302308 secs using 66.95% CPU
Optimizing NNI: done in 0.0115638 secs using 99.81% CPU
Optimizing NNI: done in 0.00297752 secs using 99.78% CPU
Optimizing NNI: done in 0.0145383 secs using 92.99% CPU
Optimizing NNI: done in 0.0162088 secs using 87.56% CPU
Optimizing NNI: done in 0.0115052 secs using 91.25% CPU
Optimizing NNI: done in 0.00630421 secs using 99.85% CPU
Optimizing NNI: done in 0.00729638 secs using 86.47% CPU
Optimizing NNI: done in 0.00965265 secs using 89.42% CPU
Iteration 480 / LogL: -1720.239 / Time: 0h:2m:51s (0h:0m:0s left)
Optimizing NNI: done in 0.00658859 secs using 99.81% CPU
Optimizing NNI: done in 0.00693555 secs using 99.76% CPU
Optimizing NNI: done in 0.00598383 secs using 83.07% CPU
Optimizing NNI: done in 0.00439623 secs using 99.88% CPU
Optimizing NNI: done in 0.00805859 secs using 99.83% CPU
Optimizing NNI: done in 0.0104181 secs using 99.84% CPU
Optimizing NNI: done in 0.00298823 secs using 99.66% CPU
Optimizing NNI: done in 0.0106594 secs using 90.57% CPU
Optimizing NNI: done in 0.00738609 secs using 99.84% CPU
Optimizing NNI: done in 0.0110318 secs using 81.8% CPU
Iteration 490 / LogL: -1705.215 / Time: 0h:2m:52s (0h:0m:0s left)
Optimizing NNI: done in 0.009028 secs using 88.9% CPU
Optimizing NNI: done in 0.00688929 secs using 99.81% CPU
Optimizing NNI: done in 0.00917485 secs using 99.75% CPU
Optimizing NNI: done in 0.00950826 secs using 99.81% CPU
Optimizing NNI: done in 0.00941259 secs using 89.47% CPU
Optimizing NNI: done in 0.00836958 secs using 99.68% CPU
Optimizing NNI: done in 0.00845422 secs using 88.22% CPU
Optimizing NNI: done in 0.00979031 secs using 99.6% CPU
Optimizing NNI: done in 0.0107788 secs using 90.51% CPU
Optimizing NNI: done in 0.0102522 secs using 99.83% CPU
Iteration 500 / LogL: -1705.216 / Time: 0h:2m:52s (0h:0m:0s left)
Log-likelihood cutoff on original alignment: -1727.866
NOTE: Bootstrap correlation coefficient of split occurrence frequencies: 0.993
TREE SEARCH COMPLETED AFTER 500 ITERATIONS / Time: 0h:2m:52s

--------------------------------------------------------------------
|                    FINALIZING TREE SEARCH                        |
--------------------------------------------------------------------
Performs final model parameters optimization
Estimate model parameters (epsilon = 0.010)
1. Initial log-likelihood: -1705.214
Optimal log-likelihood: -1705.214
Rate parameters:  A-C: 1.00000  A-G: 2.64346  A-T: 1.00000  C-G: 1.00000  C-T: 2.64346  G-T: 1.00000
Base frequencies:  A: 0.250  C: 0.250  G: 0.250  T: 0.250
Proportion of invariable sites: 0.644
Parameters optimization took 1 rounds (0.001 sec)
BEST SCORE FOUND : -1705.214
Creating bootstrap support values...
Split supports printed to NEXUS file data/packages/ITS/Singerocomus/ref.splits.nex
Total tree length: 0.184

Total number of iterations: 500
CPU time used for tree search: 7.227 sec (0h:0m:7s)
Wall-clock time used for tree search: 7.521 sec (0h:0m:7s)
Total CPU time used: 254.704 sec (0h:4m:14s)
Total wall-clock time used: 172.286 sec (0h:2m:52s)

Computing bootstrap consensus tree...
Reading input file data/packages/ITS/Singerocomus/ref.splits.nex...
18 taxa and 151 splits.
Consensus tree written to data/packages/ITS/Singerocomus/ref.contree
Reading input trees file data/packages/ITS/Singerocomus/ref.contree
Log-likelihood of consensus tree: -1705.233

Analysis results written to: 
  IQ-TREE report:                data/packages/ITS/Singerocomus/ref.iqtree
  Maximum-likelihood tree:       data/packages/ITS/Singerocomus/ref.treefile
  Likelihood distances:          data/packages/ITS/Singerocomus/ref.mldist

Ultrafast bootstrap approximation results written to:
  Split support values:          data/packages/ITS/Singerocomus/ref.splits.nex
  Consensus tree:                data/packages/ITS/Singerocomus/ref.contree
  Screen log file:               data/packages/ITS/Singerocomus/ref.log

Date and Time: Mon Aug 18 18:04:57 2025
