IQ-TREE version 3.0.1 for Linux x86 64-bit built May  5 2025
Developed by Bui Quang Minh, Thomas Wong, Nhan Ly-Trong, Huaiyan Ren
Contributed by Lam-Tung Nguyen, Dominik Schrempf, Chris Bielow,
Olga Chernomor, Michael Woodhams, Diep Thi Hoang, Heiko Schmidt

Host:    lnx820.umnh.utah.edu (AVX2, FMA3, 865 GB RAM)
Command: /home/bdentinger/iqtree-3.0.1-Linux/bin/iqtree3_intel -s data/packages/ITS/Afrocastellanoa/aln.masked.fasta -m MFP -bb 1000 -nt AUTO -pre data/packages/ITS/Afrocastellanoa/ref
Seed:    895020 (Using SPRNG - Scalable Parallel Random Number Generator)
Time:    Mon Aug 18 17:48:48 2025
Kernel:  AVX+FMA - auto-detect threads (72 CPU cores detected)

Reading alignment file data/packages/ITS/Afrocastellanoa/aln.masked.fasta ... Fasta format detected
Reading fasta file: done in 7.46194e-05 secs using 57.63% CPU
Alignment most likely contains DNA/RNA sequences
Constructing alignment: done in 0.000630831 secs using 90.2% CPU
Alignment has 3 sequences with 546 columns, 10 distinct patterns
0 parsimony-informative, 3 singleton sites, 543 constant sites
                           Gap/Ambiguity  Composition  p-value
Analyzing sequences: done in 1.10902e-05 secs using 81.15% CPU
   1  osc                          0.00%    passed     99.99%
   2  arora_126|ITS|KX685712.1     1.83%    passed     99.95%
   3  osc_150014|ITS|KX685711.1    0.00%    passed     99.99%
****  TOTAL                        0.61%  0 sequences failed composition chi2 test (p-value<5%; df=3)
NOTE: osc_150014|ITS|KX685711.1 is identical to osc but kept for subsequent analysis
Checking for duplicate sequences: done in 5.62407e-05 secs using 97.79% CPU


Create initial parsimony tree by phylogenetic likelihood library (PLL)... 0.000 seconds
Measuring multi-threading efficiency up to 72 CPU cores
Increase to 10 rounds for branch lengths
1059109 trees examined
Threads: 1 / Time: 72.000 sec / Speedup: 1.000 / Efficiency: 100% / LogL: -775
WARNING: 2 threads for alignment length 10 will slow down analysis
Threads: 2 / Time: 46.534 sec / Speedup: 1.547 / Efficiency: 77% / LogL: -775
WARNING: 3 threads for alignment length 10 will slow down analysis
Threads: 3 / Time: 48.716 sec / Speedup: 1.478 / Efficiency: 49% / LogL: -775
Determining AUTO threadcount: done in 167.25 secs using 92.92% CPU
BEST NUMBER OF THREADS: 2

WARNING: 2 threads for alignment length 10 will slow down analysis
Perform fast likelihood tree search using GTR+I+G model...
Estimate model parameters (epsilon = 5.000)
Perform nearest neighbor interchange...
Optimizing NNI: done in 6.11693e-06 secs using 65.39% CPU
Estimate model parameters (epsilon = 1.000)
1. Initial log-likelihood: -772.011
Optimal log-likelihood: -771.741
Rate parameters:  A-C: 0.00010  A-G: 98.64421  A-T: 36.96669  C-G: 0.00010  C-T: 0.00010  G-T: 1.00000
Warning! Some parameters hit the boundaries
Base frequencies:  A: 0.265  C: 0.215  G: 0.230  T: 0.290
Proportion of invariable sites: 0.497
Gamma shape alpha: 998.448
Parameters optimization took 1 rounds (0.002 sec)
Time for fast ML tree search: 0.021 seconds

NOTE: ModelFinder requires 0 MB RAM!
ModelFinder will test up to 968 DNA models (sample size: 546 epsilon: 0.100) ...
 No. Model         -LnL         df  AIC          AICc         BIC
WARNING: 2 threads for alignment length 10 will slow down analysis
  1  JC            778.762      3   1563.524     1563.568     1576.431
WARNING: 2 threads for alignment length 10 will slow down analysis
  2  JC+I          778.762      4   1565.524     1565.598     1582.734
WARNING: 2 threads for alignment length 10 will slow down analysis
  3  JC+G4         778.762      4   1565.524     1565.598     1582.734
WARNING: 2 threads for alignment length 10 will slow down analysis
  4  JC+I+G4       778.762      5   1567.524     1567.635     1589.037
WARNING: 2 threads for alignment length 10 will slow down analysis
  5  JC+R2         778.762      5   1567.524     1567.635     1589.037
WARNING: 2 threads for alignment length 10 will slow down analysis
  6  JC+R3         778.762      7   1571.524     1571.732     1601.642
WARNING: 2 threads for alignment length 10 will slow down analysis
 14  JC+I+R2       778.762      6   1569.524     1569.679     1595.339
WARNING: 2 threads for alignment length 10 will slow down analysis
 15  JC+I+R3       778.762      8   1573.524     1573.792     1607.945
WARNING: 2 threads for alignment length 10 will slow down analysis
 23  JC            778.762      3   1563.524     1563.568     1576.431
WARNING: 2 threads for alignment length 10 will slow down analysis
 24  JC+I          778.762      4   1565.524     1565.598     1582.734
WARNING: 2 threads for alignment length 10 will slow down analysis
 25  JC+G4         778.762      4   1565.524     1565.598     1582.734
WARNING: 2 threads for alignment length 10 will slow down analysis
 45  F81           778.762      3   1563.524     1563.568     1576.431
WARNING: 2 threads for alignment length 10 will slow down analysis
 46  F81+I         778.762      4   1565.524     1565.598     1582.734
WARNING: 2 threads for alignment length 10 will slow down analysis
 47  F81+G4        778.762      4   1565.524     1565.598     1582.734
WARNING: 2 threads for alignment length 10 will slow down analysis
 67  F81+F         775.016      6   1562.033     1562.189     1587.849
WARNING: 2 threads for alignment length 10 will slow down analysis
 68  F81+F+I       775.016      7   1564.033     1564.241     1594.151
WARNING: 2 threads for alignment length 10 will slow down analysis
 69  F81+F+G4      775.016      7   1564.033     1564.241     1594.151
WARNING: 2 threads for alignment length 10 will slow down analysis
 89  K2P           778.070      4   1564.139     1564.213     1581.350
WARNING: 2 threads for alignment length 10 will slow down analysis
 90  K2P+I         778.069      5   1566.139     1566.250     1587.652
WARNING: 2 threads for alignment length 10 will slow down analysis
 91  K2P+G4        778.069      5   1566.139     1566.250     1587.652
WARNING: 2 threads for alignment length 10 will slow down analysis
111  K2P           778.070      4   1564.139     1564.213     1581.350
WARNING: 2 threads for alignment length 10 will slow down analysis
112  K2P+I         778.069      5   1566.139     1566.250     1587.652
WARNING: 2 threads for alignment length 10 will slow down analysis
113  K2P+G4        778.069      5   1566.139     1566.250     1587.652
WARNING: 2 threads for alignment length 10 will slow down analysis
133  HKY           778.069      4   1564.139     1564.213     1581.349
WARNING: 2 threads for alignment length 10 will slow down analysis
134  HKY+I         778.069      5   1566.139     1566.250     1587.652
WARNING: 2 threads for alignment length 10 will slow down analysis
135  HKY+G4        778.069      5   1566.139     1566.250     1587.652
WARNING: 2 threads for alignment length 10 will slow down analysis
155  HKY+F         774.311      7   1562.622     1562.830     1592.740
WARNING: 2 threads for alignment length 10 will slow down analysis
156  HKY+F+I       774.311      8   1564.622     1564.890     1599.043
WARNING: 2 threads for alignment length 10 will slow down analysis
157  HKY+F+G4      774.311      8   1564.622     1564.890     1599.043
WARNING: 2 threads for alignment length 10 will slow down analysis
177  TNe           776.652      5   1563.305     1563.416     1584.818
WARNING: 2 threads for alignment length 10 will slow down analysis
178  TNe+I         776.652      6   1565.305     1565.461     1591.121
WARNING: 2 threads for alignment length 10 will slow down analysis
179  TNe+G4        776.652      6   1565.305     1565.461     1591.121
WARNING: 2 threads for alignment length 10 will slow down analysis
199  TNe           776.652      5   1563.305     1563.416     1584.818
WARNING: 2 threads for alignment length 10 will slow down analysis
200  TNe+I         776.652      6   1565.305     1565.461     1591.121
WARNING: 2 threads for alignment length 10 will slow down analysis
201  TNe+G4        776.652      6   1565.305     1565.461     1591.121
WARNING: 2 threads for alignment length 10 will slow down analysis
221  TN            776.652      5   1563.305     1563.416     1584.818
WARNING: 2 threads for alignment length 10 will slow down analysis
222  TN+I          776.652      6   1565.305     1565.461     1591.121
WARNING: 2 threads for alignment length 10 will slow down analysis
223  TN+G4         776.652      6   1565.305     1565.461     1591.121
WARNING: 2 threads for alignment length 10 will slow down analysis
243  TN+F          772.890      8   1561.781     1562.049     1596.202
WARNING: 2 threads for alignment length 10 will slow down analysis
244  TN+F+I        772.890      9   1563.781     1564.117     1602.504
WARNING: 2 threads for alignment length 10 will slow down analysis
245  TN+F+G4       772.890      9   1563.781     1564.117     1602.504
WARNING: 2 threads for alignment length 10 will slow down analysis
265  K3P           777.400      5   1564.799     1564.911     1586.312
WARNING: 2 threads for alignment length 10 will slow down analysis
266  K3P+I         777.400      6   1566.800     1566.956     1592.615
WARNING: 2 threads for alignment length 10 will slow down analysis
267  K3P+G4        777.400      6   1566.800     1566.956     1592.616
WARNING: 2 threads for alignment length 10 will slow down analysis
287  K3P           777.400      5   1564.799     1564.911     1586.312
WARNING: 2 threads for alignment length 10 will slow down analysis
288  K3P+I         777.400      6   1566.800     1566.956     1592.615
WARNING: 2 threads for alignment length 10 will slow down analysis
289  K3P+G4        777.400      6   1566.800     1566.956     1592.616
WARNING: 2 threads for alignment length 10 will slow down analysis
309  K3Pu          777.400      5   1564.800     1564.911     1586.313
WARNING: 2 threads for alignment length 10 will slow down analysis
310  K3Pu+I        777.400      6   1566.800     1566.956     1592.615
WARNING: 2 threads for alignment length 10 will slow down analysis
311  K3Pu+G4       777.400      6   1566.800     1566.956     1592.616
WARNING: 2 threads for alignment length 10 will slow down analysis
331  K3Pu+F        773.653      8   1563.305     1563.573     1597.726
WARNING: 2 threads for alignment length 10 will slow down analysis
332  K3Pu+F+I      773.653      9   1565.305     1565.641     1604.029
WARNING: 2 threads for alignment length 10 will slow down analysis
333  K3Pu+F+G4     773.653      9   1565.305     1565.641     1604.029
WARNING: 2 threads for alignment length 10 will slow down analysis
353  TPM2          777.434      5   1564.869     1564.980     1586.382
WARNING: 2 threads for alignment length 10 will slow down analysis
354  TPM2+I        777.434      6   1566.869     1567.025     1592.685
WARNING: 2 threads for alignment length 10 will slow down analysis
355  TPM2+G4       777.434      6   1566.869     1567.025     1592.685
WARNING: 2 threads for alignment length 10 will slow down analysis
375  TPM2          777.434      5   1564.869     1564.980     1586.382
WARNING: 2 threads for alignment length 10 will slow down analysis
376  TPM2+I        777.434      6   1566.869     1567.025     1592.685
WARNING: 2 threads for alignment length 10 will slow down analysis
377  TPM2+G4       777.434      6   1566.869     1567.025     1592.685
WARNING: 2 threads for alignment length 10 will slow down analysis
397  TPM2u         777.434      5   1564.869     1564.980     1586.382
WARNING: 2 threads for alignment length 10 will slow down analysis
398  TPM2u+I       777.434      6   1566.869     1567.025     1592.685
WARNING: 2 threads for alignment length 10 will slow down analysis
399  TPM2u+G4      777.434      6   1566.869     1567.025     1592.685
WARNING: 2 threads for alignment length 10 will slow down analysis
419  TPM2u+F       773.710      8   1563.421     1563.689     1597.841
WARNING: 2 threads for alignment length 10 will slow down analysis
420  TPM2u+F+I     773.710      9   1565.420     1565.756     1604.144
WARNING: 2 threads for alignment length 10 will slow down analysis
421  TPM2u+F+G4    773.710      9   1565.421     1565.756     1604.144
WARNING: 2 threads for alignment length 10 will slow down analysis
441  TPM3          777.540      5   1565.080     1565.191     1586.593
WARNING: 2 threads for alignment length 10 will slow down analysis
442  TPM3+I        777.541      6   1567.081     1567.237     1592.897
WARNING: 2 threads for alignment length 10 will slow down analysis
443  TPM3+G4       777.541      6   1567.081     1567.237     1592.897
WARNING: 2 threads for alignment length 10 will slow down analysis
463  TPM3          777.540      5   1565.080     1565.191     1586.593
WARNING: 2 threads for alignment length 10 will slow down analysis
464  TPM3+I        777.541      6   1567.081     1567.237     1592.897
WARNING: 2 threads for alignment length 10 will slow down analysis
465  TPM3+G4       777.541      6   1567.081     1567.237     1592.897
WARNING: 2 threads for alignment length 10 will slow down analysis
485  TPM3u         777.450      5   1564.900     1565.011     1586.413
WARNING: 2 threads for alignment length 10 will slow down analysis
486  TPM3u+I       777.449      6   1566.898     1567.054     1592.714
WARNING: 2 threads for alignment length 10 will slow down analysis
487  TPM3u+G4      777.449      6   1566.898     1567.053     1592.713
WARNING: 2 threads for alignment length 10 will slow down analysis
507  TPM3u+F       773.759      8   1563.518     1563.786     1597.939
WARNING: 2 threads for alignment length 10 will slow down analysis
508  TPM3u+F+I     773.758      9   1565.516     1565.851     1604.239
WARNING: 2 threads for alignment length 10 will slow down analysis
509  TPM3u+F+G4    773.757      9   1565.514     1565.850     1604.238
WARNING: 2 threads for alignment length 10 will slow down analysis
529  TIMe          776.003      6   1564.006     1564.162     1589.822
WARNING: 2 threads for alignment length 10 will slow down analysis
530  TIMe+I        776.003      7   1566.006     1566.214     1596.125
WARNING: 2 threads for alignment length 10 will slow down analysis
531  TIMe+G4       776.003      7   1566.006     1566.214     1596.125
WARNING: 2 threads for alignment length 10 will slow down analysis
551  TIMe          776.003      6   1564.006     1564.162     1589.822
WARNING: 2 threads for alignment length 10 will slow down analysis
552  TIMe+I        776.003      7   1566.006     1566.214     1596.125
WARNING: 2 threads for alignment length 10 will slow down analysis
553  TIMe+G4       776.003      7   1566.006     1566.214     1596.125
WARNING: 2 threads for alignment length 10 will slow down analysis
573  TIM           776.003      6   1564.006     1564.162     1589.822
WARNING: 2 threads for alignment length 10 will slow down analysis
574  TIM+I         776.003      7   1566.006     1566.214     1596.125
WARNING: 2 threads for alignment length 10 will slow down analysis
575  TIM+G4        776.003      7   1566.006     1566.214     1596.125
WARNING: 2 threads for alignment length 10 will slow down analysis
595  TIM+F         772.252      9   1562.504     1562.839     1601.227
WARNING: 2 threads for alignment length 10 will slow down analysis
596  TIM+F+I       772.252      10  1564.505     1564.916     1607.531
WARNING: 2 threads for alignment length 10 will slow down analysis
597  TIM+F+G4      772.253      10  1564.505     1564.916     1607.531
WARNING: 2 threads for alignment length 10 will slow down analysis
617  TIM2e         776.040      6   1564.079     1564.235     1589.895
WARNING: 2 threads for alignment length 10 will slow down analysis
618  TIM2e+I       776.040      7   1566.079     1566.288     1596.198
WARNING: 2 threads for alignment length 10 will slow down analysis
619  TIM2e+G4      776.040      7   1566.079     1566.288     1596.198
WARNING: 2 threads for alignment length 10 will slow down analysis
639  TIM2e         776.040      6   1564.079     1564.235     1589.895
WARNING: 2 threads for alignment length 10 will slow down analysis
640  TIM2e+I       776.040      7   1566.079     1566.288     1596.198
WARNING: 2 threads for alignment length 10 will slow down analysis
641  TIM2e+G4      776.040      7   1566.079     1566.288     1596.198
WARNING: 2 threads for alignment length 10 will slow down analysis
661  TIM2          776.040      6   1564.079     1564.235     1589.895
WARNING: 2 threads for alignment length 10 will slow down analysis
662  TIM2+I        776.040      7   1566.079     1566.288     1596.198
WARNING: 2 threads for alignment length 10 will slow down analysis
663  TIM2+G4       776.040      7   1566.079     1566.288     1596.198
WARNING: 2 threads for alignment length 10 will slow down analysis
683  TIM2+F        772.312      9   1562.625     1562.961     1601.349
WARNING: 2 threads for alignment length 10 will slow down analysis
684  TIM2+F+I      772.312      10  1564.624     1565.035     1607.650
WARNING: 2 threads for alignment length 10 will slow down analysis
685  TIM2+F+G4     772.314      10  1564.628     1565.040     1607.655
WARNING: 2 threads for alignment length 10 will slow down analysis
705  TIM3e         776.196      6   1564.392     1564.547     1590.207
WARNING: 2 threads for alignment length 10 will slow down analysis
706  TIM3e+I       776.030      7   1566.061     1566.269     1596.179
WARNING: 2 threads for alignment length 10 will slow down analysis
707  TIM3e+G4      776.030      7   1566.061     1566.269     1596.179
WARNING: 2 threads for alignment length 10 will slow down analysis
727  TIM3e         776.196      6   1564.392     1564.547     1590.207
WARNING: 2 threads for alignment length 10 will slow down analysis
728  TIM3e+I       776.030      7   1566.061     1566.269     1596.179
WARNING: 2 threads for alignment length 10 will slow down analysis
729  TIM3e+G4      776.030      7   1566.061     1566.269     1596.179
WARNING: 2 threads for alignment length 10 will slow down analysis
749  TIM3          776.030      6   1564.060     1564.216     1589.876
WARNING: 2 threads for alignment length 10 will slow down analysis
750  TIM3+I        776.030      7   1566.061     1566.269     1596.179
WARNING: 2 threads for alignment length 10 will slow down analysis
751  TIM3+G4       776.030      7   1566.061     1566.269     1596.179
WARNING: 2 threads for alignment length 10 will slow down analysis
771  TIM3+F        772.427      9   1562.853     1563.189     1601.577
WARNING: 2 threads for alignment length 10 will slow down analysis
772  TIM3+F+I      772.366      10  1564.732     1565.144     1607.758
WARNING: 2 threads for alignment length 10 will slow down analysis
773  TIM3+F+G4     772.419      10  1564.838     1565.249     1607.864
WARNING: 2 threads for alignment length 10 will slow down analysis
793  TVMe          776.874      7   1567.748     1567.956     1597.866
WARNING: 2 threads for alignment length 10 will slow down analysis
794  TVMe+I        776.849      8   1569.697     1569.965     1604.118
WARNING: 2 threads for alignment length 10 will slow down analysis
795  TVMe+G4       776.849      8   1569.697     1569.965     1604.118
WARNING: 2 threads for alignment length 10 will slow down analysis
815  TVMe          776.874      7   1567.748     1567.956     1597.866
WARNING: 2 threads for alignment length 10 will slow down analysis
816  TVMe+I        776.849      8   1569.697     1569.965     1604.118
WARNING: 2 threads for alignment length 10 will slow down analysis
817  TVMe+G4       776.849      8   1569.697     1569.965     1604.118
WARNING: 2 threads for alignment length 10 will slow down analysis
837  TVM           776.874      7   1567.748     1567.956     1597.866
WARNING: 2 threads for alignment length 10 will slow down analysis
838  TVM+I         776.849      8   1569.697     1569.965     1604.118
WARNING: 2 threads for alignment length 10 will slow down analysis
839  TVM+G4        776.849      8   1569.697     1569.965     1604.118
WARNING: 2 threads for alignment length 10 will slow down analysis
859  TVM+F         773.145      10  1566.290     1566.701     1609.316
WARNING: 2 threads for alignment length 10 will slow down analysis
860  TVM+F+I       773.146      11  1568.291     1568.786     1615.620
WARNING: 2 threads for alignment length 10 will slow down analysis
861  TVM+F+G4      773.147      11  1568.294     1568.789     1615.623
WARNING: 2 threads for alignment length 10 will slow down analysis
881  SYM           775.430      8   1566.861     1567.129     1601.282
WARNING: 2 threads for alignment length 10 will slow down analysis
882  SYM+I         775.400      9   1568.799     1569.135     1607.523
WARNING: 2 threads for alignment length 10 will slow down analysis
883  SYM+G4        775.398      9   1568.796     1569.132     1607.520
WARNING: 2 threads for alignment length 10 will slow down analysis
903  SYM           775.430      8   1566.861     1567.129     1601.282
WARNING: 2 threads for alignment length 10 will slow down analysis
904  SYM+I         775.400      9   1568.799     1569.135     1607.523
WARNING: 2 threads for alignment length 10 will slow down analysis
905  SYM+G4        775.398      9   1568.796     1569.132     1607.520
WARNING: 2 threads for alignment length 10 will slow down analysis
925  GTR           775.406      8   1566.813     1567.081     1601.233
WARNING: 2 threads for alignment length 10 will slow down analysis
926  GTR+I         775.399      9   1568.797     1569.133     1607.521
WARNING: 2 threads for alignment length 10 will slow down analysis
927  GTR+G4        775.398      9   1568.796     1569.132     1607.520
WARNING: 2 threads for alignment length 10 will slow down analysis
947  GTR+F         771.794      11  1565.588     1566.083     1612.917
WARNING: 2 threads for alignment length 10 will slow down analysis
948  GTR+F+I       771.813      12  1567.626     1568.211     1619.257
WARNING: 2 threads for alignment length 10 will slow down analysis
949  GTR+F+G4      771.736      12  1567.473     1568.058     1619.104
Akaike Information Criterion:           TN+F
Corrected Akaike Information Criterion: TN+F
Bayesian Information Criterion:         JC
Best-fit model: JC chosen according to BIC

All model information printed to data/packages/ITS/Afrocastellanoa/ref.model.gz
CPU time for ModelFinder: 155.639 seconds (0h:2m:35s)
Wall-clock time for ModelFinder: 167.453 seconds (0h:2m:47s)
Generating 1000 samples for ultrafast bootstrap (seed: 895020)...
WARNING: 2 threads for alignment length 10 will slow down analysis
ERROR: It makes no sense to perform bootstrap with less than 4 sequences.
