IQ-TREE version 3.0.1 for Linux x86 64-bit built May  5 2025
Developed by Bui Quang Minh, Thomas Wong, Nhan Ly-Trong, Huaiyan Ren
Contributed by Lam-Tung Nguyen, Dominik Schrempf, Chris Bielow,
Olga Chernomor, Michael Woodhams, Diep Thi Hoang, Heiko Schmidt

Host:    lnx820.umnh.utah.edu (AVX2, FMA3, 865 GB RAM)
Command: /home/bdentinger/iqtree-3.0.1-Linux/bin/iqtree3_intel -s data/packages/ITS/Heimioporus/aln.masked.fasta -m MFP -bb 1000 -nt AUTO -pre data/packages/ITS/Heimioporus/ref
Seed:    194154 (Using SPRNG - Scalable Parallel Random Number Generator)
Time:    Mon Aug 18 17:49:00 2025
Kernel:  AVX+FMA - auto-detect threads (72 CPU cores detected)

Reading alignment file data/packages/ITS/Heimioporus/aln.masked.fasta ... Fasta format detected
Reading fasta file: done in 0.000772092 secs using 95.97% CPU
Alignment most likely contains DNA/RNA sequences
Constructing alignment: done in 0.00113997 secs using 99.92% CPU
Alignment has 38 sequences with 700 columns, 384 distinct patterns
183 parsimony-informative, 185 singleton sites, 332 constant sites
                                   Gap/Ambiguity  Composition  p-value
Analyzing sequences: done in 7.70073e-05 secs using 98.69% CPU
   1  kun_hkas132786|ITS|PP382452.1        0.00%    passed     97.96%
   2  sd_201|ITS|PQ804887.1                1.71%    passed     93.50%
   3  bo24642|ITS|PQ220248.1              16.29%    passed     89.97%
   4  sl2141|ITS|OR636165.1               16.29%    passed     87.26%
   5  oms_029|ITS|LC667058.1               7.86%    passed     92.08%
   6  hkas122685|ITS|ON794431.1            2.00%    passed     75.28%
   7  hkas122501|ITS|ON794331.1           21.71%    passed     26.73%
   8  hkas122500|ITS|ON794330.1            0.00%    passed     81.22%
   9  hkas122368|ITS|ON794255.1            0.00%    passed     83.85%
  10  hkas111748|ITS|ON794228.1            0.00%    passed     77.13%
  11  ba16|ITS|LC483904.1                 18.00%    passed     42.66%
  12  jy2021_8_18_4|ITS|OL998840.1         0.00%    passed     81.22%
  13  ymf5.0056|ITS|MW893258.1             0.00%    passed     98.58%
  14  gdgm44447|ITS|MN202582.1             0.29%    passed     68.99%
  15  gdgm44783|ITS|MN202581.1             0.29%    passed     63.32%
  16  mhhnu_30645|ITS|MK253768.1           8.29%    passed     92.90%
  17  n.k._zeng3023|ITS|MF962408.1         0.00%    passed     83.85%
  18  n.k._zeng2793|ITS|MF962407.1         0.00%    passed     83.85%
  19  n.k._zeng2786|ITS|MF962406.1         0.00%    passed     83.85%
  20  n.k._zeng1566|ITS|MF962405.1        67.86%    passed     17.82%
  21  n.k._zeng1335|ITS|MF962404.1         0.00%    passed     83.85%
  22  n.k._zeng1329|ITS|MF962403.1        31.71%    passed     86.11%
  23  lancang_y.j._hao84|ITS|MF962402.1    0.00%    passed     83.85%
  24  n.k._zeng2864_1|ITS|MF962401.1       0.00%    passed     99.75%
  25  n.k._zeng2864|ITS|MF962400.1        65.14%    passed     71.50%
  26  n.k._zeng2792|ITS|MF962399.1         0.00%    passed     99.75%
  27  n.k._zeng2791|ITS|MF962398.1         9.57%    passed     90.49%
  28  n.k._zeng2790|ITS|MF962397.1         0.00%    passed     99.75%
  29  n.k._zeng2788|ITS|MF962396.1        65.14%    passed     71.50%
  30  n.k._zeng2787|ITS|MF962395.1         0.00%    passed     99.75%
  31  z.l._yang5901|ITS|MF962394.1         0.00%    passed     99.75%
  32  n.k.zeng3109|ITS|MH241052.1          3.43%    passed     87.63%
  33  HE817963.1|ITS|HE817963.1           41.14%    passed     73.09%
  34  1178|ITS|HE814079.1                  0.29%    passed     56.88%
  35  cmub39822|ITS|KX575659.1            44.43%    passed     57.54%
  36  ap1|ITS|KU372649.1                  44.00%    passed     17.43%
  37  ap1|ITS|KR061493.1                   8.00%    passed     72.51%
  38  korean_sample_k19|ITS|AF438575.2    63.29%    passed     12.26%
WARNING: 4 sequences contain more than 50% gaps/ambiguity
****  TOTAL                               14.12%  0 sequences failed composition chi2 test (p-value<5%; df=3)
NOTE: n.k._zeng3023|ITS|MF962408.1 is identical to hkas122368|ITS|ON794255.1 but kept for subsequent analysis
NOTE: n.k._zeng2792|ITS|MF962399.1 is identical to n.k._zeng2864_1|ITS|MF962401.1 but kept for subsequent analysis
NOTE: n.k._zeng2788|ITS|MF962396.1 is identical to n.k._zeng2864|ITS|MF962400.1 but kept for subsequent analysis
Checking for duplicate sequences: done in 0.000218501 secs using 33.41% CPU
Identifying sites to remove: done in 0.000658972 secs using 71.17% CPU
NOTE: 6 identical sequences (see below) will be ignored for subsequent analysis
NOTE: n.k._zeng2793|ITS|MF962407.1 (identical to hkas122368|ITS|ON794255.1) is ignored but added at the end
NOTE: n.k._zeng2786|ITS|MF962406.1 (identical to hkas122368|ITS|ON794255.1) is ignored but added at the end
NOTE: lancang_y.j._hao84|ITS|MF962402.1 (identical to hkas122368|ITS|ON794255.1) is ignored but added at the end
NOTE: n.k._zeng2790|ITS|MF962397.1 (identical to n.k._zeng2864_1|ITS|MF962401.1) is ignored but added at the end
NOTE: n.k._zeng2787|ITS|MF962395.1 (identical to n.k._zeng2864_1|ITS|MF962401.1) is ignored but added at the end
NOTE: z.l._yang5901|ITS|MF962394.1 (identical to n.k._zeng2864_1|ITS|MF962401.1) is ignored but added at the end
Alignment was printed to data/packages/ITS/Heimioporus/ref.uniqueseq.phy

For your convenience alignment with unique sequences printed to data/packages/ITS/Heimioporus/ref.uniqueseq.phy


Create initial parsimony tree by phylogenetic likelihood library (PLL)... 0.005 seconds
Measuring multi-threading efficiency up to 72 CPU cores
Increase to 10 rounds for branch lengths
1934 trees examined
Threads: 1 / Time: 72.008 sec / Speedup: 1.000 / Efficiency: 100% / LogL: -5239
Threads: 2 / Time: 59.781 sec / Speedup: 1.205 / Efficiency: 60% / LogL: -5239
Threads: 3 / Time: 50.172 sec / Speedup: 1.435 / Efficiency: 48% / LogL: -5239
Determining AUTO threadcount: done in 181.963 secs using 176% CPU
BEST NUMBER OF THREADS: 2

Perform fast likelihood tree search using GTR+I+G model...
Estimate model parameters (epsilon = 5.000)
Perform nearest neighbor interchange...
Optimizing NNI: done in 0.068261 secs using 195% CPU
Estimate model parameters (epsilon = 1.000)
1. Initial log-likelihood: -3499.463
Optimal log-likelihood: -3499.382
Rate parameters:  A-C: 1.24091  A-G: 3.86337  A-T: 1.09391  C-G: 1.06272  C-T: 3.58648  G-T: 1.00000
Base frequencies:  A: 0.242  C: 0.226  G: 0.239  T: 0.293
Proportion of invariable sites: 0.229
Gamma shape alpha: 1.091
Parameters optimization took 1 rounds (0.017 sec)
Time for fast ML tree search: 0.127 seconds

NOTE: ModelFinder requires 5 MB RAM!
ModelFinder will test up to 968 DNA models (sample size: 700 epsilon: 0.100) ...
 No. Model         -LnL         df  AIC          AICc         BIC
  1  JC            3643.935     61  7409.870     7421.726     7687.486
  2  JC+I          3589.023     62  7302.045     7314.309     7584.212
  3  JC+G4         3574.435     62  7272.869     7285.133     7555.036
  4  JC+I+G4       3575.697     63  7277.395     7290.074     7564.113
  5  JC+R2         3572.585     63  7271.171     7283.850     7557.889
  6  JC+R3         3572.105     65  7274.210     7287.743     7570.030
 14  JC+I+R2       3571.579     64  7271.158     7284.261     7562.428
 15  JC+I+R3       3571.437     66  7274.874     7288.846     7575.246
 25  JC+G4         3574.435     62  7272.869     7285.133     7555.036
 26  JC+I+G4       3575.697     63  7277.395     7290.074     7564.113
 27  JC+R2         3572.585     63  7271.171     7283.850     7557.889
 36  JC+I+R2       3571.579     64  7271.158     7284.261     7562.428
 47  F81+G4        3574.424     62  7272.847     7285.111     7555.014
 48  F81+I+G4      3575.646     63  7277.291     7289.971     7564.009
 49  F81+R2        3572.523     63  7271.047     7283.726     7557.765
 58  F81+I+R2      3571.527     64  7271.054     7284.157     7562.323
 69  F81+F+G4      3568.913     65  7267.826     7281.359     7563.646
 70  F81+F+I+G4    3569.951     66  7271.903     7285.874     7572.274
 71  F81+F+R2      3567.364     66  7266.727     7280.699     7567.099
 80  F81+F+I+R2    3566.111     67  7266.221     7280.639     7571.144
 91  K2P+G4        3507.550     63  7141.101     7153.780     7427.819
 92  K2P+I+G4      3507.694     64  7143.388     7156.490     7434.657
 93  K2P+R2        3508.158     64  7144.315     7157.417     7435.584
102  K2P+I+R2      3505.462     65  7140.924     7154.457     7436.745
113  K2P+G4        3507.550     63  7141.101     7153.780     7427.819
114  K2P+I+G4      3507.694     64  7143.388     7156.490     7434.657
115  K2P+R2        3508.158     64  7144.315     7157.417     7435.584
124  K2P+I+R2      3505.462     65  7140.924     7154.457     7436.745
135  HKY+G4        3507.505     63  7141.010     7153.689     7427.728
136  HKY+I+G4      3507.703     64  7143.405     7156.508     7434.674
137  HKY+R2        3508.147     64  7144.294     7157.396     7435.563
146  HKY+I+R2      3505.335     65  7140.670     7154.203     7436.490
157  HKY+F+G4      3499.746     66  7131.492     7145.463     7431.863
158  HKY+F+I+G4    3499.722     67  7133.445     7147.863     7438.367
159  HKY+F+R2      3500.883     67  7135.766     7150.183     7440.688
168  HKY+F+I+R2    3496.740     68  7129.480     7144.352     7438.954
179  TNe+G4        3507.517     64  7143.034     7156.137     7434.303
180  TNe+I+G4      3507.687     65  7145.374     7158.907     7441.194
181  TNe+R2        3508.126     65  7146.251     7159.784     7442.072
190  TNe+I+R2      3504.742     66  7141.483     7155.455     7441.854
201  TNe+G4        3507.517     64  7143.034     7156.137     7434.303
202  TNe+I+G4      3507.687     65  7145.374     7158.907     7441.194
203  TNe+R2        3508.126     65  7146.251     7159.784     7442.072
212  TNe+I+R2      3504.742     66  7141.483     7155.455     7441.854
223  TN+G4         3507.504     64  7143.008     7156.110     7434.277
224  TN+I+G4       3507.690     65  7145.379     7158.912     7441.199
225  TN+R2         3508.123     65  7146.247     7159.780     7442.067
234  TN+I+R2       3504.684     66  7141.368     7155.339     7441.739
245  TN+F+G4       3499.623     67  7133.246     7147.664     7438.169
246  TN+F+I+G4     3499.582     68  7135.163     7150.035     7444.636
247  TN+F+R2       3500.856     68  7137.713     7152.584     7447.186
256  TN+F+I+R2     3496.478     69  7130.955     7146.289     7444.980
267  K3P+G4        3507.512     64  7143.025     7156.127     7434.294
268  K3P+I+G4      3507.680     65  7145.361     7158.894     7441.181
269  K3P+R2        3508.138     65  7146.275     7159.808     7442.095
278  K3P+I+R2      3505.191     66  7142.382     7156.353     7442.753
289  K3P+G4        3507.512     64  7143.025     7156.127     7434.294
290  K3P+I+G4      3507.680     65  7145.361     7158.894     7441.181
291  K3P+R2        3508.138     65  7146.275     7159.808     7442.095
300  K3P+I+R2      3505.191     66  7142.382     7156.353     7442.753
311  K3Pu+G4       3507.504     64  7143.009     7156.111     7434.278
312  K3Pu+I+G4     3507.688     65  7145.376     7158.909     7441.196
313  K3Pu+R2       3508.137     65  7146.274     7159.808     7442.095
322  K3Pu+I+R2     3505.073     66  7142.147     7156.118     7442.518
333  K3Pu+F+G4     3499.720     67  7133.439     7147.857     7438.361
334  K3Pu+F+I+G4   3499.708     68  7135.416     7150.287     7444.889
335  K3Pu+F+R2     3500.881     68  7137.761     7152.633     7447.235
344  K3Pu+F+I+R2   3496.553     69  7131.105     7146.438     7445.130
355  TPM2+G4       3507.236     64  7142.473     7155.575     7433.742
356  TPM2+I+G4     3507.407     65  7144.813     7158.347     7440.634
357  TPM2+R2       3507.806     65  7145.613     7159.146     7441.433
366  TPM2+I+R2     3504.863     66  7141.726     7155.697     7442.097
377  TPM2+G4       3507.236     64  7142.473     7155.575     7433.742
378  TPM2+I+G4     3507.407     65  7144.813     7158.347     7440.634
379  TPM2+R2       3507.806     65  7145.613     7159.146     7441.433
388  TPM2+I+R2     3504.863     66  7141.726     7155.697     7442.097
399  TPM2u+G4      3507.227     64  7142.455     7155.557     7433.724
400  TPM2u+I+G4    3507.420     65  7144.841     7158.374     7440.661
401  TPM2u+R2      3507.805     65  7145.610     7159.143     7441.430
410  TPM2u+I+R2    3504.744     66  7141.488     7155.459     7441.859
421  TPM2u+F+G4    3499.497     67  7132.994     7147.412     7437.917
422  TPM2u+F+I+G4  3499.496     68  7134.992     7149.864     7444.466
423  TPM2u+F+R2    3500.599     68  7137.198     7152.070     7446.672
432  TPM2u+F+I+R2  3496.253     69  7130.507     7145.840     7444.532
443  TPM3+G4       3507.157     64  7142.314     7155.417     7433.584
444  TPM3+I+G4     3507.389     65  7144.778     7158.311     7440.598
445  TPM3+R2       3507.514     65  7145.027     7158.560     7440.848
454  TPM3+I+R2     3504.855     66  7141.711     7155.682     7442.082
465  TPM3+G4       3507.157     64  7142.314     7155.417     7433.584
466  TPM3+I+G4     3507.389     65  7144.778     7158.311     7440.598
467  TPM3+R2       3507.514     65  7145.027     7158.560     7440.848
476  TPM3+I+R2     3504.855     66  7141.711     7155.682     7442.082
487  TPM3u+G4      3507.149     64  7142.299     7155.401     7433.568
488  TPM3u+I+G4    3507.402     65  7144.805     7158.338     7440.625
489  TPM3u+R2      3507.513     65  7145.026     7158.560     7440.847
498  TPM3u+I+R2    3504.765     66  7141.530     7155.502     7441.902
509  TPM3u+F+G4    3499.636     67  7133.272     7147.690     7438.195
510  TPM3u+F+I+G4  3499.553     68  7135.105     7149.977     7444.579
511  TPM3u+F+R2    3500.880     68  7137.760     7152.632     7447.233
520  TPM3u+F+I+R2  3496.363     69  7130.725     7146.058     7444.750
531  TIMe+G4       3507.517     65  7145.034     7158.568     7440.855
532  TIMe+I+G4     3507.631     66  7147.263     7161.234     7447.634
533  TIMe+R2       3508.118     66  7148.235     7162.207     7448.607
542  TIMe+I+R2     3504.554     67  7143.107     7157.525     7448.030
553  TIMe+G4       3507.517     65  7145.034     7158.568     7440.855
554  TIMe+I+G4     3507.631     66  7147.263     7161.234     7447.634
555  TIMe+R2       3508.118     66  7148.235     7162.207     7448.607
564  TIMe+I+R2     3504.554     67  7143.107     7157.525     7448.030
575  TIM+G4        3507.505     65  7145.010     7158.543     7440.830
576  TIM+I+G4      3507.633     66  7147.266     7161.238     7447.637
577  TIM+R2        3508.115     66  7148.231     7162.202     7448.602
586  TIM+I+R2      3504.546     67  7143.093     7157.510     7448.015
597  TIM+F+G4      3499.621     68  7135.243     7150.115     7444.716
598  TIM+F+I+G4    3499.581     69  7137.162     7152.495     7451.186
599  TIM+F+R2      3500.850     69  7139.699     7155.033     7453.724
608  TIM+F+I+R2    3496.293     70  7132.585     7148.388     7451.161
619  TIM2e+G4      3507.245     65  7144.490     7158.023     7440.311
620  TIM2e+I+G4    3507.403     66  7146.805     7160.777     7447.177
621  TIM2e+R2      3507.792     66  7147.585     7161.556     7447.956
630  TIM2e+I+R2    3504.152     67  7142.303     7156.721     7447.226
641  TIM2e+G4      3507.245     65  7144.490     7158.023     7440.311
642  TIM2e+I+G4    3507.403     66  7146.805     7160.777     7447.177
643  TIM2e+R2      3507.792     66  7147.585     7161.556     7447.956
652  TIM2e+I+R2    3504.152     67  7142.303     7156.721     7447.226
663  TIM2+G4       3507.229     65  7144.458     7157.991     7440.279
664  TIM2+I+G4     3507.402     66  7146.804     7160.776     7447.175
665  TIM2+R2       3507.789     66  7147.579     7161.550     7447.950
674  TIM2+I+R2     3504.124     67  7142.249     7156.666     7447.171
685  TIM2+F+G4     3499.394     68  7134.788     7149.660     7444.262
686  TIM2+F+I+G4   3499.331     69  7136.662     7151.995     7450.687
687  TIM2+F+R2     3500.566     69  7139.132     7154.466     7453.157
696  TIM2+F+I+R2   3496.020     70  7132.041     7147.844     7450.617
707  TIM3e+G4      3507.165     65  7144.330     7157.863     7440.150
708  TIM3e+I+G4    3507.347     66  7146.694     7160.665     7447.065
709  TIM3e+R2      3507.498     66  7146.997     7160.968     7447.368
718  TIM3e+I+R2    3504.293     67  7142.585     7157.003     7447.508
729  TIM3e+G4      3507.165     65  7144.330     7157.863     7440.150
730  TIM3e+I+G4    3507.347     66  7146.694     7160.665     7447.065
731  TIM3e+R2      3507.498     66  7146.997     7160.968     7447.368
740  TIM3e+I+R2    3504.293     67  7142.585     7157.003     7447.508
751  TIM3+G4       3507.149     65  7144.298     7157.832     7440.119
752  TIM3+I+G4     3507.350     66  7146.700     7160.672     7447.071
753  TIM3+R2       3507.495     66  7146.990     7160.961     7447.361
762  TIM3+I+R2     3504.284     67  7142.568     7156.986     7447.491
773  TIM3+F+G4     3499.541     68  7135.082     7149.954     7444.556
774  TIM3+F+I+G4   3499.424     69  7136.849     7152.182     7450.873
775  TIM3+F+R2     3500.849     69  7139.699     7155.032     7453.723
784  TIM3+F+I+R2   3496.149     70  7132.298     7148.101     7450.874
795  TVMe+G4       3506.879     66  7145.758     7159.730     7446.129
796  TVMe+I+G4     3507.065     67  7148.130     7162.547     7453.052
797  TVMe+R2       3507.168     67  7148.336     7162.754     7453.258
806  TVMe+I+R2     3503.925     68  7143.851     7158.722     7453.324
817  TVMe+G4       3506.879     66  7145.758     7159.730     7446.129
818  TVMe+I+G4     3507.065     67  7148.130     7162.547     7453.052
819  TVMe+R2       3507.168     67  7148.336     7162.754     7453.258
828  TVMe+I+R2     3503.925     68  7143.851     7158.722     7453.324
839  TVM+G4        3506.860     66  7145.721     7159.692     7446.092
840  TVM+I+G4      3507.065     67  7148.131     7162.549     7453.053
841  TVM+R2        3507.165     67  7148.329     7162.747     7453.252
850  TVM+I+R2      3503.918     68  7143.836     7158.707     7453.309
861  TVM+F+G4      3499.400     69  7136.800     7152.133     7450.824
862  TVM+F+I+G4    3499.321     70  7138.641     7154.444     7457.217
863  TVM+F+R2      3500.594     70  7141.188     7156.990     7459.763
872  TVM+F+I+R2    3495.933     71  7133.865     7150.145     7456.992
883  SYM+G4        3506.870     67  7147.741     7162.159     7452.663
884  SYM+I+G4      3507.046     68  7150.093     7164.964     7459.566
885  SYM+R2        3507.146     68  7150.292     7165.164     7459.766
894  SYM+I+R2      3503.907     69  7145.814     7161.147     7459.839
905  SYM+G4        3506.870     67  7147.741     7162.159     7452.663
906  SYM+I+G4      3507.046     68  7150.093     7164.964     7459.566
907  SYM+R2        3507.146     68  7150.292     7165.164     7459.766
916  SYM+I+R2      3503.907     69  7145.814     7161.147     7459.839
927  GTR+G4        3506.859     67  7147.718     7162.135     7452.640
928  GTR+I+G4      3507.046     68  7150.092     7164.964     7459.566
929  GTR+R2        3507.143     68  7150.287     7165.159     7459.760
938  GTR+I+R2      3503.902     69  7145.805     7161.138     7459.829
949  GTR+F+G4      3499.316     70  7138.631     7154.434     7457.207
950  GTR+F+I+G4    3499.199     71  7140.399     7156.679     7463.525
951  GTR+F+R2      3500.562     71  7143.123     7159.403     7466.250
960  GTR+F+I+R2    3495.733     72  7135.466     7152.231     7463.143
Akaike Information Criterion:           HKY+F+I+R2
Corrected Akaike Information Criterion: HKY+F+I+R2
Bayesian Information Criterion:         HKY+G4
Best-fit model: HKY+G4 chosen according to BIC

All model information printed to data/packages/ITS/Heimioporus/ref.model.gz
CPU time for ModelFinder: 327.078 seconds (0h:5m:27s)
Wall-clock time for ModelFinder: 185.438 seconds (0h:3m:5s)
Generating 1000 samples for ultrafast bootstrap (seed: 194154)...

NOTE: 3 MB RAM (0 GB) is required!
Estimate model parameters (epsilon = 0.100)
1. Initial log-likelihood: -3500.015
2. Current log-likelihood: -3499.741
Optimal log-likelihood: -3499.717
Rate parameters:  A-C: 1.00000  A-G: 3.34607  A-T: 1.00000  C-G: 1.00000  C-T: 3.34607  G-T: 1.00000
Base frequencies:  A: 0.242  C: 0.226  G: 0.239  T: 0.293
Gamma shape alpha: 0.552
Parameters optimization took 2 rounds (0.015 sec)
Wrote distance file to... 
Computing ML distances based on estimated model parameters...
Calculating distance matrix: done in 0.00228855 secs using 226.3% CPU
Computing ML distances took 0.002423 sec (of wall-clock time) 0.005320 sec (of CPU time)
Setting up auxiliary I and S matrices: done in 7.17305e-05 secs using 96.19% CPU
Constructing RapidNJ tree: done in 0.00023073 secs using 97.95% CPU
Computing RapidNJ tree took 0.000385 sec (of wall-clock time) 0.000380 sec (of CPU time)
Log-likelihood of RapidNJ tree: -3577.235
--------------------------------------------------------------------
|             INITIALIZING CANDIDATE TREE SET                      |
--------------------------------------------------------------------
Generating 98 parsimony trees... 0.261 second
Computing log-likelihood of 98 initial trees ... 0.287 seconds
Current best score: -3499.717

Do NNI search on 20 best initial trees
Optimizing NNI: done in 0.0167165 secs using 189.4% CPU
Estimate model parameters (epsilon = 0.100)
BETTER TREE FOUND at iteration 1: -3499.713
Optimizing NNI: done in 0.131191 secs using 196.5% CPU
BETTER TREE FOUND at iteration 2: -3499.703
Optimizing NNI: done in 0.11778 secs using 196.5% CPU
Optimizing NNI: done in 0.120269 secs using 197.8% CPU
Optimizing NNI: done in 0.120582 secs using 195.9% CPU
BETTER TREE FOUND at iteration 5: -3499.702
Optimizing NNI: done in 0.133955 secs using 196.7% CPU
Optimizing NNI: done in 0.086167 secs using 193.7% CPU
Estimate model parameters (epsilon = 0.100)
BETTER TREE FOUND at iteration 7: -3497.981
Optimizing NNI: done in 0.101897 secs using 196.8% CPU
Optimizing NNI: done in 0.101382 secs using 195.4% CPU
Optimizing NNI: done in 0.0794328 secs using 196.6% CPU
Iteration 10 / LogL: -3498.001 / Time: 0h:3m:7s
Optimizing NNI: done in 0.0993831 secs using 193.3% CPU
Optimizing NNI: done in 0.0857965 secs using 197.6% CPU
Optimizing NNI: done in 0.0884787 secs using 196.9% CPU
Optimizing NNI: done in 0.0865274 secs using 194.4% CPU
Optimizing NNI: done in 0.0940165 secs using 195.4% CPU
Optimizing NNI: done in 0.086379 secs using 196.9% CPU
Optimizing NNI: done in 0.0863597 secs using 196.9% CPU
Optimizing NNI: done in 0.101635 secs using 197.1% CPU
Optimizing NNI: done in 0.0982353 secs using 195.4% CPU
Optimizing NNI: done in 0.100578 secs using 200.1% CPU
Iteration 20 / LogL: -3498.000 / Time: 0h:3m:8s
Finish initializing candidate tree set (17)
Current best tree score: -3497.981 / CPU time: 2.522
Number of iterations: 20
--------------------------------------------------------------------
|               OPTIMIZING CANDIDATE TREE SET                      |
--------------------------------------------------------------------
Optimizing NNI: done in 0.118988 secs using 195.5% CPU
Optimizing NNI: done in 0.0637264 secs using 198% CPU
Optimizing NNI: done in 0.100378 secs using 194.3% CPU
Optimizing NNI: done in 0.0902073 secs using 195.9% CPU
Optimizing NNI: done in 0.0615786 secs using 199.8% CPU
Optimizing NNI: done in 0.0797466 secs using 195% CPU
Optimizing NNI: done in 0.100398 secs using 197% CPU
UPDATE BEST LOG-LIKELIHOOD: -3497.981
Optimizing NNI: done in 0.112172 secs using 195.1% CPU
Optimizing NNI: done in 0.101674 secs using 196% CPU
Optimizing NNI: done in 0.121504 secs using 191.5% CPU
Iteration 30 / LogL: -3498.475 / Time: 0h:3m:9s (0h:0m:9s left)
Optimizing NNI: done in 0.0920401 secs using 195.3% CPU
Optimizing NNI: done in 0.0699083 secs using 198.4% CPU
Optimizing NNI: done in 0.0956696 secs using 194.8% CPU
Optimizing NNI: done in 0.0945676 secs using 197% CPU
Optimizing NNI: done in 0.129173 secs using 188.3% CPU
Optimizing NNI: done in 0.0791246 secs using 198.1% CPU
Optimizing NNI: done in 0.135823 secs using 196.1% CPU
Optimizing NNI: done in 0.0775039 secs using 190.1% CPU
Optimizing NNI: done in 0.0778603 secs using 193.2% CPU
Optimizing NNI: done in 0.0875857 secs using 199% CPU
Iteration 40 / LogL: -3502.035 / Time: 0h:3m:10s (0h:0m:7s left)
Optimizing NNI: done in 0.10055 secs using 192.9% CPU
Optimizing NNI: done in 0.111139 secs using 195% CPU
Optimizing NNI: done in 0.104003 secs using 194.9% CPU
Optimizing NNI: done in 0.071296 secs using 192.2% CPU
Optimizing NNI: done in 0.0783412 secs using 197.3% CPU
Optimizing NNI: done in 0.110323 secs using 194% CPU
Optimizing NNI: done in 0.107334 secs using 194.7% CPU
Optimizing NNI: done in 0.127418 secs using 193.1% CPU
Optimizing NNI: done in 0.12146 secs using 195.9% CPU
Optimizing NNI: done in 0.0847163 secs using 195.3% CPU
Iteration 50 / LogL: -3497.982 / Time: 0h:3m:11s (0h:0m:6s left)
Log-likelihood cutoff on original alignment: -3516.747
Optimizing NNI: done in 0.11778 secs using 197.9% CPU
Optimizing NNI: done in 0.0788572 secs using 198.5% CPU
Optimizing NNI: done in 0.0729103 secs using 191% CPU
Optimizing NNI: done in 0.0969776 secs using 197.7% CPU
Optimizing NNI: done in 0.109576 secs using 196.3% CPU
Optimizing NNI: done in 0.0646212 secs using 193.8% CPU
Optimizing NNI: done in 0.112594 secs using 192.7% CPU
Optimizing NNI: done in 0.122887 secs using 192.1% CPU
Optimizing NNI: done in 0.0931207 secs using 199.5% CPU
Optimizing NNI: done in 0.0936826 secs using 194.2% CPU
Iteration 60 / LogL: -3497.983 / Time: 0h:3m:12s (0h:0m:5s left)
Optimizing NNI: done in 0.118853 secs using 195.6% CPU
Optimizing NNI: done in 0.0833988 secs using 197.9% CPU
Optimizing NNI: done in 0.0826674 secs using 198.9% CPU
Optimizing NNI: done in 0.0762426 secs using 193.8% CPU
Optimizing NNI: done in 0.112262 secs using 194.1% CPU
Optimizing NNI: done in 0.154967 secs using 197.8% CPU
Optimizing NNI: done in 0.100615 secs using 195.9% CPU
Optimizing NNI: done in 0.127531 secs using 192% CPU
Optimizing NNI: done in 0.0688388 secs using 196.4% CPU
Optimizing NNI: done in 0.0903878 secs using 193.8% CPU
Iteration 70 / LogL: -3497.982 / Time: 0h:3m:13s (0h:0m:4s left)
Optimizing NNI: done in 0.0965901 secs using 197% CPU
Optimizing NNI: done in 0.111536 secs using 194.7% CPU
Optimizing NNI: done in 0.0982443 secs using 196.4% CPU
Optimizing NNI: done in 0.110435 secs using 197.5% CPU
Optimizing NNI: done in 0.0581151 secs using 193.5% CPU
UPDATE BEST LOG-LIKELIHOOD: -3497.981
Optimizing NNI: done in 0.0930151 secs using 198.1% CPU
Optimizing NNI: done in 0.108318 secs using 192% CPU
Optimizing NNI: done in 0.121383 secs using 195.3% CPU
Optimizing NNI: done in 0.0796233 secs using 195.2% CPU
Optimizing NNI: done in 0.0934863 secs using 194.9% CPU
Iteration 80 / LogL: -3497.984 / Time: 0h:3m:14s (0h:0m:3s left)
Optimizing NNI: done in 0.11526 secs using 196% CPU
Optimizing NNI: done in 0.107327 secs using 188.7% CPU
Optimizing NNI: done in 0.109319 secs using 196.3% CPU
Optimizing NNI: done in 0.11074 secs using 194.5% CPU
Optimizing NNI: done in 0.114759 secs using 198.2% CPU
Optimizing NNI: done in 0.231405 secs using 195.1% CPU
Optimizing NNI: done in 0.0818269 secs using 198.6% CPU
Optimizing NNI: done in 0.0858675 secs using 196.1% CPU
Optimizing NNI: done in 0.0995271 secs using 196.7% CPU
Optimizing NNI: done in 0.0660983 secs using 198.9% CPU
Iteration 90 / LogL: -3499.468 / Time: 0h:3m:15s (0h:0m:1s left)
Optimizing NNI: done in 0.0446135 secs using 196.1% CPU
Optimizing NNI: done in 0.099112 secs using 194.5% CPU
Optimizing NNI: done in 0.0446792 secs using 189.2% CPU
Optimizing NNI: done in 0.102101 secs using 196.7% CPU
Optimizing NNI: done in 0.11476 secs using 196.4% CPU
Optimizing NNI: done in 0.15346 secs using 194.8% CPU
Optimizing NNI: done in 0.116806 secs using 194.7% CPU
Optimizing NNI: done in 0.0997564 secs using 194% CPU
Optimizing NNI: done in 0.103835 secs using 192.8% CPU
Optimizing NNI: done in 0.117997 secs using 196.3% CPU
Iteration 100 / LogL: -3497.985 / Time: 0h:3m:16s (0h:0m:0s left)
Log-likelihood cutoff on original alignment: -3517.304
NOTE: Bootstrap correlation coefficient of split occurrence frequencies: 0.983
NOTE: UFBoot does not converge, continue at least 100 more iterations
Optimizing NNI: done in 0.074342 secs using 197.9% CPU
Optimizing NNI: done in 0.0699765 secs using 193.3% CPU
Optimizing NNI: done in 0.149209 secs using 196.9% CPU
Optimizing NNI: done in 0.0917055 secs using 198.9% CPU
Optimizing NNI: done in 0.106304 secs using 194.7% CPU
Optimizing NNI: done in 0.081187 secs using 196.6% CPU
Optimizing NNI: done in 0.152678 secs using 192.7% CPU
Optimizing NNI: done in 0.0343973 secs using 194.1% CPU
Optimizing NNI: done in 0.154799 secs using 194% CPU
Optimizing NNI: done in 0.0915782 secs using 198% CPU
Iteration 110 / LogL: -3497.981 / Time: 0h:3m:17s (0h:0m:10s left)
Optimizing NNI: done in 0.130271 secs using 193.3% CPU
Optimizing NNI: done in 0.0673068 secs using 198.8% CPU
Optimizing NNI: done in 0.122131 secs using 196.3% CPU
Optimizing NNI: done in 0.136856 secs using 196.7% CPU
Optimizing NNI: done in 0.120651 secs using 197.3% CPU
Optimizing NNI: done in 0.103106 secs using 192.8% CPU
Optimizing NNI: done in 0.121291 secs using 191.9% CPU
Optimizing NNI: done in 0.110939 secs using 196.2% CPU
Optimizing NNI: done in 0.0568741 secs using 198.2% CPU
Optimizing NNI: done in 0.154749 secs using 193.4% CPU
Iteration 120 / LogL: -3499.125 / Time: 0h:3m:18s (0h:0m:9s left)
Optimizing NNI: done in 0.117282 secs using 195.2% CPU
Optimizing NNI: done in 0.0899486 secs using 197.2% CPU
Optimizing NNI: done in 0.179664 secs using 194.7% CPU
Optimizing NNI: done in 0.0814992 secs using 197.6% CPU
Optimizing NNI: done in 0.179929 secs using 197% CPU
Optimizing NNI: done in 0.0915724 secs using 197.9% CPU
Optimizing NNI: done in 0.0726744 secs using 196.1% CPU
Optimizing NNI: done in 0.0943602 secs using 197.3% CPU
Optimizing NNI: done in 0.0519277 secs using 197.6% CPU
Optimizing NNI: done in 0.085275 secs using 198.9% CPU
Iteration 130 / LogL: -3497.982 / Time: 0h:3m:19s (0h:0m:7s left)
Optimizing NNI: done in 0.0806925 secs using 197.6% CPU
Optimizing NNI: done in 0.0900013 secs using 194.2% CPU
Optimizing NNI: done in 0.177198 secs using 195.6% CPU
Optimizing NNI: done in 0.0684991 secs using 195.5% CPU
Optimizing NNI: done in 0.0932952 secs using 196.1% CPU
Optimizing NNI: done in 0.0764145 secs using 190.1% CPU
Optimizing NNI: done in 0.0613629 secs using 198.8% CPU
Optimizing NNI: done in 0.0937805 secs using 194.6% CPU
Optimizing NNI: done in 0.0657646 secs using 186.5% CPU
Optimizing NNI: done in 0.0521212 secs using 197.6% CPU
Iteration 140 / LogL: -3500.348 / Time: 0h:3m:20s (0h:0m:6s left)
Optimizing NNI: done in 0.0829154 secs using 193.9% CPU
Optimizing NNI: done in 0.0682332 secs using 196.5% CPU
Optimizing NNI: done in 0.0870227 secs using 192.5% CPU
Optimizing NNI: done in 0.114612 secs using 193.6% CPU
Optimizing NNI: done in 0.0889438 secs using 195.2% CPU
Optimizing NNI: done in 0.08889 secs using 196.1% CPU
Optimizing NNI: done in 0.0872822 secs using 194.4% CPU
Optimizing NNI: done in 0.020705 secs using 191.5% CPU
Optimizing NNI: done in 0.086625 secs using 196.1% CPU
Optimizing NNI: done in 0.0932374 secs using 198.1% CPU
Iteration 150 / LogL: -3497.986 / Time: 0h:3m:21s (0h:0m:5s left)
Log-likelihood cutoff on original alignment: -3518.451
Optimizing NNI: done in 0.164991 secs using 195.3% CPU
Optimizing NNI: done in 0.0673226 secs using 196.3% CPU
Optimizing NNI: done in 0.0960852 secs using 194.2% CPU
Optimizing NNI: done in 0.091058 secs using 195.3% CPU
Optimizing NNI: done in 0.0928864 secs using 196.1% CPU
Optimizing NNI: done in 0.0822713 secs using 194.2% CPU
Optimizing NNI: done in 0.120208 secs using 197.1% CPU
Optimizing NNI: done in 0.0777636 secs using 194.9% CPU
Optimizing NNI: done in 0.114598 secs using 196.6% CPU
Optimizing NNI: done in 0.17128 secs using 194.9% CPU
Iteration 160 / LogL: -3502.870 / Time: 0h:3m:22s (0h:0m:4s left)
Optimizing NNI: done in 0.0969927 secs using 195.1% CPU
Optimizing NNI: done in 0.10233 secs using 198.9% CPU
Optimizing NNI: done in 0.0677736 secs using 189.8% CPU
Optimizing NNI: done in 0.0557708 secs using 191.2% CPU
Optimizing NNI: done in 0.0877827 secs using 196.1% CPU
Optimizing NNI: done in 0.100597 secs using 196.1% CPU
Optimizing NNI: done in 0.0887763 secs using 195% CPU
Optimizing NNI: done in 0.0547499 secs using 192.7% CPU
Optimizing NNI: done in 0.13042 secs using 196.3% CPU
Optimizing NNI: done in 0.086131 secs using 191.5% CPU
Iteration 170 / LogL: -3497.985 / Time: 0h:3m:23s (0h:0m:3s left)
Optimizing NNI: done in 0.109789 secs using 197.1% CPU
Optimizing NNI: done in 0.110359 secs using 198.5% CPU
Optimizing NNI: done in 0.054865 secs using 194.5% CPU
Optimizing NNI: done in 0.0730392 secs using 196.9% CPU
Optimizing NNI: done in 0.0897766 secs using 195.5% CPU
Optimizing NNI: done in 0.115462 secs using 198.2% CPU
Optimizing NNI: done in 0.0810234 secs using 194.8% CPU
Optimizing NNI: done in 0.0789311 secs using 194.7% CPU
Optimizing NNI: done in 0.133977 secs using 196.1% CPU
Optimizing NNI: done in 0.0670343 secs using 193.8% CPU
Iteration 180 / LogL: -3497.982 / Time: 0h:3m:24s (0h:0m:2s left)
Optimizing NNI: done in 0.120205 secs using 195.3% CPU
Optimizing NNI: done in 0.151182 secs using 196.1% CPU
Optimizing NNI: done in 0.051367 secs using 194.2% CPU
Optimizing NNI: done in 0.129287 secs using 194.1% CPU
Optimizing NNI: done in 0.097994 secs using 198.7% CPU
Optimizing NNI: done in 0.0753929 secs using 192.6% CPU
Optimizing NNI: done in 0.0943329 secs using 192.9% CPU
Optimizing NNI: done in 0.0499807 secs using 191.2% CPU
Optimizing NNI: done in 0.0881077 secs using 193.7% CPU
Optimizing NNI: done in 0.12641 secs using 194.5% CPU
Iteration 190 / LogL: -3497.981 / Time: 0h:3m:25s (0h:0m:1s left)
Optimizing NNI: done in 0.108501 secs using 192.9% CPU
Optimizing NNI: done in 0.0911438 secs using 197.2% CPU
Optimizing NNI: done in 0.0752935 secs using 199.2% CPU
Optimizing NNI: done in 0.0867969 secs using 192.8% CPU
Optimizing NNI: done in 0.102099 secs using 197.7% CPU
Optimizing NNI: done in 0.0964416 secs using 194.9% CPU
Optimizing NNI: done in 0.0656797 secs using 194.1% CPU
Optimizing NNI: done in 0.109296 secs using 194.6% CPU
Optimizing NNI: done in 0.0846893 secs using 196% CPU
Optimizing NNI: done in 0.0807959 secs using 198.5% CPU
Iteration 200 / LogL: -3498.001 / Time: 0h:3m:26s (0h:0m:0s left)
Log-likelihood cutoff on original alignment: -3518.102
NOTE: Bootstrap correlation coefficient of split occurrence frequencies: 0.986
NOTE: UFBoot does not converge, continue at least 100 more iterations
Optimizing NNI: done in 0.0520237 secs using 192% CPU
Optimizing NNI: done in 0.106649 secs using 192.2% CPU
Optimizing NNI: done in 0.083371 secs using 195.7% CPU
Optimizing NNI: done in 0.0542689 secs using 195.3% CPU
Optimizing NNI: done in 0.0998989 secs using 195.8% CPU
Optimizing NNI: done in 0.0942334 secs using 194.2% CPU
Optimizing NNI: done in 0.100241 secs using 196.5% CPU
Optimizing NNI: done in 0.0978844 secs using 194.5% CPU
Optimizing NNI: done in 0.124972 secs using 194.2% CPU
Optimizing NNI: done in 0.115695 secs using 195.7% CPU
Iteration 210 / LogL: -3497.982 / Time: 0h:3m:27s (0h:0m:9s left)
Optimizing NNI: done in 0.0752866 secs using 195% CPU
Optimizing NNI: done in 0.107701 secs using 196.1% CPU
Optimizing NNI: done in 0.0913163 secs using 196.1% CPU
Optimizing NNI: done in 0.0313855 secs using 195.4% CPU
Optimizing NNI: done in 0.0768376 secs using 196.1% CPU
Optimizing NNI: done in 0.0974991 secs using 198.8% CPU
Optimizing NNI: done in 0.0984474 secs using 195.3% CPU
Optimizing NNI: done in 0.0953762 secs using 196.1% CPU
Optimizing NNI: done in 0.0863666 secs using 194.6% CPU
Optimizing NNI: done in 0.0621945 secs using 190.9% CPU
Iteration 220 / LogL: -3499.739 / Time: 0h:3m:28s (0h:0m:8s left)
Optimizing NNI: done in 0.0831089 secs using 197% CPU
Optimizing NNI: done in 0.0774863 secs using 195.3% CPU
Optimizing NNI: done in 0.0924231 secs using 194.9% CPU
Optimizing NNI: done in 0.0794982 secs using 194.9% CPU
Optimizing NNI: done in 0.0902526 secs using 195% CPU
Optimizing NNI: done in 0.0950327 secs using 198.1% CPU
Optimizing NNI: done in 0.0809558 secs using 195.9% CPU
Optimizing NNI: done in 0.0839588 secs using 198.6% CPU
Optimizing NNI: done in 0.0834486 secs using 193.2% CPU
Optimizing NNI: done in 0.0857474 secs using 194.2% CPU
Iteration 230 / LogL: -3498.001 / Time: 0h:3m:29s (0h:0m:7s left)
Optimizing NNI: done in 0.0470112 secs using 190.9% CPU
Optimizing NNI: done in 0.100284 secs using 194.5% CPU
Optimizing NNI: done in 0.124423 secs using 191.3% CPU
Optimizing NNI: done in 0.0965506 secs using 193.9% CPU
Optimizing NNI: done in 0.0865621 secs using 199.9% CPU
Optimizing NNI: done in 0.0608506 secs using 196.7% CPU
Optimizing NNI: done in 0.115944 secs using 195.4% CPU
Optimizing NNI: done in 0.114457 secs using 194.1% CPU
Optimizing NNI: done in 0.184579 secs using 196.2% CPU
Optimizing NNI: done in 0.0640031 secs using 192% CPU
Iteration 240 / LogL: -3499.733 / Time: 0h:3m:30s (0h:0m:6s left)
Optimizing NNI: done in 0.0552607 secs using 197.5% CPU
Optimizing NNI: done in 0.108296 secs using 194.9% CPU
Optimizing NNI: done in 0.115214 secs using 194.3% CPU
Optimizing NNI: done in 0.0779571 secs using 196.6% CPU
Optimizing NNI: done in 0.077602 secs using 197.4% CPU
Optimizing NNI: done in 0.0900308 secs using 195.9% CPU
Optimizing NNI: done in 0.0975901 secs using 190.8% CPU
Optimizing NNI: done in 0.127226 secs using 193.9% CPU
Optimizing NNI: done in 0.0849477 secs using 199.7% CPU
Optimizing NNI: done in 0.0811496 secs using 197.1% CPU
Iteration 250 / LogL: -3498.003 / Time: 0h:3m:31s (0h:0m:5s left)
Log-likelihood cutoff on original alignment: -3519.018
Optimizing NNI: done in 0.051429 secs using 191% CPU
Optimizing NNI: done in 0.062792 secs using 194.4% CPU
Optimizing NNI: done in 0.0348611 secs using 197.2% CPU
Optimizing NNI: done in 0.0650191 secs using 196.3% CPU
Optimizing NNI: done in 0.0910783 secs using 198.6% CPU
Optimizing NNI: done in 0.0676467 secs using 195.4% CPU
Optimizing NNI: done in 0.0741296 secs using 197.5% CPU
Optimizing NNI: done in 0.0550857 secs using 199.2% CPU
Optimizing NNI: done in 0.0499554 secs using 195.9% CPU
Optimizing NNI: done in 0.0967567 secs using 193.4% CPU
Iteration 260 / LogL: -3497.983 / Time: 0h:3m:32s (0h:0m:4s left)
Optimizing NNI: done in 0.0757926 secs using 197.4% CPU
Optimizing NNI: done in 0.086426 secs using 193.5% CPU
Optimizing NNI: done in 0.0809736 secs using 193.5% CPU
Optimizing NNI: done in 0.112797 secs using 195.5% CPU
Optimizing NNI: done in 0.112144 secs using 190.7% CPU
Optimizing NNI: done in 0.076629 secs using 189.8% CPU
Optimizing NNI: done in 0.0882954 secs using 194.7% CPU
Optimizing NNI: done in 0.103699 secs using 195.2% CPU
Optimizing NNI: done in 0.0783929 secs using 197.7% CPU
Optimizing NNI: done in 0.0859967 secs using 194.9% CPU
Iteration 270 / LogL: -3498.000 / Time: 0h:3m:33s (0h:0m:3s left)
Optimizing NNI: done in 0.0814264 secs using 196.8% CPU
Optimizing NNI: done in 0.0811207 secs using 194.7% CPU
Optimizing NNI: done in 0.135972 secs using 195.1% CPU
Optimizing NNI: done in 0.0953348 secs using 199.1% CPU
Optimizing NNI: done in 0.115496 secs using 197.5% CPU
Optimizing NNI: done in 0.0850587 secs using 195.9% CPU
Optimizing NNI: done in 0.111312 secs using 194.1% CPU
Optimizing NNI: done in 0.110379 secs using 195.3% CPU
Optimizing NNI: done in 0.0934568 secs using 194.4% CPU
Optimizing NNI: done in 0.09388 secs using 194% CPU
Iteration 280 / LogL: -3497.983 / Time: 0h:3m:34s (0h:0m:2s left)
Optimizing NNI: done in 0.1316 secs using 197.8% CPU
Optimizing NNI: done in 0.0710298 secs using 192.4% CPU
Optimizing NNI: done in 0.124275 secs using 195.5% CPU
Optimizing NNI: done in 0.0841031 secs using 192.5% CPU
Optimizing NNI: done in 0.075079 secs using 196.9% CPU
Optimizing NNI: done in 0.0982436 secs using 196.1% CPU
Optimizing NNI: done in 0.101377 secs using 197.1% CPU
Optimizing NNI: done in 0.107176 secs using 194.8% CPU
Optimizing NNI: done in 0.0737145 secs using 198.8% CPU
Optimizing NNI: done in 0.082731 secs using 196.1% CPU
Iteration 290 / LogL: -3498.002 / Time: 0h:3m:35s (0h:0m:1s left)
Optimizing NNI: done in 0.104089 secs using 196.7% CPU
Optimizing NNI: done in 0.0693088 secs using 197.3% CPU
Optimizing NNI: done in 0.138477 secs using 192% CPU
Optimizing NNI: done in 0.133425 secs using 197% CPU
Optimizing NNI: done in 0.0691611 secs using 191.9% CPU
Optimizing NNI: done in 0.109596 secs using 195.5% CPU
Optimizing NNI: done in 0.060573 secs using 197% CPU
Optimizing NNI: done in 0.115932 secs using 195.3% CPU
Optimizing NNI: done in 0.0689143 secs using 194.1% CPU
Optimizing NNI: done in 0.065501 secs using 197.4% CPU
Iteration 300 / LogL: -3497.997 / Time: 0h:3m:36s (0h:0m:0s left)
Log-likelihood cutoff on original alignment: -3519.018
NOTE: Bootstrap correlation coefficient of split occurrence frequencies: 0.996
TREE SEARCH COMPLETED AFTER 300 ITERATIONS / Time: 0h:3m:36s

--------------------------------------------------------------------
|                    FINALIZING TREE SEARCH                        |
--------------------------------------------------------------------
Performs final model parameters optimization
Estimate model parameters (epsilon = 0.010)
1. Initial log-likelihood: -3497.981
Optimal log-likelihood: -3497.977
Rate parameters:  A-C: 1.00000  A-G: 3.37629  A-T: 1.00000  C-G: 1.00000  C-T: 3.37629  G-T: 1.00000
Base frequencies:  A: 0.242  C: 0.226  G: 0.239  T: 0.293
Gamma shape alpha: 0.569
Parameters optimization took 1 rounds (0.009 sec)
BEST SCORE FOUND : -3497.977
Creating bootstrap support values...
Split supports printed to NEXUS file data/packages/ITS/Heimioporus/ref.splits.nex
Total tree length: 1.920

Total number of iterations: 300
CPU time used for tree search: 59.537 sec (0h:0m:59s)
Wall-clock time used for tree search: 31.413 sec (0h:0m:31s)
Total CPU time used: 386.822 sec (0h:6m:26s)
Total wall-clock time used: 217.005 sec (0h:3m:37s)

Computing bootstrap consensus tree...
Reading input file data/packages/ITS/Heimioporus/ref.splits.nex...
32 taxa and 371 splits.
Consensus tree written to data/packages/ITS/Heimioporus/ref.contree
Reading input trees file data/packages/ITS/Heimioporus/ref.contree
Log-likelihood of consensus tree: -3498.014

Analysis results written to: 
  IQ-TREE report:                data/packages/ITS/Heimioporus/ref.iqtree
  Maximum-likelihood tree:       data/packages/ITS/Heimioporus/ref.treefile
  Likelihood distances:          data/packages/ITS/Heimioporus/ref.mldist

Ultrafast bootstrap approximation results written to:
  Split support values:          data/packages/ITS/Heimioporus/ref.splits.nex
  Consensus tree:                data/packages/ITS/Heimioporus/ref.contree
  Screen log file:               data/packages/ITS/Heimioporus/ref.log

Date and Time: Mon Aug 18 17:52:37 2025
