IQ-TREE version 3.0.1 for Linux x86 64-bit built May  5 2025
Developed by Bui Quang Minh, Thomas Wong, Nhan Ly-Trong, Huaiyan Ren
Contributed by Lam-Tung Nguyen, Dominik Schrempf, Chris Bielow,
Olga Chernomor, Michael Woodhams, Diep Thi Hoang, Heiko Schmidt

Host:    lnx820.umnh.utah.edu (AVX2, FMA3, 865 GB RAM)
Command: /home/bdentinger/iqtree-3.0.1-Linux/bin/iqtree3_intel -s data/packages/ITS/Afroboletus/aln.masked.fasta -m MFP -bb 1000 -nt AUTO -pre data/packages/ITS/Afroboletus/ref
Seed:    20406 (Using SPRNG - Scalable Parallel Random Number Generator)
Time:    Mon Aug 18 17:48:50 2025
Kernel:  AVX+FMA - auto-detect threads (72 CPU cores detected)

Reading alignment file data/packages/ITS/Afroboletus/aln.masked.fasta ... Fasta format detected
Reading fasta file: done in 0.00014475 secs using 39.38% CPU
Alignment most likely contains DNA/RNA sequences
Constructing alignment: done in 0.000844322 secs using 67.51% CPU
Alignment has 12 sequences with 608 columns, 150 distinct patterns
171 parsimony-informative, 23 singleton sites, 414 constant sites
                         Gap/Ambiguity  Composition  p-value
Analyzing sequences: done in 2.09417e-05 secs using 95.5% CPU
   1  th10319|ITS|MZ351554.1     0.66%    passed     94.85%
   2  th10697|ITS|MZ351553.1     6.58%    passed     99.31%
   3  th10295|ITS|MZ351552.1     7.73%    passed     99.51%
   4  th10493|ITS|MZ351551.1     0.00%    passed     99.20%
   5  th9886|ITS|MZ351550.1      0.00%    passed     97.72%
   6  th10460|ITS|MZ351549.1     0.49%    passed     41.54%
   7  th9860|ITS|MZ351548.1      0.49%    passed     36.37%
   8  th10318|ITS|MZ351547.1     4.28%    passed     98.66%
   9  le311972|ITS|MH087060.1    3.29%    passed     87.49%
  10  le311973|ITS|MH087059.1    3.62%    passed     91.79%
  11  km162957|ITS|GQ981490.1   10.03%    passed     57.40%
  12  km29110|ITS|GQ981489.1     1.48%    passed     68.85%
****  TOTAL                      3.22%  0 sequences failed composition chi2 test (p-value<5%; df=3)
Checking for duplicate sequences: done in 4.91664e-05 secs


Create initial parsimony tree by phylogenetic likelihood library (PLL)... 0.000 seconds
Measuring multi-threading efficiency up to 72 CPU cores
Increase to 10 rounds for branch lengths
13542 trees examined
Threads: 1 / Time: 72.002 sec / Speedup: 1.000 / Efficiency: 100% / LogL: -2655
Threads: 2 / Time: 62.182 sec / Speedup: 1.158 / Efficiency: 58% / LogL: -2655
Threads: 3 / Time: 68.551 sec / Speedup: 1.050 / Efficiency: 35% / LogL: -2655
Determining AUTO threadcount: done in 202.735 secs using 180.6% CPU
BEST NUMBER OF THREADS: 2

Perform fast likelihood tree search using GTR+I+G model...
Estimate model parameters (epsilon = 5.000)
Perform nearest neighbor interchange...
Optimizing NNI: done in 0.00318624 secs using 194.1% CPU
Estimate model parameters (epsilon = 1.000)
1. Initial log-likelihood: -2000.986
Optimal log-likelihood: -2000.884
Rate parameters:  A-C: 2.77242  A-G: 7.17006  A-T: 2.27848  C-G: 1.37950  C-T: 10.20227  G-T: 1.00000
Base frequencies:  A: 0.247  C: 0.236  G: 0.225  T: 0.292
Proportion of invariable sites: 0.330
Gamma shape alpha: 0.778
Parameters optimization took 1 rounds (0.004 sec)
Time for fast ML tree search: 0.022 seconds

NOTE: ModelFinder requires 1 MB RAM!
ModelFinder will test up to 968 DNA models (sample size: 608 epsilon: 0.100) ...
 No. Model         -LnL         df  AIC          AICc         BIC
WARNING: Number of threads seems too high for short alignments. Use -T AUTO to determine best number of threads.
  1  JC            2098.775     21  4239.549     4241.126     4332.163
WARNING: Number of threads seems too high for short alignments. Use -T AUTO to determine best number of threads.
  2  JC+I          2064.320     22  4172.639     4174.369     4269.663
WARNING: Number of threads seems too high for short alignments. Use -T AUTO to determine best number of threads.
  3  JC+G4         2063.837     22  4171.674     4173.404     4268.698
WARNING: Number of threads seems too high for short alignments. Use -T AUTO to determine best number of threads.
  4  JC+I+G4       2063.903     23  4173.805     4175.696     4275.240
WARNING: Number of threads seems too high for short alignments. Use -T AUTO to determine best number of threads.
  5  JC+R2         2064.020     23  4174.040     4175.931     4275.474
WARNING: Number of threads seems too high for short alignments. Use -T AUTO to determine best number of threads.
  6  JC+R3         2063.860     25  4177.720     4179.953     4287.974
WARNING: Number of threads seems too high for short alignments. Use -T AUTO to determine best number of threads.
 14  JC+I+R2       2063.990     24  4175.980     4178.038     4281.824
WARNING: Number of threads seems too high for short alignments. Use -T AUTO to determine best number of threads.
 15  JC+I+R3       2063.923     26  4179.845     4182.262     4294.510
 24  JC+I          2064.320     22  4172.639     4174.369     4269.663
 25  JC+G4         2063.837     22  4171.674     4173.404     4268.698
 26  JC+I+G4       2063.903     23  4173.805     4175.696     4275.240
 27  JC+R2         2064.020     23  4174.040     4175.931     4275.474
WARNING: Number of threads seems too high for short alignments. Use -T AUTO to determine best number of threads.
 46  F81+I         2064.320     22  4172.640     4174.370     4269.664
WARNING: Number of threads seems too high for short alignments. Use -T AUTO to determine best number of threads.
 47  F81+G4        2063.838     22  4171.675     4173.405     4268.699
WARNING: Number of threads seems too high for short alignments. Use -T AUTO to determine best number of threads.
 48  F81+I+G4      2063.903     23  4173.806     4175.696     4275.240
WARNING: Number of threads seems too high for short alignments. Use -T AUTO to determine best number of threads.
 49  F81+R2        2063.976     23  4173.952     4175.842     4275.386
WARNING: Number of threads seems too high for short alignments. Use -T AUTO to determine best number of threads.
 68  F81+F+I       2059.064     25  4168.129     4170.363     4278.383
WARNING: Number of threads seems too high for short alignments. Use -T AUTO to determine best number of threads.
 69  F81+F+G4      2058.486     25  4166.971     4169.205     4277.226
WARNING: Number of threads seems too high for short alignments. Use -T AUTO to determine best number of threads.
 70  F81+F+I+G4    2058.550     26  4169.100     4171.517     4283.765
WARNING: Number of threads seems too high for short alignments. Use -T AUTO to determine best number of threads.
 71  F81+F+R2      2058.670     26  4169.339     4171.756     4284.004
WARNING: Number of threads seems too high for short alignments. Use -T AUTO to determine best number of threads.
 90  K2P+I         2012.875     23  4071.749     4073.640     4173.183
WARNING: Number of threads seems too high for short alignments. Use -T AUTO to determine best number of threads.
 91  K2P+G4        2010.201     23  4066.402     4068.292     4167.836
WARNING: Number of threads seems too high for short alignments. Use -T AUTO to determine best number of threads.
 92  K2P+I+G4      2009.933     24  4067.865     4069.924     4173.709
WARNING: Number of threads seems too high for short alignments. Use -T AUTO to determine best number of threads.
 93  K2P+R2        2009.555     24  4067.110     4069.169     4172.955
112  K2P+I         2012.875     23  4071.749     4073.640     4173.183
113  K2P+G4        2010.201     23  4066.402     4068.292     4167.836
114  K2P+I+G4      2009.933     24  4067.865     4069.924     4173.709
115  K2P+R2        2009.555     24  4067.110     4069.169     4172.955
WARNING: Number of threads seems too high for short alignments. Use -T AUTO to determine best number of threads.
134  HKY+I         2012.874     23  4071.747     4073.638     4173.181
WARNING: Number of threads seems too high for short alignments. Use -T AUTO to determine best number of threads.
135  HKY+G4        2010.191     23  4066.382     4068.273     4167.816
WARNING: Number of threads seems too high for short alignments. Use -T AUTO to determine best number of threads.
136  HKY+I+G4      2009.927     24  4067.854     4069.912     4173.698
WARNING: Number of threads seems too high for short alignments. Use -T AUTO to determine best number of threads.
137  HKY+R2        2009.466     24  4066.932     4068.991     4172.777
WARNING: Number of threads seems too high for short alignments. Use -T AUTO to determine best number of threads.
156  HKY+F+I       2008.515     26  4069.031     4071.447     4183.695
WARNING: Number of threads seems too high for short alignments. Use -T AUTO to determine best number of threads.
157  HKY+F+G4      2005.640     26  4063.279     4065.696     4177.944
WARNING: Number of threads seems too high for short alignments. Use -T AUTO to determine best number of threads.
158  HKY+F+I+G4    2005.353     27  4064.706     4067.313     4183.781
WARNING: Number of threads seems too high for short alignments. Use -T AUTO to determine best number of threads.
159  HKY+F+R2      2004.593     27  4063.186     4065.793     4182.261
WARNING: Number of threads seems too high for short alignments. Use -T AUTO to determine best number of threads.
178  TNe+I         2010.584     24  4069.167     4071.225     4175.011
WARNING: Number of threads seems too high for short alignments. Use -T AUTO to determine best number of threads.
179  TNe+G4        2007.645     24  4063.289     4065.347     4169.133
WARNING: Number of threads seems too high for short alignments. Use -T AUTO to determine best number of threads.
180  TNe+I+G4      2007.351     25  4064.702     4066.935     4174.956
WARNING: Number of threads seems too high for short alignments. Use -T AUTO to determine best number of threads.
181  TNe+R2        2006.691     25  4063.381     4065.615     4173.636
200  TNe+I         2010.584     24  4069.167     4071.225     4175.011
201  TNe+G4        2007.645     24  4063.289     4065.347     4169.133
202  TNe+I+G4      2007.351     25  4064.702     4066.935     4174.956
203  TNe+R2        2006.691     25  4063.381     4065.615     4173.636
WARNING: Number of threads seems too high for short alignments. Use -T AUTO to determine best number of threads.
222  TN+I          2010.583     24  4069.165     4071.224     4175.009
WARNING: Number of threads seems too high for short alignments. Use -T AUTO to determine best number of threads.
223  TN+G4         2007.644     24  4063.288     4065.346     4169.132
WARNING: Number of threads seems too high for short alignments. Use -T AUTO to determine best number of threads.
224  TN+I+G4       2007.350     25  4064.700     4066.934     4174.955
WARNING: Number of threads seems too high for short alignments. Use -T AUTO to determine best number of threads.
225  TN+R2         2006.612     25  4063.223     4065.457     4173.477
WARNING: Number of threads seems too high for short alignments. Use -T AUTO to determine best number of threads.
244  TN+F+I        2007.509     27  4069.018     4071.625     4188.093
WARNING: Number of threads seems too high for short alignments. Use -T AUTO to determine best number of threads.
245  TN+F+G4       2004.405     27  4062.811     4065.417     4181.885
WARNING: Number of threads seems too high for short alignments. Use -T AUTO to determine best number of threads.
246  TN+F+I+G4     2004.109     28  4064.218     4067.022     4187.702
WARNING: Number of threads seems too high for short alignments. Use -T AUTO to determine best number of threads.
247  TN+F+R2       2003.189     28  4062.379     4065.184     4185.864
WARNING: Number of threads seems too high for short alignments. Use -T AUTO to determine best number of threads.
266  K3P+I         2012.873     24  4073.745     4075.803     4179.589
WARNING: Number of threads seems too high for short alignments. Use -T AUTO to determine best number of threads.
267  K3P+G4        2010.165     24  4068.329     4070.387     4174.173
WARNING: Number of threads seems too high for short alignments. Use -T AUTO to determine best number of threads.
268  K3P+I+G4      2009.897     25  4069.794     4072.028     4180.049
WARNING: Number of threads seems too high for short alignments. Use -T AUTO to determine best number of threads.
269  K3P+R2        2009.272     25  4068.544     4070.778     4178.798
288  K3P+I         2012.873     24  4073.745     4075.803     4179.589
289  K3P+G4        2010.165     24  4068.329     4070.387     4174.173
290  K3P+I+G4      2009.897     25  4069.794     4072.028     4180.049
291  K3P+R2        2009.272     25  4068.544     4070.778     4178.798
WARNING: Number of threads seems too high for short alignments. Use -T AUTO to determine best number of threads.
310  K3Pu+I        2012.875     24  4073.749     4075.808     4179.593
WARNING: Number of threads seems too high for short alignments. Use -T AUTO to determine best number of threads.
311  K3Pu+G4       2010.165     24  4068.330     4070.389     4174.174
WARNING: Number of threads seems too high for short alignments. Use -T AUTO to determine best number of threads.
312  K3Pu+I+G4     2009.898     25  4069.796     4072.030     4180.050
WARNING: Number of threads seems too high for short alignments. Use -T AUTO to determine best number of threads.
313  K3Pu+R2       2009.169     25  4068.338     4070.572     4178.592
WARNING: Number of threads seems too high for short alignments. Use -T AUTO to determine best number of threads.
332  K3Pu+F+I      2008.515     27  4071.031     4073.638     4190.105
WARNING: Number of threads seems too high for short alignments. Use -T AUTO to determine best number of threads.
333  K3Pu+F+G4     2005.616     27  4065.232     4067.839     4184.307
WARNING: Number of threads seems too high for short alignments. Use -T AUTO to determine best number of threads.
334  K3Pu+F+I+G4   2005.331     28  4066.661     4069.466     4190.146
WARNING: Number of threads seems too high for short alignments. Use -T AUTO to determine best number of threads.
335  K3Pu+F+R2     2004.370     28  4064.739     4067.544     4188.224
WARNING: Number of threads seems too high for short alignments. Use -T AUTO to determine best number of threads.
354  TPM2+I        2008.772     24  4065.545     4067.603     4171.389
WARNING: Number of threads seems too high for short alignments. Use -T AUTO to determine best number of threads.
355  TPM2+G4       2006.004     24  4060.009     4062.067     4165.853
WARNING: Number of threads seems too high for short alignments. Use -T AUTO to determine best number of threads.
356  TPM2+I+G4     2005.829     25  4061.659     4063.893     4171.913
WARNING: Number of threads seems too high for short alignments. Use -T AUTO to determine best number of threads.
357  TPM2+R2       2005.139     25  4060.279     4062.513     4170.533
376  TPM2+I        2008.772     24  4065.545     4067.603     4171.389
377  TPM2+G4       2006.004     24  4060.009     4062.067     4165.853
378  TPM2+I+G4     2005.829     25  4061.659     4063.893     4171.913
379  TPM2+R2       2005.139     25  4060.279     4062.513     4170.533
WARNING: Number of threads seems too high for short alignments. Use -T AUTO to determine best number of threads.
398  TPM2u+I       2008.775     24  4065.549     4067.608     4171.394
WARNING: Number of threads seems too high for short alignments. Use -T AUTO to determine best number of threads.
399  TPM2u+G4      2006.001     24  4060.003     4062.061     4165.847
WARNING: Number of threads seems too high for short alignments. Use -T AUTO to determine best number of threads.
400  TPM2u+I+G4    2005.825     25  4061.651     4063.884     4171.905
WARNING: Number of threads seems too high for short alignments. Use -T AUTO to determine best number of threads.
401  TPM2u+R2      2005.116     25  4060.233     4062.466     4170.487
WARNING: Number of threads seems too high for short alignments. Use -T AUTO to determine best number of threads.
420  TPM2u+F+I     2005.382     27  4064.764     4067.371     4183.838
WARNING: Number of threads seems too high for short alignments. Use -T AUTO to determine best number of threads.
421  TPM2u+F+G4    2002.420     27  4058.840     4061.447     4177.915
WARNING: Number of threads seems too high for short alignments. Use -T AUTO to determine best number of threads.
422  TPM2u+F+I+G4  2002.208     28  4060.416     4063.221     4183.901
WARNING: Number of threads seems too high for short alignments. Use -T AUTO to determine best number of threads.
423  TPM2u+F+R2    2001.289     28  4058.579     4061.384     4182.064
WARNING: Number of threads seems too high for short alignments. Use -T AUTO to determine best number of threads.
442  TPM3+I        2012.844     24  4073.689     4075.747     4179.533
WARNING: Number of threads seems too high for short alignments. Use -T AUTO to determine best number of threads.
443  TPM3+G4       2010.179     24  4068.357     4070.416     4174.201
WARNING: Number of threads seems too high for short alignments. Use -T AUTO to determine best number of threads.
444  TPM3+I+G4     2009.919     25  4069.838     4072.072     4180.092
WARNING: Number of threads seems too high for short alignments. Use -T AUTO to determine best number of threads.
445  TPM3+R2       2009.379     25  4068.757     4070.991     4179.012
464  TPM3+I        2012.844     24  4073.689     4075.747     4179.533
465  TPM3+G4       2010.179     24  4068.357     4070.416     4174.201
466  TPM3+I+G4     2009.919     25  4069.838     4072.072     4180.092
467  TPM3+R2       2009.379     25  4068.757     4070.991     4179.012
WARNING: Number of threads seems too high for short alignments. Use -T AUTO to determine best number of threads.
486  TPM3u+I       2012.845     24  4073.691     4075.749     4179.535
WARNING: Number of threads seems too high for short alignments. Use -T AUTO to determine best number of threads.
487  TPM3u+G4      2010.179     24  4068.359     4070.417     4174.203
WARNING: Number of threads seems too high for short alignments. Use -T AUTO to determine best number of threads.
488  TPM3u+I+G4    2009.919     25  4069.839     4072.072     4180.093
WARNING: Number of threads seems too high for short alignments. Use -T AUTO to determine best number of threads.
489  TPM3u+R2      2009.319     25  4068.637     4070.871     4178.892
WARNING: Number of threads seems too high for short alignments. Use -T AUTO to determine best number of threads.
508  TPM3u+F+I     2008.202     27  4070.405     4073.012     4189.480
WARNING: Number of threads seems too high for short alignments. Use -T AUTO to determine best number of threads.
509  TPM3u+F+G4    2005.347     27  4064.693     4067.300     4183.768
WARNING: Number of threads seems too high for short alignments. Use -T AUTO to determine best number of threads.
510  TPM3u+F+I+G4  2005.087     28  4066.174     4068.979     4189.659
WARNING: Number of threads seems too high for short alignments. Use -T AUTO to determine best number of threads.
511  TPM3u+F+R2    2004.217     28  4064.434     4067.239     4187.919
WARNING: Number of threads seems too high for short alignments. Use -T AUTO to determine best number of threads.
530  TIMe+I        2010.583     25  4071.165     4073.399     4181.420
WARNING: Number of threads seems too high for short alignments. Use -T AUTO to determine best number of threads.
531  TIMe+G4       2007.631     25  4065.261     4067.495     4175.516
WARNING: Number of threads seems too high for short alignments. Use -T AUTO to determine best number of threads.
532  TIMe+I+G4     2007.329     26  4066.658     4069.075     4181.323
WARNING: Number of threads seems too high for short alignments. Use -T AUTO to determine best number of threads.
533  TIMe+R2       2006.564     26  4065.129     4067.545     4179.793
552  TIMe+I        2010.583     25  4071.165     4073.399     4181.420
553  TIMe+G4       2007.631     25  4065.261     4067.495     4175.516
554  TIMe+I+G4     2007.329     26  4066.658     4069.075     4181.323
555  TIMe+R2       2006.564     26  4065.129     4067.545     4179.793
WARNING: Number of threads seems too high for short alignments. Use -T AUTO to determine best number of threads.
574  TIM+I         2010.582     25  4071.165     4073.398     4181.419
WARNING: Number of threads seems too high for short alignments. Use -T AUTO to determine best number of threads.
575  TIM+G4        2007.627     25  4065.254     4067.488     4175.508
WARNING: Number of threads seems too high for short alignments. Use -T AUTO to determine best number of threads.
576  TIM+I+G4      2007.327     26  4066.653     4069.070     4181.318
WARNING: Number of threads seems too high for short alignments. Use -T AUTO to determine best number of threads.
577  TIM+R2        2006.507     26  4065.013     4067.430     4179.678
WARNING: Number of threads seems too high for short alignments. Use -T AUTO to determine best number of threads.
596  TIM+F+I       2007.509     28  4071.018     4073.823     4194.503
WARNING: Number of threads seems too high for short alignments. Use -T AUTO to determine best number of threads.
597  TIM+F+G4      2004.394     28  4064.787     4067.592     4188.272
WARNING: Number of threads seems too high for short alignments. Use -T AUTO to determine best number of threads.
598  TIM+F+I+G4    2004.095     29  4066.190     4069.200     4194.085
WARNING: Number of threads seems too high for short alignments. Use -T AUTO to determine best number of threads.
599  TIM+F+R2      2003.050     29  4064.101     4067.111     4191.996
WARNING: Number of threads seems too high for short alignments. Use -T AUTO to determine best number of threads.
618  TIM2e+I       2006.777     25  4063.555     4065.789     4173.809
WARNING: Number of threads seems too high for short alignments. Use -T AUTO to determine best number of threads.
619  TIM2e+G4      2003.740     25  4057.480     4059.714     4167.735
WARNING: Number of threads seems too high for short alignments. Use -T AUTO to determine best number of threads.
620  TIM2e+I+G4    2003.509     26  4059.019     4061.435     4173.683
WARNING: Number of threads seems too high for short alignments. Use -T AUTO to determine best number of threads.
621  TIM2e+R2      2002.651     26  4057.302     4059.719     4171.967
640  TIM2e+I       2006.777     25  4063.555     4065.789     4173.809
641  TIM2e+G4      2003.740     25  4057.480     4059.714     4167.735
642  TIM2e+I+G4    2003.509     26  4059.019     4061.435     4173.683
643  TIM2e+R2      2002.651     26  4057.302     4059.719     4171.967
WARNING: Number of threads seems too high for short alignments. Use -T AUTO to determine best number of threads.
662  TIM2+I        2006.777     25  4063.555     4065.788     4173.809
WARNING: Number of threads seems too high for short alignments. Use -T AUTO to determine best number of threads.
663  TIM2+G4       2003.729     25  4057.458     4059.691     4167.712
WARNING: Number of threads seems too high for short alignments. Use -T AUTO to determine best number of threads.
664  TIM2+I+G4     2003.506     26  4059.011     4061.428     4173.676
WARNING: Number of threads seems too high for short alignments. Use -T AUTO to determine best number of threads.
665  TIM2+R2       2002.641     26  4057.282     4059.699     4171.947
WARNING: Number of threads seems too high for short alignments. Use -T AUTO to determine best number of threads.
684  TIM2+F+I      2004.519     28  4065.038     4067.843     4188.523
WARNING: Number of threads seems too high for short alignments. Use -T AUTO to determine best number of threads.
685  TIM2+F+G4     2001.320     28  4058.640     4061.445     4182.125
WARNING: Number of threads seems too high for short alignments. Use -T AUTO to determine best number of threads.
686  TIM2+F+I+G4   2001.078     29  4060.157     4063.167     4188.052
WARNING: Number of threads seems too high for short alignments. Use -T AUTO to determine best number of threads.
687  TIM2+F+R2     2000.036     29  4058.072     4061.082     4185.967
WARNING: Number of threads seems too high for short alignments. Use -T AUTO to determine best number of threads.
706  TIM3e+I       2010.569     25  4071.138     4073.372     4181.392
WARNING: Number of threads seems too high for short alignments. Use -T AUTO to determine best number of threads.
707  TIM3e+G4      2007.641     25  4065.282     4067.516     4175.537
WARNING: Number of threads seems too high for short alignments. Use -T AUTO to determine best number of threads.
708  TIM3e+I+G4    2007.346     26  4066.691     4069.108     4181.356
WARNING: Number of threads seems too high for short alignments. Use -T AUTO to determine best number of threads.
709  TIM3e+R2      2006.526     26  4065.052     4067.468     4179.716
728  TIM3e+I       2010.569     25  4071.138     4073.372     4181.392
729  TIM3e+G4      2007.641     25  4065.282     4067.516     4175.537
730  TIM3e+I+G4    2007.346     26  4066.691     4069.108     4181.356
731  TIM3e+R2      2006.526     26  4065.052     4067.468     4179.716
WARNING: Number of threads seems too high for short alignments. Use -T AUTO to determine best number of threads.
750  TIM3+I        2010.568     25  4071.136     4073.370     4181.390
WARNING: Number of threads seems too high for short alignments. Use -T AUTO to determine best number of threads.
751  TIM3+G4       2007.640     25  4065.279     4067.513     4175.534
WARNING: Number of threads seems too high for short alignments. Use -T AUTO to determine best number of threads.
752  TIM3+I+G4     2007.343     26  4066.687     4069.104     4181.352
WARNING: Number of threads seems too high for short alignments. Use -T AUTO to determine best number of threads.
753  TIM3+R2       2006.498     26  4064.996     4067.412     4179.660
WARNING: Number of threads seems too high for short alignments. Use -T AUTO to determine best number of threads.
772  TIM3+F+I      2007.214     28  4070.429     4073.234     4193.914
WARNING: Number of threads seems too high for short alignments. Use -T AUTO to determine best number of threads.
773  TIM3+F+G4     2004.123     28  4064.245     4067.050     4187.730
WARNING: Number of threads seems too high for short alignments. Use -T AUTO to determine best number of threads.
774  TIM3+F+I+G4   2003.851     29  4065.701     4068.712     4193.596
WARNING: Number of threads seems too high for short alignments. Use -T AUTO to determine best number of threads.
775  TIM3+F+R2     2002.773     29  4063.546     4066.557     4191.441
WARNING: Number of threads seems too high for short alignments. Use -T AUTO to determine best number of threads.
794  TVMe+I        2008.756     26  4069.513     4071.929     4184.177
WARNING: Number of threads seems too high for short alignments. Use -T AUTO to determine best number of threads.
795  TVMe+G4       2006.001     26  4064.003     4066.420     4178.668
WARNING: Number of threads seems too high for short alignments. Use -T AUTO to determine best number of threads.
796  TVMe+I+G4     2005.837     27  4065.673     4068.280     4184.748
WARNING: Number of threads seems too high for short alignments. Use -T AUTO to determine best number of threads.
797  TVMe+R2       2005.022     27  4064.043     4066.650     4183.118
816  TVMe+I        2008.756     26  4069.513     4071.929     4184.177
817  TVMe+G4       2006.001     26  4064.003     4066.420     4178.668
818  TVMe+I+G4     2005.837     27  4065.673     4068.280     4184.748
819  TVMe+R2       2005.022     27  4064.043     4066.650     4183.118
WARNING: Number of threads seems too high for short alignments. Use -T AUTO to determine best number of threads.
838  TVM+I         2008.755     26  4069.511     4071.927     4184.175
WARNING: Number of threads seems too high for short alignments. Use -T AUTO to determine best number of threads.
839  TVM+G4        2005.995     26  4063.990     4066.406     4178.654
WARNING: Number of threads seems too high for short alignments. Use -T AUTO to determine best number of threads.
840  TVM+I+G4      2005.821     27  4065.642     4068.249     4184.717
WARNING: Number of threads seems too high for short alignments. Use -T AUTO to determine best number of threads.
841  TVM+R2        2005.014     27  4064.028     4066.635     4183.103
WARNING: Number of threads seems too high for short alignments. Use -T AUTO to determine best number of threads.
860  TVM+F+I       2005.100     29  4068.199     4071.210     4196.094
WARNING: Number of threads seems too high for short alignments. Use -T AUTO to determine best number of threads.
861  TVM+F+G4      2002.165     29  4062.331     4065.341     4190.226
WARNING: Number of threads seems too high for short alignments. Use -T AUTO to determine best number of threads.
862  TVM+F+I+G4    2001.965     30  4063.931     4067.154     4196.236
WARNING: Number of threads seems too high for short alignments. Use -T AUTO to determine best number of threads.
863  TVM+F+R2      2000.971     30  4061.943     4065.166     4194.248
WARNING: Number of threads seems too high for short alignments. Use -T AUTO to determine best number of threads.
882  SYM+I         2006.770     27  4067.541     4070.148     4186.616
WARNING: Number of threads seems too high for short alignments. Use -T AUTO to determine best number of threads.
883  SYM+G4        2003.726     27  4061.452     4064.059     4180.527
WARNING: Number of threads seems too high for short alignments. Use -T AUTO to determine best number of threads.
884  SYM+I+G4      2003.503     28  4063.005     4065.810     4186.490
WARNING: Number of threads seems too high for short alignments. Use -T AUTO to determine best number of threads.
885  SYM+R2        2002.624     28  4061.249     4064.053     4184.733
904  SYM+I         2006.770     27  4067.541     4070.148     4186.616
905  SYM+G4        2003.726     27  4061.452     4064.059     4180.527
906  SYM+I+G4      2003.503     28  4063.005     4065.810     4186.490
907  SYM+R2        2002.624     28  4061.249     4064.053     4184.733
WARNING: Number of threads seems too high for short alignments. Use -T AUTO to determine best number of threads.
926  GTR+I         2006.770     27  4067.540     4070.147     4186.615
WARNING: Number of threads seems too high for short alignments. Use -T AUTO to determine best number of threads.
927  GTR+G4        2003.726     27  4061.451     4064.058     4180.526
WARNING: Number of threads seems too high for short alignments. Use -T AUTO to determine best number of threads.
928  GTR+I+G4      2003.500     28  4062.999     4065.804     4186.484
WARNING: Number of threads seems too high for short alignments. Use -T AUTO to determine best number of threads.
929  GTR+R2        2002.622     28  4061.245     4064.049     4184.730
WARNING: Number of threads seems too high for short alignments. Use -T AUTO to determine best number of threads.
948  GTR+F+I       2004.256     30  4068.512     4071.736     4200.817
WARNING: Number of threads seems too high for short alignments. Use -T AUTO to determine best number of threads.
949  GTR+F+G4      2001.063     30  4062.126     4065.350     4194.431
WARNING: Number of threads seems too high for short alignments. Use -T AUTO to determine best number of threads.
950  GTR+F+I+G4    2000.838     31  4063.675     4067.120     4200.391
WARNING: Number of threads seems too high for short alignments. Use -T AUTO to determine best number of threads.
951  GTR+F+R2      1999.711     31  4061.421     4064.865     4198.136
Akaike Information Criterion:           TIM2+R2
Corrected Akaike Information Criterion: TIM2+G4
Bayesian Information Criterion:         TPM2u+G4
Best-fit model: TPM2u+G4 chosen according to BIC

All model information printed to data/packages/ITS/Afroboletus/ref.model.gz
CPU time for ModelFinder: 367.535 seconds (0h:6m:7s)
Wall-clock time for ModelFinder: 203.407 seconds (0h:3m:23s)
Generating 1000 samples for ultrafast bootstrap (seed: 20406)...

NOTE: 0 MB RAM (0 GB) is required!
WARNING: Number of threads seems too high for short alignments. Use -T AUTO to determine best number of threads.
Estimate model parameters (epsilon = 0.100)
1. Initial log-likelihood: -2002.766
2. Current log-likelihood: -2002.420
Optimal log-likelihood: -2002.419
Rate parameters:  A-C: 2.31669  A-G: 8.00490  A-T: 2.31669  C-G: 1.00000  C-T: 8.00490  G-T: 1.00000
Base frequencies:  A: 0.247  C: 0.236  G: 0.225  T: 0.292
Gamma shape alpha: 0.317
Parameters optimization took 2 rounds (0.005 sec)
Wrote distance file to... 
Computing ML distances based on estimated model parameters...
Calculating distance matrix: done in 0.000402762 secs using 289.3% CPU
Computing ML distances took 0.000453 sec (of wall-clock time) 0.001221 sec (of CPU time)
Setting up auxiliary I and S matrices: done in 3.5217e-05 secs using 99.38% CPU
Constructing RapidNJ tree: done in 8.31839e-05 secs using 98.58% CPU
Computing RapidNJ tree took 0.000179 sec (of wall-clock time) 0.000178 sec (of CPU time)
Log-likelihood of RapidNJ tree: -2022.064
--------------------------------------------------------------------
|             INITIALIZING CANDIDATE TREE SET                      |
--------------------------------------------------------------------
Generating 98 parsimony trees... 0.048 second
Computing log-likelihood of 96 initial trees ... 0.058 seconds
Current best score: -2002.265

Do NNI search on 20 best initial trees
Optimizing NNI: done in 0.00574606 secs using 204.2% CPU
Estimate model parameters (epsilon = 0.100)
BETTER TREE FOUND at iteration 1: -2001.967
Optimizing NNI: done in 0.00495122 secs using 180.4% CPU
Optimizing NNI: done in 0.00886353 secs using 190.1% CPU
UPDATE BEST LOG-LIKELIHOOD: -2001.966
Optimizing NNI: done in 0.00762299 secs using 191.3% CPU
Optimizing NNI: done in 0.00761444 secs using 191.7% CPU
Optimizing NNI: done in 0.00908298 secs using 199% CPU
Optimizing NNI: done in 0.0117602 secs using 201.7% CPU
Optimizing NNI: done in 0.00785428 secs using 201.6% CPU
Optimizing NNI: done in 0.00985056 secs using 191.3% CPU
Optimizing NNI: done in 0.0114615 secs using 186.9% CPU
Iteration 10 / LogL: -2001.970 / Time: 0h:3m:23s
Optimizing NNI: done in 0.00857717 secs using 193% CPU
Optimizing NNI: done in 0.0129933 secs using 192.1% CPU
Optimizing NNI: done in 0.00838489 secs using 195.1% CPU
Optimizing NNI: done in 0.0085242 secs using 205.3% CPU
Optimizing NNI: done in 0.00857146 secs using 204.7% CPU
Optimizing NNI: done in 0.0106855 secs using 193.4% CPU
Optimizing NNI: done in 0.01359 secs using 188.1% CPU
Optimizing NNI: done in 0.0116493 secs using 202.8% CPU
Optimizing NNI: done in 0.0119676 secs using 200% CPU
Optimizing NNI: done in 0.00849915 secs using 205.5% CPU
Iteration 20 / LogL: -2002.064 / Time: 0h:3m:23s
Finish initializing candidate tree set (1)
Current best tree score: -2001.966 / CPU time: 0.305
Number of iterations: 20
--------------------------------------------------------------------
|               OPTIMIZING CANDIDATE TREE SET                      |
--------------------------------------------------------------------
Optimizing NNI: done in 0.0130688 secs using 194.4% CPU
Optimizing NNI: done in 0.0113303 secs using 183.6% CPU
Optimizing NNI: done in 0.007165 secs using 188.9% CPU
Optimizing NNI: done in 0.0054962 secs using 181% CPU
UPDATE BEST LOG-LIKELIHOOD: -2001.966
Optimizing NNI: done in 0.00547094 secs using 172.4% CPU
Optimizing NNI: done in 0.00901097 secs using 196.9% CPU
Optimizing NNI: done in 0.0127751 secs using 193.6% CPU
Optimizing NNI: done in 0.0134988 secs using 200% CPU
Optimizing NNI: done in 0.00888199 secs using 193.3% CPU
Optimizing NNI: done in 0.0115179 secs using 175.3% CPU
Iteration 30 / LogL: -2003.873 / Time: 0h:3m:23s (0h:0m:1s left)
Optimizing NNI: done in 0.0167943 secs using 185.6% CPU
Optimizing NNI: done in 0.0106972 secs using 191.6% CPU
Optimizing NNI: done in 0.0122672 secs using 168.5% CPU
Optimizing NNI: done in 0.00694448 secs using 177.5% CPU
Optimizing NNI: done in 0.0124798 secs using 185.6% CPU
Optimizing NNI: done in 0.0133445 secs using 193.4% CPU
Optimizing NNI: done in 0.0144591 secs using 199.4% CPU
Optimizing NNI: done in 0.0113453 secs using 190.1% CPU
Optimizing NNI: done in 0.00900239 secs using 179.5% CPU
Optimizing NNI: done in 0.00836276 secs using 188.7% CPU
Iteration 40 / LogL: -2002.533 / Time: 0h:3m:24s (0h:0m:0s left)
Optimizing NNI: done in 0.0132545 secs using 177.6% CPU
Optimizing NNI: done in 0.0191445 secs using 190.3% CPU
Optimizing NNI: done in 0.0104617 secs using 199.4% CPU
Optimizing NNI: done in 0.0179958 secs using 184.7% CPU
Optimizing NNI: done in 0.0102638 secs using 172.9% CPU
Optimizing NNI: done in 0.0085398 secs using 199.3% CPU
Optimizing NNI: done in 0.00793231 secs using 191% CPU
Optimizing NNI: done in 0.0161915 secs using 189.5% CPU
Optimizing NNI: done in 0.01448 secs using 186.9% CPU
Optimizing NNI: done in 0.013852 secs using 196.4% CPU
Iteration 50 / LogL: -2001.968 / Time: 0h:3m:24s (0h:0m:0s left)
Log-likelihood cutoff on original alignment: -2020.306
Optimizing NNI: done in 0.00582408 secs using 202.7% CPU
Optimizing NNI: done in 0.01229 secs using 196.9% CPU
Optimizing NNI: done in 0.0111226 secs using 170.1% CPU
Optimizing NNI: done in 0.00291972 secs using 198.1% CPU
Optimizing NNI: done in 0.00871115 secs using 168.9% CPU
Optimizing NNI: done in 0.00872118 secs using 185.9% CPU
Optimizing NNI: done in 0.00834521 secs using 194.6% CPU
Optimizing NNI: done in 0.0129414 secs using 190.5% CPU
Optimizing NNI: done in 0.00932897 secs using 195.9% CPU
Optimizing NNI: done in 0.0179107 secs using 193.6% CPU
Iteration 60 / LogL: -2001.967 / Time: 0h:3m:24s (0h:0m:0s left)
Optimizing NNI: done in 0.0130506 secs using 199.2% CPU
Optimizing NNI: done in 0.0125811 secs using 172.6% CPU
Optimizing NNI: done in 0.00586647 secs using 196.4% CPU
Optimizing NNI: done in 0.00769955 secs using 189.8% CPU
Optimizing NNI: done in 0.011209 secs using 183.7% CPU
Optimizing NNI: done in 0.0118439 secs using 195.1% CPU
Optimizing NNI: done in 0.0144881 secs using 186.7% CPU
Optimizing NNI: done in 0.0118216 secs using 195% CPU
Optimizing NNI: done in 0.00833586 secs using 179.1% CPU
Optimizing NNI: done in 0.0136386 secs using 198.1% CPU
Iteration 70 / LogL: -2001.998 / Time: 0h:3m:24s (0h:0m:0s left)
Optimizing NNI: done in 0.0130262 secs using 198.9% CPU
Optimizing NNI: done in 0.0148693 secs using 167.2% CPU
Optimizing NNI: done in 0.00716469 secs using 188.3% CPU
Optimizing NNI: done in 0.0108955 secs using 185.9% CPU
Optimizing NNI: done in 0.011247 secs using 185.5% CPU
Optimizing NNI: done in 0.0107434 secs using 188.6% CPU
Optimizing NNI: done in 0.00527793 secs using 194% CPU
Optimizing NNI: done in 0.00731389 secs using 193.5% CPU
Optimizing NNI: done in 0.010059 secs using 176% CPU
Optimizing NNI: done in 0.00707597 secs using 194.9% CPU
Iteration 80 / LogL: -2002.107 / Time: 0h:3m:24s (0h:0m:0s left)
Optimizing NNI: done in 0.0118608 secs using 190.3% CPU
Optimizing NNI: done in 0.0175176 secs using 196.8% CPU
Optimizing NNI: done in 0.0162478 secs using 196.3% CPU
Optimizing NNI: done in 0.00587738 secs using 194.2% CPU
Optimizing NNI: done in 0.0127669 secs using 200.2% CPU
Optimizing NNI: done in 0.0157255 secs using 183.8% CPU
Optimizing NNI: done in 0.0131745 secs using 195.4% CPU
Optimizing NNI: done in 0.00510684 secs using 188.4% CPU
Optimizing NNI: done in 0.0160153 secs using 197% CPU
Optimizing NNI: done in 0.0139179 secs using 198.2% CPU
Iteration 90 / LogL: -2001.967 / Time: 0h:3m:24s (0h:0m:0s left)
Optimizing NNI: done in 0.0158845 secs using 199.4% CPU
Optimizing NNI: done in 0.00929099 secs using 186.3% CPU
Optimizing NNI: done in 0.00940025 secs using 182.8% CPU
Optimizing NNI: done in 0.00902838 secs using 193.2% CPU
Optimizing NNI: done in 0.0138154 secs using 190.8% CPU
Optimizing NNI: done in 0.0129512 secs using 184.2% CPU
Optimizing NNI: done in 0.00995758 secs using 171.3% CPU
Optimizing NNI: done in 0.0153971 secs using 179.8% CPU
Optimizing NNI: done in 0.0134737 secs using 188.9% CPU
Optimizing NNI: done in 0.00906546 secs using 196% CPU
Iteration 100 / LogL: -2001.967 / Time: 0h:3m:24s (0h:0m:0s left)
Log-likelihood cutoff on original alignment: -2018.928
NOTE: Bootstrap correlation coefficient of split occurrence frequencies: 0.997
Optimizing NNI: done in 0.0148307 secs using 180.7% CPU
Optimizing NNI: done in 0.0055059 secs using 178.4% CPU
UPDATE BEST LOG-LIKELIHOOD: -2001.966
TREE SEARCH COMPLETED AFTER 102 ITERATIONS / Time: 0h:3m:25s

--------------------------------------------------------------------
|                    FINALIZING TREE SEARCH                        |
--------------------------------------------------------------------
Performs final model parameters optimization
Estimate model parameters (epsilon = 0.010)
1. Initial log-likelihood: -2001.966
Optimal log-likelihood: -2001.966
Rate parameters:  A-C: 2.24863  A-G: 8.02402  A-T: 2.24863  C-G: 1.00000  C-T: 8.02402  G-T: 1.00000
Base frequencies:  A: 0.247  C: 0.236  G: 0.225  T: 0.292
Gamma shape alpha: 0.313
Parameters optimization took 1 rounds (0.001 sec)
BEST SCORE FOUND : -2001.966
Creating bootstrap support values...
Split supports printed to NEXUS file data/packages/ITS/Afroboletus/ref.splits.nex
Total tree length: 0.756

Total number of iterations: 102
CPU time used for tree search: 2.845 sec (0h:0m:2s)
Wall-clock time used for tree search: 1.582 sec (0h:0m:1s)
Total CPU time used: 370.446 sec (0h:6m:10s)
Total wall-clock time used: 205.042 sec (0h:3m:25s)

Computing bootstrap consensus tree...
Reading input file data/packages/ITS/Afroboletus/ref.splits.nex...
12 taxa and 57 splits.
Consensus tree written to data/packages/ITS/Afroboletus/ref.contree
Reading input trees file data/packages/ITS/Afroboletus/ref.contree
Log-likelihood of consensus tree: -2001.972

Analysis results written to: 
  IQ-TREE report:                data/packages/ITS/Afroboletus/ref.iqtree
  Maximum-likelihood tree:       data/packages/ITS/Afroboletus/ref.treefile
  Likelihood distances:          data/packages/ITS/Afroboletus/ref.mldist

Ultrafast bootstrap approximation results written to:
  Split support values:          data/packages/ITS/Afroboletus/ref.splits.nex
  Consensus tree:                data/packages/ITS/Afroboletus/ref.contree
  Screen log file:               data/packages/ITS/Afroboletus/ref.log

Date and Time: Mon Aug 18 17:52:15 2025
