IQ-TREE version 3.0.1 for Linux x86 64-bit built May  5 2025
Developed by Bui Quang Minh, Thomas Wong, Nhan Ly-Trong, Huaiyan Ren
Contributed by Lam-Tung Nguyen, Dominik Schrempf, Chris Bielow,
Olga Chernomor, Michael Woodhams, Diep Thi Hoang, Heiko Schmidt

Host:    lnx820.umnh.utah.edu (AVX2, FMA3, 865 GB RAM)
Command: /home/bdentinger/iqtree-3.0.1-Linux/bin/iqtree3_intel -s data/packages/ITS/Porphyrellus/aln.masked.fasta -m MFP -bb 1000 -nt AUTO -pre data/packages/ITS/Porphyrellus/ref
Seed:    221057 (Using SPRNG - Scalable Parallel Random Number Generator)
Time:    Mon Aug 18 18:28:36 2025
Kernel:  AVX+FMA - auto-detect threads (72 CPU cores detected)

Reading alignment file data/packages/ITS/Porphyrellus/aln.masked.fasta ... Fasta format detected
Reading fasta file: done in 0.000648685 secs using 28.52% CPU
Alignment most likely contains DNA/RNA sequences
Constructing alignment: done in 0.000860365 secs using 83.57% CPU
Alignment has 69 sequences with 547 columns, 404 distinct patterns
314 parsimony-informative, 61 singleton sites, 172 constant sites
                 Gap/Ambiguity  Composition  p-value
Analyzing sequences: done in 7.70632e-05 secs using 98.62% CPU
   1  Porphyrellus_01   47.35%    passed     49.16%
   2  Porphyrellus_02    6.22%    passed     95.29%
   3  Porphyrellus_03    2.74%    passed     94.89%
   4  Porphyrellus_04    0.55%    passed     83.03%
   5  Porphyrellus_05    0.55%    passed     96.60%
   6  Porphyrellus_06    0.55%    passed     94.55%
   7  Porphyrellus_07    0.91%    passed     52.00%
   8  Porphyrellus_08    0.91%    passed     52.00%
   9  Porphyrellus_09    0.55%    passed     80.20%
  10  Porphyrellus_10    0.55%    passed     80.20%
  11  Porphyrellus_11    0.55%    passed     80.20%
  12  Porphyrellus_12    7.86%    passed     76.49%
  13  Porphyrellus_13    2.19%    passed     66.70%
  14  Porphyrellus_14    0.18%    passed     93.31%
  15  Porphyrellus_15    1.46%    passed     99.54%
  16  Porphyrellus_16    0.73%    passed     54.21%
  17  Porphyrellus_17    1.46%    passed     96.34%
  18  Porphyrellus_18    1.28%    passed     88.80%
  19  Porphyrellus_19    0.18%    passed     93.90%
  20  Porphyrellus_20    0.37%    passed     94.06%
  21  Porphyrellus_21    1.28%    passed     81.98%
  22  Porphyrellus_22    2.74%    passed     83.51%
  23  Porphyrellus_23    1.28%    passed     81.98%
  24  Porphyrellus_24    1.28%    passed     81.98%
  25  Porphyrellus_25    2.38%    passed     85.19%
  26  Porphyrellus_26   15.90%    passed     70.51%
  27  Porphyrellus_27    1.28%    passed     81.98%
  28  Porphyrellus_28    1.28%    passed     84.42%
  29  Porphyrellus_29    1.28%    passed     81.98%
  30  Porphyrellus_30    1.28%    passed     81.98%
  31  Porphyrellus_31    1.28%    passed     84.42%
  32  Porphyrellus_32    6.40%    passed     81.51%
  33  Porphyrellus_33    7.31%    passed     84.77%
  34  Porphyrellus_34    8.41%    passed     68.78%
  35  Porphyrellus_35    8.41%    passed     68.78%
  36  Porphyrellus_36   31.26%    passed     78.77%
  37  Porphyrellus_37   94.88%    passed     19.55%
  38  Porphyrellus_38    2.38%    passed     93.65%
  39  Porphyrellus_39    2.38%    passed     95.77%
  40  Porphyrellus_40   10.42%    passed     83.72%
  41  Porphyrellus_41   10.42%    passed     86.00%
  42  Porphyrellus_42    7.86%    passed     81.72%
  43  Porphyrellus_43    7.50%    passed     78.25%
  44  Porphyrellus_44    3.11%    passed     96.08%
  45  Porphyrellus_45    3.47%    passed     96.63%
  46  Porphyrellus_46    3.47%    passed     94.90%
  47  Porphyrellus_47    3.11%    passed     96.08%
  48  Porphyrellus_48    3.11%    passed     96.08%
  49  Porphyrellus_49    0.55%    passed     95.16%
  50  Porphyrellus_50   19.01%    failed      0.01%
  51  Porphyrellus_51   10.79%    passed      6.87%
  52  Porphyrellus_52   40.40%    passed     23.17%
  53  Porphyrellus_53    5.12%    passed     20.67%
  54  Porphyrellus_54    9.69%    passed     38.22%
  55  Porphyrellus_55    5.12%    passed     20.67%
  56  Porphyrellus_56    5.12%    passed     17.55%
  57  Porphyrellus_57    9.14%    passed     21.21%
  58  Porphyrellus_58    4.75%    passed     15.30%
  59  Porphyrellus_59   34.55%    passed     76.72%
  60  Porphyrellus_60    4.75%    passed     73.40%
  61  Porphyrellus_61    0.55%    passed     83.03%
  62  Porphyrellus_62   17.00%    passed     73.48%
  63  Porphyrellus_63   33.82%    passed     60.04%
  64  Porphyrellus_64    7.13%    passed     69.09%
  65  Porphyrellus_65    0.55%    passed     83.03%
  66  Porphyrellus_66    2.56%    passed     90.39%
  67  Porphyrellus_67    2.38%    passed     90.59%
  68  Porphyrellus_68    1.46%    passed     83.72%
  69  Porphyrellus_69    0.73%    passed     66.77%
WARNING: 1 sequences contain more than 50% gaps/ambiguity
****  TOTAL              7.79%  1 sequences failed composition chi2 test (p-value<5%; df=3)
NOTE: Porphyrellus_61 is identical to Porphyrellus_04 but kept for subsequent analysis
NOTE: Porphyrellus_08 is identical to Porphyrellus_07 but kept for subsequent analysis
NOTE: Porphyrellus_10 is identical to Porphyrellus_09 but kept for subsequent analysis
NOTE: Porphyrellus_23 is identical to Porphyrellus_21 but kept for subsequent analysis
NOTE: Porphyrellus_35 is identical to Porphyrellus_34 but kept for subsequent analysis
NOTE: Porphyrellus_47 is identical to Porphyrellus_44 but kept for subsequent analysis
NOTE: Porphyrellus_55 is identical to Porphyrellus_53 but kept for subsequent analysis
Checking for duplicate sequences: done in 0.000300191 secs using 39.97% CPU
Identifying sites to remove: done in 0.000557136 secs using 53.85% CPU
NOTE: 7 identical sequences (see below) will be ignored for subsequent analysis
NOTE: Porphyrellus_65 (identical to Porphyrellus_04) is ignored but added at the end
NOTE: Porphyrellus_11 (identical to Porphyrellus_09) is ignored but added at the end
NOTE: Porphyrellus_24 (identical to Porphyrellus_21) is ignored but added at the end
NOTE: Porphyrellus_27 (identical to Porphyrellus_21) is ignored but added at the end
NOTE: Porphyrellus_29 (identical to Porphyrellus_21) is ignored but added at the end
NOTE: Porphyrellus_30 (identical to Porphyrellus_21) is ignored but added at the end
NOTE: Porphyrellus_48 (identical to Porphyrellus_44) is ignored but added at the end
Alignment was printed to data/packages/ITS/Porphyrellus/ref.uniqueseq.phy

For your convenience alignment with unique sequences printed to data/packages/ITS/Porphyrellus/ref.uniqueseq.phy


Create initial parsimony tree by phylogenetic likelihood library (PLL)... 0.006 seconds
Measuring multi-threading efficiency up to 72 CPU cores
Increase to 10 rounds for branch lengths
1093 trees examined
Threads: 1 / Time: 72.053 sec / Speedup: 1.000 / Efficiency: 100% / LogL: -14196
Threads: 2 / Time: 57.701 sec / Speedup: 1.249 / Efficiency: 62% / LogL: -14196
Threads: 3 / Time: 51.447 sec / Speedup: 1.401 / Efficiency: 47% / LogL: -14196
Determining AUTO threadcount: done in 181.203 secs using 184.8% CPU
BEST NUMBER OF THREADS: 2

Perform fast likelihood tree search using GTR+I+G model...
Estimate model parameters (epsilon = 5.000)
Perform nearest neighbor interchange...
Optimizing NNI: done in 0.110694 secs using 192.6% CPU
Estimate model parameters (epsilon = 1.000)
1. Initial log-likelihood: -5742.946
Optimal log-likelihood: -5742.649
Rate parameters:  A-C: 1.18786  A-G: 3.57698  A-T: 1.84977  C-G: 1.23511  C-T: 5.31219  G-T: 1.00000
Base frequencies:  A: 0.237  C: 0.247  G: 0.229  T: 0.287
Proportion of invariable sites: 0.160
Gamma shape alpha: 0.803
Parameters optimization took 1 rounds (0.032 sec)
Time for fast ML tree search: 0.252 seconds

NOTE: ModelFinder requires 9 MB RAM!
ModelFinder will test up to 968 DNA models (sample size: 547 epsilon: 0.100) ...
 No. Model         -LnL         df  AIC          AICc         BIC
  1  JC            6253.327     121 12748.654    12818.122    13269.492
  2  JC+I          5982.041     122 12208.081    12278.864    12733.224
  3  JC+G4         5912.414     122 12068.829    12139.612    12593.971
  4  JC+I+G4       5905.501     123 12057.002    12129.116    12586.450
  5  JC+R2         5910.152     123 12066.305    12138.418    12595.752
  6  JC+R3         5902.500     125 12055.000    12129.822    12593.056
  7  JC+R4         5901.758     127 12057.517    12135.111    12604.182
 14  JC+I+R2       5904.150     124 12056.299    12129.759    12590.051
 15  JC+I+R3       5901.632     126 12055.265    12131.465    12597.625
 25  JC+G4         5912.414     122 12068.829    12139.612    12593.971
 26  JC+I+G4       5905.501     123 12057.002    12129.116    12586.450
 27  JC+R2         5910.152     123 12066.305    12138.418    12595.752
 28  JC+R3         5902.500     125 12055.000    12129.822    12593.056
 36  JC+I+R2       5904.150     124 12056.299    12129.759    12590.051
 47  F81+G4        5912.427     122 12068.853    12139.636    12593.996
 48  F81+I+G4      5905.419     123 12056.837    12128.951    12586.284
 49  F81+R2        5909.363     123 12064.726    12136.839    12594.173
 50  F81+R3        5902.245     125 12054.489    12129.311    12592.545
 58  F81+I+R2      5904.000     124 12055.999    12129.459    12589.751
 69  F81+F+G4      5899.516     125 12049.033    12123.854    12587.089
 70  F81+F+I+G4    5892.162     126 12036.324    12112.524    12578.684
 71  F81+F+R2      5895.768     126 12043.537    12119.737    12585.897
 72  F81+F+R3      5888.766     128 12033.533    12112.538    12584.502
 80  F81+F+I+R2    5890.594     127 12035.189    12112.783    12581.854
 91  K2P+G4        5769.587     123 11785.174    11857.288    12314.622
 92  K2P+I+G4      5763.043     124 11774.087    11847.546    12307.838
 93  K2P+R2        5774.109     124 11796.219    11869.679    12329.971
 94  K2P+R3        5759.867     126 11771.733    11847.933    12314.094
102  K2P+I+R2      5766.951     125 11783.903    11858.725    12321.959
113  K2P+G4        5769.587     123 11785.174    11857.288    12314.622
114  K2P+I+G4      5763.043     124 11774.087    11847.546    12307.838
115  K2P+R2        5774.109     124 11796.219    11869.679    12329.971
116  K2P+R3        5759.867     126 11771.733    11847.933    12314.094
124  K2P+I+R2      5766.951     125 11783.903    11858.725    12321.959
135  HKY+G4        5769.575     123 11785.151    11857.264    12314.598
136  HKY+I+G4      5763.033     124 11774.067    11847.527    12307.819
137  HKY+R2        5773.950     124 11795.899    11869.359    12329.651
138  HKY+R3        5759.654     126 11771.308    11847.508    12313.668
146  HKY+I+R2      5766.907     125 11783.815    11858.636    12321.871
157  HKY+F+G4      5759.194     126 11770.388    11846.588    12312.748
158  HKY+F+I+G4    5752.735     127 11759.471    11837.065    12306.136
159  HKY+F+R2      5763.564     127 11781.128    11858.722    12327.793
160  HKY+F+R3      5749.150     129 11756.300    11836.731    12311.574
168  HKY+F+I+R2    5756.544     128 11769.087    11848.092    12320.057
179  TNe+G4        5755.685     124 11759.370    11832.830    12293.122
180  TNe+I+G4      5751.152     125 11752.304    11827.126    12290.360
181  TNe+R2        5764.195     125 11778.391    11853.212    12316.447
182  TNe+R3        5748.795     127 11751.590    11829.184    12298.255
190  TNe+I+R2      5756.304     126 11764.607    11840.807    12306.968
201  TNe+G4        5755.685     124 11759.370    11832.830    12293.122
202  TNe+I+G4      5751.152     125 11752.304    11827.126    12290.360
203  TNe+R2        5764.195     125 11778.391    11853.212    12316.447
204  TNe+R3        5748.795     127 11751.590    11829.184    12298.255
212  TNe+I+R2      5756.304     126 11764.607    11840.807    12306.968
223  TN+G4         5755.685     124 11759.370    11832.830    12293.122
224  TN+I+G4       5751.121     125 11752.241    11827.063    12290.297
225  TN+R2         5764.154     125 11778.308    11853.130    12316.364
226  TN+R3         5748.782     127 11751.564    11829.158    12298.229
234  TN+I+R2       5756.268     126 11764.536    11840.736    12306.897
245  TN+F+G4       5752.935     127 11759.869    11837.463    12306.534
246  TN+F+I+G4     5747.764     128 11751.527    11830.532    12302.497
247  TN+F+R2       5759.463     128 11774.925    11853.930    12325.895
248  TN+F+R3       5744.852     130 11749.703    11831.578    12309.281
256  TN+F+I+R2     5752.186     129 11762.371    11842.803    12317.645
267  K3P+G4        5766.867     124 11781.733    11855.193    12315.485
268  K3P+I+G4      5760.280     125 11770.561    11845.382    12308.617
269  K3P+R2        5771.284     125 11792.568    11867.390    12330.624
270  K3P+R3        5756.848     127 11767.695    11845.290    12314.360
278  K3P+I+R2      5764.160     126 11780.321    11856.521    12322.681
289  K3P+G4        5766.867     124 11781.733    11855.193    12315.485
290  K3P+I+G4      5760.280     125 11770.561    11845.382    12308.617
291  K3P+R2        5771.284     125 11792.568    11867.390    12330.624
292  K3P+R3        5756.848     127 11767.695    11845.290    12314.360
300  K3P+I+R2      5764.160     126 11780.321    11856.521    12322.681
311  K3Pu+G4       5766.870     124 11781.740    11855.200    12315.492
312  K3Pu+I+G4     5760.280     125 11770.561    11845.383    12308.617
313  K3Pu+R2       5771.258     125 11792.515    11867.337    12330.571
314  K3Pu+R3       5756.816     127 11767.632    11845.226    12314.297
322  K3Pu+I+R2     5764.148     126 11780.296    11856.496    12322.657
333  K3Pu+F+G4     5756.442     127 11766.885    11844.479    12313.550
334  K3Pu+F+I+G4   5749.940     128 11755.880    11834.885    12306.849
335  K3Pu+F+R2     5760.721     128 11777.442    11856.447    12328.411
336  K3Pu+F+R3     5746.391     130 11752.781    11834.656    12312.360
344  K3Pu+F+I+R2   5753.730     129 11765.461    11845.893    12320.735
355  TPM2+G4       5765.725     124 11779.450    11852.910    12313.202
356  TPM2+I+G4     5759.254     125 11768.508    11843.330    12306.565
357  TPM2+R2       5771.306     125 11792.611    11867.433    12330.667
358  TPM2+R3       5756.968     127 11767.937    11845.531    12314.602
366  TPM2+I+R2     5762.808     126 11777.615    11853.815    12319.976
377  TPM2+G4       5765.725     124 11779.450    11852.910    12313.202
378  TPM2+I+G4     5759.254     125 11768.508    11843.330    12306.565
379  TPM2+R2       5771.306     125 11792.611    11867.433    12330.667
380  TPM2+R3       5756.968     127 11767.937    11845.531    12314.602
388  TPM2+I+R2     5762.808     126 11777.615    11853.815    12319.976
399  TPM2u+G4      5765.730     124 11779.459    11852.919    12313.211
400  TPM2u+I+G4    5759.255     125 11768.511    11843.333    12306.567
401  TPM2u+R2      5771.286     125 11792.572    11867.394    12330.628
402  TPM2u+R3      5756.971     127 11767.942    11845.537    12314.607
410  TPM2u+I+R2    5762.770     126 11777.540    11853.740    12319.901
421  TPM2u+F+G4    5755.989     127 11765.978    11843.572    12312.643
422  TPM2u+F+I+G4  5749.586     128 11755.173    11834.177    12306.142
423  TPM2u+F+R2    5761.250     128 11778.500    11857.505    12329.470
424  TPM2u+F+R3    5747.093     130 11754.185    11836.060    12313.764
432  TPM2u+F+I+R2  5753.014     129 11764.029    11844.460    12319.303
443  TPM3+G4       5767.444     124 11782.888    11856.348    12316.640
444  TPM3+I+G4     5760.997     125 11771.994    11846.816    12310.050
445  TPM3+R2       5772.445     125 11794.891    11869.713    12332.947
446  TPM3+R3       5757.333     127 11768.665    11846.259    12315.330
454  TPM3+I+R2     5765.295     126 11782.590    11858.790    12324.950
465  TPM3+G4       5767.444     124 11782.888    11856.348    12316.640
466  TPM3+I+G4     5760.997     125 11771.994    11846.816    12310.050
467  TPM3+R2       5772.445     125 11794.891    11869.713    12332.947
468  TPM3+R3       5757.333     127 11768.665    11846.259    12315.330
476  TPM3+I+R2     5765.295     126 11782.590    11858.790    12324.950
487  TPM3u+G4      5767.450     124 11782.900    11856.360    12316.652
488  TPM3u+I+G4    5760.998     125 11771.995    11846.817    12310.051
489  TPM3u+R2      5772.424     125 11794.848    11869.669    12332.904
490  TPM3u+R3      5757.306     127 11768.613    11846.207    12315.278
498  TPM3u+I+R2    5765.278     126 11782.556    11858.756    12324.917
509  TPM3u+F+G4    5758.745     127 11771.491    11849.085    12318.156
510  TPM3u+F+I+G4  5752.287     128 11760.573    11839.578    12311.543
511  TPM3u+F+R2    5763.044     128 11782.088    11861.093    12333.058
512  TPM3u+F+R3    5748.442     130 11756.884    11838.759    12316.463
520  TPM3u+F+I+R2  5756.214     129 11770.428    11850.860    12325.702
531  TIMe+G4       5753.115     125 11756.230    11831.052    12294.286
532  TIMe+I+G4     5748.516     126 11749.033    11825.233    12291.393
533  TIMe+R2       5761.505     126 11775.011    11851.211    12317.371
534  TIMe+R3       5746.204     128 11748.408    11827.413    12299.377
542  TIMe+I+R2     5753.541     127 11761.081    11838.675    12307.746
553  TIMe+G4       5753.115     125 11756.230    11831.052    12294.286
554  TIMe+I+G4     5748.516     126 11749.033    11825.233    12291.393
555  TIMe+R2       5761.505     126 11775.011    11851.211    12317.371
556  TIMe+R3       5746.204     128 11748.408    11827.413    12299.377
564  TIMe+I+R2     5753.541     127 11761.081    11838.675    12307.746
575  TIM+G4        5753.114     125 11756.229    11831.051    12294.285
576  TIM+I+G4      5748.491     126 11748.983    11825.183    12291.343
577  TIM+R2        5761.499     126 11774.997    11851.197    12317.358
578  TIM+R3        5746.180     128 11748.359    11827.364    12299.329
586  TIM+I+R2      5753.535     127 11761.069    11838.664    12307.734
597  TIM+F+G4      5750.246     128 11756.492    11835.497    12307.462
598  TIM+F+I+G4    5745.015     129 11748.030    11828.462    12303.304
599  TIM+F+R2      5756.828     129 11771.657    11852.088    12326.931
600  TIM+F+R3      5742.183     131 11746.365    11829.700    12310.248
608  TIM+F+I+R2    5749.391     130 11758.782    11840.657    12318.360
619  TIM2e+G4      5751.863     125 11753.726    11828.548    12291.783
620  TIM2e+I+G4    5747.405     126 11746.809    11823.009    12289.170
621  TIM2e+R2      5761.829     126 11775.657    11851.857    12318.018
622  TIM2e+R3      5746.023     128 11748.047    11827.051    12299.016
630  TIM2e+I+R2    5752.612     127 11759.224    11836.818    12305.889
641  TIM2e+G4      5751.863     125 11753.726    11828.548    12291.783
642  TIM2e+I+G4    5747.405     126 11746.809    11823.009    12289.170
643  TIM2e+R2      5761.829     126 11775.657    11851.857    12318.018
644  TIM2e+R3      5746.023     128 11748.047    11827.051    12299.016
652  TIM2e+I+R2    5752.612     127 11759.224    11836.818    12305.889
663  TIM2+G4       5751.860     125 11753.719    11828.541    12291.775
664  TIM2+I+G4     5747.395     126 11746.790    11822.990    12289.150
665  TIM2+R2       5761.817     126 11775.635    11851.835    12317.995
666  TIM2+R3       5745.978     128 11747.956    11826.961    12298.925
674  TIM2+I+R2     5752.564     127 11759.127    11836.722    12305.792
685  TIM2+F+G4     5749.676     128 11755.353    11834.358    12306.322
686  TIM2+F+I+G4   5744.598     129 11747.196    11827.628    12302.470
687  TIM2+F+R2     5757.509     129 11773.019    11853.450    12328.293
688  TIM2+F+R3     5742.700     131 11747.400    11830.735    12311.283
696  TIM2+F+I+R2   5748.931     130 11757.862    11839.737    12317.441
707  TIM3e+G4      5753.110     125 11756.220    11831.042    12294.276
708  TIM3e+I+G4    5748.692     126 11749.385    11825.585    12291.745
709  TIM3e+R2      5762.528     126 11777.055    11853.255    12319.416
710  TIM3e+R3      5746.331     128 11748.661    11827.666    12299.631
718  TIM3e+I+R2    5754.391     127 11762.783    11840.377    12309.448
729  TIM3e+G4      5753.110     125 11756.220    11831.042    12294.276
730  TIM3e+I+G4    5748.692     126 11749.385    11825.585    12291.745
731  TIM3e+R2      5762.528     126 11777.055    11853.255    12319.416
732  TIM3e+R3      5746.331     128 11748.661    11827.666    12299.631
740  TIM3e+I+R2    5754.391     127 11762.783    11840.377    12309.448
751  TIM3+G4       5753.111     125 11756.222    11831.044    12294.278
752  TIM3+I+G4     5748.671     126 11749.342    11825.542    12291.703
753  TIM3+R2       5762.522     126 11777.044    11853.244    12319.405
754  TIM3+R3       5746.337     128 11748.675    11827.679    12299.644
762  TIM3+I+R2     5754.386     127 11762.772    11840.367    12309.437
773  TIM3+F+G4     5752.436     128 11760.872    11839.877    12311.841
774  TIM3+F+I+G4   5747.254     129 11752.508    11832.940    12307.782
775  TIM3+F+R2     5759.125     129 11776.249    11856.681    12331.523
776  TIM3+F+R3     5744.324     131 11750.647    11833.982    12314.530
784  TIM3+F+I+R2   5751.849     130 11763.698    11845.573    12323.276
795  TVMe+G4       5761.564     126 11775.128    11851.328    12317.489
796  TVMe+I+G4     5755.185     127 11764.371    11841.965    12311.036
797  TVMe+R2       5767.897     127 11789.795    11867.389    12336.460
798  TVMe+R3       5752.880     129 11763.760    11844.191    12319.034
806  TVMe+I+R2     5759.152     128 11774.304    11853.309    12325.273
817  TVMe+G4       5761.564     126 11775.128    11851.328    12317.489
818  TVMe+I+G4     5755.185     127 11764.371    11841.965    12311.036
819  TVMe+R2       5767.897     127 11789.795    11867.389    12336.460
820  TVMe+R3       5752.880     129 11763.760    11844.191    12319.034
828  TVMe+I+R2     5759.152     128 11774.304    11853.309    12325.273
839  TVM+G4        5761.561     126 11775.121    11851.321    12317.482
840  TVM+I+G4      5755.174     127 11764.347    11841.941    12311.012
841  TVM+R2        5767.875     127 11789.750    11867.345    12336.415
842  TVM+R3        5752.850     129 11763.700    11844.131    12318.974
850  TVM+I+R2      5759.123     128 11774.247    11853.251    12325.216
861  TVM+F+G4      5753.435     129 11764.870    11845.302    12320.144
862  TVM+F+I+G4    5747.021     130 11754.041    11835.916    12313.619
863  TVM+F+R2      5758.928     130 11777.857    11859.732    12337.435
864  TVM+F+R3      5744.480     132 11752.961    11837.772    12321.148
872  TVM+F+I+R2    5750.615     131 11763.229    11846.564    12327.112
883  SYM+G4        5747.265     127 11748.529    11826.124    12295.194
884  SYM+I+G4      5742.922     128 11741.844    11820.849    12292.814
885  SYM+R2        5758.200     128 11772.401    11851.406    12323.370
886  SYM+R3        5741.456     130 11742.913    11824.788    12302.491
894  SYM+I+R2      5748.592     129 11755.185    11835.616    12310.459
905  SYM+G4        5747.265     127 11748.529    11826.124    12295.194
906  SYM+I+G4      5742.922     128 11741.844    11820.849    12292.814
907  SYM+R2        5758.200     128 11772.401    11851.406    12323.370
908  SYM+R3        5741.456     130 11742.913    11824.788    12302.491
916  SYM+I+R2      5748.592     129 11755.185    11835.616    12310.459
927  GTR+G4        5747.268     127 11748.536    11826.131    12295.201
928  GTR+I+G4      5742.924     128 11741.848    11820.852    12292.817
929  GTR+R2        5758.200     128 11772.400    11851.405    12323.369
930  GTR+R3        5741.456     130 11742.911    11824.786    12302.490
938  GTR+I+R2      5748.589     129 11755.178    11835.610    12310.452
949  GTR+F+G4      5747.092     130 11754.185    11836.060    12313.763
950  GTR+F+I+G4    5741.998     131 11745.996    11829.331    12309.879
951  GTR+F+R2      5755.134     131 11772.268    11855.603    12336.151
952  GTR+F+R3      5740.034     133 11746.067    11832.372    12318.559
960  GTR+F+I+R2    5746.455     132 11756.909    11841.721    12325.096
Akaike Information Criterion:           SYM+I+G4
Corrected Akaike Information Criterion: SYM+I+G4
Bayesian Information Criterion:         TIM2+I+G4
Best-fit model: TIM2+I+G4 chosen according to BIC

All model information printed to data/packages/ITS/Porphyrellus/ref.model.gz
CPU time for ModelFinder: 357.311 seconds (0h:5m:57s)
Wall-clock time for ModelFinder: 192.557 seconds (0h:3m:12s)
Generating 1000 samples for ultrafast bootstrap (seed: 221057)...

NOTE: 4 MB RAM (0 GB) is required!
Estimate model parameters (epsilon = 0.100)
Thoroughly optimizing +I+G parameters from 10 start values...
Init pinv, alpha: 0.000, 0.984 / Estimate: 0.000, 0.503 / LogL: -5749.687
Init pinv, alpha: 0.035, 0.984 / Estimate: 0.042, 0.557 / LogL: -5748.502
Init pinv, alpha: 0.070, 0.984 / Estimate: 0.168, 0.823 / LogL: -5745.101
Init pinv, alpha: 0.105, 0.984 / Estimate: 0.169, 0.825 / LogL: -5745.090
Init pinv, alpha: 0.140, 0.984 / Estimate: 0.170, 0.830 / LogL: -5745.071
Init pinv, alpha: 0.175, 0.984 / Estimate: 0.187, 0.888 / LogL: -5744.793
Init pinv, alpha: 0.210, 0.984 / Estimate: 0.209, 0.981 / LogL: -5744.615
Init pinv, alpha: 0.245, 0.984 / Estimate: 0.224, 1.047 / LogL: -5744.669
Init pinv, alpha: 0.280, 0.984 / Estimate: 0.224, 1.046 / LogL: -5744.672
Init pinv, alpha: 0.314, 0.984 / Estimate: 0.227, 1.059 / LogL: -5744.707
Optimal pinv,alpha: 0.209, 0.981 / LogL: -5744.615

Parameters optimization took 1.214 sec
Wrote distance file to... 
Computing ML distances based on estimated model parameters...
Calculating distance matrix: done in 0.00855445 secs using 200.1% CPU
Computing ML distances took 0.008714 sec (of wall-clock time) 0.017283 sec (of CPU time)
Setting up auxiliary I and S matrices: done in 0.000174675 secs using 674.4% CPU
Constructing RapidNJ tree: done in 0.000526039 secs using 99.8% CPU
Computing RapidNJ tree took 0.000770 sec (of wall-clock time) 0.001775 sec (of CPU time)
Log-likelihood of RapidNJ tree: -5817.539
--------------------------------------------------------------------
|             INITIALIZING CANDIDATE TREE SET                      |
--------------------------------------------------------------------
Generating 98 parsimony trees... 0.605 second
Computing log-likelihood of 98 initial trees ... 0.520 seconds
Current best score: -5744.615

Do NNI search on 20 best initial trees
Optimizing NNI: done in 0.0906584 secs using 196.8% CPU
Estimate model parameters (epsilon = 0.100)
BETTER TREE FOUND at iteration 1: -5744.322
Optimizing NNI: done in 0.174148 secs using 194.5% CPU
Estimate model parameters (epsilon = 0.100)
UPDATE BEST LOG-LIKELIHOOD: -5744.295
Optimizing NNI: done in 0.188073 secs using 198.6% CPU
Optimizing NNI: done in 0.152635 secs using 198.7% CPU
Estimate model parameters (epsilon = 0.100)
BETTER TREE FOUND at iteration 4: -5741.336
Optimizing NNI: done in 0.171786 secs using 196.8% CPU
Optimizing NNI: done in 0.176193 secs using 196.8% CPU
BETTER TREE FOUND at iteration 6: -5741.335
Optimizing NNI: done in 0.19218 secs using 194% CPU
Optimizing NNI: done in 0.172328 secs using 198.4% CPU
Optimizing NNI: done in 0.154009 secs using 199.1% CPU
Optimizing NNI: done in 0.170404 secs using 194.8% CPU
Iteration 10 / LogL: -5744.338 / Time: 0h:3m:16s
Optimizing NNI: done in 0.173428 secs using 195.9% CPU
Optimizing NNI: done in 0.162945 secs using 197.4% CPU
Optimizing NNI: done in 0.156654 secs using 194.9% CPU
Optimizing NNI: done in 0.17057 secs using 197.7% CPU
UPDATE BEST LOG-LIKELIHOOD: -5741.335
Optimizing NNI: done in 0.190536 secs using 194.3% CPU
Optimizing NNI: done in 0.190251 secs using 196.9% CPU
Optimizing NNI: done in 0.182971 secs using 197.1% CPU
Optimizing NNI: done in 0.187348 secs using 196.4% CPU
Optimizing NNI: done in 0.17416 secs using 196.2% CPU
Optimizing NNI: done in 0.183105 secs using 196.4% CPU
Iteration 20 / LogL: -5744.336 / Time: 0h:3m:18s
Finish initializing candidate tree set (11)
Current best tree score: -5741.335 / CPU time: 4.631
Number of iterations: 20
--------------------------------------------------------------------
|               OPTIMIZING CANDIDATE TREE SET                      |
--------------------------------------------------------------------
Optimizing NNI: done in 0.198406 secs using 195.4% CPU
Estimate model parameters (epsilon = 0.100)
BETTER TREE FOUND at iteration 21: -5740.750
Optimizing NNI: done in 0.27264 secs using 197% CPU
BETTER TREE FOUND at iteration 22: -5740.748
Optimizing NNI: done in 0.241672 secs using 194.5% CPU
Optimizing NNI: done in 0.212135 secs using 196.7% CPU
Optimizing NNI: done in 0.22362 secs using 197.2% CPU
Optimizing NNI: done in 0.276526 secs using 194.5% CPU
Optimizing NNI: done in 0.201829 secs using 195.9% CPU
Optimizing NNI: done in 0.238701 secs using 195.2% CPU
Optimizing NNI: done in 0.203973 secs using 196.8% CPU
Optimizing NNI: done in 0.241105 secs using 196.4% CPU
Iteration 30 / LogL: -5741.377 / Time: 0h:3m:20s (0h:0m:26s left)
Optimizing NNI: done in 0.188318 secs using 193.8% CPU
Optimizing NNI: done in 0.252687 secs using 194.7% CPU
Optimizing NNI: done in 0.224647 secs using 196.4% CPU
Optimizing NNI: done in 0.174733 secs using 194.2% CPU
Optimizing NNI: done in 0.252931 secs using 196.2% CPU
Optimizing NNI: done in 0.181699 secs using 194.8% CPU
Optimizing NNI: done in 0.211713 secs using 195.7% CPU
Optimizing NNI: done in 0.181592 secs using 195.6% CPU
Optimizing NNI: done in 0.180617 secs using 196.6% CPU
Optimizing NNI: done in 0.200449 secs using 198.1% CPU
Iteration 40 / LogL: -5741.011 / Time: 0h:3m:22s (0h:0m:21s left)
Optimizing NNI: done in 0.185793 secs using 195.5% CPU
Optimizing NNI: done in 0.17995 secs using 195.9% CPU
Optimizing NNI: done in 0.225672 secs using 198.1% CPU
Optimizing NNI: done in 0.164725 secs using 196.3% CPU
Optimizing NNI: done in 0.255719 secs using 195.1% CPU
Optimizing NNI: done in 0.209694 secs using 196.1% CPU
Optimizing NNI: done in 0.267781 secs using 198% CPU
Optimizing NNI: done in 0.186529 secs using 195.1% CPU
Optimizing NNI: done in 0.20212 secs using 194.6% CPU
Optimizing NNI: done in 0.226342 secs using 196.5% CPU
Iteration 50 / LogL: -5740.981 / Time: 0h:3m:25s (0h:0m:18s left)
Log-likelihood cutoff on original alignment: -5771.543
Optimizing NNI: done in 0.242993 secs using 194.8% CPU
Optimizing NNI: done in 0.235885 secs using 196.7% CPU
Optimizing NNI: done in 0.272157 secs using 195.3% CPU
Optimizing NNI: done in 0.161779 secs using 198% CPU
Optimizing NNI: done in 0.235117 secs using 196.7% CPU
Optimizing NNI: done in 0.199585 secs using 195.3% CPU
Optimizing NNI: done in 0.226878 secs using 195.8% CPU
Optimizing NNI: done in 0.215949 secs using 193.8% CPU
Optimizing NNI: done in 0.207689 secs using 196.5% CPU
Optimizing NNI: done in 0.176223 secs using 195.5% CPU
Iteration 60 / LogL: -5764.152 / Time: 0h:3m:27s (0h:0m:15s left)
Optimizing NNI: done in 0.200083 secs using 193.2% CPU
Optimizing NNI: done in 0.1781 secs using 196.9% CPU
Optimizing NNI: done in 0.197823 secs using 196.8% CPU
Optimizing NNI: done in 0.157794 secs using 194.8% CPU
Optimizing NNI: done in 0.221848 secs using 196.5% CPU
Optimizing NNI: done in 0.252628 secs using 196.3% CPU
Optimizing NNI: done in 0.190345 secs using 191.7% CPU
Optimizing NNI: done in 0.255843 secs using 197.1% CPU
Optimizing NNI: done in 0.218853 secs using 195.1% CPU
Optimizing NNI: done in 0.161918 secs using 197.9% CPU
Iteration 70 / LogL: -5740.749 / Time: 0h:3m:29s (0h:0m:12s left)
Optimizing NNI: done in 0.266512 secs using 195.4% CPU
Optimizing NNI: done in 0.195327 secs using 197% CPU
Optimizing NNI: done in 0.167775 secs using 195.5% CPU
Optimizing NNI: done in 0.18925 secs using 194.9% CPU
Optimizing NNI: done in 0.256189 secs using 198.4% CPU
Optimizing NNI: done in 0.267615 secs using 195.3% CPU
Optimizing NNI: done in 0.166915 secs using 195.5% CPU
Optimizing NNI: done in 0.198938 secs using 195.8% CPU
Optimizing NNI: done in 0.226479 secs using 195.1% CPU
Optimizing NNI: done in 0.19396 secs using 197.2% CPU
Iteration 80 / LogL: -5740.752 / Time: 0h:3m:31s (0h:0m:10s left)
Optimizing NNI: done in 0.211032 secs using 195.8% CPU
Optimizing NNI: done in 0.229262 secs using 194.8% CPU
Optimizing NNI: done in 0.223077 secs using 196.1% CPU
Optimizing NNI: done in 0.195316 secs using 196.9% CPU
Optimizing NNI: done in 0.227396 secs using 196.9% CPU
Optimizing NNI: done in 0.251912 secs using 198.2% CPU
Optimizing NNI: done in 0.230502 secs using 195.6% CPU
Optimizing NNI: done in 0.197813 secs using 197.3% CPU
Optimizing NNI: done in 0.192243 secs using 197% CPU
Optimizing NNI: done in 0.205454 secs using 195.6% CPU
Iteration 90 / LogL: -5741.794 / Time: 0h:3m:34s (0h:0m:7s left)
Optimizing NNI: done in 0.219207 secs using 195.1% CPU
Optimizing NNI: done in 0.255727 secs using 197.8% CPU
Optimizing NNI: done in 0.187717 secs using 196.2% CPU
Optimizing NNI: done in 0.20808 secs using 195.4% CPU
Optimizing NNI: done in 0.185239 secs using 194.3% CPU
Optimizing NNI: done in 0.274741 secs using 194.4% CPU
Optimizing NNI: done in 0.208432 secs using 192.9% CPU
Optimizing NNI: done in 0.203677 secs using 195% CPU
Optimizing NNI: done in 0.238135 secs using 195.5% CPU
Optimizing NNI: done in 0.235356 secs using 196.2% CPU
Iteration 100 / LogL: -5740.751 / Time: 0h:3m:36s (0h:0m:5s left)
Log-likelihood cutoff on original alignment: -5771.543
NOTE: Bootstrap correlation coefficient of split occurrence frequencies: 0.997
Optimizing NNI: done in 0.209086 secs using 195.4% CPU
Optimizing NNI: done in 0.187409 secs using 195.3% CPU
Optimizing NNI: done in 0.185831 secs using 197.2% CPU
Optimizing NNI: done in 0.23695 secs using 195.6% CPU
Optimizing NNI: done in 0.31791 secs using 196.3% CPU
Optimizing NNI: done in 0.255151 secs using 194.2% CPU
Optimizing NNI: done in 0.197208 secs using 191.5% CPU
Optimizing NNI: done in 0.250688 secs using 197.5% CPU
Optimizing NNI: done in 0.219191 secs using 197.4% CPU
Optimizing NNI: done in 0.138105 secs using 194.6% CPU
Iteration 110 / LogL: -5836.500 / Time: 0h:3m:38s (0h:0m:21s left)
Optimizing NNI: done in 0.213771 secs using 196.1% CPU
Optimizing NNI: done in 0.250166 secs using 196.4% CPU
Optimizing NNI: done in 0.237095 secs using 197.6% CPU
Optimizing NNI: done in 0.214169 secs using 195% CPU
Optimizing NNI: done in 0.209217 secs using 193% CPU
Optimizing NNI: done in 0.294891 secs using 195.4% CPU
Optimizing NNI: done in 0.188334 secs using 194.8% CPU
Optimizing NNI: done in 0.280921 secs using 195.1% CPU
Optimizing NNI: done in 0.193382 secs using 197% CPU
Optimizing NNI: done in 0.270496 secs using 195.5% CPU
Iteration 120 / LogL: -5740.750 / Time: 0h:3m:41s (0h:0m:19s left)
Optimizing NNI: done in 0.229451 secs using 194.8% CPU
Optimizing NNI: done in 0.186944 secs using 196.1% CPU
Optimizing NNI: done in 0.233014 secs using 194.2% CPU
TREE SEARCH COMPLETED AFTER 123 ITERATIONS / Time: 0h:3m:41s

--------------------------------------------------------------------
|                    FINALIZING TREE SEARCH                        |
--------------------------------------------------------------------
Performs final model parameters optimization
Estimate model parameters (epsilon = 0.010)
1. Initial log-likelihood: -5740.748
Optimal log-likelihood: -5740.744
Rate parameters:  A-C: 1.46977  A-G: 3.34700  A-T: 1.46977  C-G: 1.00000  C-T: 4.92746  G-T: 1.00000
Base frequencies:  A: 0.237  C: 0.247  G: 0.229  T: 0.287
Proportion of invariable sites: 0.207
Gamma shape alpha: 0.939
Parameters optimization took 1 rounds (0.016 sec)
BEST SCORE FOUND : -5740.744
Creating bootstrap support values...
Split supports printed to NEXUS file data/packages/ITS/Porphyrellus/ref.splits.nex
Total tree length: 5.248

Total number of iterations: 123
CPU time used for tree search: 53.697 sec (0h:0m:53s)
Wall-clock time used for tree search: 28.103 sec (0h:0m:28s)
Total CPU time used: 413.725 sec (0h:6m:53s)
Total wall-clock time used: 222.108 sec (0h:3m:42s)

Computing bootstrap consensus tree...
Reading input file data/packages/ITS/Porphyrellus/ref.splits.nex...
62 taxa and 429 splits.
Consensus tree written to data/packages/ITS/Porphyrellus/ref.contree
Reading input trees file data/packages/ITS/Porphyrellus/ref.contree
Log-likelihood of consensus tree: -5740.785

Analysis results written to: 
  IQ-TREE report:                data/packages/ITS/Porphyrellus/ref.iqtree
  Maximum-likelihood tree:       data/packages/ITS/Porphyrellus/ref.treefile
  Likelihood distances:          data/packages/ITS/Porphyrellus/ref.mldist

Ultrafast bootstrap approximation results written to:
  Split support values:          data/packages/ITS/Porphyrellus/ref.splits.nex
  Consensus tree:                data/packages/ITS/Porphyrellus/ref.contree
  Screen log file:               data/packages/ITS/Porphyrellus/ref.log

Date and Time: Mon Aug 18 18:32:18 2025
