IQ-TREE version 3.0.1 for Linux x86 64-bit built May  5 2025
Developed by Bui Quang Minh, Thomas Wong, Nhan Ly-Trong, Huaiyan Ren
Contributed by Lam-Tung Nguyen, Dominik Schrempf, Chris Bielow,
Olga Chernomor, Michael Woodhams, Diep Thi Hoang, Heiko Schmidt

Host:    lnx820.umnh.utah.edu (AVX2, FMA3, 865 GB RAM)
Command: /home/bdentinger/iqtree-3.0.1-Linux/bin/iqtree3_intel -s data/packages/ITS/Octaviania/aln.masked.fasta -m MFP -bb 1000 -nt AUTO -pre data/packages/ITS/Octaviania/ref
Seed:    194720 (Using SPRNG - Scalable Parallel Random Number Generator)
Time:    Mon Aug 18 18:30:49 2025
Kernel:  AVX+FMA - auto-detect threads (72 CPU cores detected)

Reading alignment file data/packages/ITS/Octaviania/aln.masked.fasta ... Fasta format detected
Reading fasta file: done in 0.00113037 secs using 8.581% CPU
Alignment most likely contains DNA/RNA sequences
Constructing alignment: done in 0.00107708 secs using 66.85% CPU
Alignment has 134 sequences with 489 columns, 375 distinct patterns
260 parsimony-informative, 78 singleton sites, 151 constant sites
                Gap/Ambiguity  Composition  p-value
Analyzing sequences: done in 0.000132963 secs using 54.9% CPU
   1  Octaviania_001   14.72%    passed     85.98%
   2  Octaviania_002   28.43%    passed     40.38%
   3  Octaviania_003   13.09%    passed     90.43%
   4  Octaviania_004   15.75%    passed     81.40%
   5  Octaviania_005   13.09%    passed     90.43%
   6  Octaviania_006    2.25%    passed     99.85%
   7  Octaviania_007   15.75%    passed     97.91%
   8  Octaviania_008    6.34%    passed     99.48%
   9  Octaviania_009   38.85%    passed     52.43%
  10  Octaviania_010   26.79%    passed     66.93%
  11  Octaviania_011   26.79%    passed     66.93%
  12  Octaviania_012    0.82%    passed     99.27%
  13  Octaviania_013    0.20%    passed     85.76%
  14  Octaviania_014    0.20%    passed     85.76%
  15  Octaviania_015    0.20%    passed     85.76%
  16  Octaviania_016    0.20%    passed     85.76%
  17  Octaviania_017    0.20%    passed     89.24%
  18  Octaviania_018    0.20%    passed     85.76%
  19  Octaviania_019    0.20%    passed     82.30%
  20  Octaviania_020    0.20%    passed     91.72%
  21  Octaviania_021    0.20%    passed     91.72%
  22  Octaviania_022    0.20%    passed     91.72%
  23  Octaviania_023   14.31%    failed      0.00%
  24  Octaviania_024    6.54%    passed     86.94%
  25  Octaviania_025    0.41%    passed     79.01%
  26  Octaviania_026    8.18%    passed     68.54%
  27  Octaviania_027    1.64%    passed     70.46%
  28  Octaviania_028    4.70%    passed     56.15%
  29  Octaviania_029    0.20%    passed     83.65%
  30  Octaviania_030    0.20%    passed     78.05%
  31  Octaviania_031    0.20%    passed     78.05%
  32  Octaviania_032   65.03%    passed     42.32%
  33  Octaviania_033    0.00%    passed     71.10%
  34  Octaviania_034    1.23%    passed     65.11%
  35  Octaviania_035    1.23%    passed     71.30%
  36  Octaviania_036    1.23%    passed     65.11%
  37  Octaviania_037   41.92%    passed     89.32%
  38  Octaviania_038    1.23%    passed     65.11%
  39  Octaviania_039    1.64%    passed     69.44%
  40  Octaviania_040    4.09%    passed     85.76%
  41  Octaviania_041    1.23%    passed     89.45%
  42  Octaviania_042    2.45%    passed     90.45%
  43  Octaviania_043    0.82%    passed     99.27%
  44  Octaviania_044    0.82%    passed     99.27%
  45  Octaviania_045    0.82%    passed     99.27%
  46  Octaviania_046    2.04%    passed     97.24%
  47  Octaviania_047   12.68%    passed     99.18%
  48  Octaviania_048    2.04%    passed     97.84%
  49  Octaviania_049    1.23%    passed     99.83%
  50  Octaviania_050    8.18%    passed     99.42%
  51  Octaviania_051    0.41%    passed     97.98%
  52  Octaviania_052   66.87%    passed     17.49%
  53  Octaviania_053    9.20%    passed     91.16%
  54  Octaviania_054   33.33%    passed     96.33%
  55  Octaviania_055    0.41%    passed     99.70%
  56  Octaviania_056    0.20%    passed     83.65%
  57  Octaviania_057    4.50%    passed     96.86%
  58  Octaviania_058    8.18%    passed     99.42%
  59  Octaviania_059    0.20%    passed     92.68%
  60  Octaviania_060    0.20%    passed     83.19%
  61  Octaviania_061    0.20%    passed     83.65%
  62  Octaviania_062   19.84%    failed      0.00%
  63  Octaviania_063    7.98%    passed     99.50%
  64  Octaviania_064   40.90%    passed     80.19%
  65  Octaviania_065    2.45%    passed     80.68%
  66  Octaviania_066    4.29%    passed     89.81%
  67  Octaviania_067    1.64%    passed     83.15%
  68  Octaviania_068    0.20%    passed     85.76%
  69  Octaviania_069    0.20%    passed     85.76%
  70  Octaviania_070    0.20%    passed     85.76%
  71  Octaviania_071    0.20%    passed     93.28%
  72  Octaviania_072    0.00%    passed     78.05%
  73  Octaviania_073    0.20%    passed     81.58%
  74  Octaviania_074    0.00%    passed     78.05%
  75  Octaviania_075    0.41%    passed     84.83%
  76  Octaviania_076    4.29%    passed     86.89%
  77  Octaviania_077    4.50%    passed     94.04%
  78  Octaviania_078    5.11%    passed     47.78%
  79  Octaviania_079    4.50%    passed     96.86%
  80  Octaviania_080    1.64%    passed     80.66%
  81  Octaviania_081   15.13%    passed     93.66%
  82  Octaviania_082    3.27%    passed     58.20%
  83  Octaviania_083    2.04%    passed     92.84%
  84  Octaviania_084    2.86%    passed     99.29%
  85  Octaviania_085    0.41%    passed     99.70%
  86  Octaviania_086    6.54%    passed     97.94%
  87  Octaviania_087    8.18%    passed     99.03%
  88  Octaviania_088    3.89%    passed     99.25%
  89  Octaviania_089    7.77%    passed     99.56%
  90  Octaviania_090   11.45%    passed     94.20%
  91  Octaviania_091   11.45%    passed     56.43%
  92  Octaviania_092    5.52%    passed     94.25%
  93  Octaviania_093    5.52%    passed     94.25%
  94  Octaviania_094   11.25%    passed     64.66%
  95  Octaviania_095    0.82%    passed     88.98%
  96  Octaviania_096    1.64%    passed     80.66%
  97  Octaviania_097    1.64%    passed     80.66%
  98  Octaviania_098    1.64%    passed     80.66%
  99  Octaviania_099   15.13%    passed     93.66%
 100  Octaviania_100    3.27%    passed     75.25%
 101  Octaviania_101    0.20%    passed     94.64%
 102  Octaviania_102    3.89%    passed     83.49%
 103  Octaviania_103    3.89%    passed     87.99%
 104  Octaviania_104    7.77%    passed     93.39%
 105  Octaviania_105    1.43%    passed     89.69%
 106  Octaviania_106    0.20%    passed     99.56%
 107  Octaviania_107    0.61%    passed     99.37%
 108  Octaviania_108    0.41%    passed     78.88%
 109  Octaviania_109    0.41%    passed     78.88%
 110  Octaviania_110    4.50%    passed     96.86%
 111  Octaviania_111    4.50%    passed     96.86%
 112  Octaviania_112    0.61%    passed     64.93%
 113  Octaviania_113    3.27%    passed     58.20%
 114  Octaviania_114    0.41%    passed     99.70%
 115  Octaviania_115    4.50%    passed     96.86%
 116  Octaviania_116    0.61%    passed     64.93%
 117  Octaviania_117    0.61%    passed     64.93%
 118  Octaviania_118    0.61%    passed     64.93%
 119  Octaviania_119    3.27%    passed     58.20%
 120  Octaviania_120    3.27%    passed     58.20%
 121  Octaviania_121    3.27%    passed     58.20%
 122  Octaviania_122    4.50%    passed     32.82%
 123  Octaviania_123    4.91%    passed     44.62%
 124  Octaviania_124    4.50%    passed     38.42%
 125  Octaviania_125    4.50%    passed     38.42%
 126  Octaviania_126    5.11%    passed     47.78%
 127  Octaviania_127    5.32%    passed     48.26%
 128  Octaviania_128    5.32%    passed     77.50%
 129  Octaviania_129    8.79%    passed     84.08%
 130  Octaviania_130    7.16%    passed     89.45%
 131  Octaviania_131   11.86%    passed     86.62%
 132  Octaviania_132   30.88%    passed     40.13%
 133  Octaviania_133    7.98%    passed     50.12%
 134  Octaviania_134    7.98%    passed     50.90%
WARNING: 2 sequences contain more than 50% gaps/ambiguity
****  TOTAL             6.64%  2 sequences failed composition chi2 test (p-value<5%; df=3)
NOTE: Octaviania_005 is identical to Octaviania_003 but kept for subsequent analysis
NOTE: Octaviania_011 is identical to Octaviania_010 but kept for subsequent analysis
NOTE: Octaviania_043 is identical to Octaviania_012 but kept for subsequent analysis
NOTE: Octaviania_014 is identical to Octaviania_013 but kept for subsequent analysis
NOTE: Octaviania_021 is identical to Octaviania_020 but kept for subsequent analysis
NOTE: Octaviania_056 is identical to Octaviania_029 but kept for subsequent analysis
NOTE: Octaviania_031 is identical to Octaviania_030 but kept for subsequent analysis
NOTE: Octaviania_036 is identical to Octaviania_034 but kept for subsequent analysis
NOTE: Octaviania_058 is identical to Octaviania_050 but kept for subsequent analysis
NOTE: Octaviania_085 is identical to Octaviania_055 but kept for subsequent analysis
NOTE: Octaviania_079 is identical to Octaviania_057 but kept for subsequent analysis
NOTE: Octaviania_074 is identical to Octaviania_072 but kept for subsequent analysis
NOTE: Octaviania_126 is identical to Octaviania_078 but kept for subsequent analysis
NOTE: Octaviania_096 is identical to Octaviania_080 but kept for subsequent analysis
NOTE: Octaviania_099 is identical to Octaviania_081 but kept for subsequent analysis
NOTE: Octaviania_113 is identical to Octaviania_082 but kept for subsequent analysis
NOTE: Octaviania_093 is identical to Octaviania_092 but kept for subsequent analysis
NOTE: Octaviania_109 is identical to Octaviania_108 but kept for subsequent analysis
NOTE: Octaviania_116 is identical to Octaviania_112 but kept for subsequent analysis
NOTE: Octaviania_125 is identical to Octaviania_124 but kept for subsequent analysis
Checking for duplicate sequences: done in 0.000663245 secs using 93.48% CPU
Identifying sites to remove: done in 0.000753773 secs using 99.23% CPU
NOTE: 22 identical sequences (see below) will be ignored for subsequent analysis
NOTE: Octaviania_044 (identical to Octaviania_012) is ignored but added at the end
NOTE: Octaviania_045 (identical to Octaviania_012) is ignored but added at the end
NOTE: Octaviania_015 (identical to Octaviania_013) is ignored but added at the end
NOTE: Octaviania_016 (identical to Octaviania_013) is ignored but added at the end
NOTE: Octaviania_018 (identical to Octaviania_013) is ignored but added at the end
NOTE: Octaviania_068 (identical to Octaviania_013) is ignored but added at the end
NOTE: Octaviania_069 (identical to Octaviania_013) is ignored but added at the end
NOTE: Octaviania_070 (identical to Octaviania_013) is ignored but added at the end
NOTE: Octaviania_022 (identical to Octaviania_020) is ignored but added at the end
NOTE: Octaviania_061 (identical to Octaviania_029) is ignored but added at the end
NOTE: Octaviania_038 (identical to Octaviania_034) is ignored but added at the end
NOTE: Octaviania_114 (identical to Octaviania_055) is ignored but added at the end
NOTE: Octaviania_110 (identical to Octaviania_057) is ignored but added at the end
NOTE: Octaviania_111 (identical to Octaviania_057) is ignored but added at the end
NOTE: Octaviania_115 (identical to Octaviania_057) is ignored but added at the end
NOTE: Octaviania_097 (identical to Octaviania_080) is ignored but added at the end
NOTE: Octaviania_098 (identical to Octaviania_080) is ignored but added at the end
NOTE: Octaviania_119 (identical to Octaviania_082) is ignored but added at the end
NOTE: Octaviania_120 (identical to Octaviania_082) is ignored but added at the end
NOTE: Octaviania_121 (identical to Octaviania_082) is ignored but added at the end
NOTE: Octaviania_117 (identical to Octaviania_112) is ignored but added at the end
NOTE: Octaviania_118 (identical to Octaviania_112) is ignored but added at the end
Alignment was printed to data/packages/ITS/Octaviania/ref.uniqueseq.phy

For your convenience alignment with unique sequences printed to data/packages/ITS/Octaviania/ref.uniqueseq.phy


Create initial parsimony tree by phylogenetic likelihood library (PLL)... 0.012 seconds
Measuring multi-threading efficiency up to 72 CPU cores
Increase to 10 rounds for branch lengths
540 trees examined
Threads: 1 / Time: 72.002 sec / Speedup: 1.000 / Efficiency: 100% / LogL: -15477
Threads: 2 / Time: 50.882 sec / Speedup: 1.415 / Efficiency: 71% / LogL: -15477
Threads: 3 / Time: 43.251 sec / Speedup: 1.665 / Efficiency: 55% / LogL: -15477
Threads: 4 / Time: 45.690 sec / Speedup: 1.576 / Efficiency: 39% / LogL: -15477
Determining AUTO threadcount: done in 211.828 secs using 225.3% CPU
BEST NUMBER OF THREADS: 3

Perform fast likelihood tree search using GTR+I+G model...
Estimate model parameters (epsilon = 5.000)
Perform nearest neighbor interchange...
Optimizing NNI: done in 0.204066 secs using 292.7% CPU
Estimate model parameters (epsilon = 1.000)
1. Initial log-likelihood: -5974.973
Optimal log-likelihood: -5974.547
Rate parameters:  A-C: 2.12082  A-G: 3.41307  A-T: 2.37721  C-G: 1.07754  C-T: 4.90168  G-T: 1.00000
Base frequencies:  A: 0.260  C: 0.195  G: 0.227  T: 0.318
Proportion of invariable sites: 0.144
Gamma shape alpha: 0.630
Parameters optimization took 1 rounds (0.047 sec)
Time for fast ML tree search: 0.410 seconds

NOTE: ModelFinder requires 15 MB RAM!
ModelFinder will test up to 968 DNA models (sample size: 489 epsilon: 0.100) ...
 No. Model         -LnL         df  AIC          AICc         BIC
  1  JC            6510.262     221 13462.523    13830.029    14389.035
  2  JC+I          6259.137     222 12962.274    13334.500    13892.979
  3  JC+G4         6091.953     222 12627.906    13000.131    13558.610
  4  JC+I+G4       6090.314     223 12626.627    13003.623    13561.524
  5  JC+R2         6147.037     223 12740.075    13117.071    13674.971
  6  JC+R3         6096.070     225 12642.140    13028.832    13585.421
  7  JC+R4         6084.473     227 12622.947    13019.544    13574.613
  8  JC+R5         6080.760     229 12619.519    13026.238    13579.570
 14  JC+I+R2       6079.093     224 12606.186    12988.004    13545.275
 15  JC+I+R3       6076.972     226 12605.945    12997.563    13553.419
 36  JC+I+R2       6079.093     224 12606.186    12988.004    13545.275
 37  JC+I+R3       6076.972     226 12605.945    12997.563    13553.419
 58  F81+I+R2      6079.093     224 12606.186    12988.004    13545.275
 59  F81+I+R3      6074.176     226 12600.352    12991.970    13547.826
 80  F81+F+I+R2    6069.020     227 12592.039    12988.637    13543.706
 81  F81+F+I+R3    6064.034     229 12586.068    12992.786    13546.119
102  K2P+I+R2      6008.696     225 12467.392    12854.084    13410.673
103  K2P+I+R3      6001.666     227 12457.332    12853.930    13408.998
124  K2P+I+R2      6008.696     225 12467.392    12854.084    13410.673
125  K2P+I+R3      6001.666     227 12457.332    12853.930    13408.998
146  HKY+I+R2      6008.695     225 12467.390    12854.082    13410.671
147  HKY+I+R3      6001.627     227 12457.254    12853.852    13408.921
168  HKY+F+I+R2    5991.511     228 12439.021    12840.652    13394.880
169  HKY+F+I+R3    5984.256     230 12428.512    12840.372    13392.755
190  TNe+I+R2      6004.149     226 12460.298    12851.916    13407.772
191  TNe+I+R3      5996.415     228 12448.830    12850.461    13404.689
212  TNe+I+R2      6004.149     226 12460.298    12851.916    13407.772
213  TNe+I+R3      5996.415     228 12448.830    12850.461    13404.689
234  TN+I+R2       6004.147     226 12460.294    12851.913    13407.768
235  TN+I+R3       5996.412     228 12448.824    12850.454    13404.682
256  TN+F+I+R2     5987.169     229 12432.338    12839.056    13392.389
257  TN+F+I+R3     5979.658     231 12421.316    12838.374    13389.752
278  K3P+I+R2      6003.826     226 12459.653    12851.271    13407.127
279  K3P+I+R3      5996.403     228 12448.806    12850.436    13404.664
300  K3P+I+R2      6003.826     226 12459.653    12851.271    13407.127
301  K3P+I+R3      5996.403     228 12448.806    12850.436    13404.664
322  K3Pu+I+R2     6003.825     226 12459.650    12851.268    13407.124
323  K3Pu+I+R3     5996.388     228 12448.777    12850.408    13404.635
344  K3Pu+F+I+R2   5988.797     229 12435.595    12842.313    13395.646
345  K3Pu+F+I+R3   5981.309     231 12424.619    12841.677    13393.054
366  TPM2+I+R2     5980.027     226 12412.054    12803.672    13359.528
367  TPM2+I+R3     5972.362     228 12400.723    12802.354    13356.582
388  TPM2+I+R2     5980.027     226 12412.054    12803.672    13359.528
389  TPM2+I+R3     5972.362     228 12400.723    12802.354    13356.582
410  TPM2u+I+R2    5980.027     226 12412.054    12803.672    13359.528
411  TPM2u+I+R3    5972.359     228 12400.719    12802.349    13356.577
432  TPM2u+F+I+R2  5970.740     229 12399.480    12806.198    13359.531
433  TPM2u+F+I+R3  5963.002     231 12388.004    12805.062    13356.440
454  TPM3+I+R2     5999.781     226 12451.562    12843.181    13399.036
455  TPM3+I+R3     5991.806     228 12439.612    12841.243    13395.471
476  TPM3+I+R2     5999.781     226 12451.562    12843.181    13399.036
477  TPM3+I+R3     5991.806     228 12439.612    12841.243    13395.471
498  TPM3u+I+R2    5999.774     226 12451.548    12843.166    13399.022
499  TPM3u+I+R3    5991.777     228 12439.554    12841.185    13395.412
520  TPM3u+F+I+R2  5991.212     229 12440.424    12847.142    13400.475
521  TPM3u+F+I+R3  5983.908     231 12429.816    12846.874    13398.252
542  TIMe+I+R2     5999.221     227 12452.441    12849.039    13404.108
543  TIMe+I+R3     5991.135     229 12440.269    12846.987    13400.320
564  TIMe+I+R2     5999.221     227 12452.441    12849.039    13404.108
565  TIMe+I+R3     5991.135     229 12440.269    12846.987    13400.320
586  TIM+I+R2      5999.221     227 12452.442    12849.040    13404.109
587  TIM+I+R3      5991.134     229 12440.269    12846.987    13400.320
608  TIM+F+I+R2    5984.444     230 12428.887    12840.748    13393.131
609  TIM+F+I+R3    5976.669     232 12417.338    12839.651    13389.966
630  TIM2e+I+R2    5976.458     227 12406.916    12803.514    13358.582
631  TIM2e+I+R3    5967.474     229 12392.947    12799.666    13352.998
652  TIM2e+I+R2    5976.458     227 12406.916    12803.514    13358.582
653  TIM2e+I+R3    5967.474     229 12392.947    12799.666    13352.998
674  TIM2+I+R2     5976.457     227 12406.914    12803.511    13358.580
675  TIM2+I+R3     5967.473     229 12392.947    12799.665    13352.998
696  TIM2+F+I+R2   5967.307     230 12394.614    12806.475    13358.858
697  TIM2+F+I+R3   5958.570     232 12381.139    12803.452    13353.768
718  TIM3e+I+R2    5994.806     227 12443.612    12840.210    13395.278
719  TIM3e+I+R3    5985.909     229 12429.819    12836.537    13389.870
740  TIM3e+I+R2    5994.806     227 12443.612    12840.210    13395.278
741  TIM3e+I+R3    5985.909     229 12429.819    12836.537    13389.870
762  TIM3+I+R2     5994.796     227 12443.592    12840.189    13395.258
763  TIM3+I+R3     5985.869     229 12429.738    12836.456    13389.789
784  TIM3+F+I+R2   5986.831     230 12433.661    12845.522    13397.905
785  TIM3+F+I+R3   5979.271     232 12422.541    12844.854    13395.169
806  TVMe+I+R2     5970.638     228 12397.276    12798.907    13353.135
807  TVMe+I+R3     5962.217     230 12384.434    12796.295    13348.678
828  TVMe+I+R2     5970.638     228 12397.276    12798.907    13353.135
829  TVMe+I+R3     5962.217     230 12384.434    12796.295    13348.678
850  TVM+I+R2      5970.633     228 12397.267    12798.898    13353.125
851  TVM+I+R3      5962.219     230 12384.437    12796.298    13348.681
872  TVM+F+I+R2    5970.292     231 12402.585    12819.643    13371.021
873  TVM+F+I+R3    5962.531     233 12391.062    12818.686    13367.883
894  SYM+I+R2      5966.663     229 12391.326    12798.044    13351.377
895  SYM+I+R3      5956.563     231 12375.127    12792.185    13343.563
916  SYM+I+R2      5966.663     229 12391.326    12798.044    13351.377
917  SYM+I+R3      5956.563     231 12375.127    12792.185    13343.563
938  GTR+I+R2      5966.655     229 12391.309    12798.027    13351.360
939  GTR+I+R3      5956.545     231 12375.089    12792.148    13343.525
960  GTR+F+I+R2    5966.814     232 12397.628    12819.941    13370.256
961  GTR+F+I+R3    5958.045     234 12384.090    12817.082    13365.103
Akaike Information Criterion:           GTR+I+R3
Corrected Akaike Information Criterion: GTR+I+R3
Bayesian Information Criterion:         GTR+I+R3
Best-fit model: GTR+I+R3 chosen according to BIC

All model information printed to data/packages/ITS/Octaviania/ref.model.gz
CPU time for ModelFinder: 506.293 seconds (0h:8m:26s)
Wall-clock time for ModelFinder: 221.577 seconds (0h:3m:41s)
Generating 1000 samples for ultrafast bootstrap (seed: 194720)...

NOTE: 5 MB RAM (0 GB) is required!
Estimate model parameters (epsilon = 0.100)
1. Initial log-likelihood: -5958.045
Optimal log-likelihood: -5958.034
Rate parameters:  A-C: 1.99561  A-G: 3.35579  A-T: 2.32523  C-G: 1.00362  C-T: 4.76865  G-T: 1.00000
Base frequencies:  A: 0.260  C: 0.195  G: 0.227  T: 0.318
Proportion of invariable sites: 0.264
Site proportion and rates:  (0.492,0.487) (0.182,2.121) (0.063,5.998)
Parameters optimization took 1 rounds (0.052 sec)
Wrote distance file to... 
Computing ML distances based on estimated model parameters...
Calculating distance matrix: done in 0.0168519 secs using 299.9% CPU
Computing ML distances took 0.017140 sec (of wall-clock time) 0.050838 sec (of CPU time)
Setting up auxiliary I and S matrices: done in 0.000427898 secs using 98.15% CPU
Constructing RapidNJ tree: done in 0.00136456 secs using 171.7% CPU
Computing RapidNJ tree took 0.001879 sec (of wall-clock time) 0.002851 sec (of CPU time)
Log-likelihood of RapidNJ tree: -6043.572
--------------------------------------------------------------------
|             INITIALIZING CANDIDATE TREE SET                      |
--------------------------------------------------------------------
Generating 98 parsimony trees... 1.287 second
Computing log-likelihood of 98 initial trees ... 0.770 seconds
Current best score: -5958.034

Do NNI search on 20 best initial trees
Optimizing NNI: done in 0.0935359 secs using 297.5% CPU
Estimate model parameters (epsilon = 0.100)
BETTER TREE FOUND at iteration 1: -5958.027
Optimizing NNI: done in 0.329832 secs using 295.5% CPU
Estimate model parameters (epsilon = 0.100)
BETTER TREE FOUND at iteration 2: -5939.545
Optimizing NNI: done in 0.375165 secs using 296.7% CPU
Optimizing NNI: done in 0.302555 secs using 295% CPU
Optimizing NNI: done in 0.434286 secs using 295.6% CPU
Optimizing NNI: done in 0.368202 secs using 295.2% CPU
Optimizing NNI: done in 0.356563 secs using 296% CPU
Optimizing NNI: done in 0.371163 secs using 295% CPU
Optimizing NNI: done in 0.363887 secs using 295.3% CPU
Optimizing NNI: done in 0.348239 secs using 296.4% CPU
Iteration 10 / LogL: -5955.787 / Time: 0h:3m:47s
Optimizing NNI: done in 0.418085 secs using 293.9% CPU
Optimizing NNI: done in 0.392203 secs using 296% CPU
Optimizing NNI: done in 0.361945 secs using 297.2% CPU
Optimizing NNI: done in 0.385414 secs using 295.6% CPU
Optimizing NNI: done in 0.337515 secs using 293.2% CPU
Optimizing NNI: done in 0.32699 secs using 297.2% CPU
Optimizing NNI: done in 0.388305 secs using 295.1% CPU
Optimizing NNI: done in 0.36078 secs using 295.4% CPU
Optimizing NNI: done in 0.335478 secs using 294.6% CPU
Optimizing NNI: done in 0.382498 secs using 297.3% CPU
Iteration 20 / LogL: -5950.255 / Time: 0h:3m:51s
Finish initializing candidate tree set (20)
Current best tree score: -5939.545 / CPU time: 9.342
Number of iterations: 20
--------------------------------------------------------------------
|               OPTIMIZING CANDIDATE TREE SET                      |
--------------------------------------------------------------------
Optimizing NNI: done in 0.411622 secs using 294.3% CPU
Optimizing NNI: done in 0.328885 secs using 295.5% CPU
Optimizing NNI: done in 0.399386 secs using 295.2% CPU
Optimizing NNI: done in 0.309699 secs using 295% CPU
Optimizing NNI: done in 0.251094 secs using 292.4% CPU
Optimizing NNI: done in 0.319012 secs using 294.4% CPU
BETTER TREE FOUND at iteration 26: -5939.545
Optimizing NNI: done in 0.230637 secs using 291.6% CPU
Optimizing NNI: done in 0.380638 secs using 292.7% CPU
Optimizing NNI: done in 0.478426 secs using 295.5% CPU
Estimate model parameters (epsilon = 0.100)
BETTER TREE FOUND at iteration 29: -5938.424
Optimizing NNI: done in 0.374413 secs using 292% CPU
Iteration 30 / LogL: -5939.265 / Time: 0h:3m:54s (0h:0m:44s left)
Optimizing NNI: done in 0.325796 secs using 294.9% CPU
Optimizing NNI: done in 0.376828 secs using 294.5% CPU
Optimizing NNI: done in 0.316896 secs using 293.8% CPU
Optimizing NNI: done in 0.30415 secs using 294.3% CPU
Optimizing NNI: done in 0.358813 secs using 292.5% CPU
Optimizing NNI: done in 0.407535 secs using 294.7% CPU
Optimizing NNI: done in 0.353969 secs using 292.9% CPU
Optimizing NNI: done in 0.423899 secs using 295.5% CPU
Estimate model parameters (epsilon = 0.100)
BETTER TREE FOUND at iteration 38: -5937.659
Optimizing NNI: done in 0.334783 secs using 295.3% CPU
Optimizing NNI: done in 0.504988 secs using 293.3% CPU
Estimate model parameters (epsilon = 0.100)
BETTER TREE FOUND at iteration 40: -5937.510
Iteration 40 / LogL: -5937.510 / Time: 0h:3m:58s (0h:0m:43s left)
Optimizing NNI: done in 0.359739 secs using 292.3% CPU
Optimizing NNI: done in 0.393111 secs using 295.8% CPU
Optimizing NNI: done in 0.360599 secs using 296.6% CPU
Optimizing NNI: done in 0.308869 secs using 293.6% CPU
Optimizing NNI: done in 0.425676 secs using 292.8% CPU
Optimizing NNI: done in 0.400298 secs using 294% CPU
Estimate model parameters (epsilon = 0.100)
BETTER TREE FOUND at iteration 46: -5937.091
Optimizing NNI: done in 0.306176 secs using 294.3% CPU
Optimizing NNI: done in 0.372318 secs using 296.5% CPU
Optimizing NNI: done in 0.388351 secs using 296.2% CPU
Optimizing NNI: done in 0.367927 secs using 293.2% CPU
Iteration 50 / LogL: -5972.575 / Time: 0h:4m:2s (0h:0m:40s left)
Log-likelihood cutoff on original alignment: -5996.387
Optimizing NNI: done in 0.343224 secs using 294.9% CPU
Optimizing NNI: done in 0.361043 secs using 293.3% CPU
Optimizing NNI: done in 0.282985 secs using 295.1% CPU
Optimizing NNI: done in 0.358922 secs using 294.7% CPU
Optimizing NNI: done in 0.263671 secs using 296.1% CPU
Optimizing NNI: done in 0.535751 secs using 296% CPU
Optimizing NNI: done in 0.439858 secs using 293.8% CPU
BETTER TREE FOUND at iteration 57: -5937.090
Optimizing NNI: done in 0.342679 secs using 295.2% CPU
Optimizing NNI: done in 0.351057 secs using 294.4% CPU
Optimizing NNI: done in 0.426374 secs using 295% CPU
Iteration 60 / LogL: -5946.479 / Time: 0h:4m:6s (0h:0m:41s left)
Optimizing NNI: done in 0.328078 secs using 295.9% CPU
Optimizing NNI: done in 0.504381 secs using 295.2% CPU
Optimizing NNI: done in 0.339178 secs using 294.9% CPU
Optimizing NNI: done in 0.299766 secs using 292.8% CPU
Optimizing NNI: done in 0.355256 secs using 295% CPU
Optimizing NNI: done in 0.378964 secs using 292.5% CPU
Optimizing NNI: done in 0.309064 secs using 294.1% CPU
Optimizing NNI: done in 0.324827 secs using 292.7% CPU
Optimizing NNI: done in 0.322754 secs using 294.9% CPU
Optimizing NNI: done in 0.364638 secs using 294.7% CPU
Iteration 70 / LogL: -5939.358 / Time: 0h:4m:10s (0h:0m:36s left)
Optimizing NNI: done in 0.41861 secs using 295.1% CPU
Optimizing NNI: done in 0.32231 secs using 292.4% CPU
Optimizing NNI: done in 0.341009 secs using 292.6% CPU
Optimizing NNI: done in 0.420335 secs using 293.1% CPU
Optimizing NNI: done in 0.386387 secs using 294.8% CPU
Optimizing NNI: done in 0.234948 secs using 290.8% CPU
Optimizing NNI: done in 0.462887 secs using 293.7% CPU
Optimizing NNI: done in 0.336097 secs using 297.1% CPU
Optimizing NNI: done in 0.459637 secs using 295.9% CPU
Optimizing NNI: done in 0.35546 secs using 295.5% CPU
Iteration 80 / LogL: -5937.480 / Time: 0h:4m:14s (0h:0m:31s left)
Optimizing NNI: done in 0.351666 secs using 294.7% CPU
Optimizing NNI: done in 0.311954 secs using 295.2% CPU
Optimizing NNI: done in 0.33832 secs using 294.8% CPU
Optimizing NNI: done in 0.333002 secs using 292.2% CPU
Optimizing NNI: done in 0.346263 secs using 294.3% CPU
Optimizing NNI: done in 0.422832 secs using 296.4% CPU
Optimizing NNI: done in 0.372917 secs using 294.1% CPU
Optimizing NNI: done in 0.360117 secs using 292.7% CPU
Optimizing NNI: done in 0.264545 secs using 293.8% CPU
Optimizing NNI: done in 0.384954 secs using 294% CPU
Iteration 90 / LogL: -5938.150 / Time: 0h:4m:17s (0h:0m:27s left)
Optimizing NNI: done in 0.348447 secs using 296.3% CPU
Optimizing NNI: done in 0.369078 secs using 292.8% CPU
Optimizing NNI: done in 0.413334 secs using 294.7% CPU
Optimizing NNI: done in 0.37068 secs using 293.1% CPU
Optimizing NNI: done in 0.329392 secs using 295.2% CPU
Optimizing NNI: done in 0.336325 secs using 296.2% CPU
Optimizing NNI: done in 0.261072 secs using 293% CPU
Optimizing NNI: done in 0.369742 secs using 295% CPU
Optimizing NNI: done in 0.292755 secs using 295.3% CPU
Optimizing NNI: done in 0.36672 secs using 294.6% CPU
Iteration 100 / LogL: -5938.314 / Time: 0h:4m:21s (0h:0m:22s left)
Log-likelihood cutoff on original alignment: -5996.387
NOTE: Bootstrap correlation coefficient of split occurrence frequencies: 0.997
Optimizing NNI: done in 0.368339 secs using 293.2% CPU
Optimizing NNI: done in 0.376941 secs using 294.4% CPU
Optimizing NNI: done in 0.299857 secs using 293.8% CPU
Optimizing NNI: done in 0.360035 secs using 294.1% CPU
Optimizing NNI: done in 0.346858 secs using 294% CPU
Optimizing NNI: done in 0.382087 secs using 294.9% CPU
Optimizing NNI: done in 0.325729 secs using 291.2% CPU
Optimizing NNI: done in 0.475953 secs using 296.5% CPU
Optimizing NNI: done in 0.324345 secs using 293.6% CPU
Optimizing NNI: done in 0.406676 secs using 295.4% CPU
Iteration 110 / LogL: -5937.483 / Time: 0h:4m:25s (0h:0m:36s left)
Optimizing NNI: done in 0.414902 secs using 296.6% CPU
Optimizing NNI: done in 0.220973 secs using 292.5% CPU
Optimizing NNI: done in 0.329985 secs using 295.1% CPU
Optimizing NNI: done in 0.376957 secs using 294.9% CPU
Optimizing NNI: done in 0.416192 secs using 294.1% CPU
Optimizing NNI: done in 0.363422 secs using 294.7% CPU
Optimizing NNI: done in 0.320739 secs using 291.4% CPU
Optimizing NNI: done in 0.332563 secs using 295.7% CPU
Optimizing NNI: done in 0.352841 secs using 294.1% CPU
Optimizing NNI: done in 0.42795 secs using 294.1% CPU
Iteration 120 / LogL: -5941.978 / Time: 0h:4m:29s (0h:0m:31s left)
Optimizing NNI: done in 0.288446 secs using 291.7% CPU
Optimizing NNI: done in 0.333493 secs using 297.6% CPU
Optimizing NNI: done in 0.418688 secs using 294.3% CPU
Optimizing NNI: done in 0.30972 secs using 296.5% CPU
Optimizing NNI: done in 0.334895 secs using 291.6% CPU
Optimizing NNI: done in 0.355954 secs using 295.4% CPU
Optimizing NNI: done in 0.365263 secs using 295.4% CPU
Optimizing NNI: done in 0.41139 secs using 294.4% CPU
Optimizing NNI: done in 0.363531 secs using 294.6% CPU
Optimizing NNI: done in 0.290393 secs using 291.8% CPU
Iteration 130 / LogL: -5937.483 / Time: 0h:4m:32s (0h:0m:27s left)
Optimizing NNI: done in 0.30891 secs using 294.9% CPU
Optimizing NNI: done in 0.319659 secs using 294.6% CPU
Optimizing NNI: done in 0.387773 secs using 294.4% CPU
Optimizing NNI: done in 0.367069 secs using 295.5% CPU
Optimizing NNI: done in 0.373094 secs using 294% CPU
Optimizing NNI: done in 0.377503 secs using 297.6% CPU
Optimizing NNI: done in 0.331358 secs using 293.7% CPU
Optimizing NNI: done in 0.376157 secs using 294.5% CPU
Optimizing NNI: done in 0.360196 secs using 295.4% CPU
BETTER TREE FOUND at iteration 139: -5937.090
Optimizing NNI: done in 0.409506 secs using 293.6% CPU
Iteration 140 / LogL: -5937.485 / Time: 0h:4m:36s (0h:0m:39s left)
Optimizing NNI: done in 0.3575 secs using 294.9% CPU
Optimizing NNI: done in 0.389189 secs using 295.4% CPU
BETTER TREE FOUND at iteration 142: -5937.088
Optimizing NNI: done in 0.390137 secs using 294.7% CPU
Optimizing NNI: done in 0.390213 secs using 295.2% CPU
Optimizing NNI: done in 0.283476 secs using 293.4% CPU
Optimizing NNI: done in 0.354611 secs using 293.1% CPU
Estimate model parameters (epsilon = 0.100)
BETTER TREE FOUND at iteration 146: -5933.320
Optimizing NNI: done in 0.294703 secs using 295.5% CPU
Optimizing NNI: done in 0.463304 secs using 294.2% CPU
Optimizing NNI: done in 0.403902 secs using 294.8% CPU
Optimizing NNI: done in 0.296098 secs using 292.2% CPU
Iteration 150 / LogL: -5939.465 / Time: 0h:4m:40s (0h:0m:37s left)
Log-likelihood cutoff on original alignment: -5996.387
Optimizing NNI: done in 0.379918 secs using 293.9% CPU
Optimizing NNI: done in 0.377841 secs using 296.3% CPU
Optimizing NNI: done in 0.161809 secs using 291.2% CPU
Optimizing NNI: done in 0.374869 secs using 294.4% CPU
Optimizing NNI: done in 0.342389 secs using 295% CPU
Optimizing NNI: done in 0.320358 secs using 294.8% CPU
Optimizing NNI: done in 0.399956 secs using 294.2% CPU
Optimizing NNI: done in 0.315871 secs using 294.4% CPU
Optimizing NNI: done in 0.431482 secs using 294.1% CPU
Optimizing NNI: done in 0.312869 secs using 294.3% CPU
Iteration 160 / LogL: -5955.157 / Time: 0h:4m:44s (0h:0m:33s left)
Optimizing NNI: done in 0.291626 secs using 293.8% CPU
Optimizing NNI: done in 0.376864 secs using 294.4% CPU
Optimizing NNI: done in 0.443536 secs using 295.2% CPU
Estimate model parameters (epsilon = 0.100)
BETTER TREE FOUND at iteration 163: -5933.258
Optimizing NNI: done in 0.438537 secs using 294.8% CPU
Optimizing NNI: done in 0.353677 secs using 293.8% CPU
Optimizing NNI: done in 0.346069 secs using 294.5% CPU
Optimizing NNI: done in 0.33565 secs using 295.1% CPU
Optimizing NNI: done in 0.241954 secs using 292.3% CPU
Optimizing NNI: done in 0.299981 secs using 292.4% CPU
Optimizing NNI: done in 0.469498 secs using 293.9% CPU
Iteration 170 / LogL: -5933.305 / Time: 0h:4m:47s (0h:0m:36s left)
Optimizing NNI: done in 0.417833 secs using 295.5% CPU
Optimizing NNI: done in 0.373479 secs using 293.5% CPU
Optimizing NNI: done in 0.515341 secs using 294.3% CPU
Optimizing NNI: done in 0.37436 secs using 292.5% CPU
Optimizing NNI: done in 0.348338 secs using 294% CPU
BETTER TREE FOUND at iteration 175: -5933.257
Optimizing NNI: done in 0.328813 secs using 293.4% CPU
Optimizing NNI: done in 0.38164 secs using 295.1% CPU
Optimizing NNI: done in 0.423699 secs using 296% CPU
Optimizing NNI: done in 0.268775 secs using 295% CPU
Optimizing NNI: done in 0.350202 secs using 294.7% CPU
Iteration 180 / LogL: -5933.305 / Time: 0h:4m:51s (0h:0m:37s left)
Optimizing NNI: done in 0.445276 secs using 294.8% CPU
Optimizing NNI: done in 0.440225 secs using 296.2% CPU
Optimizing NNI: done in 0.277224 secs using 294.1% CPU
Optimizing NNI: done in 0.309206 secs using 295% CPU
Optimizing NNI: done in 0.284477 secs using 293.4% CPU
Optimizing NNI: done in 0.33759 secs using 294.6% CPU
Optimizing NNI: done in 0.380945 secs using 292.5% CPU
Optimizing NNI: done in 0.340421 secs using 295.3% CPU
Optimizing NNI: done in 0.313042 secs using 295.5% CPU
Optimizing NNI: done in 0.284502 secs using 295.7% CPU
Iteration 190 / LogL: -5933.307 / Time: 0h:4m:55s (0h:0m:33s left)
Optimizing NNI: done in 0.377813 secs using 295% CPU
Optimizing NNI: done in 0.397871 secs using 294% CPU
Optimizing NNI: done in 0.372704 secs using 291.8% CPU
Optimizing NNI: done in 0.309369 secs using 295.8% CPU
Optimizing NNI: done in 0.529368 secs using 294.1% CPU
Optimizing NNI: done in 0.395173 secs using 297% CPU
Optimizing NNI: done in 0.258225 secs using 290.8% CPU
Optimizing NNI: done in 0.431042 secs using 295.3% CPU
Optimizing NNI: done in 0.379746 secs using 294.3% CPU
Optimizing NNI: done in 0.434205 secs using 294.7% CPU
Iteration 200 / LogL: -5942.906 / Time: 0h:4m:59s (0h:0m:29s left)
Log-likelihood cutoff on original alignment: -5996.387
NOTE: Bootstrap correlation coefficient of split occurrence frequencies: 0.987
NOTE: UFBoot does not converge, continue at least 100 more iterations
Optimizing NNI: done in 0.410077 secs using 293.6% CPU
Optimizing NNI: done in 0.260974 secs using 294% CPU
Optimizing NNI: done in 0.344222 secs using 293.2% CPU
Optimizing NNI: done in 0.397908 secs using 293.4% CPU
Optimizing NNI: done in 0.407501 secs using 294% CPU
Optimizing NNI: done in 0.371259 secs using 293.5% CPU
Optimizing NNI: done in 0.314795 secs using 292.2% CPU
Optimizing NNI: done in 0.301054 secs using 294% CPU
BETTER TREE FOUND at iteration 208: -5933.256
Optimizing NNI: done in 0.261452 secs using 292.8% CPU
BETTER TREE FOUND at iteration 209: -5933.254
Optimizing NNI: done in 0.475059 secs using 295.4% CPU
Iteration 210 / LogL: -5933.258 / Time: 0h:5m:3s (0h:0m:38s left)
Optimizing NNI: done in 0.472692 secs using 292.6% CPU
Optimizing NNI: done in 0.303865 secs using 294.8% CPU
Optimizing NNI: done in 0.414357 secs using 294.9% CPU
Optimizing NNI: done in 0.268936 secs using 293% CPU
Optimizing NNI: done in 0.452362 secs using 295.1% CPU
Optimizing NNI: done in 0.341325 secs using 295.1% CPU
Optimizing NNI: done in 0.341892 secs using 295.3% CPU
Optimizing NNI: done in 0.394511 secs using 297.1% CPU
Optimizing NNI: done in 0.416032 secs using 296.5% CPU
Optimizing NNI: done in 0.430258 secs using 296.3% CPU
Iteration 220 / LogL: -5933.307 / Time: 0h:5m:7s (0h:0m:34s left)
Optimizing NNI: done in 0.335389 secs using 294.7% CPU
Optimizing NNI: done in 0.398137 secs using 295.3% CPU
Optimizing NNI: done in 0.317176 secs using 293.8% CPU
Optimizing NNI: done in 0.120183 secs using 291% CPU
Optimizing NNI: done in 0.443208 secs using 293.7% CPU
Optimizing NNI: done in 0.214779 secs using 292% CPU
Optimizing NNI: done in 0.221204 secs using 294.1% CPU
Optimizing NNI: done in 0.391158 secs using 295.3% CPU
Optimizing NNI: done in 0.323367 secs using 293.9% CPU
Optimizing NNI: done in 0.289371 secs using 294.6% CPU
Iteration 230 / LogL: -5933.323 / Time: 0h:5m:10s (0h:0m:30s left)
Optimizing NNI: done in 0.293705 secs using 294.1% CPU
Optimizing NNI: done in 0.347337 secs using 294.3% CPU
Optimizing NNI: done in 0.457041 secs using 296.4% CPU
Optimizing NNI: done in 0.361359 secs using 293.9% CPU
Optimizing NNI: done in 0.435615 secs using 296% CPU
Optimizing NNI: done in 0.347414 secs using 296.5% CPU
Optimizing NNI: done in 0.375408 secs using 294.4% CPU
Optimizing NNI: done in 0.318317 secs using 293.2% CPU
Optimizing NNI: done in 0.320041 secs using 295.2% CPU
Optimizing NNI: done in 0.476132 secs using 295.6% CPU
Iteration 240 / LogL: -5933.306 / Time: 0h:5m:14s (0h:0m:26s left)
Optimizing NNI: done in 0.362011 secs using 294.2% CPU
Optimizing NNI: done in 0.444125 secs using 294.5% CPU
Optimizing NNI: done in 0.386903 secs using 295.3% CPU
Optimizing NNI: done in 0.385857 secs using 297.1% CPU
Optimizing NNI: done in 0.350147 secs using 296.4% CPU
Optimizing NNI: done in 0.292041 secs using 293.1% CPU
Optimizing NNI: done in 0.512011 secs using 292.5% CPU
Optimizing NNI: done in 0.446693 secs using 294.5% CPU
Optimizing NNI: done in 0.340668 secs using 294.9% CPU
Optimizing NNI: done in 0.393853 secs using 293.9% CPU
Iteration 250 / LogL: -5933.784 / Time: 0h:5m:18s (0h:0m:23s left)
Log-likelihood cutoff on original alignment: -5996.387
Optimizing NNI: done in 0.425616 secs using 294.5% CPU
Optimizing NNI: done in 0.451515 secs using 294.4% CPU
Optimizing NNI: done in 0.300803 secs using 294.8% CPU
Optimizing NNI: done in 0.436871 secs using 296.5% CPU
Optimizing NNI: done in 0.378138 secs using 293.8% CPU
Optimizing NNI: done in 0.29188 secs using 295% CPU
Optimizing NNI: done in 0.405357 secs using 294.3% CPU
Optimizing NNI: done in 0.34994 secs using 294% CPU
Optimizing NNI: done in 0.387935 secs using 294.6% CPU
Optimizing NNI: done in 0.340264 secs using 295.1% CPU
Iteration 260 / LogL: -5934.534 / Time: 0h:5m:23s (0h:0m:19s left)
Optimizing NNI: done in 0.38684 secs using 292.8% CPU
Optimizing NNI: done in 0.302616 secs using 295.6% CPU
BETTER TREE FOUND at iteration 262: -5933.254
Optimizing NNI: done in 0.417265 secs using 296.4% CPU
Optimizing NNI: done in 0.375728 secs using 295.6% CPU
Optimizing NNI: done in 0.375123 secs using 295.1% CPU
Optimizing NNI: done in 0.30978 secs using 292.1% CPU
Optimizing NNI: done in 0.317478 secs using 294.7% CPU
Optimizing NNI: done in 0.414344 secs using 294.9% CPU
Optimizing NNI: done in 0.381094 secs using 295.2% CPU
Optimizing NNI: done in 0.307121 secs using 295.7% CPU
BETTER TREE FOUND at iteration 270: -5933.254
Iteration 270 / LogL: -5933.254 / Time: 0h:5m:26s (0h:0m:39s left)
Optimizing NNI: done in 0.339846 secs using 294.4% CPU
Optimizing NNI: done in 0.368172 secs using 295.2% CPU
Optimizing NNI: done in 0.240996 secs using 295.5% CPU
Optimizing NNI: done in 0.370857 secs using 292.8% CPU
Optimizing NNI: done in 0.343532 secs using 291.2% CPU
Optimizing NNI: done in 0.404329 secs using 295.8% CPU
Optimizing NNI: done in 0.341198 secs using 295.1% CPU
Optimizing NNI: done in 0.333089 secs using 294.2% CPU
Optimizing NNI: done in 0.404875 secs using 292.8% CPU
Optimizing NNI: done in 0.358865 secs using 292.7% CPU
Iteration 280 / LogL: -5934.794 / Time: 0h:5m:30s (0h:0m:35s left)
Optimizing NNI: done in 0.368684 secs using 293.1% CPU
Optimizing NNI: done in 0.323401 secs using 295.3% CPU
Optimizing NNI: done in 0.343334 secs using 294.2% CPU
Optimizing NNI: done in 0.393049 secs using 296% CPU
Optimizing NNI: done in 0.340141 secs using 295.2% CPU
Optimizing NNI: done in 0.274276 secs using 295.1% CPU
Optimizing NNI: done in 0.343258 secs using 296% CPU
Optimizing NNI: done in 0.34515 secs using 293.8% CPU
Optimizing NNI: done in 0.452332 secs using 292.9% CPU
Optimizing NNI: done in 0.313973 secs using 292.7% CPU
Iteration 290 / LogL: -5933.337 / Time: 0h:5m:34s (0h:0m:31s left)
Optimizing NNI: done in 0.282416 secs using 293.4% CPU
Optimizing NNI: done in 0.43521 secs using 294.5% CPU
Optimizing NNI: done in 0.212718 secs using 290.5% CPU
Optimizing NNI: done in 0.409841 secs using 295.6% CPU
Optimizing NNI: done in 0.341146 secs using 292.8% CPU
Optimizing NNI: done in 0.316472 secs using 297.1% CPU
Optimizing NNI: done in 0.319354 secs using 292.5% CPU
Optimizing NNI: done in 0.374602 secs using 295.3% CPU
Optimizing NNI: done in 0.34767 secs using 295.4% CPU
Optimizing NNI: done in 0.366624 secs using 293.8% CPU
Iteration 300 / LogL: -5933.731 / Time: 0h:5m:37s (0h:0m:27s left)
Log-likelihood cutoff on original alignment: -5996.387
NOTE: Bootstrap correlation coefficient of split occurrence frequencies: 0.991
Optimizing NNI: done in 0.477644 secs using 293.5% CPU
Optimizing NNI: done in 0.557746 secs using 295.8% CPU
Optimizing NNI: done in 0.581459 secs using 293.8% CPU
Optimizing NNI: done in 0.49539 secs using 292.2% CPU
Optimizing NNI: done in 0.477349 secs using 290% CPU
Optimizing NNI: done in 0.518599 secs using 294.4% CPU
Optimizing NNI: done in 0.491488 secs using 294.4% CPU
Optimizing NNI: done in 0.511661 secs using 296.3% CPU
Optimizing NNI: done in 0.50301 secs using 294.5% CPU
Optimizing NNI: done in 0.579661 secs using 294.3% CPU
Iteration 310 / LogL: -5934.300 / Time: 0h:5m:43s (0h:0m:35s left)
Optimizing NNI: done in 0.662763 secs using 294.3% CPU
Optimizing NNI: done in 0.419659 secs using 296% CPU
Optimizing NNI: done in 0.313508 secs using 296.2% CPU
Optimizing NNI: done in 0.57479 secs using 296.1% CPU
Optimizing NNI: done in 0.46923 secs using 293.8% CPU
Optimizing NNI: done in 0.569935 secs using 294.9% CPU
Optimizing NNI: done in 0.381091 secs using 294.9% CPU
Optimizing NNI: done in 0.455558 secs using 295% CPU
Optimizing NNI: done in 0.596808 secs using 295% CPU
Optimizing NNI: done in 0.487115 secs using 295.1% CPU
Iteration 320 / LogL: -5933.254 / Time: 0h:5m:48s (0h:0m:31s left)
Optimizing NNI: done in 0.730924 secs using 295.7% CPU
Optimizing NNI: done in 0.428313 secs using 295.5% CPU
Optimizing NNI: done in 0.497367 secs using 294.1% CPU
Optimizing NNI: done in 0.58621 secs using 295.5% CPU
Optimizing NNI: done in 0.595204 secs using 296.7% CPU
Optimizing NNI: done in 0.645658 secs using 295% CPU
Optimizing NNI: done in 0.573414 secs using 294.8% CPU
Optimizing NNI: done in 0.542109 secs using 296.3% CPU
Optimizing NNI: done in 0.515799 secs using 296.7% CPU
Optimizing NNI: done in 0.61546 secs using 294% CPU
Iteration 330 / LogL: -5938.201 / Time: 0h:5m:54s (0h:0m:28s left)
Optimizing NNI: done in 0.42655 secs using 292.9% CPU
Optimizing NNI: done in 0.451625 secs using 296.7% CPU
Optimizing NNI: done in 0.530745 secs using 296% CPU
Optimizing NNI: done in 0.512155 secs using 293.1% CPU
Optimizing NNI: done in 0.352508 secs using 295.1% CPU
Optimizing NNI: done in 0.392118 secs using 293.2% CPU
Optimizing NNI: done in 0.421824 secs using 296.2% CPU
Optimizing NNI: done in 0.390083 secs using 295.7% CPU
Optimizing NNI: done in 0.276591 secs using 290.9% CPU
Optimizing NNI: done in 0.36924 secs using 295.5% CPU
Iteration 340 / LogL: -5933.257 / Time: 0h:5m:59s (0h:0m:24s left)
Optimizing NNI: done in 0.315395 secs using 294.7% CPU
Optimizing NNI: done in 0.38595 secs using 293.7% CPU
Optimizing NNI: done in 0.407091 secs using 295.4% CPU
Optimizing NNI: done in 0.309303 secs using 294.6% CPU
Optimizing NNI: done in 0.277441 secs using 294.7% CPU
Optimizing NNI: done in 0.323385 secs using 294.7% CPU
Optimizing NNI: done in 0.401211 secs using 294.1% CPU
Optimizing NNI: done in 0.320292 secs using 296.7% CPU
Optimizing NNI: done in 0.345503 secs using 293.3% CPU
Optimizing NNI: done in 0.372167 secs using 295% CPU
Iteration 350 / LogL: -5933.256 / Time: 0h:6m:3s (0h:0m:20s left)
Log-likelihood cutoff on original alignment: -5996.387
Optimizing NNI: done in 0.346175 secs using 294.6% CPU
Optimizing NNI: done in 0.417602 secs using 293.6% CPU
Optimizing NNI: done in 0.323997 secs using 294.1% CPU
Optimizing NNI: done in 0.358972 secs using 293% CPU
Optimizing NNI: done in 0.479603 secs using 293.1% CPU
BETTER TREE FOUND at iteration 355: -5933.254
Optimizing NNI: done in 0.288903 secs using 293.4% CPU
Optimizing NNI: done in 0.374971 secs using 296.2% CPU
Optimizing NNI: done in 0.36732 secs using 296.2% CPU
Optimizing NNI: done in 0.345025 secs using 296.2% CPU
Optimizing NNI: done in 0.265215 secs using 295.3% CPU
Iteration 360 / LogL: -5960.593 / Time: 0h:6m:7s (0h:0m:38s left)
Optimizing NNI: done in 0.399519 secs using 294.4% CPU
Optimizing NNI: done in 0.313074 secs using 293.2% CPU
Optimizing NNI: done in 0.439716 secs using 294.6% CPU
Optimizing NNI: done in 0.310003 secs using 295.4% CPU
Optimizing NNI: done in 0.367149 secs using 293.3% CPU
Optimizing NNI: done in 0.305697 secs using 295.6% CPU
Optimizing NNI: done in 0.41168 secs using 295.2% CPU
Optimizing NNI: done in 0.389879 secs using 292.3% CPU
Optimizing NNI: done in 0.354085 secs using 295.1% CPU
Optimizing NNI: done in 0.377531 secs using 295.7% CPU
Iteration 370 / LogL: -5933.971 / Time: 0h:6m:11s (0h:0m:34s left)
Optimizing NNI: done in 0.350034 secs using 293.9% CPU
Optimizing NNI: done in 0.516978 secs using 295.6% CPU
Optimizing NNI: done in 0.386236 secs using 296.4% CPU
Optimizing NNI: done in 0.463581 secs using 295.1% CPU
Optimizing NNI: done in 0.352837 secs using 296.1% CPU
Optimizing NNI: done in 0.284938 secs using 293.7% CPU
Optimizing NNI: done in 0.309922 secs using 297.8% CPU
Optimizing NNI: done in 0.279309 secs using 293.7% CPU
Optimizing NNI: done in 0.353373 secs using 294.6% CPU
Optimizing NNI: done in 0.254562 secs using 292.6% CPU
Iteration 380 / LogL: -5933.258 / Time: 0h:6m:14s (0h:0m:30s left)
Optimizing NNI: done in 0.307763 secs using 294.2% CPU
Optimizing NNI: done in 0.326347 secs using 293.6% CPU
Optimizing NNI: done in 0.379003 secs using 294.9% CPU
Optimizing NNI: done in 0.302773 secs using 292.2% CPU
Optimizing NNI: done in 0.320437 secs using 295% CPU
Optimizing NNI: done in 0.32981 secs using 294% CPU
Optimizing NNI: done in 0.360739 secs using 295.1% CPU
BETTER TREE FOUND at iteration 387: -5933.253
Optimizing NNI: done in 0.368998 secs using 295.3% CPU
Optimizing NNI: done in 0.311277 secs using 296.9% CPU
Optimizing NNI: done in 0.272726 secs using 290.2% CPU
Iteration 390 / LogL: -5999.035 / Time: 0h:6m:18s (0h:0m:39s left)
Optimizing NNI: done in 0.409777 secs using 295.4% CPU
Optimizing NNI: done in 0.44184 secs using 294.1% CPU
Optimizing NNI: done in 0.417339 secs using 293.7% CPU
Optimizing NNI: done in 0.343205 secs using 295.5% CPU
Optimizing NNI: done in 0.330384 secs using 294.3% CPU
Optimizing NNI: done in 0.479293 secs using 294.1% CPU
Optimizing NNI: done in 0.358489 secs using 292.1% CPU
Optimizing NNI: done in 0.370963 secs using 293.7% CPU
Optimizing NNI: done in 0.345186 secs using 293.8% CPU
Optimizing NNI: done in 0.340737 secs using 292.2% CPU
Iteration 400 / LogL: -5934.311 / Time: 0h:6m:22s (0h:0m:35s left)
Log-likelihood cutoff on original alignment: -5996.387
NOTE: Bootstrap correlation coefficient of split occurrence frequencies: 0.995
Optimizing NNI: done in 0.296133 secs using 293.1% CPU
Optimizing NNI: done in 0.503977 secs using 296.1% CPU
Optimizing NNI: done in 0.370336 secs using 295.1% CPU
Optimizing NNI: done in 0.282021 secs using 293.6% CPU
Optimizing NNI: done in 0.372041 secs using 293.7% CPU
Optimizing NNI: done in 0.291371 secs using 296.7% CPU
Optimizing NNI: done in 0.481553 secs using 293.6% CPU
Optimizing NNI: done in 0.392942 secs using 294.3% CPU
Optimizing NNI: done in 0.275825 secs using 290.4% CPU
Optimizing NNI: done in 0.359381 secs using 296.6% CPU
Iteration 410 / LogL: -5933.481 / Time: 0h:6m:26s (0h:0m:36s left)
Optimizing NNI: done in 0.462224 secs using 293% CPU
Optimizing NNI: done in 0.353382 secs using 294.9% CPU
Optimizing NNI: done in 0.358082 secs using 292.9% CPU
Optimizing NNI: done in 0.32454 secs using 295% CPU
Optimizing NNI: done in 0.264546 secs using 294.3% CPU
Optimizing NNI: done in 0.326649 secs using 296.2% CPU
Optimizing NNI: done in 0.409418 secs using 295.5% CPU
Optimizing NNI: done in 0.272125 secs using 293.3% CPU
Optimizing NNI: done in 0.376671 secs using 294.1% CPU
Optimizing NNI: done in 0.351822 secs using 293.5% CPU
Iteration 420 / LogL: -5933.732 / Time: 0h:6m:30s (0h:0m:32s left)
Optimizing NNI: done in 0.367073 secs using 293.3% CPU
Optimizing NNI: done in 0.367311 secs using 295.6% CPU
Optimizing NNI: done in 0.280161 secs using 293.4% CPU
Optimizing NNI: done in 0.32386 secs using 294.2% CPU
Optimizing NNI: done in 0.267613 secs using 293.2% CPU
Optimizing NNI: done in 0.382434 secs using 295.7% CPU
Optimizing NNI: done in 0.382866 secs using 296.3% CPU
Optimizing NNI: done in 0.412426 secs using 291.9% CPU
Optimizing NNI: done in 0.378045 secs using 296.2% CPU
Optimizing NNI: done in 0.330269 secs using 294.9% CPU
Iteration 430 / LogL: -5933.730 / Time: 0h:6m:34s (0h:0m:28s left)
Optimizing NNI: done in 0.306247 secs using 294.3% CPU
Optimizing NNI: done in 0.314908 secs using 293.7% CPU
Optimizing NNI: done in 0.360655 secs using 294.8% CPU
Optimizing NNI: done in 0.400215 secs using 294.7% CPU
Optimizing NNI: done in 0.329327 secs using 294.6% CPU
Optimizing NNI: done in 0.426042 secs using 295.7% CPU
Optimizing NNI: done in 0.593568 secs using 296.3% CPU
Optimizing NNI: done in 0.511117 secs using 297.5% CPU
Optimizing NNI: done in 0.554671 secs using 296.7% CPU
Optimizing NNI: done in 0.501129 secs using 296.2% CPU
Iteration 440 / LogL: -5967.198 / Time: 0h:6m:39s (0h:0m:24s left)
Optimizing NNI: done in 0.482619 secs using 296.7% CPU
Optimizing NNI: done in 0.444908 secs using 295% CPU
Optimizing NNI: done in 0.535456 secs using 293.9% CPU
Optimizing NNI: done in 0.40852 secs using 294.5% CPU
Optimizing NNI: done in 0.448754 secs using 295.5% CPU
Optimizing NNI: done in 0.475591 secs using 295.4% CPU
Optimizing NNI: done in 0.675101 secs using 295.8% CPU
Optimizing NNI: done in 0.631541 secs using 296% CPU
Optimizing NNI: done in 0.529012 secs using 294.9% CPU
Optimizing NNI: done in 0.474078 secs using 297.1% CPU
Iteration 450 / LogL: -5933.453 / Time: 0h:6m:44s (0h:0m:20s left)
Log-likelihood cutoff on original alignment: -5996.387
Optimizing NNI: done in 0.555218 secs using 295.4% CPU
Optimizing NNI: done in 0.58185 secs using 296.1% CPU
Optimizing NNI: done in 0.620518 secs using 294.7% CPU
Optimizing NNI: done in 0.462719 secs using 295.2% CPU
Optimizing NNI: done in 0.700044 secs using 295.5% CPU
Optimizing NNI: done in 0.514635 secs using 295.3% CPU
Optimizing NNI: done in 0.520507 secs using 294.8% CPU
Optimizing NNI: done in 0.364337 secs using 294.8% CPU
Optimizing NNI: done in 0.59463 secs using 293.9% CPU
Optimizing NNI: done in 0.528191 secs using 294.8% CPU
Iteration 460 / LogL: -5933.256 / Time: 0h:6m:50s (0h:0m:16s left)
Optimizing NNI: done in 0.475286 secs using 293.9% CPU
Optimizing NNI: done in 0.484449 secs using 296.4% CPU
Optimizing NNI: done in 0.512275 secs using 294.9% CPU
Optimizing NNI: done in 0.589711 secs using 295.9% CPU
Optimizing NNI: done in 0.469376 secs using 295% CPU
Optimizing NNI: done in 0.544176 secs using 295.2% CPU
Optimizing NNI: done in 0.515982 secs using 295.6% CPU
Optimizing NNI: done in 0.414143 secs using 295.5% CPU
Optimizing NNI: done in 0.485544 secs using 295.7% CPU
Optimizing NNI: done in 0.58177 secs using 295.3% CPU
Iteration 470 / LogL: -5955.596 / Time: 0h:6m:56s (0h:0m:12s left)
Optimizing NNI: done in 0.493722 secs using 295.3% CPU
Optimizing NNI: done in 0.49376 secs using 295.5% CPU
Optimizing NNI: done in 0.559822 secs using 296.5% CPU
Optimizing NNI: done in 0.41456 secs using 293.8% CPU
Optimizing NNI: done in 0.424081 secs using 294.2% CPU
Optimizing NNI: done in 0.496967 secs using 293.9% CPU
Optimizing NNI: done in 0.595461 secs using 296.2% CPU
Optimizing NNI: done in 0.583981 secs using 295.7% CPU
Optimizing NNI: done in 0.484703 secs using 295.5% CPU
Optimizing NNI: done in 0.51019 secs using 296.7% CPU
Iteration 480 / LogL: -5933.256 / Time: 0h:7m:1s (0h:0m:8s left)
Optimizing NNI: done in 0.486947 secs using 295.4% CPU
Optimizing NNI: done in 0.539422 secs using 295.3% CPU
Optimizing NNI: done in 0.467666 secs using 295.1% CPU
Optimizing NNI: done in 0.550128 secs using 295.5% CPU
Optimizing NNI: done in 0.540625 secs using 294.5% CPU
Optimizing NNI: done in 0.343013 secs using 296.8% CPU
Optimizing NNI: done in 0.531852 secs using 295.4% CPU
Optimizing NNI: done in 0.837521 secs using 296.1% CPU
TREE SEARCH COMPLETED AFTER 488 ITERATIONS / Time: 0h:7m:6s

--------------------------------------------------------------------
|                    FINALIZING TREE SEARCH                        |
--------------------------------------------------------------------
Performs final model parameters optimization
Estimate model parameters (epsilon = 0.010)
1. Initial log-likelihood: -5933.253
2. Current log-likelihood: -5933.228
3. Current log-likelihood: -5933.207
4. Current log-likelihood: -5933.191
5. Current log-likelihood: -5933.177
6. Current log-likelihood: -5933.166
Optimal log-likelihood: -5933.156
Rate parameters:  A-C: 2.06254  A-G: 3.49777  A-T: 2.44931  C-G: 1.04514  C-T: 5.12310  G-T: 1.00000
Base frequencies:  A: 0.260  C: 0.195  G: 0.227  T: 0.318
Proportion of invariable sites: 0.259
Site proportion and rates:  (0.441,0.443) (0.209,1.524) (0.090,5.379)
Parameters optimization took 6 rounds (0.362 sec)
BEST SCORE FOUND : -5933.156
Creating bootstrap support values...
Split supports printed to NEXUS file data/packages/ITS/Octaviania/ref.splits.nex
Total tree length: 5.700

Total number of iterations: 488
CPU time used for tree search: 577.034 sec (0h:9m:37s)
Wall-clock time used for tree search: 204.331 sec (0h:3m:24s)
Total CPU time used: 1085.121 sec (0h:18m:5s)
Total wall-clock time used: 426.749 sec (0h:7m:6s)

Computing bootstrap consensus tree...
Reading input file data/packages/ITS/Octaviania/ref.splits.nex...
112 taxa and 1073 splits.
Consensus tree written to data/packages/ITS/Octaviania/ref.contree
Reading input trees file data/packages/ITS/Octaviania/ref.contree
Log-likelihood of consensus tree: -5933.184

Analysis results written to: 
  IQ-TREE report:                data/packages/ITS/Octaviania/ref.iqtree
  Maximum-likelihood tree:       data/packages/ITS/Octaviania/ref.treefile
  Likelihood distances:          data/packages/ITS/Octaviania/ref.mldist

Ultrafast bootstrap approximation results written to:
  Split support values:          data/packages/ITS/Octaviania/ref.splits.nex
  Consensus tree:                data/packages/ITS/Octaviania/ref.contree
  Screen log file:               data/packages/ITS/Octaviania/ref.log

Date and Time: Mon Aug 18 18:37:56 2025
